#! /usr/local/Cellar/icarus-verilog/11.0/bin/vvp
:ivl_version "11.0 (stable)";
:ivl_delay_selection "TYPICAL";
:vpi_time_precision - 9;
:vpi_module "/usr/local/Cellar/icarus-verilog/11.0/lib/ivl/system.vpi";
:vpi_module "/usr/local/Cellar/icarus-verilog/11.0/lib/ivl/vhdl_sys.vpi";
:vpi_module "/usr/local/Cellar/icarus-verilog/11.0/lib/ivl/vhdl_textio.vpi";
:vpi_module "/usr/local/Cellar/icarus-verilog/11.0/lib/ivl/v2005_math.vpi";
:vpi_module "/usr/local/Cellar/icarus-verilog/11.0/lib/ivl/va_math.vpi";
S_0x7fde83c04880 .scope module, "tb" "tb" 2 9;
 .timescale -9 -9;
v0x7fde83c2b0e0_0 .var "a_in", 0 0;
v0x7fde83c2b180_0 .var "clock", 0 0;
v0x7fde83c2b230_0 .var/i "idx", 31 0;
v0x7fde83c2b2e0_0 .var "reset", 0 0;
v0x7fde83c2b390_0 .net "wxyz", 3 0, v0x7fde83c2aff0_0;  1 drivers
S_0x7fde83c093e0 .scope module, "DUT" "seqGen" 2 17, 2 70 0, S_0x7fde83c04880;
 .timescale -9 -9;
    .port_info 0 /OUTPUT 4 "wxyz";
    .port_info 1 /INPUT 1 "a_in";
    .port_info 2 /INPUT 1 "reset";
    .port_info 3 /INPUT 1 "clock";
P_0x7fde84003400 .param/l "clear" 0 2 87, C4<0000>;
P_0x7fde84003440 .param/l "eight" 0 2 93, C4<1000>;
P_0x7fde84003480 .param/l "four" 0 2 91, C4<0100>;
P_0x7fde840034c0 .param/l "nine" 0 2 94, C4<1001>;
P_0x7fde84003500 .param/l "one" 0 2 88, C4<0001>;
P_0x7fde84003540 .param/l "s0" 0 2 77, C4<0000>;
P_0x7fde84003580 .param/l "s1" 0 2 78, C4<0001>;
P_0x7fde840035c0 .param/l "s2" 0 2 79, C4<0010>;
P_0x7fde84003600 .param/l "s3" 0 2 80, C4<0011>;
P_0x7fde84003640 .param/l "s4" 0 2 81, C4<0100>;
P_0x7fde84003680 .param/l "s5" 0 2 82, C4<0101>;
P_0x7fde840036c0 .param/l "s6" 0 2 83, C4<0110>;
P_0x7fde84003700 .param/l "s7" 0 2 84, C4<0111>;
P_0x7fde84003740 .param/l "s8" 0 2 85, C4<1000>;
P_0x7fde84003780 .param/l "six" 0 2 92, C4<0110>;
P_0x7fde840037c0 .param/l "three" 0 2 90, C4<0011>;
P_0x7fde84003800 .param/l "twelve" 0 2 95, C4<1100>;
P_0x7fde84003840 .param/l "two" 0 2 89, C4<0010>;
v0x7fde83c1b020_0 .net "a_in", 0 0, v0x7fde83c2b0e0_0;  1 drivers
v0x7fde83c2ad00_0 .net "clock", 0 0, v0x7fde83c2b180_0;  1 drivers
v0x7fde83c2ada0_0 .var "n_state", 3 0;
v0x7fde83c2ae60_0 .net "reset", 0 0, v0x7fde83c2b2e0_0;  1 drivers
v0x7fde83c2af00_0 .var "state", 3 0;
v0x7fde83c2aff0_0 .var "wxyz", 3 0;
E_0x7fde83c049f0 .event posedge, v0x7fde83c2ad00_0;
    .scope S_0x7fde83c093e0;
T_0 ;
    %pushi/vec4 0, 0, 4;
    %store/vec4 v0x7fde83c2af00_0, 0, 4;
    %pushi/vec4 0, 0, 4;
    %store/vec4 v0x7fde83c2ada0_0, 0, 4;
    %pushi/vec4 0, 0, 4;
    %store/vec4 v0x7fde83c2aff0_0, 0, 4;
    %end;
    .thread T_0;
    .scope S_0x7fde83c093e0;
T_1 ;
    %wait E_0x7fde83c049f0;
    %load/vec4 v0x7fde83c2ae60_0;
    %cmpi/e 1, 0, 1;
    %jmp/0xz  T_1.0, 4;
    %pushi/vec4 0, 0, 4;
    %store/vec4 v0x7fde83c2af00_0, 0, 4;
    %pushi/vec4 0, 0, 4;
    %store/vec4 v0x7fde83c2ada0_0, 0, 4;
    %pushi/vec4 0, 0, 4;
    %store/vec4 v0x7fde83c2aff0_0, 0, 4;
    %jmp T_1.1;
T_1.0 ;
    %load/vec4 v0x7fde83c2af00_0;
    %dup/vec4;
    %pushi/vec4 0, 0, 4;
    %cmp/u;
    %jmp/1 T_1.2, 6;
    %dup/vec4;
    %pushi/vec4 1, 0, 4;
    %cmp/u;
    %jmp/1 T_1.3, 6;
    %dup/vec4;
    %pushi/vec4 2, 0, 4;
    %cmp/u;
    %jmp/1 T_1.4, 6;
    %dup/vec4;
    %pushi/vec4 3, 0, 4;
    %cmp/u;
    %jmp/1 T_1.5, 6;
    %dup/vec4;
    %pushi/vec4 4, 0, 4;
    %cmp/u;
    %jmp/1 T_1.6, 6;
    %dup/vec4;
    %pushi/vec4 5, 0, 4;
    %cmp/u;
    %jmp/1 T_1.7, 6;
    %dup/vec4;
    %pushi/vec4 6, 0, 4;
    %cmp/u;
    %jmp/1 T_1.8, 6;
    %dup/vec4;
    %pushi/vec4 7, 0, 4;
    %cmp/u;
    %jmp/1 T_1.9, 6;
    %dup/vec4;
    %pushi/vec4 8, 0, 4;
    %cmp/u;
    %jmp/1 T_1.10, 6;
    %jmp T_1.11;
T_1.2 ;
    %pushi/vec4 0, 0, 4;
    %store/vec4 v0x7fde83c2aff0_0, 0, 4;
    %pushi/vec4 1, 0, 4;
    %store/vec4 v0x7fde83c2ada0_0, 0, 4;
    %jmp T_1.11;
T_1.3 ;
    %load/vec4 v0x7fde83c1b020_0;
    %cmpi/e 0, 0, 1;
    %flag_mov 8, 4;
    %jmp/0 T_1.12, 8;
    %pushi/vec4 8, 0, 4;
    %jmp/1 T_1.13, 8;
T_1.12 ; End of true expr.
    %pushi/vec4 9, 0, 4;
    %jmp/0 T_1.13, 8;
 ; End of false expr.
    %blend;
T_1.13;
    %store/vec4 v0x7fde83c2aff0_0, 0, 4;
    %pushi/vec4 2, 0, 4;
    %store/vec4 v0x7fde83c2ada0_0, 0, 4;
    %jmp T_1.11;
T_1.4 ;
    %load/vec4 v0x7fde83c1b020_0;
    %cmpi/e 0, 0, 1;
    %flag_mov 8, 4;
    %jmp/0 T_1.14, 8;
    %pushi/vec4 12, 0, 4;
    %jmp/1 T_1.15, 8;
T_1.14 ; End of true expr.
    %pushi/vec4 1, 0, 4;
    %jmp/0 T_1.15, 8;
 ; End of false expr.
    %blend;
T_1.15;
    %store/vec4 v0x7fde83c2aff0_0, 0, 4;
    %pushi/vec4 3, 0, 4;
    %store/vec4 v0x7fde83c2ada0_0, 0, 4;
    %jmp T_1.11;
T_1.5 ;
    %load/vec4 v0x7fde83c1b020_0;
    %cmpi/e 0, 0, 1;
    %flag_mov 8, 4;
    %jmp/0 T_1.16, 8;
    %pushi/vec4 4, 0, 4;
    %jmp/1 T_1.17, 8;
T_1.16 ; End of true expr.
    %pushi/vec4 3, 0, 4;
    %jmp/0 T_1.17, 8;
 ; End of false expr.
    %blend;
T_1.17;
    %store/vec4 v0x7fde83c2aff0_0, 0, 4;
    %pushi/vec4 4, 0, 4;
    %store/vec4 v0x7fde83c2ada0_0, 0, 4;
    %jmp T_1.11;
T_1.6 ;
    %load/vec4 v0x7fde83c1b020_0;
    %cmpi/e 0, 0, 1;
    %flag_mov 8, 4;
    %jmp/0 T_1.18, 8;
    %pushi/vec4 6, 0, 4;
    %jmp/1 T_1.19, 8;
T_1.18 ; End of true expr.
    %pushi/vec4 2, 0, 4;
    %jmp/0 T_1.19, 8;
 ; End of false expr.
    %blend;
T_1.19;
    %store/vec4 v0x7fde83c2aff0_0, 0, 4;
    %pushi/vec4 5, 0, 4;
    %store/vec4 v0x7fde83c2ada0_0, 0, 4;
    %jmp T_1.11;
T_1.7 ;
    %load/vec4 v0x7fde83c1b020_0;
    %cmpi/e 0, 0, 1;
    %flag_mov 8, 4;
    %jmp/0 T_1.20, 8;
    %pushi/vec4 2, 0, 4;
    %jmp/1 T_1.21, 8;
T_1.20 ; End of true expr.
    %pushi/vec4 6, 0, 4;
    %jmp/0 T_1.21, 8;
 ; End of false expr.
    %blend;
T_1.21;
    %store/vec4 v0x7fde83c2aff0_0, 0, 4;
    %pushi/vec4 6, 0, 4;
    %store/vec4 v0x7fde83c2ada0_0, 0, 4;
    %jmp T_1.11;
T_1.8 ;
    %load/vec4 v0x7fde83c1b020_0;
    %cmpi/e 0, 0, 1;
    %flag_mov 8, 4;
    %jmp/0 T_1.22, 8;
    %pushi/vec4 3, 0, 4;
    %jmp/1 T_1.23, 8;
T_1.22 ; End of true expr.
    %pushi/vec4 4, 0, 4;
    %jmp/0 T_1.23, 8;
 ; End of false expr.
    %blend;
T_1.23;
    %store/vec4 v0x7fde83c2aff0_0, 0, 4;
    %pushi/vec4 7, 0, 4;
    %store/vec4 v0x7fde83c2ada0_0, 0, 4;
    %jmp T_1.11;
T_1.9 ;
    %load/vec4 v0x7fde83c1b020_0;
    %cmpi/e 0, 0, 1;
    %flag_mov 8, 4;
    %jmp/0 T_1.24, 8;
    %pushi/vec4 1, 0, 4;
    %jmp/1 T_1.25, 8;
T_1.24 ; End of true expr.
    %pushi/vec4 12, 0, 4;
    %jmp/0 T_1.25, 8;
 ; End of false expr.
    %blend;
T_1.25;
    %store/vec4 v0x7fde83c2aff0_0, 0, 4;
    %pushi/vec4 8, 0, 4;
    %store/vec4 v0x7fde83c2ada0_0, 0, 4;
    %jmp T_1.11;
T_1.10 ;
    %load/vec4 v0x7fde83c1b020_0;
    %cmpi/e 0, 0, 1;
    %flag_mov 8, 4;
    %jmp/0 T_1.26, 8;
    %pushi/vec4 9, 0, 4;
    %jmp/1 T_1.27, 8;
T_1.26 ; End of true expr.
    %pushi/vec4 8, 0, 4;
    %jmp/0 T_1.27, 8;
 ; End of false expr.
    %blend;
T_1.27;
    %store/vec4 v0x7fde83c2aff0_0, 0, 4;
    %pushi/vec4 1, 0, 4;
    %store/vec4 v0x7fde83c2ada0_0, 0, 4;
    %jmp T_1.11;
T_1.11 ;
    %pop/vec4 1;
    %load/vec4 v0x7fde83c2af00_0;
    %cmpi/ne 0, 0, 4;
    %jmp/0xz  T_1.28, 4;
    %vpi_call 2 162 "$write", " s%1d   s%1d   %1b |  %1d\012", v0x7fde83c2af00_0, v0x7fde83c2ada0_0, v0x7fde83c1b020_0, v0x7fde83c2aff0_0 {0 0 0};
T_1.28 ;
    %load/vec4 v0x7fde83c2ada0_0;
    %store/vec4 v0x7fde83c2af00_0, 0, 4;
T_1.1 ;
    %jmp T_1;
    .thread T_1;
    .scope S_0x7fde83c04880;
T_2 ;
    %delay 5, 0;
    %load/vec4 v0x7fde83c2b180_0;
    %inv;
    %store/vec4 v0x7fde83c2b180_0, 0, 1;
    %jmp T_2;
    .thread T_2;
    .scope S_0x7fde83c04880;
T_3 ;
    %vpi_call 2 30 "$dumpfile", "wave.vcd" {0 0 0};
    %vpi_call 2 31 "$dumpvars", 32'sb00000000000000000000000000000000, S_0x7fde83c04880 {0 0 0};
    %vpi_call 2 32 "$write", "\012 test the sequence generator\012\012" {0 0 0};
    %vpi_call 2 33 "$write", " st  nst   A | WXYZ\012" {0 0 0};
    %vpi_call 2 34 "$write", " ------------------\012" {0 0 0};
    %pushi/vec4 0, 0, 1;
    %store/vec4 v0x7fde83c2b0e0_0, 0, 1;
    %pushi/vec4 0, 0, 1;
    %store/vec4 v0x7fde83c2b2e0_0, 0, 1;
    %pushi/vec4 0, 0, 1;
    %store/vec4 v0x7fde83c2b180_0, 0, 1;
    %pushi/vec4 0, 0, 32;
    %store/vec4 v0x7fde83c2b230_0, 0, 32;
T_3.0 ;
    %load/vec4 v0x7fde83c2b230_0;
    %cmpi/s 9, 0, 32;
    %jmp/0xz T_3.1, 5;
    %delay 10, 0;
    %load/vec4 v0x7fde83c2b230_0;
    %addi 1, 0, 32;
    %store/vec4 v0x7fde83c2b230_0, 0, 32;
    %jmp T_3.0;
T_3.1 ;
    %vpi_call 2 42 "$write", " ------------------\012" {0 0 0};
    %pushi/vec4 0, 0, 32;
    %store/vec4 v0x7fde83c2b230_0, 0, 32;
T_3.2 ;
    %load/vec4 v0x7fde83c2b230_0;
    %cmpi/s 9, 0, 32;
    %jmp/0xz T_3.3, 5;
    %delay 10, 0;
    %load/vec4 v0x7fde83c2b230_0;
    %addi 1, 0, 32;
    %store/vec4 v0x7fde83c2b230_0, 0, 32;
    %jmp T_3.2;
T_3.3 ;
    %pushi/vec4 1, 0, 1;
    %store/vec4 v0x7fde83c2b2e0_0, 0, 1;
    %delay 10, 0;
    %pushi/vec4 0, 0, 1;
    %store/vec4 v0x7fde83c2b2e0_0, 0, 1;
    %pushi/vec4 1, 0, 1;
    %store/vec4 v0x7fde83c2b0e0_0, 0, 1;
    %vpi_call 2 50 "$write", " ------------------\012" {0 0 0};
    %vpi_call 2 51 "$write", " ------------------\012" {0 0 0};
    %pushi/vec4 0, 0, 32;
    %store/vec4 v0x7fde83c2b230_0, 0, 32;
T_3.4 ;
    %load/vec4 v0x7fde83c2b230_0;
    %cmpi/s 9, 0, 32;
    %jmp/0xz T_3.5, 5;
    %delay 10, 0;
    %load/vec4 v0x7fde83c2b230_0;
    %addi 1, 0, 32;
    %store/vec4 v0x7fde83c2b230_0, 0, 32;
    %jmp T_3.4;
T_3.5 ;
    %vpi_call 2 55 "$write", " ------------------\012" {0 0 0};
    %pushi/vec4 0, 0, 32;
    %store/vec4 v0x7fde83c2b230_0, 0, 32;
T_3.6 ;
    %load/vec4 v0x7fde83c2b230_0;
    %cmpi/s 9, 0, 32;
    %jmp/0xz T_3.7, 5;
    %delay 10, 0;
    %load/vec4 v0x7fde83c2b230_0;
    %addi 1, 0, 32;
    %store/vec4 v0x7fde83c2b230_0, 0, 32;
    %jmp T_3.6;
T_3.7 ;
    %vpi_call 2 59 "$write", " ------------------\012" {0 0 0};
    %vpi_call 2 61 "$write", "\011\011\011\011 ~ ~ ~ TEST COMPLETE ~ ~ ~\012\012" {0 0 0};
    %vpi_call 2 62 "$finish" {0 0 0};
    %end;
    .thread T_3;
# The file index is used to find the file name in the following table.
:file_names 3;
    "N/A";
    "<interactive>";
    "seqGen.v";
