#! /usr/local/Cellar/icarus-verilog/11.0/bin/vvp
:ivl_version "11.0 (stable)";
:ivl_delay_selection "TYPICAL";
:vpi_time_precision - 9;
:vpi_module "/usr/local/Cellar/icarus-verilog/11.0/lib/ivl/system.vpi";
:vpi_module "/usr/local/Cellar/icarus-verilog/11.0/lib/ivl/vhdl_sys.vpi";
:vpi_module "/usr/local/Cellar/icarus-verilog/11.0/lib/ivl/vhdl_textio.vpi";
:vpi_module "/usr/local/Cellar/icarus-verilog/11.0/lib/ivl/v2005_math.vpi";
:vpi_module "/usr/local/Cellar/icarus-verilog/11.0/lib/ivl/va_math.vpi";
S_0x7fe9be4070f0 .scope module, "tb" "tb" 2 9;
 .timescale -9 -9;
v0x7fe9be41b590_0 .var "DD", 3 0;
v0x7fe9be41b640_0 .net "QQ", 3 0, v0x7fe9be41b3e0_0;  1 drivers
v0x7fe9be41b6f0_0 .var "clock", 0 0;
E_0x7fe9be405290 .event edge, v0x7fe9be41b3e0_0, v0x7fe9be404720_0;
S_0x7fe9be407260 .scope module, "DUT" "reg4" 2 14, 2 53 0, S_0x7fe9be4070f0;
 .timescale -9 -9;
    .port_info 0 /OUTPUT 4 "Q";
    .port_info 1 /INPUT 1 "clk";
    .port_info 2 /INPUT 4 "D";
v0x7fe9be404720_0 .net "D", 3 0, v0x7fe9be41b590_0;  1 drivers
v0x7fe9be41b3e0_0 .var "Q", 3 0;
v0x7fe9be41b490_0 .net "clk", 0 0, v0x7fe9be41b6f0_0;  1 drivers
E_0x7fe9be40b160 .event posedge, v0x7fe9be41b490_0;
    .scope S_0x7fe9be407260;
T_0 ;
    %wait E_0x7fe9be40b160;
    %load/vec4 v0x7fe9be404720_0;
    %store/vec4 v0x7fe9be41b3e0_0, 0, 4;
    %jmp T_0;
    .thread T_0;
    .scope S_0x7fe9be4070f0;
T_1 ;
    %delay 10, 0;
    %load/vec4 v0x7fe9be41b6f0_0;
    %inv;
    %store/vec4 v0x7fe9be41b6f0_0, 0, 1;
    %jmp T_1;
    .thread T_1;
    .scope S_0x7fe9be4070f0;
T_2 ;
    %vpi_call 2 26 "$write", "\012 test the the register...\012\012" {0 0 0};
    %vpi_call 2 27 "$write", " time  D      Q\012" {0 0 0};
    %vpi_call 2 28 "$write", " ------------------\012" {0 0 0};
    %pushi/vec4 0, 0, 1;
    %store/vec4 v0x7fe9be41b6f0_0, 0, 1;
    %pushi/vec4 15, 0, 4;
    %store/vec4 v0x7fe9be41b590_0, 0, 4;
    %delay 30, 0;
    %pushi/vec4 14, 0, 4;
    %store/vec4 v0x7fe9be41b590_0, 0, 4;
    %delay 30, 0;
    %pushi/vec4 0, 0, 4;
    %store/vec4 v0x7fe9be41b590_0, 0, 4;
    %delay 30, 0;
    %vpi_call 2 38 "$write", "\012\012\011\011 ~ ~ ~ TEST COMPLETE ~ ~ ~\012\012" {0 0 0};
    %vpi_call 2 39 "$finish" {0 0 0};
    %end;
    .thread T_2;
    .scope S_0x7fe9be4070f0;
T_3 ;
    %wait E_0x7fe9be405290;
    %vpi_call 2 43 "$write", " %2t    %4b   %4b\012", $time, v0x7fe9be41b590_0, v0x7fe9be41b640_0 {0 0 0};
    %delay 10, 0;
    %jmp T_3;
    .thread T_3, $push;
# The file index is used to find the file name in the following table.
:file_names 3;
    "N/A";
    "<interactive>";
    "reg_behave.v";
