#! /usr/local/Cellar/icarus-verilog/11.0/bin/vvp
:ivl_version "11.0 (stable)";
:ivl_delay_selection "TYPICAL";
:vpi_time_precision - 9;
:vpi_module "/usr/local/Cellar/icarus-verilog/11.0/lib/ivl/system.vpi";
:vpi_module "/usr/local/Cellar/icarus-verilog/11.0/lib/ivl/vhdl_sys.vpi";
:vpi_module "/usr/local/Cellar/icarus-verilog/11.0/lib/ivl/vhdl_textio.vpi";
:vpi_module "/usr/local/Cellar/icarus-verilog/11.0/lib/ivl/v2005_math.vpi";
:vpi_module "/usr/local/Cellar/icarus-verilog/11.0/lib/ivl/va_math.vpi";
S_0x7fb6e7c0c7e0 .scope module, "tb" "tb" 2 21;
 .timescale -9 -9;
v0x7fb6e9303530_0 .var "clock", 0 0;
v0x7fb6e9302310_0 .net "done", 0 0, L_0x7fb6e93007e0;  1 drivers
v0x7fb6e93023a0_0 .var/i "idx", 31 0;
v0x7fb6e9302430_0 .var/i "k_follow", 31 0;
v0x7fb6e93035d0_0 .var/i "k_lead", 31 0;
v0x7fb6e9303660_0 .var "n_input", 7 0;
v0x7fb6e93036f0_0 .var "reset", 0 0;
v0x7fb6e9303780_0 .net "result", 7 0, v0x7fb6e9226050_0;  1 drivers
v0x7fb6e9303810_0 .var "start", 0 0;
S_0x7fb6e7c0c950 .scope module, "GDP" "general_data_path" 2 33, 2 99 0, S_0x7fb6e7c0c7e0;
 .timescale -9 -9;
    .port_info 0 /OUTPUT 8 "result";
    .port_info 1 /OUTPUT 1 "done";
    .port_info 2 /INPUT 8 "n_input";
    .port_info 3 /INPUT 1 "start";
    .port_info 4 /INPUT 1 "reset";
    .port_info 5 /INPUT 1 "clock";
L_0x7fb6e93007e0 .functor BUFZ 1, L_0x7fb6e922bc70, C4<0>, C4<0>, C4<0>;
v0x7fb6e9227240_0 .net "ALU", 2 0, L_0x7fb6e922b370;  1 drivers
v0x7fb6e92272f0_0 .net "IE", 0 0, L_0x7fb6e9227a50;  1 drivers
v0x7fb6e9227390_0 .net "OE", 0 0, L_0x7fb6e922bc70;  1 drivers
v0x7fb6e9227420_0 .net "RAA", 1 0, L_0x7fb6e9229df0;  1 drivers
v0x7fb6e92274b0_0 .net "RAE", 0 0, L_0x7fb6e9229c90;  1 drivers
v0x7fb6e9227540_0 .net "RBA", 1 0, L_0x7fb6e922aad0;  1 drivers
v0x7fb6e92275d0_0 .net "RBE", 0 0, L_0x7fb6e922a790;  1 drivers
v0x7fb6e9227660_0 .net "SH", 1 0, L_0x7fb6e922ba10;  1 drivers
v0x7fb6e92276f0_0 .net "WA", 1 0, L_0x7fb6e9228850;  1 drivers
v0x7fb6e9227800_0 .net "WE", 0 0, L_0x7fb6e9228540;  1 drivers
v0x7fb6e9227890_0 .net "clock", 0 0, v0x7fb6e9303530_0;  1 drivers
v0x7fb6e9227920_0 .net "done", 0 0, L_0x7fb6e93007e0;  alias, 1 drivers
v0x7fb6e92279b0_0 .net "n_input", 7 0, v0x7fb6e9303660_0;  1 drivers
v0x7fb6e9303250_0 .net "n_is_0", 0 0, L_0x7fb6e922bb30;  1 drivers
v0x7fb6e93006c0_0 .net "reset", 0 0, v0x7fb6e93036f0_0;  1 drivers
v0x7fb6e9303370_0 .net "result", 7 0, v0x7fb6e9226050_0;  alias, 1 drivers
v0x7fb6e93034a0_0 .net "start", 0 0, v0x7fb6e9303810_0;  1 drivers
S_0x7fb6e7c0cba0 .scope module, "CU" "control_unit" 2 121, 2 158 0, S_0x7fb6e7c0c950;
 .timescale -9 -9;
    .port_info 0 /OUTPUT 1 "IE";
    .port_info 1 /OUTPUT 1 "WE";
    .port_info 2 /OUTPUT 2 "WA";
    .port_info 3 /OUTPUT 1 "RAE";
    .port_info 4 /OUTPUT 2 "RAA";
    .port_info 5 /OUTPUT 1 "RBE";
    .port_info 6 /OUTPUT 2 "RBA";
    .port_info 7 /OUTPUT 3 "ALU";
    .port_info 8 /OUTPUT 2 "SH";
    .port_info 9 /OUTPUT 1 "OE";
    .port_info 10 /INPUT 1 "n_is_0";
    .port_info 11 /INPUT 1 "start";
    .port_info 12 /INPUT 1 "reset";
    .port_info 13 /INPUT 1 "clock";
P_0x7fb6e7c0cd60 .param/l "s0" 0 2 178, C4<000>;
P_0x7fb6e7c0cda0 .param/l "s1" 0 2 179, C4<001>;
P_0x7fb6e7c0cde0 .param/l "s2" 0 2 180, C4<010>;
P_0x7fb6e7c0ce20 .param/l "s3" 0 2 181, C4<011>;
P_0x7fb6e7c0ce60 .param/l "s4" 0 2 182, C4<100>;
P_0x7fb6e7c0cea0 .param/l "s5" 0 2 183, C4<101>;
P_0x7fb6e7c0cee0 .param/l "s6" 0 2 184, C4<110>;
P_0x7fb6e7c0cf20 .param/l "s7" 0 2 185, C4<111>;
L_0x7fb6e9227c90 .functor OR 1, L_0x7fb6e9227af0, L_0x7fb6e9227b90, C4<0>, C4<0>;
L_0x7fb6e9227ee0 .functor OR 1, L_0x7fb6e9227c90, L_0x7fb6e9227dc0, C4<0>, C4<0>;
L_0x7fb6e9228140 .functor OR 1, L_0x7fb6e9227ee0, L_0x7fb6e9228030, C4<0>, C4<0>;
L_0x7fb6e9228310 .functor OR 1, L_0x7fb6e9228140, L_0x7fb6e9228230, C4<0>, C4<0>;
L_0x7fb6e9228540 .functor OR 1, L_0x7fb6e9228310, L_0x7fb6e9228420, C4<0>, C4<0>;
L_0x7fb6e9228ba0 .functor OR 1, L_0x7fb6e92289c0, L_0x7fb6e9228a60, C4<0>, C4<0>;
L_0x7fb6e9228d50 .functor OR 1, L_0x7fb6e9228ba0, L_0x7fb6e9228c70, C4<0>, C4<0>;
L_0x7fb6e92290b0 .functor OR 1, L_0x7fb6e9228ec0, L_0x7fb6e9229010, C4<0>, C4<0>;
L_0x7fb6e9228fa0 .functor OR 1, L_0x7fb6e92290b0, L_0x7fb6e92291a0, C4<0>, C4<0>;
L_0x7fb6e9229470 .functor OR 1, L_0x7fb6e9228fa0, L_0x7fb6e92293d0, C4<0>, C4<0>;
L_0x7fb6e9229820 .functor OR 1, L_0x7fb6e9229470, L_0x7fb6e9229580, C4<0>, C4<0>;
L_0x7fb6e9228930 .functor OR 1, L_0x7fb6e9229820, L_0x7fb6e92299f0, C4<0>, C4<0>;
L_0x7fb6e9229c90 .functor OR 1, L_0x7fb6e9228930, L_0x7fb6e9229b10, C4<0>, C4<0>;
L_0x7fb6e922a080 .functor OR 1, L_0x7fb6e9229e90, L_0x7fb6e9229bf0, C4<0>, C4<0>;
L_0x7fb6e922a270 .functor OR 1, L_0x7fb6e922a080, L_0x7fb6e922a190, C4<0>, C4<0>;
L_0x7fb6e922a4a0 .functor OR 1, L_0x7fb6e922a270, L_0x7fb6e922a400, C4<0>, C4<0>;
L_0x7fb6e922a790 .functor OR 1, L_0x7fb6e922a5d0, L_0x7fb6e922a6b0, C4<0>, C4<0>;
L_0x7fb6e922ad20 .functor OR 1, L_0x7fb6e9229f70, L_0x7fb6e922a9f0, C4<0>, C4<0>;
L_0x7fb6e922aff0 .functor OR 1, L_0x7fb6e922ad20, L_0x7fb6e922ae10, C4<0>, C4<0>;
L_0x7fb6e922aef0 .functor OR 1, L_0x7fb6e922b120, L_0x7fb6e922b1c0, C4<0>, C4<0>;
L_0x7fb6e9229620 .functor OR 1, L_0x7fb6e92298f0, L_0x7fb6e922b260, C4<0>, C4<0>;
L_0x7fb6e922b800 .functor OR 1, L_0x7fb6e9229620, L_0x7fb6e922b080, C4<0>, C4<0>;
v0x7fb6e7c0d3a0_0 .net "ALU", 2 0, L_0x7fb6e922b370;  alias, 1 drivers
v0x7fb6e921e5d0_0 .net "IE", 0 0, L_0x7fb6e9227a50;  alias, 1 drivers
v0x7fb6e921e680_0 .net "OE", 0 0, L_0x7fb6e922bc70;  alias, 1 drivers
v0x7fb6e921e730_0 .net "RAA", 1 0, L_0x7fb6e9229df0;  alias, 1 drivers
v0x7fb6e921e7c0_0 .net "RAE", 0 0, L_0x7fb6e9229c90;  alias, 1 drivers
v0x7fb6e921e890_0 .net "RBA", 1 0, L_0x7fb6e922aad0;  alias, 1 drivers
v0x7fb6e921e940_0 .net "RBE", 0 0, L_0x7fb6e922a790;  alias, 1 drivers
v0x7fb6e921e9e0_0 .net "SH", 1 0, L_0x7fb6e922ba10;  alias, 1 drivers
v0x7fb6e921ea90_0 .net "WA", 1 0, L_0x7fb6e9228850;  alias, 1 drivers
v0x7fb6e921eba0_0 .net "WE", 0 0, L_0x7fb6e9228540;  alias, 1 drivers
L_0x108e7b008 .functor BUFT 1, C4<001>, C4<0>, C4<0>, C4<0>;
v0x7fb6e921ec40_0 .net/2u *"_ivl_0", 2 0, L_0x108e7b008;  1 drivers
v0x7fb6e921ecf0_0 .net *"_ivl_10", 0 0, L_0x7fb6e9227b90;  1 drivers
L_0x108e7b518 .functor BUFT 1, C4<0>, C4<0>, C4<0>, C4<0>;
v0x7fb6e921ed90_0 .net/2u *"_ivl_105", 0 0, L_0x108e7b518;  1 drivers
L_0x108e7b560 .functor BUFT 1, C4<010>, C4<0>, C4<0>, C4<0>;
v0x7fb6e921ee40_0 .net/2u *"_ivl_110", 2 0, L_0x108e7b560;  1 drivers
v0x7fb6e921eef0_0 .net *"_ivl_112", 0 0, L_0x7fb6e9229e90;  1 drivers
L_0x108e7b5a8 .functor BUFT 1, C4<011>, C4<0>, C4<0>, C4<0>;
v0x7fb6e921ef90_0 .net/2u *"_ivl_114", 2 0, L_0x108e7b5a8;  1 drivers
v0x7fb6e921f040_0 .net *"_ivl_116", 0 0, L_0x7fb6e9229bf0;  1 drivers
v0x7fb6e921f1d0_0 .net *"_ivl_119", 0 0, L_0x7fb6e922a080;  1 drivers
L_0x108e7b5f0 .functor BUFT 1, C4<100>, C4<0>, C4<0>, C4<0>;
v0x7fb6e921f260_0 .net/2u *"_ivl_120", 2 0, L_0x108e7b5f0;  1 drivers
v0x7fb6e921f2f0_0 .net *"_ivl_122", 0 0, L_0x7fb6e922a190;  1 drivers
v0x7fb6e921f390_0 .net *"_ivl_125", 0 0, L_0x7fb6e922a270;  1 drivers
L_0x108e7b638 .functor BUFT 1, C4<110>, C4<0>, C4<0>, C4<0>;
v0x7fb6e921f430_0 .net/2u *"_ivl_126", 2 0, L_0x108e7b638;  1 drivers
v0x7fb6e921f4e0_0 .net *"_ivl_128", 0 0, L_0x7fb6e922a400;  1 drivers
v0x7fb6e921f580_0 .net *"_ivl_13", 0 0, L_0x7fb6e9227c90;  1 drivers
v0x7fb6e921f620_0 .net *"_ivl_131", 0 0, L_0x7fb6e922a4a0;  1 drivers
L_0x108e7b680 .functor BUFT 1, C4<000>, C4<0>, C4<0>, C4<0>;
v0x7fb6e921f6c0_0 .net/2u *"_ivl_132", 2 0, L_0x108e7b680;  1 drivers
v0x7fb6e921f770_0 .net *"_ivl_134", 0 0, L_0x7fb6e922a5d0;  1 drivers
L_0x108e7b6c8 .functor BUFT 1, C4<011>, C4<0>, C4<0>, C4<0>;
v0x7fb6e921f810_0 .net/2u *"_ivl_136", 2 0, L_0x108e7b6c8;  1 drivers
v0x7fb6e921f8c0_0 .net *"_ivl_138", 0 0, L_0x7fb6e922a6b0;  1 drivers
L_0x108e7b0e0 .functor BUFT 1, C4<010>, C4<0>, C4<0>, C4<0>;
v0x7fb6e921f960_0 .net/2u *"_ivl_14", 2 0, L_0x108e7b0e0;  1 drivers
L_0x108e7b710 .functor BUFT 1, C4<011>, C4<0>, C4<0>, C4<0>;
v0x7fb6e921fa10_0 .net/2u *"_ivl_144", 2 0, L_0x108e7b710;  1 drivers
v0x7fb6e921fac0_0 .net *"_ivl_146", 0 0, L_0x7fb6e922a950;  1 drivers
L_0x108e7b758 .functor BUFT 1, C4<0>, C4<0>, C4<0>, C4<0>;
v0x7fb6e921fb60_0 .net/2u *"_ivl_151", 0 0, L_0x108e7b758;  1 drivers
L_0x108e7b7a0 .functor BUFT 1, C4<000>, C4<0>, C4<0>, C4<0>;
v0x7fb6e921f0f0_0 .net/2u *"_ivl_155", 2 0, L_0x108e7b7a0;  1 drivers
v0x7fb6e921fdf0_0 .net *"_ivl_157", 0 0, L_0x7fb6e9229f70;  1 drivers
L_0x108e7b7e8 .functor BUFT 1, C4<010>, C4<0>, C4<0>, C4<0>;
v0x7fb6e921fe80_0 .net/2u *"_ivl_159", 2 0, L_0x108e7b7e8;  1 drivers
v0x7fb6e921ff10_0 .net *"_ivl_16", 0 0, L_0x7fb6e9227dc0;  1 drivers
v0x7fb6e921ffb0_0 .net *"_ivl_161", 0 0, L_0x7fb6e922a9f0;  1 drivers
v0x7fb6e9220050_0 .net *"_ivl_164", 0 0, L_0x7fb6e922ad20;  1 drivers
L_0x108e7b830 .functor BUFT 1, C4<101>, C4<0>, C4<0>, C4<0>;
v0x7fb6e92200f0_0 .net/2u *"_ivl_165", 2 0, L_0x108e7b830;  1 drivers
v0x7fb6e92201a0_0 .net *"_ivl_167", 0 0, L_0x7fb6e922ae10;  1 drivers
v0x7fb6e9220240_0 .net *"_ivl_170", 0 0, L_0x7fb6e922aff0;  1 drivers
L_0x108e7b878 .functor BUFT 1, C4<010>, C4<0>, C4<0>, C4<0>;
v0x7fb6e92202e0_0 .net/2u *"_ivl_173", 2 0, L_0x108e7b878;  1 drivers
v0x7fb6e9220390_0 .net *"_ivl_175", 0 0, L_0x7fb6e922b120;  1 drivers
L_0x108e7b8c0 .functor BUFT 1, C4<101>, C4<0>, C4<0>, C4<0>;
v0x7fb6e9220430_0 .net/2u *"_ivl_177", 2 0, L_0x108e7b8c0;  1 drivers
v0x7fb6e92204e0_0 .net *"_ivl_179", 0 0, L_0x7fb6e922b1c0;  1 drivers
v0x7fb6e9220580_0 .net *"_ivl_182", 0 0, L_0x7fb6e922aef0;  1 drivers
L_0x108e7b908 .functor BUFT 1, C4<000>, C4<0>, C4<0>, C4<0>;
v0x7fb6e9220620_0 .net/2u *"_ivl_186", 2 0, L_0x108e7b908;  1 drivers
v0x7fb6e92206d0_0 .net *"_ivl_188", 0 0, L_0x7fb6e92298f0;  1 drivers
v0x7fb6e9220770_0 .net *"_ivl_19", 0 0, L_0x7fb6e9227ee0;  1 drivers
L_0x108e7b950 .functor BUFT 1, C4<010>, C4<0>, C4<0>, C4<0>;
v0x7fb6e9220810_0 .net/2u *"_ivl_190", 2 0, L_0x108e7b950;  1 drivers
v0x7fb6e92208c0_0 .net *"_ivl_192", 0 0, L_0x7fb6e922b260;  1 drivers
v0x7fb6e9220960_0 .net *"_ivl_195", 0 0, L_0x7fb6e9229620;  1 drivers
L_0x108e7b998 .functor BUFT 1, C4<011>, C4<0>, C4<0>, C4<0>;
v0x7fb6e9220a00_0 .net/2u *"_ivl_196", 2 0, L_0x108e7b998;  1 drivers
v0x7fb6e9220ab0_0 .net *"_ivl_198", 0 0, L_0x7fb6e922b080;  1 drivers
L_0x108e7b128 .functor BUFT 1, C4<100>, C4<0>, C4<0>, C4<0>;
v0x7fb6e9220b50_0 .net/2u *"_ivl_20", 2 0, L_0x108e7b128;  1 drivers
v0x7fb6e9220c00_0 .net *"_ivl_201", 0 0, L_0x7fb6e922b800;  1 drivers
L_0x108e7b9e0 .functor BUFT 1, C4<110>, C4<0>, C4<0>, C4<0>;
v0x7fb6e9220ca0_0 .net/2u *"_ivl_204", 2 0, L_0x108e7b9e0;  1 drivers
v0x7fb6e9220d50_0 .net *"_ivl_206", 0 0, L_0x7fb6e922b930;  1 drivers
L_0x108e7ba28 .functor BUFT 1, C4<100>, C4<0>, C4<0>, C4<0>;
v0x7fb6e9220df0_0 .net/2u *"_ivl_211", 2 0, L_0x108e7ba28;  1 drivers
v0x7fb6e9220ea0_0 .net *"_ivl_213", 0 0, L_0x7fb6e922b6d0;  1 drivers
L_0x108e7ba70 .functor BUFT 1, C4<111>, C4<0>, C4<0>, C4<0>;
v0x7fb6e9220f40_0 .net/2u *"_ivl_215", 2 0, L_0x108e7ba70;  1 drivers
v0x7fb6e9220ff0_0 .net *"_ivl_22", 0 0, L_0x7fb6e9228030;  1 drivers
v0x7fb6e9221090_0 .net *"_ivl_25", 0 0, L_0x7fb6e9228140;  1 drivers
L_0x108e7b170 .functor BUFT 1, C4<101>, C4<0>, C4<0>, C4<0>;
v0x7fb6e9221130_0 .net/2u *"_ivl_26", 2 0, L_0x108e7b170;  1 drivers
v0x7fb6e921fc10_0 .net *"_ivl_28", 0 0, L_0x7fb6e9228230;  1 drivers
v0x7fb6e921fcb0_0 .net *"_ivl_31", 0 0, L_0x7fb6e9228310;  1 drivers
L_0x108e7b1b8 .functor BUFT 1, C4<110>, C4<0>, C4<0>, C4<0>;
v0x7fb6e921fd50_0 .net/2u *"_ivl_32", 2 0, L_0x108e7b1b8;  1 drivers
v0x7fb6e92211d0_0 .net *"_ivl_34", 0 0, L_0x7fb6e9228420;  1 drivers
L_0x108e7b050 .functor BUFT 1, C4<000>, C4<0>, C4<0>, C4<0>;
v0x7fb6e9221270_0 .net/2u *"_ivl_4", 2 0, L_0x108e7b050;  1 drivers
L_0x108e7b200 .functor BUFT 1, C4<010>, C4<0>, C4<0>, C4<0>;
v0x7fb6e9221320_0 .net/2u *"_ivl_40", 2 0, L_0x108e7b200;  1 drivers
v0x7fb6e92213d0_0 .net *"_ivl_42", 0 0, L_0x7fb6e9228670;  1 drivers
L_0x108e7b248 .functor BUFT 1, C4<001>, C4<0>, C4<0>, C4<0>;
v0x7fb6e9221470_0 .net/2u *"_ivl_47", 2 0, L_0x108e7b248;  1 drivers
v0x7fb6e9221520_0 .net *"_ivl_49", 0 0, L_0x7fb6e92289c0;  1 drivers
L_0x108e7b290 .functor BUFT 1, C4<100>, C4<0>, C4<0>, C4<0>;
v0x7fb6e92215c0_0 .net/2u *"_ivl_51", 2 0, L_0x108e7b290;  1 drivers
v0x7fb6e9221670_0 .net *"_ivl_53", 0 0, L_0x7fb6e9228a60;  1 drivers
v0x7fb6e9221710_0 .net *"_ivl_56", 0 0, L_0x7fb6e9228ba0;  1 drivers
L_0x108e7b2d8 .functor BUFT 1, C4<110>, C4<0>, C4<0>, C4<0>;
v0x7fb6e92217b0_0 .net/2u *"_ivl_57", 2 0, L_0x108e7b2d8;  1 drivers
v0x7fb6e9221860_0 .net *"_ivl_59", 0 0, L_0x7fb6e9228c70;  1 drivers
v0x7fb6e9221900_0 .net *"_ivl_6", 0 0, L_0x7fb6e9227af0;  1 drivers
v0x7fb6e92219a0_0 .net *"_ivl_62", 0 0, L_0x7fb6e9228d50;  1 drivers
L_0x108e7b320 .functor BUFT 1, C4<000>, C4<0>, C4<0>, C4<0>;
v0x7fb6e9221a40_0 .net/2u *"_ivl_63", 2 0, L_0x108e7b320;  1 drivers
v0x7fb6e9221af0_0 .net *"_ivl_65", 0 0, L_0x7fb6e9228ec0;  1 drivers
L_0x108e7b368 .functor BUFT 1, C4<010>, C4<0>, C4<0>, C4<0>;
v0x7fb6e9221b90_0 .net/2u *"_ivl_67", 2 0, L_0x108e7b368;  1 drivers
v0x7fb6e9221c40_0 .net *"_ivl_69", 0 0, L_0x7fb6e9229010;  1 drivers
v0x7fb6e9221ce0_0 .net *"_ivl_72", 0 0, L_0x7fb6e92290b0;  1 drivers
L_0x108e7b3b0 .functor BUFT 1, C4<011>, C4<0>, C4<0>, C4<0>;
v0x7fb6e9221d80_0 .net/2u *"_ivl_73", 2 0, L_0x108e7b3b0;  1 drivers
v0x7fb6e9221e30_0 .net *"_ivl_75", 0 0, L_0x7fb6e92291a0;  1 drivers
v0x7fb6e9221ed0_0 .net *"_ivl_78", 0 0, L_0x7fb6e9228fa0;  1 drivers
L_0x108e7b3f8 .functor BUFT 1, C4<100>, C4<0>, C4<0>, C4<0>;
v0x7fb6e9221f70_0 .net/2u *"_ivl_79", 2 0, L_0x108e7b3f8;  1 drivers
L_0x108e7b098 .functor BUFT 1, C4<001>, C4<0>, C4<0>, C4<0>;
v0x7fb6e9222020_0 .net/2u *"_ivl_8", 2 0, L_0x108e7b098;  1 drivers
v0x7fb6e92220d0_0 .net *"_ivl_81", 0 0, L_0x7fb6e92293d0;  1 drivers
v0x7fb6e9222170_0 .net *"_ivl_84", 0 0, L_0x7fb6e9229470;  1 drivers
L_0x108e7b440 .functor BUFT 1, C4<101>, C4<0>, C4<0>, C4<0>;
v0x7fb6e9222210_0 .net/2u *"_ivl_85", 2 0, L_0x108e7b440;  1 drivers
v0x7fb6e92222c0_0 .net *"_ivl_87", 0 0, L_0x7fb6e9229580;  1 drivers
v0x7fb6e9222360_0 .net *"_ivl_90", 0 0, L_0x7fb6e9229820;  1 drivers
L_0x108e7b488 .functor BUFT 1, C4<110>, C4<0>, C4<0>, C4<0>;
v0x7fb6e9222400_0 .net/2u *"_ivl_91", 2 0, L_0x108e7b488;  1 drivers
v0x7fb6e92224b0_0 .net *"_ivl_93", 0 0, L_0x7fb6e92299f0;  1 drivers
v0x7fb6e9222550_0 .net *"_ivl_96", 0 0, L_0x7fb6e9228930;  1 drivers
L_0x108e7b4d0 .functor BUFT 1, C4<111>, C4<0>, C4<0>, C4<0>;
v0x7fb6e92225f0_0 .net/2u *"_ivl_97", 2 0, L_0x108e7b4d0;  1 drivers
v0x7fb6e92226a0_0 .net *"_ivl_99", 0 0, L_0x7fb6e9229b10;  1 drivers
v0x7fb6e9222740_0 .net "clock", 0 0, v0x7fb6e9303530_0;  alias, 1 drivers
v0x7fb6e92227e0_0 .net "n_is_0", 0 0, L_0x7fb6e922bb30;  alias, 1 drivers
v0x7fb6e9222880_0 .var "n_state", 2 0;
v0x7fb6e9222930_0 .net "reset", 0 0, v0x7fb6e93036f0_0;  alias, 1 drivers
v0x7fb6e92229d0_0 .net "start", 0 0, v0x7fb6e9303810_0;  alias, 1 drivers
v0x7fb6e9222a70_0 .var "state", 2 0;
E_0x7fb6e7c0d360 .event posedge, v0x7fb6e9222740_0;
L_0x7fb6e9227a50 .cmp/eq 3, v0x7fb6e9222a70_0, L_0x108e7b008;
L_0x7fb6e9227af0 .cmp/eq 3, v0x7fb6e9222a70_0, L_0x108e7b050;
L_0x7fb6e9227b90 .cmp/eq 3, v0x7fb6e9222a70_0, L_0x108e7b098;
L_0x7fb6e9227dc0 .cmp/eq 3, v0x7fb6e9222a70_0, L_0x108e7b0e0;
L_0x7fb6e9228030 .cmp/eq 3, v0x7fb6e9222a70_0, L_0x108e7b128;
L_0x7fb6e9228230 .cmp/eq 3, v0x7fb6e9222a70_0, L_0x108e7b170;
L_0x7fb6e9228420 .cmp/eq 3, v0x7fb6e9222a70_0, L_0x108e7b1b8;
L_0x7fb6e9228670 .cmp/eq 3, v0x7fb6e9222a70_0, L_0x108e7b200;
L_0x7fb6e9228850 .concat8 [ 1 1 0 0], L_0x7fb6e9228d50, L_0x7fb6e9228670;
L_0x7fb6e92289c0 .cmp/eq 3, v0x7fb6e9222a70_0, L_0x108e7b248;
L_0x7fb6e9228a60 .cmp/eq 3, v0x7fb6e9222a70_0, L_0x108e7b290;
L_0x7fb6e9228c70 .cmp/eq 3, v0x7fb6e9222a70_0, L_0x108e7b2d8;
L_0x7fb6e9228ec0 .cmp/eq 3, v0x7fb6e9222a70_0, L_0x108e7b320;
L_0x7fb6e9229010 .cmp/eq 3, v0x7fb6e9222a70_0, L_0x108e7b368;
L_0x7fb6e92291a0 .cmp/eq 3, v0x7fb6e9222a70_0, L_0x108e7b3b0;
L_0x7fb6e92293d0 .cmp/eq 3, v0x7fb6e9222a70_0, L_0x108e7b3f8;
L_0x7fb6e9229580 .cmp/eq 3, v0x7fb6e9222a70_0, L_0x108e7b440;
L_0x7fb6e92299f0 .cmp/eq 3, v0x7fb6e9222a70_0, L_0x108e7b488;
L_0x7fb6e9229b10 .cmp/eq 3, v0x7fb6e9222a70_0, L_0x108e7b4d0;
L_0x7fb6e9229df0 .concat8 [ 1 1 0 0], L_0x7fb6e922a4a0, L_0x108e7b518;
L_0x7fb6e9229e90 .cmp/eq 3, v0x7fb6e9222a70_0, L_0x108e7b560;
L_0x7fb6e9229bf0 .cmp/eq 3, v0x7fb6e9222a70_0, L_0x108e7b5a8;
L_0x7fb6e922a190 .cmp/eq 3, v0x7fb6e9222a70_0, L_0x108e7b5f0;
L_0x7fb6e922a400 .cmp/eq 3, v0x7fb6e9222a70_0, L_0x108e7b638;
L_0x7fb6e922a5d0 .cmp/eq 3, v0x7fb6e9222a70_0, L_0x108e7b680;
L_0x7fb6e922a6b0 .cmp/eq 3, v0x7fb6e9222a70_0, L_0x108e7b6c8;
L_0x7fb6e922a950 .cmp/eq 3, v0x7fb6e9222a70_0, L_0x108e7b710;
L_0x7fb6e922aad0 .concat8 [ 1 1 0 0], L_0x108e7b758, L_0x7fb6e922a950;
L_0x7fb6e9229f70 .cmp/eq 3, v0x7fb6e9222a70_0, L_0x108e7b7a0;
L_0x7fb6e922a9f0 .cmp/eq 3, v0x7fb6e9222a70_0, L_0x108e7b7e8;
L_0x7fb6e922ae10 .cmp/eq 3, v0x7fb6e9222a70_0, L_0x108e7b830;
L_0x7fb6e922b120 .cmp/eq 3, v0x7fb6e9222a70_0, L_0x108e7b878;
L_0x7fb6e922b1c0 .cmp/eq 3, v0x7fb6e9222a70_0, L_0x108e7b8c0;
L_0x7fb6e922b370 .concat8 [ 1 1 1 0], L_0x7fb6e922b800, L_0x7fb6e922aef0, L_0x7fb6e922aff0;
L_0x7fb6e92298f0 .cmp/eq 3, v0x7fb6e9222a70_0, L_0x108e7b908;
L_0x7fb6e922b260 .cmp/eq 3, v0x7fb6e9222a70_0, L_0x108e7b950;
L_0x7fb6e922b080 .cmp/eq 3, v0x7fb6e9222a70_0, L_0x108e7b998;
L_0x7fb6e922b930 .cmp/eq 3, v0x7fb6e9222a70_0, L_0x108e7b9e0;
L_0x7fb6e922ba10 .concat8 [ 1 1 0 0], L_0x7fb6e922b6d0, L_0x7fb6e922b930;
L_0x7fb6e922b6d0 .cmp/eq 3, v0x7fb6e9222a70_0, L_0x108e7ba28;
L_0x7fb6e922bc70 .cmp/eq 3, v0x7fb6e9222a70_0, L_0x108e7ba70;
S_0x7fb6e9222c70 .scope module, "DP" "data_path" 2 138, 2 268 0, S_0x7fb6e7c0c950;
 .timescale -9 -9;
    .port_info 0 /OUTPUT 1 "n_is_0";
    .port_info 1 /OUTPUT 8 "result";
    .port_info 2 /INPUT 8 "n_input";
    .port_info 3 /INPUT 1 "IE";
    .port_info 4 /INPUT 1 "WE";
    .port_info 5 /INPUT 2 "WA";
    .port_info 6 /INPUT 1 "RAE";
    .port_info 7 /INPUT 2 "RAA";
    .port_info 8 /INPUT 1 "RBE";
    .port_info 9 /INPUT 2 "RBA";
    .port_info 10 /INPUT 3 "ALU";
    .port_info 11 /INPUT 2 "SH";
    .port_info 12 /INPUT 1 "OE";
    .port_info 13 /INPUT 1 "clock";
P_0x7fb6e9222e40 .param/l "BLANK" 0 2 285, C4<00000000>;
v0x7fb6e9226140_0 .net "ALU", 2 0, L_0x7fb6e922b370;  alias, 1 drivers
v0x7fb6e9226230_0 .net "IE", 0 0, L_0x7fb6e9227a50;  alias, 1 drivers
v0x7fb6e9226300_0 .net "OE", 0 0, L_0x7fb6e922bc70;  alias, 1 drivers
v0x7fb6e92263d0_0 .net "RAA", 1 0, L_0x7fb6e9229df0;  alias, 1 drivers
v0x7fb6e92264a0_0 .net "RAE", 0 0, L_0x7fb6e9229c90;  alias, 1 drivers
v0x7fb6e92265b0_0 .net "RBA", 1 0, L_0x7fb6e922aad0;  alias, 1 drivers
v0x7fb6e9226680_0 .net "RBE", 0 0, L_0x7fb6e922a790;  alias, 1 drivers
v0x7fb6e9226750_0 .net "SH", 1 0, L_0x7fb6e922ba10;  alias, 1 drivers
v0x7fb6e9226820_0 .net "WA", 1 0, L_0x7fb6e9228850;  alias, 1 drivers
v0x7fb6e9226930_0 .net "WE", 0 0, L_0x7fb6e9228540;  alias, 1 drivers
L_0x108e7bab8 .functor BUFT 1, C4<00000000>, C4<0>, C4<0>, C4<0>;
v0x7fb6e9226a00_0 .net/2u *"_ivl_0", 7 0, L_0x108e7bab8;  1 drivers
v0x7fb6e9226a90_0 .net "clock", 0 0, v0x7fb6e9303530_0;  alias, 1 drivers
v0x7fb6e9226b20_0 .net "from_alu", 7 0, v0x7fb6e9225430_0;  1 drivers
v0x7fb6e9226bf0_0 .net "from_mux", 7 0, v0x7fb6e9223470_0;  1 drivers
v0x7fb6e9226c80_0 .net "from_shifter", 7 0, v0x7fb6e9225b40_0;  1 drivers
v0x7fb6e9226d10_0 .net "n_input", 7 0, v0x7fb6e9303660_0;  alias, 1 drivers
v0x7fb6e9226da0_0 .net "n_is_0", 0 0, L_0x7fb6e922bb30;  alias, 1 drivers
v0x7fb6e9226f30_0 .net "result", 7 0, v0x7fb6e9226050_0;  alias, 1 drivers
v0x7fb6e9226fc0_0 .net "rf_port_A", 7 0, L_0x7fb6e922c110;  1 drivers
v0x7fb6e9227050_0 .net "rf_port_B", 7 0, L_0x7fb6e922c520;  1 drivers
v0x7fb6e92270e0_0 .var "to_register_file", 7 0;
E_0x7fb6e9223040 .event edge, v0x7fb6e9223470_0;
L_0x7fb6e922bb30 .cmp/eq 8, v0x7fb6e9223470_0, L_0x108e7bab8;
S_0x7fb6e9223080 .scope module, "comp1" "c1_mux" 2 315, 2 397 0, S_0x7fb6e9222c70;
 .timescale -9 -9;
    .port_info 0 /OUTPUT 8 "from_mux";
    .port_info 1 /INPUT 8 "new_data";
    .port_info 2 /INPUT 8 "feedback";
    .port_info 3 /INPUT 1 "IE";
v0x7fb6e9223310_0 .net "IE", 0 0, L_0x7fb6e9227a50;  alias, 1 drivers
v0x7fb6e92233d0_0 .net "feedback", 7 0, v0x7fb6e9225b40_0;  alias, 1 drivers
v0x7fb6e9223470_0 .var "from_mux", 7 0;
v0x7fb6e9223530_0 .net "new_data", 7 0, v0x7fb6e9303660_0;  alias, 1 drivers
E_0x7fb6e92232b0 .event edge, v0x7fb6e921e5d0_0, v0x7fb6e9223530_0, v0x7fb6e92233d0_0;
S_0x7fb6e9223640 .scope module, "comp2" "c2_register_file" 2 322, 2 411 0, S_0x7fb6e9222c70;
 .timescale -9 -9;
    .port_info 0 /OUTPUT 8 "port_A";
    .port_info 1 /OUTPUT 8 "port_B";
    .port_info 2 /INPUT 8 "from_mux";
    .port_info 3 /INPUT 1 "WE";
    .port_info 4 /INPUT 2 "WA";
    .port_info 5 /INPUT 1 "RAE";
    .port_info 6 /INPUT 2 "RAA";
    .port_info 7 /INPUT 1 "RBE";
    .port_info 8 /INPUT 2 "RBA";
    .port_info 9 /INPUT 1 "clock";
P_0x7fb6e9223810 .param/l "BLANK" 0 2 424, C4<00000000>;
L_0x108e7bb00 .functor BUFT 1, C4<1>, C4<0>, C4<0>, C4<0>;
L_0x7fb6e922bea0 .functor XNOR 1, L_0x7fb6e9229c90, L_0x108e7bb00, C4<0>, C4<0>;
L_0x108e7bbd8 .functor BUFT 1, C4<1>, C4<0>, C4<0>, C4<0>;
L_0x7fb6e922c270 .functor XNOR 1, L_0x7fb6e922a790, L_0x108e7bbd8, C4<0>, C4<0>;
v0x7fb6e92239d0_0 .net "RAA", 1 0, L_0x7fb6e9229df0;  alias, 1 drivers
v0x7fb6e9223a80_0 .net "RAE", 0 0, L_0x7fb6e9229c90;  alias, 1 drivers
v0x7fb6e9223b30_0 .net "RBA", 1 0, L_0x7fb6e922aad0;  alias, 1 drivers
v0x7fb6e9223c00_0 .net "RBE", 0 0, L_0x7fb6e922a790;  alias, 1 drivers
v0x7fb6e9223cb0_0 .net "WA", 1 0, L_0x7fb6e9228850;  alias, 1 drivers
v0x7fb6e9223d80_0 .net "WE", 0 0, L_0x7fb6e9228540;  alias, 1 drivers
v0x7fb6e9223e30_0 .net/2u *"_ivl_0", 0 0, L_0x108e7bb00;  1 drivers
L_0x108e7bb90 .functor BUFT 1, C4<00000000>, C4<0>, C4<0>, C4<0>;
v0x7fb6e9223ec0_0 .net/2u *"_ivl_10", 7 0, L_0x108e7bb90;  1 drivers
v0x7fb6e9223f50_0 .net/2u *"_ivl_14", 0 0, L_0x108e7bbd8;  1 drivers
v0x7fb6e9224070_0 .net *"_ivl_16", 0 0, L_0x7fb6e922c270;  1 drivers
v0x7fb6e9224110_0 .net *"_ivl_18", 7 0, L_0x7fb6e922c320;  1 drivers
v0x7fb6e92241c0_0 .net *"_ivl_2", 0 0, L_0x7fb6e922bea0;  1 drivers
v0x7fb6e9224260_0 .net *"_ivl_20", 3 0, L_0x7fb6e922c3e0;  1 drivers
L_0x108e7bc20 .functor BUFT 1, C4<00>, C4<0>, C4<0>, C4<0>;
v0x7fb6e9224310_0 .net *"_ivl_23", 1 0, L_0x108e7bc20;  1 drivers
L_0x108e7bc68 .functor BUFT 1, C4<00000000>, C4<0>, C4<0>, C4<0>;
v0x7fb6e92243c0_0 .net/2u *"_ivl_24", 7 0, L_0x108e7bc68;  1 drivers
v0x7fb6e9224470_0 .net *"_ivl_4", 7 0, L_0x7fb6e922bf50;  1 drivers
v0x7fb6e9224520_0 .net *"_ivl_6", 3 0, L_0x7fb6e922bff0;  1 drivers
L_0x108e7bb48 .functor BUFT 1, C4<00>, C4<0>, C4<0>, C4<0>;
v0x7fb6e92246b0_0 .net *"_ivl_9", 1 0, L_0x108e7bb48;  1 drivers
v0x7fb6e9224740_0 .net "clock", 0 0, v0x7fb6e9303530_0;  alias, 1 drivers
v0x7fb6e92247f0_0 .net "from_mux", 7 0, v0x7fb6e92270e0_0;  1 drivers
v0x7fb6e9224880 .array "internal", 3 0, 7 0;
v0x7fb6e9224910_0 .net "port_A", 7 0, L_0x7fb6e922c110;  alias, 1 drivers
v0x7fb6e92249a0_0 .net "port_B", 7 0, L_0x7fb6e922c520;  alias, 1 drivers
L_0x7fb6e922bf50 .array/port v0x7fb6e9224880, L_0x7fb6e922bff0;
L_0x7fb6e922bff0 .concat [ 2 2 0 0], L_0x7fb6e9229df0, L_0x108e7bb48;
L_0x7fb6e922c110 .functor MUXZ 8, L_0x108e7bb90, L_0x7fb6e922bf50, L_0x7fb6e922bea0, C4<>;
L_0x7fb6e922c320 .array/port v0x7fb6e9224880, L_0x7fb6e922c3e0;
L_0x7fb6e922c3e0 .concat [ 2 2 0 0], L_0x7fb6e922aad0, L_0x108e7bc20;
L_0x7fb6e922c520 .functor MUXZ 8, L_0x108e7bc68, L_0x7fb6e922c320, L_0x7fb6e922c270, C4<>;
S_0x7fb6e9224b00 .scope module, "comp3" "c3_alu" 2 335, 2 442 0, S_0x7fb6e9222c70;
 .timescale -9 -9;
    .port_info 0 /OUTPUT 8 "from_alu";
    .port_info 1 /INPUT 8 "A_bus";
    .port_info 2 /INPUT 8 "B_bus";
    .port_info 3 /INPUT 3 "ALU";
P_0x7fb6e9224c90 .param/l "A_add_B" 0 2 453, C4<100>;
P_0x7fb6e9224cd0 .param/l "A_and_B" 0 2 450, C4<001>;
P_0x7fb6e9224d10 .param/l "A_or_B" 0 2 451, C4<010>;
P_0x7fb6e9224d50 .param/l "A_sub_B" 0 2 454, C4<101>;
P_0x7fb6e9224d90 .param/l "dec_A" 0 2 456, C4<111>;
P_0x7fb6e9224dd0 .param/l "inc_A" 0 2 455, C4<110>;
P_0x7fb6e9224e10 .param/l "not_A" 0 2 452, C4<011>;
P_0x7fb6e9224e50 .param/l "pass_A" 0 2 449, C4<000>;
v0x7fb6e92251e0_0 .net "ALU", 2 0, L_0x7fb6e922b370;  alias, 1 drivers
v0x7fb6e92252b0_0 .net "A_bus", 7 0, L_0x7fb6e922c110;  alias, 1 drivers
v0x7fb6e9225360_0 .net "B_bus", 7 0, L_0x7fb6e922c520;  alias, 1 drivers
v0x7fb6e9225430_0 .var "from_alu", 7 0;
E_0x7fb6e9225190 .event edge, v0x7fb6e7c0d3a0_0, v0x7fb6e9224910_0, v0x7fb6e92249a0_0;
S_0x7fb6e9225520 .scope module, "comp4" "c4_shifter" 2 342, 2 474 0, S_0x7fb6e9222c70;
 .timescale -9 -9;
    .port_info 0 /OUTPUT 8 "from_shifter";
    .port_info 1 /INPUT 8 "from_alu";
    .port_info 2 /INPUT 2 "SH";
P_0x7fb6e92256e0 .param/l "LEFT" 0 2 481, C4<01>;
P_0x7fb6e9225720 .param/l "PASS" 0 2 480, C4<00>;
P_0x7fb6e9225760 .param/l "RIGHT" 0 2 482, C4<10>;
P_0x7fb6e92257a0 .param/l "ROTATE" 0 2 483, C4<11>;
v0x7fb6e92259c0_0 .net "SH", 1 0, L_0x7fb6e922ba10;  alias, 1 drivers
v0x7fb6e9225a90_0 .net "from_alu", 7 0, v0x7fb6e9225430_0;  alias, 1 drivers
v0x7fb6e9225b40_0 .var "from_shifter", 7 0;
E_0x7fb6e9225980 .event edge, v0x7fb6e921e9e0_0, v0x7fb6e9225430_0;
S_0x7fb6e9225c40 .scope module, "comp5" "c5_triBuff" 2 349, 2 497 0, S_0x7fb6e9222c70;
 .timescale -9 -9;
    .port_info 0 /OUTPUT 8 "result";
    .port_info 1 /INPUT 8 "from_shifter";
    .port_info 2 /INPUT 1 "OE";
v0x7fb6e9225ec0_0 .net "OE", 0 0, L_0x7fb6e922bc70;  alias, 1 drivers
v0x7fb6e9225f80_0 .net "from_shifter", 7 0, v0x7fb6e9225b40_0;  alias, 1 drivers
v0x7fb6e9226050_0 .var "result", 7 0;
E_0x7fb6e9225e90 .event edge, v0x7fb6e921e680_0, v0x7fb6e92233d0_0;
    .scope S_0x7fb6e7c0cba0;
T_0 ;
    %pushi/vec4 0, 0, 3;
    %assign/vec4 v0x7fb6e9222a70_0, 0;
    %pushi/vec4 0, 0, 3;
    %assign/vec4 v0x7fb6e9222880_0, 0;
    %end;
    .thread T_0;
    .scope S_0x7fb6e7c0cba0;
T_1 ;
    %wait E_0x7fb6e7c0d360;
    %load/vec4 v0x7fb6e9222930_0;
    %cmpi/e 1, 0, 1;
    %jmp/0xz  T_1.0, 4;
    %pushi/vec4 0, 0, 3;
    %assign/vec4 v0x7fb6e9222a70_0, 0;
    %pushi/vec4 0, 0, 3;
    %assign/vec4 v0x7fb6e9222880_0, 0;
    %jmp T_1.1;
T_1.0 ;
    %load/vec4 v0x7fb6e9222a70_0;
    %dup/vec4;
    %pushi/vec4 0, 0, 3;
    %cmp/u;
    %jmp/1 T_1.2, 6;
    %dup/vec4;
    %pushi/vec4 1, 0, 3;
    %cmp/u;
    %jmp/1 T_1.3, 6;
    %dup/vec4;
    %pushi/vec4 2, 0, 3;
    %cmp/u;
    %jmp/1 T_1.4, 6;
    %dup/vec4;
    %pushi/vec4 3, 0, 3;
    %cmp/u;
    %jmp/1 T_1.5, 6;
    %dup/vec4;
    %pushi/vec4 4, 0, 3;
    %cmp/u;
    %jmp/1 T_1.6, 6;
    %dup/vec4;
    %pushi/vec4 5, 0, 3;
    %cmp/u;
    %jmp/1 T_1.7, 6;
    %dup/vec4;
    %pushi/vec4 6, 0, 3;
    %cmp/u;
    %jmp/1 T_1.8, 6;
    %dup/vec4;
    %pushi/vec4 7, 0, 3;
    %cmp/u;
    %jmp/1 T_1.9, 6;
    %jmp T_1.10;
T_1.2 ;
    %load/vec4 v0x7fb6e92229d0_0;
    %cmpi/e 1, 0, 1;
    %flag_mov 8, 4;
    %jmp/0 T_1.11, 8;
    %pushi/vec4 1, 0, 3;
    %jmp/1 T_1.12, 8;
T_1.11 ; End of true expr.
    %pushi/vec4 0, 0, 3;
    %jmp/0 T_1.12, 8;
 ; End of false expr.
    %blend;
T_1.12;
    %assign/vec4 v0x7fb6e9222880_0, 0;
    %jmp T_1.10;
T_1.3 ;
    %pushi/vec4 2, 0, 3;
    %assign/vec4 v0x7fb6e9222880_0, 0;
    %jmp T_1.10;
T_1.4 ;
    %load/vec4 v0x7fb6e92227e0_0;
    %cmpi/e 1, 0, 1;
    %flag_mov 8, 4;
    %jmp/0 T_1.13, 8;
    %pushi/vec4 7, 0, 3;
    %jmp/1 T_1.14, 8;
T_1.13 ; End of true expr.
    %pushi/vec4 3, 0, 3;
    %jmp/0 T_1.14, 8;
 ; End of false expr.
    %blend;
T_1.14;
    %assign/vec4 v0x7fb6e9222880_0, 0;
    %jmp T_1.10;
T_1.5 ;
    %load/vec4 v0x7fb6e92227e0_0;
    %cmpi/e 1, 0, 1;
    %flag_mov 8, 4;
    %jmp/0 T_1.15, 8;
    %pushi/vec4 6, 0, 3;
    %jmp/1 T_1.16, 8;
T_1.15 ; End of true expr.
    %pushi/vec4 5, 0, 3;
    %jmp/0 T_1.16, 8;
 ; End of false expr.
    %blend;
T_1.16;
    %assign/vec4 v0x7fb6e9222880_0, 0;
    %jmp T_1.10;
T_1.6 ;
    %pushi/vec4 6, 0, 3;
    %assign/vec4 v0x7fb6e9222880_0, 0;
    %jmp T_1.10;
T_1.7 ;
    %pushi/vec4 6, 0, 3;
    %assign/vec4 v0x7fb6e9222880_0, 0;
    %jmp T_1.10;
T_1.8 ;
    %load/vec4 v0x7fb6e92227e0_0;
    %cmpi/e 1, 0, 1;
    %flag_mov 8, 4;
    %jmp/0 T_1.17, 8;
    %pushi/vec4 7, 0, 3;
    %jmp/1 T_1.18, 8;
T_1.17 ; End of true expr.
    %pushi/vec4 5, 0, 3;
    %jmp/0 T_1.18, 8;
 ; End of false expr.
    %blend;
T_1.18;
    %assign/vec4 v0x7fb6e9222880_0, 0;
    %jmp T_1.10;
T_1.9 ;
    %load/vec4 v0x7fb6e9222930_0;
    %cmpi/e 1, 0, 1;
    %flag_mov 8, 4;
    %jmp/0 T_1.19, 8;
    %pushi/vec4 0, 0, 3;
    %jmp/1 T_1.20, 8;
T_1.19 ; End of true expr.
    %pushi/vec4 7, 0, 3;
    %jmp/0 T_1.20, 8;
 ; End of false expr.
    %blend;
T_1.20;
    %assign/vec4 v0x7fb6e9222880_0, 0;
    %jmp T_1.10;
T_1.10 ;
    %pop/vec4 1;
    %load/vec4 v0x7fb6e9222880_0;
    %assign/vec4 v0x7fb6e9222a70_0, 0;
T_1.1 ;
    %jmp T_1;
    .thread T_1;
    .scope S_0x7fb6e9223080;
T_2 ;
    %wait E_0x7fb6e92232b0;
    %load/vec4 v0x7fb6e9223310_0;
    %cmpi/e 1, 0, 1;
    %flag_mov 8, 4;
    %jmp/0 T_2.0, 8;
    %load/vec4 v0x7fb6e9223530_0;
    %jmp/1 T_2.1, 8;
T_2.0 ; End of true expr.
    %load/vec4 v0x7fb6e92233d0_0;
    %jmp/0 T_2.1, 8;
 ; End of false expr.
    %blend;
T_2.1;
    %store/vec4 v0x7fb6e9223470_0, 0, 8;
    %jmp T_2;
    .thread T_2, $push;
    .scope S_0x7fb6e9223640;
T_3 ;
    %wait E_0x7fb6e7c0d360;
    %load/vec4 v0x7fb6e9223d80_0;
    %cmpi/e 1, 0, 1;
    %jmp/0xz  T_3.0, 4;
    %load/vec4 v0x7fb6e92247f0_0;
    %load/vec4 v0x7fb6e9223cb0_0;
    %pad/u 4;
    %ix/vec4 3;
    %ix/load 4, 0, 0; Constant delay
    %assign/vec4/a/d v0x7fb6e9224880, 0, 4;
T_3.0 ;
    %jmp T_3;
    .thread T_3;
    .scope S_0x7fb6e9224b00;
T_4 ;
    %wait E_0x7fb6e9225190;
    %load/vec4 v0x7fb6e92251e0_0;
    %dup/vec4;
    %pushi/vec4 0, 0, 3;
    %cmp/u;
    %jmp/1 T_4.0, 6;
    %dup/vec4;
    %pushi/vec4 1, 0, 3;
    %cmp/u;
    %jmp/1 T_4.1, 6;
    %dup/vec4;
    %pushi/vec4 2, 0, 3;
    %cmp/u;
    %jmp/1 T_4.2, 6;
    %dup/vec4;
    %pushi/vec4 3, 0, 3;
    %cmp/u;
    %jmp/1 T_4.3, 6;
    %dup/vec4;
    %pushi/vec4 4, 0, 3;
    %cmp/u;
    %jmp/1 T_4.4, 6;
    %dup/vec4;
    %pushi/vec4 5, 0, 3;
    %cmp/u;
    %jmp/1 T_4.5, 6;
    %dup/vec4;
    %pushi/vec4 6, 0, 3;
    %cmp/u;
    %jmp/1 T_4.6, 6;
    %dup/vec4;
    %pushi/vec4 7, 0, 3;
    %cmp/u;
    %jmp/1 T_4.7, 6;
    %jmp T_4.8;
T_4.0 ;
    %load/vec4 v0x7fb6e92252b0_0;
    %store/vec4 v0x7fb6e9225430_0, 0, 8;
    %jmp T_4.8;
T_4.1 ;
    %load/vec4 v0x7fb6e92252b0_0;
    %load/vec4 v0x7fb6e9225360_0;
    %and;
    %store/vec4 v0x7fb6e9225430_0, 0, 8;
    %jmp T_4.8;
T_4.2 ;
    %load/vec4 v0x7fb6e92252b0_0;
    %load/vec4 v0x7fb6e9225360_0;
    %or;
    %store/vec4 v0x7fb6e9225430_0, 0, 8;
    %jmp T_4.8;
T_4.3 ;
    %load/vec4 v0x7fb6e92252b0_0;
    %inv;
    %store/vec4 v0x7fb6e9225430_0, 0, 8;
    %jmp T_4.8;
T_4.4 ;
    %load/vec4 v0x7fb6e92252b0_0;
    %load/vec4 v0x7fb6e9225360_0;
    %add;
    %store/vec4 v0x7fb6e9225430_0, 0, 8;
    %jmp T_4.8;
T_4.5 ;
    %load/vec4 v0x7fb6e92252b0_0;
    %load/vec4 v0x7fb6e9225360_0;
    %sub;
    %store/vec4 v0x7fb6e9225430_0, 0, 8;
    %jmp T_4.8;
T_4.6 ;
    %load/vec4 v0x7fb6e92252b0_0;
    %addi 1, 0, 8;
    %store/vec4 v0x7fb6e9225430_0, 0, 8;
    %jmp T_4.8;
T_4.7 ;
    %load/vec4 v0x7fb6e92252b0_0;
    %subi 1, 0, 8;
    %store/vec4 v0x7fb6e9225430_0, 0, 8;
    %jmp T_4.8;
T_4.8 ;
    %pop/vec4 1;
    %jmp T_4;
    .thread T_4, $push;
    .scope S_0x7fb6e9225520;
T_5 ;
    %wait E_0x7fb6e9225980;
    %load/vec4 v0x7fb6e92259c0_0;
    %dup/vec4;
    %pushi/vec4 0, 0, 2;
    %cmp/u;
    %jmp/1 T_5.0, 6;
    %dup/vec4;
    %pushi/vec4 1, 0, 2;
    %cmp/u;
    %jmp/1 T_5.1, 6;
    %dup/vec4;
    %pushi/vec4 2, 0, 2;
    %cmp/u;
    %jmp/1 T_5.2, 6;
    %dup/vec4;
    %pushi/vec4 3, 0, 2;
    %cmp/u;
    %jmp/1 T_5.3, 6;
    %jmp T_5.4;
T_5.0 ;
    %load/vec4 v0x7fb6e9225a90_0;
    %store/vec4 v0x7fb6e9225b40_0, 0, 8;
    %jmp T_5.4;
T_5.1 ;
    %load/vec4 v0x7fb6e9225a90_0;
    %ix/load 4, 1, 0;
    %flag_set/imm 4, 0;
    %shiftl 4;
    %store/vec4 v0x7fb6e9225b40_0, 0, 8;
    %jmp T_5.4;
T_5.2 ;
    %load/vec4 v0x7fb6e9225a90_0;
    %ix/load 4, 1, 0;
    %flag_set/imm 4, 0;
    %shiftr 4;
    %store/vec4 v0x7fb6e9225b40_0, 0, 8;
    %jmp T_5.4;
T_5.3 ;
    %load/vec4 v0x7fb6e9225a90_0;
    %parti/s 7, 0, 2;
    %load/vec4 v0x7fb6e9225a90_0;
    %parti/s 1, 7, 4;
    %concat/vec4; draw_concat_vec4
    %store/vec4 v0x7fb6e9225b40_0, 0, 8;
    %jmp T_5.4;
T_5.4 ;
    %pop/vec4 1;
    %jmp T_5;
    .thread T_5, $push;
    .scope S_0x7fb6e9225c40;
T_6 ;
    %wait E_0x7fb6e9225e90;
    %load/vec4 v0x7fb6e9225ec0_0;
    %cmpi/e 1, 0, 1;
    %flag_mov 8, 4;
    %jmp/0 T_6.0, 8;
    %load/vec4 v0x7fb6e9225f80_0;
    %jmp/1 T_6.1, 8;
T_6.0 ; End of true expr.
    %pushi/vec4 0, 255, 8;
    %jmp/0 T_6.1, 8;
 ; End of false expr.
    %blend;
T_6.1;
    %store/vec4 v0x7fb6e9226050_0, 0, 8;
    %jmp T_6;
    .thread T_6, $push;
    .scope S_0x7fb6e9222c70;
T_7 ;
    %pushi/vec4 0, 0, 8;
    %assign/vec4 v0x7fb6e92270e0_0, 0;
    %end;
    .thread T_7;
    .scope S_0x7fb6e9222c70;
T_8 ;
    %wait E_0x7fb6e9223040;
    %load/vec4 v0x7fb6e9226bf0_0;
    %assign/vec4 v0x7fb6e92270e0_0, 0;
    %jmp T_8;
    .thread T_8, $push;
    .scope S_0x7fb6e7c0c7e0;
T_9 ;
    %delay 5, 0;
    %load/vec4 v0x7fb6e9303530_0;
    %inv;
    %store/vec4 v0x7fb6e9303530_0, 0, 1;
    %jmp T_9;
    .thread T_9;
    .scope S_0x7fb6e7c0c7e0;
T_10 ;
    %vpi_call 2 52 "$write", "\012 testing the  GPD, k = log2(N) round UP algorithim  ,  N [ %3d : %3d ]\012\012", 32'sb00000000000000000000000000000001, 32'sb00000000000000000000000010000000 {0 0 0};
    %vpi_call 2 54 "$write", "        input       |       result      \012" {0 0 0};
    %pushi/vec4 0, 0, 1;
    %store/vec4 v0x7fb6e9303530_0, 0, 1;
    %pushi/vec4 0, 0, 32;
    %store/vec4 v0x7fb6e93035d0_0, 0, 32;
    %pushi/vec4 9, 0, 32;
    %store/vec4 v0x7fb6e9302430_0, 0, 32;
    %pushi/vec4 0, 0, 1;
    %store/vec4 v0x7fb6e9303810_0, 0, 1;
    %pushi/vec4 1, 0, 1;
    %store/vec4 v0x7fb6e93036f0_0, 0, 1;
    %delay 10, 0;
    %pushi/vec4 1, 0, 1;
    %store/vec4 v0x7fb6e9303810_0, 0, 1;
    %pushi/vec4 1, 0, 32;
    %store/vec4 v0x7fb6e93023a0_0, 0, 32;
T_10.0 ;
    %load/vec4 v0x7fb6e93023a0_0;
    %cmpi/s 128, 0, 32;
    %flag_or 5, 4;
    %jmp/0xz T_10.1, 5;
    %pushi/vec4 0, 0, 1;
    %store/vec4 v0x7fb6e93036f0_0, 0, 1;
    %load/vec4 v0x7fb6e93023a0_0;
    %pad/s 8;
    %store/vec4 v0x7fb6e9303660_0, 0, 8;
T_10.2 ;
    %load/vec4 v0x7fb6e9302310_0;
    %cmpi/ne 1, 0, 1;
    %jmp/0xz T_10.3, 4;
    %delay 10, 0;
    %jmp T_10.2;
T_10.3 ;
    %load/vec4 v0x7fb6e9303780_0;
    %pad/u 32;
    %store/vec4 v0x7fb6e93035d0_0, 0, 32;
    %load/vec4 v0x7fb6e93035d0_0;
    %load/vec4 v0x7fb6e9302430_0;
    %cmp/ne;
    %jmp/0xz  T_10.4, 4;
    %vpi_call 2 77 "$write", " ---------------------------------------\012" {0 0 0};
    %load/vec4 v0x7fb6e93035d0_0;
    %store/vec4 v0x7fb6e9302430_0, 0, 32;
T_10.4 ;
    %vpi_call 2 80 "$write", "  {%3d}  %4b_%4b  |  %4b_%4b  {%3d}    %6t ns\012", v0x7fb6e9303660_0, &PV<v0x7fb6e9303660_0, 4, 4>, &PV<v0x7fb6e9303660_0, 0, 4>, &PV<v0x7fb6e9303780_0, 4, 4>, &PV<v0x7fb6e9303780_0, 0, 4>, v0x7fb6e9303780_0, $time {0 0 0};
    %pushi/vec4 1, 0, 1;
    %store/vec4 v0x7fb6e93036f0_0, 0, 1;
    %delay 10, 0;
    %load/vec4 v0x7fb6e93023a0_0;
    %addi 1, 0, 32;
    %store/vec4 v0x7fb6e93023a0_0, 0, 32;
    %jmp T_10.0;
T_10.1 ;
    %delay 3, 0;
    %vpi_call 2 92 "$write", "\012\012\011\011 ~ ~ ~ TEST COMPLETE ~ ~ ~  %7t  ns\012\012", $time {0 0 0};
    %vpi_call 2 93 "$finish" {0 0 0};
    %end;
    .thread T_10;
# The file index is used to find the file name in the following table.
:file_names 3;
    "N/A";
    "<interactive>";
    "vm.v";
