#! /usr/local/Cellar/icarus-verilog/11.0/bin/vvp
:ivl_version "11.0 (stable)";
:ivl_delay_selection "TYPICAL";
:vpi_time_precision - 12;
:vpi_module "/usr/local/Cellar/icarus-verilog/11.0/lib/ivl/system.vpi";
:vpi_module "/usr/local/Cellar/icarus-verilog/11.0/lib/ivl/vhdl_sys.vpi";
:vpi_module "/usr/local/Cellar/icarus-verilog/11.0/lib/ivl/vhdl_textio.vpi";
:vpi_module "/usr/local/Cellar/icarus-verilog/11.0/lib/ivl/v2005_math.vpi";
:vpi_module "/usr/local/Cellar/icarus-verilog/11.0/lib/ivl/va_math.vpi";
S_0x7ff25c50e140 .scope module, "tb" "tb" 2 12;
 .timescale -12 -12;
v0x7ff25c520e30_0 .var "a_in", 0 0;
v0x7ff25c520f10_0 .var "clock", 0 0;
v0x7ff25c520ff0_0 .var/i "idx", 31 0;
v0x7ff25c521080_0 .var "reset", 0 0;
v0x7ff25c521150_0 .net "seg1", 6 0, v0x7ff25c51f880_0;  1 drivers
v0x7ff25c521260_0 .net "seg2", 6 0, v0x7ff25c51fd80_0;  1 drivers
S_0x7ff25c50e2b0 .scope module, "DUT" "topGen" 2 22, 2 106 0, S_0x7ff25c50e140;
 .timescale -12 -12;
    .port_info 0 /OUTPUT 7 "seg2";
    .port_info 1 /OUTPUT 7 "seg1";
    .port_info 2 /INPUT 1 "a_in";
    .port_info 3 /INPUT 1 "reset";
    .port_info 4 /INPUT 1 "clock";
v0x7ff25c520370_0 .net "a_in", 0 0, v0x7ff25c520e30_0;  1 drivers
v0x7ff25c520410_0 .net "clk_trans", 0 0, v0x7ff25c50e660_0;  1 drivers
v0x7ff25c5204e0_0 .net "clock", 0 0, v0x7ff25c520f10_0;  1 drivers
v0x7ff25c520590_0 .net "onez", 3 0, v0x7ff25c5201c0_0;  1 drivers
v0x7ff25c520660_0 .net "reset", 0 0, v0x7ff25c521080_0;  1 drivers
v0x7ff25c520730_0 .net "seg1", 6 0, v0x7ff25c51f880_0;  alias, 1 drivers
v0x7ff25c5207c0_0 .net "seg2", 6 0, v0x7ff25c51fd80_0;  alias, 1 drivers
v0x7ff25c520870_0 .net "temp", 3 0, v0x7ff25c51f370_0;  1 drivers
v0x7ff25c520940_0 .net "tenz", 3 0, v0x7ff25c520270_0;  1 drivers
S_0x7ff25c50e4a0 .scope module, "CLK" "clk_50MHz_to_1Hz" 2 119, 2 397 0, S_0x7ff25c50e2b0;
 .timescale -12 -12;
    .port_info 0 /OUTPUT 1 "clk_1hz";
    .port_info 1 /INPUT 1 "clk_50mhz";
v0x7ff25c50e660_0 .var "clk_1hz", 0 0;
v0x7ff25c51e640_0 .net "clk_50mhz", 0 0, v0x7ff25c520f10_0;  alias, 1 drivers
v0x7ff25c51e6e0_0 .var/i "count", 31 0;
E_0x7ff25c50d580 .event posedge, v0x7ff25c51e640_0;
S_0x7ff25c51e7b0 .scope module, "SG" "seqGen" 2 124, 2 150 0, S_0x7ff25c50e2b0;
 .timescale -12 -12;
    .port_info 0 /OUTPUT 4 "wxyz";
    .port_info 1 /INPUT 1 "a_in";
    .port_info 2 /INPUT 1 "reset";
    .port_info 3 /INPUT 1 "clock";
P_0x7ff25d000800 .param/l "clear" 0 2 167, C4<0000>;
P_0x7ff25d000840 .param/l "eight" 0 2 173, C4<1000>;
P_0x7ff25d000880 .param/l "four" 0 2 171, C4<0100>;
P_0x7ff25d0008c0 .param/l "nine" 0 2 174, C4<1001>;
P_0x7ff25d000900 .param/l "one" 0 2 168, C4<0001>;
P_0x7ff25d000940 .param/l "s0" 0 2 157, C4<0000>;
P_0x7ff25d000980 .param/l "s1" 0 2 158, C4<0001>;
P_0x7ff25d0009c0 .param/l "s2" 0 2 159, C4<0010>;
P_0x7ff25d000a00 .param/l "s3" 0 2 160, C4<0011>;
P_0x7ff25d000a40 .param/l "s4" 0 2 161, C4<0100>;
P_0x7ff25d000a80 .param/l "s5" 0 2 162, C4<0101>;
P_0x7ff25d000ac0 .param/l "s6" 0 2 163, C4<0110>;
P_0x7ff25d000b00 .param/l "s7" 0 2 164, C4<0111>;
P_0x7ff25d000b40 .param/l "s8" 0 2 165, C4<1000>;
P_0x7ff25d000b80 .param/l "six" 0 2 172, C4<0110>;
P_0x7ff25d000bc0 .param/l "three" 0 2 170, C4<0011>;
P_0x7ff25d000c00 .param/l "twelve" 0 2 175, C4<1100>;
P_0x7ff25d000c40 .param/l "two" 0 2 169, C4<0010>;
v0x7ff25c51efd0_0 .net "a_in", 0 0, v0x7ff25c520e30_0;  alias, 1 drivers
v0x7ff25c51f080_0 .net "clock", 0 0, v0x7ff25c50e660_0;  alias, 1 drivers
v0x7ff25c51f140_0 .var "n_state", 3 0;
v0x7ff25c51f1f0_0 .net "reset", 0 0, v0x7ff25c521080_0;  alias, 1 drivers
v0x7ff25c51f280_0 .var "state", 3 0;
v0x7ff25c51f370_0 .var "wxyz", 3 0;
E_0x7ff25c51ef90 .event posedge, v0x7ff25c50e660_0;
S_0x7ff25c51f460 .scope module, "dig1" "seg7_dig" 2 136, 2 344 0, S_0x7ff25c50e2b0;
 .timescale -12 -12;
    .port_info 0 /OUTPUT 7 "disp_4bit";
    .port_info 1 /INPUT 4 "cntl_4bit";
P_0x7ff25c51f620 .param/l "OFF" 0 2 350, C4<1>;
P_0x7ff25c51f660 .param/l "ON" 0 2 349, C4<0>;
v0x7ff25c51f7c0_0 .net "cntl_4bit", 3 0, v0x7ff25c5201c0_0;  alias, 1 drivers
v0x7ff25c51f880_0 .var "disp_4bit", 6 0;
E_0x7ff25c51f770 .event edge, v0x7ff25c51f7c0_0;
S_0x7ff25c51f960 .scope module, "dig2" "seg7_dig" 2 131, 2 344 0, S_0x7ff25c50e2b0;
 .timescale -12 -12;
    .port_info 0 /OUTPUT 7 "disp_4bit";
    .port_info 1 /INPUT 4 "cntl_4bit";
P_0x7ff25c51fb20 .param/l "OFF" 0 2 350, C4<1>;
P_0x7ff25c51fb60 .param/l "ON" 0 2 349, C4<0>;
v0x7ff25c51fcc0_0 .net "cntl_4bit", 3 0, v0x7ff25c520270_0;  alias, 1 drivers
v0x7ff25c51fd80_0 .var "disp_4bit", 6 0;
E_0x7ff25c51fc70 .event edge, v0x7ff25c51fcc0_0;
S_0x7ff25c51fe60 .scope module, "getDigs" "my_bcd" 2 141, 2 248 0, S_0x7ff25c50e2b0;
 .timescale -12 -12;
    .port_info 0 /OUTPUT 4 "tens";
    .port_info 1 /OUTPUT 4 "ones";
    .port_info 2 /INPUT 4 "bin_in";
v0x7ff25c5200f0_0 .net "bin_in", 3 0, v0x7ff25c51f370_0;  alias, 1 drivers
v0x7ff25c5201c0_0 .var "ones", 3 0;
v0x7ff25c520270_0 .var "tens", 3 0;
E_0x7ff25c5200b0 .event edge, v0x7ff25c51f370_0;
S_0x7ff25c520aa0 .scope task, "dispR" "dispR" 2 66, 2 66 0, S_0x7ff25c50e140;
 .timescale -12 -12;
v0x7ff25c520c60_0 .var "regA", 0 0;
v0x7ff25c520cf0_0 .var "seg11", 6 0;
v0x7ff25c520d80_0 .var "seg22", 6 0;
TD_tb.dispR ;
    %vpi_call 2 72 "$write", "  %1b  |  ", v0x7ff25c520c60_0 {0 0 0};
    %load/vec4 v0x7ff25c520d80_0;
    %dup/vec4;
    %pushi/vec4 64, 0, 7;
    %cmp/u;
    %jmp/1 T_0.0, 6;
    %dup/vec4;
    %pushi/vec4 121, 0, 7;
    %cmp/u;
    %jmp/1 T_0.1, 6;
    %dup/vec4;
    %pushi/vec4 36, 0, 7;
    %cmp/u;
    %jmp/1 T_0.2, 6;
    %dup/vec4;
    %pushi/vec4 48, 0, 7;
    %cmp/u;
    %jmp/1 T_0.3, 6;
    %dup/vec4;
    %pushi/vec4 25, 0, 7;
    %cmp/u;
    %jmp/1 T_0.4, 6;
    %dup/vec4;
    %pushi/vec4 18, 0, 7;
    %cmp/u;
    %jmp/1 T_0.5, 6;
    %dup/vec4;
    %pushi/vec4 2, 0, 7;
    %cmp/u;
    %jmp/1 T_0.6, 6;
    %dup/vec4;
    %pushi/vec4 120, 0, 7;
    %cmp/u;
    %jmp/1 T_0.7, 6;
    %dup/vec4;
    %pushi/vec4 0, 0, 7;
    %cmp/u;
    %jmp/1 T_0.8, 6;
    %dup/vec4;
    %pushi/vec4 24, 0, 7;
    %cmp/u;
    %jmp/1 T_0.9, 6;
    %vpi_call 2 84 "$write", "ERROR" {0 0 0};
    %jmp T_0.11;
T_0.0 ;
    %vpi_call 2 74 "$write", "0" {0 0 0};
    %jmp T_0.11;
T_0.1 ;
    %vpi_call 2 75 "$write", "1" {0 0 0};
    %jmp T_0.11;
T_0.2 ;
    %vpi_call 2 76 "$write", "2" {0 0 0};
    %jmp T_0.11;
T_0.3 ;
    %vpi_call 2 77 "$write", "3" {0 0 0};
    %jmp T_0.11;
T_0.4 ;
    %vpi_call 2 78 "$write", "4" {0 0 0};
    %jmp T_0.11;
T_0.5 ;
    %vpi_call 2 79 "$write", "5" {0 0 0};
    %jmp T_0.11;
T_0.6 ;
    %vpi_call 2 80 "$write", "6" {0 0 0};
    %jmp T_0.11;
T_0.7 ;
    %vpi_call 2 81 "$write", "7" {0 0 0};
    %jmp T_0.11;
T_0.8 ;
    %vpi_call 2 82 "$write", "8" {0 0 0};
    %jmp T_0.11;
T_0.9 ;
    %vpi_call 2 83 "$write", "9" {0 0 0};
    %jmp T_0.11;
T_0.11 ;
    %pop/vec4 1;
    %load/vec4 v0x7ff25c520cf0_0;
    %dup/vec4;
    %pushi/vec4 64, 0, 7;
    %cmp/u;
    %jmp/1 T_0.12, 6;
    %dup/vec4;
    %pushi/vec4 121, 0, 7;
    %cmp/u;
    %jmp/1 T_0.13, 6;
    %dup/vec4;
    %pushi/vec4 36, 0, 7;
    %cmp/u;
    %jmp/1 T_0.14, 6;
    %dup/vec4;
    %pushi/vec4 48, 0, 7;
    %cmp/u;
    %jmp/1 T_0.15, 6;
    %dup/vec4;
    %pushi/vec4 25, 0, 7;
    %cmp/u;
    %jmp/1 T_0.16, 6;
    %dup/vec4;
    %pushi/vec4 18, 0, 7;
    %cmp/u;
    %jmp/1 T_0.17, 6;
    %dup/vec4;
    %pushi/vec4 2, 0, 7;
    %cmp/u;
    %jmp/1 T_0.18, 6;
    %dup/vec4;
    %pushi/vec4 120, 0, 7;
    %cmp/u;
    %jmp/1 T_0.19, 6;
    %dup/vec4;
    %pushi/vec4 0, 0, 7;
    %cmp/u;
    %jmp/1 T_0.20, 6;
    %dup/vec4;
    %pushi/vec4 24, 0, 7;
    %cmp/u;
    %jmp/1 T_0.21, 6;
    %vpi_call 2 97 "$write", "ERROR\012" {0 0 0};
    %jmp T_0.23;
T_0.12 ;
    %vpi_call 2 87 "$write", "0\012" {0 0 0};
    %jmp T_0.23;
T_0.13 ;
    %vpi_call 2 88 "$write", "1\012" {0 0 0};
    %jmp T_0.23;
T_0.14 ;
    %vpi_call 2 89 "$write", "2\012" {0 0 0};
    %jmp T_0.23;
T_0.15 ;
    %vpi_call 2 90 "$write", "3\012" {0 0 0};
    %jmp T_0.23;
T_0.16 ;
    %vpi_call 2 91 "$write", "4\012" {0 0 0};
    %jmp T_0.23;
T_0.17 ;
    %vpi_call 2 92 "$write", "5\012" {0 0 0};
    %jmp T_0.23;
T_0.18 ;
    %vpi_call 2 93 "$write", "6\012" {0 0 0};
    %jmp T_0.23;
T_0.19 ;
    %vpi_call 2 94 "$write", "7\012" {0 0 0};
    %jmp T_0.23;
T_0.20 ;
    %vpi_call 2 95 "$write", "8\012" {0 0 0};
    %jmp T_0.23;
T_0.21 ;
    %vpi_call 2 96 "$write", "9\012" {0 0 0};
    %jmp T_0.23;
T_0.23 ;
    %pop/vec4 1;
    %end;
    .scope S_0x7ff25c50e4a0;
T_1 ;
    %pushi/vec4 0, 0, 32;
    %store/vec4 v0x7ff25c51e6e0_0, 0, 32;
    %pushi/vec4 0, 0, 1;
    %assign/vec4 v0x7ff25c50e660_0, 0;
    %end;
    .thread T_1;
    .scope S_0x7ff25c50e4a0;
T_2 ;
    %wait E_0x7ff25c50d580;
    %load/vec4 v0x7ff25c51e6e0_0;
    %cmpi/e 24999999, 0, 32;
    %jmp/0xz  T_2.0, 4;
    %pushi/vec4 0, 0, 32;
    %assign/vec4 v0x7ff25c51e6e0_0, 0;
    %load/vec4 v0x7ff25c50e660_0;
    %inv;
    %assign/vec4 v0x7ff25c50e660_0, 0;
    %jmp T_2.1;
T_2.0 ;
    %load/vec4 v0x7ff25c51e6e0_0;
    %addi 1, 0, 32;
    %assign/vec4 v0x7ff25c51e6e0_0, 0;
T_2.1 ;
    %jmp T_2;
    .thread T_2;
    .scope S_0x7ff25c51e7b0;
T_3 ;
    %pushi/vec4 0, 0, 4;
    %store/vec4 v0x7ff25c51f280_0, 0, 4;
    %pushi/vec4 0, 0, 4;
    %store/vec4 v0x7ff25c51f140_0, 0, 4;
    %pushi/vec4 0, 0, 4;
    %store/vec4 v0x7ff25c51f370_0, 0, 4;
    %end;
    .thread T_3;
    .scope S_0x7ff25c51e7b0;
T_4 ;
    %wait E_0x7ff25c51ef90;
    %load/vec4 v0x7ff25c51f1f0_0;
    %cmpi/e 1, 0, 1;
    %jmp/0xz  T_4.0, 4;
    %pushi/vec4 0, 0, 4;
    %store/vec4 v0x7ff25c51f280_0, 0, 4;
    %pushi/vec4 0, 0, 4;
    %store/vec4 v0x7ff25c51f140_0, 0, 4;
    %pushi/vec4 0, 0, 4;
    %store/vec4 v0x7ff25c51f370_0, 0, 4;
    %jmp T_4.1;
T_4.0 ;
    %load/vec4 v0x7ff25c51f280_0;
    %dup/vec4;
    %pushi/vec4 0, 0, 4;
    %cmp/u;
    %jmp/1 T_4.2, 6;
    %dup/vec4;
    %pushi/vec4 1, 0, 4;
    %cmp/u;
    %jmp/1 T_4.3, 6;
    %dup/vec4;
    %pushi/vec4 2, 0, 4;
    %cmp/u;
    %jmp/1 T_4.4, 6;
    %dup/vec4;
    %pushi/vec4 3, 0, 4;
    %cmp/u;
    %jmp/1 T_4.5, 6;
    %dup/vec4;
    %pushi/vec4 4, 0, 4;
    %cmp/u;
    %jmp/1 T_4.6, 6;
    %dup/vec4;
    %pushi/vec4 5, 0, 4;
    %cmp/u;
    %jmp/1 T_4.7, 6;
    %dup/vec4;
    %pushi/vec4 6, 0, 4;
    %cmp/u;
    %jmp/1 T_4.8, 6;
    %dup/vec4;
    %pushi/vec4 7, 0, 4;
    %cmp/u;
    %jmp/1 T_4.9, 6;
    %dup/vec4;
    %pushi/vec4 8, 0, 4;
    %cmp/u;
    %jmp/1 T_4.10, 6;
    %jmp T_4.11;
T_4.2 ;
    %pushi/vec4 0, 0, 4;
    %store/vec4 v0x7ff25c51f370_0, 0, 4;
    %pushi/vec4 1, 0, 4;
    %store/vec4 v0x7ff25c51f140_0, 0, 4;
    %jmp T_4.11;
T_4.3 ;
    %load/vec4 v0x7ff25c51efd0_0;
    %cmpi/e 0, 0, 1;
    %flag_mov 8, 4;
    %jmp/0 T_4.12, 8;
    %pushi/vec4 8, 0, 4;
    %jmp/1 T_4.13, 8;
T_4.12 ; End of true expr.
    %pushi/vec4 9, 0, 4;
    %jmp/0 T_4.13, 8;
 ; End of false expr.
    %blend;
T_4.13;
    %store/vec4 v0x7ff25c51f370_0, 0, 4;
    %pushi/vec4 2, 0, 4;
    %store/vec4 v0x7ff25c51f140_0, 0, 4;
    %jmp T_4.11;
T_4.4 ;
    %load/vec4 v0x7ff25c51efd0_0;
    %cmpi/e 0, 0, 1;
    %flag_mov 8, 4;
    %jmp/0 T_4.14, 8;
    %pushi/vec4 12, 0, 4;
    %jmp/1 T_4.15, 8;
T_4.14 ; End of true expr.
    %pushi/vec4 1, 0, 4;
    %jmp/0 T_4.15, 8;
 ; End of false expr.
    %blend;
T_4.15;
    %store/vec4 v0x7ff25c51f370_0, 0, 4;
    %pushi/vec4 3, 0, 4;
    %store/vec4 v0x7ff25c51f140_0, 0, 4;
    %jmp T_4.11;
T_4.5 ;
    %load/vec4 v0x7ff25c51efd0_0;
    %cmpi/e 0, 0, 1;
    %flag_mov 8, 4;
    %jmp/0 T_4.16, 8;
    %pushi/vec4 4, 0, 4;
    %jmp/1 T_4.17, 8;
T_4.16 ; End of true expr.
    %pushi/vec4 3, 0, 4;
    %jmp/0 T_4.17, 8;
 ; End of false expr.
    %blend;
T_4.17;
    %store/vec4 v0x7ff25c51f370_0, 0, 4;
    %pushi/vec4 4, 0, 4;
    %store/vec4 v0x7ff25c51f140_0, 0, 4;
    %jmp T_4.11;
T_4.6 ;
    %load/vec4 v0x7ff25c51efd0_0;
    %cmpi/e 0, 0, 1;
    %flag_mov 8, 4;
    %jmp/0 T_4.18, 8;
    %pushi/vec4 6, 0, 4;
    %jmp/1 T_4.19, 8;
T_4.18 ; End of true expr.
    %pushi/vec4 2, 0, 4;
    %jmp/0 T_4.19, 8;
 ; End of false expr.
    %blend;
T_4.19;
    %store/vec4 v0x7ff25c51f370_0, 0, 4;
    %pushi/vec4 5, 0, 4;
    %store/vec4 v0x7ff25c51f140_0, 0, 4;
    %jmp T_4.11;
T_4.7 ;
    %load/vec4 v0x7ff25c51efd0_0;
    %cmpi/e 0, 0, 1;
    %flag_mov 8, 4;
    %jmp/0 T_4.20, 8;
    %pushi/vec4 2, 0, 4;
    %jmp/1 T_4.21, 8;
T_4.20 ; End of true expr.
    %pushi/vec4 6, 0, 4;
    %jmp/0 T_4.21, 8;
 ; End of false expr.
    %blend;
T_4.21;
    %store/vec4 v0x7ff25c51f370_0, 0, 4;
    %pushi/vec4 6, 0, 4;
    %store/vec4 v0x7ff25c51f140_0, 0, 4;
    %jmp T_4.11;
T_4.8 ;
    %load/vec4 v0x7ff25c51efd0_0;
    %cmpi/e 0, 0, 1;
    %flag_mov 8, 4;
    %jmp/0 T_4.22, 8;
    %pushi/vec4 3, 0, 4;
    %jmp/1 T_4.23, 8;
T_4.22 ; End of true expr.
    %pushi/vec4 4, 0, 4;
    %jmp/0 T_4.23, 8;
 ; End of false expr.
    %blend;
T_4.23;
    %store/vec4 v0x7ff25c51f370_0, 0, 4;
    %pushi/vec4 7, 0, 4;
    %store/vec4 v0x7ff25c51f140_0, 0, 4;
    %jmp T_4.11;
T_4.9 ;
    %load/vec4 v0x7ff25c51efd0_0;
    %cmpi/e 0, 0, 1;
    %flag_mov 8, 4;
    %jmp/0 T_4.24, 8;
    %pushi/vec4 1, 0, 4;
    %jmp/1 T_4.25, 8;
T_4.24 ; End of true expr.
    %pushi/vec4 12, 0, 4;
    %jmp/0 T_4.25, 8;
 ; End of false expr.
    %blend;
T_4.25;
    %store/vec4 v0x7ff25c51f370_0, 0, 4;
    %pushi/vec4 8, 0, 4;
    %store/vec4 v0x7ff25c51f140_0, 0, 4;
    %jmp T_4.11;
T_4.10 ;
    %load/vec4 v0x7ff25c51efd0_0;
    %cmpi/e 0, 0, 1;
    %flag_mov 8, 4;
    %jmp/0 T_4.26, 8;
    %pushi/vec4 9, 0, 4;
    %jmp/1 T_4.27, 8;
T_4.26 ; End of true expr.
    %pushi/vec4 8, 0, 4;
    %jmp/0 T_4.27, 8;
 ; End of false expr.
    %blend;
T_4.27;
    %store/vec4 v0x7ff25c51f370_0, 0, 4;
    %pushi/vec4 1, 0, 4;
    %store/vec4 v0x7ff25c51f140_0, 0, 4;
    %jmp T_4.11;
T_4.11 ;
    %pop/vec4 1;
    %load/vec4 v0x7ff25c51f140_0;
    %store/vec4 v0x7ff25c51f280_0, 0, 4;
T_4.1 ;
    %jmp T_4;
    .thread T_4;
    .scope S_0x7ff25c51f960;
T_5 ;
    %wait E_0x7ff25c51fc70;
    %pushi/vec4 127, 0, 7;
    %store/vec4 v0x7ff25c51fd80_0, 0, 7;
    %load/vec4 v0x7ff25c51fcc0_0;
    %dup/vec4;
    %pushi/vec4 0, 0, 4;
    %cmp/u;
    %jmp/1 T_5.0, 6;
    %dup/vec4;
    %pushi/vec4 1, 0, 4;
    %cmp/u;
    %jmp/1 T_5.1, 6;
    %dup/vec4;
    %pushi/vec4 2, 0, 4;
    %cmp/u;
    %jmp/1 T_5.2, 6;
    %dup/vec4;
    %pushi/vec4 3, 0, 4;
    %cmp/u;
    %jmp/1 T_5.3, 6;
    %dup/vec4;
    %pushi/vec4 4, 0, 4;
    %cmp/u;
    %jmp/1 T_5.4, 6;
    %dup/vec4;
    %pushi/vec4 5, 0, 4;
    %cmp/u;
    %jmp/1 T_5.5, 6;
    %dup/vec4;
    %pushi/vec4 6, 0, 4;
    %cmp/u;
    %jmp/1 T_5.6, 6;
    %dup/vec4;
    %pushi/vec4 7, 0, 4;
    %cmp/u;
    %jmp/1 T_5.7, 6;
    %dup/vec4;
    %pushi/vec4 8, 0, 4;
    %cmp/u;
    %jmp/1 T_5.8, 6;
    %dup/vec4;
    %pushi/vec4 9, 0, 4;
    %cmp/u;
    %jmp/1 T_5.9, 6;
    %jmp T_5.10;
T_5.0 ;
    %pushi/vec4 0, 0, 6;
    %ix/load 4, 0, 0;
    %flag_set/imm 4, 0;
    %store/vec4 v0x7ff25c51fd80_0, 4, 6;
    %jmp T_5.10;
T_5.1 ;
    %pushi/vec4 0, 0, 2;
    %ix/load 4, 1, 0;
    %flag_set/imm 4, 0;
    %store/vec4 v0x7ff25c51fd80_0, 4, 2;
    %jmp T_5.10;
T_5.2 ;
    %pushi/vec4 0, 0, 2;
    %ix/load 4, 0, 0;
    %flag_set/imm 4, 0;
    %store/vec4 v0x7ff25c51fd80_0, 4, 2;
    %pushi/vec4 0, 0, 1;
    %ix/load 4, 6, 0;
    %flag_set/imm 4, 0;
    %store/vec4 v0x7ff25c51fd80_0, 4, 1;
    %pushi/vec4 0, 0, 2;
    %ix/load 4, 3, 0;
    %flag_set/imm 4, 0;
    %store/vec4 v0x7ff25c51fd80_0, 4, 2;
    %jmp T_5.10;
T_5.3 ;
    %pushi/vec4 0, 0, 4;
    %ix/load 4, 0, 0;
    %flag_set/imm 4, 0;
    %store/vec4 v0x7ff25c51fd80_0, 4, 4;
    %pushi/vec4 0, 0, 1;
    %ix/load 4, 6, 0;
    %flag_set/imm 4, 0;
    %store/vec4 v0x7ff25c51fd80_0, 4, 1;
    %jmp T_5.10;
T_5.4 ;
    %pushi/vec4 0, 0, 2;
    %ix/load 4, 1, 0;
    %flag_set/imm 4, 0;
    %store/vec4 v0x7ff25c51fd80_0, 4, 2;
    %pushi/vec4 0, 0, 2;
    %ix/load 4, 5, 0;
    %flag_set/imm 4, 0;
    %store/vec4 v0x7ff25c51fd80_0, 4, 2;
    %jmp T_5.10;
T_5.5 ;
    %pushi/vec4 0, 0, 1;
    %ix/load 4, 0, 0;
    %flag_set/imm 4, 0;
    %store/vec4 v0x7ff25c51fd80_0, 4, 1;
    %pushi/vec4 0, 0, 2;
    %ix/load 4, 2, 0;
    %flag_set/imm 4, 0;
    %store/vec4 v0x7ff25c51fd80_0, 4, 2;
    %pushi/vec4 0, 0, 2;
    %ix/load 4, 5, 0;
    %flag_set/imm 4, 0;
    %store/vec4 v0x7ff25c51fd80_0, 4, 2;
    %jmp T_5.10;
T_5.6 ;
    %pushi/vec4 0, 0, 1;
    %ix/load 4, 0, 0;
    %flag_set/imm 4, 0;
    %store/vec4 v0x7ff25c51fd80_0, 4, 1;
    %pushi/vec4 0, 0, 5;
    %ix/load 4, 2, 0;
    %flag_set/imm 4, 0;
    %store/vec4 v0x7ff25c51fd80_0, 4, 5;
    %jmp T_5.10;
T_5.7 ;
    %pushi/vec4 0, 0, 3;
    %ix/load 4, 0, 0;
    %flag_set/imm 4, 0;
    %store/vec4 v0x7ff25c51fd80_0, 4, 3;
    %jmp T_5.10;
T_5.8 ;
    %pushi/vec4 0, 0, 7;
    %store/vec4 v0x7ff25c51fd80_0, 0, 7;
    %jmp T_5.10;
T_5.9 ;
    %pushi/vec4 0, 0, 7;
    %store/vec4 v0x7ff25c51fd80_0, 0, 7;
    %pushi/vec4 3, 0, 2;
    %ix/load 4, 3, 0;
    %flag_set/imm 4, 0;
    %store/vec4 v0x7ff25c51fd80_0, 4, 2;
    %jmp T_5.10;
T_5.10 ;
    %pop/vec4 1;
    %jmp T_5;
    .thread T_5, $push;
    .scope S_0x7ff25c51f460;
T_6 ;
    %wait E_0x7ff25c51f770;
    %pushi/vec4 127, 0, 7;
    %store/vec4 v0x7ff25c51f880_0, 0, 7;
    %load/vec4 v0x7ff25c51f7c0_0;
    %dup/vec4;
    %pushi/vec4 0, 0, 4;
    %cmp/u;
    %jmp/1 T_6.0, 6;
    %dup/vec4;
    %pushi/vec4 1, 0, 4;
    %cmp/u;
    %jmp/1 T_6.1, 6;
    %dup/vec4;
    %pushi/vec4 2, 0, 4;
    %cmp/u;
    %jmp/1 T_6.2, 6;
    %dup/vec4;
    %pushi/vec4 3, 0, 4;
    %cmp/u;
    %jmp/1 T_6.3, 6;
    %dup/vec4;
    %pushi/vec4 4, 0, 4;
    %cmp/u;
    %jmp/1 T_6.4, 6;
    %dup/vec4;
    %pushi/vec4 5, 0, 4;
    %cmp/u;
    %jmp/1 T_6.5, 6;
    %dup/vec4;
    %pushi/vec4 6, 0, 4;
    %cmp/u;
    %jmp/1 T_6.6, 6;
    %dup/vec4;
    %pushi/vec4 7, 0, 4;
    %cmp/u;
    %jmp/1 T_6.7, 6;
    %dup/vec4;
    %pushi/vec4 8, 0, 4;
    %cmp/u;
    %jmp/1 T_6.8, 6;
    %dup/vec4;
    %pushi/vec4 9, 0, 4;
    %cmp/u;
    %jmp/1 T_6.9, 6;
    %jmp T_6.10;
T_6.0 ;
    %pushi/vec4 0, 0, 6;
    %ix/load 4, 0, 0;
    %flag_set/imm 4, 0;
    %store/vec4 v0x7ff25c51f880_0, 4, 6;
    %jmp T_6.10;
T_6.1 ;
    %pushi/vec4 0, 0, 2;
    %ix/load 4, 1, 0;
    %flag_set/imm 4, 0;
    %store/vec4 v0x7ff25c51f880_0, 4, 2;
    %jmp T_6.10;
T_6.2 ;
    %pushi/vec4 0, 0, 2;
    %ix/load 4, 0, 0;
    %flag_set/imm 4, 0;
    %store/vec4 v0x7ff25c51f880_0, 4, 2;
    %pushi/vec4 0, 0, 1;
    %ix/load 4, 6, 0;
    %flag_set/imm 4, 0;
    %store/vec4 v0x7ff25c51f880_0, 4, 1;
    %pushi/vec4 0, 0, 2;
    %ix/load 4, 3, 0;
    %flag_set/imm 4, 0;
    %store/vec4 v0x7ff25c51f880_0, 4, 2;
    %jmp T_6.10;
T_6.3 ;
    %pushi/vec4 0, 0, 4;
    %ix/load 4, 0, 0;
    %flag_set/imm 4, 0;
    %store/vec4 v0x7ff25c51f880_0, 4, 4;
    %pushi/vec4 0, 0, 1;
    %ix/load 4, 6, 0;
    %flag_set/imm 4, 0;
    %store/vec4 v0x7ff25c51f880_0, 4, 1;
    %jmp T_6.10;
T_6.4 ;
    %pushi/vec4 0, 0, 2;
    %ix/load 4, 1, 0;
    %flag_set/imm 4, 0;
    %store/vec4 v0x7ff25c51f880_0, 4, 2;
    %pushi/vec4 0, 0, 2;
    %ix/load 4, 5, 0;
    %flag_set/imm 4, 0;
    %store/vec4 v0x7ff25c51f880_0, 4, 2;
    %jmp T_6.10;
T_6.5 ;
    %pushi/vec4 0, 0, 1;
    %ix/load 4, 0, 0;
    %flag_set/imm 4, 0;
    %store/vec4 v0x7ff25c51f880_0, 4, 1;
    %pushi/vec4 0, 0, 2;
    %ix/load 4, 2, 0;
    %flag_set/imm 4, 0;
    %store/vec4 v0x7ff25c51f880_0, 4, 2;
    %pushi/vec4 0, 0, 2;
    %ix/load 4, 5, 0;
    %flag_set/imm 4, 0;
    %store/vec4 v0x7ff25c51f880_0, 4, 2;
    %jmp T_6.10;
T_6.6 ;
    %pushi/vec4 0, 0, 1;
    %ix/load 4, 0, 0;
    %flag_set/imm 4, 0;
    %store/vec4 v0x7ff25c51f880_0, 4, 1;
    %pushi/vec4 0, 0, 5;
    %ix/load 4, 2, 0;
    %flag_set/imm 4, 0;
    %store/vec4 v0x7ff25c51f880_0, 4, 5;
    %jmp T_6.10;
T_6.7 ;
    %pushi/vec4 0, 0, 3;
    %ix/load 4, 0, 0;
    %flag_set/imm 4, 0;
    %store/vec4 v0x7ff25c51f880_0, 4, 3;
    %jmp T_6.10;
T_6.8 ;
    %pushi/vec4 0, 0, 7;
    %store/vec4 v0x7ff25c51f880_0, 0, 7;
    %jmp T_6.10;
T_6.9 ;
    %pushi/vec4 0, 0, 7;
    %store/vec4 v0x7ff25c51f880_0, 0, 7;
    %pushi/vec4 3, 0, 2;
    %ix/load 4, 3, 0;
    %flag_set/imm 4, 0;
    %store/vec4 v0x7ff25c51f880_0, 4, 2;
    %jmp T_6.10;
T_6.10 ;
    %pop/vec4 1;
    %jmp T_6;
    .thread T_6, $push;
    .scope S_0x7ff25c51fe60;
T_7 ;
    %wait E_0x7ff25c5200b0;
    %load/vec4 v0x7ff25c5200f0_0;
    %dup/vec4;
    %pushi/vec4 0, 0, 4;
    %cmp/u;
    %jmp/1 T_7.0, 6;
    %dup/vec4;
    %pushi/vec4 1, 0, 4;
    %cmp/u;
    %jmp/1 T_7.1, 6;
    %dup/vec4;
    %pushi/vec4 2, 0, 4;
    %cmp/u;
    %jmp/1 T_7.2, 6;
    %dup/vec4;
    %pushi/vec4 3, 0, 4;
    %cmp/u;
    %jmp/1 T_7.3, 6;
    %dup/vec4;
    %pushi/vec4 4, 0, 4;
    %cmp/u;
    %jmp/1 T_7.4, 6;
    %dup/vec4;
    %pushi/vec4 5, 0, 4;
    %cmp/u;
    %jmp/1 T_7.5, 6;
    %dup/vec4;
    %pushi/vec4 6, 0, 4;
    %cmp/u;
    %jmp/1 T_7.6, 6;
    %dup/vec4;
    %pushi/vec4 7, 0, 4;
    %cmp/u;
    %jmp/1 T_7.7, 6;
    %dup/vec4;
    %pushi/vec4 8, 0, 4;
    %cmp/u;
    %jmp/1 T_7.8, 6;
    %dup/vec4;
    %pushi/vec4 9, 0, 4;
    %cmp/u;
    %jmp/1 T_7.9, 6;
    %dup/vec4;
    %pushi/vec4 10, 0, 4;
    %cmp/u;
    %jmp/1 T_7.10, 6;
    %dup/vec4;
    %pushi/vec4 11, 0, 4;
    %cmp/u;
    %jmp/1 T_7.11, 6;
    %dup/vec4;
    %pushi/vec4 12, 0, 4;
    %cmp/u;
    %jmp/1 T_7.12, 6;
    %dup/vec4;
    %pushi/vec4 13, 0, 4;
    %cmp/u;
    %jmp/1 T_7.13, 6;
    %dup/vec4;
    %pushi/vec4 14, 0, 4;
    %cmp/u;
    %jmp/1 T_7.14, 6;
    %dup/vec4;
    %pushi/vec4 15, 0, 4;
    %cmp/u;
    %jmp/1 T_7.15, 6;
    %jmp T_7.16;
T_7.0 ;
    %pushi/vec4 0, 0, 4;
    %store/vec4 v0x7ff25c520270_0, 0, 4;
    %pushi/vec4 0, 0, 4;
    %store/vec4 v0x7ff25c5201c0_0, 0, 4;
    %jmp T_7.16;
T_7.1 ;
    %pushi/vec4 0, 0, 4;
    %store/vec4 v0x7ff25c520270_0, 0, 4;
    %pushi/vec4 1, 0, 4;
    %store/vec4 v0x7ff25c5201c0_0, 0, 4;
    %jmp T_7.16;
T_7.2 ;
    %pushi/vec4 0, 0, 4;
    %store/vec4 v0x7ff25c520270_0, 0, 4;
    %pushi/vec4 2, 0, 4;
    %store/vec4 v0x7ff25c5201c0_0, 0, 4;
    %jmp T_7.16;
T_7.3 ;
    %pushi/vec4 0, 0, 4;
    %store/vec4 v0x7ff25c520270_0, 0, 4;
    %pushi/vec4 3, 0, 4;
    %store/vec4 v0x7ff25c5201c0_0, 0, 4;
    %jmp T_7.16;
T_7.4 ;
    %pushi/vec4 0, 0, 4;
    %store/vec4 v0x7ff25c520270_0, 0, 4;
    %pushi/vec4 4, 0, 4;
    %store/vec4 v0x7ff25c5201c0_0, 0, 4;
    %jmp T_7.16;
T_7.5 ;
    %pushi/vec4 0, 0, 4;
    %store/vec4 v0x7ff25c520270_0, 0, 4;
    %pushi/vec4 5, 0, 4;
    %store/vec4 v0x7ff25c5201c0_0, 0, 4;
    %jmp T_7.16;
T_7.6 ;
    %pushi/vec4 0, 0, 4;
    %store/vec4 v0x7ff25c520270_0, 0, 4;
    %pushi/vec4 6, 0, 4;
    %store/vec4 v0x7ff25c5201c0_0, 0, 4;
    %jmp T_7.16;
T_7.7 ;
    %pushi/vec4 0, 0, 4;
    %store/vec4 v0x7ff25c520270_0, 0, 4;
    %pushi/vec4 7, 0, 4;
    %store/vec4 v0x7ff25c5201c0_0, 0, 4;
    %jmp T_7.16;
T_7.8 ;
    %pushi/vec4 0, 0, 4;
    %store/vec4 v0x7ff25c520270_0, 0, 4;
    %pushi/vec4 8, 0, 4;
    %store/vec4 v0x7ff25c5201c0_0, 0, 4;
    %jmp T_7.16;
T_7.9 ;
    %pushi/vec4 0, 0, 4;
    %store/vec4 v0x7ff25c520270_0, 0, 4;
    %pushi/vec4 9, 0, 4;
    %store/vec4 v0x7ff25c5201c0_0, 0, 4;
    %jmp T_7.16;
T_7.10 ;
    %pushi/vec4 1, 0, 4;
    %store/vec4 v0x7ff25c520270_0, 0, 4;
    %pushi/vec4 0, 0, 4;
    %store/vec4 v0x7ff25c5201c0_0, 0, 4;
    %jmp T_7.16;
T_7.11 ;
    %pushi/vec4 1, 0, 4;
    %store/vec4 v0x7ff25c520270_0, 0, 4;
    %pushi/vec4 1, 0, 4;
    %store/vec4 v0x7ff25c5201c0_0, 0, 4;
    %jmp T_7.16;
T_7.12 ;
    %pushi/vec4 1, 0, 4;
    %store/vec4 v0x7ff25c520270_0, 0, 4;
    %pushi/vec4 2, 0, 4;
    %store/vec4 v0x7ff25c5201c0_0, 0, 4;
    %jmp T_7.16;
T_7.13 ;
    %pushi/vec4 1, 0, 4;
    %store/vec4 v0x7ff25c520270_0, 0, 4;
    %pushi/vec4 3, 0, 4;
    %store/vec4 v0x7ff25c5201c0_0, 0, 4;
    %jmp T_7.16;
T_7.14 ;
    %pushi/vec4 1, 0, 4;
    %store/vec4 v0x7ff25c520270_0, 0, 4;
    %pushi/vec4 4, 0, 4;
    %store/vec4 v0x7ff25c5201c0_0, 0, 4;
    %jmp T_7.16;
T_7.15 ;
    %pushi/vec4 1, 0, 4;
    %store/vec4 v0x7ff25c520270_0, 0, 4;
    %pushi/vec4 5, 0, 4;
    %store/vec4 v0x7ff25c5201c0_0, 0, 4;
    %jmp T_7.16;
T_7.16 ;
    %pop/vec4 1;
    %jmp T_7;
    .thread T_7, $push;
    .scope S_0x7ff25c50e140;
T_8 ;
    %delay 1, 0;
    %load/vec4 v0x7ff25c520f10_0;
    %inv;
    %store/vec4 v0x7ff25c520f10_0, 0, 1;
    %jmp T_8;
    .thread T_8;
    .scope S_0x7ff25c50e140;
T_9 ;
    %vpi_call 2 36 "$dumpfile", "wave.vcd" {0 0 0};
    %vpi_call 2 37 "$dumpvars", 32'sb00000000000000000000000000000000, S_0x7ff25c50e140 {0 0 0};
    %vpi_call 2 38 "$write", "\012 test the sequence generator\012\012" {0 0 0};
    %vpi_call 2 39 "$write", "  A  | WXYZ\012" {0 0 0};
    %vpi_call 2 40 "$write", " ----------\012" {0 0 0};
    %pushi/vec4 0, 0, 1;
    %store/vec4 v0x7ff25c520e30_0, 0, 1;
    %pushi/vec4 0, 0, 1;
    %store/vec4 v0x7ff25c521080_0, 0, 1;
    %pushi/vec4 0, 0, 1;
    %store/vec4 v0x7ff25c520f10_0, 0, 1;
    %pushi/vec4 0, 0, 32;
    %store/vec4 v0x7ff25c520ff0_0, 0, 32;
T_9.0 ;
    %load/vec4 v0x7ff25c520ff0_0;
    %cmpi/s 9, 0, 32;
    %jmp/0xz T_9.1, 5;
    %delay 25000019, 0;
    %load/vec4 v0x7ff25c521150_0;
    %store/vec4 v0x7ff25c520cf0_0, 0, 7;
    %load/vec4 v0x7ff25c521260_0;
    %store/vec4 v0x7ff25c520d80_0, 0, 7;
    %load/vec4 v0x7ff25c520e30_0;
    %store/vec4 v0x7ff25c520c60_0, 0, 1;
    %fork TD_tb.dispR, S_0x7ff25c520aa0;
    %join;
    %delay 24999979, 0;
    %load/vec4 v0x7ff25c520ff0_0;
    %addi 1, 0, 32;
    %store/vec4 v0x7ff25c520ff0_0, 0, 32;
    %jmp T_9.0;
T_9.1 ;
    %vpi_call 2 50 "$write", " ----------\012" {0 0 0};
    %pushi/vec4 1, 0, 1;
    %store/vec4 v0x7ff25c521080_0, 0, 1;
    %delay 49999998, 0;
    %pushi/vec4 0, 0, 1;
    %store/vec4 v0x7ff25c521080_0, 0, 1;
    %pushi/vec4 1, 0, 1;
    %store/vec4 v0x7ff25c520e30_0, 0, 1;
    %pushi/vec4 0, 0, 32;
    %store/vec4 v0x7ff25c520ff0_0, 0, 32;
T_9.2 ;
    %load/vec4 v0x7ff25c520ff0_0;
    %cmpi/s 9, 0, 32;
    %jmp/0xz T_9.3, 5;
    %delay 25000019, 0;
    %load/vec4 v0x7ff25c521150_0;
    %store/vec4 v0x7ff25c520cf0_0, 0, 7;
    %load/vec4 v0x7ff25c521260_0;
    %store/vec4 v0x7ff25c520d80_0, 0, 7;
    %load/vec4 v0x7ff25c520e30_0;
    %store/vec4 v0x7ff25c520c60_0, 0, 1;
    %fork TD_tb.dispR, S_0x7ff25c520aa0;
    %join;
    %delay 24999979, 0;
    %load/vec4 v0x7ff25c520ff0_0;
    %addi 1, 0, 32;
    %store/vec4 v0x7ff25c520ff0_0, 0, 32;
    %jmp T_9.2;
T_9.3 ;
    %vpi_call 2 62 "$write", "\011\011\011\011 ~ ~ ~ TEST COMPLETE ~ ~ ~\012\012" {0 0 0};
    %vpi_call 2 63 "$finish" {0 0 0};
    %end;
    .thread T_9;
# The file index is used to find the file name in the following table.
:file_names 3;
    "N/A";
    "<interactive>";
    "seqGen_q.v";
