#! /usr/local/Cellar/icarus-verilog/11.0/bin/vvp
:ivl_version "11.0 (stable)";
:ivl_delay_selection "TYPICAL";
:vpi_time_precision - 9;
:vpi_module "/usr/local/Cellar/icarus-verilog/11.0/lib/ivl/system.vpi";
:vpi_module "/usr/local/Cellar/icarus-verilog/11.0/lib/ivl/vhdl_sys.vpi";
:vpi_module "/usr/local/Cellar/icarus-verilog/11.0/lib/ivl/vhdl_textio.vpi";
:vpi_module "/usr/local/Cellar/icarus-verilog/11.0/lib/ivl/v2005_math.vpi";
:vpi_module "/usr/local/Cellar/icarus-verilog/11.0/lib/ivl/va_math.vpi";
S_0x7fb798c19490 .scope module, "tb" "tb" 2 12;
 .timescale -9 -9;
v0x7fb798c598f0_0 .var/i "ii", 31 0;
v0x7fb798c599b0_0 .var "inA", 3 0;
v0x7fb798c59a50_0 .var "inB", 3 0;
v0x7fb798c59b20_0 .var "inC", 0 0;
v0x7fb798c59bf0_0 .var/i "jj", 31 0;
v0x7fb798c59cc0_0 .var/i "seed", 31 0;
v0x7fb798c59d50_0 .net "seg1", 6 0, v0x7fb798c570f0_0;  1 drivers
v0x7fb798c59e30_0 .net "seg2", 6 0, v0x7fb798c57600_0;  1 drivers
v0x7fb798c59f00_0 .net "segSign", 6 0, v0x7fb798c56840_0;  1 drivers
v0x7fb798c5a010_0 .var "sel", 2 0;
S_0x7fb798c04720 .scope module, "DUT" "topMod" 2 27, 2 233 0, S_0x7fb798c19490;
 .timescale -9 -9;
    .port_info 0 /OUTPUT 7 "dispSign";
    .port_info 1 /OUTPUT 7 "disp2";
    .port_info 2 /OUTPUT 7 "disp1";
    .port_info 3 /INPUT 3 "operate";
    .port_info 4 /INPUT 4 "inpA";
    .port_info 5 /INPUT 4 "inpB";
    .port_info 6 /INPUT 1 "Cin";
v0x7fb798c57c80_0 .net "Cin", 0 0, v0x7fb798c59b20_0;  1 drivers
v0x7fb798c57d20_0 .net "disp1", 6 0, v0x7fb798c570f0_0;  alias, 1 drivers
v0x7fb798c57dd0_0 .net "disp2", 6 0, v0x7fb798c57600_0;  alias, 1 drivers
v0x7fb798c57ea0_0 .net "dispSign", 6 0, v0x7fb798c56840_0;  alias, 1 drivers
v0x7fb798c57f50_0 .net "inpA", 3 0, v0x7fb798c599b0_0;  1 drivers
v0x7fb798c58020_0 .net "inpB", 3 0, v0x7fb798c59a50_0;  1 drivers
v0x7fb798c580d0_0 .net "onez", 3 0, v0x7fb798c57ac0_0;  1 drivers
v0x7fb798c581a0_0 .net "operate", 2 0, v0x7fb798c5a010_0;  1 drivers
v0x7fb798c58230_0 .net "temp", 4 0, v0x7fb798c56b20_0;  1 drivers
v0x7fb798c58340_0 .net "tenz", 3 0, v0x7fb798c57b90_0;  1 drivers
S_0x7fb798c04890 .scope module, "alu" "myALU" 2 246, 2 276 0, S_0x7fb798c04720;
 .timescale -9 -9;
    .port_info 0 /OUTPUT 5 "out_y";
    .port_info 1 /OUTPUT 7 "d_sin";
    .port_info 2 /INPUT 3 "selector";
    .port_info 3 /INPUT 4 "in_a";
    .port_info 4 /INPUT 4 "in_b";
    .port_info 5 /INPUT 1 "in_c";
v0x7fb798c22880_0 .var "catch", 4 0;
v0x7fb798c56840_0 .var "d_sin", 6 0;
v0x7fb798c568e0_0 .net "in_a", 3 0, v0x7fb798c599b0_0;  alias, 1 drivers
v0x7fb798c56990_0 .net "in_b", 3 0, v0x7fb798c59a50_0;  alias, 1 drivers
v0x7fb798c56a40_0 .net "in_c", 0 0, v0x7fb798c59b20_0;  alias, 1 drivers
v0x7fb798c56b20_0 .var "out_y", 4 0;
v0x7fb798c56bd0_0 .net "selector", 2 0, v0x7fb798c5a010_0;  alias, 1 drivers
E_0x7fb798c1bb00/0 .event edge, v0x7fb798c56bd0_0, v0x7fb798c568e0_0, v0x7fb798c56b20_0, v0x7fb798c56990_0;
E_0x7fb798c1bb00/1 .event edge, v0x7fb798c56a40_0, v0x7fb798c22880_0;
E_0x7fb798c1bb00 .event/or E_0x7fb798c1bb00/0, E_0x7fb798c1bb00/1;
S_0x7fb798c56d10 .scope module, "dig1" "seg7_dig" 2 266, 2 353 0, S_0x7fb798c04720;
 .timescale -9 -9;
    .port_info 0 /INPUT 4 "cntl_4bit";
    .port_info 1 /OUTPUT 7 "disp_4bit";
P_0x7fb798c56ed0 .param/l "OFF" 0 2 359, C4<1>;
P_0x7fb798c56f10 .param/l "ON" 0 2 358, C4<0>;
v0x7fb798c57030_0 .net "cntl_4bit", 3 0, v0x7fb798c57ac0_0;  alias, 1 drivers
v0x7fb798c570f0_0 .var "disp_4bit", 6 0;
E_0x7fb798c57000 .event edge, v0x7fb798c57030_0;
S_0x7fb798c571d0 .scope module, "dig2" "seg7_dig" 2 261, 2 353 0, S_0x7fb798c04720;
 .timescale -9 -9;
    .port_info 0 /INPUT 4 "cntl_4bit";
    .port_info 1 /OUTPUT 7 "disp_4bit";
P_0x7fb798c573b0 .param/l "OFF" 0 2 359, C4<1>;
P_0x7fb798c573f0 .param/l "ON" 0 2 358, C4<0>;
v0x7fb798c57540_0 .net "cntl_4bit", 3 0, v0x7fb798c57b90_0;  alias, 1 drivers
v0x7fb798c57600_0 .var "disp_4bit", 6 0;
E_0x7fb798c574f0 .event edge, v0x7fb798c57540_0;
S_0x7fb798c576e0 .scope module, "getDigs" "my_bcd" 2 255, 2 408 0, S_0x7fb798c04720;
 .timescale -9 -9;
    .port_info 0 /OUTPUT 4 "tens";
    .port_info 1 /OUTPUT 4 "ones";
    .port_info 2 /INPUT 5 "bin_in";
v0x7fb798c57950_0 .net "bin_in", 4 0, v0x7fb798c56b20_0;  alias, 1 drivers
v0x7fb798c57a20_0 .var/i "idx", 31 0;
v0x7fb798c57ac0_0 .var "ones", 3 0;
v0x7fb798c57b90_0 .var "tens", 3 0;
E_0x7fb798c57910 .event edge, v0x7fb798c56b20_0;
S_0x7fb798c584b0 .scope autotask, "bcd2digs" "bcd2digs" 2 192, 2 192 0, S_0x7fb798c19490;
 .timescale -9 -9;
v0x7fb798c58670_0 .var/i "d1", 31 0;
v0x7fb798c58700_0 .var/i "d2", 31 0;
v0x7fb798c58790_0 .var "seg11", 6 0;
v0x7fb798c58840_0 .var "seg22", 6 0;
TD_tb.bcd2digs ;
    %load/vec4 v0x7fb798c58840_0;
    %dup/vec4;
    %pushi/vec4 64, 0, 7;
    %cmp/u;
    %jmp/1 T_0.0, 6;
    %dup/vec4;
    %pushi/vec4 121, 0, 7;
    %cmp/u;
    %jmp/1 T_0.1, 6;
    %dup/vec4;
    %pushi/vec4 36, 0, 7;
    %cmp/u;
    %jmp/1 T_0.2, 6;
    %dup/vec4;
    %pushi/vec4 48, 0, 7;
    %cmp/u;
    %jmp/1 T_0.3, 6;
    %dup/vec4;
    %pushi/vec4 25, 0, 7;
    %cmp/u;
    %jmp/1 T_0.4, 6;
    %dup/vec4;
    %pushi/vec4 18, 0, 7;
    %cmp/u;
    %jmp/1 T_0.5, 6;
    %dup/vec4;
    %pushi/vec4 2, 0, 7;
    %cmp/u;
    %jmp/1 T_0.6, 6;
    %dup/vec4;
    %pushi/vec4 120, 0, 7;
    %cmp/u;
    %jmp/1 T_0.7, 6;
    %dup/vec4;
    %pushi/vec4 0, 0, 7;
    %cmp/u;
    %jmp/1 T_0.8, 6;
    %dup/vec4;
    %pushi/vec4 24, 0, 7;
    %cmp/u;
    %jmp/1 T_0.9, 6;
    %pushi/vec4 4294966297, 0, 32;
    %store/vec4 v0x7fb798c58700_0, 0, 32;
    %jmp T_0.11;
T_0.0 ;
    %pushi/vec4 0, 0, 32;
    %store/vec4 v0x7fb798c58700_0, 0, 32;
    %jmp T_0.11;
T_0.1 ;
    %pushi/vec4 1, 0, 32;
    %store/vec4 v0x7fb798c58700_0, 0, 32;
    %jmp T_0.11;
T_0.2 ;
    %pushi/vec4 2, 0, 32;
    %store/vec4 v0x7fb798c58700_0, 0, 32;
    %jmp T_0.11;
T_0.3 ;
    %pushi/vec4 3, 0, 32;
    %store/vec4 v0x7fb798c58700_0, 0, 32;
    %jmp T_0.11;
T_0.4 ;
    %pushi/vec4 4, 0, 32;
    %store/vec4 v0x7fb798c58700_0, 0, 32;
    %jmp T_0.11;
T_0.5 ;
    %pushi/vec4 5, 0, 32;
    %store/vec4 v0x7fb798c58700_0, 0, 32;
    %jmp T_0.11;
T_0.6 ;
    %pushi/vec4 6, 0, 32;
    %store/vec4 v0x7fb798c58700_0, 0, 32;
    %jmp T_0.11;
T_0.7 ;
    %pushi/vec4 7, 0, 32;
    %store/vec4 v0x7fb798c58700_0, 0, 32;
    %jmp T_0.11;
T_0.8 ;
    %pushi/vec4 8, 0, 32;
    %store/vec4 v0x7fb798c58700_0, 0, 32;
    %jmp T_0.11;
T_0.9 ;
    %pushi/vec4 9, 0, 32;
    %store/vec4 v0x7fb798c58700_0, 0, 32;
    %jmp T_0.11;
T_0.11 ;
    %pop/vec4 1;
    %load/vec4 v0x7fb798c58790_0;
    %dup/vec4;
    %pushi/vec4 64, 0, 7;
    %cmp/u;
    %jmp/1 T_0.12, 6;
    %dup/vec4;
    %pushi/vec4 121, 0, 7;
    %cmp/u;
    %jmp/1 T_0.13, 6;
    %dup/vec4;
    %pushi/vec4 36, 0, 7;
    %cmp/u;
    %jmp/1 T_0.14, 6;
    %dup/vec4;
    %pushi/vec4 48, 0, 7;
    %cmp/u;
    %jmp/1 T_0.15, 6;
    %dup/vec4;
    %pushi/vec4 25, 0, 7;
    %cmp/u;
    %jmp/1 T_0.16, 6;
    %dup/vec4;
    %pushi/vec4 18, 0, 7;
    %cmp/u;
    %jmp/1 T_0.17, 6;
    %dup/vec4;
    %pushi/vec4 2, 0, 7;
    %cmp/u;
    %jmp/1 T_0.18, 6;
    %dup/vec4;
    %pushi/vec4 120, 0, 7;
    %cmp/u;
    %jmp/1 T_0.19, 6;
    %dup/vec4;
    %pushi/vec4 0, 0, 7;
    %cmp/u;
    %jmp/1 T_0.20, 6;
    %dup/vec4;
    %pushi/vec4 24, 0, 7;
    %cmp/u;
    %jmp/1 T_0.21, 6;
    %pushi/vec4 4294966297, 0, 32;
    %store/vec4 v0x7fb798c58670_0, 0, 32;
    %jmp T_0.23;
T_0.12 ;
    %pushi/vec4 0, 0, 32;
    %store/vec4 v0x7fb798c58670_0, 0, 32;
    %jmp T_0.23;
T_0.13 ;
    %pushi/vec4 1, 0, 32;
    %store/vec4 v0x7fb798c58670_0, 0, 32;
    %jmp T_0.23;
T_0.14 ;
    %pushi/vec4 2, 0, 32;
    %store/vec4 v0x7fb798c58670_0, 0, 32;
    %jmp T_0.23;
T_0.15 ;
    %pushi/vec4 3, 0, 32;
    %store/vec4 v0x7fb798c58670_0, 0, 32;
    %jmp T_0.23;
T_0.16 ;
    %pushi/vec4 4, 0, 32;
    %store/vec4 v0x7fb798c58670_0, 0, 32;
    %jmp T_0.23;
T_0.17 ;
    %pushi/vec4 5, 0, 32;
    %store/vec4 v0x7fb798c58670_0, 0, 32;
    %jmp T_0.23;
T_0.18 ;
    %pushi/vec4 6, 0, 32;
    %store/vec4 v0x7fb798c58670_0, 0, 32;
    %jmp T_0.23;
T_0.19 ;
    %pushi/vec4 7, 0, 32;
    %store/vec4 v0x7fb798c58670_0, 0, 32;
    %jmp T_0.23;
T_0.20 ;
    %pushi/vec4 8, 0, 32;
    %store/vec4 v0x7fb798c58670_0, 0, 32;
    %jmp T_0.23;
T_0.21 ;
    %pushi/vec4 9, 0, 32;
    %store/vec4 v0x7fb798c58670_0, 0, 32;
    %jmp T_0.23;
T_0.23 ;
    %pop/vec4 1;
    %end;
S_0x7fb798c588f0 .scope autotask, "getRand" "getRand" 2 59, 2 59 0, S_0x7fb798c19490;
 .timescale -9 -9;
v0x7fb798c58ad0_0 .var/i "idx", 31 0;
v0x7fb798c58b80_0 .var "out_A", 3 0;
v0x7fb798c58c30_0 .var "out_B", 3 0;
v0x7fb798c58cf0_0 .var "out_C", 0 0;
TD_tb.getRand ;
    %vpi_func 2 65 "$random" 32, v0x7fb798c59cc0_0 {0 0 0};
    %pushi/vec4 2, 0, 32;
    %mod/s;
    %pad/s 1;
    %store/vec4 v0x7fb798c58cf0_0, 0, 1;
    %pushi/vec4 0, 0, 32;
    %store/vec4 v0x7fb798c58ad0_0, 0, 32;
T_1.24 ;
    %load/vec4 v0x7fb798c58ad0_0;
    %cmpi/s 4, 0, 32;
    %jmp/0xz T_1.25, 5;
    %vpi_func 2 67 "$random" 32, v0x7fb798c59cc0_0 {0 0 0};
    %pushi/vec4 2, 0, 32;
    %mod/s;
    %pad/s 1;
    %ix/getv/s 4, v0x7fb798c58ad0_0;
    %store/vec4 v0x7fb798c58b80_0, 4, 1;
    %vpi_func 2 68 "$random" 32, v0x7fb798c59cc0_0 {0 0 0};
    %pushi/vec4 2, 0, 32;
    %mod/s;
    %pad/s 1;
    %ix/getv/s 4, v0x7fb798c58ad0_0;
    %store/vec4 v0x7fb798c58c30_0, 4, 1;
    %load/vec4 v0x7fb798c58ad0_0;
    %addi 1, 0, 32;
    %store/vec4 v0x7fb798c58ad0_0, 0, 32;
    %jmp T_1.24;
T_1.25 ;
    %end;
S_0x7fb798c58d90 .scope autotask, "showResults" "showResults" 2 73, 2 73 0, S_0x7fb798c19490;
 .timescale -9 -9;
v0x7fb798c58f50_0 .var/i "d1", 31 0;
v0x7fb798c59010_0 .var/i "d2", 31 0;
v0x7fb798c590c0_0 .var "inAA", 3 0;
v0x7fb798c59180_0 .var "inBB", 3 0;
v0x7fb798c59230_0 .var "inCC", 0 0;
v0x7fb798c59310_0 .var "seg_1", 6 0;
v0x7fb798c593c0_0 .var "seg_2", 6 0;
v0x7fb798c59470_0 .var "seg_s", 6 0;
v0x7fb798c59520_0 .var "sell", 2 0;
v0x7fb798c59630_0 .var/i "tempA", 31 0;
v0x7fb798c596e0_0 .var/i "tempB", 31 0;
v0x7fb798c59790_0 .var/i "tempC", 31 0;
v0x7fb798c59840_0 .var/i "tempRes", 31 0;
TD_tb.showResults ;
    %load/vec4 v0x7fb798c590c0_0;
    %pad/u 32;
    %store/vec4 v0x7fb798c59630_0, 0, 32;
    %load/vec4 v0x7fb798c59180_0;
    %pad/u 32;
    %store/vec4 v0x7fb798c596e0_0, 0, 32;
    %load/vec4 v0x7fb798c59230_0;
    %pad/u 32;
    %store/vec4 v0x7fb798c59790_0, 0, 32;
    %alloc S_0x7fb798c584b0;
    %load/vec4 v0x7fb798c593c0_0;
    %store/vec4 v0x7fb798c58840_0, 0, 7;
    %load/vec4 v0x7fb798c59310_0;
    %store/vec4 v0x7fb798c58790_0, 0, 7;
    %fork TD_tb.bcd2digs, S_0x7fb798c584b0;
    %join;
    %load/vec4 v0x7fb798c58700_0;
    %store/vec4 v0x7fb798c59010_0, 0, 32;
    %load/vec4 v0x7fb798c58670_0;
    %store/vec4 v0x7fb798c58f50_0, 0, 32;
    %free S_0x7fb798c584b0;
    %load/vec4 v0x7fb798c59520_0;
    %dup/vec4;
    %pushi/vec4 0, 0, 3;
    %cmp/u;
    %jmp/1 T_2.26, 6;
    %dup/vec4;
    %pushi/vec4 1, 0, 3;
    %cmp/u;
    %jmp/1 T_2.27, 6;
    %dup/vec4;
    %pushi/vec4 2, 0, 3;
    %cmp/u;
    %jmp/1 T_2.28, 6;
    %dup/vec4;
    %pushi/vec4 3, 0, 3;
    %cmp/u;
    %jmp/1 T_2.29, 6;
    %dup/vec4;
    %pushi/vec4 4, 0, 3;
    %cmp/u;
    %jmp/1 T_2.30, 6;
    %dup/vec4;
    %pushi/vec4 5, 0, 3;
    %cmp/u;
    %jmp/1 T_2.31, 6;
    %dup/vec4;
    %pushi/vec4 6, 0, 3;
    %cmp/u;
    %jmp/1 T_2.32, 6;
    %dup/vec4;
    %pushi/vec4 7, 0, 3;
    %cmp/u;
    %jmp/1 T_2.33, 6;
    %jmp T_2.34;
T_2.26 ;
    %load/vec4 v0x7fb798c59630_0;
    %addi 1, 0, 32;
    %store/vec4 v0x7fb798c59840_0, 0, 32;
    %load/vec4 v0x7fb798c59470_0;
    %cmpi/e 126, 0, 7;
    %jmp/0xz  T_2.35, 4;
    %vpi_call 2 100 "$write", " %4b  %4b  %1b    |    %1d%1d  ,  OVERFLOW  ", v0x7fb798c590c0_0, v0x7fb798c59180_0, v0x7fb798c59230_0, v0x7fb798c59010_0, v0x7fb798c58f50_0 {0 0 0};
    %vpi_call 2 102 "$write", "%2d + 1 =  %2d  <>  %3b increment\012", v0x7fb798c59630_0, v0x7fb798c59840_0, v0x7fb798c59520_0 {0 0 0};
    %jmp T_2.36;
T_2.35 ;
    %vpi_call 2 106 "$write", " %4b  %4b  %1b    |    %1d%1d  ,  ", v0x7fb798c590c0_0, v0x7fb798c59180_0, v0x7fb798c59230_0, v0x7fb798c59010_0, v0x7fb798c58f50_0 {0 0 0};
    %vpi_call 2 108 "$write", "%2d + 1 =  %2d  <>  %3b increment\012", v0x7fb798c59630_0, v0x7fb798c59840_0, v0x7fb798c59520_0 {0 0 0};
T_2.36 ;
    %jmp T_2.34;
T_2.27 ;
    %load/vec4 v0x7fb798c59630_0;
    %subi 1, 0, 32;
    %store/vec4 v0x7fb798c59840_0, 0, 32;
    %load/vec4 v0x7fb798c59470_0;
    %cmpi/e 63, 0, 7;
    %jmp/0xz  T_2.37, 4;
    %vpi_call 2 116 "$write", " %4b  %4b  %1b    |    %1d%1d  ,  NEGATIVE  ", v0x7fb798c590c0_0, v0x7fb798c59180_0, v0x7fb798c59230_0, v0x7fb798c59010_0, v0x7fb798c58f50_0 {0 0 0};
    %vpi_call 2 118 "$write", "%2d - 1 =  %2d  <>  %3b decrement\012", v0x7fb798c59630_0, v0x7fb798c59840_0, v0x7fb798c59520_0 {0 0 0};
    %jmp T_2.38;
T_2.37 ;
    %vpi_call 2 122 "$write", " %4b  %4b  %1b    |    %1d%1d  ,  ", v0x7fb798c590c0_0, v0x7fb798c59180_0, v0x7fb798c59230_0, v0x7fb798c59010_0, v0x7fb798c58f50_0 {0 0 0};
    %vpi_call 2 124 "$write", "%2d - 1 =  %2d  <>  %3b decrement\012", v0x7fb798c59630_0, v0x7fb798c59840_0, v0x7fb798c59520_0 {0 0 0};
T_2.38 ;
    %jmp T_2.34;
T_2.28 ;
    %vpi_call 2 130 "$write", " %4b  %4b  %1b    |    %1d%1d  ,  ", v0x7fb798c590c0_0, v0x7fb798c59180_0, v0x7fb798c59230_0, v0x7fb798c59010_0, v0x7fb798c58f50_0 {0 0 0};
    %vpi_call 2 132 "$write", "<>  %3b rotate right\012", v0x7fb798c59520_0 {0 0 0};
    %jmp T_2.34;
T_2.29 ;
    %vpi_call 2 137 "$write", " %4b  %4b  %1b    |    %1d%1d  ,  ", v0x7fb798c590c0_0, v0x7fb798c59180_0, v0x7fb798c59230_0, v0x7fb798c59010_0, v0x7fb798c58f50_0 {0 0 0};
    %vpi_call 2 139 "$write", "<>  %3b shift right\012", v0x7fb798c59520_0 {0 0 0};
    %jmp T_2.34;
T_2.30 ;
    %vpi_call 2 144 "$write", " %4b  %4b  %1b    |    %1d%1d  ,  ", v0x7fb798c590c0_0, v0x7fb798c59180_0, v0x7fb798c59230_0, v0x7fb798c59010_0, v0x7fb798c58f50_0 {0 0 0};
    %vpi_call 2 146 "$write", "<>  %3b AND\012", v0x7fb798c59520_0 {0 0 0};
    %jmp T_2.34;
T_2.31 ;
    %vpi_call 2 151 "$write", " %4b  %4b  %1b    |    %1d%1d  ,  ", v0x7fb798c590c0_0, v0x7fb798c59180_0, v0x7fb798c59230_0, v0x7fb798c59010_0, v0x7fb798c58f50_0 {0 0 0};
    %vpi_call 2 153 "$write", "<>  %3b OR\012", v0x7fb798c59520_0 {0 0 0};
    %jmp T_2.34;
T_2.32 ;
    %load/vec4 v0x7fb798c59630_0;
    %load/vec4 v0x7fb798c596e0_0;
    %add;
    %load/vec4 v0x7fb798c59790_0;
    %add;
    %store/vec4 v0x7fb798c59840_0, 0, 32;
    %load/vec4 v0x7fb798c59470_0;
    %cmpi/e 126, 0, 7;
    %jmp/0xz  T_2.39, 4;
    %vpi_call 2 160 "$write", " %4b  %4b  %1b    |    %1d%1d  ,  OVERFLOW  ", v0x7fb798c590c0_0, v0x7fb798c59180_0, v0x7fb798c59230_0, v0x7fb798c59010_0, v0x7fb798c58f50_0 {0 0 0};
    %vpi_call 2 162 "$write", "%2d + %2d + %1d =  %2d  <>  %3b addition\012", v0x7fb798c59630_0, v0x7fb798c596e0_0, v0x7fb798c59790_0, v0x7fb798c59840_0, v0x7fb798c59520_0 {0 0 0};
    %jmp T_2.40;
T_2.39 ;
    %vpi_call 2 166 "$write", " %4b  %4b  %1b    |    %1d%1d  ,  ", v0x7fb798c590c0_0, v0x7fb798c59180_0, v0x7fb798c59230_0, v0x7fb798c59010_0, v0x7fb798c58f50_0 {0 0 0};
    %vpi_call 2 168 "$write", "%2d + %2d + %1d =  %2d  <>  %3b addition\012", v0x7fb798c59630_0, v0x7fb798c596e0_0, v0x7fb798c59790_0, v0x7fb798c59840_0, v0x7fb798c59520_0 {0 0 0};
T_2.40 ;
    %jmp T_2.34;
T_2.33 ;
    %load/vec4 v0x7fb798c59630_0;
    %load/vec4 v0x7fb798c596e0_0;
    %sub;
    %load/vec4 v0x7fb798c59790_0;
    %sub;
    %store/vec4 v0x7fb798c59840_0, 0, 32;
    %load/vec4 v0x7fb798c59470_0;
    %cmpi/e 63, 0, 7;
    %jmp/0xz  T_2.41, 4;
    %vpi_call 2 176 "$write", " %4b  %4b  %1b    |    %1d%1d  ,  NEGATIVE  ", v0x7fb798c590c0_0, v0x7fb798c59180_0, v0x7fb798c59230_0, v0x7fb798c59010_0, v0x7fb798c58f50_0 {0 0 0};
    %vpi_call 2 178 "$write", "%2d - %2d - %1d =  %2d  <>  %3b subtraction\012", v0x7fb798c59630_0, v0x7fb798c596e0_0, v0x7fb798c59790_0, v0x7fb798c59840_0, v0x7fb798c59520_0 {0 0 0};
    %jmp T_2.42;
T_2.41 ;
    %vpi_call 2 182 "$write", " %4b  %4b  %1b    |    %1d%1d  ,  ", v0x7fb798c590c0_0, v0x7fb798c59180_0, v0x7fb798c59230_0, v0x7fb798c59010_0, v0x7fb798c58f50_0 {0 0 0};
    %vpi_call 2 184 "$write", "%2d - %2d - %1d =  %2d  <>  %3b subtraction\012", v0x7fb798c59630_0, v0x7fb798c596e0_0, v0x7fb798c59790_0, v0x7fb798c59840_0, v0x7fb798c59520_0 {0 0 0};
T_2.42 ;
    %jmp T_2.34;
T_2.34 ;
    %pop/vec4 1;
    %end;
    .scope S_0x7fb798c04890;
T_3 ;
    %wait E_0x7fb798c1bb00;
    %pushi/vec4 127, 0, 7;
    %store/vec4 v0x7fb798c56840_0, 0, 7;
    %load/vec4 v0x7fb798c56bd0_0;
    %dup/vec4;
    %pushi/vec4 0, 0, 3;
    %cmp/u;
    %jmp/1 T_3.0, 6;
    %dup/vec4;
    %pushi/vec4 1, 0, 3;
    %cmp/u;
    %jmp/1 T_3.1, 6;
    %dup/vec4;
    %pushi/vec4 2, 0, 3;
    %cmp/u;
    %jmp/1 T_3.2, 6;
    %dup/vec4;
    %pushi/vec4 3, 0, 3;
    %cmp/u;
    %jmp/1 T_3.3, 6;
    %dup/vec4;
    %pushi/vec4 4, 0, 3;
    %cmp/u;
    %jmp/1 T_3.4, 6;
    %dup/vec4;
    %pushi/vec4 5, 0, 3;
    %cmp/u;
    %jmp/1 T_3.5, 6;
    %dup/vec4;
    %pushi/vec4 6, 0, 3;
    %cmp/u;
    %jmp/1 T_3.6, 6;
    %dup/vec4;
    %pushi/vec4 7, 0, 3;
    %cmp/u;
    %jmp/1 T_3.7, 6;
    %jmp T_3.8;
T_3.0 ;
    %load/vec4 v0x7fb798c568e0_0;
    %pad/u 5;
    %addi 1, 0, 5;
    %store/vec4 v0x7fb798c56b20_0, 0, 5;
    %load/vec4 v0x7fb798c56b20_0;
    %parti/s 1, 4, 4;
    %cmpi/e 1, 0, 1;
    %jmp/0xz  T_3.9, 4;
    %pushi/vec4 126, 0, 7;
    %store/vec4 v0x7fb798c56840_0, 0, 7;
T_3.9 ;
    %jmp T_3.8;
T_3.1 ;
    %load/vec4 v0x7fb798c568e0_0;
    %cmpi/e 0, 0, 4;
    %jmp/0xz  T_3.11, 4;
    %pushi/vec4 63, 0, 7;
    %store/vec4 v0x7fb798c56840_0, 0, 7;
    %pushi/vec4 1, 0, 5;
    %store/vec4 v0x7fb798c56b20_0, 0, 5;
    %jmp T_3.12;
T_3.11 ;
    %load/vec4 v0x7fb798c568e0_0;
    %pad/u 5;
    %subi 1, 0, 5;
    %store/vec4 v0x7fb798c56b20_0, 0, 5;
T_3.12 ;
    %jmp T_3.8;
T_3.2 ;
    %load/vec4 v0x7fb798c568e0_0;
    %parti/s 3, 0, 2;
    %load/vec4 v0x7fb798c568e0_0;
    %parti/s 1, 3, 3;
    %concat/vec4; draw_concat_vec4
    %pad/u 5;
    %store/vec4 v0x7fb798c56b20_0, 0, 5;
    %jmp T_3.8;
T_3.3 ;
    %load/vec4 v0x7fb798c568e0_0;
    %pad/u 5;
    %ix/load 4, 1, 0;
    %flag_set/imm 4, 0;
    %shiftr 4;
    %store/vec4 v0x7fb798c56b20_0, 0, 5;
    %jmp T_3.8;
T_3.4 ;
    %load/vec4 v0x7fb798c568e0_0;
    %pad/u 5;
    %load/vec4 v0x7fb798c56990_0;
    %pad/u 5;
    %and;
    %store/vec4 v0x7fb798c56b20_0, 0, 5;
    %jmp T_3.8;
T_3.5 ;
    %load/vec4 v0x7fb798c568e0_0;
    %pad/u 5;
    %load/vec4 v0x7fb798c56990_0;
    %pad/u 5;
    %or;
    %store/vec4 v0x7fb798c56b20_0, 0, 5;
    %jmp T_3.8;
T_3.6 ;
    %load/vec4 v0x7fb798c568e0_0;
    %pad/u 5;
    %load/vec4 v0x7fb798c56990_0;
    %pad/u 5;
    %add;
    %load/vec4 v0x7fb798c56a40_0;
    %pad/u 5;
    %add;
    %store/vec4 v0x7fb798c56b20_0, 0, 5;
    %load/vec4 v0x7fb798c56b20_0;
    %parti/s 1, 4, 4;
    %cmpi/e 1, 0, 1;
    %jmp/0xz  T_3.13, 4;
    %pushi/vec4 126, 0, 7;
    %store/vec4 v0x7fb798c56840_0, 0, 7;
T_3.13 ;
    %jmp T_3.8;
T_3.7 ;
    %load/vec4 v0x7fb798c568e0_0;
    %pad/u 5;
    %load/vec4 v0x7fb798c56990_0;
    %pad/u 5;
    %sub;
    %load/vec4 v0x7fb798c56a40_0;
    %pad/u 5;
    %sub;
    %store/vec4 v0x7fb798c22880_0, 0, 5;
    %load/vec4 v0x7fb798c22880_0;
    %parti/s 1, 4, 4;
    %cmpi/e 1, 0, 1;
    %jmp/0xz  T_3.15, 4;
    %load/vec4 v0x7fb798c22880_0;
    %subi 1, 0, 5;
    %store/vec4 v0x7fb798c22880_0, 0, 5;
    %load/vec4 v0x7fb798c22880_0;
    %inv;
    %store/vec4 v0x7fb798c22880_0, 0, 5;
    %load/vec4 v0x7fb798c22880_0;
    %store/vec4 v0x7fb798c56b20_0, 0, 5;
    %pushi/vec4 63, 0, 7;
    %store/vec4 v0x7fb798c56840_0, 0, 7;
    %jmp T_3.16;
T_3.15 ;
    %load/vec4 v0x7fb798c22880_0;
    %parti/s 4, 0, 2;
    %pad/u 5;
    %store/vec4 v0x7fb798c56b20_0, 0, 5;
T_3.16 ;
    %jmp T_3.8;
T_3.8 ;
    %pop/vec4 1;
    %jmp T_3;
    .thread T_3, $push;
    .scope S_0x7fb798c576e0;
T_4 ;
    %wait E_0x7fb798c57910;
    %pushi/vec4 0, 0, 4;
    %store/vec4 v0x7fb798c57b90_0, 0, 4;
    %pushi/vec4 0, 0, 4;
    %store/vec4 v0x7fb798c57ac0_0, 0, 4;
    %pushi/vec4 4, 0, 32;
    %store/vec4 v0x7fb798c57a20_0, 0, 32;
T_4.0 ;
    %load/vec4 v0x7fb798c57a20_0;
    %cmpi/s 0, 0, 32;
    %flag_inv 5; GE is !LT
    %jmp/0xz T_4.1, 5;
    %load/vec4 v0x7fb798c57b90_0;
    %cmpi/u 5, 0, 4;
    %flag_inv 5; GE is !LT
    %jmp/0xz  T_4.2, 5;
    %load/vec4 v0x7fb798c57b90_0;
    %addi 3, 0, 4;
    %store/vec4 v0x7fb798c57b90_0, 0, 4;
T_4.2 ;
    %load/vec4 v0x7fb798c57ac0_0;
    %cmpi/u 5, 0, 4;
    %flag_inv 5; GE is !LT
    %jmp/0xz  T_4.4, 5;
    %load/vec4 v0x7fb798c57ac0_0;
    %addi 3, 0, 4;
    %store/vec4 v0x7fb798c57ac0_0, 0, 4;
T_4.4 ;
    %load/vec4 v0x7fb798c57b90_0;
    %ix/load 4, 1, 0;
    %flag_set/imm 4, 0;
    %shiftl 4;
    %store/vec4 v0x7fb798c57b90_0, 0, 4;
    %load/vec4 v0x7fb798c57ac0_0;
    %parti/s 1, 3, 3;
    %ix/load 4, 0, 0;
    %flag_set/imm 4, 0;
    %store/vec4 v0x7fb798c57b90_0, 4, 1;
    %load/vec4 v0x7fb798c57ac0_0;
    %ix/load 4, 1, 0;
    %flag_set/imm 4, 0;
    %shiftl 4;
    %store/vec4 v0x7fb798c57ac0_0, 0, 4;
    %load/vec4 v0x7fb798c57950_0;
    %load/vec4 v0x7fb798c57a20_0;
    %part/s 1;
    %ix/load 4, 0, 0;
    %flag_set/imm 4, 0;
    %store/vec4 v0x7fb798c57ac0_0, 4, 1;
    %load/vec4 v0x7fb798c57a20_0;
    %subi 1, 0, 32;
    %store/vec4 v0x7fb798c57a20_0, 0, 32;
    %jmp T_4.0;
T_4.1 ;
    %jmp T_4;
    .thread T_4, $push;
    .scope S_0x7fb798c571d0;
T_5 ;
    %wait E_0x7fb798c574f0;
    %pushi/vec4 127, 0, 7;
    %store/vec4 v0x7fb798c57600_0, 0, 7;
    %load/vec4 v0x7fb798c57540_0;
    %dup/vec4;
    %pushi/vec4 0, 0, 4;
    %cmp/u;
    %jmp/1 T_5.0, 6;
    %dup/vec4;
    %pushi/vec4 1, 0, 4;
    %cmp/u;
    %jmp/1 T_5.1, 6;
    %dup/vec4;
    %pushi/vec4 2, 0, 4;
    %cmp/u;
    %jmp/1 T_5.2, 6;
    %dup/vec4;
    %pushi/vec4 3, 0, 4;
    %cmp/u;
    %jmp/1 T_5.3, 6;
    %dup/vec4;
    %pushi/vec4 4, 0, 4;
    %cmp/u;
    %jmp/1 T_5.4, 6;
    %dup/vec4;
    %pushi/vec4 5, 0, 4;
    %cmp/u;
    %jmp/1 T_5.5, 6;
    %dup/vec4;
    %pushi/vec4 6, 0, 4;
    %cmp/u;
    %jmp/1 T_5.6, 6;
    %dup/vec4;
    %pushi/vec4 7, 0, 4;
    %cmp/u;
    %jmp/1 T_5.7, 6;
    %dup/vec4;
    %pushi/vec4 8, 0, 4;
    %cmp/u;
    %jmp/1 T_5.8, 6;
    %dup/vec4;
    %pushi/vec4 9, 0, 4;
    %cmp/u;
    %jmp/1 T_5.9, 6;
    %jmp T_5.10;
T_5.0 ;
    %pushi/vec4 0, 0, 6;
    %ix/load 4, 0, 0;
    %flag_set/imm 4, 0;
    %store/vec4 v0x7fb798c57600_0, 4, 6;
    %jmp T_5.10;
T_5.1 ;
    %pushi/vec4 0, 0, 2;
    %ix/load 4, 1, 0;
    %flag_set/imm 4, 0;
    %store/vec4 v0x7fb798c57600_0, 4, 2;
    %jmp T_5.10;
T_5.2 ;
    %pushi/vec4 0, 0, 2;
    %ix/load 4, 0, 0;
    %flag_set/imm 4, 0;
    %store/vec4 v0x7fb798c57600_0, 4, 2;
    %pushi/vec4 0, 0, 1;
    %ix/load 4, 6, 0;
    %flag_set/imm 4, 0;
    %store/vec4 v0x7fb798c57600_0, 4, 1;
    %pushi/vec4 0, 0, 2;
    %ix/load 4, 3, 0;
    %flag_set/imm 4, 0;
    %store/vec4 v0x7fb798c57600_0, 4, 2;
    %jmp T_5.10;
T_5.3 ;
    %pushi/vec4 0, 0, 4;
    %ix/load 4, 0, 0;
    %flag_set/imm 4, 0;
    %store/vec4 v0x7fb798c57600_0, 4, 4;
    %pushi/vec4 0, 0, 1;
    %ix/load 4, 6, 0;
    %flag_set/imm 4, 0;
    %store/vec4 v0x7fb798c57600_0, 4, 1;
    %jmp T_5.10;
T_5.4 ;
    %pushi/vec4 0, 0, 2;
    %ix/load 4, 1, 0;
    %flag_set/imm 4, 0;
    %store/vec4 v0x7fb798c57600_0, 4, 2;
    %pushi/vec4 0, 0, 2;
    %ix/load 4, 5, 0;
    %flag_set/imm 4, 0;
    %store/vec4 v0x7fb798c57600_0, 4, 2;
    %jmp T_5.10;
T_5.5 ;
    %pushi/vec4 0, 0, 1;
    %ix/load 4, 0, 0;
    %flag_set/imm 4, 0;
    %store/vec4 v0x7fb798c57600_0, 4, 1;
    %pushi/vec4 0, 0, 2;
    %ix/load 4, 2, 0;
    %flag_set/imm 4, 0;
    %store/vec4 v0x7fb798c57600_0, 4, 2;
    %pushi/vec4 0, 0, 2;
    %ix/load 4, 5, 0;
    %flag_set/imm 4, 0;
    %store/vec4 v0x7fb798c57600_0, 4, 2;
    %jmp T_5.10;
T_5.6 ;
    %pushi/vec4 0, 0, 1;
    %ix/load 4, 0, 0;
    %flag_set/imm 4, 0;
    %store/vec4 v0x7fb798c57600_0, 4, 1;
    %pushi/vec4 0, 0, 5;
    %ix/load 4, 2, 0;
    %flag_set/imm 4, 0;
    %store/vec4 v0x7fb798c57600_0, 4, 5;
    %jmp T_5.10;
T_5.7 ;
    %pushi/vec4 0, 0, 3;
    %ix/load 4, 0, 0;
    %flag_set/imm 4, 0;
    %store/vec4 v0x7fb798c57600_0, 4, 3;
    %jmp T_5.10;
T_5.8 ;
    %pushi/vec4 0, 0, 7;
    %store/vec4 v0x7fb798c57600_0, 0, 7;
    %jmp T_5.10;
T_5.9 ;
    %pushi/vec4 0, 0, 7;
    %store/vec4 v0x7fb798c57600_0, 0, 7;
    %pushi/vec4 3, 0, 2;
    %ix/load 4, 3, 0;
    %flag_set/imm 4, 0;
    %store/vec4 v0x7fb798c57600_0, 4, 2;
    %jmp T_5.10;
T_5.10 ;
    %pop/vec4 1;
    %jmp T_5;
    .thread T_5, $push;
    .scope S_0x7fb798c56d10;
T_6 ;
    %wait E_0x7fb798c57000;
    %pushi/vec4 127, 0, 7;
    %store/vec4 v0x7fb798c570f0_0, 0, 7;
    %load/vec4 v0x7fb798c57030_0;
    %dup/vec4;
    %pushi/vec4 0, 0, 4;
    %cmp/u;
    %jmp/1 T_6.0, 6;
    %dup/vec4;
    %pushi/vec4 1, 0, 4;
    %cmp/u;
    %jmp/1 T_6.1, 6;
    %dup/vec4;
    %pushi/vec4 2, 0, 4;
    %cmp/u;
    %jmp/1 T_6.2, 6;
    %dup/vec4;
    %pushi/vec4 3, 0, 4;
    %cmp/u;
    %jmp/1 T_6.3, 6;
    %dup/vec4;
    %pushi/vec4 4, 0, 4;
    %cmp/u;
    %jmp/1 T_6.4, 6;
    %dup/vec4;
    %pushi/vec4 5, 0, 4;
    %cmp/u;
    %jmp/1 T_6.5, 6;
    %dup/vec4;
    %pushi/vec4 6, 0, 4;
    %cmp/u;
    %jmp/1 T_6.6, 6;
    %dup/vec4;
    %pushi/vec4 7, 0, 4;
    %cmp/u;
    %jmp/1 T_6.7, 6;
    %dup/vec4;
    %pushi/vec4 8, 0, 4;
    %cmp/u;
    %jmp/1 T_6.8, 6;
    %dup/vec4;
    %pushi/vec4 9, 0, 4;
    %cmp/u;
    %jmp/1 T_6.9, 6;
    %jmp T_6.10;
T_6.0 ;
    %pushi/vec4 0, 0, 6;
    %ix/load 4, 0, 0;
    %flag_set/imm 4, 0;
    %store/vec4 v0x7fb798c570f0_0, 4, 6;
    %jmp T_6.10;
T_6.1 ;
    %pushi/vec4 0, 0, 2;
    %ix/load 4, 1, 0;
    %flag_set/imm 4, 0;
    %store/vec4 v0x7fb798c570f0_0, 4, 2;
    %jmp T_6.10;
T_6.2 ;
    %pushi/vec4 0, 0, 2;
    %ix/load 4, 0, 0;
    %flag_set/imm 4, 0;
    %store/vec4 v0x7fb798c570f0_0, 4, 2;
    %pushi/vec4 0, 0, 1;
    %ix/load 4, 6, 0;
    %flag_set/imm 4, 0;
    %store/vec4 v0x7fb798c570f0_0, 4, 1;
    %pushi/vec4 0, 0, 2;
    %ix/load 4, 3, 0;
    %flag_set/imm 4, 0;
    %store/vec4 v0x7fb798c570f0_0, 4, 2;
    %jmp T_6.10;
T_6.3 ;
    %pushi/vec4 0, 0, 4;
    %ix/load 4, 0, 0;
    %flag_set/imm 4, 0;
    %store/vec4 v0x7fb798c570f0_0, 4, 4;
    %pushi/vec4 0, 0, 1;
    %ix/load 4, 6, 0;
    %flag_set/imm 4, 0;
    %store/vec4 v0x7fb798c570f0_0, 4, 1;
    %jmp T_6.10;
T_6.4 ;
    %pushi/vec4 0, 0, 2;
    %ix/load 4, 1, 0;
    %flag_set/imm 4, 0;
    %store/vec4 v0x7fb798c570f0_0, 4, 2;
    %pushi/vec4 0, 0, 2;
    %ix/load 4, 5, 0;
    %flag_set/imm 4, 0;
    %store/vec4 v0x7fb798c570f0_0, 4, 2;
    %jmp T_6.10;
T_6.5 ;
    %pushi/vec4 0, 0, 1;
    %ix/load 4, 0, 0;
    %flag_set/imm 4, 0;
    %store/vec4 v0x7fb798c570f0_0, 4, 1;
    %pushi/vec4 0, 0, 2;
    %ix/load 4, 2, 0;
    %flag_set/imm 4, 0;
    %store/vec4 v0x7fb798c570f0_0, 4, 2;
    %pushi/vec4 0, 0, 2;
    %ix/load 4, 5, 0;
    %flag_set/imm 4, 0;
    %store/vec4 v0x7fb798c570f0_0, 4, 2;
    %jmp T_6.10;
T_6.6 ;
    %pushi/vec4 0, 0, 1;
    %ix/load 4, 0, 0;
    %flag_set/imm 4, 0;
    %store/vec4 v0x7fb798c570f0_0, 4, 1;
    %pushi/vec4 0, 0, 5;
    %ix/load 4, 2, 0;
    %flag_set/imm 4, 0;
    %store/vec4 v0x7fb798c570f0_0, 4, 5;
    %jmp T_6.10;
T_6.7 ;
    %pushi/vec4 0, 0, 3;
    %ix/load 4, 0, 0;
    %flag_set/imm 4, 0;
    %store/vec4 v0x7fb798c570f0_0, 4, 3;
    %jmp T_6.10;
T_6.8 ;
    %pushi/vec4 0, 0, 7;
    %store/vec4 v0x7fb798c570f0_0, 0, 7;
    %jmp T_6.10;
T_6.9 ;
    %pushi/vec4 0, 0, 7;
    %store/vec4 v0x7fb798c570f0_0, 0, 7;
    %pushi/vec4 3, 0, 2;
    %ix/load 4, 3, 0;
    %flag_set/imm 4, 0;
    %store/vec4 v0x7fb798c570f0_0, 4, 2;
    %jmp T_6.10;
T_6.10 ;
    %pop/vec4 1;
    %jmp T_6;
    .thread T_6, $push;
    .scope S_0x7fb798c19490;
T_7 ;
    %pushi/vec4 444, 0, 32;
    %store/vec4 v0x7fb798c59cc0_0, 0, 32;
    %vpi_call 2 39 "$write", "\012 testing the 4-bit unsinged ALU\012\012" {0 0 0};
    %vpi_call 2 40 "$write", " a     b     cin  |  result\012" {0 0 0};
    %vpi_call 2 41 "$write", " ---------------------------\012" {0 0 0};
    %pushi/vec4 0, 0, 32;
    %store/vec4 v0x7fb798c598f0_0, 0, 32;
T_7.0 ;
    %load/vec4 v0x7fb798c598f0_0;
    %cmpi/s 8, 0, 32;
    %jmp/0xz T_7.1, 5;
    %load/vec4 v0x7fb798c598f0_0;
    %pad/s 3;
    %store/vec4 v0x7fb798c5a010_0, 0, 3;
    %pushi/vec4 0, 0, 32;
    %store/vec4 v0x7fb798c59bf0_0, 0, 32;
T_7.2 ;
    %load/vec4 v0x7fb798c59bf0_0;
    %cmpi/s 4, 0, 32;
    %jmp/0xz T_7.3, 5;
    %alloc S_0x7fb798c588f0;
    %fork TD_tb.getRand, S_0x7fb798c588f0;
    %join;
    %load/vec4 v0x7fb798c58b80_0;
    %store/vec4 v0x7fb798c599b0_0, 0, 4;
    %load/vec4 v0x7fb798c58c30_0;
    %store/vec4 v0x7fb798c59a50_0, 0, 4;
    %load/vec4 v0x7fb798c58cf0_0;
    %store/vec4 v0x7fb798c59b20_0, 0, 1;
    %free S_0x7fb798c588f0;
    %delay 10, 0;
    %alloc S_0x7fb798c58d90;
    %load/vec4 v0x7fb798c59f00_0;
    %store/vec4 v0x7fb798c59470_0, 0, 7;
    %load/vec4 v0x7fb798c59e30_0;
    %store/vec4 v0x7fb798c593c0_0, 0, 7;
    %load/vec4 v0x7fb798c59d50_0;
    %store/vec4 v0x7fb798c59310_0, 0, 7;
    %load/vec4 v0x7fb798c5a010_0;
    %store/vec4 v0x7fb798c59520_0, 0, 3;
    %load/vec4 v0x7fb798c599b0_0;
    %store/vec4 v0x7fb798c590c0_0, 0, 4;
    %load/vec4 v0x7fb798c59a50_0;
    %store/vec4 v0x7fb798c59180_0, 0, 4;
    %load/vec4 v0x7fb798c59b20_0;
    %store/vec4 v0x7fb798c59230_0, 0, 1;
    %fork TD_tb.showResults, S_0x7fb798c58d90;
    %join;
    %free S_0x7fb798c58d90;
    %load/vec4 v0x7fb798c59bf0_0;
    %addi 1, 0, 32;
    %store/vec4 v0x7fb798c59bf0_0, 0, 32;
    %jmp T_7.2;
T_7.3 ;
    %vpi_call 2 51 "$write", " ------------------------------\012" {0 0 0};
    %load/vec4 v0x7fb798c598f0_0;
    %addi 1, 0, 32;
    %store/vec4 v0x7fb798c598f0_0, 0, 32;
    %jmp T_7.0;
T_7.1 ;
    %delay 10, 0;
    %vpi_call 2 55 "$write", "\012\012 ~ ~ ~ TEST COMPLETE ~ ~ ~\012\012" {0 0 0};
    %vpi_call 2 56 "$finish" {0 0 0};
    %end;
    .thread T_7;
# The file index is used to find the file name in the following table.
:file_names 3;
    "N/A";
    "<interactive>";
    "alu7.v";
