#! /usr/local/Cellar/icarus-verilog/11.0/bin/vvp
:ivl_version "11.0 (stable)";
:ivl_delay_selection "TYPICAL";
:vpi_time_precision - 9;
:vpi_module "/usr/local/Cellar/icarus-verilog/11.0/lib/ivl/system.vpi";
:vpi_module "/usr/local/Cellar/icarus-verilog/11.0/lib/ivl/vhdl_sys.vpi";
:vpi_module "/usr/local/Cellar/icarus-verilog/11.0/lib/ivl/vhdl_textio.vpi";
:vpi_module "/usr/local/Cellar/icarus-verilog/11.0/lib/ivl/v2005_math.vpi";
:vpi_module "/usr/local/Cellar/icarus-verilog/11.0/lib/ivl/va_math.vpi";
S_0x7f989cc080c0 .scope module, "tb" "tb" 2 16;
 .timescale -9 -9;
v0x7f989cc1f480_0 .var "binz", 4 0;
v0x7f989cc1f530_0 .var/i "idx", 31 0;
v0x7f989cc1f5d0_0 .var/i "int1", 31 0;
v0x7f989cc1f690_0 .var/i "int10", 31 0;
v0x7f989cc1f740_0 .net "onez", 3 0, v0x7f989cc1f2c0_0;  1 drivers
v0x7f989cc1f820_0 .var/i "temp", 31 0;
v0x7f989cc1f8c0_0 .net "tenz", 3 0, v0x7f989cc1f380_0;  1 drivers
S_0x7f989cc08230 .scope module, "DUT" "my_bcd" 2 26, 2 62 0, S_0x7f989cc080c0;
 .timescale -9 -9;
    .port_info 0 /OUTPUT 4 "tens";
    .port_info 1 /OUTPUT 4 "ones";
    .port_info 2 /INPUT 5 "bin_in";
v0x7f989cc04720_0 .net "bin_in", 4 0, v0x7f989cc1f480_0;  1 drivers
v0x7f989cc1f210_0 .var/i "idx", 31 0;
v0x7f989cc1f2c0_0 .var "ones", 3 0;
v0x7f989cc1f380_0 .var "tens", 3 0;
E_0x7f989cc060d0 .event edge, v0x7f989cc04720_0;
    .scope S_0x7f989cc08230;
T_0 ;
    %wait E_0x7f989cc060d0;
    %pushi/vec4 0, 0, 4;
    %store/vec4 v0x7f989cc1f380_0, 0, 4;
    %pushi/vec4 0, 0, 4;
    %store/vec4 v0x7f989cc1f2c0_0, 0, 4;
    %pushi/vec4 4, 0, 32;
    %store/vec4 v0x7f989cc1f210_0, 0, 32;
T_0.0 ;
    %load/vec4 v0x7f989cc1f210_0;
    %cmpi/s 0, 0, 32;
    %flag_inv 5; GE is !LT
    %jmp/0xz T_0.1, 5;
    %load/vec4 v0x7f989cc1f380_0;
    %cmpi/u 5, 0, 4;
    %flag_inv 5; GE is !LT
    %jmp/0xz  T_0.2, 5;
    %load/vec4 v0x7f989cc1f380_0;
    %addi 3, 0, 4;
    %store/vec4 v0x7f989cc1f380_0, 0, 4;
T_0.2 ;
    %load/vec4 v0x7f989cc1f2c0_0;
    %cmpi/u 5, 0, 4;
    %flag_inv 5; GE is !LT
    %jmp/0xz  T_0.4, 5;
    %load/vec4 v0x7f989cc1f2c0_0;
    %addi 3, 0, 4;
    %store/vec4 v0x7f989cc1f2c0_0, 0, 4;
T_0.4 ;
    %load/vec4 v0x7f989cc1f380_0;
    %ix/load 4, 1, 0;
    %flag_set/imm 4, 0;
    %shiftl 4;
    %store/vec4 v0x7f989cc1f380_0, 0, 4;
    %load/vec4 v0x7f989cc1f2c0_0;
    %parti/s 1, 3, 3;
    %ix/load 4, 0, 0;
    %flag_set/imm 4, 0;
    %store/vec4 v0x7f989cc1f380_0, 4, 1;
    %load/vec4 v0x7f989cc1f2c0_0;
    %ix/load 4, 1, 0;
    %flag_set/imm 4, 0;
    %shiftl 4;
    %store/vec4 v0x7f989cc1f2c0_0, 0, 4;
    %load/vec4 v0x7f989cc04720_0;
    %load/vec4 v0x7f989cc1f210_0;
    %part/s 1;
    %ix/load 4, 0, 0;
    %flag_set/imm 4, 0;
    %store/vec4 v0x7f989cc1f2c0_0, 4, 1;
    %load/vec4 v0x7f989cc1f210_0;
    %subi 1, 0, 32;
    %store/vec4 v0x7f989cc1f210_0, 0, 32;
    %jmp T_0.0;
T_0.1 ;
    %jmp T_0;
    .thread T_0, $push;
    .scope S_0x7f989cc080c0;
T_1 ;
    %vpi_call 2 33 "$write", "\012 test bin --> BCD, using 5-bit input\012\012" {0 0 0};
    %vpi_call 2 34 "$write", "  i  :   bin   |   10s    1s  |  bin->dec\012" {0 0 0};
    %vpi_call 2 35 "$write", " ----------------------------------------\012" {0 0 0};
    %pushi/vec4 0, 0, 32;
    %store/vec4 v0x7f989cc1f530_0, 0, 32;
T_1.0 ;
    %load/vec4 v0x7f989cc1f530_0;
    %cmpi/s 32, 0, 32;
    %jmp/0xz T_1.1, 5;
    %pushi/vec4 0, 0, 32;
    %store/vec4 v0x7f989cc1f820_0, 0, 32;
    %load/vec4 v0x7f989cc1f530_0;
    %pad/s 5;
    %store/vec4 v0x7f989cc1f480_0, 0, 5;
    %delay 10, 0;
    %load/vec4 v0x7f989cc1f8c0_0;
    %pad/u 32;
    %store/vec4 v0x7f989cc1f690_0, 0, 32;
    %load/vec4 v0x7f989cc1f740_0;
    %pad/u 32;
    %store/vec4 v0x7f989cc1f5d0_0, 0, 32;
    %load/vec4 v0x7f989cc1f690_0;
    %muli 10, 0, 32;
    %load/vec4 v0x7f989cc1f5d0_0;
    %add;
    %store/vec4 v0x7f989cc1f820_0, 0, 32;
    %vpi_call 2 46 "$write", " %2d  :  %5b  |  %4b  %4b  |  %3d    ,  ", v0x7f989cc1f530_0, v0x7f989cc1f480_0, v0x7f989cc1f8c0_0, v0x7f989cc1f740_0, v0x7f989cc1f820_0 {0 0 0};
    %load/vec4 v0x7f989cc1f530_0;
    %load/vec4 v0x7f989cc1f820_0;
    %cmp/e;
    %jmp/0xz  T_1.2, 4;
    %vpi_call 2 48 "$write", "good\012" {0 0 0};
T_1.2 ;
    %load/vec4 v0x7f989cc1f530_0;
    %addi 1, 0, 32;
    %store/vec4 v0x7f989cc1f530_0, 0, 32;
    %jmp T_1.0;
T_1.1 ;
    %delay 10, 0;
    %vpi_call 2 52 "$write", "\012\012\011\011 ~ ~ ~ TEST COMPLETE ~ ~ ~\012\012" {0 0 0};
    %vpi_call 2 53 "$finish" {0 0 0};
    %end;
    .thread T_1;
# The file index is used to find the file name in the following table.
:file_names 3;
    "N/A";
    "<interactive>";
    "bcd2dec.v";
