#! /usr/local/Cellar/icarus-verilog/11.0/bin/vvp
:ivl_version "11.0 (stable)";
:ivl_delay_selection "TYPICAL";
:vpi_time_precision - 9;
:vpi_module "/usr/local/Cellar/icarus-verilog/11.0/lib/ivl/system.vpi";
:vpi_module "/usr/local/Cellar/icarus-verilog/11.0/lib/ivl/vhdl_sys.vpi";
:vpi_module "/usr/local/Cellar/icarus-verilog/11.0/lib/ivl/vhdl_textio.vpi";
:vpi_module "/usr/local/Cellar/icarus-verilog/11.0/lib/ivl/v2005_math.vpi";
:vpi_module "/usr/local/Cellar/icarus-verilog/11.0/lib/ivl/va_math.vpi";
S_0x7fa389d10760 .scope module, "gdpTB" "gdpTB" 2 12;
 .timescale -9 -9;
v0x7fa389d63600_0 .var "check", 3 0;
v0x7fa389d63690_0 .var "clk", 0 0;
v0x7fa389d637a0_0 .var/i "idx", 31 0;
v0x7fa389d63830_0 .var "nIn", 7 0;
v0x7fa389d638c0_0 .var/i "now", 31 0;
v0x7fa389d63950_0 .var/i "past", 31 0;
v0x7fa389d639e0_0 .var "restart", 0 0;
v0x7fa389d63ab0_0 .net "result", 7 0, v0x7fa389d60790_0;  1 drivers
v0x7fa389d63b40_0 .net "resultReady", 0 0, L_0x7fa389d63d70;  1 drivers
v0x7fa389d63c50_0 .var/i "split", 31 0;
v0x7fa389d63ce0_0 .var "start", 0 0;
S_0x7fa389d108d0 .scope autotask, "count_ones" "count_ones" 2 149, 2 149 0, S_0x7fa389d10760;
 .timescale -9 -9;
v0x7fa389d1a590_0 .var "cnt", 3 0;
v0x7fa389d5a340_0 .var/i "flg", 31 0;
v0x7fa389d5a3e0_0 .var "reg_in", 7 0;
TD_gdpTB.count_ones ;
    %pushi/vec4 0, 0, 4;
    %store/vec4 v0x7fa389d1a590_0, 0, 4;
    %pushi/vec4 0, 0, 32;
    %store/vec4 v0x7fa389d5a340_0, 0, 32;
T_0.0 ;
    %load/vec4 v0x7fa389d5a340_0;
    %cmpi/s 8, 0, 32;
    %jmp/0xz T_0.1, 5;
    %load/vec4 v0x7fa389d1a590_0;
    %load/vec4 v0x7fa389d5a3e0_0;
    %load/vec4 v0x7fa389d5a340_0;
    %part/s 1;
    %pad/u 4;
    %add;
    %store/vec4 v0x7fa389d1a590_0, 0, 4;
    %load/vec4 v0x7fa389d5a340_0;
    %addi 1, 0, 32;
    %store/vec4 v0x7fa389d5a340_0, 0, 32;
    %jmp T_0.0;
T_0.1 ;
    %end;
S_0x7fa389d5a490 .scope module, "dut" "GDP" 2 27, 3 13 0, S_0x7fa389d10760;
 .timescale -9 -9;
    .port_info 0 /OUTPUT 8 "runSum";
    .port_info 1 /OUTPUT 1 "done";
    .port_info 2 /INPUT 8 "n_in";
    .port_info 3 /INPUT 1 "start";
    .port_info 4 /INPUT 1 "restart";
    .port_info 5 /INPUT 1 "clock";
L_0x7fa389d63d70 .functor BUFZ 1, L_0x7fa389d66390, C4<0>, C4<0>, C4<0>;
v0x7fa389d62950_0 .net "alu", 2 0, L_0x7fa389d65f50;  1 drivers
v0x7fa389d629e0_0 .net "clock", 0 0, v0x7fa389d63690_0;  1 drivers
v0x7fa389d62a80_0 .net "done", 0 0, L_0x7fa389d63d70;  alias, 1 drivers
v0x7fa389d62b10_0 .net "ie", 0 0, L_0x7fa389d63eb0;  1 drivers
v0x7fa389d62ba0_0 .net "n0_is_1", 0 0, L_0x7fa389d67370;  1 drivers
v0x7fa389d62c70_0 .net "n_in", 7 0, v0x7fa389d63830_0;  1 drivers
v0x7fa389d62d40_0 .net "n_is_0", 0 0, L_0x7fa389d66a60;  1 drivers
v0x7fa389d62e10_0 .net "oe", 0 0, L_0x7fa389d66390;  1 drivers
v0x7fa389d62ea0_0 .net "raa", 1 0, L_0x7fa389d65430;  1 drivers
v0x7fa389d62fb0_0 .net "rae", 0 0, L_0x7fa389d652c0;  1 drivers
v0x7fa389d63040_0 .net "rba", 1 0, L_0x7fa389d65840;  1 drivers
v0x7fa389d630d0_0 .net "rbe", 0 0, L_0x7fa389d656a0;  1 drivers
v0x7fa389d63160_0 .net "restart", 0 0, v0x7fa389d639e0_0;  1 drivers
v0x7fa389d631f0_0 .net "runSum", 7 0, v0x7fa389d60790_0;  alias, 1 drivers
v0x7fa389d63280_0 .net "shf", 1 0, L_0x7fa389d66230;  1 drivers
v0x7fa389d63310_0 .net "start", 0 0, v0x7fa389d63ce0_0;  1 drivers
v0x7fa389d633a0_0 .net "wa", 1 0, L_0x7fa389d647d0;  1 drivers
v0x7fa389d63530_0 .net "we", 0 0, L_0x7fa389d646a0;  1 drivers
S_0x7fa389d5a720 .scope module, "CU" "cntlU" 3 37, 4 8 0, S_0x7fa389d5a490;
 .timescale -9 -9;
    .port_info 0 /OUTPUT 1 "IE";
    .port_info 1 /OUTPUT 1 "WE";
    .port_info 2 /OUTPUT 2 "WA";
    .port_info 3 /OUTPUT 1 "RAE";
    .port_info 4 /OUTPUT 2 "RAA";
    .port_info 5 /OUTPUT 1 "RBE";
    .port_info 6 /OUTPUT 2 "RBA";
    .port_info 7 /OUTPUT 3 "ALU";
    .port_info 8 /OUTPUT 2 "SH";
    .port_info 9 /OUTPUT 1 "OE";
    .port_info 10 /INPUT 1 "clk";
    .port_info 11 /INPUT 1 "start";
    .port_info 12 /INPUT 1 "restart";
    .port_info 13 /INPUT 1 "n_is_0";
    .port_info 14 /INPUT 1 "n0_is_1";
P_0x7fa389d5a8e0 .param/l "S0" 0 4 29, C4<000>;
P_0x7fa389d5a920 .param/l "S1" 0 4 30, C4<001>;
P_0x7fa389d5a960 .param/l "S2" 0 4 31, C4<010>;
P_0x7fa389d5a9a0 .param/l "S3" 0 4 32, C4<011>;
P_0x7fa389d5a9e0 .param/l "S4" 0 4 33, C4<100>;
L_0x7fa389d641f0 .functor OR 1, L_0x7fa389d63fd0, L_0x7fa389d640f0, C4<0>, C4<0>;
L_0x7fa389d64440 .functor OR 1, L_0x7fa389d641f0, L_0x7fa389d64320, C4<0>, C4<0>;
L_0x7fa389d646a0 .functor OR 1, L_0x7fa389d64440, L_0x7fa389d64590, C4<0>, C4<0>;
L_0x7fa389d64b10 .functor OR 1, L_0x7fa389d648f0, L_0x7fa389d64a30, C4<0>, C4<0>;
L_0x7fa389d64f00 .functor OR 1, L_0x7fa389d64cc0, L_0x7fa389d64e60, C4<0>, C4<0>;
L_0x7fa389d65130 .functor OR 1, L_0x7fa389d64f00, L_0x7fa389d64ff0, C4<0>, C4<0>;
L_0x7fa389d652c0 .functor OR 1, L_0x7fa389d65130, L_0x7fa389d651e0, C4<0>, C4<0>;
L_0x7fa389d64c40 .functor OR 1, L_0x7fa389d65a60, L_0x7fa389d65b90, C4<0>, C4<0>;
v0x7fa389d5ae50_0 .net "ALU", 2 0, L_0x7fa389d65f50;  alias, 1 drivers
v0x7fa389d5af10_0 .net "IE", 0 0, L_0x7fa389d63eb0;  alias, 1 drivers
v0x7fa389d5afb0_0 .net "OE", 0 0, L_0x7fa389d66390;  alias, 1 drivers
v0x7fa389d5b060_0 .net "RAA", 1 0, L_0x7fa389d65430;  alias, 1 drivers
v0x7fa389d5b110_0 .net "RAE", 0 0, L_0x7fa389d652c0;  alias, 1 drivers
v0x7fa389d5b1f0_0 .net "RBA", 1 0, L_0x7fa389d65840;  alias, 1 drivers
v0x7fa389d5b2a0_0 .net "RBE", 0 0, L_0x7fa389d656a0;  alias, 1 drivers
v0x7fa389d5b340_0 .net "SH", 1 0, L_0x7fa389d66230;  alias, 1 drivers
v0x7fa389d5b3f0_0 .net "WA", 1 0, L_0x7fa389d647d0;  alias, 1 drivers
v0x7fa389d5b500_0 .net "WE", 0 0, L_0x7fa389d646a0;  alias, 1 drivers
L_0x105c11008 .functor BUFT 1, C4<001>, C4<0>, C4<0>, C4<0>;
v0x7fa389d5b5a0_0 .net/2u *"_ivl_0", 2 0, L_0x105c11008;  1 drivers
v0x7fa389d5b650_0 .net *"_ivl_10", 0 0, L_0x7fa389d640f0;  1 drivers
L_0x105c11560 .functor BUFT 1, C4<010>, C4<0>, C4<0>, C4<0>;
v0x7fa389d5b6f0_0 .net/2u *"_ivl_103", 2 0, L_0x105c11560;  1 drivers
v0x7fa389d5b7a0_0 .net *"_ivl_105", 0 0, L_0x7fa389d65cb0;  1 drivers
L_0x105c115a8 .functor BUFT 1, C4<000>, C4<0>, C4<0>, C4<0>;
v0x7fa389d5b840_0 .net/2u *"_ivl_110", 2 0, L_0x105c115a8;  1 drivers
v0x7fa389d5b8f0_0 .net *"_ivl_112", 0 0, L_0x7fa389d66070;  1 drivers
L_0x105c115f0 .functor BUFT 1, C4<011>, C4<0>, C4<0>, C4<0>;
v0x7fa389d5b990_0 .net/2u *"_ivl_116", 2 0, L_0x105c115f0;  1 drivers
v0x7fa389d5bb20_0 .net *"_ivl_118", 0 0, L_0x7fa389d66150;  1 drivers
v0x7fa389d5bbb0_0 .net *"_ivl_12", 0 0, L_0x7fa389d641f0;  1 drivers
L_0x105c11638 .functor BUFT 1, C4<0>, C4<0>, C4<0>, C4<0>;
v0x7fa389d5bc50_0 .net/2u *"_ivl_123", 0 0, L_0x105c11638;  1 drivers
L_0x105c11680 .functor BUFT 1, C4<100>, C4<0>, C4<0>, C4<0>;
v0x7fa389d5bd00_0 .net/2u *"_ivl_125", 2 0, L_0x105c11680;  1 drivers
L_0x105c110e0 .functor BUFT 1, C4<010>, C4<0>, C4<0>, C4<0>;
v0x7fa389d5bdb0_0 .net/2u *"_ivl_14", 2 0, L_0x105c110e0;  1 drivers
v0x7fa389d5be60_0 .net *"_ivl_16", 0 0, L_0x7fa389d64320;  1 drivers
v0x7fa389d5bf00_0 .net *"_ivl_18", 0 0, L_0x7fa389d64440;  1 drivers
L_0x105c11128 .functor BUFT 1, C4<011>, C4<0>, C4<0>, C4<0>;
v0x7fa389d5bfb0_0 .net/2u *"_ivl_20", 2 0, L_0x105c11128;  1 drivers
v0x7fa389d5c060_0 .net *"_ivl_22", 0 0, L_0x7fa389d64590;  1 drivers
L_0x105c11170 .functor BUFT 1, C4<0>, C4<0>, C4<0>, C4<0>;
v0x7fa389d5c100_0 .net/2u *"_ivl_28", 0 0, L_0x105c11170;  1 drivers
L_0x105c111b8 .functor BUFT 1, C4<001>, C4<0>, C4<0>, C4<0>;
v0x7fa389d5c1b0_0 .net/2u *"_ivl_33", 2 0, L_0x105c111b8;  1 drivers
v0x7fa389d5c260_0 .net *"_ivl_35", 0 0, L_0x7fa389d648f0;  1 drivers
L_0x105c11200 .functor BUFT 1, C4<011>, C4<0>, C4<0>, C4<0>;
v0x7fa389d5c300_0 .net/2u *"_ivl_37", 2 0, L_0x105c11200;  1 drivers
v0x7fa389d5c3b0_0 .net *"_ivl_39", 0 0, L_0x7fa389d64a30;  1 drivers
L_0x105c11050 .functor BUFT 1, C4<000>, C4<0>, C4<0>, C4<0>;
v0x7fa389d5c450_0 .net/2u *"_ivl_4", 2 0, L_0x105c11050;  1 drivers
v0x7fa389d5c500_0 .net *"_ivl_41", 0 0, L_0x7fa389d64b10;  1 drivers
L_0x105c11248 .functor BUFT 1, C4<000>, C4<0>, C4<0>, C4<0>;
v0x7fa389d5ba40_0 .net/2u *"_ivl_43", 2 0, L_0x105c11248;  1 drivers
v0x7fa389d5c790_0 .net *"_ivl_45", 0 0, L_0x7fa389d64cc0;  1 drivers
L_0x105c11290 .functor BUFT 1, C4<010>, C4<0>, C4<0>, C4<0>;
v0x7fa389d5c820_0 .net/2u *"_ivl_47", 2 0, L_0x105c11290;  1 drivers
v0x7fa389d5c8b0_0 .net *"_ivl_49", 0 0, L_0x7fa389d64e60;  1 drivers
v0x7fa389d5c950_0 .net *"_ivl_51", 0 0, L_0x7fa389d64f00;  1 drivers
L_0x105c112d8 .functor BUFT 1, C4<011>, C4<0>, C4<0>, C4<0>;
v0x7fa389d5ca00_0 .net/2u *"_ivl_53", 2 0, L_0x105c112d8;  1 drivers
v0x7fa389d5cab0_0 .net *"_ivl_55", 0 0, L_0x7fa389d64ff0;  1 drivers
v0x7fa389d5cb50_0 .net *"_ivl_57", 0 0, L_0x7fa389d65130;  1 drivers
L_0x105c11320 .functor BUFT 1, C4<100>, C4<0>, C4<0>, C4<0>;
v0x7fa389d5cc00_0 .net/2u *"_ivl_59", 2 0, L_0x105c11320;  1 drivers
v0x7fa389d5ccb0_0 .net *"_ivl_6", 0 0, L_0x7fa389d63fd0;  1 drivers
v0x7fa389d5cd50_0 .net *"_ivl_61", 0 0, L_0x7fa389d651e0;  1 drivers
L_0x105c11368 .functor BUFT 1, C4<0>, C4<0>, C4<0>, C4<0>;
v0x7fa389d5cdf0_0 .net/2u *"_ivl_67", 0 0, L_0x105c11368;  1 drivers
L_0x105c113b0 .functor BUFT 1, C4<011>, C4<0>, C4<0>, C4<0>;
v0x7fa389d5cea0_0 .net/2u *"_ivl_72", 2 0, L_0x105c113b0;  1 drivers
v0x7fa389d5cf50_0 .net *"_ivl_74", 0 0, L_0x7fa389d655c0;  1 drivers
L_0x105c113f8 .functor BUFT 1, C4<000>, C4<0>, C4<0>, C4<0>;
v0x7fa389d5cff0_0 .net/2u *"_ivl_76", 2 0, L_0x105c113f8;  1 drivers
L_0x105c11098 .functor BUFT 1, C4<001>, C4<0>, C4<0>, C4<0>;
v0x7fa389d5d0a0_0 .net/2u *"_ivl_8", 2 0, L_0x105c11098;  1 drivers
L_0x105c11440 .functor BUFT 1, C4<0>, C4<0>, C4<0>, C4<0>;
v0x7fa389d5d150_0 .net/2u *"_ivl_82", 0 0, L_0x105c11440;  1 drivers
L_0x105c11488 .functor BUFT 1, C4<0>, C4<0>, C4<0>, C4<0>;
v0x7fa389d5d200_0 .net/2u *"_ivl_87", 0 0, L_0x105c11488;  1 drivers
L_0x105c114d0 .functor BUFT 1, C4<000>, C4<0>, C4<0>, C4<0>;
v0x7fa389d5d2b0_0 .net/2u *"_ivl_91", 2 0, L_0x105c114d0;  1 drivers
v0x7fa389d5d360_0 .net *"_ivl_93", 0 0, L_0x7fa389d65a60;  1 drivers
L_0x105c11518 .functor BUFT 1, C4<010>, C4<0>, C4<0>, C4<0>;
v0x7fa389d5d400_0 .net/2u *"_ivl_95", 2 0, L_0x105c11518;  1 drivers
v0x7fa389d5d4b0_0 .net *"_ivl_97", 0 0, L_0x7fa389d65b90;  1 drivers
v0x7fa389d5d550_0 .net *"_ivl_99", 0 0, L_0x7fa389d64c40;  1 drivers
v0x7fa389d5d600_0 .net "clk", 0 0, v0x7fa389d63690_0;  alias, 1 drivers
v0x7fa389d5d6a0_0 .net "n0_is_1", 0 0, L_0x7fa389d67370;  alias, 1 drivers
v0x7fa389d5d740_0 .net "n_is_0", 0 0, L_0x7fa389d66a60;  alias, 1 drivers
v0x7fa389d5d7e0_0 .var "next_state", 2 0;
v0x7fa389d5d890_0 .net "restart", 0 0, v0x7fa389d639e0_0;  alias, 1 drivers
v0x7fa389d5d930_0 .net "start", 0 0, v0x7fa389d63ce0_0;  alias, 1 drivers
v0x7fa389d5d9d0_0 .var "state", 2 0;
E_0x7fa389d5adb0/0 .event edge, v0x7fa389d5d9d0_0, v0x7fa389d5d930_0, v0x7fa389d5d740_0, v0x7fa389d5d6a0_0;
E_0x7fa389d5adb0/1 .event edge, v0x7fa389d5d890_0;
E_0x7fa389d5adb0 .event/or E_0x7fa389d5adb0/0, E_0x7fa389d5adb0/1;
E_0x7fa389d5ae10 .event posedge, v0x7fa389d5d600_0;
L_0x7fa389d63eb0 .cmp/eq 3, v0x7fa389d5d9d0_0, L_0x105c11008;
L_0x7fa389d63fd0 .cmp/eq 3, v0x7fa389d5d9d0_0, L_0x105c11050;
L_0x7fa389d640f0 .cmp/eq 3, v0x7fa389d5d9d0_0, L_0x105c11098;
L_0x7fa389d64320 .cmp/eq 3, v0x7fa389d5d9d0_0, L_0x105c110e0;
L_0x7fa389d64590 .cmp/eq 3, v0x7fa389d5d9d0_0, L_0x105c11128;
L_0x7fa389d647d0 .concat8 [ 1 1 0 0], L_0x7fa389d64b10, L_0x105c11170;
L_0x7fa389d648f0 .cmp/eq 3, v0x7fa389d5d9d0_0, L_0x105c111b8;
L_0x7fa389d64a30 .cmp/eq 3, v0x7fa389d5d9d0_0, L_0x105c11200;
L_0x7fa389d64cc0 .cmp/eq 3, v0x7fa389d5d9d0_0, L_0x105c11248;
L_0x7fa389d64e60 .cmp/eq 3, v0x7fa389d5d9d0_0, L_0x105c11290;
L_0x7fa389d64ff0 .cmp/eq 3, v0x7fa389d5d9d0_0, L_0x105c112d8;
L_0x7fa389d651e0 .cmp/eq 3, v0x7fa389d5d9d0_0, L_0x105c11320;
L_0x7fa389d65430 .concat8 [ 1 1 0 0], L_0x7fa389d655c0, L_0x105c11368;
L_0x7fa389d655c0 .cmp/eq 3, v0x7fa389d5d9d0_0, L_0x105c113b0;
L_0x7fa389d656a0 .cmp/eq 3, v0x7fa389d5d9d0_0, L_0x105c113f8;
L_0x7fa389d65840 .concat8 [ 1 1 0 0], L_0x105c11488, L_0x105c11440;
L_0x7fa389d65a60 .cmp/eq 3, v0x7fa389d5d9d0_0, L_0x105c114d0;
L_0x7fa389d65b90 .cmp/eq 3, v0x7fa389d5d9d0_0, L_0x105c11518;
L_0x7fa389d65cb0 .cmp/eq 3, v0x7fa389d5d9d0_0, L_0x105c11560;
L_0x7fa389d65f50 .concat8 [ 1 1 1 0], L_0x7fa389d66070, L_0x7fa389d65cb0, L_0x7fa389d64c40;
L_0x7fa389d66070 .cmp/eq 3, v0x7fa389d5d9d0_0, L_0x105c115a8;
L_0x7fa389d66150 .cmp/eq 3, v0x7fa389d5d9d0_0, L_0x105c115f0;
L_0x7fa389d66230 .concat8 [ 1 1 0 0], L_0x105c11638, L_0x7fa389d66150;
L_0x7fa389d66390 .cmp/eq 3, v0x7fa389d5d9d0_0, L_0x105c11680;
S_0x7fa389d5db70 .scope module, "DP" "data_path" 3 55, 5 12 0, S_0x7fa389d5a490;
 .timescale -9 -9;
    .port_info 0 /OUTPUT 1 "n_is_0";
    .port_info 1 /OUTPUT 1 "n0_is_1";
    .port_info 2 /OUTPUT 8 "run_sum";
    .port_info 3 /INPUT 8 "n_in";
    .port_info 4 /INPUT 1 "clock";
    .port_info 5 /INPUT 1 "input_enable_mux";
    .port_info 6 /INPUT 1 "WE";
    .port_info 7 /INPUT 2 "WA";
    .port_info 8 /INPUT 1 "RAE";
    .port_info 9 /INPUT 2 "RAA";
    .port_info 10 /INPUT 1 "RBE";
    .port_info 11 /INPUT 2 "RBA";
    .port_info 12 /INPUT 3 "alu_op";
    .port_info 13 /INPUT 2 "shift_op";
    .port_info 14 /INPUT 1 "output_enable_buf";
L_0x105c11710 .functor BUFT 1, C4<1>, C4<0>, C4<0>, C4<0>;
L_0x7fa389d66590 .functor XNOR 1, L_0x7fa389d63eb0, L_0x105c11710, C4<0>, C4<0>;
L_0x7fa389d66660 .functor AND 1, L_0x7fa389d66470, L_0x7fa389d66590, C4<1>, C4<1>;
L_0x7fa389d66930 .functor AND 1, L_0x7fa389d66770, L_0x7fa389d66850, C4<1>, C4<1>;
L_0x7fa389d66a60 .functor OR 1, L_0x7fa389d66660, L_0x7fa389d66930, C4<0>, C4<0>;
L_0x105c117e8 .functor BUFT 1, C4<1>, C4<0>, C4<0>, C4<0>;
L_0x7fa389d66c70 .functor XNOR 1, L_0x7fa389d66b50, L_0x105c117e8, C4<0>, C4<0>;
L_0x7fa389d66ea0 .functor AND 1, L_0x7fa389d66c70, L_0x7fa389d66d90, C4<1>, C4<1>;
L_0x105c11878 .functor BUFT 1, C4<1>, C4<0>, C4<0>, C4<0>;
L_0x7fa389d67030 .functor XNOR 1, L_0x7fa389d66f90, L_0x105c11878, C4<0>, C4<0>;
L_0x105c118c0 .functor BUFT 1, C4<1>, C4<0>, C4<0>, C4<0>;
L_0x7fa389d67160 .functor XNOR 1, L_0x7fa389d63eb0, L_0x105c118c0, C4<0>, C4<0>;
L_0x7fa389d67210 .functor AND 1, L_0x7fa389d67030, L_0x7fa389d67160, C4<1>, C4<1>;
L_0x7fa389d67370 .functor OR 1, L_0x7fa389d66ea0, L_0x7fa389d67210, C4<0>, C4<0>;
v0x7fa389d60880_0 .net "RAA", 1 0, L_0x7fa389d65430;  alias, 1 drivers
v0x7fa389d60970_0 .net "RAE", 0 0, L_0x7fa389d652c0;  alias, 1 drivers
v0x7fa389d60a40_0 .net "RBA", 1 0, L_0x7fa389d65840;  alias, 1 drivers
v0x7fa389d60b10_0 .net "RBE", 0 0, L_0x7fa389d656a0;  alias, 1 drivers
v0x7fa389d60be0_0 .net "WA", 1 0, L_0x7fa389d647d0;  alias, 1 drivers
v0x7fa389d60cb0_0 .net "WE", 0 0, L_0x7fa389d646a0;  alias, 1 drivers
L_0x105c116c8 .functor BUFT 1, C4<00000000>, C4<0>, C4<0>, C4<0>;
v0x7fa389d60d80_0 .net/2u *"_ivl_0", 7 0, L_0x105c116c8;  1 drivers
L_0x105c11758 .functor BUFT 1, C4<00000000>, C4<0>, C4<0>, C4<0>;
v0x7fa389d60e10_0 .net/2u *"_ivl_10", 7 0, L_0x105c11758;  1 drivers
v0x7fa389d60ea0_0 .net *"_ivl_12", 0 0, L_0x7fa389d66770;  1 drivers
L_0x105c117a0 .functor BUFT 1, C4<10>, C4<0>, C4<0>, C4<0>;
v0x7fa389d60fb0_0 .net/2u *"_ivl_14", 1 0, L_0x105c117a0;  1 drivers
v0x7fa389d61040_0 .net *"_ivl_16", 0 0, L_0x7fa389d66850;  1 drivers
v0x7fa389d610d0_0 .net *"_ivl_18", 0 0, L_0x7fa389d66930;  1 drivers
v0x7fa389d61170_0 .net *"_ivl_2", 0 0, L_0x7fa389d66470;  1 drivers
v0x7fa389d61210_0 .net *"_ivl_23", 0 0, L_0x7fa389d66b50;  1 drivers
v0x7fa389d612c0_0 .net/2u *"_ivl_24", 0 0, L_0x105c117e8;  1 drivers
v0x7fa389d61370_0 .net *"_ivl_26", 0 0, L_0x7fa389d66c70;  1 drivers
L_0x105c11830 .functor BUFT 1, C4<10>, C4<0>, C4<0>, C4<0>;
v0x7fa389d61410_0 .net/2u *"_ivl_28", 1 0, L_0x105c11830;  1 drivers
v0x7fa389d615a0_0 .net *"_ivl_30", 0 0, L_0x7fa389d66d90;  1 drivers
v0x7fa389d61630_0 .net *"_ivl_32", 0 0, L_0x7fa389d66ea0;  1 drivers
v0x7fa389d616d0_0 .net *"_ivl_35", 0 0, L_0x7fa389d66f90;  1 drivers
v0x7fa389d61780_0 .net/2u *"_ivl_36", 0 0, L_0x105c11878;  1 drivers
v0x7fa389d61830_0 .net *"_ivl_38", 0 0, L_0x7fa389d67030;  1 drivers
v0x7fa389d618d0_0 .net/2u *"_ivl_4", 0 0, L_0x105c11710;  1 drivers
v0x7fa389d61980_0 .net/2u *"_ivl_40", 0 0, L_0x105c118c0;  1 drivers
v0x7fa389d61a30_0 .net *"_ivl_42", 0 0, L_0x7fa389d67160;  1 drivers
v0x7fa389d61ad0_0 .net *"_ivl_44", 0 0, L_0x7fa389d67210;  1 drivers
v0x7fa389d61b80_0 .net *"_ivl_6", 0 0, L_0x7fa389d66590;  1 drivers
v0x7fa389d61c20_0 .net *"_ivl_8", 0 0, L_0x7fa389d66660;  1 drivers
v0x7fa389d61cd0_0 .net "alu_op", 2 0, L_0x7fa389d65f50;  alias, 1 drivers
v0x7fa389d61db0_0 .net "alu_out", 7 0, v0x7fa389d5fdb0_0;  1 drivers
v0x7fa389d61e40_0 .net "clock", 0 0, v0x7fa389d63690_0;  alias, 1 drivers
v0x7fa389d61f10_0 .net "input_enable_mux", 0 0, L_0x7fa389d63eb0;  alias, 1 drivers
v0x7fa389d61fe0_0 .net "n0_is_1", 0 0, L_0x7fa389d67370;  alias, 1 drivers
v0x7fa389d614a0_0 .net "n_in", 7 0, v0x7fa389d63830_0;  alias, 1 drivers
v0x7fa389d62270_0 .net "n_is_0", 0 0, L_0x7fa389d66a60;  alias, 1 drivers
v0x7fa389d62300_0 .net "nnn", 7 0, v0x7fa389d5e3e0_0;  1 drivers
v0x7fa389d62390_0 .net "output_enable_buf", 0 0, L_0x7fa389d66390;  alias, 1 drivers
v0x7fa389d62420_0 .net "rf_a", 7 0, L_0x7fa389d677e0;  1 drivers
v0x7fa389d624f0_0 .net "rf_b", 7 0, L_0x7fa389d67c40;  1 drivers
v0x7fa389d625c0_0 .var "rf_inp", 7 0;
v0x7fa389d62650_0 .net "run_sum", 7 0, v0x7fa389d60790_0;  alias, 1 drivers
v0x7fa389d626e0_0 .net "shift_op", 1 0, L_0x7fa389d66230;  alias, 1 drivers
v0x7fa389d627b0_0 .net "shifter_out", 7 0, v0x7fa389d60280_0;  1 drivers
E_0x7fa389d5deb0 .event edge, v0x7fa389d5e3e0_0;
L_0x7fa389d66470 .cmp/eq 8, v0x7fa389d5e3e0_0, L_0x105c116c8;
L_0x7fa389d66770 .cmp/eq 8, v0x7fa389d5e3e0_0, L_0x105c11758;
L_0x7fa389d66850 .cmp/eq 2, L_0x7fa389d66230, L_0x105c117a0;
L_0x7fa389d66b50 .part v0x7fa389d5e3e0_0, 0, 1;
L_0x7fa389d66d90 .cmp/eq 2, L_0x7fa389d66230, L_0x105c11830;
L_0x7fa389d66f90 .part v0x7fa389d5e3e0_0, 0, 1;
S_0x7fa389d5def0 .scope module, "c1_mux" "mux21_8" 5 54, 6 11 0, S_0x7fa389d5db70;
 .timescale -9 -9;
    .port_info 0 /OUTPUT 8 "to_register_file";
    .port_info 1 /INPUT 8 "from_shifter";
    .port_info 2 /INPUT 8 "input_data";
    .port_info 3 /INPUT 1 "mux_selector";
v0x7fa389d5e1a0_0 .net "from_shifter", 7 0, v0x7fa389d60280_0;  alias, 1 drivers
v0x7fa389d5e260_0 .net "input_data", 7 0, v0x7fa389d63830_0;  alias, 1 drivers
v0x7fa389d5e310_0 .net "mux_selector", 0 0, L_0x7fa389d63eb0;  alias, 1 drivers
v0x7fa389d5e3e0_0 .var "to_register_file", 7 0;
E_0x7fa389d5e140 .event edge, v0x7fa389d5af10_0, v0x7fa389d5e1a0_0, v0x7fa389d5e260_0;
S_0x7fa389d5e4d0 .scope module, "c2_rf" "register_file" 5 61, 7 11 0, S_0x7fa389d5db70;
 .timescale -9 -9;
    .port_info 0 /OUTPUT 8 "port_A";
    .port_info 1 /OUTPUT 8 "port_B";
    .port_info 2 /INPUT 1 "clock";
    .port_info 3 /INPUT 1 "write_enable";
    .port_info 4 /INPUT 2 "write_address";
    .port_info 5 /INPUT 1 "read_A_enable";
    .port_info 6 /INPUT 2 "read_A_address";
    .port_info 7 /INPUT 1 "read_B_enable";
    .port_info 8 /INPUT 2 "read_B_address";
    .port_info 9 /INPUT 8 "from_mux";
L_0x105c11908 .functor BUFT 1, C4<1>, C4<0>, C4<0>, C4<0>;
L_0x7fa389d65960 .functor XNOR 1, L_0x7fa389d652c0, L_0x105c11908, C4<0>, C4<0>;
L_0x105c119e0 .functor BUFT 1, C4<1>, C4<0>, C4<0>, C4<0>;
L_0x7fa389d67960 .functor XNOR 1, L_0x7fa389d656a0, L_0x105c119e0, C4<0>, C4<0>;
v0x7fa389d5e7e0_0 .net/2u *"_ivl_0", 0 0, L_0x105c11908;  1 drivers
L_0x105c11998 .functor BUFT 1, C4<00000000>, C4<0>, C4<0>, C4<0>;
v0x7fa389d5e870_0 .net/2u *"_ivl_10", 7 0, L_0x105c11998;  1 drivers
v0x7fa389d5e920_0 .net/2u *"_ivl_14", 0 0, L_0x105c119e0;  1 drivers
v0x7fa389d5e9e0_0 .net *"_ivl_16", 0 0, L_0x7fa389d67960;  1 drivers
v0x7fa389d5ea80_0 .net *"_ivl_18", 7 0, L_0x7fa389d67a10;  1 drivers
v0x7fa389d5eb70_0 .net *"_ivl_2", 0 0, L_0x7fa389d65960;  1 drivers
v0x7fa389d5ec10_0 .net *"_ivl_20", 3 0, L_0x7fa389d67ad0;  1 drivers
L_0x105c11a28 .functor BUFT 1, C4<00>, C4<0>, C4<0>, C4<0>;
v0x7fa389d5ecc0_0 .net *"_ivl_23", 1 0, L_0x105c11a28;  1 drivers
L_0x105c11a70 .functor BUFT 1, C4<00000000>, C4<0>, C4<0>, C4<0>;
v0x7fa389d5ed70_0 .net/2u *"_ivl_24", 7 0, L_0x105c11a70;  1 drivers
v0x7fa389d5ee80_0 .net *"_ivl_4", 7 0, L_0x7fa389d67620;  1 drivers
v0x7fa389d5ef30_0 .net *"_ivl_6", 3 0, L_0x7fa389d676c0;  1 drivers
L_0x105c11950 .functor BUFT 1, C4<00>, C4<0>, C4<0>, C4<0>;
v0x7fa389d5efe0_0 .net *"_ivl_9", 1 0, L_0x105c11950;  1 drivers
v0x7fa389d5f090_0 .net "clock", 0 0, v0x7fa389d63690_0;  alias, 1 drivers
v0x7fa389d5f140_0 .net "from_mux", 7 0, v0x7fa389d625c0_0;  1 drivers
v0x7fa389d5f1d0 .array "internal_register", 3 0, 7 0;
v0x7fa389d5f260_0 .net "port_A", 7 0, L_0x7fa389d677e0;  alias, 1 drivers
v0x7fa389d5f2f0_0 .net "port_B", 7 0, L_0x7fa389d67c40;  alias, 1 drivers
v0x7fa389d5f4a0_0 .net "read_A_address", 1 0, L_0x7fa389d65430;  alias, 1 drivers
v0x7fa389d5f560_0 .net "read_A_enable", 0 0, L_0x7fa389d652c0;  alias, 1 drivers
v0x7fa389d5f5f0_0 .net "read_B_address", 1 0, L_0x7fa389d65840;  alias, 1 drivers
v0x7fa389d5f680_0 .net "read_B_enable", 0 0, L_0x7fa389d656a0;  alias, 1 drivers
v0x7fa389d5f710_0 .net "write_address", 1 0, L_0x7fa389d647d0;  alias, 1 drivers
v0x7fa389d5f7a0_0 .net "write_enable", 0 0, L_0x7fa389d646a0;  alias, 1 drivers
L_0x7fa389d67620 .array/port v0x7fa389d5f1d0, L_0x7fa389d676c0;
L_0x7fa389d676c0 .concat [ 2 2 0 0], L_0x7fa389d65430, L_0x105c11950;
L_0x7fa389d677e0 .functor MUXZ 8, L_0x105c11998, L_0x7fa389d67620, L_0x7fa389d65960, C4<>;
L_0x7fa389d67a10 .array/port v0x7fa389d5f1d0, L_0x7fa389d67ad0;
L_0x7fa389d67ad0 .concat [ 2 2 0 0], L_0x7fa389d65840, L_0x105c11a28;
L_0x7fa389d67c40 .functor MUXZ 8, L_0x105c11a70, L_0x7fa389d67a10, L_0x7fa389d67960, C4<>;
S_0x7fa389d5f900 .scope module, "c3_alu" "alu_unsigned" 5 74, 8 9 0, S_0x7fa389d5db70;
 .timescale -9 -9;
    .port_info 0 /OUTPUT 8 "to_shifter";
    .port_info 1 /INPUT 8 "rf_A";
    .port_info 2 /INPUT 8 "rf_B";
    .port_info 3 /INPUT 3 "alu_operation";
v0x7fa389d5fb60_0 .net "alu_operation", 2 0, L_0x7fa389d65f50;  alias, 1 drivers
v0x7fa389d5fc30_0 .net "rf_A", 7 0, L_0x7fa389d677e0;  alias, 1 drivers
v0x7fa389d5fce0_0 .net "rf_B", 7 0, L_0x7fa389d67c40;  alias, 1 drivers
v0x7fa389d5fdb0_0 .var "to_shifter", 7 0;
E_0x7fa389d5fb10 .event edge, v0x7fa389d5ae50_0, v0x7fa389d5f260_0, v0x7fa389d5f2f0_0;
S_0x7fa389d5fea0 .scope module, "c4_shift" "shifter8" 5 81, 9 9 0, S_0x7fa389d5db70;
 .timescale -9 -9;
    .port_info 0 /OUTPUT 8 "to_bus";
    .port_info 1 /INPUT 8 "from_alu";
    .port_info 2 /INPUT 2 "shift_operation";
v0x7fa389d60100_0 .net "from_alu", 7 0, v0x7fa389d5fdb0_0;  alias, 1 drivers
v0x7fa389d601d0_0 .net "shift_operation", 1 0, L_0x7fa389d66230;  alias, 1 drivers
v0x7fa389d60280_0 .var "to_bus", 7 0;
E_0x7fa389d600b0 .event edge, v0x7fa389d5b340_0, v0x7fa389d5fdb0_0;
S_0x7fa389d60380 .scope module, "c5_tri_buff" "output_buffer" 5 87, 10 8 0, S_0x7fa389d5db70;
 .timescale -9 -9;
    .port_info 0 /OUTPUT 8 "result";
    .port_info 1 /INPUT 8 "from_shifter";
    .port_info 2 /INPUT 1 "enable";
v0x7fa389d60600_0 .net "enable", 0 0, L_0x7fa389d66390;  alias, 1 drivers
v0x7fa389d606c0_0 .net "from_shifter", 7 0, v0x7fa389d60280_0;  alias, 1 drivers
v0x7fa389d60790_0 .var "result", 7 0;
E_0x7fa389d605d0 .event edge, v0x7fa389d5afb0_0, v0x7fa389d5e1a0_0;
    .scope S_0x7fa389d5a720;
T_1 ;
    %pushi/vec4 0, 0, 3;
    %store/vec4 v0x7fa389d5d9d0_0, 0, 3;
    %end;
    .thread T_1;
    .scope S_0x7fa389d5a720;
T_2 ;
    %wait E_0x7fa389d5ae10;
    %load/vec4 v0x7fa389d5d7e0_0;
    %assign/vec4 v0x7fa389d5d9d0_0, 0;
    %jmp T_2;
    .thread T_2;
    .scope S_0x7fa389d5a720;
T_3 ;
    %wait E_0x7fa389d5adb0;
    %load/vec4 v0x7fa389d5d9d0_0;
    %dup/vec4;
    %pushi/vec4 0, 0, 3;
    %cmp/u;
    %jmp/1 T_3.0, 6;
    %dup/vec4;
    %pushi/vec4 1, 0, 3;
    %cmp/u;
    %jmp/1 T_3.1, 6;
    %dup/vec4;
    %pushi/vec4 2, 0, 3;
    %cmp/u;
    %jmp/1 T_3.2, 6;
    %dup/vec4;
    %pushi/vec4 3, 0, 3;
    %cmp/u;
    %jmp/1 T_3.3, 6;
    %dup/vec4;
    %pushi/vec4 4, 0, 3;
    %cmp/u;
    %jmp/1 T_3.4, 6;
    %pushi/vec4 0, 0, 3;
    %store/vec4 v0x7fa389d5d7e0_0, 0, 3;
    %jmp T_3.6;
T_3.0 ;
    %load/vec4 v0x7fa389d5d930_0;
    %cmpi/e 1, 0, 1;
    %flag_mov 8, 4;
    %jmp/0 T_3.7, 8;
    %pushi/vec4 1, 0, 3;
    %jmp/1 T_3.8, 8;
T_3.7 ; End of true expr.
    %pushi/vec4 0, 0, 3;
    %jmp/0 T_3.8, 8;
 ; End of false expr.
    %blend;
T_3.8;
    %store/vec4 v0x7fa389d5d7e0_0, 0, 3;
    %jmp T_3.6;
T_3.1 ;
    %load/vec4 v0x7fa389d5d740_0;
    %load/vec4 v0x7fa389d5d6a0_0;
    %concat/vec4; draw_concat_vec4
    %dup/vec4;
    %pushi/vec4 0, 0, 2;
    %cmp/u;
    %jmp/1 T_3.9, 6;
    %dup/vec4;
    %pushi/vec4 1, 0, 2;
    %cmp/u;
    %jmp/1 T_3.10, 6;
    %dup/vec4;
    %pushi/vec4 2, 0, 2;
    %cmp/u;
    %jmp/1 T_3.11, 6;
    %dup/vec4;
    %pushi/vec4 3, 0, 2;
    %cmp/u;
    %jmp/1 T_3.12, 6;
    %jmp T_3.13;
T_3.9 ;
    %pushi/vec4 3, 0, 3;
    %store/vec4 v0x7fa389d5d7e0_0, 0, 3;
    %jmp T_3.13;
T_3.10 ;
    %pushi/vec4 2, 0, 3;
    %store/vec4 v0x7fa389d5d7e0_0, 0, 3;
    %jmp T_3.13;
T_3.11 ;
    %pushi/vec4 4, 0, 3;
    %store/vec4 v0x7fa389d5d7e0_0, 0, 3;
    %jmp T_3.13;
T_3.12 ;
    %pushi/vec4 4, 0, 3;
    %store/vec4 v0x7fa389d5d7e0_0, 0, 3;
    %jmp T_3.13;
T_3.13 ;
    %pop/vec4 1;
    %jmp T_3.6;
T_3.2 ;
    %pushi/vec4 3, 0, 3;
    %store/vec4 v0x7fa389d5d7e0_0, 0, 3;
    %jmp T_3.6;
T_3.3 ;
    %load/vec4 v0x7fa389d5d740_0;
    %load/vec4 v0x7fa389d5d6a0_0;
    %concat/vec4; draw_concat_vec4
    %dup/vec4;
    %pushi/vec4 0, 0, 2;
    %cmp/u;
    %jmp/1 T_3.14, 6;
    %dup/vec4;
    %pushi/vec4 1, 0, 2;
    %cmp/u;
    %jmp/1 T_3.15, 6;
    %dup/vec4;
    %pushi/vec4 2, 0, 2;
    %cmp/u;
    %jmp/1 T_3.16, 6;
    %dup/vec4;
    %pushi/vec4 3, 0, 2;
    %cmp/u;
    %jmp/1 T_3.17, 6;
    %jmp T_3.18;
T_3.14 ;
    %pushi/vec4 3, 0, 3;
    %store/vec4 v0x7fa389d5d7e0_0, 0, 3;
    %jmp T_3.18;
T_3.15 ;
    %pushi/vec4 2, 0, 3;
    %store/vec4 v0x7fa389d5d7e0_0, 0, 3;
    %jmp T_3.18;
T_3.16 ;
    %pushi/vec4 4, 0, 3;
    %store/vec4 v0x7fa389d5d7e0_0, 0, 3;
    %jmp T_3.18;
T_3.17 ;
    %pushi/vec4 4, 0, 3;
    %store/vec4 v0x7fa389d5d7e0_0, 0, 3;
    %jmp T_3.18;
T_3.18 ;
    %pop/vec4 1;
    %jmp T_3.6;
T_3.4 ;
    %load/vec4 v0x7fa389d5d890_0;
    %cmpi/e 1, 0, 1;
    %flag_mov 8, 4;
    %jmp/0 T_3.19, 8;
    %pushi/vec4 0, 0, 3;
    %jmp/1 T_3.20, 8;
T_3.19 ; End of true expr.
    %pushi/vec4 4, 0, 3;
    %jmp/0 T_3.20, 8;
 ; End of false expr.
    %blend;
T_3.20;
    %store/vec4 v0x7fa389d5d7e0_0, 0, 3;
    %jmp T_3.6;
T_3.6 ;
    %pop/vec4 1;
    %jmp T_3;
    .thread T_3, $push;
    .scope S_0x7fa389d5def0;
T_4 ;
    %wait E_0x7fa389d5e140;
    %load/vec4 v0x7fa389d5e310_0;
    %cmpi/e 0, 0, 1;
    %flag_mov 8, 4;
    %jmp/0 T_4.0, 8;
    %load/vec4 v0x7fa389d5e1a0_0;
    %jmp/1 T_4.1, 8;
T_4.0 ; End of true expr.
    %load/vec4 v0x7fa389d5e260_0;
    %jmp/0 T_4.1, 8;
 ; End of false expr.
    %blend;
T_4.1;
    %store/vec4 v0x7fa389d5e3e0_0, 0, 8;
    %jmp T_4;
    .thread T_4, $push;
    .scope S_0x7fa389d5e4d0;
T_5 ;
    %wait E_0x7fa389d5ae10;
    %load/vec4 v0x7fa389d5f7a0_0;
    %cmpi/e 1, 0, 1;
    %jmp/0xz  T_5.0, 4;
    %load/vec4 v0x7fa389d5f140_0;
    %load/vec4 v0x7fa389d5f710_0;
    %pad/u 4;
    %ix/vec4 3;
    %ix/load 4, 0, 0; Constant delay
    %assign/vec4/a/d v0x7fa389d5f1d0, 0, 4;
T_5.0 ;
    %jmp T_5;
    .thread T_5;
    .scope S_0x7fa389d5f900;
T_6 ;
    %wait E_0x7fa389d5fb10;
    %load/vec4 v0x7fa389d5fb60_0;
    %dup/vec4;
    %pushi/vec4 0, 0, 3;
    %cmp/u;
    %jmp/1 T_6.0, 6;
    %dup/vec4;
    %pushi/vec4 1, 0, 3;
    %cmp/u;
    %jmp/1 T_6.1, 6;
    %dup/vec4;
    %pushi/vec4 2, 0, 3;
    %cmp/u;
    %jmp/1 T_6.2, 6;
    %dup/vec4;
    %pushi/vec4 3, 0, 3;
    %cmp/u;
    %jmp/1 T_6.3, 6;
    %dup/vec4;
    %pushi/vec4 4, 0, 3;
    %cmp/u;
    %jmp/1 T_6.4, 6;
    %dup/vec4;
    %pushi/vec4 5, 0, 3;
    %cmp/u;
    %jmp/1 T_6.5, 6;
    %dup/vec4;
    %pushi/vec4 6, 0, 3;
    %cmp/u;
    %jmp/1 T_6.6, 6;
    %dup/vec4;
    %pushi/vec4 7, 0, 3;
    %cmp/u;
    %jmp/1 T_6.7, 6;
    %jmp T_6.8;
T_6.0 ;
    %load/vec4 v0x7fa389d5fc30_0;
    %store/vec4 v0x7fa389d5fdb0_0, 0, 8;
    %jmp T_6.8;
T_6.1 ;
    %load/vec4 v0x7fa389d5fc30_0;
    %load/vec4 v0x7fa389d5fce0_0;
    %and;
    %store/vec4 v0x7fa389d5fdb0_0, 0, 8;
    %jmp T_6.8;
T_6.2 ;
    %load/vec4 v0x7fa389d5fc30_0;
    %load/vec4 v0x7fa389d5fce0_0;
    %or;
    %store/vec4 v0x7fa389d5fdb0_0, 0, 8;
    %jmp T_6.8;
T_6.3 ;
    %load/vec4 v0x7fa389d5fc30_0;
    %inv;
    %store/vec4 v0x7fa389d5fdb0_0, 0, 8;
    %jmp T_6.8;
T_6.4 ;
    %load/vec4 v0x7fa389d5fc30_0;
    %load/vec4 v0x7fa389d5fce0_0;
    %add;
    %store/vec4 v0x7fa389d5fdb0_0, 0, 8;
    %jmp T_6.8;
T_6.5 ;
    %load/vec4 v0x7fa389d5fc30_0;
    %load/vec4 v0x7fa389d5fce0_0;
    %sub;
    %store/vec4 v0x7fa389d5fdb0_0, 0, 8;
    %jmp T_6.8;
T_6.6 ;
    %load/vec4 v0x7fa389d5fc30_0;
    %addi 1, 0, 8;
    %store/vec4 v0x7fa389d5fdb0_0, 0, 8;
    %jmp T_6.8;
T_6.7 ;
    %load/vec4 v0x7fa389d5fc30_0;
    %subi 1, 0, 8;
    %store/vec4 v0x7fa389d5fdb0_0, 0, 8;
    %jmp T_6.8;
T_6.8 ;
    %pop/vec4 1;
    %jmp T_6;
    .thread T_6, $push;
    .scope S_0x7fa389d5fea0;
T_7 ;
    %wait E_0x7fa389d600b0;
    %load/vec4 v0x7fa389d601d0_0;
    %dup/vec4;
    %pushi/vec4 0, 0, 2;
    %cmp/u;
    %jmp/1 T_7.0, 6;
    %dup/vec4;
    %pushi/vec4 1, 0, 2;
    %cmp/u;
    %jmp/1 T_7.1, 6;
    %dup/vec4;
    %pushi/vec4 2, 0, 2;
    %cmp/u;
    %jmp/1 T_7.2, 6;
    %dup/vec4;
    %pushi/vec4 3, 0, 2;
    %cmp/u;
    %jmp/1 T_7.3, 6;
    %jmp T_7.4;
T_7.0 ;
    %load/vec4 v0x7fa389d60100_0;
    %store/vec4 v0x7fa389d60280_0, 0, 8;
    %jmp T_7.4;
T_7.1 ;
    %load/vec4 v0x7fa389d60100_0;
    %ix/load 4, 1, 0;
    %flag_set/imm 4, 0;
    %shiftl 4;
    %store/vec4 v0x7fa389d60280_0, 0, 8;
    %jmp T_7.4;
T_7.2 ;
    %load/vec4 v0x7fa389d60100_0;
    %ix/load 4, 1, 0;
    %flag_set/imm 4, 0;
    %shiftr 4;
    %store/vec4 v0x7fa389d60280_0, 0, 8;
    %jmp T_7.4;
T_7.3 ;
    %load/vec4 v0x7fa389d60100_0;
    %parti/s 7, 0, 2;
    %load/vec4 v0x7fa389d60100_0;
    %parti/s 1, 7, 4;
    %concat/vec4; draw_concat_vec4
    %store/vec4 v0x7fa389d60280_0, 0, 8;
    %jmp T_7.4;
T_7.4 ;
    %pop/vec4 1;
    %jmp T_7;
    .thread T_7, $push;
    .scope S_0x7fa389d60380;
T_8 ;
    %wait E_0x7fa389d605d0;
    %load/vec4 v0x7fa389d60600_0;
    %cmpi/e 1, 0, 1;
    %flag_mov 8, 4;
    %jmp/0 T_8.0, 8;
    %load/vec4 v0x7fa389d606c0_0;
    %jmp/1 T_8.1, 8;
T_8.0 ; End of true expr.
    %pushi/vec4 0, 255, 8;
    %jmp/0 T_8.1, 8;
 ; End of false expr.
    %blend;
T_8.1;
    %store/vec4 v0x7fa389d60790_0, 0, 8;
    %jmp T_8;
    .thread T_8, $push;
    .scope S_0x7fa389d5db70;
T_9 ;
    %pushi/vec4 0, 0, 8;
    %store/vec4 v0x7fa389d625c0_0, 0, 8;
    %end;
    .thread T_9;
    .scope S_0x7fa389d5db70;
T_10 ;
    %wait E_0x7fa389d5deb0;
    %load/vec4 v0x7fa389d62300_0;
    %store/vec4 v0x7fa389d625c0_0, 0, 8;
    %jmp T_10;
    .thread T_10, $push;
    .scope S_0x7fa389d10760;
T_11 ;
    %delay 5, 0;
    %load/vec4 v0x7fa389d63690_0;
    %inv;
    %store/vec4 v0x7fa389d63690_0, 0, 1;
    %jmp T_11;
    .thread T_11;
    .scope S_0x7fa389d10760;
T_12 ;
    %vpi_call 2 44 "$write", " \012test your control unit on the GDP\012\012" {0 0 0};
    %vpi_call 2 45 "$write", "    input    |  output  |  expected  |    time    split     STATUS\012" {0 0 0};
    %vpi_call 2 46 "$write", " ------------------------------------------------------------------\012" {0 0 0};
    %pushi/vec4 0, 0, 1;
    %store/vec4 v0x7fa389d63ce0_0, 0, 1;
    %pushi/vec4 0, 0, 1;
    %store/vec4 v0x7fa389d639e0_0, 0, 1;
    %pushi/vec4 0, 0, 1;
    %store/vec4 v0x7fa389d63690_0, 0, 1;
    %end;
    .thread T_12;
    .scope S_0x7fa389d10760;
T_13 ;
    %pushi/vec4 0, 0, 32;
    %store/vec4 v0x7fa389d637a0_0, 0, 32;
T_13.0 ;
    %load/vec4 v0x7fa389d637a0_0;
    %cmpi/s 256, 0, 32;
    %jmp/0xz T_13.1, 5;
    %delay 10, 0;
    %pushi/vec4 0, 0, 1;
    %store/vec4 v0x7fa389d639e0_0, 0, 1;
    %load/vec4 v0x7fa389d637a0_0;
    %pad/s 8;
    %assign/vec4 v0x7fa389d63830_0, 0;
    %pushi/vec4 1, 0, 1;
    %store/vec4 v0x7fa389d63ce0_0, 0, 1;
T_13.2 ;
    %load/vec4 v0x7fa389d63b40_0;
    %cmpi/ne 1, 0, 1;
    %jmp/0xz T_13.3, 4;
    %delay 6, 0;
    %jmp T_13.2;
T_13.3 ;
    %load/vec4 v0x7fa389d637a0_0;
    %cmpi/e 0, 0, 32;
    %jmp/0xz  T_13.4, 4;
    %pushi/vec4 0, 0, 32;
    %store/vec4 v0x7fa389d63950_0, 0, 32;
    %vpi_func 2 69 "$time" 64 {0 0 0};
    %pad/u 32;
    %store/vec4 v0x7fa389d638c0_0, 0, 32;
    %load/vec4 v0x7fa389d638c0_0;
    %load/vec4 v0x7fa389d63950_0;
    %sub;
    %store/vec4 v0x7fa389d63c50_0, 0, 32;
    %jmp T_13.5;
T_13.4 ;
    %load/vec4 v0x7fa389d638c0_0;
    %store/vec4 v0x7fa389d63950_0, 0, 32;
    %vpi_func 2 74 "$time" 64 {0 0 0};
    %pad/u 32;
    %store/vec4 v0x7fa389d638c0_0, 0, 32;
    %load/vec4 v0x7fa389d638c0_0;
    %load/vec4 v0x7fa389d63950_0;
    %sub;
    %store/vec4 v0x7fa389d63c50_0, 0, 32;
T_13.5 ;
    %alloc S_0x7fa389d108d0;
    %load/vec4 v0x7fa389d63830_0;
    %store/vec4 v0x7fa389d5a3e0_0, 0, 8;
    %fork TD_gdpTB.count_ones, S_0x7fa389d108d0;
    %join;
    %load/vec4 v0x7fa389d1a590_0;
    %store/vec4 v0x7fa389d63600_0, 0, 4;
    %free S_0x7fa389d108d0;
    %vpi_call 2 79 "$write", "  %4b_%4b  |  %3d     |   %3d      | ", &PV<v0x7fa389d63830_0, 4, 4>, &PV<v0x7fa389d63830_0, 0, 4>, v0x7fa389d63ab0_0, v0x7fa389d63600_0 {0 0 0};
    %load/vec4 v0x7fa389d63ab0_0;
    %load/vec4 v0x7fa389d63600_0;
    %pad/u 8;
    %cmp/e;
    %jmp/0xz  T_13.6, 4;
    %vpi_call 2 82 "$write", "%5t ns   +%4d     CORRECT   \012", $time, v0x7fa389d63c50_0 {0 0 0};
    %jmp T_13.7;
T_13.6 ;
    %vpi_call 2 86 "$write", "%5t ns   +%4d     !!! WRONG !!!\012", $time, v0x7fa389d63c50_0 {0 0 0};
T_13.7 ;
    %load/vec4 v0x7fa389d637a0_0;
    %pushi/vec4 8, 0, 32;
    %mod/s;
    %pushi/vec4 0, 0, 32;
    %cmp/e;
    %flag_get/vec4 4;
    %load/vec4 v0x7fa389d637a0_0;
    %pushi/vec4 0, 0, 32;
    %cmp/ne;
    %flag_get/vec4 4;
    %and;
    %flag_set/vec4 8;
    %jmp/0xz  T_13.8, 8;
    %vpi_call 2 90 "$write", " ------------------------------------------------------------------\012" {0 0 0};
T_13.8 ;
    %pushi/vec4 1, 0, 1;
    %store/vec4 v0x7fa389d639e0_0, 0, 1;
    %pushi/vec4 0, 0, 1;
    %store/vec4 v0x7fa389d63ce0_0, 0, 1;
    %load/vec4 v0x7fa389d637a0_0;
    %addi 1, 0, 32;
    %store/vec4 v0x7fa389d637a0_0, 0, 32;
    %jmp T_13.0;
T_13.1 ;
    %delay 10, 0;
    %vpi_call 2 145 "$write", "\012\012\011\011 ~ ~ ~ TEST COMPLETE ~ ~ ~\012\012" {0 0 0};
    %vpi_call 2 146 "$finish" {0 0 0};
    %jmp T_13;
    .thread T_13;
# The file index is used to find the file name in the following table.
:file_names 11;
    "N/A";
    "<interactive>";
    "gdpTB.v";
    "./gdp.v";
    "./../control_unit/cntlU.v";
    "./../data_path/data_path.v";
    "./../comp1_mux21_8/mux21_8.v";
    "./../comp2_register_file/register_file.v";
    "./../comp3_alu_unsigned/alu_unsigned.v";
    "./../comp4_shifter8/shifter8.v";
    "./../comp5_output_buffer/output_buffer.v";
