#! /usr/local/Cellar/icarus-verilog/11.0/bin/vvp
:ivl_version "11.0 (stable)";
:ivl_delay_selection "TYPICAL";
:vpi_time_precision - 9;
:vpi_module "/usr/local/Cellar/icarus-verilog/11.0/lib/ivl/system.vpi";
:vpi_module "/usr/local/Cellar/icarus-verilog/11.0/lib/ivl/vhdl_sys.vpi";
:vpi_module "/usr/local/Cellar/icarus-verilog/11.0/lib/ivl/vhdl_textio.vpi";
:vpi_module "/usr/local/Cellar/icarus-verilog/11.0/lib/ivl/v2005_math.vpi";
:vpi_module "/usr/local/Cellar/icarus-verilog/11.0/lib/ivl/va_math.vpi";
S_0x7fc859404750 .scope module, "tb" "tb" 2 10;
 .timescale -9 -9;
v0x7fc859424ad0_0 .var "clk", 0 0;
v0x7fc859424b90_0 .var "enb", 0 0;
v0x7fc859424c40_0 .var/i "idx", 31 0;
v0x7fc859424cf0_0 .var "in_d", 7 0;
v0x7fc859424da0_0 .net "out_d", 7 0, v0x7fc8594245e0_0;  1 drivers
v0x7fc859424e70_0 .var "rsL", 0 0;
v0x7fc859424f20_0 .var/i "seed", 31 0;
S_0x7fc8594048c0 .scope module, "DUT" "register8" 2 20, 3 9 0, S_0x7fc859404750;
 .timescale -9 -9;
    .port_info 0 /OUTPUT 8 "outD";
    .port_info 1 /INPUT 8 "inD";
    .port_info 2 /INPUT 1 "enable";
    .port_info 3 /INPUT 1 "resetLow";
    .port_info 4 /INPUT 1 "clock";
v0x7fc8594148f0_0 .net "clock", 0 0, v0x7fc859424ad0_0;  1 drivers
v0x7fc8594244a0_0 .net "enable", 0 0, v0x7fc859424b90_0;  1 drivers
v0x7fc859424540_0 .net "inD", 7 0, v0x7fc859424cf0_0;  1 drivers
v0x7fc8594245e0_0 .var "outD", 7 0;
v0x7fc859424690_0 .net "resetLow", 0 0, v0x7fc859424e70_0;  1 drivers
E_0x7fc859405710/0 .event edge, v0x7fc859424690_0;
E_0x7fc859405710/1 .event posedge, v0x7fc8594148f0_0;
E_0x7fc859405710 .event/or E_0x7fc859405710/0, E_0x7fc859405710/1;
S_0x7fc8594247f0 .scope autotask, "getRand" "getRand" 2 75, 2 75 0, S_0x7fc859404750;
 .timescale -9 -9;
v0x7fc8594249b0_0 .var/i "ii", 31 0;
v0x7fc859424a40_0 .var "regOut", 7 0;
TD_tb.getRand ;
    %pushi/vec4 0, 0, 32;
    %store/vec4 v0x7fc8594249b0_0, 0, 32;
T_0.0 ;
    %load/vec4 v0x7fc8594249b0_0;
    %cmpi/s 8, 0, 32;
    %jmp/0xz T_0.1, 5;
    %vpi_func 2 81 "$random" 32, v0x7fc859424f20_0 {0 0 0};
    %pushi/vec4 2, 0, 32;
    %mod/s;
    %pad/s 1;
    %ix/getv/s 4, v0x7fc8594249b0_0;
    %store/vec4 v0x7fc859424a40_0, 4, 1;
    %load/vec4 v0x7fc8594249b0_0;
    %addi 1, 0, 32;
    %store/vec4 v0x7fc8594249b0_0, 0, 32;
    %jmp T_0.0;
T_0.1 ;
    %end;
    .scope S_0x7fc8594048c0;
T_1 ;
    %wait E_0x7fc859405710;
    %load/vec4 v0x7fc859424690_0;
    %cmpi/e 0, 0, 1;
    %jmp/0xz  T_1.0, 4;
    %pushi/vec4 0, 0, 8;
    %store/vec4 v0x7fc8594245e0_0, 0, 8;
    %jmp T_1.1;
T_1.0 ;
    %load/vec4 v0x7fc8594244a0_0;
    %cmpi/e 1, 0, 1;
    %jmp/0xz  T_1.2, 4;
    %load/vec4 v0x7fc859424540_0;
    %store/vec4 v0x7fc8594245e0_0, 0, 8;
    %jmp T_1.3;
T_1.2 ;
    %load/vec4 v0x7fc8594245e0_0;
    %store/vec4 v0x7fc8594245e0_0, 0, 8;
T_1.3 ;
T_1.1 ;
    %vpi_call 3 26 "$write", "  %1b    %1b    %1b    %4b_%4b  |  %4b_%4b    %3t\012", v0x7fc8594148f0_0, v0x7fc859424690_0, v0x7fc8594244a0_0, &PV<v0x7fc859424540_0, 4, 4>, &PV<v0x7fc859424540_0, 0, 4>, &PV<v0x7fc8594245e0_0, 4, 4>, &PV<v0x7fc8594245e0_0, 0, 4>, $time {0 0 0};
    %jmp T_1;
    .thread T_1;
    .scope S_0x7fc859404750;
T_2 ;
    %delay 5, 0;
    %load/vec4 v0x7fc859424ad0_0;
    %inv;
    %store/vec4 v0x7fc859424ad0_0, 0, 1;
    %jmp T_2;
    .thread T_2;
    .scope S_0x7fc859404750;
T_3 ;
    %vpi_call 2 34 "$dumpfile", "wave.vcd" {0 0 0};
    %vpi_call 2 35 "$dumpvars", 32'sb00000000000000000000000000000000, S_0x7fc859404750 {0 0 0};
    %pushi/vec4 999, 0, 32;
    %store/vec4 v0x7fc859424f20_0, 0, 32;
    %pushi/vec4 0, 0, 1;
    %store/vec4 v0x7fc859424ad0_0, 0, 1;
    %pushi/vec4 0, 0, 1;
    %store/vec4 v0x7fc859424e70_0, 0, 1;
    %pushi/vec4 1, 0, 1;
    %store/vec4 v0x7fc859424b90_0, 0, 1;
    %delay 1, 0;
    %pushi/vec4 1, 0, 1;
    %store/vec4 v0x7fc859424e70_0, 0, 1;
    %vpi_call 2 42 "$write", "\012 test the 8-bit register\012\012" {0 0 0};
    %vpi_call 2 43 "$write", " clk  rsL  enb      inD     |   outD       time\012" {0 0 0};
    %vpi_call 2 44 "$write", " ---------------------------------------\012" {0 0 0};
    %pushi/vec4 0, 0, 32;
    %store/vec4 v0x7fc859424c40_0, 0, 32;
T_3.0 ;
    %load/vec4 v0x7fc859424c40_0;
    %cmpi/s 16, 0, 32;
    %jmp/0xz T_3.1, 5;
    %alloc S_0x7fc8594247f0;
    %fork TD_tb.getRand, S_0x7fc8594247f0;
    %join;
    %load/vec4 v0x7fc859424a40_0;
    %store/vec4 v0x7fc859424cf0_0, 0, 8;
    %free S_0x7fc8594247f0;
    %delay 10, 0;
    %load/vec4 v0x7fc859424c40_0;
    %addi 1, 0, 32;
    %store/vec4 v0x7fc859424c40_0, 0, 32;
    %jmp T_3.0;
T_3.1 ;
    %vpi_call 2 50 "$write", " ---------------------------------------\012" {0 0 0};
    %pushi/vec4 0, 0, 1;
    %store/vec4 v0x7fc859424e70_0, 0, 1;
    %pushi/vec4 1, 0, 1;
    %store/vec4 v0x7fc859424b90_0, 0, 1;
    %pushi/vec4 0, 0, 32;
    %store/vec4 v0x7fc859424c40_0, 0, 32;
T_3.2 ;
    %load/vec4 v0x7fc859424c40_0;
    %cmpi/s 8, 0, 32;
    %jmp/0xz T_3.3, 5;
    %alloc S_0x7fc8594247f0;
    %fork TD_tb.getRand, S_0x7fc8594247f0;
    %join;
    %load/vec4 v0x7fc859424a40_0;
    %store/vec4 v0x7fc859424cf0_0, 0, 8;
    %free S_0x7fc8594247f0;
    %delay 10, 0;
    %load/vec4 v0x7fc859424c40_0;
    %addi 1, 0, 32;
    %store/vec4 v0x7fc859424c40_0, 0, 32;
    %jmp T_3.2;
T_3.3 ;
    %vpi_call 2 58 "$write", " ---------------------------------------\012" {0 0 0};
    %pushi/vec4 1, 0, 1;
    %store/vec4 v0x7fc859424e70_0, 0, 1;
    %pushi/vec4 1, 0, 1;
    %store/vec4 v0x7fc859424b90_0, 0, 1;
    %alloc S_0x7fc8594247f0;
    %fork TD_tb.getRand, S_0x7fc8594247f0;
    %join;
    %load/vec4 v0x7fc859424a40_0;
    %store/vec4 v0x7fc859424cf0_0, 0, 8;
    %free S_0x7fc8594247f0;
    %delay 5, 0;
    %pushi/vec4 0, 0, 1;
    %store/vec4 v0x7fc859424b90_0, 0, 1;
    %pushi/vec4 0, 0, 32;
    %store/vec4 v0x7fc859424c40_0, 0, 32;
T_3.4 ;
    %load/vec4 v0x7fc859424c40_0;
    %cmpi/s 8, 0, 32;
    %jmp/0xz T_3.5, 5;
    %alloc S_0x7fc8594247f0;
    %fork TD_tb.getRand, S_0x7fc8594247f0;
    %join;
    %load/vec4 v0x7fc859424a40_0;
    %store/vec4 v0x7fc859424cf0_0, 0, 8;
    %free S_0x7fc8594247f0;
    %delay 10, 0;
    %load/vec4 v0x7fc859424c40_0;
    %addi 1, 0, 32;
    %store/vec4 v0x7fc859424c40_0, 0, 32;
    %jmp T_3.4;
T_3.5 ;
    %vpi_call 2 69 "$write", " ---------------------------------------\012" {0 0 0};
    %vpi_call 2 71 "$write", "\012\012\011\011 ~ ~ ~ TEST COMPLETE ~ ~ ~\012\012" {0 0 0};
    %vpi_call 2 72 "$finish" {0 0 0};
    %end;
    .thread T_3;
# The file index is used to find the file name in the following table.
:file_names 4;
    "N/A";
    "<interactive>";
    "registerTB.v";
    "./register8.v";
