#! /usr/local/Cellar/icarus-verilog/11.0/bin/vvp
:ivl_version "11.0 (stable)";
:ivl_delay_selection "TYPICAL";
:vpi_time_precision + 0;
:vpi_module "/usr/local/Cellar/icarus-verilog/11.0/lib/ivl/system.vpi";
:vpi_module "/usr/local/Cellar/icarus-verilog/11.0/lib/ivl/vhdl_sys.vpi";
:vpi_module "/usr/local/Cellar/icarus-verilog/11.0/lib/ivl/vhdl_textio.vpi";
:vpi_module "/usr/local/Cellar/icarus-verilog/11.0/lib/ivl/v2005_math.vpi";
:vpi_module "/usr/local/Cellar/icarus-verilog/11.0/lib/ivl/va_math.vpi";
S_0x7fba85c07d50 .scope module, "mod1" "mod1" 2 2;
 .timescale 0 0;
    .port_info 0 /INPUT 8 "A";
    .port_info 1 /INPUT 8 "B";
    .port_info 2 /INPUT 1 "clk";
    .port_info 3 /OUTPUT 9 "reg_sum";
o0x1074e5008 .functor BUFZ 8, C4<zzzzzzzz>; HiZ drive
v0x7fba85c04720_0 .net "A", 7 0, o0x1074e5008;  0 drivers
o0x1074e5038 .functor BUFZ 8, C4<zzzzzzzz>; HiZ drive
v0x7fba85c17d40_0 .net "B", 7 0, o0x1074e5038;  0 drivers
o0x1074e5068 .functor BUFZ 1, C4<z>; HiZ drive
v0x7fba85c17de0_0 .net "clk", 0 0, o0x1074e5068;  0 drivers
v0x7fba85c17e90_0 .var "reg_A", 7 0;
v0x7fba85c17f30_0 .var "reg_B", 7 0;
v0x7fba85c18020_0 .var "reg_sum", 8 0;
v0x7fba85c180d0_0 .var "w1", 8 0;
E_0x7fba85c06190 .event posedge, v0x7fba85c17de0_0;
    .scope S_0x7fba85c07d50;
T_0 ;
    %wait E_0x7fba85c06190;
    %load/vec4 v0x7fba85c04720_0;
    %assign/vec4 v0x7fba85c17e90_0, 0;
    %load/vec4 v0x7fba85c17d40_0;
    %assign/vec4 v0x7fba85c17f30_0, 0;
    %load/vec4 v0x7fba85c17e90_0;
    %pad/u 9;
    %load/vec4 v0x7fba85c17f30_0;
    %pad/u 9;
    %add;
    %store/vec4 v0x7fba85c180d0_0, 0, 9;
    %load/vec4 v0x7fba85c180d0_0;
    %assign/vec4 v0x7fba85c18020_0, 0;
    %jmp T_0;
    .thread T_0;
# The file index is used to find the file name in the following table.
:file_names 3;
    "N/A";
    "<interactive>";
    "mod1.v";
