#! /usr/local/Cellar/icarus-verilog/11.0/bin/vvp
:ivl_version "11.0 (stable)";
:ivl_delay_selection "TYPICAL";
:vpi_time_precision - 9;
:vpi_module "/usr/local/Cellar/icarus-verilog/11.0/lib/ivl/system.vpi";
:vpi_module "/usr/local/Cellar/icarus-verilog/11.0/lib/ivl/vhdl_sys.vpi";
:vpi_module "/usr/local/Cellar/icarus-verilog/11.0/lib/ivl/vhdl_textio.vpi";
:vpi_module "/usr/local/Cellar/icarus-verilog/11.0/lib/ivl/v2005_math.vpi";
:vpi_module "/usr/local/Cellar/icarus-verilog/11.0/lib/ivl/va_math.vpi";
S_0x7fbaa5404790 .scope module, "output_buffer_tb" "output_buffer_tb" 2 8;
 .timescale -9 -9;
v0x7fbaa550c450_0 .var "enb", 0 0;
v0x7fbaa550c510_0 .var/i "ii", 31 0;
v0x7fbaa550c5b0_0 .var "inP", 7 0;
v0x7fbaa550c680_0 .var/i "jj", 31 0;
v0x7fbaa550c720_0 .net "outP", 7 0, v0x7fbaa550c340_0;  1 drivers
v0x7fbaa550c800_0 .var/i "seed", 31 0;
S_0x7fbaa5404900 .scope module, "DUT" "output_buffer" 2 17, 3 8 0, S_0x7fbaa5404790;
 .timescale -9 -9;
    .port_info 0 /OUTPUT 8 "result";
    .port_info 1 /INPUT 8 "from_shifter";
    .port_info 2 /INPUT 1 "enable";
v0x7fbaa5406600_0 .net "enable", 0 0, v0x7fbaa550c450_0;  1 drivers
v0x7fbaa550c280_0 .net "from_shifter", 7 0, v0x7fbaa550c5b0_0;  1 drivers
v0x7fbaa550c340_0 .var "result", 7 0;
E_0x7fbaa5407ad0 .event edge, v0x7fbaa5406600_0, v0x7fbaa550c280_0, v0x7fbaa550c340_0;
    .scope S_0x7fbaa5404900;
T_0 ;
    %wait E_0x7fbaa5407ad0;
    %load/vec4 v0x7fbaa5406600_0;
    %cmpi/e 1, 0, 1;
    %flag_mov 8, 4;
    %jmp/0 T_0.0, 8;
    %load/vec4 v0x7fbaa550c280_0;
    %jmp/1 T_0.1, 8;
T_0.0 ; End of true expr.
    %pushi/vec4 0, 255, 8;
    %jmp/0 T_0.1, 8;
 ; End of false expr.
    %blend;
T_0.1;
    %store/vec4 v0x7fbaa550c340_0, 0, 8;
    %vpi_call 3 17 "$write", "\012 *****************************\012" {0 0 0};
    %vpi_call 3 18 "$write", " {output_buffer}\012" {0 0 0};
    %vpi_call 3 19 "$write", "          enable:  %1b\012", v0x7fbaa5406600_0 {0 0 0};
    %vpi_call 3 20 "$write", "    from_shifter:  %4b_%4b\012", &PV<v0x7fbaa550c280_0, 4, 4>, &PV<v0x7fbaa550c280_0, 0, 4> {0 0 0};
    %vpi_call 3 22 "$write", "          result:  %4b_%4b\012", &PV<v0x7fbaa550c340_0, 4, 4>, &PV<v0x7fbaa550c340_0, 0, 4> {0 0 0};
    %vpi_call 3 24 "$write", " *****************************\012" {0 0 0};
    %jmp T_0;
    .thread T_0, $push;
    .scope S_0x7fbaa5404790;
T_1 ;
    %vpi_call 2 25 "$dumpfile", "wave.vcd" {0 0 0};
    %vpi_call 2 26 "$dumpvars", 32'sb00000000000000000000000000000000, S_0x7fbaa5404790 {0 0 0};
    %pushi/vec4 999, 0, 32;
    %store/vec4 v0x7fbaa550c800_0, 0, 32;
    %vpi_call 2 29 "$write", "\012test the final output buffer\012\012" {0 0 0};
    %pushi/vec4 0, 0, 32;
    %store/vec4 v0x7fbaa550c510_0, 0, 32;
T_1.0 ;
    %load/vec4 v0x7fbaa550c510_0;
    %cmpi/s 5, 0, 32;
    %jmp/0xz T_1.1, 5;
    %vpi_func 2 32 "$random" 32, v0x7fbaa550c800_0 {0 0 0};
    %pushi/vec4 2, 0, 32;
    %mod/s;
    %pad/s 1;
    %store/vec4 v0x7fbaa550c450_0, 0, 1;
    %pushi/vec4 0, 0, 32;
    %store/vec4 v0x7fbaa550c680_0, 0, 32;
T_1.2 ;
    %load/vec4 v0x7fbaa550c680_0;
    %cmpi/s 8, 0, 32;
    %jmp/0xz T_1.3, 5;
    %vpi_func 2 34 "$random" 32, v0x7fbaa550c800_0 {0 0 0};
    %pushi/vec4 2, 0, 32;
    %mod/s;
    %pad/s 1;
    %ix/getv/s 4, v0x7fbaa550c680_0;
    %store/vec4 v0x7fbaa550c5b0_0, 4, 1;
    %load/vec4 v0x7fbaa550c680_0;
    %addi 1, 0, 32;
    %store/vec4 v0x7fbaa550c680_0, 0, 32;
    %jmp T_1.2;
T_1.3 ;
    %delay 10, 0;
    %vpi_call 2 39 "$write", " enable =  %1b\012", v0x7fbaa550c450_0 {0 0 0};
    %vpi_call 2 40 "$write", " input  =  %4b_%4b\012", &PV<v0x7fbaa550c5b0_0, 4, 4>, &PV<v0x7fbaa550c5b0_0, 4, 4> {0 0 0};
    %vpi_call 2 41 "$write", " output =  %4b_%4b\012\012", &PV<v0x7fbaa550c720_0, 4, 4>, &PV<v0x7fbaa550c720_0, 0, 4> {0 0 0};
    %load/vec4 v0x7fbaa550c510_0;
    %addi 1, 0, 32;
    %store/vec4 v0x7fbaa550c510_0, 0, 32;
    %jmp T_1.0;
T_1.1 ;
    %delay 10, 0;
    %vpi_call 2 46 "$write", "\012\012\011\011 ~ ~ ~ TEST COMPLETE ~ ~ ~\012\012" {0 0 0};
    %vpi_call 2 47 "$finish" {0 0 0};
    %end;
    .thread T_1;
# The file index is used to find the file name in the following table.
:file_names 4;
    "N/A";
    "<interactive>";
    "output_buffer_tb.v";
    "./output_buffer.v";
