#! /usr/local/Cellar/icarus-verilog/11.0/bin/vvp
:ivl_version "11.0 (stable)";
:ivl_delay_selection "TYPICAL";
:vpi_time_precision - 9;
:vpi_module "/usr/local/Cellar/icarus-verilog/11.0/lib/ivl/system.vpi";
:vpi_module "/usr/local/Cellar/icarus-verilog/11.0/lib/ivl/vhdl_sys.vpi";
:vpi_module "/usr/local/Cellar/icarus-verilog/11.0/lib/ivl/vhdl_textio.vpi";
:vpi_module "/usr/local/Cellar/icarus-verilog/11.0/lib/ivl/v2005_math.vpi";
:vpi_module "/usr/local/Cellar/icarus-verilog/11.0/lib/ivl/va_math.vpi";
S_0x7ff389d017d0 .scope module, "tb" "tb" 2 10;
 .timescale -9 -9;
v0x7ff389d24f50_0 .var "clear_n", 0 0;
v0x7ff389d24ff0_0 .var "clk", 0 0;
v0x7ff389d250a0_0 .var/i "idx", 31 0;
v0x7ff389d25150_0 .var "in_j", 0 0;
v0x7ff389d25200_0 .var "in_k", 0 0;
v0x7ff389d252d0_0 .net "out_q", 0 0, v0x7ff389d247b0_0;  1 drivers
v0x7ff389d25380_0 .net "out_qn", 0 0, L_0x7ff389d254c0;  1 drivers
v0x7ff389d25430_0 .var/i "seed", 31 0;
E_0x7ff389d07120 .event posedge, v0x7ff389d245e0_0;
S_0x7ff389d01940 .scope module, "DUT" "ff_JK" 2 22, 2 111 0, S_0x7ff389d017d0;
 .timescale -9 -9;
    .port_info 0 /OUTPUT 1 "outQ";
    .port_info 1 /OUTPUT 1 "outQn";
    .port_info 2 /INPUT 1 "clearN";
    .port_info 3 /INPUT 1 "inJ";
    .port_info 4 /INPUT 1 "inK";
    .port_info 5 /INPUT 1 "clock";
L_0x7ff389d254c0 .functor NOT 1, v0x7ff389d247b0_0, C4<0>, C4<0>, C4<0>;
v0x7ff389d09410_0 .net "clearN", 0 0, v0x7ff389d24f50_0;  1 drivers
v0x7ff389d245e0_0 .net "clock", 0 0, v0x7ff389d24ff0_0;  1 drivers
v0x7ff389d24680_0 .net "inJ", 0 0, v0x7ff389d25150_0;  1 drivers
v0x7ff389d24710_0 .net "inK", 0 0, v0x7ff389d25200_0;  1 drivers
v0x7ff389d247b0_0 .var "outQ", 0 0;
v0x7ff389d24890_0 .net "outQn", 0 0, L_0x7ff389d254c0;  alias, 1 drivers
E_0x7ff389d06ff0/0 .event negedge, v0x7ff389d09410_0;
E_0x7ff389d06ff0/1 .event posedge, v0x7ff389d245e0_0;
E_0x7ff389d06ff0 .event/or E_0x7ff389d06ff0/0, E_0x7ff389d06ff0/1;
S_0x7ff389d249c0 .scope task, "disp" "disp" 2 80, 2 80 0, S_0x7ff389d017d0;
 .timescale -9 -9;
v0x7ff389d24b80_0 .var "clear_n", 0 0;
v0x7ff389d24c10_0 .var "clk", 0 0;
v0x7ff389d24ca0_0 .var "in_j", 0 0;
v0x7ff389d24d30_0 .var "in_k", 0 0;
v0x7ff389d24dd0_0 .var "out_q", 0 0;
v0x7ff389d24eb0_0 .var "out_qn", 0 0;
TD_tb.disp ;
    %vpi_call 2 89 "$write", "   %1b    %1b   %1b  %1b  |  %1b  %1b      %3t", v0x7ff389d24c10_0, v0x7ff389d24b80_0, v0x7ff389d24ca0_0, v0x7ff389d24d30_0, v0x7ff389d24dd0_0, v0x7ff389d24eb0_0, $time {0 0 0};
    %load/vec4 v0x7ff389d24b80_0;
    %cmpi/e 0, 0, 1;
    %jmp/0xz  T_0.0, 4;
    %vpi_call 2 92 "$write", "  Q -> 0 clear\012" {0 0 0};
    %jmp T_0.1;
T_0.0 ;
    %load/vec4 v0x7ff389d24ca0_0;
    %load/vec4 v0x7ff389d24d30_0;
    %concat/vec4; draw_concat_vec4
    %dup/vec4;
    %pushi/vec4 1, 0, 2;
    %cmp/u;
    %jmp/1 T_0.2, 6;
    %dup/vec4;
    %pushi/vec4 2, 0, 2;
    %cmp/u;
    %jmp/1 T_0.3, 6;
    %dup/vec4;
    %pushi/vec4 3, 0, 2;
    %cmp/u;
    %jmp/1 T_0.4, 6;
    %vpi_call 2 99 "$write", "  Q -> Q\012" {0 0 0};
    %jmp T_0.6;
T_0.2 ;
    %vpi_call 2 96 "$write", "  Q -> 0\012" {0 0 0};
    %jmp T_0.6;
T_0.3 ;
    %vpi_call 2 97 "$write", "  Q -> 1\012" {0 0 0};
    %jmp T_0.6;
T_0.4 ;
    %vpi_call 2 98 "$write", "  Q -> ~Q\012" {0 0 0};
    %jmp T_0.6;
T_0.6 ;
    %pop/vec4 1;
T_0.1 ;
    %end;
    .scope S_0x7ff389d01940;
T_1 ;
    %wait E_0x7ff389d06ff0;
    %load/vec4 v0x7ff389d09410_0;
    %inv;
    %flag_set/vec4 8;
    %jmp/0xz  T_1.0, 8;
    %pushi/vec4 0, 0, 1;
    %store/vec4 v0x7ff389d247b0_0, 0, 1;
    %jmp T_1.1;
T_1.0 ;
    %load/vec4 v0x7ff389d24680_0;
    %load/vec4 v0x7ff389d24710_0;
    %concat/vec4; draw_concat_vec4
    %dup/vec4;
    %pushi/vec4 1, 0, 2;
    %cmp/u;
    %jmp/1 T_1.2, 6;
    %dup/vec4;
    %pushi/vec4 2, 0, 2;
    %cmp/u;
    %jmp/1 T_1.3, 6;
    %dup/vec4;
    %pushi/vec4 3, 0, 2;
    %cmp/u;
    %jmp/1 T_1.4, 6;
    %load/vec4 v0x7ff389d247b0_0;
    %assign/vec4 v0x7ff389d247b0_0, 0;
    %jmp T_1.6;
T_1.2 ;
    %pushi/vec4 0, 0, 1;
    %assign/vec4 v0x7ff389d247b0_0, 0;
    %jmp T_1.6;
T_1.3 ;
    %pushi/vec4 1, 0, 1;
    %assign/vec4 v0x7ff389d247b0_0, 0;
    %jmp T_1.6;
T_1.4 ;
    %load/vec4 v0x7ff389d247b0_0;
    %inv;
    %assign/vec4 v0x7ff389d247b0_0, 0;
    %jmp T_1.6;
T_1.6 ;
    %pop/vec4 1;
T_1.1 ;
    %jmp T_1;
    .thread T_1;
    .scope S_0x7ff389d017d0;
T_2 ;
    %delay 5, 0;
    %load/vec4 v0x7ff389d24ff0_0;
    %inv;
    %store/vec4 v0x7ff389d24ff0_0, 0, 1;
    %jmp T_2;
    .thread T_2;
    .scope S_0x7ff389d017d0;
T_3 ;
    %vpi_call 2 37 "$dumpfile", "wave.vcd" {0 0 0};
    %vpi_call 2 38 "$dumpvars", 32'sb00000000000000000000000000000000, S_0x7ff389d017d0 {0 0 0};
    %vpi_call 2 39 "$write", "\012 test the JK ff w/ synchronous clearN\012" {0 0 0};
    %vpi_call 2 40 "$write", " @posedge JK:\012" {0 0 0};
    %vpi_call 2 41 "$write", " 00: no change\012" {0 0 0};
    %vpi_call 2 42 "$write", " 01: 0\012" {0 0 0};
    %vpi_call 2 43 "$write", " 10: 1\012" {0 0 0};
    %vpi_call 2 44 "$write", " 11: toggle\012\012" {0 0 0};
    %vpi_call 2 45 "$write", " clk  clrN  J  K  |  Q ~Q      time\012" {0 0 0};
    %vpi_call 2 46 "$write", " -------------------------\012" {0 0 0};
    %pushi/vec4 22, 0, 32;
    %store/vec4 v0x7ff389d25430_0, 0, 32;
    %pushi/vec4 0, 0, 1;
    %store/vec4 v0x7ff389d24ff0_0, 0, 1;
    %pushi/vec4 0, 0, 1;
    %store/vec4 v0x7ff389d24f50_0, 0, 1;
    %pushi/vec4 0, 0, 1;
    %assign/vec4 v0x7ff389d25150_0, 0;
    %pushi/vec4 0, 0, 1;
    %assign/vec4 v0x7ff389d25200_0, 0;
    %delay 1, 0;
    %pushi/vec4 1, 0, 1;
    %store/vec4 v0x7ff389d24f50_0, 0, 1;
    %pushi/vec4 0, 0, 32;
    %store/vec4 v0x7ff389d250a0_0, 0, 32;
T_3.0 ;
    %load/vec4 v0x7ff389d250a0_0;
    %cmpi/s 32, 0, 32;
    %jmp/0xz T_3.1, 5;
    %vpi_func 2 56 "$random" 32, v0x7ff389d25430_0 {0 0 0};
    %pushi/vec4 2, 0, 32;
    %mod/s;
    %pad/s 1;
    %assign/vec4 v0x7ff389d25150_0, 0;
    %vpi_func 2 57 "$random" 32, v0x7ff389d25430_0 {0 0 0};
    %pushi/vec4 2, 0, 32;
    %mod/s;
    %pad/s 1;
    %assign/vec4 v0x7ff389d25200_0, 0;
    %delay 5, 0;
    %load/vec4 v0x7ff389d250a0_0;
    %addi 1, 0, 32;
    %store/vec4 v0x7ff389d250a0_0, 0, 32;
    %jmp T_3.0;
T_3.1 ;
    %vpi_call 2 60 "$write", " -------------------------\012" {0 0 0};
    %pushi/vec4 0, 0, 1;
    %store/vec4 v0x7ff389d24f50_0, 0, 1;
    %pushi/vec4 0, 0, 32;
    %store/vec4 v0x7ff389d250a0_0, 0, 32;
T_3.2 ;
    %load/vec4 v0x7ff389d250a0_0;
    %cmpi/s 8, 0, 32;
    %jmp/0xz T_3.3, 5;
    %vpi_func 2 64 "$random" 32, v0x7ff389d25430_0 {0 0 0};
    %pushi/vec4 2, 0, 32;
    %mod/s;
    %pad/s 1;
    %assign/vec4 v0x7ff389d25150_0, 0;
    %vpi_func 2 65 "$random" 32, v0x7ff389d25430_0 {0 0 0};
    %pushi/vec4 2, 0, 32;
    %mod/s;
    %pad/s 1;
    %assign/vec4 v0x7ff389d25200_0, 0;
    %delay 5, 0;
    %load/vec4 v0x7ff389d250a0_0;
    %addi 1, 0, 32;
    %store/vec4 v0x7ff389d250a0_0, 0, 32;
    %jmp T_3.2;
T_3.3 ;
    %vpi_call 2 68 "$write", " -------------------------\012" {0 0 0};
    %vpi_call 2 71 "$write", "\012\012\011\011 ~ ~ ~ TEST COMPLETE ~ ~ ~\012\012" {0 0 0};
    %vpi_call 2 72 "$finish" {0 0 0};
    %end;
    .thread T_3;
    .scope S_0x7ff389d017d0;
T_4 ;
    %wait E_0x7ff389d07120;
    %delay 1, 0;
    %load/vec4 v0x7ff389d24ff0_0;
    %store/vec4 v0x7ff389d24c10_0, 0, 1;
    %load/vec4 v0x7ff389d24f50_0;
    %store/vec4 v0x7ff389d24b80_0, 0, 1;
    %load/vec4 v0x7ff389d25150_0;
    %store/vec4 v0x7ff389d24ca0_0, 0, 1;
    %load/vec4 v0x7ff389d25200_0;
    %store/vec4 v0x7ff389d24d30_0, 0, 1;
    %load/vec4 v0x7ff389d252d0_0;
    %store/vec4 v0x7ff389d24dd0_0, 0, 1;
    %load/vec4 v0x7ff389d25380_0;
    %store/vec4 v0x7ff389d24eb0_0, 0, 1;
    %fork TD_tb.disp, S_0x7ff389d249c0;
    %join;
    %jmp T_4;
    .thread T_4;
# The file index is used to find the file name in the following table.
:file_names 3;
    "N/A";
    "<interactive>";
    "jk_sync_clear.v";
