#! /usr/local/Cellar/icarus-verilog/11.0/bin/vvp
:ivl_version "11.0 (stable)";
:ivl_delay_selection "TYPICAL";
:vpi_time_precision - 9;
:vpi_module "/usr/local/Cellar/icarus-verilog/11.0/lib/ivl/system.vpi";
:vpi_module "/usr/local/Cellar/icarus-verilog/11.0/lib/ivl/vhdl_sys.vpi";
:vpi_module "/usr/local/Cellar/icarus-verilog/11.0/lib/ivl/vhdl_textio.vpi";
:vpi_module "/usr/local/Cellar/icarus-verilog/11.0/lib/ivl/v2005_math.vpi";
:vpi_module "/usr/local/Cellar/icarus-verilog/11.0/lib/ivl/va_math.vpi";
S_0x7f8d71d11320 .scope module, "tb" "tb" 2 15;
 .timescale -9 -9;
v0x7f8d71d219a0_0 .var/i "idx", 31 0;
v0x7f8d71d21a60_0 .net "seg", 6 0, v0x7f8d71d21650_0;  1 drivers
v0x7f8d71d21b20_0 .var "select", 3 0;
S_0x7f8d71d11490 .scope module, "DUT" "seg7" 2 20, 2 127 0, S_0x7f8d71d11320;
 .timescale -9 -9;
    .port_info 0 /INPUT 4 "cntl";
    .port_info 1 /OUTPUT 7 "disp";
P_0x7f8d71d01c90 .param/l "OFF" 0 2 133, C4<0>;
P_0x7f8d71d01cd0 .param/l "ON" 0 2 132, C4<1>;
v0x7f8d71d11630_0 .net "cntl", 3 0, v0x7f8d71d21b20_0;  1 drivers
v0x7f8d71d21650_0 .var "disp", 6 0;
E_0x7f8d71d11600 .event edge, v0x7f8d71d11630_0;
S_0x7f8d71d21730 .scope task, "disp_out" "disp_out" 2 39, 2 39 0, S_0x7f8d71d11320;
 .timescale -9 -9;
v0x7f8d71d218f0_0 .var "seg_out", 6 0;
TD_tb.disp_out ;
    %vpi_call 2 42 "$write", "\012" {0 0 0};
    %load/vec4 v0x7f8d71d218f0_0;
    %dup/vec4;
    %pushi/vec4 63, 0, 7;
    %cmp/u;
    %jmp/1 T_0.0, 6;
    %dup/vec4;
    %pushi/vec4 6, 0, 7;
    %cmp/u;
    %jmp/1 T_0.1, 6;
    %dup/vec4;
    %pushi/vec4 91, 0, 7;
    %cmp/u;
    %jmp/1 T_0.2, 6;
    %dup/vec4;
    %pushi/vec4 79, 0, 7;
    %cmp/u;
    %jmp/1 T_0.3, 6;
    %dup/vec4;
    %pushi/vec4 102, 0, 7;
    %cmp/u;
    %jmp/1 T_0.4, 6;
    %dup/vec4;
    %pushi/vec4 109, 0, 7;
    %cmp/u;
    %jmp/1 T_0.5, 6;
    %dup/vec4;
    %pushi/vec4 125, 0, 7;
    %cmp/u;
    %jmp/1 T_0.6, 6;
    %dup/vec4;
    %pushi/vec4 7, 0, 7;
    %cmp/u;
    %jmp/1 T_0.7, 6;
    %dup/vec4;
    %pushi/vec4 127, 0, 7;
    %cmp/u;
    %jmp/1 T_0.8, 6;
    %dup/vec4;
    %pushi/vec4 103, 0, 7;
    %cmp/u;
    %jmp/1 T_0.9, 6;
    %vpi_call 2 115 "$write", "NO OUTPUT" {0 0 0};
    %jmp T_0.11;
T_0.0 ;
    %vpi_call 2 46 "$write", "\011 --\012" {0 0 0};
    %vpi_call 2 47 "$write", "\011|  |\012" {0 0 0};
    %vpi_call 2 48 "$write", "\011|  |\012" {0 0 0};
    %vpi_call 2 49 "$write", "\011 --\012" {0 0 0};
    %jmp T_0.11;
T_0.1 ;
    %vpi_call 2 53 "$write", "\011  |\012" {0 0 0};
    %vpi_call 2 54 "$write", "\011  |\012" {0 0 0};
    %jmp T_0.11;
T_0.2 ;
    %vpi_call 2 58 "$write", "\011 --\012" {0 0 0};
    %vpi_call 2 59 "$write", "\011   |\012" {0 0 0};
    %vpi_call 2 60 "$write", "\011 --\012" {0 0 0};
    %vpi_call 2 61 "$write", "\011|\012" {0 0 0};
    %vpi_call 2 62 "$write", "\011 --\012" {0 0 0};
    %jmp T_0.11;
T_0.3 ;
    %vpi_call 2 66 "$write", "\011--\012" {0 0 0};
    %vpi_call 2 67 "$write", "\011  |\012" {0 0 0};
    %vpi_call 2 68 "$write", "\011--\012" {0 0 0};
    %vpi_call 2 69 "$write", "\011  |\012" {0 0 0};
    %vpi_call 2 70 "$write", "\011--\012" {0 0 0};
    %jmp T_0.11;
T_0.4 ;
    %vpi_call 2 74 "$write", "\011|  |\012" {0 0 0};
    %vpi_call 2 75 "$write", "\011 --\012" {0 0 0};
    %vpi_call 2 76 "$write", "\011   |\012" {0 0 0};
    %jmp T_0.11;
T_0.5 ;
    %vpi_call 2 80 "$write", "\011 --\012" {0 0 0};
    %vpi_call 2 81 "$write", "\011|\012" {0 0 0};
    %vpi_call 2 82 "$write", "\011 --\012" {0 0 0};
    %vpi_call 2 83 "$write", "\011   |\012" {0 0 0};
    %vpi_call 2 84 "$write", "\011 --\012" {0 0 0};
    %jmp T_0.11;
T_0.6 ;
    %vpi_call 2 88 "$write", "\011 --\012" {0 0 0};
    %vpi_call 2 89 "$write", "\011|\012" {0 0 0};
    %vpi_call 2 90 "$write", "\011 --\012" {0 0 0};
    %vpi_call 2 91 "$write", "\011|  |\012" {0 0 0};
    %vpi_call 2 92 "$write", "\011 --\012" {0 0 0};
    %jmp T_0.11;
T_0.7 ;
    %vpi_call 2 96 "$write", "\011 --\012" {0 0 0};
    %vpi_call 2 97 "$write", "\011   |\012" {0 0 0};
    %vpi_call 2 98 "$write", "\011   |\012" {0 0 0};
    %jmp T_0.11;
T_0.8 ;
    %vpi_call 2 102 "$write", "\011 --\012" {0 0 0};
    %vpi_call 2 103 "$write", "\011|  |\012" {0 0 0};
    %vpi_call 2 104 "$write", "\011 --\012" {0 0 0};
    %vpi_call 2 105 "$write", "\011|  |\012" {0 0 0};
    %vpi_call 2 106 "$write", "\011 --\012" {0 0 0};
    %jmp T_0.11;
T_0.9 ;
    %vpi_call 2 110 "$write", "\011 --\012" {0 0 0};
    %vpi_call 2 111 "$write", "\011|  |\012" {0 0 0};
    %vpi_call 2 112 "$write", "\011 --\012" {0 0 0};
    %vpi_call 2 113 "$write", "\011   |\012" {0 0 0};
    %jmp T_0.11;
T_0.11 ;
    %pop/vec4 1;
    %vpi_call 2 118 "$write", "\012" {0 0 0};
    %end;
    .scope S_0x7f8d71d11490;
T_1 ;
    %wait E_0x7f8d71d11600;
    %pushi/vec4 0, 0, 7;
    %store/vec4 v0x7f8d71d21650_0, 0, 7;
    %load/vec4 v0x7f8d71d11630_0;
    %dup/vec4;
    %pushi/vec4 0, 0, 4;
    %cmp/u;
    %jmp/1 T_1.0, 6;
    %dup/vec4;
    %pushi/vec4 1, 0, 4;
    %cmp/u;
    %jmp/1 T_1.1, 6;
    %dup/vec4;
    %pushi/vec4 2, 0, 4;
    %cmp/u;
    %jmp/1 T_1.2, 6;
    %dup/vec4;
    %pushi/vec4 3, 0, 4;
    %cmp/u;
    %jmp/1 T_1.3, 6;
    %dup/vec4;
    %pushi/vec4 4, 0, 4;
    %cmp/u;
    %jmp/1 T_1.4, 6;
    %dup/vec4;
    %pushi/vec4 5, 0, 4;
    %cmp/u;
    %jmp/1 T_1.5, 6;
    %dup/vec4;
    %pushi/vec4 6, 0, 4;
    %cmp/u;
    %jmp/1 T_1.6, 6;
    %dup/vec4;
    %pushi/vec4 7, 0, 4;
    %cmp/u;
    %jmp/1 T_1.7, 6;
    %dup/vec4;
    %pushi/vec4 8, 0, 4;
    %cmp/u;
    %jmp/1 T_1.8, 6;
    %dup/vec4;
    %pushi/vec4 9, 0, 4;
    %cmp/u;
    %jmp/1 T_1.9, 6;
    %jmp T_1.10;
T_1.0 ;
    %pushi/vec4 63, 0, 6;
    %ix/load 4, 0, 0;
    %flag_set/imm 4, 0;
    %store/vec4 v0x7f8d71d21650_0, 4, 6;
    %jmp T_1.10;
T_1.1 ;
    %pushi/vec4 3, 0, 2;
    %ix/load 4, 1, 0;
    %flag_set/imm 4, 0;
    %store/vec4 v0x7f8d71d21650_0, 4, 2;
    %jmp T_1.10;
T_1.2 ;
    %pushi/vec4 3, 0, 2;
    %ix/load 4, 0, 0;
    %flag_set/imm 4, 0;
    %store/vec4 v0x7f8d71d21650_0, 4, 2;
    %pushi/vec4 1, 0, 1;
    %ix/load 4, 6, 0;
    %flag_set/imm 4, 0;
    %store/vec4 v0x7f8d71d21650_0, 4, 1;
    %pushi/vec4 3, 0, 2;
    %ix/load 4, 3, 0;
    %flag_set/imm 4, 0;
    %store/vec4 v0x7f8d71d21650_0, 4, 2;
    %jmp T_1.10;
T_1.3 ;
    %pushi/vec4 15, 0, 4;
    %ix/load 4, 0, 0;
    %flag_set/imm 4, 0;
    %store/vec4 v0x7f8d71d21650_0, 4, 4;
    %pushi/vec4 1, 0, 1;
    %ix/load 4, 6, 0;
    %flag_set/imm 4, 0;
    %store/vec4 v0x7f8d71d21650_0, 4, 1;
    %jmp T_1.10;
T_1.4 ;
    %pushi/vec4 3, 0, 2;
    %ix/load 4, 1, 0;
    %flag_set/imm 4, 0;
    %store/vec4 v0x7f8d71d21650_0, 4, 2;
    %pushi/vec4 3, 0, 2;
    %ix/load 4, 5, 0;
    %flag_set/imm 4, 0;
    %store/vec4 v0x7f8d71d21650_0, 4, 2;
    %jmp T_1.10;
T_1.5 ;
    %pushi/vec4 1, 0, 1;
    %ix/load 4, 0, 0;
    %flag_set/imm 4, 0;
    %store/vec4 v0x7f8d71d21650_0, 4, 1;
    %pushi/vec4 3, 0, 2;
    %ix/load 4, 2, 0;
    %flag_set/imm 4, 0;
    %store/vec4 v0x7f8d71d21650_0, 4, 2;
    %pushi/vec4 3, 0, 2;
    %ix/load 4, 5, 0;
    %flag_set/imm 4, 0;
    %store/vec4 v0x7f8d71d21650_0, 4, 2;
    %jmp T_1.10;
T_1.6 ;
    %pushi/vec4 1, 0, 1;
    %ix/load 4, 0, 0;
    %flag_set/imm 4, 0;
    %store/vec4 v0x7f8d71d21650_0, 4, 1;
    %pushi/vec4 31, 0, 5;
    %ix/load 4, 2, 0;
    %flag_set/imm 4, 0;
    %store/vec4 v0x7f8d71d21650_0, 4, 5;
    %jmp T_1.10;
T_1.7 ;
    %pushi/vec4 7, 0, 3;
    %ix/load 4, 0, 0;
    %flag_set/imm 4, 0;
    %store/vec4 v0x7f8d71d21650_0, 4, 3;
    %jmp T_1.10;
T_1.8 ;
    %pushi/vec4 127, 0, 7;
    %store/vec4 v0x7f8d71d21650_0, 0, 7;
    %jmp T_1.10;
T_1.9 ;
    %pushi/vec4 127, 0, 7;
    %store/vec4 v0x7f8d71d21650_0, 0, 7;
    %pushi/vec4 0, 0, 2;
    %ix/load 4, 3, 0;
    %flag_set/imm 4, 0;
    %store/vec4 v0x7f8d71d21650_0, 4, 2;
    %jmp T_1.10;
T_1.10 ;
    %pop/vec4 1;
    %jmp T_1;
    .thread T_1, $push;
    .scope S_0x7f8d71d11320;
T_2 ;
    %vpi_call 2 26 "$write", "\012" {0 0 0};
    %pushi/vec4 0, 0, 32;
    %store/vec4 v0x7f8d71d219a0_0, 0, 32;
T_2.0 ;
    %load/vec4 v0x7f8d71d219a0_0;
    %cmpi/s 16, 0, 32;
    %jmp/0xz T_2.1, 5;
    %load/vec4 v0x7f8d71d219a0_0;
    %pad/s 4;
    %store/vec4 v0x7f8d71d21b20_0, 0, 4;
    %delay 10, 0;
    %vpi_call 2 30 "$write", "selected:  %4b  ,  disp:  %4b_%3b  -->  %2d\012", v0x7f8d71d21b20_0, &PV<v0x7f8d71d21a60_0, 3, 4>, &PV<v0x7f8d71d21a60_0, 0, 3>, v0x7f8d71d219a0_0 {0 0 0};
    %load/vec4 v0x7f8d71d21a60_0;
    %store/vec4 v0x7f8d71d218f0_0, 0, 7;
    %fork TD_tb.disp_out, S_0x7f8d71d21730;
    %join;
    %load/vec4 v0x7f8d71d219a0_0;
    %addi 1, 0, 32;
    %store/vec4 v0x7f8d71d219a0_0, 0, 32;
    %jmp T_2.0;
T_2.1 ;
    %delay 10, 0;
    %vpi_call 2 35 "$write", "\012\012\011\011 ~ ~ ~ TEST COMPLETE ~ ~ ~\012\012" {0 0 0};
    %vpi_call 2 36 "$finish" {0 0 0};
    %end;
    .thread T_2;
# The file index is used to find the file name in the following table.
:file_names 3;
    "N/A";
    "<interactive>";
    "seg7.v";
