#! /usr/local/Cellar/icarus-verilog/11.0/bin/vvp
:ivl_version "11.0 (stable)";
:ivl_delay_selection "TYPICAL";
:vpi_time_precision + 0;
:vpi_module "/usr/local/Cellar/icarus-verilog/11.0/lib/ivl/system.vpi";
:vpi_module "/usr/local/Cellar/icarus-verilog/11.0/lib/ivl/vhdl_sys.vpi";
:vpi_module "/usr/local/Cellar/icarus-verilog/11.0/lib/ivl/vhdl_textio.vpi";
:vpi_module "/usr/local/Cellar/icarus-verilog/11.0/lib/ivl/v2005_math.vpi";
:vpi_module "/usr/local/Cellar/icarus-verilog/11.0/lib/ivl/va_math.vpi";
S_0x7ff58742d9c0 .scope module, "my_GDP" "my_GDP" 2 7;
 .timescale 0 0;
    .port_info 0 /OUTPUT 8 "Sum";
    .port_info 1 /INPUT 1 "start";
    .port_info 2 /INPUT 1 "restart";
    .port_info 3 /INPUT 1 "clk";
    .port_info 4 /INPUT 8 "n";
    .port_info 5 /OUTPUT 1 "done";
o0x10b8d5958 .functor BUFZ 1, C4<z>; HiZ drive
L_0x7ff587452300 .functor NOT 1, o0x10b8d5958, C4<0>, C4<0>, C4<0>;
o0x10b8d5928 .functor BUFZ 1, C4<z>; HiZ drive
L_0x7ff587451e00 .functor NOT 1, o0x10b8d5928, C4<0>, C4<0>, C4<0>;
L_0x7ff587452c80 .functor BUFZ 1, L_0x7ff587452110, C4<0>, C4<0>, C4<0>;
v0x7ff58744ea30_0 .net "ALU", 2 0, L_0x7ff587451a90;  1 drivers
v0x7ff58744eae0_0 .net "IE", 0 0, L_0x7ff58744f660;  1 drivers
v0x7ff58744eb80_0 .net "OE", 0 0, L_0x7ff587452110;  1 drivers
v0x7ff58744ec10_0 .net "RAA", 1 0, L_0x7ff587450770;  1 drivers
v0x7ff58744eca0_0 .net "RAE", 0 0, L_0x7ff5874505f0;  1 drivers
v0x7ff58744ed30_0 .net "RBA", 1 0, L_0x7ff587450e10;  1 drivers
v0x7ff58744edc0_0 .net "RBE", 0 0, L_0x7ff587450ce0;  1 drivers
v0x7ff58744ee50_0 .net "SH", 1 0, L_0x7ff587452030;  1 drivers
v0x7ff58744eee0_0 .net "Sum", 7 0, v0x7ff58744cb40_0;  1 drivers
v0x7ff58744eff0_0 .net "WA", 1 0, L_0x7ff58744f910;  1 drivers
v0x7ff58744f080_0 .net "WE", 0 0, L_0x7ff58744f820;  1 drivers
o0x10b8d4a88 .functor BUFZ 1, C4<z>; HiZ drive
v0x7ff58744f110_0 .net "clk", 0 0, o0x10b8d4a88;  0 drivers
v0x7ff58744f1a0_0 .net "done", 0 0, L_0x7ff587452c80;  1 drivers
o0x10b8d53e8 .functor BUFZ 8, C4<zzzzzzzz>; HiZ drive
v0x7ff58744f240_0 .net "n", 7 0, o0x10b8d53e8;  0 drivers
v0x7ff58744f320_0 .net "nEqZero", 0 0, L_0x7ff587452be0;  1 drivers
v0x7ff58744f3f0_0 .net "restart", 0 0, o0x10b8d5928;  0 drivers
v0x7ff58744f480_0 .net "start", 0 0, o0x10b8d5958;  0 drivers
S_0x7ff58742bc30 .scope module, "control" "CU" 2 17, 2 24 0, S_0x7ff58742d9c0;
 .timescale 0 0;
    .port_info 0 /OUTPUT 1 "IE";
    .port_info 1 /OUTPUT 1 "WE";
    .port_info 2 /OUTPUT 2 "WA";
    .port_info 3 /OUTPUT 1 "RAE";
    .port_info 4 /OUTPUT 2 "RAA";
    .port_info 5 /OUTPUT 1 "RBE";
    .port_info 6 /OUTPUT 2 "RBA";
    .port_info 7 /OUTPUT 3 "ALU";
    .port_info 8 /OUTPUT 2 "SH";
    .port_info 9 /OUTPUT 1 "OE";
    .port_info 10 /INPUT 1 "start";
    .port_info 11 /INPUT 1 "clk";
    .port_info 12 /INPUT 1 "restart";
    .port_info 13 /INPUT 1 "nEqZero";
P_0x7ff58743c4b0 .param/l "S0" 0 2 35, C4<000>;
P_0x7ff58743c4f0 .param/l "S1" 0 2 36, C4<001>;
P_0x7ff58743c530 .param/l "S2" 0 2 37, C4<010>;
P_0x7ff58743c570 .param/l "S3" 0 2 38, C4<011>;
P_0x7ff58743c5b0 .param/l "S4" 0 2 39, C4<100>;
L_0x7ff58744f820 .functor NOT 1, L_0x7ff58744f780, C4<0>, C4<0>, C4<0>;
L_0x7ff58744fb10 .functor NOT 1, L_0x7ff58744fa50, C4<0>, C4<0>, C4<0>;
L_0x7ff58744fd00 .functor AND 1, L_0x7ff58744fb10, L_0x7ff58744fbe0, C4<1>, C4<1>;
L_0x7ff58744fef0 .functor NOT 1, L_0x7ff58744fe50, C4<0>, C4<0>, C4<0>;
L_0x7ff587450040 .functor AND 1, L_0x7ff58744fef0, L_0x7ff58744ffa0, C4<1>, C4<1>;
L_0x7ff587450200 .functor NOT 1, L_0x7ff587450160, C4<0>, C4<0>, C4<0>;
L_0x7ff58744fc80 .functor NOT 1, L_0x7ff5874502b0, C4<0>, C4<0>, C4<0>;
L_0x7ff5874504e0 .functor AND 1, L_0x7ff587450200, L_0x7ff58744fc80, C4<1>, C4<1>;
L_0x7ff5874505f0 .functor OR 1, L_0x7ff587450040, L_0x7ff5874504e0, C4<0>, C4<0>;
L_0x7ff587450a70 .functor NOT 1, L_0x7ff5874509d0, C4<0>, C4<0>, C4<0>;
L_0x7ff587450bf0 .functor NOT 1, L_0x7ff587450ae0, C4<0>, C4<0>, C4<0>;
L_0x7ff587450ce0 .functor AND 1, L_0x7ff587450a70, L_0x7ff587450bf0, C4<1>, C4<1>;
L_0x7ff587450b80 .functor NOT 1, L_0x7ff5874510d0, C4<0>, C4<0>, C4<0>;
L_0x7ff587451350 .functor NOT 1, L_0x7ff587451220, C4<0>, C4<0>, C4<0>;
L_0x7ff587451050 .functor AND 1, L_0x7ff587450b80, L_0x7ff587451350, C4<1>, C4<1>;
L_0x7ff5874511b0 .functor NOT 1, L_0x7ff5874514c0, C4<0>, C4<0>, C4<0>;
L_0x7ff587451840 .functor AND 1, L_0x7ff5874511b0, L_0x7ff5874515a0, C4<1>, C4<1>;
L_0x7ff587451940 .functor OR 1, L_0x7ff587451050, L_0x7ff587451840, C4<0>, C4<0>;
L_0x7ff587451ee0 .functor OR 1, L_0x7ff587450350, L_0x7ff587451d60, C4<0>, C4<0>;
v0x7ff587411d40_0 .net "ALU", 2 0, L_0x7ff587451a90;  alias, 1 drivers
v0x7ff5874481a0_0 .net "IE", 0 0, L_0x7ff58744f660;  alias, 1 drivers
v0x7ff587448240_0 .net "OE", 0 0, L_0x7ff587452110;  alias, 1 drivers
v0x7ff5874482f0_0 .net "RAA", 1 0, L_0x7ff587450770;  alias, 1 drivers
v0x7ff5874483a0_0 .net "RAE", 0 0, L_0x7ff5874505f0;  alias, 1 drivers
v0x7ff587448480_0 .net "RBA", 1 0, L_0x7ff587450e10;  alias, 1 drivers
v0x7ff587448530_0 .net "RBE", 0 0, L_0x7ff587450ce0;  alias, 1 drivers
v0x7ff5874485d0_0 .net "SH", 1 0, L_0x7ff587452030;  alias, 1 drivers
v0x7ff587448680_0 .net "WA", 1 0, L_0x7ff58744f910;  alias, 1 drivers
v0x7ff587448790_0 .net "WE", 0 0, L_0x7ff58744f820;  alias, 1 drivers
L_0x10b905008 .functor BUFT 1, C4<001>, C4<0>, C4<0>, C4<0>;
v0x7ff587448830_0 .net/2u *"_ivl_0", 2 0, L_0x10b905008;  1 drivers
L_0x10b905050 .functor BUFT 1, C4<0>, C4<0>, C4<0>, C4<0>;
v0x7ff5874488e0_0 .net/2s *"_ivl_10", 0 0, L_0x10b905050;  1 drivers
v0x7ff587448990_0 .net *"_ivl_101", 0 0, L_0x7ff5874519b0;  1 drivers
L_0x10b905200 .functor BUFT 1, C4<000>, C4<0>, C4<0>, C4<0>;
v0x7ff587448a30_0 .net/2u *"_ivl_106", 2 0, L_0x10b905200;  1 drivers
v0x7ff587448ae0_0 .net *"_ivl_108", 0 0, L_0x7ff587450350;  1 drivers
L_0x10b905248 .functor BUFT 1, C4<011>, C4<0>, C4<0>, C4<0>;
v0x7ff587448b80_0 .net/2u *"_ivl_110", 2 0, L_0x10b905248;  1 drivers
v0x7ff587448c30_0 .net *"_ivl_112", 0 0, L_0x7ff587451d60;  1 drivers
v0x7ff587448dc0_0 .net *"_ivl_115", 0 0, L_0x7ff587451ee0;  1 drivers
L_0x10b905290 .functor BUFT 1, C4<0>, C4<0>, C4<0>, C4<0>;
v0x7ff587448e50_0 .net/2s *"_ivl_118", 0 0, L_0x10b905290;  1 drivers
L_0x10b9052d8 .functor BUFT 1, C4<0>, C4<0>, C4<0>, C4<0>;
v0x7ff587448ee0_0 .net/2s *"_ivl_123", 0 0, L_0x10b9052d8;  1 drivers
L_0x10b905320 .functor BUFT 1, C4<100>, C4<0>, C4<0>, C4<0>;
v0x7ff587448f90_0 .net/2u *"_ivl_125", 2 0, L_0x10b905320;  1 drivers
v0x7ff587449040_0 .net *"_ivl_16", 0 0, L_0x7ff58744fa50;  1 drivers
v0x7ff5874490f0_0 .net *"_ivl_17", 0 0, L_0x7ff58744fb10;  1 drivers
v0x7ff5874491a0_0 .net *"_ivl_20", 0 0, L_0x7ff58744fbe0;  1 drivers
v0x7ff587449250_0 .net *"_ivl_22", 0 0, L_0x7ff58744fd00;  1 drivers
v0x7ff5874492f0_0 .net *"_ivl_24", 0 0, L_0x7ff58744fe50;  1 drivers
v0x7ff5874493a0_0 .net *"_ivl_25", 0 0, L_0x7ff58744fef0;  1 drivers
v0x7ff587449450_0 .net *"_ivl_28", 0 0, L_0x7ff58744ffa0;  1 drivers
v0x7ff587449500_0 .net *"_ivl_30", 0 0, L_0x7ff587450040;  1 drivers
v0x7ff5874495a0_0 .net *"_ivl_32", 0 0, L_0x7ff587450160;  1 drivers
v0x7ff587449650_0 .net *"_ivl_33", 0 0, L_0x7ff587450200;  1 drivers
v0x7ff587449700_0 .net *"_ivl_36", 0 0, L_0x7ff5874502b0;  1 drivers
v0x7ff5874497b0_0 .net *"_ivl_37", 0 0, L_0x7ff58744fc80;  1 drivers
v0x7ff587448ce0_0 .net *"_ivl_40", 0 0, L_0x7ff5874504e0;  1 drivers
L_0x10b905098 .functor BUFT 1, C4<0>, C4<0>, C4<0>, C4<0>;
v0x7ff587449a40_0 .net/2s *"_ivl_45", 0 0, L_0x10b905098;  1 drivers
v0x7ff587449ad0_0 .net *"_ivl_5", 0 0, L_0x7ff58744f780;  1 drivers
L_0x10b9050e0 .functor BUFT 1, C4<011>, C4<0>, C4<0>, C4<0>;
v0x7ff587449b60_0 .net/2u *"_ivl_50", 2 0, L_0x10b9050e0;  1 drivers
v0x7ff587449c10_0 .net *"_ivl_52", 0 0, L_0x7ff587450890;  1 drivers
v0x7ff587449cb0_0 .net *"_ivl_55", 0 0, L_0x7ff5874509d0;  1 drivers
v0x7ff587449d60_0 .net *"_ivl_56", 0 0, L_0x7ff587450a70;  1 drivers
v0x7ff587449e10_0 .net *"_ivl_59", 0 0, L_0x7ff587450ae0;  1 drivers
v0x7ff587449ec0_0 .net *"_ivl_60", 0 0, L_0x7ff587450bf0;  1 drivers
L_0x10b905128 .functor BUFT 1, C4<0>, C4<0>, C4<0>, C4<0>;
v0x7ff587449f70_0 .net/2s *"_ivl_66", 0 0, L_0x10b905128;  1 drivers
L_0x10b905170 .functor BUFT 1, C4<010>, C4<0>, C4<0>, C4<0>;
v0x7ff58744a020_0 .net/2u *"_ivl_71", 2 0, L_0x10b905170;  1 drivers
v0x7ff58744a0d0_0 .net *"_ivl_73", 0 0, L_0x7ff587450f30;  1 drivers
v0x7ff58744a170_0 .net *"_ivl_78", 0 0, L_0x7ff5874510d0;  1 drivers
v0x7ff58744a220_0 .net *"_ivl_79", 0 0, L_0x7ff587450b80;  1 drivers
v0x7ff58744a2d0_0 .net *"_ivl_82", 0 0, L_0x7ff587451220;  1 drivers
v0x7ff58744a380_0 .net *"_ivl_83", 0 0, L_0x7ff587451350;  1 drivers
v0x7ff58744a430_0 .net *"_ivl_86", 0 0, L_0x7ff587451050;  1 drivers
v0x7ff58744a4d0_0 .net *"_ivl_88", 0 0, L_0x7ff5874514c0;  1 drivers
v0x7ff58744a580_0 .net *"_ivl_89", 0 0, L_0x7ff5874511b0;  1 drivers
v0x7ff58744a630_0 .net *"_ivl_92", 0 0, L_0x7ff5874515a0;  1 drivers
v0x7ff58744a6e0_0 .net *"_ivl_94", 0 0, L_0x7ff587451840;  1 drivers
v0x7ff58744a780_0 .net *"_ivl_96", 0 0, L_0x7ff587451940;  1 drivers
L_0x10b9051b8 .functor BUFT 1, C4<011>, C4<0>, C4<0>, C4<0>;
v0x7ff58744a820_0 .net/2u *"_ivl_99", 2 0, L_0x10b9051b8;  1 drivers
v0x7ff58744a8d0_0 .net "clk", 0 0, o0x10b8d4a88;  alias, 0 drivers
v0x7ff58744a970_0 .net "nEqZero", 0 0, L_0x7ff587452be0;  alias, 1 drivers
v0x7ff58744aa10_0 .var "nextstate", 2 0;
v0x7ff58744aac0_0 .net "restart", 0 0, L_0x7ff587451e00;  1 drivers
v0x7ff58744ab60_0 .net "start", 0 0, L_0x7ff587452300;  1 drivers
v0x7ff58744ac00_0 .var "state", 2 0;
E_0x7ff58742bda0 .event edge, v0x7ff58744ac00_0, v0x7ff58744ab60_0, v0x7ff58744a970_0, v0x7ff58744aac0_0;
E_0x7ff587437af0 .event posedge, v0x7ff58744a8d0_0;
L_0x7ff58744f660 .cmp/eq 3, v0x7ff58744ac00_0, L_0x10b905008;
L_0x7ff58744f780 .part v0x7ff58744ac00_0, 2, 1;
L_0x7ff58744f910 .concat8 [ 1 1 0 0], L_0x7ff58744fd00, L_0x10b905050;
L_0x7ff58744fa50 .part v0x7ff58744ac00_0, 2, 1;
L_0x7ff58744fbe0 .part v0x7ff58744ac00_0, 0, 1;
L_0x7ff58744fe50 .part v0x7ff58744ac00_0, 2, 1;
L_0x7ff58744ffa0 .part v0x7ff58744ac00_0, 1, 1;
L_0x7ff587450160 .part v0x7ff58744ac00_0, 1, 1;
L_0x7ff5874502b0 .part v0x7ff58744ac00_0, 0, 1;
L_0x7ff587450770 .concat8 [ 1 1 0 0], L_0x7ff587450890, L_0x10b905098;
L_0x7ff587450890 .cmp/eq 3, v0x7ff58744ac00_0, L_0x10b9050e0;
L_0x7ff5874509d0 .part v0x7ff58744ac00_0, 2, 1;
L_0x7ff587450ae0 .part v0x7ff58744ac00_0, 0, 1;
L_0x7ff587450e10 .concat8 [ 1 1 0 0], L_0x7ff587450f30, L_0x10b905128;
L_0x7ff587450f30 .cmp/eq 3, v0x7ff58744ac00_0, L_0x10b905170;
L_0x7ff5874510d0 .part v0x7ff58744ac00_0, 2, 1;
L_0x7ff587451220 .part v0x7ff58744ac00_0, 0, 1;
L_0x7ff5874514c0 .part v0x7ff58744ac00_0, 2, 1;
L_0x7ff5874515a0 .part v0x7ff58744ac00_0, 1, 1;
L_0x7ff5874519b0 .cmp/eq 3, v0x7ff58744ac00_0, L_0x10b9051b8;
L_0x7ff587451a90 .concat8 [ 1 1 1 0], L_0x7ff587451ee0, L_0x7ff5874519b0, L_0x7ff587451940;
L_0x7ff587450350 .cmp/eq 3, v0x7ff58744ac00_0, L_0x10b905200;
L_0x7ff587451d60 .cmp/eq 3, v0x7ff58744ac00_0, L_0x10b905248;
L_0x7ff587452030 .concat8 [ 1 1 0 0], L_0x10b9052d8, L_0x10b905290;
L_0x7ff587452110 .cmp/eq 3, v0x7ff58744ac00_0, L_0x10b905320;
S_0x7ff58744ae00 .scope module, "datapath" "DP" 2 18, 2 90 0, S_0x7ff58742d9c0;
 .timescale 0 0;
    .port_info 0 /OUTPUT 1 "nEQZero";
    .port_info 1 /OUTPUT 8 "sum";
    .port_info 2 /INPUT 8 "nIn";
    .port_info 3 /INPUT 1 "clk";
    .port_info 4 /INPUT 1 "IE";
    .port_info 5 /INPUT 1 "WE";
    .port_info 6 /INPUT 2 "WA";
    .port_info 7 /INPUT 1 "RAE";
    .port_info 8 /INPUT 2 "RAA";
    .port_info 9 /INPUT 1 "RBE";
    .port_info 10 /INPUT 2 "RBA";
    .port_info 11 /INPUT 3 "ALU";
    .port_info 12 /INPUT 2 "SH";
    .port_info 13 /INPUT 1 "OE";
v0x7ff58744d7d0_0 .net "ALU", 2 0, L_0x7ff587451a90;  alias, 1 drivers
v0x7ff58744d8c0_0 .net "IE", 0 0, L_0x7ff58744f660;  alias, 1 drivers
v0x7ff58744d990_0 .net "OE", 0 0, L_0x7ff587452110;  alias, 1 drivers
v0x7ff58744da60_0 .net "RAA", 1 0, L_0x7ff587450770;  alias, 1 drivers
v0x7ff58744db30_0 .net "RAE", 0 0, L_0x7ff5874505f0;  alias, 1 drivers
v0x7ff58744dc40_0 .net "RBA", 1 0, L_0x7ff587450e10;  alias, 1 drivers
v0x7ff58744dd10_0 .net "RBE", 0 0, L_0x7ff587450ce0;  alias, 1 drivers
v0x7ff58744dde0_0 .net "RFa", 7 0, L_0x7ff587452550;  1 drivers
v0x7ff58744deb0_0 .net "RFb", 7 0, L_0x7ff5874528a0;  1 drivers
v0x7ff58744dfc0_0 .net "SH", 1 0, L_0x7ff587452030;  alias, 1 drivers
v0x7ff58744e050_0 .net "WA", 1 0, L_0x7ff58744f910;  alias, 1 drivers
v0x7ff58744e120_0 .net "WE", 0 0, L_0x7ff58744f820;  alias, 1 drivers
v0x7ff58744e1f0_0 .net *"_ivl_0", 31 0, L_0x7ff5874529c0;  1 drivers
L_0x10b905488 .functor BUFT 1, C4<000000000000000000000000>, C4<0>, C4<0>, C4<0>;
v0x7ff58744e280_0 .net *"_ivl_3", 23 0, L_0x10b905488;  1 drivers
L_0x10b9054d0 .functor BUFT 1, C4<00000000000000000000000000000000>, C4<0>, C4<0>, C4<0>;
v0x7ff58744e310_0 .net/2u *"_ivl_4", 31 0, L_0x10b9054d0;  1 drivers
v0x7ff58744e3a0_0 .net "aluOut", 7 0, v0x7ff58744d610_0;  1 drivers
v0x7ff58744e470_0 .net "clk", 0 0, o0x10b8d4a88;  alias, 0 drivers
v0x7ff58744e640_0 .net "n", 7 0, v0x7ff58744d040_0;  1 drivers
v0x7ff58744e6d0_0 .net "nEQZero", 0 0, L_0x7ff587452be0;  alias, 1 drivers
v0x7ff58744e760_0 .net "nIn", 7 0, o0x10b8d53e8;  alias, 0 drivers
v0x7ff58744e7f0_0 .var "rfIn", 7 0;
v0x7ff58744e880_0 .net "shOut", 7 0, v0x7ff58744c590_0;  1 drivers
v0x7ff58744e910_0 .net "sum", 7 0, v0x7ff58744cb40_0;  alias, 1 drivers
E_0x7ff58744b0c0 .event edge, v0x7ff58744d040_0;
L_0x7ff5874529c0 .concat [ 8 24 0 0], v0x7ff58744d040_0, L_0x10b905488;
L_0x7ff587452be0 .cmp/eq 32, L_0x7ff5874529c0, L_0x10b9054d0;
S_0x7ff58744b0f0 .scope module, "RF" "Regfile" 2 109, 2 135 0, S_0x7ff58744ae00;
 .timescale 0 0;
    .port_info 0 /INPUT 1 "clk";
    .port_info 1 /INPUT 2 "RAA";
    .port_info 2 /OUTPUT 8 "ReadA";
    .port_info 3 /INPUT 2 "RBA";
    .port_info 4 /OUTPUT 8 "ReadB";
    .port_info 5 /INPUT 1 "WE";
    .port_info 6 /INPUT 2 "WA";
    .port_info 7 /INPUT 8 "INPUT_D";
    .port_info 8 /INPUT 1 "RAE";
    .port_info 9 /INPUT 1 "RBE";
v0x7ff58744b3f0_0 .net "INPUT_D", 7 0, v0x7ff58744e7f0_0;  1 drivers
v0x7ff58744b4b0_0 .net "RAA", 1 0, L_0x7ff587450770;  alias, 1 drivers
v0x7ff58744b570_0 .net "RAE", 0 0, L_0x7ff5874505f0;  alias, 1 drivers
v0x7ff58744b640_0 .net "RBA", 1 0, L_0x7ff587450e10;  alias, 1 drivers
v0x7ff58744b6f0_0 .net "RBE", 0 0, L_0x7ff587450ce0;  alias, 1 drivers
v0x7ff58744b7c0 .array "REG_F", 3 0, 7 0;
v0x7ff58744b850_0 .net "ReadA", 7 0, L_0x7ff587452550;  alias, 1 drivers
v0x7ff58744b8e0_0 .net "ReadB", 7 0, L_0x7ff5874528a0;  alias, 1 drivers
v0x7ff58744b980_0 .net "WA", 1 0, L_0x7ff58744f910;  alias, 1 drivers
v0x7ff58744bac0_0 .net "WE", 0 0, L_0x7ff58744f820;  alias, 1 drivers
v0x7ff58744bb50_0 .net *"_ivl_0", 7 0, L_0x7ff587452370;  1 drivers
v0x7ff58744bbe0_0 .net *"_ivl_10", 7 0, L_0x7ff587452690;  1 drivers
v0x7ff58744bc70_0 .net *"_ivl_12", 3 0, L_0x7ff587452730;  1 drivers
L_0x10b9053f8 .functor BUFT 1, C4<00>, C4<0>, C4<0>, C4<0>;
v0x7ff58744bd20_0 .net *"_ivl_15", 1 0, L_0x10b9053f8;  1 drivers
L_0x10b905440 .functor BUFT 1, C4<00000000>, C4<0>, C4<0>, C4<0>;
v0x7ff58744bdd0_0 .net/2u *"_ivl_16", 7 0, L_0x10b905440;  1 drivers
v0x7ff58744be80_0 .net *"_ivl_2", 3 0, L_0x7ff587452410;  1 drivers
L_0x10b905368 .functor BUFT 1, C4<00>, C4<0>, C4<0>, C4<0>;
v0x7ff58744bf30_0 .net *"_ivl_5", 1 0, L_0x10b905368;  1 drivers
L_0x10b9053b0 .functor BUFT 1, C4<00000000>, C4<0>, C4<0>, C4<0>;
v0x7ff58744c0e0_0 .net/2u *"_ivl_6", 7 0, L_0x10b9053b0;  1 drivers
v0x7ff58744c190_0 .net "clk", 0 0, o0x10b8d4a88;  alias, 0 drivers
L_0x7ff587452370 .array/port v0x7ff58744b7c0, L_0x7ff587452410;
L_0x7ff587452410 .concat [ 2 2 0 0], L_0x7ff587450770, L_0x10b905368;
L_0x7ff587452550 .functor MUXZ 8, L_0x10b9053b0, L_0x7ff587452370, L_0x7ff5874505f0, C4<>;
L_0x7ff587452690 .array/port v0x7ff58744b7c0, L_0x7ff587452730;
L_0x7ff587452730 .concat [ 2 2 0 0], L_0x7ff587450e10, L_0x10b9053f8;
L_0x7ff5874528a0 .functor MUXZ 8, L_0x10b905440, L_0x7ff587452690, L_0x7ff587450ce0, C4<>;
S_0x7ff58744c2a0 .scope module, "SHIFT" "shifter" 2 111, 2 184 0, S_0x7ff58744ae00;
 .timescale 0 0;
    .port_info 0 /OUTPUT 8 "out";
    .port_info 1 /INPUT 8 "a";
    .port_info 2 /INPUT 2 "sh";
v0x7ff58744c4d0_0 .net "a", 7 0, v0x7ff58744d610_0;  alias, 1 drivers
v0x7ff58744c590_0 .var "out", 7 0;
v0x7ff58744c640_0 .net "sh", 1 0, L_0x7ff587452030;  alias, 1 drivers
E_0x7ff58744c490 .event edge, v0x7ff5874485d0_0, v0x7ff58744c4d0_0;
S_0x7ff58744c750 .scope module, "buffer1" "buff" 2 112, 2 202 0, S_0x7ff58744ae00;
 .timescale 0 0;
    .port_info 0 /OUTPUT 8 "result";
    .port_info 1 /INPUT 8 "a";
    .port_info 2 /INPUT 1 "buf1";
v0x7ff58744c9c0_0 .net "a", 7 0, v0x7ff58744c590_0;  alias, 1 drivers
v0x7ff58744ca90_0 .net "buf1", 0 0, L_0x7ff587452110;  alias, 1 drivers
v0x7ff58744cb40_0 .var "result", 7 0;
E_0x7ff58744c980 .event edge, v0x7ff587448240_0, v0x7ff58744c590_0;
S_0x7ff58744cc30 .scope module, "muxs" "mux8" 2 108, 2 119 0, S_0x7ff58744ae00;
 .timescale 0 0;
    .port_info 0 /OUTPUT 8 "result";
    .port_info 1 /INPUT 8 "a";
    .port_info 2 /INPUT 8 "b";
    .port_info 3 /INPUT 1 "sel";
v0x7ff58744ceb0_0 .net "a", 7 0, v0x7ff58744c590_0;  alias, 1 drivers
v0x7ff58744cfa0_0 .net "b", 7 0, o0x10b8d53e8;  alias, 0 drivers
v0x7ff58744d040_0 .var "result", 7 0;
v0x7ff58744d0f0_0 .net "sel", 0 0, L_0x7ff58744f660;  alias, 1 drivers
E_0x7ff58744ce50 .event edge, v0x7ff5874481a0_0, v0x7ff58744c590_0, v0x7ff58744cfa0_0;
S_0x7ff58744d1f0 .scope module, "theALU" "alu" 2 110, 2 161 0, S_0x7ff58744ae00;
 .timescale 0 0;
    .port_info 0 /OUTPUT 8 "out";
    .port_info 1 /INPUT 8 "a";
    .port_info 2 /INPUT 8 "b";
    .port_info 3 /INPUT 3 "sel";
v0x7ff58744d4a0_0 .net "a", 7 0, L_0x7ff587452550;  alias, 1 drivers
v0x7ff58744d560_0 .net "b", 7 0, L_0x7ff5874528a0;  alias, 1 drivers
v0x7ff58744d610_0 .var "out", 7 0;
v0x7ff58744d6e0_0 .net "sel", 2 0, L_0x7ff587451a90;  alias, 1 drivers
E_0x7ff58744d450 .event edge, v0x7ff587411d40_0, v0x7ff58744b850_0, v0x7ff58744b8e0_0;
    .scope S_0x7ff58742bc30;
T_0 ;
    %pushi/vec4 0, 0, 3;
    %store/vec4 v0x7ff58744ac00_0, 0, 3;
    %end;
    .thread T_0;
    .scope S_0x7ff58742bc30;
T_1 ;
    %wait E_0x7ff587437af0;
    %load/vec4 v0x7ff58744aa10_0;
    %assign/vec4 v0x7ff58744ac00_0, 0;
    %jmp T_1;
    .thread T_1;
    .scope S_0x7ff58742bc30;
T_2 ;
    %wait E_0x7ff58742bda0;
    %load/vec4 v0x7ff58744ac00_0;
    %dup/vec4;
    %pushi/vec4 0, 0, 3;
    %cmp/u;
    %jmp/1 T_2.0, 6;
    %dup/vec4;
    %pushi/vec4 1, 0, 3;
    %cmp/u;
    %jmp/1 T_2.1, 6;
    %dup/vec4;
    %pushi/vec4 2, 0, 3;
    %cmp/u;
    %jmp/1 T_2.2, 6;
    %dup/vec4;
    %pushi/vec4 3, 0, 3;
    %cmp/u;
    %jmp/1 T_2.3, 6;
    %dup/vec4;
    %pushi/vec4 4, 0, 3;
    %cmp/u;
    %jmp/1 T_2.4, 6;
    %pushi/vec4 0, 0, 3;
    %store/vec4 v0x7ff58744aa10_0, 0, 3;
    %jmp T_2.6;
T_2.0 ;
    %load/vec4 v0x7ff58744ab60_0;
    %flag_set/vec4 8;
    %jmp/0xz  T_2.7, 8;
    %pushi/vec4 1, 0, 3;
    %store/vec4 v0x7ff58744aa10_0, 0, 3;
    %jmp T_2.8;
T_2.7 ;
    %pushi/vec4 0, 0, 3;
    %store/vec4 v0x7ff58744aa10_0, 0, 3;
T_2.8 ;
    %jmp T_2.6;
T_2.1 ;
    %load/vec4 v0x7ff58744a970_0;
    %flag_set/vec4 8;
    %jmp/0xz  T_2.9, 8;
    %pushi/vec4 4, 0, 3;
    %store/vec4 v0x7ff58744aa10_0, 0, 3;
    %jmp T_2.10;
T_2.9 ;
    %pushi/vec4 2, 0, 3;
    %store/vec4 v0x7ff58744aa10_0, 0, 3;
T_2.10 ;
    %jmp T_2.6;
T_2.2 ;
    %pushi/vec4 3, 0, 3;
    %store/vec4 v0x7ff58744aa10_0, 0, 3;
    %jmp T_2.6;
T_2.3 ;
    %load/vec4 v0x7ff58744a970_0;
    %flag_set/vec4 8;
    %jmp/0xz  T_2.11, 8;
    %pushi/vec4 4, 0, 3;
    %store/vec4 v0x7ff58744aa10_0, 0, 3;
    %jmp T_2.12;
T_2.11 ;
    %pushi/vec4 2, 0, 3;
    %store/vec4 v0x7ff58744aa10_0, 0, 3;
T_2.12 ;
    %jmp T_2.6;
T_2.4 ;
    %load/vec4 v0x7ff58744aac0_0;
    %flag_set/vec4 8;
    %jmp/0xz  T_2.13, 8;
    %pushi/vec4 0, 0, 3;
    %store/vec4 v0x7ff58744aa10_0, 0, 3;
    %jmp T_2.14;
T_2.13 ;
    %pushi/vec4 4, 0, 3;
    %store/vec4 v0x7ff58744aa10_0, 0, 3;
T_2.14 ;
    %jmp T_2.6;
T_2.6 ;
    %pop/vec4 1;
    %jmp T_2;
    .thread T_2, $push;
    .scope S_0x7ff58744cc30;
T_3 ;
    %wait E_0x7ff58744ce50;
    %load/vec4 v0x7ff58744d0f0_0;
    %pad/u 32;
    %cmpi/e 0, 0, 32;
    %jmp/0xz  T_3.0, 4;
    %load/vec4 v0x7ff58744ceb0_0;
    %store/vec4 v0x7ff58744d040_0, 0, 8;
    %jmp T_3.1;
T_3.0 ;
    %load/vec4 v0x7ff58744cfa0_0;
    %store/vec4 v0x7ff58744d040_0, 0, 8;
T_3.1 ;
    %jmp T_3;
    .thread T_3, $push;
    .scope S_0x7ff58744b0f0;
T_4 ;
    %wait E_0x7ff587437af0;
    %load/vec4 v0x7ff58744bac0_0;
    %pad/u 32;
    %cmpi/e 1, 0, 32;
    %jmp/0xz  T_4.0, 4;
    %load/vec4 v0x7ff58744b3f0_0;
    %load/vec4 v0x7ff58744b980_0;
    %pad/u 4;
    %ix/vec4 3;
    %ix/load 4, 0, 0; Constant delay
    %assign/vec4/a/d v0x7ff58744b7c0, 0, 4;
T_4.0 ;
    %jmp T_4;
    .thread T_4;
    .scope S_0x7ff58744d1f0;
T_5 ;
    %wait E_0x7ff58744d450;
    %load/vec4 v0x7ff58744d6e0_0;
    %dup/vec4;
    %pushi/vec4 0, 0, 3;
    %cmp/u;
    %jmp/1 T_5.0, 6;
    %dup/vec4;
    %pushi/vec4 1, 0, 3;
    %cmp/u;
    %jmp/1 T_5.1, 6;
    %dup/vec4;
    %pushi/vec4 2, 0, 3;
    %cmp/u;
    %jmp/1 T_5.2, 6;
    %dup/vec4;
    %pushi/vec4 3, 0, 3;
    %cmp/u;
    %jmp/1 T_5.3, 6;
    %dup/vec4;
    %pushi/vec4 4, 0, 3;
    %cmp/u;
    %jmp/1 T_5.4, 6;
    %dup/vec4;
    %pushi/vec4 5, 0, 3;
    %cmp/u;
    %jmp/1 T_5.5, 6;
    %dup/vec4;
    %pushi/vec4 6, 0, 3;
    %cmp/u;
    %jmp/1 T_5.6, 6;
    %dup/vec4;
    %pushi/vec4 7, 0, 3;
    %cmp/u;
    %jmp/1 T_5.7, 6;
    %jmp T_5.8;
T_5.0 ;
    %load/vec4 v0x7ff58744d4a0_0;
    %store/vec4 v0x7ff58744d610_0, 0, 8;
    %jmp T_5.8;
T_5.1 ;
    %load/vec4 v0x7ff58744d4a0_0;
    %load/vec4 v0x7ff58744d560_0;
    %and;
    %store/vec4 v0x7ff58744d610_0, 0, 8;
    %jmp T_5.8;
T_5.2 ;
    %load/vec4 v0x7ff58744d4a0_0;
    %load/vec4 v0x7ff58744d560_0;
    %or;
    %store/vec4 v0x7ff58744d610_0, 0, 8;
    %jmp T_5.8;
T_5.3 ;
    %load/vec4 v0x7ff58744d4a0_0;
    %nor/r;
    %pad/u 8;
    %store/vec4 v0x7ff58744d610_0, 0, 8;
    %jmp T_5.8;
T_5.4 ;
    %load/vec4 v0x7ff58744d4a0_0;
    %load/vec4 v0x7ff58744d560_0;
    %add;
    %store/vec4 v0x7ff58744d610_0, 0, 8;
    %jmp T_5.8;
T_5.5 ;
    %load/vec4 v0x7ff58744d4a0_0;
    %load/vec4 v0x7ff58744d560_0;
    %sub;
    %store/vec4 v0x7ff58744d610_0, 0, 8;
    %jmp T_5.8;
T_5.6 ;
    %load/vec4 v0x7ff58744d4a0_0;
    %addi 1, 0, 8;
    %store/vec4 v0x7ff58744d610_0, 0, 8;
    %jmp T_5.8;
T_5.7 ;
    %load/vec4 v0x7ff58744d4a0_0;
    %subi 1, 0, 8;
    %store/vec4 v0x7ff58744d610_0, 0, 8;
    %jmp T_5.8;
T_5.8 ;
    %pop/vec4 1;
    %jmp T_5;
    .thread T_5, $push;
    .scope S_0x7ff58744c2a0;
T_6 ;
    %wait E_0x7ff58744c490;
    %load/vec4 v0x7ff58744c640_0;
    %dup/vec4;
    %pushi/vec4 0, 0, 2;
    %cmp/u;
    %jmp/1 T_6.0, 6;
    %dup/vec4;
    %pushi/vec4 1, 0, 2;
    %cmp/u;
    %jmp/1 T_6.1, 6;
    %dup/vec4;
    %pushi/vec4 2, 0, 2;
    %cmp/u;
    %jmp/1 T_6.2, 6;
    %dup/vec4;
    %pushi/vec4 3, 0, 2;
    %cmp/u;
    %jmp/1 T_6.3, 6;
    %jmp T_6.4;
T_6.0 ;
    %load/vec4 v0x7ff58744c4d0_0;
    %store/vec4 v0x7ff58744c590_0, 0, 8;
    %jmp T_6.4;
T_6.1 ;
    %load/vec4 v0x7ff58744c4d0_0;
    %ix/load 4, 1, 0;
    %flag_set/imm 4, 0;
    %shiftl 4;
    %store/vec4 v0x7ff58744c590_0, 0, 8;
    %jmp T_6.4;
T_6.2 ;
    %load/vec4 v0x7ff58744c4d0_0;
    %ix/load 4, 1, 0;
    %flag_set/imm 4, 0;
    %shiftr 4;
    %store/vec4 v0x7ff58744c590_0, 0, 8;
    %jmp T_6.4;
T_6.3 ;
    %load/vec4 v0x7ff58744c4d0_0;
    %parti/s 1, 6, 4;
    %load/vec4 v0x7ff58744c4d0_0;
    %parti/s 1, 5, 4;
    %concat/vec4; draw_concat_vec4
    %load/vec4 v0x7ff58744c4d0_0;
    %parti/s 1, 4, 4;
    %concat/vec4; draw_concat_vec4
    %load/vec4 v0x7ff58744c4d0_0;
    %parti/s 1, 3, 3;
    %concat/vec4; draw_concat_vec4
    %load/vec4 v0x7ff58744c4d0_0;
    %parti/s 1, 2, 3;
    %concat/vec4; draw_concat_vec4
    %load/vec4 v0x7ff58744c4d0_0;
    %parti/s 1, 1, 2;
    %concat/vec4; draw_concat_vec4
    %load/vec4 v0x7ff58744c4d0_0;
    %parti/s 1, 0, 2;
    %concat/vec4; draw_concat_vec4
    %load/vec4 v0x7ff58744c4d0_0;
    %parti/s 1, 7, 4;
    %concat/vec4; draw_concat_vec4
    %store/vec4 v0x7ff58744c590_0, 0, 8;
    %jmp T_6.4;
T_6.4 ;
    %pop/vec4 1;
    %jmp T_6;
    .thread T_6, $push;
    .scope S_0x7ff58744c750;
T_7 ;
    %wait E_0x7ff58744c980;
    %load/vec4 v0x7ff58744ca90_0;
    %pad/u 32;
    %cmpi/e 1, 0, 32;
    %jmp/0xz  T_7.0, 4;
    %load/vec4 v0x7ff58744c9c0_0;
    %store/vec4 v0x7ff58744cb40_0, 0, 8;
    %jmp T_7.1;
T_7.0 ;
    %pushi/vec4 0, 255, 8;
    %store/vec4 v0x7ff58744cb40_0, 0, 8;
T_7.1 ;
    %jmp T_7;
    .thread T_7, $push;
    .scope S_0x7ff58744ae00;
T_8 ;
    %pushi/vec4 0, 0, 8;
    %store/vec4 v0x7ff58744e7f0_0, 0, 8;
    %end;
    .thread T_8;
    .scope S_0x7ff58744ae00;
T_9 ;
    %wait E_0x7ff58744b0c0;
    %load/vec4 v0x7ff58744e640_0;
    %store/vec4 v0x7ff58744e7f0_0, 0, 8;
    %jmp T_9;
    .thread T_9, $push;
# The file index is used to find the file name in the following table.
:file_names 3;
    "N/A";
    "<interactive>";
    "my_GDP.v";
