#! /usr/local/Cellar/icarus-verilog/11.0/bin/vvp
:ivl_version "11.0 (stable)";
:ivl_delay_selection "TYPICAL";
:vpi_time_precision - 9;
:vpi_module "/usr/local/Cellar/icarus-verilog/11.0/lib/ivl/system.vpi";
:vpi_module "/usr/local/Cellar/icarus-verilog/11.0/lib/ivl/vhdl_sys.vpi";
:vpi_module "/usr/local/Cellar/icarus-verilog/11.0/lib/ivl/vhdl_textio.vpi";
:vpi_module "/usr/local/Cellar/icarus-verilog/11.0/lib/ivl/v2005_math.vpi";
:vpi_module "/usr/local/Cellar/icarus-verilog/11.0/lib/ivl/va_math.vpi";
S_0x7f9095d00770 .scope module, "tb" "tb" 2 17;
 .timescale -9 -9;
v0x7f9095d22e00_0 .var "clock", 0 0;
v0x7f9095d22e90_0 .net "count", 4 0, v0x7f9095d226f0_0;  1 drivers
v0x7f9095d22f20_0 .var/i "idx", 31 0;
v0x7f9095d22fd0_0 .var "n_in", 4 0;
v0x7f9095d23080_0 .var "restart", 0 0;
v0x7f9095d23150_0 .var "start", 0 0;
v0x7f9095d23200_0 .var "up_count", 0 0;
S_0x7f9095d008e0 .scope module, "CU" "control_unit" 2 27, 2 80 0, S_0x7f9095d00770;
 .timescale -9 -9;
    .port_info 0 /OUTPUT 5 "count";
    .port_info 1 /INPUT 5 "n_in";
    .port_info 2 /INPUT 1 "start";
    .port_info 3 /INPUT 1 "restart";
    .port_info 4 /INPUT 1 "up_count";
    .port_info 5 /INPUT 1 "clock";
P_0x7f9095d03e80 .param/l "s0" 0 2 96, C4<00>;
P_0x7f9095d03ec0 .param/l "s1" 0 2 97, C4<01>;
P_0x7f9095d03f00 .param/l "s2" 0 2 98, C4<10>;
P_0x7f9095d03f40 .param/l "s3" 0 2 99, C4<11>;
L_0x10ce4e008 .functor BUFT 1, C4<00000>, C4<0>, C4<0>, C4<0>;
v0x7f9095d0d7c0_0 .net/2u *"_ivl_0", 4 0, L_0x10ce4e008;  1 drivers
L_0x10ce4e050 .functor BUFT 1, C4<11001>, C4<0>, C4<0>, C4<0>;
v0x7f9095d22590_0 .net/2u *"_ivl_4", 4 0, L_0x10ce4e050;  1 drivers
v0x7f9095d22640_0 .net "clock", 0 0, v0x7f9095d22e00_0;  1 drivers
v0x7f9095d226f0_0 .var "count", 4 0;
v0x7f9095d227a0_0 .net "n_in", 4 0, v0x7f9095d22fd0_0;  1 drivers
v0x7f9095d22890_0 .net "n_is_0", 0 0, L_0x7f9095d232b0;  1 drivers
v0x7f9095d22930_0 .net "n_is_25", 0 0, L_0x7f9095d233f0;  1 drivers
v0x7f9095d229d0_0 .var "next_state", 1 0;
v0x7f9095d22a80_0 .net "restart", 0 0, v0x7f9095d23080_0;  1 drivers
v0x7f9095d22b90_0 .net "start", 0 0, v0x7f9095d23150_0;  1 drivers
v0x7f9095d22c20_0 .var "state", 1 0;
v0x7f9095d22cd0_0 .net "up_count", 0 0, v0x7f9095d23200_0;  1 drivers
E_0x7f9095d0da40 .event posedge, v0x7f9095d22640_0;
E_0x7f9095d01c90/0 .event edge, v0x7f9095d22a80_0;
E_0x7f9095d01c90/1 .event posedge, v0x7f9095d22640_0;
E_0x7f9095d01c90 .event/or E_0x7f9095d01c90/0, E_0x7f9095d01c90/1;
L_0x7f9095d232b0 .cmp/eq 5, v0x7f9095d226f0_0, L_0x10ce4e008;
L_0x7f9095d233f0 .cmp/eq 5, v0x7f9095d226f0_0, L_0x10ce4e050;
    .scope S_0x7f9095d008e0;
T_0 ;
    %pushi/vec4 0, 0, 2;
    %store/vec4 v0x7f9095d22c20_0, 0, 2;
    %pushi/vec4 0, 0, 2;
    %store/vec4 v0x7f9095d229d0_0, 0, 2;
    %pushi/vec4 0, 0, 5;
    %store/vec4 v0x7f9095d226f0_0, 0, 5;
    %end;
    .thread T_0;
    .scope S_0x7f9095d008e0;
T_1 ;
    %wait E_0x7f9095d01c90;
    %load/vec4 v0x7f9095d22a80_0;
    %cmpi/e 1, 0, 1;
    %jmp/0xz  T_1.0, 4;
    %pushi/vec4 0, 0, 2;
    %store/vec4 v0x7f9095d22c20_0, 0, 2;
    %pushi/vec4 0, 0, 2;
    %store/vec4 v0x7f9095d229d0_0, 0, 2;
    %pushi/vec4 0, 0, 5;
    %store/vec4 v0x7f9095d226f0_0, 0, 5;
    %jmp T_1.1;
T_1.0 ;
    %load/vec4 v0x7f9095d229d0_0;
    %dup/vec4;
    %pushi/vec4 0, 0, 2;
    %cmp/u;
    %jmp/1 T_1.2, 6;
    %dup/vec4;
    %pushi/vec4 1, 0, 2;
    %cmp/u;
    %jmp/1 T_1.3, 6;
    %dup/vec4;
    %pushi/vec4 2, 0, 2;
    %cmp/u;
    %jmp/1 T_1.4, 6;
    %dup/vec4;
    %pushi/vec4 3, 0, 2;
    %cmp/u;
    %jmp/1 T_1.5, 6;
    %pushi/vec4 0, 0, 2;
    %store/vec4 v0x7f9095d229d0_0, 0, 2;
    %jmp T_1.7;
T_1.2 ;
    %load/vec4 v0x7f9095d229d0_0;
    %store/vec4 v0x7f9095d22c20_0, 0, 2;
    %load/vec4 v0x7f9095d22b90_0;
    %cmpi/e 1, 0, 1;
    %flag_mov 8, 4;
    %jmp/0 T_1.8, 8;
    %pushi/vec4 1, 0, 2;
    %jmp/1 T_1.9, 8;
T_1.8 ; End of true expr.
    %pushi/vec4 0, 0, 2;
    %jmp/0 T_1.9, 8;
 ; End of false expr.
    %blend;
T_1.9;
    %store/vec4 v0x7f9095d229d0_0, 0, 2;
    %jmp T_1.7;
T_1.3 ;
    %load/vec4 v0x7f9095d229d0_0;
    %store/vec4 v0x7f9095d22c20_0, 0, 2;
    %load/vec4 v0x7f9095d227a0_0;
    %store/vec4 v0x7f9095d226f0_0, 0, 5;
    %load/vec4 v0x7f9095d22cd0_0;
    %cmpi/e 1, 0, 1;
    %jmp/0xz  T_1.10, 4;
    %load/vec4 v0x7f9095d22930_0;
    %cmpi/e 1, 0, 1;
    %flag_mov 8, 4;
    %jmp/0 T_1.12, 8;
    %pushi/vec4 3, 0, 2;
    %jmp/1 T_1.13, 8;
T_1.12 ; End of true expr.
    %pushi/vec4 2, 0, 2;
    %jmp/0 T_1.13, 8;
 ; End of false expr.
    %blend;
T_1.13;
    %store/vec4 v0x7f9095d229d0_0, 0, 2;
    %jmp T_1.11;
T_1.10 ;
    %load/vec4 v0x7f9095d22890_0;
    %cmpi/e 1, 0, 1;
    %flag_mov 8, 4;
    %jmp/0 T_1.14, 8;
    %pushi/vec4 2, 0, 2;
    %jmp/1 T_1.15, 8;
T_1.14 ; End of true expr.
    %pushi/vec4 3, 0, 2;
    %jmp/0 T_1.15, 8;
 ; End of false expr.
    %blend;
T_1.15;
    %store/vec4 v0x7f9095d229d0_0, 0, 2;
T_1.11 ;
    %jmp T_1.7;
T_1.4 ;
    %load/vec4 v0x7f9095d229d0_0;
    %store/vec4 v0x7f9095d22c20_0, 0, 2;
    %load/vec4 v0x7f9095d226f0_0;
    %addi 1, 0, 5;
    %store/vec4 v0x7f9095d226f0_0, 0, 5;
    %load/vec4 v0x7f9095d22930_0;
    %cmpi/e 1, 0, 1;
    %flag_mov 8, 4;
    %jmp/0 T_1.16, 8;
    %pushi/vec4 3, 0, 2;
    %jmp/1 T_1.17, 8;
T_1.16 ; End of true expr.
    %pushi/vec4 2, 0, 2;
    %jmp/0 T_1.17, 8;
 ; End of false expr.
    %blend;
T_1.17;
    %store/vec4 v0x7f9095d229d0_0, 0, 2;
    %jmp T_1.7;
T_1.5 ;
    %load/vec4 v0x7f9095d229d0_0;
    %store/vec4 v0x7f9095d22c20_0, 0, 2;
    %load/vec4 v0x7f9095d226f0_0;
    %subi 1, 0, 5;
    %store/vec4 v0x7f9095d226f0_0, 0, 5;
    %load/vec4 v0x7f9095d22890_0;
    %cmpi/e 1, 0, 1;
    %flag_mov 8, 4;
    %jmp/0 T_1.18, 8;
    %pushi/vec4 2, 0, 2;
    %jmp/1 T_1.19, 8;
T_1.18 ; End of true expr.
    %pushi/vec4 3, 0, 2;
    %jmp/0 T_1.19, 8;
 ; End of false expr.
    %blend;
T_1.19;
    %store/vec4 v0x7f9095d229d0_0, 0, 2;
    %jmp T_1.7;
T_1.7 ;
    %pop/vec4 1;
T_1.1 ;
    %jmp T_1;
    .thread T_1;
    .scope S_0x7f9095d008e0;
T_2 ;
    %wait E_0x7f9095d0da40;
    %delay 1, 0;
    %vpi_call 2 151 "$write", " %2b  %2b    %1b    %1b      %1b    %1b    %1b    |  %5b     \042%3d \042   {%4t  ns}\012", v0x7f9095d22c20_0, v0x7f9095d229d0_0, v0x7f9095d22cd0_0, v0x7f9095d22b90_0, v0x7f9095d22a80_0, v0x7f9095d22890_0, v0x7f9095d22930_0, v0x7f9095d226f0_0, v0x7f9095d226f0_0, $time {0 0 0};
    %jmp T_2;
    .thread T_2;
    .scope S_0x7f9095d00770;
T_3 ;
    %delay 5, 0;
    %load/vec4 v0x7f9095d22e00_0;
    %inv;
    %store/vec4 v0x7f9095d22e00_0, 0, 1;
    %jmp T_3;
    .thread T_3;
    .scope S_0x7f9095d00770;
T_4 ;
    %vpi_call 2 42 "$dumpfile", "wave.vcd" {0 0 0};
    %vpi_call 2 43 "$dumpvars", 32'sb00000000000000000000000000000000, S_0x7f9095d00770 {0 0 0};
    %vpi_call 2 44 "$write", "\012 test the counter %% 25\012\012" {0 0 0};
    %vpi_call 2 45 "$write", " st  Nst  Up  strt  rstrt  n=0  n=25  |  count\012" {0 0 0};
    %vpi_call 2 46 "$write", " ----------------------------------------------\012" {0 0 0};
    %pushi/vec4 0, 0, 1;
    %store/vec4 v0x7f9095d22e00_0, 0, 1;
    %pushi/vec4 10, 0, 5;
    %store/vec4 v0x7f9095d22fd0_0, 0, 5;
    %pushi/vec4 1, 0, 1;
    %store/vec4 v0x7f9095d23150_0, 0, 1;
    %pushi/vec4 0, 0, 1;
    %store/vec4 v0x7f9095d23080_0, 0, 1;
    %pushi/vec4 0, 0, 1;
    %store/vec4 v0x7f9095d23200_0, 0, 1;
    %pushi/vec4 0, 0, 32;
    %store/vec4 v0x7f9095d22f20_0, 0, 32;
T_4.0 ;
    %load/vec4 v0x7f9095d22f20_0;
    %cmpi/s 36, 0, 32;
    %jmp/0xz T_4.1, 5;
    %delay 10, 0;
    %load/vec4 v0x7f9095d22f20_0;
    %addi 1, 0, 32;
    %store/vec4 v0x7f9095d22f20_0, 0, 32;
    %jmp T_4.0;
T_4.1 ;
    %pushi/vec4 1, 0, 1;
    %store/vec4 v0x7f9095d23080_0, 0, 1;
    %delay 5, 0;
    %delay 2, 0;
    %vpi_call 2 70 "$write", "\012\012\011\011 ~ ~ ~ PROGRAM COMPLETE ~ ~ ~    %4t  ns\012\012", $time {0 0 0};
    %vpi_call 2 71 "$finish" {0 0 0};
    %end;
    .thread T_4;
# The file index is used to find the file name in the following table.
:file_names 3;
    "N/A";
    "<interactive>";
    "base.v";
