#! /usr/local/Cellar/icarus-verilog/11.0/bin/vvp
:ivl_version "11.0 (stable)";
:ivl_delay_selection "TYPICAL";
:vpi_time_precision - 9;
:vpi_module "/usr/local/Cellar/icarus-verilog/11.0/lib/ivl/system.vpi";
:vpi_module "/usr/local/Cellar/icarus-verilog/11.0/lib/ivl/vhdl_sys.vpi";
:vpi_module "/usr/local/Cellar/icarus-verilog/11.0/lib/ivl/vhdl_textio.vpi";
:vpi_module "/usr/local/Cellar/icarus-verilog/11.0/lib/ivl/v2005_math.vpi";
:vpi_module "/usr/local/Cellar/icarus-verilog/11.0/lib/ivl/va_math.vpi";
S_0x7fafa9408ad0 .scope module, "tb" "tb" 2 16;
 .timescale -9 -9;
v0x7fafa9422030_0 .var "binz", 7 0;
v0x7fafa94220e0_0 .net "hudz", 3 0, v0x7fafa9421ce0_0;  1 drivers
v0x7fafa9422190_0 .var/i "idx", 31 0;
v0x7fafa9422240_0 .var/i "int1", 31 0;
v0x7fafa94222f0_0 .var/i "int10", 31 0;
v0x7fafa94223e0_0 .var/i "int100", 31 0;
v0x7fafa9422490_0 .net "onez", 3 0, v0x7fafa9421e50_0;  1 drivers
v0x7fafa9422530_0 .var/i "temp", 31 0;
v0x7fafa94225d0_0 .net "tenz", 3 0, v0x7fafa9421f00_0;  1 drivers
S_0x7fafa9408c40 .scope module, "DUT" "my_bcd" 2 28, 2 66 0, S_0x7fafa9408ad0;
 .timescale -9 -9;
    .port_info 0 /OUTPUT 4 "hundreds";
    .port_info 1 /OUTPUT 4 "tens";
    .port_info 2 /OUTPUT 4 "ones";
    .port_info 3 /INPUT 8 "bin_in";
v0x7fafa9404720_0 .net "bin_in", 7 0, v0x7fafa9422030_0;  1 drivers
v0x7fafa9421ce0_0 .var "hundreds", 3 0;
v0x7fafa9421d90_0 .var/i "idx", 31 0;
v0x7fafa9421e50_0 .var "ones", 3 0;
v0x7fafa9421f00_0 .var "tens", 3 0;
E_0x7fafa9406740 .event edge, v0x7fafa9404720_0;
    .scope S_0x7fafa9408c40;
T_0 ;
    %wait E_0x7fafa9406740;
    %pushi/vec4 0, 0, 4;
    %store/vec4 v0x7fafa9421ce0_0, 0, 4;
    %pushi/vec4 0, 0, 4;
    %store/vec4 v0x7fafa9421f00_0, 0, 4;
    %pushi/vec4 0, 0, 4;
    %store/vec4 v0x7fafa9421e50_0, 0, 4;
    %load/vec4 v0x7fafa9404720_0;
    %cmpi/ne 0, 0, 8;
    %jmp/0xz  T_0.0, 4;
    %pushi/vec4 7, 0, 32;
    %store/vec4 v0x7fafa9421d90_0, 0, 32;
T_0.2 ;
    %load/vec4 v0x7fafa9421d90_0;
    %cmpi/s 0, 0, 32;
    %flag_inv 5; GE is !LT
    %jmp/0xz T_0.3, 5;
    %load/vec4 v0x7fafa9421ce0_0;
    %cmpi/u 5, 0, 4;
    %flag_inv 5; GE is !LT
    %jmp/0xz  T_0.4, 5;
    %load/vec4 v0x7fafa9421ce0_0;
    %addi 3, 0, 4;
    %store/vec4 v0x7fafa9421ce0_0, 0, 4;
T_0.4 ;
    %load/vec4 v0x7fafa9421f00_0;
    %cmpi/u 5, 0, 4;
    %flag_inv 5; GE is !LT
    %jmp/0xz  T_0.6, 5;
    %load/vec4 v0x7fafa9421f00_0;
    %addi 3, 0, 4;
    %store/vec4 v0x7fafa9421f00_0, 0, 4;
T_0.6 ;
    %load/vec4 v0x7fafa9421e50_0;
    %cmpi/u 5, 0, 4;
    %flag_inv 5; GE is !LT
    %jmp/0xz  T_0.8, 5;
    %load/vec4 v0x7fafa9421e50_0;
    %addi 3, 0, 4;
    %store/vec4 v0x7fafa9421e50_0, 0, 4;
T_0.8 ;
    %load/vec4 v0x7fafa9421ce0_0;
    %ix/load 4, 1, 0;
    %flag_set/imm 4, 0;
    %shiftl 4;
    %store/vec4 v0x7fafa9421ce0_0, 0, 4;
    %load/vec4 v0x7fafa9421f00_0;
    %parti/s 1, 3, 3;
    %ix/load 4, 0, 0;
    %flag_set/imm 4, 0;
    %store/vec4 v0x7fafa9421ce0_0, 4, 1;
    %load/vec4 v0x7fafa9421f00_0;
    %ix/load 4, 1, 0;
    %flag_set/imm 4, 0;
    %shiftl 4;
    %store/vec4 v0x7fafa9421f00_0, 0, 4;
    %load/vec4 v0x7fafa9421e50_0;
    %parti/s 1, 3, 3;
    %ix/load 4, 0, 0;
    %flag_set/imm 4, 0;
    %store/vec4 v0x7fafa9421f00_0, 4, 1;
    %load/vec4 v0x7fafa9421e50_0;
    %ix/load 4, 1, 0;
    %flag_set/imm 4, 0;
    %shiftl 4;
    %store/vec4 v0x7fafa9421e50_0, 0, 4;
    %load/vec4 v0x7fafa9404720_0;
    %load/vec4 v0x7fafa9421d90_0;
    %part/s 1;
    %ix/load 4, 0, 0;
    %flag_set/imm 4, 0;
    %store/vec4 v0x7fafa9421e50_0, 4, 1;
    %load/vec4 v0x7fafa9421d90_0;
    %subi 1, 0, 32;
    %store/vec4 v0x7fafa9421d90_0, 0, 32;
    %jmp T_0.2;
T_0.3 ;
T_0.0 ;
    %jmp T_0;
    .thread T_0, $push;
    .scope S_0x7fafa9408ad0;
T_1 ;
    %vpi_call 2 36 "$write", "\012 test bin --> BCD, using 8-bit input\012\012" {0 0 0};
    %vpi_call 2 37 "$write", " i  :  bin         |  100    10    1    |  bin->dec\012" {0 0 0};
    %vpi_call 2 38 "$write", " -------------------------------------------------\012" {0 0 0};
    %pushi/vec4 0, 0, 32;
    %store/vec4 v0x7fafa9422190_0, 0, 32;
T_1.0 ;
    %load/vec4 v0x7fafa9422190_0;
    %cmpi/s 128, 0, 32;
    %jmp/0xz T_1.1, 5;
    %pushi/vec4 0, 0, 32;
    %store/vec4 v0x7fafa9422530_0, 0, 32;
    %load/vec4 v0x7fafa9422190_0;
    %pad/s 8;
    %store/vec4 v0x7fafa9422030_0, 0, 8;
    %delay 10, 0;
    %load/vec4 v0x7fafa94220e0_0;
    %pad/u 32;
    %store/vec4 v0x7fafa94223e0_0, 0, 32;
    %load/vec4 v0x7fafa94225d0_0;
    %pad/u 32;
    %store/vec4 v0x7fafa94222f0_0, 0, 32;
    %load/vec4 v0x7fafa9422490_0;
    %pad/u 32;
    %store/vec4 v0x7fafa9422240_0, 0, 32;
    %load/vec4 v0x7fafa94223e0_0;
    %muli 100, 0, 32;
    %load/vec4 v0x7fafa94222f0_0;
    %muli 10, 0, 32;
    %add;
    %load/vec4 v0x7fafa9422240_0;
    %add;
    %store/vec4 v0x7fafa9422530_0, 0, 32;
    %vpi_call 2 50 "$write", " %3d  :  %8b  |  %4b  %4b  %4b  |  %3d    ,  ", v0x7fafa9422190_0, v0x7fafa9422030_0, v0x7fafa94220e0_0, v0x7fafa94225d0_0, v0x7fafa9422490_0, v0x7fafa9422530_0 {0 0 0};
    %load/vec4 v0x7fafa9422190_0;
    %load/vec4 v0x7fafa9422530_0;
    %cmp/e;
    %jmp/0xz  T_1.2, 4;
    %vpi_call 2 52 "$write", "good\012" {0 0 0};
T_1.2 ;
    %load/vec4 v0x7fafa9422190_0;
    %addi 1, 0, 32;
    %store/vec4 v0x7fafa9422190_0, 0, 32;
    %jmp T_1.0;
T_1.1 ;
    %delay 10, 0;
    %vpi_call 2 56 "$write", "\012\012\011\011 ~ ~ ~ TEST COMPLETE ~ ~ ~\012\012" {0 0 0};
    %vpi_call 2 57 "$finish" {0 0 0};
    %end;
    .thread T_1;
# The file index is used to find the file name in the following table.
:file_names 3;
    "N/A";
    "<interactive>";
    "bcd_2_dec.v";
