#! /usr/local/Cellar/icarus-verilog/11.0/bin/vvp
:ivl_version "11.0 (stable)";
:ivl_delay_selection "TYPICAL";
:vpi_time_precision + 0;
:vpi_module "/usr/local/Cellar/icarus-verilog/11.0/lib/ivl/system.vpi";
:vpi_module "/usr/local/Cellar/icarus-verilog/11.0/lib/ivl/vhdl_sys.vpi";
:vpi_module "/usr/local/Cellar/icarus-verilog/11.0/lib/ivl/vhdl_textio.vpi";
:vpi_module "/usr/local/Cellar/icarus-verilog/11.0/lib/ivl/v2005_math.vpi";
:vpi_module "/usr/local/Cellar/icarus-verilog/11.0/lib/ivl/va_math.vpi";
S_0x7fdb2fc09d60 .scope module, "mod2" "mod2" 2 1;
 .timescale 0 0;
    .port_info 0 /INPUT 8 "A";
    .port_info 1 /INPUT 8 "B";
    .port_info 2 /INPUT 8 "C";
    .port_info 3 /INPUT 8 "D";
    .port_info 4 /INPUT 1 "clk";
    .port_info 5 /OUTPUT 11 "reg_sum";
o0x11021b008 .functor BUFZ 8, C4<zzzzzzzz>; HiZ drive
v0x7fdb2fc04990_0 .net "A", 7 0, o0x11021b008;  0 drivers
o0x11021b038 .functor BUFZ 8, C4<zzzzzzzz>; HiZ drive
v0x7fdb2fc19ab0_0 .net "B", 7 0, o0x11021b038;  0 drivers
o0x11021b068 .functor BUFZ 8, C4<zzzzzzzz>; HiZ drive
v0x7fdb2fc19b50_0 .net "C", 7 0, o0x11021b068;  0 drivers
o0x11021b098 .functor BUFZ 8, C4<zzzzzzzz>; HiZ drive
v0x7fdb2fc19c00_0 .net "D", 7 0, o0x11021b098;  0 drivers
o0x11021b0c8 .functor BUFZ 1, C4<z>; HiZ drive
v0x7fdb2fc19cb0_0 .net "clk", 0 0, o0x11021b0c8;  0 drivers
v0x7fdb2fc19d90_0 .var "reg_A", 7 0;
v0x7fdb2fc19e40_0 .var "reg_B", 7 0;
v0x7fdb2fc19ef0_0 .var "reg_C", 7 0;
v0x7fdb2fc19fa0_0 .var "reg_D", 7 0;
v0x7fdb2fc1a0b0_0 .var "reg_sum", 10 0;
v0x7fdb2fc1a160_0 .var "w1", 10 0;
v0x7fdb2fc1a210_0 .var "w2", 10 0;
v0x7fdb2fc1a2c0_0 .var "w3", 10 0;
E_0x7fdb2fc05330 .event posedge, v0x7fdb2fc19cb0_0;
    .scope S_0x7fdb2fc09d60;
T_0 ;
    %wait E_0x7fdb2fc05330;
    %load/vec4 v0x7fdb2fc04990_0;
    %assign/vec4 v0x7fdb2fc19d90_0, 0;
    %load/vec4 v0x7fdb2fc19ab0_0;
    %assign/vec4 v0x7fdb2fc19e40_0, 0;
    %load/vec4 v0x7fdb2fc19b50_0;
    %assign/vec4 v0x7fdb2fc19ef0_0, 0;
    %load/vec4 v0x7fdb2fc19c00_0;
    %assign/vec4 v0x7fdb2fc19fa0_0, 0;
    %load/vec4 v0x7fdb2fc19d90_0;
    %pad/u 11;
    %load/vec4 v0x7fdb2fc19e40_0;
    %pad/u 11;
    %add;
    %store/vec4 v0x7fdb2fc1a160_0, 0, 11;
    %load/vec4 v0x7fdb2fc19ef0_0;
    %pad/u 11;
    %load/vec4 v0x7fdb2fc1a160_0;
    %add;
    %store/vec4 v0x7fdb2fc1a210_0, 0, 11;
    %load/vec4 v0x7fdb2fc1a210_0;
    %load/vec4 v0x7fdb2fc19fa0_0;
    %pad/u 11;
    %add;
    %store/vec4 v0x7fdb2fc1a2c0_0, 0, 11;
    %load/vec4 v0x7fdb2fc1a2c0_0;
    %assign/vec4 v0x7fdb2fc1a0b0_0, 0;
    %jmp T_0;
    .thread T_0;
# The file index is used to find the file name in the following table.
:file_names 3;
    "N/A";
    "<interactive>";
    "mod2.v";
