#! /usr/local/Cellar/icarus-verilog/11.0/bin/vvp
:ivl_version "11.0 (stable)";
:ivl_delay_selection "TYPICAL";
:vpi_time_precision - 9;
:vpi_module "/usr/local/Cellar/icarus-verilog/11.0/lib/ivl/system.vpi";
:vpi_module "/usr/local/Cellar/icarus-verilog/11.0/lib/ivl/vhdl_sys.vpi";
:vpi_module "/usr/local/Cellar/icarus-verilog/11.0/lib/ivl/vhdl_textio.vpi";
:vpi_module "/usr/local/Cellar/icarus-verilog/11.0/lib/ivl/v2005_math.vpi";
:vpi_module "/usr/local/Cellar/icarus-verilog/11.0/lib/ivl/va_math.vpi";
S_0x7fc106404880 .scope module, "tb" "tb" 2 12;
 .timescale -9 -9;
v0x7fc10643a0b0_0 .var/i "ii", 31 0;
v0x7fc10643a170_0 .var "inA", 3 0;
v0x7fc10643a210_0 .var "inB", 3 0;
v0x7fc10643a2c0_0 .var "inC", 0 0;
v0x7fc10643a370_0 .var/i "jj", 31 0;
v0x7fc10643a440_0 .net "outC", 0 0, v0x7fc106438fa0_0;  1 drivers
v0x7fc10643a4d0_0 .net "outY", 3 0, v0x7fc106439080_0;  1 drivers
v0x7fc10643a580_0 .var/i "seed", 31 0;
v0x7fc10643a610_0 .var "sel", 2 0;
S_0x7fc106413f70 .scope module, "DUT" "myALU" 2 25, 2 182 0, S_0x7fc106404880;
 .timescale -9 -9;
    .port_info 0 /OUTPUT 4 "out_y";
    .port_info 1 /OUTPUT 1 "out_c";
    .port_info 2 /INPUT 3 "selector";
    .port_info 3 /INPUT 4 "in_a";
    .port_info 4 /INPUT 4 "in_b";
    .port_info 5 /INPUT 1 "in_c";
v0x7fc1064140e0_0 .var "catch", 6 0;
v0x7fc106438db0_0 .net "in_a", 3 0, v0x7fc10643a170_0;  1 drivers
v0x7fc106438e50_0 .net "in_b", 3 0, v0x7fc10643a210_0;  1 drivers
v0x7fc106438f00_0 .net "in_c", 0 0, v0x7fc10643a2c0_0;  1 drivers
v0x7fc106438fa0_0 .var "out_c", 0 0;
v0x7fc106439080_0 .var "out_y", 3 0;
v0x7fc106439130_0 .net "selector", 2 0, v0x7fc10643a610_0;  1 drivers
E_0x7fc10641b3d0/0 .event edge, v0x7fc106439130_0, v0x7fc106438db0_0, v0x7fc1064140e0_0, v0x7fc106438e50_0;
E_0x7fc10641b3d0/1 .event edge, v0x7fc106438f00_0;
E_0x7fc10641b3d0 .event/or E_0x7fc10641b3d0/0, E_0x7fc10641b3d0/1;
S_0x7fc106439270 .scope autotask, "getRand" "getRand" 2 58, 2 58 0, S_0x7fc106404880;
 .timescale -9 -9;
v0x7fc106439430_0 .var/i "idx", 31 0;
v0x7fc1064394c0_0 .var "out_A", 3 0;
v0x7fc106439550_0 .var "out_B", 3 0;
v0x7fc106439610_0 .var "out_C", 0 0;
TD_tb.getRand ;
    %vpi_func 2 64 "$random" 32, v0x7fc10643a580_0 {0 0 0};
    %pushi/vec4 2, 0, 32;
    %mod/s;
    %pad/s 1;
    %store/vec4 v0x7fc106439610_0, 0, 1;
    %pushi/vec4 0, 0, 32;
    %store/vec4 v0x7fc106439430_0, 0, 32;
T_0.0 ;
    %load/vec4 v0x7fc106439430_0;
    %cmpi/s 4, 0, 32;
    %jmp/0xz T_0.1, 5;
    %vpi_func 2 66 "$random" 32, v0x7fc10643a580_0 {0 0 0};
    %pushi/vec4 2, 0, 32;
    %mod/s;
    %pad/s 1;
    %ix/getv/s 4, v0x7fc106439430_0;
    %store/vec4 v0x7fc1064394c0_0, 4, 1;
    %vpi_func 2 67 "$random" 32, v0x7fc10643a580_0 {0 0 0};
    %pushi/vec4 2, 0, 32;
    %mod/s;
    %pad/s 1;
    %ix/getv/s 4, v0x7fc106439430_0;
    %store/vec4 v0x7fc106439550_0, 4, 1;
    %load/vec4 v0x7fc106439430_0;
    %addi 1, 0, 32;
    %store/vec4 v0x7fc106439430_0, 0, 32;
    %jmp T_0.0;
T_0.1 ;
    %end;
S_0x7fc1064396b0 .scope autotask, "showResults" "showResults" 2 72, 2 72 0, S_0x7fc106404880;
 .timescale -9 -9;
v0x7fc106439890_0 .var "checker", 4 0;
v0x7fc106439940_0 .var "inAA", 3 0;
v0x7fc1064399f0_0 .var "inBB", 3 0;
v0x7fc106439ab0_0 .var "inCC", 0 0;
v0x7fc106439b50_0 .var "outCC", 0 0;
v0x7fc106439c30_0 .var "outYY", 3 0;
v0x7fc106439ce0_0 .var "sell", 2 0;
v0x7fc106439d90_0 .var/i "tempA", 31 0;
v0x7fc106439e40_0 .var/i "tempB", 31 0;
v0x7fc106439f50_0 .var/i "tempC", 31 0;
v0x7fc10643a000_0 .var/i "tempRes", 31 0;
TD_tb.showResults ;
    %load/vec4 v0x7fc106439940_0;
    %pad/u 32;
    %store/vec4 v0x7fc106439d90_0, 0, 32;
    %load/vec4 v0x7fc1064399f0_0;
    %pad/u 32;
    %store/vec4 v0x7fc106439e40_0, 0, 32;
    %load/vec4 v0x7fc106439ab0_0;
    %pad/u 32;
    %store/vec4 v0x7fc106439f50_0, 0, 32;
    %load/vec4 v0x7fc106439ce0_0;
    %dup/vec4;
    %pushi/vec4 0, 0, 3;
    %cmp/u;
    %jmp/1 T_1.2, 6;
    %dup/vec4;
    %pushi/vec4 1, 0, 3;
    %cmp/u;
    %jmp/1 T_1.3, 6;
    %dup/vec4;
    %pushi/vec4 2, 0, 3;
    %cmp/u;
    %jmp/1 T_1.4, 6;
    %dup/vec4;
    %pushi/vec4 3, 0, 3;
    %cmp/u;
    %jmp/1 T_1.5, 6;
    %dup/vec4;
    %pushi/vec4 4, 0, 3;
    %cmp/u;
    %jmp/1 T_1.6, 6;
    %dup/vec4;
    %pushi/vec4 5, 0, 3;
    %cmp/u;
    %jmp/1 T_1.7, 6;
    %dup/vec4;
    %pushi/vec4 6, 0, 3;
    %cmp/u;
    %jmp/1 T_1.8, 6;
    %dup/vec4;
    %pushi/vec4 7, 0, 3;
    %cmp/u;
    %jmp/1 T_1.9, 6;
    %jmp T_1.10;
T_1.2 ;
    %load/vec4 v0x7fc106439940_0;
    %pad/u 5;
    %addi 1, 0, 5;
    %store/vec4 v0x7fc106439890_0, 0, 5;
    %load/vec4 v0x7fc106439d90_0;
    %addi 1, 0, 32;
    %store/vec4 v0x7fc10643a000_0, 0, 32;
    %load/vec4 v0x7fc106439890_0;
    %parti/s 1, 4, 4;
    %load/vec4 v0x7fc106439b50_0;
    %cmp/e;
    %flag_get/vec4 4;
    %load/vec4 v0x7fc106439890_0;
    %parti/s 4, 0, 2;
    %load/vec4 v0x7fc106439c30_0;
    %cmp/e;
    %flag_get/vec4 4;
    %and;
    %flag_set/vec4 8;
    %jmp/0xz  T_1.11, 8;
    %vpi_call 2 96 "$write", " %4b  %4b  %1b    |  %1b    %4b  ,  ", v0x7fc106439940_0, v0x7fc1064399f0_0, v0x7fc106439ab0_0, v0x7fc106439b50_0, v0x7fc106439c30_0 {0 0 0};
    %vpi_call 2 98 "$write", "%2d + 1 =  %2d  <>  %3b increment\012", v0x7fc106439d90_0, v0x7fc10643a000_0, v0x7fc106439ce0_0 {0 0 0};
    %jmp T_1.12;
T_1.11 ;
    %vpi_call 2 102 "$write", " ERROR\012" {0 0 0};
T_1.12 ;
    %jmp T_1.10;
T_1.3 ;
    %load/vec4 v0x7fc106439d90_0;
    %subi 1, 0, 32;
    %store/vec4 v0x7fc10643a000_0, 0, 32;
    %load/vec4 v0x7fc10643a170_0;
    %pushi/vec4 0, 0, 4;
    %cmp/e;
    %flag_get/vec4 4;
    %load/vec4 v0x7fc106439b50_0;
    %pushi/vec4 1, 0, 1;
    %cmp/ne;
    %flag_get/vec4 4;
    %and;
    %flag_set/vec4 8;
    %jmp/0xz  T_1.13, 8;
    %vpi_call 2 109 "$write", " ERROR\012" {0 0 0};
    %jmp T_1.14;
T_1.13 ;
    %vpi_call 2 112 "$write", " %4b  %4b  %1b    |  %1b    %4b  ,  ", v0x7fc106439940_0, v0x7fc1064399f0_0, v0x7fc106439ab0_0, v0x7fc106439b50_0, v0x7fc106439c30_0 {0 0 0};
    %vpi_call 2 114 "$write", "%2d - 1 =  %2d  <>  %3b decrement\012", v0x7fc106439d90_0, v0x7fc10643a000_0, v0x7fc106439ce0_0 {0 0 0};
T_1.14 ;
    %jmp T_1.10;
T_1.4 ;
    %vpi_call 2 120 "$write", " %4b  %4b  %1b    |  %1b    %4b  ,  ", v0x7fc106439940_0, v0x7fc1064399f0_0, v0x7fc106439ab0_0, v0x7fc106439b50_0, v0x7fc106439c30_0 {0 0 0};
    %vpi_call 2 122 "$write", "<>  %3b rotate right\012", v0x7fc106439ce0_0 {0 0 0};
    %jmp T_1.10;
T_1.5 ;
    %vpi_call 2 127 "$write", " %4b  %4b  %1b    |  %1b    %4b  ,  ", v0x7fc106439940_0, v0x7fc1064399f0_0, v0x7fc106439ab0_0, v0x7fc106439b50_0, v0x7fc106439c30_0 {0 0 0};
    %vpi_call 2 129 "$write", "<>  %3b shift right\012", v0x7fc106439ce0_0 {0 0 0};
    %jmp T_1.10;
T_1.6 ;
    %vpi_call 2 134 "$write", " %4b  %4b  %1b    |  %1b    %4b  ,  ", v0x7fc106439940_0, v0x7fc1064399f0_0, v0x7fc106439ab0_0, v0x7fc106439b50_0, v0x7fc106439c30_0 {0 0 0};
    %vpi_call 2 136 "$write", "<>  %3b AND\012", v0x7fc106439ce0_0 {0 0 0};
    %jmp T_1.10;
T_1.7 ;
    %vpi_call 2 141 "$write", " %4b  %4b  %1b    |  %1b    %4b  ,  ", v0x7fc106439940_0, v0x7fc1064399f0_0, v0x7fc106439ab0_0, v0x7fc106439b50_0, v0x7fc106439c30_0 {0 0 0};
    %vpi_call 2 143 "$write", "<>  %3b OR\012", v0x7fc106439ce0_0 {0 0 0};
    %jmp T_1.10;
T_1.8 ;
    %load/vec4 v0x7fc106439d90_0;
    %load/vec4 v0x7fc106439e40_0;
    %add;
    %load/vec4 v0x7fc106439f50_0;
    %add;
    %store/vec4 v0x7fc10643a000_0, 0, 32;
    %pushi/vec4 15, 0, 32;
    %load/vec4 v0x7fc10643a000_0;
    %cmp/s;
    %flag_get/vec4 5;
    %load/vec4 v0x7fc106439b50_0;
    %pushi/vec4 1, 0, 1;
    %cmp/ne;
    %flag_get/vec4 4;
    %and;
    %flag_set/vec4 8;
    %jmp/0xz  T_1.15, 8;
    %vpi_call 2 150 "$write", " ERROR\012" {0 0 0};
    %jmp T_1.16;
T_1.15 ;
    %vpi_call 2 153 "$write", " %4b  %4b  %1b    |  %1b    %4b  ,  ", v0x7fc106439940_0, v0x7fc1064399f0_0, v0x7fc106439ab0_0, v0x7fc106439b50_0, v0x7fc106439c30_0 {0 0 0};
    %vpi_call 2 155 "$write", "%2d + %2d + %1d =  %2d  <>  %3b addition\012", v0x7fc106439d90_0, v0x7fc106439e40_0, v0x7fc106439f50_0, v0x7fc10643a000_0, v0x7fc106439ce0_0 {0 0 0};
T_1.16 ;
    %jmp T_1.10;
T_1.9 ;
    %load/vec4 v0x7fc106439d90_0;
    %load/vec4 v0x7fc106439e40_0;
    %sub;
    %load/vec4 v0x7fc106439f50_0;
    %sub;
    %store/vec4 v0x7fc10643a000_0, 0, 32;
    %load/vec4 v0x7fc10643a000_0;
    %cmpi/s 0, 0, 32;
    %flag_get/vec4 5;
    %load/vec4 v0x7fc106439b50_0;
    %pushi/vec4 1, 0, 1;
    %cmp/ne;
    %flag_get/vec4 4;
    %and;
    %flag_set/vec4 8;
    %jmp/0xz  T_1.17, 8;
    %vpi_call 2 163 "$write", " ERROR\012" {0 0 0};
    %jmp T_1.18;
T_1.17 ;
    %vpi_call 2 166 "$write", " %4b  %4b  %1b    |  %1b    %4b  ,  ", v0x7fc106439940_0, v0x7fc1064399f0_0, v0x7fc106439ab0_0, v0x7fc106439b50_0, v0x7fc106439c30_0 {0 0 0};
    %vpi_call 2 168 "$write", "%2d - %2d - %1d =  %2d  <>  %3b subtraction\012", v0x7fc106439d90_0, v0x7fc106439e40_0, v0x7fc106439f50_0, v0x7fc10643a000_0, v0x7fc106439ce0_0 {0 0 0};
T_1.18 ;
    %jmp T_1.10;
T_1.10 ;
    %pop/vec4 1;
    %end;
    .scope S_0x7fc106413f70;
T_2 ;
    %wait E_0x7fc10641b3d0;
    %pushi/vec4 0, 0, 1;
    %store/vec4 v0x7fc106438fa0_0, 0, 1;
    %load/vec4 v0x7fc106439130_0;
    %dup/vec4;
    %pushi/vec4 0, 0, 3;
    %cmp/u;
    %jmp/1 T_2.0, 6;
    %dup/vec4;
    %pushi/vec4 1, 0, 3;
    %cmp/u;
    %jmp/1 T_2.1, 6;
    %dup/vec4;
    %pushi/vec4 2, 0, 3;
    %cmp/u;
    %jmp/1 T_2.2, 6;
    %dup/vec4;
    %pushi/vec4 3, 0, 3;
    %cmp/u;
    %jmp/1 T_2.3, 6;
    %dup/vec4;
    %pushi/vec4 4, 0, 3;
    %cmp/u;
    %jmp/1 T_2.4, 6;
    %dup/vec4;
    %pushi/vec4 5, 0, 3;
    %cmp/u;
    %jmp/1 T_2.5, 6;
    %dup/vec4;
    %pushi/vec4 6, 0, 3;
    %cmp/u;
    %jmp/1 T_2.6, 6;
    %dup/vec4;
    %pushi/vec4 7, 0, 3;
    %cmp/u;
    %jmp/1 T_2.7, 6;
    %jmp T_2.8;
T_2.0 ;
    %load/vec4 v0x7fc106438db0_0;
    %pad/u 7;
    %addi 1, 0, 7;
    %store/vec4 v0x7fc1064140e0_0, 0, 7;
    %load/vec4 v0x7fc1064140e0_0;
    %parti/s 4, 0, 2;
    %store/vec4 v0x7fc106439080_0, 0, 4;
    %load/vec4 v0x7fc1064140e0_0;
    %parti/s 1, 4, 4;
    %store/vec4 v0x7fc106438fa0_0, 0, 1;
    %jmp T_2.8;
T_2.1 ;
    %load/vec4 v0x7fc106438db0_0;
    %cmpi/e 0, 0, 4;
    %jmp/0xz  T_2.9, 4;
    %pushi/vec4 1, 0, 1;
    %store/vec4 v0x7fc106438fa0_0, 0, 1;
    %pushi/vec4 1, 0, 4;
    %store/vec4 v0x7fc106439080_0, 0, 4;
    %jmp T_2.10;
T_2.9 ;
    %load/vec4 v0x7fc106438db0_0;
    %subi 1, 0, 4;
    %store/vec4 v0x7fc106439080_0, 0, 4;
T_2.10 ;
    %jmp T_2.8;
T_2.2 ;
    %load/vec4 v0x7fc106438db0_0;
    %parti/s 3, 0, 2;
    %load/vec4 v0x7fc106438db0_0;
    %parti/s 1, 3, 3;
    %concat/vec4; draw_concat_vec4
    %store/vec4 v0x7fc106439080_0, 0, 4;
    %jmp T_2.8;
T_2.3 ;
    %load/vec4 v0x7fc106438db0_0;
    %ix/load 4, 1, 0;
    %flag_set/imm 4, 0;
    %shiftr 4;
    %store/vec4 v0x7fc106439080_0, 0, 4;
    %jmp T_2.8;
T_2.4 ;
    %load/vec4 v0x7fc106438db0_0;
    %load/vec4 v0x7fc106438e50_0;
    %and;
    %store/vec4 v0x7fc106439080_0, 0, 4;
    %jmp T_2.8;
T_2.5 ;
    %load/vec4 v0x7fc106438db0_0;
    %load/vec4 v0x7fc106438e50_0;
    %or;
    %store/vec4 v0x7fc106439080_0, 0, 4;
    %jmp T_2.8;
T_2.6 ;
    %load/vec4 v0x7fc106438db0_0;
    %pad/u 7;
    %load/vec4 v0x7fc106438e50_0;
    %pad/u 7;
    %add;
    %load/vec4 v0x7fc106438f00_0;
    %pad/u 7;
    %add;
    %store/vec4 v0x7fc1064140e0_0, 0, 7;
    %load/vec4 v0x7fc1064140e0_0;
    %parti/s 4, 0, 2;
    %store/vec4 v0x7fc106439080_0, 0, 4;
    %load/vec4 v0x7fc1064140e0_0;
    %parti/s 1, 4, 4;
    %store/vec4 v0x7fc106438fa0_0, 0, 1;
    %jmp T_2.8;
T_2.7 ;
    %load/vec4 v0x7fc106438db0_0;
    %pad/u 7;
    %load/vec4 v0x7fc106438e50_0;
    %pad/u 7;
    %sub;
    %load/vec4 v0x7fc106438f00_0;
    %pad/u 7;
    %sub;
    %store/vec4 v0x7fc1064140e0_0, 0, 7;
    %load/vec4 v0x7fc1064140e0_0;
    %parti/s 1, 6, 4;
    %cmpi/e 1, 0, 1;
    %jmp/0xz  T_2.11, 4;
    %load/vec4 v0x7fc1064140e0_0;
    %subi 1, 0, 7;
    %store/vec4 v0x7fc1064140e0_0, 0, 7;
    %load/vec4 v0x7fc1064140e0_0;
    %inv;
    %store/vec4 v0x7fc1064140e0_0, 0, 7;
    %load/vec4 v0x7fc1064140e0_0;
    %parti/s 4, 0, 2;
    %store/vec4 v0x7fc106439080_0, 0, 4;
    %pushi/vec4 1, 0, 1;
    %store/vec4 v0x7fc106438fa0_0, 0, 1;
    %jmp T_2.12;
T_2.11 ;
    %load/vec4 v0x7fc1064140e0_0;
    %parti/s 4, 0, 2;
    %store/vec4 v0x7fc106439080_0, 0, 4;
T_2.12 ;
    %jmp T_2.8;
T_2.8 ;
    %pop/vec4 1;
    %jmp T_2;
    .thread T_2, $push;
    .scope S_0x7fc106404880;
T_3 ;
    %vpi_call 2 35 "$dumpfile", "wave.vcd" {0 0 0};
    %vpi_call 2 36 "$dumpvars", 32'sb00000000000000000000000000000000, S_0x7fc106404880 {0 0 0};
    %pushi/vec4 444, 0, 32;
    %store/vec4 v0x7fc10643a580_0, 0, 32;
    %vpi_call 2 38 "$write", "\012 testing the 4-bit unsinged ALU\012\012" {0 0 0};
    %vpi_call 2 39 "$write", " a     b     cin  |  cout    Y\012" {0 0 0};
    %vpi_call 2 40 "$write", " ------------------------------\012" {0 0 0};
    %pushi/vec4 0, 0, 32;
    %store/vec4 v0x7fc10643a0b0_0, 0, 32;
T_3.0 ;
    %load/vec4 v0x7fc10643a0b0_0;
    %cmpi/s 8, 0, 32;
    %jmp/0xz T_3.1, 5;
    %load/vec4 v0x7fc10643a0b0_0;
    %pad/s 3;
    %store/vec4 v0x7fc10643a610_0, 0, 3;
    %pushi/vec4 0, 0, 32;
    %store/vec4 v0x7fc10643a370_0, 0, 32;
T_3.2 ;
    %load/vec4 v0x7fc10643a370_0;
    %cmpi/s 4, 0, 32;
    %jmp/0xz T_3.3, 5;
    %alloc S_0x7fc106439270;
    %fork TD_tb.getRand, S_0x7fc106439270;
    %join;
    %load/vec4 v0x7fc1064394c0_0;
    %store/vec4 v0x7fc10643a170_0, 0, 4;
    %load/vec4 v0x7fc106439550_0;
    %store/vec4 v0x7fc10643a210_0, 0, 4;
    %load/vec4 v0x7fc106439610_0;
    %store/vec4 v0x7fc10643a2c0_0, 0, 1;
    %free S_0x7fc106439270;
    %delay 10, 0;
    %alloc S_0x7fc1064396b0;
    %load/vec4 v0x7fc10643a4d0_0;
    %store/vec4 v0x7fc106439c30_0, 0, 4;
    %load/vec4 v0x7fc10643a440_0;
    %store/vec4 v0x7fc106439b50_0, 0, 1;
    %load/vec4 v0x7fc10643a610_0;
    %store/vec4 v0x7fc106439ce0_0, 0, 3;
    %load/vec4 v0x7fc10643a170_0;
    %store/vec4 v0x7fc106439940_0, 0, 4;
    %load/vec4 v0x7fc10643a210_0;
    %store/vec4 v0x7fc1064399f0_0, 0, 4;
    %load/vec4 v0x7fc10643a2c0_0;
    %store/vec4 v0x7fc106439ab0_0, 0, 1;
    %fork TD_tb.showResults, S_0x7fc1064396b0;
    %join;
    %free S_0x7fc1064396b0;
    %load/vec4 v0x7fc10643a370_0;
    %addi 1, 0, 32;
    %store/vec4 v0x7fc10643a370_0, 0, 32;
    %jmp T_3.2;
T_3.3 ;
    %vpi_call 2 50 "$write", " ------------------------------\012" {0 0 0};
    %load/vec4 v0x7fc10643a0b0_0;
    %addi 1, 0, 32;
    %store/vec4 v0x7fc10643a0b0_0, 0, 32;
    %jmp T_3.0;
T_3.1 ;
    %delay 10, 0;
    %vpi_call 2 54 "$write", "\012\012 ~ ~ ~ TEST COMPLETE ~ ~ ~\012\012" {0 0 0};
    %vpi_call 2 55 "$finish" {0 0 0};
    %end;
    .thread T_3;
# The file index is used to find the file name in the following table.
:file_names 3;
    "N/A";
    "<interactive>";
    "alu.v";
