#! /usr/local/Cellar/icarus-verilog/11.0/bin/vvp
:ivl_version "11.0 (stable)";
:ivl_delay_selection "TYPICAL";
:vpi_time_precision + 0;
:vpi_module "/usr/local/Cellar/icarus-verilog/11.0/lib/ivl/system.vpi";
:vpi_module "/usr/local/Cellar/icarus-verilog/11.0/lib/ivl/vhdl_sys.vpi";
:vpi_module "/usr/local/Cellar/icarus-verilog/11.0/lib/ivl/vhdl_textio.vpi";
:vpi_module "/usr/local/Cellar/icarus-verilog/11.0/lib/ivl/v2005_math.vpi";
:vpi_module "/usr/local/Cellar/icarus-verilog/11.0/lib/ivl/va_math.vpi";
S_0x7fb3b5c07280 .scope module, "preA_fpga" "preA_fpga" 2 2;
 .timescale 0 0;
    .port_info 0 /OUTPUT 1 "out_x";
    .port_info 1 /OUTPUT 1 "out_y";
    .port_info 2 /INPUT 1 "in_a";
    .port_info 3 /INPUT 1 "in_b";
    .port_info 4 /INPUT 1 "in_c";
o0x10f50d008 .functor BUFZ 1, C4<z>; HiZ drive
o0x10f50d038 .functor BUFZ 1, C4<z>; HiZ drive
L_0x7fb3b5c17530 .functor XNOR 1, o0x10f50d008, o0x10f50d038, C4<0>, C4<0>;
L_0x7fb3b5c175e0 .functor NOT 1, L_0x7fb3b5c17530, C4<0>, C4<0>, C4<0>;
o0x10f50d068 .functor BUFZ 1, C4<z>; HiZ drive
L_0x7fb3b5c176b0 .functor AND 1, L_0x7fb3b5c175e0, o0x10f50d068, C4<1>, C4<1>;
L_0x7fb3b5c177a0 .functor OR 1, L_0x7fb3b5c176b0, o0x10f50d038, C4<0>, C4<0>;
v0x7fb3b5c04710_0 .net "in_a", 0 0, o0x10f50d008;  0 drivers
v0x7fb3b5c170c0_0 .net "in_b", 0 0, o0x10f50d038;  0 drivers
v0x7fb3b5c17160_0 .net "in_c", 0 0, o0x10f50d068;  0 drivers
v0x7fb3b5c171f0_0 .net "out_x", 0 0, L_0x7fb3b5c175e0;  1 drivers
v0x7fb3b5c17290_0 .net "out_y", 0 0, L_0x7fb3b5c177a0;  1 drivers
v0x7fb3b5c17370_0 .net "t1", 0 0, L_0x7fb3b5c17530;  1 drivers
v0x7fb3b5c17410_0 .net "t2", 0 0, L_0x7fb3b5c176b0;  1 drivers
# The file index is used to find the file name in the following table.
:file_names 3;
    "N/A";
    "<interactive>";
    "preA_fpga.v";
