#! /usr/local/Cellar/icarus-verilog/11.0/bin/vvp
:ivl_version "11.0 (stable)";
:ivl_delay_selection "TYPICAL";
:vpi_time_precision - 9;
:vpi_module "/usr/local/Cellar/icarus-verilog/11.0/lib/ivl/system.vpi";
:vpi_module "/usr/local/Cellar/icarus-verilog/11.0/lib/ivl/vhdl_sys.vpi";
:vpi_module "/usr/local/Cellar/icarus-verilog/11.0/lib/ivl/vhdl_textio.vpi";
:vpi_module "/usr/local/Cellar/icarus-verilog/11.0/lib/ivl/v2005_math.vpi";
:vpi_module "/usr/local/Cellar/icarus-verilog/11.0/lib/ivl/va_math.vpi";
S_0x7ff35bb02d80 .scope module, "tb" "tb" 2 33;
 .timescale -9 -9;
v0x7ff35ba1d1a0_0 .var "A_input", 7 0;
v0x7ff35ba1d2d0_0 .var "B_input", 7 0;
v0x7ff35ba1d3f0_0 .var "clock", 0 0;
v0x7ff35ba1d480_0 .net "done", 0 0, L_0x7ff35ba1d9c0;  1 drivers
v0x7ff35ba1d510_0 .net "hundreds", 6 0, v0x7ff35ba1b400_0;  1 drivers
v0x7ff35ba1d5e0_0 .var/i "idx", 31 0;
v0x7ff35ba1d670_0 .net "ones", 6 0, v0x7ff35ba1a9f0_0;  1 drivers
v0x7ff35ba1d700_0 .var "reset", 0 0;
v0x7ff35ba1d790_0 .var/i "seed", 31 0;
v0x7ff35ba1d8a0_0 .var "start", 0 0;
v0x7ff35ba1d930_0 .net "tens", 6 0, v0x7ff35ba1aef0_0;  1 drivers
S_0x7ff35ba00040 .scope module, "DUT" "gcf" 2 47, 2 164 0, S_0x7ff35bb02d80;
 .timescale -9 -9;
    .port_info 0 /OUTPUT 7 "hundreds";
    .port_info 1 /OUTPUT 7 "tens";
    .port_info 2 /OUTPUT 7 "ones";
    .port_info 3 /OUTPUT 1 "done";
    .port_info 4 /INPUT 8 "A_input";
    .port_info 5 /INPUT 8 "B_input";
    .port_info 6 /INPUT 1 "start";
    .port_info 7 /INPUT 1 "reset";
    .port_info 8 /INPUT 1 "clock";
v0x7ff35ba1c130_0 .net "A_input", 7 0, v0x7ff35ba1d1a0_0;  1 drivers
v0x7ff35ba1c1c0_0 .net "B_input", 7 0, v0x7ff35ba1d2d0_0;  1 drivers
v0x7ff35ba1c260_0 .net "clock", 0 0, v0x7ff35ba1d3f0_0;  1 drivers
v0x7ff35ba1c370_0 .net "done", 0 0, L_0x7ff35ba1d9c0;  alias, 1 drivers
v0x7ff35ba1c420_0 .net "hundreds", 6 0, v0x7ff35ba1b400_0;  alias, 1 drivers
v0x7ff35ba1c4f0_0 .net "ones", 6 0, v0x7ff35ba1a9f0_0;  alias, 1 drivers
v0x7ff35ba1c5c0_0 .net "reset", 0 0, v0x7ff35ba1d700_0;  1 drivers
v0x7ff35ba1c690_0 .net "result", 7 0, v0x7ff35ba181f0_0;  1 drivers
v0x7ff35ba1c720_0 .net "start", 0 0, v0x7ff35ba1d8a0_0;  1 drivers
v0x7ff35ba1c830_0 .net "tens", 6 0, v0x7ff35ba1aef0_0;  alias, 1 drivers
S_0x7ff35ba00340 .scope module, "GDP" "general_data_path" 2 178, 2 198 0, S_0x7ff35ba00040;
 .timescale -9 -9;
    .port_info 0 /OUTPUT 8 "result";
    .port_info 1 /OUTPUT 1 "done";
    .port_info 2 /INPUT 8 "A_input";
    .port_info 3 /INPUT 8 "B_input";
    .port_info 4 /INPUT 1 "start";
    .port_info 5 /INPUT 1 "reset";
    .port_info 6 /INPUT 1 "clock";
L_0x7ff35ba1d9c0 .functor BUFZ 1, L_0x7ff35ba20920, C4<0>, C4<0>, C4<0>;
v0x7ff35ba144c0_0 .net "ALU", 2 0, L_0x7ff35ba20350;  1 drivers
v0x7ff35ba19630_0 .net "A_gt_B", 0 0, L_0x7ff35ba20d10;  1 drivers
v0x7ff35ba196d0_0 .net "A_input", 7 0, v0x7ff35ba1d1a0_0;  alias, 1 drivers
v0x7ff35ba197c0_0 .net "A_is_B", 0 0, L_0x7ff35ba1f6a0;  1 drivers
v0x7ff35ba19850_0 .net "B_input", 7 0, v0x7ff35ba1d2d0_0;  alias, 1 drivers
v0x7ff35ba19960_0 .net "IE", 1 0, L_0x7ff35ba1dba0;  1 drivers
v0x7ff35ba199f0_0 .net "OE", 0 0, L_0x7ff35ba20920;  1 drivers
v0x7ff35ba19a80_0 .net "RAA", 1 0, L_0x7ff35ba1f2c0;  1 drivers
v0x7ff35ba19b10_0 .net "RAE", 0 0, L_0x7ff35ba1f150;  1 drivers
v0x7ff35ba19c20_0 .net "RBA", 1 0, L_0x7ff35ba1fc20;  1 drivers
v0x7ff35ba19cb0_0 .net "RBE", 0 0, L_0x7ff35ba1fb30;  1 drivers
v0x7ff35ba19d40_0 .net "SH", 1 0, L_0x7ff35ba20800;  1 drivers
v0x7ff35ba19dd0_0 .net "WA", 1 0, L_0x7ff35ba1e600;  1 drivers
v0x7ff35ba19e60_0 .net "WE", 0 0, L_0x7ff35ba1e4d0;  1 drivers
v0x7ff35ba19ef0_0 .net "clock", 0 0, v0x7ff35ba1d3f0_0;  alias, 1 drivers
v0x7ff35ba19f80_0 .net "done", 0 0, L_0x7ff35ba1d9c0;  alias, 1 drivers
v0x7ff35ba1a010_0 .net "n_is_0", 0 0, L_0x7ff35ba20670;  1 drivers
v0x7ff35ba1a1a0_0 .net "reset", 0 0, v0x7ff35ba1d700_0;  alias, 1 drivers
v0x7ff35ba1a230_0 .net "result", 7 0, v0x7ff35ba181f0_0;  alias, 1 drivers
v0x7ff35ba1a2c0_0 .net "start", 0 0, v0x7ff35ba1d8a0_0;  alias, 1 drivers
S_0x7ff35ba00600 .scope module, "CU" "control_unit" 2 223, 2 265 0, S_0x7ff35ba00340;
 .timescale -9 -9;
    .port_info 0 /OUTPUT 2 "IE";
    .port_info 1 /OUTPUT 1 "WE";
    .port_info 2 /OUTPUT 2 "WA";
    .port_info 3 /OUTPUT 1 "RAE";
    .port_info 4 /OUTPUT 2 "RAA";
    .port_info 5 /OUTPUT 1 "RBE";
    .port_info 6 /OUTPUT 2 "RBA";
    .port_info 7 /OUTPUT 3 "ALU";
    .port_info 8 /OUTPUT 2 "SH";
    .port_info 9 /OUTPUT 1 "OE";
    .port_info 10 /INPUT 1 "n_is_0";
    .port_info 11 /INPUT 1 "A_gt_B";
    .port_info 12 /INPUT 1 "A_is_B";
    .port_info 13 /INPUT 1 "start";
    .port_info 14 /INPUT 1 "reset";
    .port_info 15 /INPUT 1 "clock";
P_0x7ff35ba007d0 .param/l "s0" 0 2 287, C4<000>;
P_0x7ff35ba00810 .param/l "s1" 0 2 288, C4<001>;
P_0x7ff35ba00850 .param/l "s2" 0 2 289, C4<010>;
P_0x7ff35ba00890 .param/l "s3" 0 2 290, C4<011>;
P_0x7ff35ba008d0 .param/l "s4" 0 2 291, C4<100>;
P_0x7ff35ba00910 .param/l "s5" 0 2 292, C4<101>;
P_0x7ff35ba00950 .param/l "s6" 0 2 293, C4<110>;
L_0x7ff35ba1e0b0 .functor OR 1, L_0x7ff35ba1de40, L_0x7ff35ba1df40, C4<0>, C4<0>;
L_0x7ff35ba1e2c0 .functor OR 1, L_0x7ff35ba1e0b0, L_0x7ff35ba1e1e0, C4<0>, C4<0>;
L_0x7ff35ba1e4d0 .functor OR 1, L_0x7ff35ba1e2c0, L_0x7ff35ba1e3b0, C4<0>, C4<0>;
L_0x7ff35ba1e000 .functor OR 1, L_0x7ff35ba1e740, L_0x7ff35ba1e910, C4<0>, C4<0>;
L_0x7ff35ba1ed50 .functor OR 1, L_0x7ff35ba1eb70, L_0x7ff35ba1ecb0, C4<0>, C4<0>;
L_0x7ff35ba1efc0 .functor OR 1, L_0x7ff35ba1ed50, L_0x7ff35ba1ee70, C4<0>, C4<0>;
L_0x7ff35ba1f150 .functor OR 1, L_0x7ff35ba1efc0, L_0x7ff35ba1f070, C4<0>, C4<0>;
L_0x7ff35ba1e880 .functor OR 1, L_0x7ff35ba1f540, L_0x7ff35ba1f7b0, C4<0>, C4<0>;
L_0x7ff35ba1fb30 .functor OR 1, L_0x7ff35ba1e880, L_0x7ff35ba1f890, C4<0>, C4<0>;
L_0x7ff35ba1fef0 .functor OR 1, L_0x7ff35ba1fd40, L_0x7ff35ba1e9f0, C4<0>, C4<0>;
L_0x7ff35ba201e0 .functor OR 1, L_0x7ff35ba20020, L_0x7ff35ba20100, C4<0>, C4<0>;
L_0x7ff35ba20750 .functor OR 1, L_0x7ff35ba204b0, L_0x7ff35ba20590, C4<0>, C4<0>;
v0x7ff35ba00e40_0 .net "ALU", 2 0, L_0x7ff35ba20350;  alias, 1 drivers
v0x7ff35ba10f00_0 .net "A_gt_B", 0 0, L_0x7ff35ba20d10;  alias, 1 drivers
v0x7ff35ba10fa0_0 .net "A_is_B", 0 0, L_0x7ff35ba1f6a0;  alias, 1 drivers
v0x7ff35ba11050_0 .net "IE", 1 0, L_0x7ff35ba1dba0;  alias, 1 drivers
v0x7ff35ba11100_0 .net "OE", 0 0, L_0x7ff35ba20920;  alias, 1 drivers
v0x7ff35ba111e0_0 .net "RAA", 1 0, L_0x7ff35ba1f2c0;  alias, 1 drivers
v0x7ff35ba11290_0 .net "RAE", 0 0, L_0x7ff35ba1f150;  alias, 1 drivers
v0x7ff35ba11330_0 .net "RBA", 1 0, L_0x7ff35ba1fc20;  alias, 1 drivers
v0x7ff35ba113e0_0 .net "RBE", 0 0, L_0x7ff35ba1fb30;  alias, 1 drivers
v0x7ff35ba114f0_0 .net "SH", 1 0, L_0x7ff35ba20800;  alias, 1 drivers
v0x7ff35ba11590_0 .net "WA", 1 0, L_0x7ff35ba1e600;  alias, 1 drivers
v0x7ff35ba11640_0 .net "WE", 0 0, L_0x7ff35ba1e4d0;  alias, 1 drivers
L_0x10436f518 .functor BUFT 1, C4<0>, C4<0>, C4<0>, C4<0>;
v0x7ff35ba116e0_0 .net/2u *"_ivl_103", 0 0, L_0x10436f518;  1 drivers
L_0x10436f560 .functor BUFT 1, C4<011>, C4<0>, C4<0>, C4<0>;
v0x7ff35ba11790_0 .net/2u *"_ivl_108", 2 0, L_0x10436f560;  1 drivers
v0x7ff35ba11840_0 .net *"_ivl_11", 0 0, L_0x7ff35ba1dce0;  1 drivers
v0x7ff35ba118e0_0 .net *"_ivl_110", 0 0, L_0x7ff35ba1fd40;  1 drivers
L_0x10436f5a8 .functor BUFT 1, C4<100>, C4<0>, C4<0>, C4<0>;
v0x7ff35ba11980_0 .net/2u *"_ivl_112", 2 0, L_0x10436f5a8;  1 drivers
v0x7ff35ba11b10_0 .net *"_ivl_114", 0 0, L_0x7ff35ba1e9f0;  1 drivers
v0x7ff35ba11ba0_0 .net *"_ivl_117", 0 0, L_0x7ff35ba1fef0;  1 drivers
L_0x10436f5f0 .functor BUFT 1, C4<100>, C4<0>, C4<0>, C4<0>;
v0x7ff35ba11c30_0 .net/2u *"_ivl_120", 2 0, L_0x10436f5f0;  1 drivers
v0x7ff35ba11ce0_0 .net *"_ivl_122", 0 0, L_0x7ff35ba20020;  1 drivers
L_0x10436f638 .functor BUFT 1, C4<101>, C4<0>, C4<0>, C4<0>;
v0x7ff35ba11d80_0 .net/2u *"_ivl_124", 2 0, L_0x10436f638;  1 drivers
v0x7ff35ba11e30_0 .net *"_ivl_126", 0 0, L_0x7ff35ba20100;  1 drivers
v0x7ff35ba11ed0_0 .net *"_ivl_129", 0 0, L_0x7ff35ba201e0;  1 drivers
L_0x10436f098 .functor BUFT 1, C4<001>, C4<0>, C4<0>, C4<0>;
v0x7ff35ba11f70_0 .net/2u *"_ivl_13", 2 0, L_0x10436f098;  1 drivers
L_0x10436f680 .functor BUFT 1, C4<0>, C4<0>, C4<0>, C4<0>;
v0x7ff35ba12020_0 .net/2u *"_ivl_132", 0 0, L_0x10436f680;  1 drivers
L_0x10436f6c8 .functor BUFT 1, C4<100>, C4<0>, C4<0>, C4<0>;
v0x7ff35ba120d0_0 .net/2u *"_ivl_137", 2 0, L_0x10436f6c8;  1 drivers
v0x7ff35ba12180_0 .net *"_ivl_139", 0 0, L_0x7ff35ba204b0;  1 drivers
L_0x10436f710 .functor BUFT 1, C4<101>, C4<0>, C4<0>, C4<0>;
v0x7ff35ba12220_0 .net/2u *"_ivl_141", 2 0, L_0x10436f710;  1 drivers
v0x7ff35ba122d0_0 .net *"_ivl_143", 0 0, L_0x7ff35ba20590;  1 drivers
v0x7ff35ba12370_0 .net *"_ivl_146", 0 0, L_0x7ff35ba20750;  1 drivers
L_0x10436f758 .functor BUFT 1, C4<0>, C4<0>, C4<0>, C4<0>;
v0x7ff35ba12410_0 .net/2u *"_ivl_149", 0 0, L_0x10436f758;  1 drivers
v0x7ff35ba124c0_0 .net *"_ivl_15", 0 0, L_0x7ff35ba1de40;  1 drivers
L_0x10436f7a0 .functor BUFT 1, C4<0>, C4<0>, C4<0>, C4<0>;
v0x7ff35ba11a20_0 .net/2u *"_ivl_154", 0 0, L_0x10436f7a0;  1 drivers
L_0x10436f7e8 .functor BUFT 1, C4<110>, C4<0>, C4<0>, C4<0>;
v0x7ff35ba12750_0 .net/2u *"_ivl_156", 2 0, L_0x10436f7e8;  1 drivers
L_0x10436f0e0 .functor BUFT 1, C4<010>, C4<0>, C4<0>, C4<0>;
v0x7ff35ba127e0_0 .net/2u *"_ivl_17", 2 0, L_0x10436f0e0;  1 drivers
v0x7ff35ba12870_0 .net *"_ivl_19", 0 0, L_0x7ff35ba1df40;  1 drivers
L_0x10436f008 .functor BUFT 1, C4<001>, C4<0>, C4<0>, C4<0>;
v0x7ff35ba12910_0 .net/2u *"_ivl_2", 2 0, L_0x10436f008;  1 drivers
v0x7ff35ba129c0_0 .net *"_ivl_22", 0 0, L_0x7ff35ba1e0b0;  1 drivers
L_0x10436f128 .functor BUFT 1, C4<100>, C4<0>, C4<0>, C4<0>;
v0x7ff35ba12a60_0 .net/2u *"_ivl_23", 2 0, L_0x10436f128;  1 drivers
v0x7ff35ba12b10_0 .net *"_ivl_25", 0 0, L_0x7ff35ba1e1e0;  1 drivers
v0x7ff35ba12bb0_0 .net *"_ivl_28", 0 0, L_0x7ff35ba1e2c0;  1 drivers
L_0x10436f170 .functor BUFT 1, C4<101>, C4<0>, C4<0>, C4<0>;
v0x7ff35ba12c50_0 .net/2u *"_ivl_29", 2 0, L_0x10436f170;  1 drivers
v0x7ff35ba12d00_0 .net *"_ivl_31", 0 0, L_0x7ff35ba1e3b0;  1 drivers
L_0x10436f1b8 .functor BUFT 1, C4<0>, C4<0>, C4<0>, C4<0>;
v0x7ff35ba12da0_0 .net/2u *"_ivl_37", 0 0, L_0x10436f1b8;  1 drivers
v0x7ff35ba12e50_0 .net *"_ivl_4", 0 0, L_0x7ff35ba1dac0;  1 drivers
L_0x10436f200 .functor BUFT 1, C4<010>, C4<0>, C4<0>, C4<0>;
v0x7ff35ba12ef0_0 .net/2u *"_ivl_42", 2 0, L_0x10436f200;  1 drivers
v0x7ff35ba12fa0_0 .net *"_ivl_44", 0 0, L_0x7ff35ba1e740;  1 drivers
L_0x10436f248 .functor BUFT 1, C4<101>, C4<0>, C4<0>, C4<0>;
v0x7ff35ba13040_0 .net/2u *"_ivl_46", 2 0, L_0x10436f248;  1 drivers
v0x7ff35ba130f0_0 .net *"_ivl_48", 0 0, L_0x7ff35ba1e910;  1 drivers
v0x7ff35ba13190_0 .net *"_ivl_51", 0 0, L_0x7ff35ba1e000;  1 drivers
L_0x10436f290 .functor BUFT 1, C4<011>, C4<0>, C4<0>, C4<0>;
v0x7ff35ba13230_0 .net/2u *"_ivl_52", 2 0, L_0x10436f290;  1 drivers
v0x7ff35ba132e0_0 .net *"_ivl_54", 0 0, L_0x7ff35ba1eb70;  1 drivers
L_0x10436f2d8 .functor BUFT 1, C4<100>, C4<0>, C4<0>, C4<0>;
v0x7ff35ba13380_0 .net/2u *"_ivl_56", 2 0, L_0x10436f2d8;  1 drivers
v0x7ff35ba13430_0 .net *"_ivl_58", 0 0, L_0x7ff35ba1ecb0;  1 drivers
v0x7ff35ba134d0_0 .net *"_ivl_61", 0 0, L_0x7ff35ba1ed50;  1 drivers
L_0x10436f320 .functor BUFT 1, C4<101>, C4<0>, C4<0>, C4<0>;
v0x7ff35ba13570_0 .net/2u *"_ivl_62", 2 0, L_0x10436f320;  1 drivers
v0x7ff35ba13620_0 .net *"_ivl_64", 0 0, L_0x7ff35ba1ee70;  1 drivers
v0x7ff35ba136c0_0 .net *"_ivl_67", 0 0, L_0x7ff35ba1efc0;  1 drivers
L_0x10436f368 .functor BUFT 1, C4<110>, C4<0>, C4<0>, C4<0>;
v0x7ff35ba13760_0 .net/2u *"_ivl_68", 2 0, L_0x10436f368;  1 drivers
v0x7ff35ba13810_0 .net *"_ivl_70", 0 0, L_0x7ff35ba1f070;  1 drivers
L_0x10436f3b0 .functor BUFT 1, C4<0>, C4<0>, C4<0>, C4<0>;
v0x7ff35ba138b0_0 .net/2u *"_ivl_76", 0 0, L_0x10436f3b0;  1 drivers
L_0x10436f3f8 .functor BUFT 1, C4<101>, C4<0>, C4<0>, C4<0>;
v0x7ff35ba13960_0 .net/2u *"_ivl_81", 2 0, L_0x10436f3f8;  1 drivers
v0x7ff35ba13a10_0 .net *"_ivl_83", 0 0, L_0x7ff35ba1f460;  1 drivers
L_0x10436f440 .functor BUFT 1, C4<011>, C4<0>, C4<0>, C4<0>;
v0x7ff35ba13ab0_0 .net/2u *"_ivl_85", 2 0, L_0x10436f440;  1 drivers
v0x7ff35ba12570_0 .net *"_ivl_87", 0 0, L_0x7ff35ba1f540;  1 drivers
L_0x10436f488 .functor BUFT 1, C4<100>, C4<0>, C4<0>, C4<0>;
v0x7ff35ba12610_0 .net/2u *"_ivl_89", 2 0, L_0x10436f488;  1 drivers
L_0x10436f050 .functor BUFT 1, C4<010>, C4<0>, C4<0>, C4<0>;
v0x7ff35ba126c0_0 .net/2u *"_ivl_9", 2 0, L_0x10436f050;  1 drivers
v0x7ff35ba13b60_0 .net *"_ivl_91", 0 0, L_0x7ff35ba1f7b0;  1 drivers
v0x7ff35ba13c00_0 .net *"_ivl_94", 0 0, L_0x7ff35ba1e880;  1 drivers
L_0x10436f4d0 .functor BUFT 1, C4<101>, C4<0>, C4<0>, C4<0>;
v0x7ff35ba13ca0_0 .net/2u *"_ivl_95", 2 0, L_0x10436f4d0;  1 drivers
v0x7ff35ba13d50_0 .net *"_ivl_97", 0 0, L_0x7ff35ba1f890;  1 drivers
v0x7ff35ba13df0_0 .net "clock", 0 0, v0x7ff35ba1d3f0_0;  alias, 1 drivers
v0x7ff35ba13e90_0 .net "n_is_0", 0 0, L_0x7ff35ba20670;  alias, 1 drivers
v0x7ff35ba13f30_0 .var "n_state", 2 0;
v0x7ff35ba13fe0_0 .net "reset", 0 0, v0x7ff35ba1d700_0;  alias, 1 drivers
v0x7ff35ba14080_0 .net "start", 0 0, v0x7ff35ba1d8a0_0;  alias, 1 drivers
v0x7ff35ba14120_0 .var "state", 2 0;
E_0x7ff35ba00da0/0 .event edge, v0x7ff35ba14120_0, v0x7ff35ba14080_0, v0x7ff35ba10fa0_0, v0x7ff35ba10f00_0;
E_0x7ff35ba00da0/1 .event edge, v0x7ff35ba13fe0_0;
E_0x7ff35ba00da0 .event/or E_0x7ff35ba00da0/0, E_0x7ff35ba00da0/1;
E_0x7ff35ba00e00 .event posedge, v0x7ff35ba13df0_0;
L_0x7ff35ba1dac0 .cmp/eq 3, v0x7ff35ba14120_0, L_0x10436f008;
L_0x7ff35ba1dba0 .concat8 [ 1 1 0 0], L_0x7ff35ba1dac0, L_0x7ff35ba1dce0;
L_0x7ff35ba1dce0 .cmp/eq 3, v0x7ff35ba14120_0, L_0x10436f050;
L_0x7ff35ba1de40 .cmp/eq 3, v0x7ff35ba14120_0, L_0x10436f098;
L_0x7ff35ba1df40 .cmp/eq 3, v0x7ff35ba14120_0, L_0x10436f0e0;
L_0x7ff35ba1e1e0 .cmp/eq 3, v0x7ff35ba14120_0, L_0x10436f128;
L_0x7ff35ba1e3b0 .cmp/eq 3, v0x7ff35ba14120_0, L_0x10436f170;
L_0x7ff35ba1e600 .concat8 [ 1 1 0 0], L_0x7ff35ba1e000, L_0x10436f1b8;
L_0x7ff35ba1e740 .cmp/eq 3, v0x7ff35ba14120_0, L_0x10436f200;
L_0x7ff35ba1e910 .cmp/eq 3, v0x7ff35ba14120_0, L_0x10436f248;
L_0x7ff35ba1eb70 .cmp/eq 3, v0x7ff35ba14120_0, L_0x10436f290;
L_0x7ff35ba1ecb0 .cmp/eq 3, v0x7ff35ba14120_0, L_0x10436f2d8;
L_0x7ff35ba1ee70 .cmp/eq 3, v0x7ff35ba14120_0, L_0x10436f320;
L_0x7ff35ba1f070 .cmp/eq 3, v0x7ff35ba14120_0, L_0x10436f368;
L_0x7ff35ba1f2c0 .concat8 [ 1 1 0 0], L_0x7ff35ba1f460, L_0x10436f3b0;
L_0x7ff35ba1f460 .cmp/eq 3, v0x7ff35ba14120_0, L_0x10436f3f8;
L_0x7ff35ba1f540 .cmp/eq 3, v0x7ff35ba14120_0, L_0x10436f440;
L_0x7ff35ba1f7b0 .cmp/eq 3, v0x7ff35ba14120_0, L_0x10436f488;
L_0x7ff35ba1f890 .cmp/eq 3, v0x7ff35ba14120_0, L_0x10436f4d0;
L_0x7ff35ba1fc20 .concat8 [ 1 1 0 0], L_0x7ff35ba1fef0, L_0x10436f518;
L_0x7ff35ba1fd40 .cmp/eq 3, v0x7ff35ba14120_0, L_0x10436f560;
L_0x7ff35ba1e9f0 .cmp/eq 3, v0x7ff35ba14120_0, L_0x10436f5a8;
L_0x7ff35ba20020 .cmp/eq 3, v0x7ff35ba14120_0, L_0x10436f5f0;
L_0x7ff35ba20100 .cmp/eq 3, v0x7ff35ba14120_0, L_0x10436f638;
L_0x7ff35ba20350 .concat8 [ 1 1 1 0], L_0x7ff35ba20750, L_0x10436f680, L_0x7ff35ba201e0;
L_0x7ff35ba204b0 .cmp/eq 3, v0x7ff35ba14120_0, L_0x10436f6c8;
L_0x7ff35ba20590 .cmp/eq 3, v0x7ff35ba14120_0, L_0x10436f710;
L_0x7ff35ba20800 .concat8 [ 1 1 0 0], L_0x10436f7a0, L_0x10436f758;
L_0x7ff35ba20920 .cmp/eq 3, v0x7ff35ba14120_0, L_0x10436f7e8;
S_0x7ff35ba142d0 .scope module, "DP" "data_path" 2 242, 2 374 0, S_0x7ff35ba00340;
 .timescale -9 -9;
    .port_info 0 /OUTPUT 1 "A_gt_B";
    .port_info 1 /OUTPUT 1 "A_is_B";
    .port_info 2 /OUTPUT 1 "n_is_0";
    .port_info 3 /OUTPUT 8 "result";
    .port_info 4 /INPUT 8 "A_input";
    .port_info 5 /INPUT 8 "B_input";
    .port_info 6 /INPUT 2 "IE";
    .port_info 7 /INPUT 1 "WE";
    .port_info 8 /INPUT 2 "WA";
    .port_info 9 /INPUT 1 "RAE";
    .port_info 10 /INPUT 2 "RAA";
    .port_info 11 /INPUT 1 "RBE";
    .port_info 12 /INPUT 2 "RBA";
    .port_info 13 /INPUT 3 "ALU";
    .port_info 14 /INPUT 2 "SH";
    .port_info 15 /INPUT 1 "OE";
    .port_info 16 /INPUT 1 "clock";
P_0x7ff35ba00ba0 .param/l "BLANK" 0 2 394, C4<00000000>;
v0x7ff35ba182e0_0 .net "ALU", 2 0, L_0x7ff35ba20350;  alias, 1 drivers
v0x7ff35ba183d0_0 .net "A_gt_B", 0 0, L_0x7ff35ba20d10;  alias, 1 drivers
v0x7ff35ba184a0_0 .net "A_input", 7 0, v0x7ff35ba1d1a0_0;  alias, 1 drivers
v0x7ff35ba18530_0 .net "A_is_B", 0 0, L_0x7ff35ba1f6a0;  alias, 1 drivers
v0x7ff35ba18600_0 .net "B_input", 7 0, v0x7ff35ba1d2d0_0;  alias, 1 drivers
v0x7ff35ba186d0_0 .net "IE", 1 0, L_0x7ff35ba1dba0;  alias, 1 drivers
v0x7ff35ba187a0_0 .net "OE", 0 0, L_0x7ff35ba20920;  alias, 1 drivers
v0x7ff35ba18870_0 .net "RAA", 1 0, L_0x7ff35ba1f2c0;  alias, 1 drivers
v0x7ff35ba18940_0 .net "RAE", 0 0, L_0x7ff35ba1f150;  alias, 1 drivers
v0x7ff35ba18a50_0 .net "RBA", 1 0, L_0x7ff35ba1fc20;  alias, 1 drivers
v0x7ff35ba18b20_0 .net "RBE", 0 0, L_0x7ff35ba1fb30;  alias, 1 drivers
v0x7ff35ba18bf0_0 .net "SH", 1 0, L_0x7ff35ba20800;  alias, 1 drivers
v0x7ff35ba18cc0_0 .net "WA", 1 0, L_0x7ff35ba1e600;  alias, 1 drivers
v0x7ff35ba18d90_0 .net "WE", 0 0, L_0x7ff35ba1e4d0;  alias, 1 drivers
L_0x10436f830 .functor BUFT 1, C4<00000000>, C4<0>, C4<0>, C4<0>;
v0x7ff35ba18e60_0 .net/2u *"_ivl_0", 7 0, L_0x10436f830;  1 drivers
v0x7ff35ba18ef0_0 .net "clock", 0 0, v0x7ff35ba1d3f0_0;  alias, 1 drivers
v0x7ff35ba18fc0_0 .net "from_alu", 7 0, v0x7ff35ba175d0_0;  1 drivers
v0x7ff35ba19190_0 .net "from_mux", 7 0, v0x7ff35ba15680_0;  1 drivers
v0x7ff35ba19220_0 .net "from_shifter", 7 0, v0x7ff35ba17d00_0;  1 drivers
v0x7ff35ba192b0_0 .net "n_is_0", 0 0, L_0x7ff35ba20670;  alias, 1 drivers
v0x7ff35ba19340_0 .net "result", 7 0, v0x7ff35ba181f0_0;  alias, 1 drivers
v0x7ff35ba193d0_0 .net "rf_port_A", 7 0, L_0x7ff35ba21420;  1 drivers
v0x7ff35ba19460_0 .net "rf_port_B", 7 0, L_0x7ff35ba21880;  1 drivers
v0x7ff35ba194f0_0 .var "to_register_file", 7 0;
E_0x7ff35ba146f0 .event edge, v0x7ff35ba15680_0;
L_0x7ff35ba20670 .cmp/eq 8, v0x7ff35ba17d00_0, L_0x10436f830;
S_0x7ff35ba14740 .scope module, "AB" "compare" 2 423, 2 630 0, S_0x7ff35ba142d0;
 .timescale -9 -9;
    .port_info 0 /OUTPUT 1 "A_gt_B";
    .port_info 1 /OUTPUT 1 "A_is_B";
    .port_info 2 /INPUT 8 "alu_A";
    .port_info 3 /INPUT 8 "alu_B";
v0x7ff35ba14970_0 .net "A_gt_B", 0 0, L_0x7ff35ba20d10;  alias, 1 drivers
v0x7ff35ba14a30_0 .net "A_is_B", 0 0, L_0x7ff35ba1f6a0;  alias, 1 drivers
v0x7ff35ba14ae0_0 .net *"_ivl_0", 0 0, L_0x7ff35ba20b70;  1 drivers
L_0x10436f908 .functor BUFT 1, C4<1>, C4<0>, C4<0>, C4<0>;
v0x7ff35ba14b90_0 .net/2u *"_ivl_10", 0 0, L_0x10436f908;  1 drivers
L_0x10436f950 .functor BUFT 1, C4<0>, C4<0>, C4<0>, C4<0>;
v0x7ff35ba14c20_0 .net/2u *"_ivl_12", 0 0, L_0x10436f950;  1 drivers
L_0x10436f878 .functor BUFT 1, C4<1>, C4<0>, C4<0>, C4<0>;
v0x7ff35ba14d10_0 .net/2u *"_ivl_2", 0 0, L_0x10436f878;  1 drivers
L_0x10436f8c0 .functor BUFT 1, C4<0>, C4<0>, C4<0>, C4<0>;
v0x7ff35ba14dc0_0 .net/2u *"_ivl_4", 0 0, L_0x10436f8c0;  1 drivers
v0x7ff35ba14e70_0 .net *"_ivl_8", 0 0, L_0x7ff35ba20e30;  1 drivers
v0x7ff35ba14f10_0 .net "alu_A", 7 0, L_0x7ff35ba21420;  alias, 1 drivers
v0x7ff35ba15020_0 .net "alu_B", 7 0, L_0x7ff35ba21880;  alias, 1 drivers
L_0x7ff35ba20b70 .cmp/gt 8, L_0x7ff35ba21420, L_0x7ff35ba21880;
L_0x7ff35ba20d10 .functor MUXZ 1, L_0x10436f8c0, L_0x10436f878, L_0x7ff35ba20b70, C4<>;
L_0x7ff35ba20e30 .cmp/eq 8, L_0x7ff35ba21420, L_0x7ff35ba21880;
L_0x7ff35ba1f6a0 .functor MUXZ 1, L_0x10436f950, L_0x10436f908, L_0x7ff35ba20e30, C4<>;
S_0x7ff35ba15130 .scope module, "comp1" "c1_mux" 2 430, 2 512 0, S_0x7ff35ba142d0;
 .timescale -9 -9;
    .port_info 0 /OUTPUT 8 "from_mux";
    .port_info 1 /INPUT 8 "A_input";
    .port_info 2 /INPUT 8 "B_input";
    .port_info 3 /INPUT 8 "feedback";
    .port_info 4 /INPUT 2 "IE";
v0x7ff35ba153a0_0 .net "A_input", 7 0, v0x7ff35ba1d1a0_0;  alias, 1 drivers
v0x7ff35ba15460_0 .net "B_input", 7 0, v0x7ff35ba1d2d0_0;  alias, 1 drivers
v0x7ff35ba15510_0 .net "IE", 1 0, L_0x7ff35ba1dba0;  alias, 1 drivers
v0x7ff35ba155e0_0 .net "feedback", 7 0, v0x7ff35ba17d00_0;  alias, 1 drivers
v0x7ff35ba15680_0 .var "from_mux", 7 0;
E_0x7ff35ba15370 .event edge, v0x7ff35ba11050_0, v0x7ff35ba155e0_0, v0x7ff35ba153a0_0, v0x7ff35ba15460_0;
S_0x7ff35ba157f0 .scope module, "comp2" "c2_register_file" 2 438, 2 532 0, S_0x7ff35ba142d0;
 .timescale -9 -9;
    .port_info 0 /OUTPUT 8 "port_A";
    .port_info 1 /OUTPUT 8 "port_B";
    .port_info 2 /INPUT 8 "from_mux";
    .port_info 3 /INPUT 1 "WE";
    .port_info 4 /INPUT 2 "WA";
    .port_info 5 /INPUT 1 "RAE";
    .port_info 6 /INPUT 2 "RAA";
    .port_info 7 /INPUT 1 "RBE";
    .port_info 8 /INPUT 2 "RBA";
    .port_info 9 /INPUT 1 "clock";
P_0x7ff35ba159b0 .param/l "BLANK" 0 2 545, C4<00000000>;
L_0x10436f998 .functor BUFT 1, C4<1>, C4<0>, C4<0>, C4<0>;
L_0x7ff35ba21190 .functor XNOR 1, L_0x7ff35ba1f150, L_0x10436f998, C4<0>, C4<0>;
L_0x10436fa70 .functor BUFT 1, C4<1>, C4<0>, C4<0>, C4<0>;
L_0x7ff35ba215a0 .functor XNOR 1, L_0x7ff35ba1fb30, L_0x10436fa70, C4<0>, C4<0>;
v0x7ff35ba15b70_0 .net "RAA", 1 0, L_0x7ff35ba1f2c0;  alias, 1 drivers
v0x7ff35ba15c10_0 .net "RAE", 0 0, L_0x7ff35ba1f150;  alias, 1 drivers
v0x7ff35ba15cc0_0 .net "RBA", 1 0, L_0x7ff35ba1fc20;  alias, 1 drivers
v0x7ff35ba15d90_0 .net "RBE", 0 0, L_0x7ff35ba1fb30;  alias, 1 drivers
v0x7ff35ba15e40_0 .net "WA", 1 0, L_0x7ff35ba1e600;  alias, 1 drivers
v0x7ff35ba15f10_0 .net "WE", 0 0, L_0x7ff35ba1e4d0;  alias, 1 drivers
v0x7ff35ba15fc0_0 .net/2u *"_ivl_0", 0 0, L_0x10436f998;  1 drivers
L_0x10436fa28 .functor BUFT 1, C4<00000000>, C4<0>, C4<0>, C4<0>;
v0x7ff35ba16050_0 .net/2u *"_ivl_10", 7 0, L_0x10436fa28;  1 drivers
v0x7ff35ba160e0_0 .net/2u *"_ivl_14", 0 0, L_0x10436fa70;  1 drivers
v0x7ff35ba16200_0 .net *"_ivl_16", 0 0, L_0x7ff35ba215a0;  1 drivers
v0x7ff35ba162a0_0 .net *"_ivl_18", 7 0, L_0x7ff35ba21650;  1 drivers
v0x7ff35ba16350_0 .net *"_ivl_2", 0 0, L_0x7ff35ba21190;  1 drivers
v0x7ff35ba163f0_0 .net *"_ivl_20", 3 0, L_0x7ff35ba21710;  1 drivers
L_0x10436fab8 .functor BUFT 1, C4<00>, C4<0>, C4<0>, C4<0>;
v0x7ff35ba164a0_0 .net *"_ivl_23", 1 0, L_0x10436fab8;  1 drivers
L_0x10436fb00 .functor BUFT 1, C4<00000000>, C4<0>, C4<0>, C4<0>;
v0x7ff35ba16550_0 .net/2u *"_ivl_24", 7 0, L_0x10436fb00;  1 drivers
v0x7ff35ba16600_0 .net *"_ivl_4", 7 0, L_0x7ff35ba21240;  1 drivers
v0x7ff35ba166b0_0 .net *"_ivl_6", 3 0, L_0x7ff35ba212e0;  1 drivers
L_0x10436f9e0 .functor BUFT 1, C4<00>, C4<0>, C4<0>, C4<0>;
v0x7ff35ba16840_0 .net *"_ivl_9", 1 0, L_0x10436f9e0;  1 drivers
v0x7ff35ba168d0_0 .net "clock", 0 0, v0x7ff35ba1d3f0_0;  alias, 1 drivers
v0x7ff35ba16980_0 .net "from_mux", 7 0, v0x7ff35ba194f0_0;  1 drivers
v0x7ff35ba16a10 .array "internal", 0 3, 7 0;
v0x7ff35ba16aa0_0 .net "port_A", 7 0, L_0x7ff35ba21420;  alias, 1 drivers
v0x7ff35ba16b30_0 .net "port_B", 7 0, L_0x7ff35ba21880;  alias, 1 drivers
L_0x7ff35ba21240 .array/port v0x7ff35ba16a10, L_0x7ff35ba212e0;
L_0x7ff35ba212e0 .concat [ 2 2 0 0], L_0x7ff35ba1f2c0, L_0x10436f9e0;
L_0x7ff35ba21420 .functor MUXZ 8, L_0x10436fa28, L_0x7ff35ba21240, L_0x7ff35ba21190, C4<>;
L_0x7ff35ba21650 .array/port v0x7ff35ba16a10, L_0x7ff35ba21710;
L_0x7ff35ba21710 .concat [ 2 2 0 0], L_0x7ff35ba1fc20, L_0x10436fab8;
L_0x7ff35ba21880 .functor MUXZ 8, L_0x10436fb00, L_0x7ff35ba21650, L_0x7ff35ba215a0, C4<>;
S_0x7ff35ba16c90 .scope module, "comp3" "c3_alu" 2 451, 2 562 0, S_0x7ff35ba142d0;
 .timescale -9 -9;
    .port_info 0 /OUTPUT 8 "from_alu";
    .port_info 1 /INPUT 8 "A_bus";
    .port_info 2 /INPUT 8 "B_bus";
    .port_info 3 /INPUT 3 "ALU";
P_0x7ff35ba16e00 .param/l "A_add_B" 0 2 573, C4<100>;
P_0x7ff35ba16e40 .param/l "A_and_B" 0 2 570, C4<001>;
P_0x7ff35ba16e80 .param/l "A_or_B" 0 2 571, C4<010>;
P_0x7ff35ba16ec0 .param/l "A_sub_B" 0 2 574, C4<101>;
P_0x7ff35ba16f00 .param/l "dec_A" 0 2 576, C4<111>;
P_0x7ff35ba16f40 .param/l "inc_A" 0 2 575, C4<110>;
P_0x7ff35ba16f80 .param/l "not_A" 0 2 572, C4<011>;
P_0x7ff35ba16fc0 .param/l "pass_A" 0 2 569, C4<000>;
v0x7ff35ba17360_0 .net "ALU", 2 0, L_0x7ff35ba20350;  alias, 1 drivers
v0x7ff35ba17430_0 .net "A_bus", 7 0, L_0x7ff35ba21420;  alias, 1 drivers
v0x7ff35ba17500_0 .net "B_bus", 7 0, L_0x7ff35ba21880;  alias, 1 drivers
v0x7ff35ba175d0_0 .var "from_alu", 7 0;
E_0x7ff35ba17310 .event edge, v0x7ff35ba00e40_0, v0x7ff35ba14f10_0, v0x7ff35ba15020_0;
S_0x7ff35ba176c0 .scope module, "comp4" "c4_shifter" 2 458, 2 594 0, S_0x7ff35ba142d0;
 .timescale -9 -9;
    .port_info 0 /OUTPUT 8 "from_shifter";
    .port_info 1 /INPUT 8 "from_alu";
    .port_info 2 /INPUT 2 "SH";
P_0x7ff35ba178c0 .param/l "LEFT" 0 2 601, C4<01>;
P_0x7ff35ba17900 .param/l "PASS" 0 2 600, C4<00>;
P_0x7ff35ba17940 .param/l "RIGHT" 0 2 602, C4<10>;
P_0x7ff35ba17980 .param/l "ROTATE" 0 2 603, C4<11>;
v0x7ff35ba17b80_0 .net "SH", 1 0, L_0x7ff35ba20800;  alias, 1 drivers
v0x7ff35ba17c50_0 .net "from_alu", 7 0, v0x7ff35ba175d0_0;  alias, 1 drivers
v0x7ff35ba17d00_0 .var "from_shifter", 7 0;
E_0x7ff35ba17b40 .event edge, v0x7ff35ba114f0_0, v0x7ff35ba175d0_0;
S_0x7ff35ba17e00 .scope module, "comp5" "c5_triBuff" 2 465, 2 617 0, S_0x7ff35ba142d0;
 .timescale -9 -9;
    .port_info 0 /OUTPUT 8 "result";
    .port_info 1 /INPUT 8 "from_shifter";
    .port_info 2 /INPUT 1 "OE";
v0x7ff35ba18060_0 .net "OE", 0 0, L_0x7ff35ba20920;  alias, 1 drivers
v0x7ff35ba18120_0 .net "from_shifter", 7 0, v0x7ff35ba17d00_0;  alias, 1 drivers
v0x7ff35ba181f0_0 .var "result", 7 0;
E_0x7ff35ba18010 .event edge, v0x7ff35ba11100_0, v0x7ff35ba155e0_0;
S_0x7ff35ba1a3b0 .scope module, "power_top" "seg7_dig3" 2 188, 2 641 0, S_0x7ff35ba00040;
 .timescale -9 -9;
    .port_info 0 /OUTPUT 7 "disp_hundreds";
    .port_info 1 /OUTPUT 7 "disp_tens";
    .port_info 2 /OUTPUT 7 "disp_ones";
    .port_info 3 /INPUT 8 "binary_number";
v0x7ff35ba1bb60_0 .net "binary_number", 7 0, v0x7ff35ba181f0_0;  alias, 1 drivers
v0x7ff35ba1bc90_0 .net "disp_hundreds", 6 0, v0x7ff35ba1b400_0;  alias, 1 drivers
v0x7ff35ba1bd20_0 .net "disp_ones", 6 0, v0x7ff35ba1a9f0_0;  alias, 1 drivers
v0x7ff35ba1bdd0_0 .net "disp_tens", 6 0, v0x7ff35ba1aef0_0;  alias, 1 drivers
v0x7ff35ba1be80_0 .net "hundreds", 3 0, v0x7ff35ba1b810_0;  1 drivers
v0x7ff35ba1bf90_0 .net "ones", 3 0, v0x7ff35ba1b980_0;  1 drivers
v0x7ff35ba1c060_0 .net "tens", 3 0, v0x7ff35ba1ba40_0;  1 drivers
S_0x7ff35ba1a5e0 .scope module, "dig1" "seg7_dig" 2 669, 2 710 0, S_0x7ff35ba1a3b0;
 .timescale -9 -9;
    .port_info 0 /INPUT 4 "cntl_4bit";
    .port_info 1 /OUTPUT 7 "disp_4bit";
P_0x7ff35ba1a7a0 .param/l "OFF" 0 2 716, C4<1>;
P_0x7ff35ba1a7e0 .param/l "ON" 0 2 715, C4<0>;
v0x7ff35ba1a930_0 .net "cntl_4bit", 3 0, v0x7ff35ba1b980_0;  alias, 1 drivers
v0x7ff35ba1a9f0_0 .var "disp_4bit", 6 0;
E_0x7ff35ba1a8e0 .event edge, v0x7ff35ba1a930_0;
S_0x7ff35ba1aad0 .scope module, "dig2" "seg7_dig" 2 664, 2 710 0, S_0x7ff35ba1a3b0;
 .timescale -9 -9;
    .port_info 0 /INPUT 4 "cntl_4bit";
    .port_info 1 /OUTPUT 7 "disp_4bit";
P_0x7ff35ba1ac90 .param/l "OFF" 0 2 716, C4<1>;
P_0x7ff35ba1acd0 .param/l "ON" 0 2 715, C4<0>;
v0x7ff35ba1ae30_0 .net "cntl_4bit", 3 0, v0x7ff35ba1ba40_0;  alias, 1 drivers
v0x7ff35ba1aef0_0 .var "disp_4bit", 6 0;
E_0x7ff35ba1ade0 .event edge, v0x7ff35ba1ae30_0;
S_0x7ff35ba1afd0 .scope module, "dig3" "seg7_dig" 2 659, 2 710 0, S_0x7ff35ba1a3b0;
 .timescale -9 -9;
    .port_info 0 /INPUT 4 "cntl_4bit";
    .port_info 1 /OUTPUT 7 "disp_4bit";
P_0x7ff35ba1b1b0 .param/l "OFF" 0 2 716, C4<1>;
P_0x7ff35ba1b1f0 .param/l "ON" 0 2 715, C4<0>;
v0x7ff35ba1b340_0 .net "cntl_4bit", 3 0, v0x7ff35ba1b810_0;  alias, 1 drivers
v0x7ff35ba1b400_0 .var "disp_4bit", 6 0;
E_0x7ff35ba1b2f0 .event edge, v0x7ff35ba1b340_0;
S_0x7ff35ba1b4e0 .scope module, "getDigs" "my_bcd" 2 652, 2 678 0, S_0x7ff35ba1a3b0;
 .timescale -9 -9;
    .port_info 0 /OUTPUT 4 "hundreds";
    .port_info 1 /OUTPUT 4 "tens";
    .port_info 2 /OUTPUT 4 "ones";
    .port_info 3 /INPUT 8 "bin_in";
v0x7ff35ba1b760_0 .net "bin_in", 7 0, v0x7ff35ba181f0_0;  alias, 1 drivers
v0x7ff35ba1b810_0 .var "hundreds", 3 0;
v0x7ff35ba1b8d0_0 .var/i "idx", 31 0;
v0x7ff35ba1b980_0 .var "ones", 3 0;
v0x7ff35ba1ba40_0 .var "tens", 3 0;
E_0x7ff35ba1b720 .event edge, v0x7ff35ba181f0_0;
S_0x7ff35ba1c960 .scope autotask, "getGCD" "getGCD" 2 112, 2 112 0, S_0x7ff35bb02d80;
 .timescale -9 -9;
v0x7ff35ba1cad0_0 .var "aReg", 7 0;
v0x7ff35ba1cb70_0 .var/i "aa", 31 0;
v0x7ff35ba1cc20_0 .var "bReg", 7 0;
v0x7ff35ba1cce0_0 .var/i "bb", 31 0;
v0x7ff35ba1cd90_0 .var/i "check", 31 0;
v0x7ff35ba1ce80_0 .var "from_GDP", 7 0;
TD_tb.getGCD ;
    %load/vec4 v0x7ff35ba1cad0_0;
    %pad/u 32;
    %store/vec4 v0x7ff35ba1cb70_0, 0, 32;
    %load/vec4 v0x7ff35ba1cc20_0;
    %pad/u 32;
    %store/vec4 v0x7ff35ba1cce0_0, 0, 32;
    %load/vec4 v0x7ff35ba1ce80_0;
    %pad/u 32;
    %store/vec4 v0x7ff35ba1cd90_0, 0, 32;
T_0.0 ;
    %load/vec4 v0x7ff35ba1cb70_0;
    %load/vec4 v0x7ff35ba1cce0_0;
    %cmp/ne;
    %jmp/0xz T_0.1, 4;
    %load/vec4 v0x7ff35ba1cce0_0;
    %load/vec4 v0x7ff35ba1cb70_0;
    %cmp/s;
    %jmp/0xz  T_0.2, 5;
    %load/vec4 v0x7ff35ba1cb70_0;
    %load/vec4 v0x7ff35ba1cce0_0;
    %sub;
    %store/vec4 v0x7ff35ba1cb70_0, 0, 32;
    %jmp T_0.3;
T_0.2 ;
    %load/vec4 v0x7ff35ba1cce0_0;
    %load/vec4 v0x7ff35ba1cb70_0;
    %sub;
    %store/vec4 v0x7ff35ba1cce0_0, 0, 32;
T_0.3 ;
    %jmp T_0.0;
T_0.1 ;
    %load/vec4 v0x7ff35ba1cd90_0;
    %load/vec4 v0x7ff35ba1cb70_0;
    %cmp/e;
    %jmp/0xz  T_0.4, 4;
    %vpi_call 2 133 "$write", "  %3d        CORRECT\012", v0x7ff35ba1cb70_0 {0 0 0};
    %jmp T_0.5;
T_0.4 ;
    %vpi_call 2 136 "$write", "  %3d        !!!WRONG!!!\012", v0x7ff35ba1cb70_0 {0 0 0};
T_0.5 ;
    %end;
S_0x7ff35ba1cf30 .scope autotask, "wrt_dig" "wrt_dig" 2 141, 2 141 0, S_0x7ff35bb02d80;
 .timescale -9 -9;
v0x7ff35ba1d0f0_0 .var "regIn", 6 0;
TD_tb.wrt_dig ;
    %load/vec4 v0x7ff35ba1d0f0_0;
    %dup/vec4;
    %pushi/vec4 64, 0, 7;
    %cmp/u;
    %jmp/1 T_1.6, 6;
    %dup/vec4;
    %pushi/vec4 121, 0, 7;
    %cmp/u;
    %jmp/1 T_1.7, 6;
    %dup/vec4;
    %pushi/vec4 36, 0, 7;
    %cmp/u;
    %jmp/1 T_1.8, 6;
    %dup/vec4;
    %pushi/vec4 48, 0, 7;
    %cmp/u;
    %jmp/1 T_1.9, 6;
    %dup/vec4;
    %pushi/vec4 25, 0, 7;
    %cmp/u;
    %jmp/1 T_1.10, 6;
    %dup/vec4;
    %pushi/vec4 18, 0, 7;
    %cmp/u;
    %jmp/1 T_1.11, 6;
    %dup/vec4;
    %pushi/vec4 2, 0, 7;
    %cmp/u;
    %jmp/1 T_1.12, 6;
    %dup/vec4;
    %pushi/vec4 120, 0, 7;
    %cmp/u;
    %jmp/1 T_1.13, 6;
    %dup/vec4;
    %pushi/vec4 0, 0, 7;
    %cmp/u;
    %jmp/1 T_1.14, 6;
    %dup/vec4;
    %pushi/vec4 24, 0, 7;
    %cmp/u;
    %jmp/1 T_1.15, 6;
    %vpi_call 2 155 "$write", " ERROR " {0 0 0};
    %jmp T_1.17;
T_1.6 ;
    %vpi_call 2 145 "$write", "0" {0 0 0};
    %jmp T_1.17;
T_1.7 ;
    %vpi_call 2 146 "$write", "1" {0 0 0};
    %jmp T_1.17;
T_1.8 ;
    %vpi_call 2 147 "$write", "2" {0 0 0};
    %jmp T_1.17;
T_1.9 ;
    %vpi_call 2 148 "$write", "3" {0 0 0};
    %jmp T_1.17;
T_1.10 ;
    %vpi_call 2 149 "$write", "4" {0 0 0};
    %jmp T_1.17;
T_1.11 ;
    %vpi_call 2 150 "$write", "5" {0 0 0};
    %jmp T_1.17;
T_1.12 ;
    %vpi_call 2 151 "$write", "6" {0 0 0};
    %jmp T_1.17;
T_1.13 ;
    %vpi_call 2 152 "$write", "7" {0 0 0};
    %jmp T_1.17;
T_1.14 ;
    %vpi_call 2 153 "$write", "8" {0 0 0};
    %jmp T_1.17;
T_1.15 ;
    %vpi_call 2 154 "$write", "9" {0 0 0};
    %jmp T_1.17;
T_1.17 ;
    %pop/vec4 1;
    %end;
    .scope S_0x7ff35ba00600;
T_2 ;
    %pushi/vec4 0, 0, 3;
    %store/vec4 v0x7ff35ba14120_0, 0, 3;
    %end;
    .thread T_2;
    .scope S_0x7ff35ba00600;
T_3 ;
    %wait E_0x7ff35ba00e00;
    %load/vec4 v0x7ff35ba13fe0_0;
    %cmpi/e 1, 0, 1;
    %jmp/0xz  T_3.0, 4;
    %pushi/vec4 0, 0, 3;
    %assign/vec4 v0x7ff35ba13f30_0, 0;
T_3.0 ;
    %load/vec4 v0x7ff35ba13f30_0;
    %assign/vec4 v0x7ff35ba14120_0, 0;
    %jmp T_3;
    .thread T_3;
    .scope S_0x7ff35ba00600;
T_4 ;
    %wait E_0x7ff35ba00da0;
    %load/vec4 v0x7ff35ba14120_0;
    %dup/vec4;
    %pushi/vec4 0, 0, 3;
    %cmp/u;
    %jmp/1 T_4.0, 6;
    %dup/vec4;
    %pushi/vec4 1, 0, 3;
    %cmp/u;
    %jmp/1 T_4.1, 6;
    %dup/vec4;
    %pushi/vec4 2, 0, 3;
    %cmp/u;
    %jmp/1 T_4.2, 6;
    %dup/vec4;
    %pushi/vec4 3, 0, 3;
    %cmp/u;
    %jmp/1 T_4.3, 6;
    %dup/vec4;
    %pushi/vec4 4, 0, 3;
    %cmp/u;
    %jmp/1 T_4.4, 6;
    %dup/vec4;
    %pushi/vec4 5, 0, 3;
    %cmp/u;
    %jmp/1 T_4.5, 6;
    %dup/vec4;
    %pushi/vec4 6, 0, 3;
    %cmp/u;
    %jmp/1 T_4.6, 6;
    %pushi/vec4 0, 0, 3;
    %store/vec4 v0x7ff35ba13f30_0, 0, 3;
    %jmp T_4.8;
T_4.0 ;
    %load/vec4 v0x7ff35ba14080_0;
    %flag_set/vec4 8;
    %jmp/0 T_4.9, 8;
    %pushi/vec4 1, 0, 3;
    %jmp/1 T_4.10, 8;
T_4.9 ; End of true expr.
    %pushi/vec4 0, 0, 3;
    %jmp/0 T_4.10, 8;
 ; End of false expr.
    %blend;
T_4.10;
    %store/vec4 v0x7ff35ba13f30_0, 0, 3;
    %jmp T_4.8;
T_4.1 ;
    %pushi/vec4 2, 0, 3;
    %store/vec4 v0x7ff35ba13f30_0, 0, 3;
    %jmp T_4.8;
T_4.2 ;
    %pushi/vec4 3, 0, 3;
    %store/vec4 v0x7ff35ba13f30_0, 0, 3;
    %jmp T_4.8;
T_4.3 ;
    %load/vec4 v0x7ff35ba10fa0_0;
    %flag_set/vec4 8;
    %jmp/0xz  T_4.11, 8;
    %pushi/vec4 6, 0, 3;
    %store/vec4 v0x7ff35ba13f30_0, 0, 3;
    %jmp T_4.12;
T_4.11 ;
    %load/vec4 v0x7ff35ba10f00_0;
    %flag_set/vec4 8;
    %jmp/0 T_4.13, 8;
    %pushi/vec4 4, 0, 3;
    %jmp/1 T_4.14, 8;
T_4.13 ; End of true expr.
    %pushi/vec4 5, 0, 3;
    %jmp/0 T_4.14, 8;
 ; End of false expr.
    %blend;
T_4.14;
    %store/vec4 v0x7ff35ba13f30_0, 0, 3;
T_4.12 ;
    %jmp T_4.8;
T_4.4 ;
    %pushi/vec4 3, 0, 3;
    %store/vec4 v0x7ff35ba13f30_0, 0, 3;
    %jmp T_4.8;
T_4.5 ;
    %pushi/vec4 3, 0, 3;
    %store/vec4 v0x7ff35ba13f30_0, 0, 3;
    %jmp T_4.8;
T_4.6 ;
    %load/vec4 v0x7ff35ba13fe0_0;
    %flag_set/vec4 8;
    %jmp/0 T_4.15, 8;
    %pushi/vec4 0, 0, 3;
    %jmp/1 T_4.16, 8;
T_4.15 ; End of true expr.
    %pushi/vec4 6, 0, 3;
    %jmp/0 T_4.16, 8;
 ; End of false expr.
    %blend;
T_4.16;
    %store/vec4 v0x7ff35ba13f30_0, 0, 3;
    %jmp T_4.8;
T_4.8 ;
    %pop/vec4 1;
    %jmp T_4;
    .thread T_4, $push;
    .scope S_0x7ff35ba15130;
T_5 ;
    %wait E_0x7ff35ba15370;
    %load/vec4 v0x7ff35ba15510_0;
    %dup/vec4;
    %pushi/vec4 0, 0, 2;
    %cmp/u;
    %jmp/1 T_5.0, 6;
    %dup/vec4;
    %pushi/vec4 1, 0, 2;
    %cmp/u;
    %jmp/1 T_5.1, 6;
    %dup/vec4;
    %pushi/vec4 2, 0, 2;
    %cmp/u;
    %jmp/1 T_5.2, 6;
    %load/vec4 v0x7ff35ba155e0_0;
    %store/vec4 v0x7ff35ba15680_0, 0, 8;
    %jmp T_5.4;
T_5.0 ;
    %load/vec4 v0x7ff35ba155e0_0;
    %store/vec4 v0x7ff35ba15680_0, 0, 8;
    %jmp T_5.4;
T_5.1 ;
    %load/vec4 v0x7ff35ba153a0_0;
    %store/vec4 v0x7ff35ba15680_0, 0, 8;
    %jmp T_5.4;
T_5.2 ;
    %load/vec4 v0x7ff35ba15460_0;
    %store/vec4 v0x7ff35ba15680_0, 0, 8;
    %jmp T_5.4;
T_5.4 ;
    %pop/vec4 1;
    %jmp T_5;
    .thread T_5, $push;
    .scope S_0x7ff35ba157f0;
T_6 ;
    %wait E_0x7ff35ba00e00;
    %load/vec4 v0x7ff35ba15f10_0;
    %cmpi/e 1, 0, 1;
    %jmp/0xz  T_6.0, 4;
    %load/vec4 v0x7ff35ba16980_0;
    %load/vec4 v0x7ff35ba15e40_0;
    %pad/u 4;
    %ix/vec4 3;
    %ix/load 4, 0, 0; Constant delay
    %assign/vec4/a/d v0x7ff35ba16a10, 0, 4;
T_6.0 ;
    %jmp T_6;
    .thread T_6;
    .scope S_0x7ff35ba16c90;
T_7 ;
    %wait E_0x7ff35ba17310;
    %load/vec4 v0x7ff35ba17360_0;
    %dup/vec4;
    %pushi/vec4 0, 0, 3;
    %cmp/u;
    %jmp/1 T_7.0, 6;
    %dup/vec4;
    %pushi/vec4 1, 0, 3;
    %cmp/u;
    %jmp/1 T_7.1, 6;
    %dup/vec4;
    %pushi/vec4 2, 0, 3;
    %cmp/u;
    %jmp/1 T_7.2, 6;
    %dup/vec4;
    %pushi/vec4 3, 0, 3;
    %cmp/u;
    %jmp/1 T_7.3, 6;
    %dup/vec4;
    %pushi/vec4 4, 0, 3;
    %cmp/u;
    %jmp/1 T_7.4, 6;
    %dup/vec4;
    %pushi/vec4 5, 0, 3;
    %cmp/u;
    %jmp/1 T_7.5, 6;
    %dup/vec4;
    %pushi/vec4 6, 0, 3;
    %cmp/u;
    %jmp/1 T_7.6, 6;
    %dup/vec4;
    %pushi/vec4 7, 0, 3;
    %cmp/u;
    %jmp/1 T_7.7, 6;
    %jmp T_7.8;
T_7.0 ;
    %load/vec4 v0x7ff35ba17430_0;
    %store/vec4 v0x7ff35ba175d0_0, 0, 8;
    %jmp T_7.8;
T_7.1 ;
    %load/vec4 v0x7ff35ba17430_0;
    %load/vec4 v0x7ff35ba17500_0;
    %and;
    %store/vec4 v0x7ff35ba175d0_0, 0, 8;
    %jmp T_7.8;
T_7.2 ;
    %load/vec4 v0x7ff35ba17430_0;
    %load/vec4 v0x7ff35ba17500_0;
    %or;
    %store/vec4 v0x7ff35ba175d0_0, 0, 8;
    %jmp T_7.8;
T_7.3 ;
    %load/vec4 v0x7ff35ba17430_0;
    %inv;
    %store/vec4 v0x7ff35ba175d0_0, 0, 8;
    %jmp T_7.8;
T_7.4 ;
    %load/vec4 v0x7ff35ba17430_0;
    %load/vec4 v0x7ff35ba17500_0;
    %add;
    %store/vec4 v0x7ff35ba175d0_0, 0, 8;
    %jmp T_7.8;
T_7.5 ;
    %load/vec4 v0x7ff35ba17430_0;
    %load/vec4 v0x7ff35ba17500_0;
    %sub;
    %store/vec4 v0x7ff35ba175d0_0, 0, 8;
    %jmp T_7.8;
T_7.6 ;
    %load/vec4 v0x7ff35ba17430_0;
    %addi 1, 0, 8;
    %store/vec4 v0x7ff35ba175d0_0, 0, 8;
    %jmp T_7.8;
T_7.7 ;
    %load/vec4 v0x7ff35ba17430_0;
    %subi 1, 0, 8;
    %store/vec4 v0x7ff35ba175d0_0, 0, 8;
    %jmp T_7.8;
T_7.8 ;
    %pop/vec4 1;
    %jmp T_7;
    .thread T_7, $push;
    .scope S_0x7ff35ba176c0;
T_8 ;
    %wait E_0x7ff35ba17b40;
    %load/vec4 v0x7ff35ba17b80_0;
    %dup/vec4;
    %pushi/vec4 0, 0, 2;
    %cmp/u;
    %jmp/1 T_8.0, 6;
    %dup/vec4;
    %pushi/vec4 1, 0, 2;
    %cmp/u;
    %jmp/1 T_8.1, 6;
    %dup/vec4;
    %pushi/vec4 2, 0, 2;
    %cmp/u;
    %jmp/1 T_8.2, 6;
    %dup/vec4;
    %pushi/vec4 3, 0, 2;
    %cmp/u;
    %jmp/1 T_8.3, 6;
    %jmp T_8.4;
T_8.0 ;
    %load/vec4 v0x7ff35ba17c50_0;
    %store/vec4 v0x7ff35ba17d00_0, 0, 8;
    %jmp T_8.4;
T_8.1 ;
    %load/vec4 v0x7ff35ba17c50_0;
    %ix/load 4, 1, 0;
    %flag_set/imm 4, 0;
    %shiftl 4;
    %store/vec4 v0x7ff35ba17d00_0, 0, 8;
    %jmp T_8.4;
T_8.2 ;
    %load/vec4 v0x7ff35ba17c50_0;
    %ix/load 4, 1, 0;
    %flag_set/imm 4, 0;
    %shiftr 4;
    %store/vec4 v0x7ff35ba17d00_0, 0, 8;
    %jmp T_8.4;
T_8.3 ;
    %load/vec4 v0x7ff35ba17c50_0;
    %parti/s 7, 0, 2;
    %load/vec4 v0x7ff35ba17c50_0;
    %parti/s 1, 7, 4;
    %concat/vec4; draw_concat_vec4
    %store/vec4 v0x7ff35ba17d00_0, 0, 8;
    %jmp T_8.4;
T_8.4 ;
    %pop/vec4 1;
    %jmp T_8;
    .thread T_8, $push;
    .scope S_0x7ff35ba17e00;
T_9 ;
    %wait E_0x7ff35ba18010;
    %load/vec4 v0x7ff35ba18060_0;
    %cmpi/e 1, 0, 1;
    %flag_mov 8, 4;
    %jmp/0 T_9.0, 8;
    %load/vec4 v0x7ff35ba18120_0;
    %jmp/1 T_9.1, 8;
T_9.0 ; End of true expr.
    %pushi/vec4 0, 255, 8;
    %jmp/0 T_9.1, 8;
 ; End of false expr.
    %blend;
T_9.1;
    %store/vec4 v0x7ff35ba181f0_0, 0, 8;
    %jmp T_9;
    .thread T_9, $push;
    .scope S_0x7ff35ba142d0;
T_10 ;
    %pushi/vec4 0, 0, 8;
    %store/vec4 v0x7ff35ba194f0_0, 0, 8;
    %end;
    .thread T_10;
    .scope S_0x7ff35ba142d0;
T_11 ;
    %wait E_0x7ff35ba146f0;
    %load/vec4 v0x7ff35ba19190_0;
    %store/vec4 v0x7ff35ba194f0_0, 0, 8;
    %jmp T_11;
    .thread T_11, $push;
    .scope S_0x7ff35ba1b4e0;
T_12 ;
    %wait E_0x7ff35ba1b720;
    %pushi/vec4 0, 0, 4;
    %store/vec4 v0x7ff35ba1b810_0, 0, 4;
    %pushi/vec4 0, 0, 4;
    %store/vec4 v0x7ff35ba1ba40_0, 0, 4;
    %pushi/vec4 0, 0, 4;
    %store/vec4 v0x7ff35ba1b980_0, 0, 4;
    %load/vec4 v0x7ff35ba1b760_0;
    %cmpi/ne 0, 0, 8;
    %jmp/0xz  T_12.0, 4;
    %pushi/vec4 7, 0, 32;
    %store/vec4 v0x7ff35ba1b8d0_0, 0, 32;
T_12.2 ;
    %load/vec4 v0x7ff35ba1b8d0_0;
    %cmpi/s 0, 0, 32;
    %flag_inv 5; GE is !LT
    %jmp/0xz T_12.3, 5;
    %load/vec4 v0x7ff35ba1b810_0;
    %cmpi/u 5, 0, 4;
    %flag_inv 5; GE is !LT
    %jmp/0xz  T_12.4, 5;
    %load/vec4 v0x7ff35ba1b810_0;
    %addi 3, 0, 4;
    %store/vec4 v0x7ff35ba1b810_0, 0, 4;
T_12.4 ;
    %load/vec4 v0x7ff35ba1ba40_0;
    %cmpi/u 5, 0, 4;
    %flag_inv 5; GE is !LT
    %jmp/0xz  T_12.6, 5;
    %load/vec4 v0x7ff35ba1ba40_0;
    %addi 3, 0, 4;
    %store/vec4 v0x7ff35ba1ba40_0, 0, 4;
T_12.6 ;
    %load/vec4 v0x7ff35ba1b980_0;
    %cmpi/u 5, 0, 4;
    %flag_inv 5; GE is !LT
    %jmp/0xz  T_12.8, 5;
    %load/vec4 v0x7ff35ba1b980_0;
    %addi 3, 0, 4;
    %store/vec4 v0x7ff35ba1b980_0, 0, 4;
T_12.8 ;
    %load/vec4 v0x7ff35ba1b810_0;
    %ix/load 4, 1, 0;
    %flag_set/imm 4, 0;
    %shiftl 4;
    %store/vec4 v0x7ff35ba1b810_0, 0, 4;
    %load/vec4 v0x7ff35ba1ba40_0;
    %parti/s 1, 3, 3;
    %ix/load 4, 0, 0;
    %flag_set/imm 4, 0;
    %store/vec4 v0x7ff35ba1b810_0, 4, 1;
    %load/vec4 v0x7ff35ba1ba40_0;
    %ix/load 4, 1, 0;
    %flag_set/imm 4, 0;
    %shiftl 4;
    %store/vec4 v0x7ff35ba1ba40_0, 0, 4;
    %load/vec4 v0x7ff35ba1b980_0;
    %parti/s 1, 3, 3;
    %ix/load 4, 0, 0;
    %flag_set/imm 4, 0;
    %store/vec4 v0x7ff35ba1ba40_0, 4, 1;
    %load/vec4 v0x7ff35ba1b980_0;
    %ix/load 4, 1, 0;
    %flag_set/imm 4, 0;
    %shiftl 4;
    %store/vec4 v0x7ff35ba1b980_0, 0, 4;
    %load/vec4 v0x7ff35ba1b760_0;
    %load/vec4 v0x7ff35ba1b8d0_0;
    %part/s 1;
    %ix/load 4, 0, 0;
    %flag_set/imm 4, 0;
    %store/vec4 v0x7ff35ba1b980_0, 4, 1;
    %load/vec4 v0x7ff35ba1b8d0_0;
    %subi 1, 0, 32;
    %store/vec4 v0x7ff35ba1b8d0_0, 0, 32;
    %jmp T_12.2;
T_12.3 ;
T_12.0 ;
    %jmp T_12;
    .thread T_12, $push;
    .scope S_0x7ff35ba1afd0;
T_13 ;
    %wait E_0x7ff35ba1b2f0;
    %pushi/vec4 127, 0, 7;
    %store/vec4 v0x7ff35ba1b400_0, 0, 7;
    %load/vec4 v0x7ff35ba1b340_0;
    %dup/vec4;
    %pushi/vec4 0, 0, 4;
    %cmp/u;
    %jmp/1 T_13.0, 6;
    %dup/vec4;
    %pushi/vec4 1, 0, 4;
    %cmp/u;
    %jmp/1 T_13.1, 6;
    %dup/vec4;
    %pushi/vec4 2, 0, 4;
    %cmp/u;
    %jmp/1 T_13.2, 6;
    %dup/vec4;
    %pushi/vec4 3, 0, 4;
    %cmp/u;
    %jmp/1 T_13.3, 6;
    %dup/vec4;
    %pushi/vec4 4, 0, 4;
    %cmp/u;
    %jmp/1 T_13.4, 6;
    %dup/vec4;
    %pushi/vec4 5, 0, 4;
    %cmp/u;
    %jmp/1 T_13.5, 6;
    %dup/vec4;
    %pushi/vec4 6, 0, 4;
    %cmp/u;
    %jmp/1 T_13.6, 6;
    %dup/vec4;
    %pushi/vec4 7, 0, 4;
    %cmp/u;
    %jmp/1 T_13.7, 6;
    %dup/vec4;
    %pushi/vec4 8, 0, 4;
    %cmp/u;
    %jmp/1 T_13.8, 6;
    %dup/vec4;
    %pushi/vec4 9, 0, 4;
    %cmp/u;
    %jmp/1 T_13.9, 6;
    %jmp T_13.10;
T_13.0 ;
    %pushi/vec4 0, 0, 6;
    %ix/load 4, 0, 0;
    %flag_set/imm 4, 0;
    %store/vec4 v0x7ff35ba1b400_0, 4, 6;
    %jmp T_13.10;
T_13.1 ;
    %pushi/vec4 0, 0, 2;
    %ix/load 4, 1, 0;
    %flag_set/imm 4, 0;
    %store/vec4 v0x7ff35ba1b400_0, 4, 2;
    %jmp T_13.10;
T_13.2 ;
    %pushi/vec4 0, 0, 2;
    %ix/load 4, 0, 0;
    %flag_set/imm 4, 0;
    %store/vec4 v0x7ff35ba1b400_0, 4, 2;
    %pushi/vec4 0, 0, 1;
    %ix/load 4, 6, 0;
    %flag_set/imm 4, 0;
    %store/vec4 v0x7ff35ba1b400_0, 4, 1;
    %pushi/vec4 0, 0, 2;
    %ix/load 4, 3, 0;
    %flag_set/imm 4, 0;
    %store/vec4 v0x7ff35ba1b400_0, 4, 2;
    %jmp T_13.10;
T_13.3 ;
    %pushi/vec4 0, 0, 4;
    %ix/load 4, 0, 0;
    %flag_set/imm 4, 0;
    %store/vec4 v0x7ff35ba1b400_0, 4, 4;
    %pushi/vec4 0, 0, 1;
    %ix/load 4, 6, 0;
    %flag_set/imm 4, 0;
    %store/vec4 v0x7ff35ba1b400_0, 4, 1;
    %jmp T_13.10;
T_13.4 ;
    %pushi/vec4 0, 0, 2;
    %ix/load 4, 1, 0;
    %flag_set/imm 4, 0;
    %store/vec4 v0x7ff35ba1b400_0, 4, 2;
    %pushi/vec4 0, 0, 2;
    %ix/load 4, 5, 0;
    %flag_set/imm 4, 0;
    %store/vec4 v0x7ff35ba1b400_0, 4, 2;
    %jmp T_13.10;
T_13.5 ;
    %pushi/vec4 0, 0, 1;
    %ix/load 4, 0, 0;
    %flag_set/imm 4, 0;
    %store/vec4 v0x7ff35ba1b400_0, 4, 1;
    %pushi/vec4 0, 0, 2;
    %ix/load 4, 2, 0;
    %flag_set/imm 4, 0;
    %store/vec4 v0x7ff35ba1b400_0, 4, 2;
    %pushi/vec4 0, 0, 2;
    %ix/load 4, 5, 0;
    %flag_set/imm 4, 0;
    %store/vec4 v0x7ff35ba1b400_0, 4, 2;
    %jmp T_13.10;
T_13.6 ;
    %pushi/vec4 0, 0, 1;
    %ix/load 4, 0, 0;
    %flag_set/imm 4, 0;
    %store/vec4 v0x7ff35ba1b400_0, 4, 1;
    %pushi/vec4 0, 0, 5;
    %ix/load 4, 2, 0;
    %flag_set/imm 4, 0;
    %store/vec4 v0x7ff35ba1b400_0, 4, 5;
    %jmp T_13.10;
T_13.7 ;
    %pushi/vec4 0, 0, 3;
    %ix/load 4, 0, 0;
    %flag_set/imm 4, 0;
    %store/vec4 v0x7ff35ba1b400_0, 4, 3;
    %jmp T_13.10;
T_13.8 ;
    %pushi/vec4 0, 0, 7;
    %store/vec4 v0x7ff35ba1b400_0, 0, 7;
    %jmp T_13.10;
T_13.9 ;
    %pushi/vec4 0, 0, 7;
    %store/vec4 v0x7ff35ba1b400_0, 0, 7;
    %pushi/vec4 3, 0, 2;
    %ix/load 4, 3, 0;
    %flag_set/imm 4, 0;
    %store/vec4 v0x7ff35ba1b400_0, 4, 2;
    %jmp T_13.10;
T_13.10 ;
    %pop/vec4 1;
    %jmp T_13;
    .thread T_13, $push;
    .scope S_0x7ff35ba1aad0;
T_14 ;
    %wait E_0x7ff35ba1ade0;
    %pushi/vec4 127, 0, 7;
    %store/vec4 v0x7ff35ba1aef0_0, 0, 7;
    %load/vec4 v0x7ff35ba1ae30_0;
    %dup/vec4;
    %pushi/vec4 0, 0, 4;
    %cmp/u;
    %jmp/1 T_14.0, 6;
    %dup/vec4;
    %pushi/vec4 1, 0, 4;
    %cmp/u;
    %jmp/1 T_14.1, 6;
    %dup/vec4;
    %pushi/vec4 2, 0, 4;
    %cmp/u;
    %jmp/1 T_14.2, 6;
    %dup/vec4;
    %pushi/vec4 3, 0, 4;
    %cmp/u;
    %jmp/1 T_14.3, 6;
    %dup/vec4;
    %pushi/vec4 4, 0, 4;
    %cmp/u;
    %jmp/1 T_14.4, 6;
    %dup/vec4;
    %pushi/vec4 5, 0, 4;
    %cmp/u;
    %jmp/1 T_14.5, 6;
    %dup/vec4;
    %pushi/vec4 6, 0, 4;
    %cmp/u;
    %jmp/1 T_14.6, 6;
    %dup/vec4;
    %pushi/vec4 7, 0, 4;
    %cmp/u;
    %jmp/1 T_14.7, 6;
    %dup/vec4;
    %pushi/vec4 8, 0, 4;
    %cmp/u;
    %jmp/1 T_14.8, 6;
    %dup/vec4;
    %pushi/vec4 9, 0, 4;
    %cmp/u;
    %jmp/1 T_14.9, 6;
    %jmp T_14.10;
T_14.0 ;
    %pushi/vec4 0, 0, 6;
    %ix/load 4, 0, 0;
    %flag_set/imm 4, 0;
    %store/vec4 v0x7ff35ba1aef0_0, 4, 6;
    %jmp T_14.10;
T_14.1 ;
    %pushi/vec4 0, 0, 2;
    %ix/load 4, 1, 0;
    %flag_set/imm 4, 0;
    %store/vec4 v0x7ff35ba1aef0_0, 4, 2;
    %jmp T_14.10;
T_14.2 ;
    %pushi/vec4 0, 0, 2;
    %ix/load 4, 0, 0;
    %flag_set/imm 4, 0;
    %store/vec4 v0x7ff35ba1aef0_0, 4, 2;
    %pushi/vec4 0, 0, 1;
    %ix/load 4, 6, 0;
    %flag_set/imm 4, 0;
    %store/vec4 v0x7ff35ba1aef0_0, 4, 1;
    %pushi/vec4 0, 0, 2;
    %ix/load 4, 3, 0;
    %flag_set/imm 4, 0;
    %store/vec4 v0x7ff35ba1aef0_0, 4, 2;
    %jmp T_14.10;
T_14.3 ;
    %pushi/vec4 0, 0, 4;
    %ix/load 4, 0, 0;
    %flag_set/imm 4, 0;
    %store/vec4 v0x7ff35ba1aef0_0, 4, 4;
    %pushi/vec4 0, 0, 1;
    %ix/load 4, 6, 0;
    %flag_set/imm 4, 0;
    %store/vec4 v0x7ff35ba1aef0_0, 4, 1;
    %jmp T_14.10;
T_14.4 ;
    %pushi/vec4 0, 0, 2;
    %ix/load 4, 1, 0;
    %flag_set/imm 4, 0;
    %store/vec4 v0x7ff35ba1aef0_0, 4, 2;
    %pushi/vec4 0, 0, 2;
    %ix/load 4, 5, 0;
    %flag_set/imm 4, 0;
    %store/vec4 v0x7ff35ba1aef0_0, 4, 2;
    %jmp T_14.10;
T_14.5 ;
    %pushi/vec4 0, 0, 1;
    %ix/load 4, 0, 0;
    %flag_set/imm 4, 0;
    %store/vec4 v0x7ff35ba1aef0_0, 4, 1;
    %pushi/vec4 0, 0, 2;
    %ix/load 4, 2, 0;
    %flag_set/imm 4, 0;
    %store/vec4 v0x7ff35ba1aef0_0, 4, 2;
    %pushi/vec4 0, 0, 2;
    %ix/load 4, 5, 0;
    %flag_set/imm 4, 0;
    %store/vec4 v0x7ff35ba1aef0_0, 4, 2;
    %jmp T_14.10;
T_14.6 ;
    %pushi/vec4 0, 0, 1;
    %ix/load 4, 0, 0;
    %flag_set/imm 4, 0;
    %store/vec4 v0x7ff35ba1aef0_0, 4, 1;
    %pushi/vec4 0, 0, 5;
    %ix/load 4, 2, 0;
    %flag_set/imm 4, 0;
    %store/vec4 v0x7ff35ba1aef0_0, 4, 5;
    %jmp T_14.10;
T_14.7 ;
    %pushi/vec4 0, 0, 3;
    %ix/load 4, 0, 0;
    %flag_set/imm 4, 0;
    %store/vec4 v0x7ff35ba1aef0_0, 4, 3;
    %jmp T_14.10;
T_14.8 ;
    %pushi/vec4 0, 0, 7;
    %store/vec4 v0x7ff35ba1aef0_0, 0, 7;
    %jmp T_14.10;
T_14.9 ;
    %pushi/vec4 0, 0, 7;
    %store/vec4 v0x7ff35ba1aef0_0, 0, 7;
    %pushi/vec4 3, 0, 2;
    %ix/load 4, 3, 0;
    %flag_set/imm 4, 0;
    %store/vec4 v0x7ff35ba1aef0_0, 4, 2;
    %jmp T_14.10;
T_14.10 ;
    %pop/vec4 1;
    %jmp T_14;
    .thread T_14, $push;
    .scope S_0x7ff35ba1a5e0;
T_15 ;
    %wait E_0x7ff35ba1a8e0;
    %pushi/vec4 127, 0, 7;
    %store/vec4 v0x7ff35ba1a9f0_0, 0, 7;
    %load/vec4 v0x7ff35ba1a930_0;
    %dup/vec4;
    %pushi/vec4 0, 0, 4;
    %cmp/u;
    %jmp/1 T_15.0, 6;
    %dup/vec4;
    %pushi/vec4 1, 0, 4;
    %cmp/u;
    %jmp/1 T_15.1, 6;
    %dup/vec4;
    %pushi/vec4 2, 0, 4;
    %cmp/u;
    %jmp/1 T_15.2, 6;
    %dup/vec4;
    %pushi/vec4 3, 0, 4;
    %cmp/u;
    %jmp/1 T_15.3, 6;
    %dup/vec4;
    %pushi/vec4 4, 0, 4;
    %cmp/u;
    %jmp/1 T_15.4, 6;
    %dup/vec4;
    %pushi/vec4 5, 0, 4;
    %cmp/u;
    %jmp/1 T_15.5, 6;
    %dup/vec4;
    %pushi/vec4 6, 0, 4;
    %cmp/u;
    %jmp/1 T_15.6, 6;
    %dup/vec4;
    %pushi/vec4 7, 0, 4;
    %cmp/u;
    %jmp/1 T_15.7, 6;
    %dup/vec4;
    %pushi/vec4 8, 0, 4;
    %cmp/u;
    %jmp/1 T_15.8, 6;
    %dup/vec4;
    %pushi/vec4 9, 0, 4;
    %cmp/u;
    %jmp/1 T_15.9, 6;
    %jmp T_15.10;
T_15.0 ;
    %pushi/vec4 0, 0, 6;
    %ix/load 4, 0, 0;
    %flag_set/imm 4, 0;
    %store/vec4 v0x7ff35ba1a9f0_0, 4, 6;
    %jmp T_15.10;
T_15.1 ;
    %pushi/vec4 0, 0, 2;
    %ix/load 4, 1, 0;
    %flag_set/imm 4, 0;
    %store/vec4 v0x7ff35ba1a9f0_0, 4, 2;
    %jmp T_15.10;
T_15.2 ;
    %pushi/vec4 0, 0, 2;
    %ix/load 4, 0, 0;
    %flag_set/imm 4, 0;
    %store/vec4 v0x7ff35ba1a9f0_0, 4, 2;
    %pushi/vec4 0, 0, 1;
    %ix/load 4, 6, 0;
    %flag_set/imm 4, 0;
    %store/vec4 v0x7ff35ba1a9f0_0, 4, 1;
    %pushi/vec4 0, 0, 2;
    %ix/load 4, 3, 0;
    %flag_set/imm 4, 0;
    %store/vec4 v0x7ff35ba1a9f0_0, 4, 2;
    %jmp T_15.10;
T_15.3 ;
    %pushi/vec4 0, 0, 4;
    %ix/load 4, 0, 0;
    %flag_set/imm 4, 0;
    %store/vec4 v0x7ff35ba1a9f0_0, 4, 4;
    %pushi/vec4 0, 0, 1;
    %ix/load 4, 6, 0;
    %flag_set/imm 4, 0;
    %store/vec4 v0x7ff35ba1a9f0_0, 4, 1;
    %jmp T_15.10;
T_15.4 ;
    %pushi/vec4 0, 0, 2;
    %ix/load 4, 1, 0;
    %flag_set/imm 4, 0;
    %store/vec4 v0x7ff35ba1a9f0_0, 4, 2;
    %pushi/vec4 0, 0, 2;
    %ix/load 4, 5, 0;
    %flag_set/imm 4, 0;
    %store/vec4 v0x7ff35ba1a9f0_0, 4, 2;
    %jmp T_15.10;
T_15.5 ;
    %pushi/vec4 0, 0, 1;
    %ix/load 4, 0, 0;
    %flag_set/imm 4, 0;
    %store/vec4 v0x7ff35ba1a9f0_0, 4, 1;
    %pushi/vec4 0, 0, 2;
    %ix/load 4, 2, 0;
    %flag_set/imm 4, 0;
    %store/vec4 v0x7ff35ba1a9f0_0, 4, 2;
    %pushi/vec4 0, 0, 2;
    %ix/load 4, 5, 0;
    %flag_set/imm 4, 0;
    %store/vec4 v0x7ff35ba1a9f0_0, 4, 2;
    %jmp T_15.10;
T_15.6 ;
    %pushi/vec4 0, 0, 1;
    %ix/load 4, 0, 0;
    %flag_set/imm 4, 0;
    %store/vec4 v0x7ff35ba1a9f0_0, 4, 1;
    %pushi/vec4 0, 0, 5;
    %ix/load 4, 2, 0;
    %flag_set/imm 4, 0;
    %store/vec4 v0x7ff35ba1a9f0_0, 4, 5;
    %jmp T_15.10;
T_15.7 ;
    %pushi/vec4 0, 0, 3;
    %ix/load 4, 0, 0;
    %flag_set/imm 4, 0;
    %store/vec4 v0x7ff35ba1a9f0_0, 4, 3;
    %jmp T_15.10;
T_15.8 ;
    %pushi/vec4 0, 0, 7;
    %store/vec4 v0x7ff35ba1a9f0_0, 0, 7;
    %jmp T_15.10;
T_15.9 ;
    %pushi/vec4 0, 0, 7;
    %store/vec4 v0x7ff35ba1a9f0_0, 0, 7;
    %pushi/vec4 3, 0, 2;
    %ix/load 4, 3, 0;
    %flag_set/imm 4, 0;
    %store/vec4 v0x7ff35ba1a9f0_0, 4, 2;
    %jmp T_15.10;
T_15.10 ;
    %pop/vec4 1;
    %jmp T_15;
    .thread T_15, $push;
    .scope S_0x7ff35bb02d80;
T_16 ;
    %delay 5, 0;
    %load/vec4 v0x7ff35ba1d3f0_0;
    %inv;
    %store/vec4 v0x7ff35ba1d3f0_0, 0, 1;
    %jmp T_16;
    .thread T_16;
    .scope S_0x7ff35bb02d80;
T_17 ;
    %vpi_call 2 69 "$write", "\012 testing the GCD algorithm\012\012" {0 0 0};
    %vpi_call 2 70 "$write", "    input  \042A\042      |    input \042B\042       |  GCD  |  expected\012" {0 0 0};
    %vpi_call 2 71 "$write", " -----------------------------------------------------------\012" {0 0 0};
    %pushi/vec4 5294, 0, 32;
    %store/vec4 v0x7ff35ba1d790_0, 0, 32;
    %pushi/vec4 1, 0, 1;
    %store/vec4 v0x7ff35ba1d8a0_0, 0, 1;
    %pushi/vec4 0, 0, 1;
    %store/vec4 v0x7ff35ba1d700_0, 0, 1;
    %pushi/vec4 0, 0, 1;
    %store/vec4 v0x7ff35ba1d3f0_0, 0, 1;
    %pushi/vec4 0, 0, 32;
    %store/vec4 v0x7ff35ba1d5e0_0, 0, 32;
T_17.0 ;
    %load/vec4 v0x7ff35ba1d5e0_0;
    %cmpi/s 50, 0, 32;
    %flag_or 5, 4;
    %jmp/0xz T_17.1, 5;
    %pushi/vec4 0, 0, 1;
    %store/vec4 v0x7ff35ba1d700_0, 0, 1;
    %vpi_func 2 80 "$random" 32 {0 0 0};
    %pushi/vec4 128, 0, 32;
    %mod/s;
    %pad/s 8;
    %store/vec4 v0x7ff35ba1d2d0_0, 0, 8;
    %pushi/vec4 3, 0, 8;
    %store/vec4 v0x7ff35ba1d1a0_0, 0, 8;
    %delay 10, 0;
T_17.2 ;
    %load/vec4 v0x7ff35ba1d480_0;
    %cmpi/ne 1, 0, 1;
    %jmp/0xz T_17.3, 4;
    %delay 10, 0;
    %jmp T_17.2;
T_17.3 ;
    %vpi_call 2 92 "$write", "  {%3d}  %4b_%4b  |  {%3d}  %4b_%4b  |", v0x7ff35ba1d1a0_0, &PV<v0x7ff35ba1d1a0_0, 4, 4>, &PV<v0x7ff35ba1d1a0_0, 0, 4>, v0x7ff35ba1d2d0_0, &PV<v0x7ff35ba1d2d0_0, 4, 4>, &PV<v0x7ff35ba1d2d0_0, 0, 4> {0 0 0};
    %vpi_call 2 95 "$write", "  " {0 0 0};
    %alloc S_0x7ff35ba1cf30;
    %load/vec4 v0x7ff35ba1d510_0;
    %store/vec4 v0x7ff35ba1d0f0_0, 0, 7;
    %fork TD_tb.wrt_dig, S_0x7ff35ba1cf30;
    %join;
    %free S_0x7ff35ba1cf30;
    %alloc S_0x7ff35ba1cf30;
    %load/vec4 v0x7ff35ba1d930_0;
    %store/vec4 v0x7ff35ba1d0f0_0, 0, 7;
    %fork TD_tb.wrt_dig, S_0x7ff35ba1cf30;
    %join;
    %free S_0x7ff35ba1cf30;
    %alloc S_0x7ff35ba1cf30;
    %load/vec4 v0x7ff35ba1d670_0;
    %store/vec4 v0x7ff35ba1d0f0_0, 0, 7;
    %fork TD_tb.wrt_dig, S_0x7ff35ba1cf30;
    %join;
    %free S_0x7ff35ba1cf30;
    %vpi_call 2 99 "$write", "  |  " {0 0 0};
    %alloc S_0x7ff35ba1c960;
    %load/vec4 v0x7ff35ba1d1a0_0;
    %store/vec4 v0x7ff35ba1cad0_0, 0, 8;
    %load/vec4 v0x7ff35ba1d2d0_0;
    %store/vec4 v0x7ff35ba1cc20_0, 0, 8;
    %load/vec4 v0x7ff35ba1c690_0;
    %store/vec4 v0x7ff35ba1ce80_0, 0, 8;
    %fork TD_tb.getGCD, S_0x7ff35ba1c960;
    %join;
    %free S_0x7ff35ba1c960;
    %pushi/vec4 1, 0, 1;
    %store/vec4 v0x7ff35ba1d700_0, 0, 1;
    %delay 10, 0;
    %load/vec4 v0x7ff35ba1d5e0_0;
    %addi 1, 0, 32;
    %store/vec4 v0x7ff35ba1d5e0_0, 0, 32;
    %jmp T_17.0;
T_17.1 ;
    %delay 3, 0;
    %vpi_call 2 108 "$write", "\012\012\011\011 ~ ~ ~ TEST COMPLETE ~ ~ ~  %7t  ns\012\012", $time {0 0 0};
    %vpi_call 2 109 "$finish" {0 0 0};
    %end;
    .thread T_17;
# The file index is used to find the file name in the following table.
:file_names 3;
    "N/A";
    "<interactive>";
    "gcf.v";
