#! /usr/local/Cellar/icarus-verilog/11.0/bin/vvp
:ivl_version "11.0 (stable)";
:ivl_delay_selection "TYPICAL";
:vpi_time_precision - 9;
:vpi_module "/usr/local/Cellar/icarus-verilog/11.0/lib/ivl/system.vpi";
:vpi_module "/usr/local/Cellar/icarus-verilog/11.0/lib/ivl/vhdl_sys.vpi";
:vpi_module "/usr/local/Cellar/icarus-verilog/11.0/lib/ivl/vhdl_textio.vpi";
:vpi_module "/usr/local/Cellar/icarus-verilog/11.0/lib/ivl/v2005_math.vpi";
:vpi_module "/usr/local/Cellar/icarus-verilog/11.0/lib/ivl/va_math.vpi";
S_0x7fad63d07c70 .scope module, "testbench" "testbench" 2 19;
 .timescale -9 -9;
v0x7fad63d22cc0_0 .var "clk", 0 0;
v0x7fad63d22d50_0 .net "dataadr", 31 0, v0x7fad63d1b2a0_0;  1 drivers
v0x7fad63d22de0_0 .net "memwrite", 0 0, L_0x7fad63d23310;  1 drivers
v0x7fad63d22e70_0 .var "reset", 0 0;
v0x7fad63d22f80_0 .net "writedata", 31 0, L_0x7fad63d24ea0;  1 drivers
E_0x7fad63d07330 .event negedge, v0x7fad63d18100_0;
S_0x7fad63d07de0 .scope module, "dut" "top" 2 25, 2 58 0, S_0x7fad63d07c70;
 .timescale -9 -9;
    .port_info 0 /INPUT 1 "clk";
    .port_info 1 /INPUT 1 "reset";
    .port_info 2 /OUTPUT 32 "writedata";
    .port_info 3 /OUTPUT 32 "dataadr";
    .port_info 4 /OUTPUT 1 "memwrite";
v0x7fad63d226c0_0 .net "clk", 0 0, v0x7fad63d22cc0_0;  1 drivers
v0x7fad63d22750_0 .net "dataadr", 31 0, v0x7fad63d1b2a0_0;  alias, 1 drivers
v0x7fad63d227e0_0 .net "instr", 31 0, L_0x7fad63d25700;  1 drivers
v0x7fad63d22870_0 .net "memwrite", 0 0, L_0x7fad63d23310;  alias, 1 drivers
v0x7fad63d22980_0 .net "pc", 31 0, v0x7fad63d1d600_0;  1 drivers
v0x7fad63d22a90_0 .net "readdata", 31 0, L_0x7fad63d261a0;  1 drivers
v0x7fad63d22ba0_0 .net "reset", 0 0, v0x7fad63d22e70_0;  1 drivers
v0x7fad63d22c30_0 .net "writedata", 31 0, L_0x7fad63d24ea0;  alias, 1 drivers
L_0x7fad63d25e40 .part v0x7fad63d1d600_0, 2, 6;
S_0x7fad63d02c80 .scope module, "dmem" "dmem" 2 73, 2 151 0, S_0x7fad63d07de0;
 .timescale -9 -9;
    .port_info 0 /INPUT 1 "clk";
    .port_info 1 /INPUT 1 "we";
    .port_info 2 /INPUT 32 "a";
    .port_info 3 /INPUT 32 "wd";
    .port_info 4 /OUTPUT 32 "rd";
L_0x7fad63d261a0 .functor BUFZ 32, L_0x7fad63d25f20, C4<00000000000000000000000000000000>, C4<00000000000000000000000000000000>, C4<00000000000000000000000000000000>;
v0x7fad63d05a40 .array "RAM", 0 63, 31 0;
v0x7fad63d02df0_0 .net *"_ivl_0", 31 0, L_0x7fad63d25f20;  1 drivers
v0x7fad63d17f90_0 .net *"_ivl_3", 29 0, L_0x7fad63d25fc0;  1 drivers
v0x7fad63d18050_0 .net "a", 31 0, v0x7fad63d1b2a0_0;  alias, 1 drivers
v0x7fad63d18100_0 .net "clk", 0 0, v0x7fad63d22cc0_0;  alias, 1 drivers
v0x7fad63d181e0_0 .net "rd", 31 0, L_0x7fad63d261a0;  alias, 1 drivers
v0x7fad63d18290_0 .net "wd", 31 0, L_0x7fad63d24ea0;  alias, 1 drivers
v0x7fad63d18340_0 .net "we", 0 0, L_0x7fad63d23310;  alias, 1 drivers
E_0x7fad63d06780 .event posedge, v0x7fad63d18100_0;
L_0x7fad63d25f20 .array/port v0x7fad63d05a40, L_0x7fad63d25fc0;
L_0x7fad63d25fc0 .part v0x7fad63d1b2a0_0, 2, 30;
S_0x7fad63d18460 .scope module, "imem" "imem" 2 72, 2 111 0, S_0x7fad63d07de0;
 .timescale -9 -9;
    .port_info 0 /INPUT 6 "a";
    .port_info 1 /OUTPUT 32 "rd";
L_0x7fad63d25700 .functor BUFZ 32, L_0x7fad63d25cc0, C4<00000000000000000000000000000000>, C4<00000000000000000000000000000000>, C4<00000000000000000000000000000000>;
v0x7fad63d18620 .array "RAM", 0 63, 31 0;
v0x7fad63d186c0_0 .net *"_ivl_0", 31 0, L_0x7fad63d25cc0;  1 drivers
v0x7fad63d18770_0 .net *"_ivl_2", 7 0, L_0x7fad63d25d60;  1 drivers
L_0x1041af368 .functor BUFT 1, C4<00>, C4<0>, C4<0>, C4<0>;
v0x7fad63d18830_0 .net *"_ivl_5", 1 0, L_0x1041af368;  1 drivers
v0x7fad63d188e0_0 .net "a", 5 0, L_0x7fad63d25e40;  1 drivers
v0x7fad63d189d0_0 .net "rd", 31 0, L_0x7fad63d25700;  alias, 1 drivers
L_0x7fad63d25cc0 .array/port v0x7fad63d18620, L_0x7fad63d25d60;
L_0x7fad63d25d60 .concat [ 6 2 0 0], L_0x7fad63d25e40, L_0x1041af368;
S_0x7fad63d18ab0 .scope module, "mips" "mips" 2 71, 2 80 0, S_0x7fad63d07de0;
 .timescale -9 -9;
    .port_info 0 /INPUT 1 "clk";
    .port_info 1 /INPUT 1 "reset";
    .port_info 2 /OUTPUT 32 "pc";
    .port_info 3 /INPUT 32 "instr";
    .port_info 4 /OUTPUT 1 "memwrite";
    .port_info 5 /OUTPUT 32 "aluout";
    .port_info 6 /OUTPUT 32 "writedata";
    .port_info 7 /INPUT 32 "readdata";
v0x7fad63d21930_0 .net "alucontrol", 2 0, v0x7fad63d19320_0;  1 drivers
v0x7fad63d219c0_0 .net "aluout", 31 0, v0x7fad63d1b2a0_0;  alias, 1 drivers
v0x7fad63d21ae0_0 .net "alusrc", 0 0, L_0x7fad63d23150;  1 drivers
v0x7fad63d21bf0_0 .net "clk", 0 0, v0x7fad63d22cc0_0;  alias, 1 drivers
v0x7fad63d21d00_0 .net "instr", 31 0, L_0x7fad63d25700;  alias, 1 drivers
v0x7fad63d21d90_0 .net "jump", 0 0, L_0x7fad63d23450;  1 drivers
v0x7fad63d21ea0_0 .net "memtoreg", 0 0, L_0x7fad63d233b0;  1 drivers
v0x7fad63d21fb0_0 .net "memwrite", 0 0, L_0x7fad63d23310;  alias, 1 drivers
v0x7fad63d22040_0 .net "pc", 31 0, v0x7fad63d1d600_0;  alias, 1 drivers
v0x7fad63d22150_0 .net "pcsrc", 0 0, L_0x7fad63d23290;  1 drivers
v0x7fad63d221e0_0 .net "readdata", 31 0, L_0x7fad63d261a0;  alias, 1 drivers
v0x7fad63d22270_0 .net "regdst", 0 0, L_0x7fad63d230b0;  1 drivers
v0x7fad63d22380_0 .net "regwrite", 0 0, L_0x7fad63d23010;  1 drivers
v0x7fad63d22490_0 .net "reset", 0 0, v0x7fad63d22e70_0;  alias, 1 drivers
v0x7fad63d22520_0 .net "writedata", 31 0, L_0x7fad63d24ea0;  alias, 1 drivers
v0x7fad63d22630_0 .net "zero", 0 0, v0x7fad63d1b440_0;  1 drivers
L_0x7fad63d23800 .part L_0x7fad63d25700, 26, 6;
L_0x7fad63d23920 .part L_0x7fad63d25700, 0, 6;
S_0x7fad63d18d70 .scope module, "c" "controller" 2 101, 2 172 0, S_0x7fad63d18ab0;
 .timescale -9 -9;
    .port_info 0 /INPUT 6 "op";
    .port_info 1 /INPUT 6 "funct";
    .port_info 2 /INPUT 1 "zero";
    .port_info 3 /OUTPUT 1 "memtoreg";
    .port_info 4 /OUTPUT 1 "memwrite";
    .port_info 5 /OUTPUT 1 "pcsrc";
    .port_info 6 /OUTPUT 1 "alusrc";
    .port_info 7 /OUTPUT 1 "regdst";
    .port_info 8 /OUTPUT 1 "regwrite";
    .port_info 9 /OUTPUT 1 "jump";
    .port_info 10 /OUTPUT 3 "alucontrol";
L_0x7fad63d23290 .functor AND 1, L_0x7fad63d231f0, v0x7fad63d1b440_0, C4<1>, C4<1>;
v0x7fad63d1a180_0 .net "alucontrol", 2 0, v0x7fad63d19320_0;  alias, 1 drivers
v0x7fad63d1a210_0 .net "aluop", 1 0, L_0x7fad63d234f0;  1 drivers
v0x7fad63d1a2a0_0 .net "alusrc", 0 0, L_0x7fad63d23150;  alias, 1 drivers
v0x7fad63d1a350_0 .net "branch", 0 0, L_0x7fad63d231f0;  1 drivers
v0x7fad63d1a400_0 .net "funct", 5 0, L_0x7fad63d23920;  1 drivers
v0x7fad63d1a4d0_0 .net "jump", 0 0, L_0x7fad63d23450;  alias, 1 drivers
v0x7fad63d1a580_0 .net "memtoreg", 0 0, L_0x7fad63d233b0;  alias, 1 drivers
v0x7fad63d1a630_0 .net "memwrite", 0 0, L_0x7fad63d23310;  alias, 1 drivers
v0x7fad63d1a700_0 .net "op", 5 0, L_0x7fad63d23800;  1 drivers
v0x7fad63d1a810_0 .net "pcsrc", 0 0, L_0x7fad63d23290;  alias, 1 drivers
v0x7fad63d1a8a0_0 .net "regdst", 0 0, L_0x7fad63d230b0;  alias, 1 drivers
v0x7fad63d1a930_0 .net "regwrite", 0 0, L_0x7fad63d23010;  alias, 1 drivers
v0x7fad63d1a9c0_0 .net "zero", 0 0, v0x7fad63d1b440_0;  alias, 1 drivers
S_0x7fad63d190a0 .scope module, "ad" "aludec" 2 190, 2 279 0, S_0x7fad63d18d70;
 .timescale -9 -9;
    .port_info 0 /INPUT 6 "funct";
    .port_info 1 /INPUT 2 "aluop";
    .port_info 2 /OUTPUT 3 "alucontrol";
v0x7fad63d19320_0 .var "alucontrol", 2 0;
v0x7fad63d193e0_0 .net "aluop", 1 0, L_0x7fad63d234f0;  alias, 1 drivers
v0x7fad63d19490_0 .net "funct", 5 0, L_0x7fad63d23920;  alias, 1 drivers
E_0x7fad63d192d0 .event edge, v0x7fad63d193e0_0, v0x7fad63d19490_0;
S_0x7fad63d195a0 .scope module, "md" "maindec" 2 189, 2 246 0, S_0x7fad63d18d70;
 .timescale -9 -9;
    .port_info 0 /INPUT 6 "op";
    .port_info 1 /OUTPUT 1 "memtoreg";
    .port_info 2 /OUTPUT 1 "memwrite";
    .port_info 3 /OUTPUT 1 "branch";
    .port_info 4 /OUTPUT 1 "alusrc";
    .port_info 5 /OUTPUT 1 "regdst";
    .port_info 6 /OUTPUT 1 "regwrite";
    .port_info 7 /OUTPUT 1 "jump";
    .port_info 8 /OUTPUT 2 "aluop";
v0x7fad63d198d0_0 .net *"_ivl_10", 8 0, v0x7fad63d19b80_0;  1 drivers
v0x7fad63d19980_0 .net "aluop", 1 0, L_0x7fad63d234f0;  alias, 1 drivers
v0x7fad63d19a40_0 .net "alusrc", 0 0, L_0x7fad63d23150;  alias, 1 drivers
v0x7fad63d19af0_0 .net "branch", 0 0, L_0x7fad63d231f0;  alias, 1 drivers
v0x7fad63d19b80_0 .var "controls", 8 0;
v0x7fad63d19c70_0 .net "jump", 0 0, L_0x7fad63d23450;  alias, 1 drivers
v0x7fad63d19d10_0 .net "memtoreg", 0 0, L_0x7fad63d233b0;  alias, 1 drivers
v0x7fad63d19db0_0 .net "memwrite", 0 0, L_0x7fad63d23310;  alias, 1 drivers
v0x7fad63d19e40_0 .net "op", 5 0, L_0x7fad63d23800;  alias, 1 drivers
v0x7fad63d19f60_0 .net "regdst", 0 0, L_0x7fad63d230b0;  alias, 1 drivers
v0x7fad63d1a000_0 .net "regwrite", 0 0, L_0x7fad63d23010;  alias, 1 drivers
E_0x7fad63d198a0 .event edge, v0x7fad63d19e40_0;
L_0x7fad63d23010 .part v0x7fad63d19b80_0, 8, 1;
L_0x7fad63d230b0 .part v0x7fad63d19b80_0, 7, 1;
L_0x7fad63d23150 .part v0x7fad63d19b80_0, 6, 1;
L_0x7fad63d231f0 .part v0x7fad63d19b80_0, 5, 1;
L_0x7fad63d23310 .part v0x7fad63d19b80_0, 4, 1;
L_0x7fad63d233b0 .part v0x7fad63d19b80_0, 3, 1;
L_0x7fad63d23450 .part v0x7fad63d19b80_0, 2, 1;
L_0x7fad63d234f0 .part v0x7fad63d19b80_0, 0, 2;
S_0x7fad63d1ab00 .scope module, "dp" "datapath" 2 103, 2 199 0, S_0x7fad63d18ab0;
 .timescale -9 -9;
    .port_info 0 /INPUT 1 "clk";
    .port_info 1 /INPUT 1 "reset";
    .port_info 2 /INPUT 1 "memtoreg";
    .port_info 3 /INPUT 1 "pcsrc";
    .port_info 4 /INPUT 1 "alusrc";
    .port_info 5 /INPUT 1 "regdst";
    .port_info 6 /INPUT 1 "regwrite";
    .port_info 7 /INPUT 1 "jump";
    .port_info 8 /INPUT 3 "alucontrol";
    .port_info 9 /OUTPUT 1 "zero";
    .port_info 10 /OUTPUT 32 "pc";
    .port_info 11 /INPUT 32 "instr";
    .port_info 12 /OUTPUT 32 "aluout";
    .port_info 13 /OUTPUT 32 "writedata";
    .port_info 14 /INPUT 32 "readdata";
v0x7fad63d20400_0 .net *"_ivl_3", 3 0, L_0x7fad63d241e0;  1 drivers
v0x7fad63d204c0_0 .net *"_ivl_5", 25 0, L_0x7fad63d24280;  1 drivers
L_0x1041af0e0 .functor BUFT 1, C4<00>, C4<0>, C4<0>, C4<0>;
v0x7fad63d20560_0 .net/2u *"_ivl_6", 1 0, L_0x1041af0e0;  1 drivers
v0x7fad63d20610_0 .net "alucontrol", 2 0, v0x7fad63d19320_0;  alias, 1 drivers
v0x7fad63d206b0_0 .net "aluout", 31 0, v0x7fad63d1b2a0_0;  alias, 1 drivers
v0x7fad63d20790_0 .net "alusrc", 0 0, L_0x7fad63d23150;  alias, 1 drivers
v0x7fad63d20820_0 .net "clk", 0 0, v0x7fad63d22cc0_0;  alias, 1 drivers
v0x7fad63d208b0_0 .net "instr", 31 0, L_0x7fad63d25700;  alias, 1 drivers
v0x7fad63d20950_0 .net "jump", 0 0, L_0x7fad63d23450;  alias, 1 drivers
v0x7fad63d20a60_0 .net "memtoreg", 0 0, L_0x7fad63d233b0;  alias, 1 drivers
v0x7fad63d20af0_0 .net "pc", 31 0, v0x7fad63d1d600_0;  alias, 1 drivers
v0x7fad63d20b80_0 .net "pcbranch", 31 0, L_0x7fad63d23e20;  1 drivers
v0x7fad63d20c60_0 .net "pcnext", 31 0, L_0x7fad63d240c0;  1 drivers
v0x7fad63d20d30_0 .net "pcnextbr", 31 0, L_0x7fad63d23fa0;  1 drivers
v0x7fad63d20e00_0 .net "pcplus4", 31 0, L_0x7fad63d239c0;  1 drivers
v0x7fad63d20e90_0 .net "pcsrc", 0 0, L_0x7fad63d23290;  alias, 1 drivers
v0x7fad63d20f60_0 .net "readdata", 31 0, L_0x7fad63d261a0;  alias, 1 drivers
v0x7fad63d21130_0 .net "regdst", 0 0, L_0x7fad63d230b0;  alias, 1 drivers
v0x7fad63d211c0_0 .net "regwrite", 0 0, L_0x7fad63d23010;  alias, 1 drivers
v0x7fad63d21250_0 .net "reset", 0 0, v0x7fad63d22e70_0;  alias, 1 drivers
v0x7fad63d212e0_0 .net "result", 31 0, L_0x7fad63d25450;  1 drivers
v0x7fad63d21370_0 .net "signimm", 31 0, L_0x7fad63d25780;  1 drivers
v0x7fad63d21400_0 .net "signimmsh", 31 0, L_0x7fad63d23d00;  1 drivers
v0x7fad63d21490_0 .net "srca", 31 0, L_0x7fad63d24880;  1 drivers
v0x7fad63d21560_0 .net "srcb", 31 0, L_0x7fad63d25b20;  1 drivers
v0x7fad63d21630_0 .net "writedata", 31 0, L_0x7fad63d24ea0;  alias, 1 drivers
v0x7fad63d216c0_0 .net "writereg", 4 0, L_0x7fad63d25270;  1 drivers
v0x7fad63d21790_0 .net "zero", 0 0, v0x7fad63d1b440_0;  alias, 1 drivers
L_0x7fad63d241e0 .part L_0x7fad63d239c0, 28, 4;
L_0x7fad63d24280 .part L_0x7fad63d25700, 0, 26;
L_0x7fad63d24320 .concat [ 2 26 4 0], L_0x1041af0e0, L_0x7fad63d24280, L_0x7fad63d241e0;
L_0x7fad63d25000 .part L_0x7fad63d25700, 21, 5;
L_0x7fad63d250a0 .part L_0x7fad63d25700, 16, 5;
L_0x7fad63d25310 .part L_0x7fad63d25700, 16, 5;
L_0x7fad63d253b0 .part L_0x7fad63d25700, 11, 5;
L_0x7fad63d25a80 .part L_0x7fad63d25700, 0, 16;
S_0x7fad63d1aec0 .scope module, "alu" "alu" 2 239, 2 376 0, S_0x7fad63d1ab00;
 .timescale -9 -9;
    .port_info 0 /INPUT 32 "a";
    .port_info 1 /INPUT 32 "b";
    .port_info 2 /INPUT 3 "sel";
    .port_info 3 /OUTPUT 32 "out";
    .port_info 4 /OUTPUT 1 "zero";
v0x7fad63d1b130_0 .net "a", 31 0, L_0x7fad63d24880;  alias, 1 drivers
v0x7fad63d1b1f0_0 .net "b", 31 0, L_0x7fad63d25b20;  alias, 1 drivers
v0x7fad63d1b2a0_0 .var "out", 31 0;
v0x7fad63d1b370_0 .net "sel", 2 0, v0x7fad63d19320_0;  alias, 1 drivers
v0x7fad63d1b440_0 .var "zero", 0 0;
E_0x7fad63d1b0e0 .event edge, v0x7fad63d19320_0, v0x7fad63d1b130_0, v0x7fad63d1b1f0_0, v0x7fad63d18050_0;
S_0x7fad63d1b560 .scope module, "immsh" "sl2" 2 226, 2 339 0, S_0x7fad63d1ab00;
 .timescale -9 -9;
    .port_info 0 /INPUT 32 "a";
    .port_info 1 /OUTPUT 32 "y";
v0x7fad63d1b730_0 .net *"_ivl_1", 25 0, L_0x7fad63d23b40;  1 drivers
L_0x1041af050 .functor BUFT 1, C4<00>, C4<0>, C4<0>, C4<0>;
v0x7fad63d1b7f0_0 .net/2u *"_ivl_2", 1 0, L_0x1041af050;  1 drivers
v0x7fad63d1b8a0_0 .net *"_ivl_4", 27 0, L_0x7fad63d23c60;  1 drivers
L_0x1041af098 .functor BUFT 1, C4<0000>, C4<0>, C4<0>, C4<0>;
v0x7fad63d1b960_0 .net *"_ivl_9", 3 0, L_0x1041af098;  1 drivers
v0x7fad63d1ba10_0 .net "a", 31 0, L_0x7fad63d25780;  alias, 1 drivers
v0x7fad63d1bb00_0 .net "y", 31 0, L_0x7fad63d23d00;  alias, 1 drivers
L_0x7fad63d23b40 .part L_0x7fad63d25780, 0, 26;
L_0x7fad63d23c60 .concat [ 2 26 0 0], L_0x1041af050, L_0x7fad63d23b40;
L_0x7fad63d23d00 .concat [ 28 4 0 0], L_0x7fad63d23c60, L_0x1041af098;
S_0x7fad63d1bbe0 .scope module, "pcadd1" "adder" 2 225, 2 326 0, S_0x7fad63d1ab00;
 .timescale -9 -9;
    .port_info 0 /INPUT 32 "a";
    .port_info 1 /INPUT 32 "b";
    .port_info 2 /OUTPUT 32 "y";
v0x7fad63d1be10_0 .net "a", 31 0, v0x7fad63d1d600_0;  alias, 1 drivers
L_0x1041af008 .functor BUFT 1, C4<00000000000000000000000000000100>, C4<0>, C4<0>, C4<0>;
v0x7fad63d1beb0_0 .net "b", 31 0, L_0x1041af008;  1 drivers
v0x7fad63d1bf60_0 .net "y", 31 0, L_0x7fad63d239c0;  alias, 1 drivers
L_0x7fad63d239c0 .arith/sum 32, v0x7fad63d1d600_0, L_0x1041af008;
S_0x7fad63d1c070 .scope module, "pcadd2" "adder" 2 227, 2 326 0, S_0x7fad63d1ab00;
 .timescale -9 -9;
    .port_info 0 /INPUT 32 "a";
    .port_info 1 /INPUT 32 "b";
    .port_info 2 /OUTPUT 32 "y";
v0x7fad63d1c280_0 .net "a", 31 0, L_0x7fad63d239c0;  alias, 1 drivers
v0x7fad63d1c350_0 .net "b", 31 0, L_0x7fad63d23d00;  alias, 1 drivers
v0x7fad63d1c400_0 .net "y", 31 0, L_0x7fad63d23e20;  alias, 1 drivers
L_0x7fad63d23e20 .arith/sum 32, L_0x7fad63d239c0, L_0x7fad63d23d00;
S_0x7fad63d1c500 .scope module, "pcbrmux" "mux2" 2 228, 2 351 0, S_0x7fad63d1ab00;
 .timescale -9 -9;
    .port_info 0 /INPUT 32 "d0";
    .port_info 1 /INPUT 32 "d1";
    .port_info 2 /INPUT 1 "s";
    .port_info 3 /OUTPUT 32 "y";
P_0x7fad63d1c700 .param/l "WIDTH" 0 2 351, +C4<00000000000000000000000000100000>;
v0x7fad63d1c860_0 .net "d0", 31 0, L_0x7fad63d239c0;  alias, 1 drivers
v0x7fad63d1c950_0 .net "d1", 31 0, L_0x7fad63d23e20;  alias, 1 drivers
v0x7fad63d1c9e0_0 .net "s", 0 0, L_0x7fad63d23290;  alias, 1 drivers
v0x7fad63d1ca70_0 .net "y", 31 0, L_0x7fad63d23fa0;  alias, 1 drivers
L_0x7fad63d23fa0 .functor MUXZ 32, L_0x7fad63d239c0, L_0x7fad63d23e20, L_0x7fad63d23290, C4<>;
S_0x7fad63d1cb20 .scope module, "pcmux" "mux2" 2 229, 2 351 0, S_0x7fad63d1ab00;
 .timescale -9 -9;
    .port_info 0 /INPUT 32 "d0";
    .port_info 1 /INPUT 32 "d1";
    .port_info 2 /INPUT 1 "s";
    .port_info 3 /OUTPUT 32 "y";
P_0x7fad63d1cce0 .param/l "WIDTH" 0 2 351, +C4<00000000000000000000000000100000>;
v0x7fad63d1ce60_0 .net "d0", 31 0, L_0x7fad63d23fa0;  alias, 1 drivers
v0x7fad63d1cf30_0 .net "d1", 31 0, L_0x7fad63d24320;  1 drivers
v0x7fad63d1cfc0_0 .net "s", 0 0, L_0x7fad63d23450;  alias, 1 drivers
v0x7fad63d1d050_0 .net "y", 31 0, L_0x7fad63d240c0;  alias, 1 drivers
L_0x7fad63d240c0 .functor MUXZ 32, L_0x7fad63d23fa0, L_0x7fad63d24320, L_0x7fad63d23450, C4<>;
S_0x7fad63d1d120 .scope module, "pcreg" "flopr" 2 224, 2 309 0, S_0x7fad63d1ab00;
 .timescale -9 -9;
    .port_info 0 /INPUT 1 "clk";
    .port_info 1 /INPUT 1 "reset";
    .port_info 2 /INPUT 32 "d";
    .port_info 3 /OUTPUT 32 "q";
P_0x7fad63d1d2e0 .param/l "WIDTH" 0 2 309, +C4<00000000000000000000000000100000>;
v0x7fad63d1d4b0_0 .net "clk", 0 0, v0x7fad63d22cc0_0;  alias, 1 drivers
v0x7fad63d1d570_0 .net "d", 31 0, L_0x7fad63d240c0;  alias, 1 drivers
v0x7fad63d1d600_0 .var "q", 31 0;
v0x7fad63d1d690_0 .net "reset", 0 0, v0x7fad63d22e70_0;  alias, 1 drivers
E_0x7fad63d1d460 .event posedge, v0x7fad63d1d690_0, v0x7fad63d18100_0;
S_0x7fad63d1d750 .scope module, "resmux" "mux2" 2 234, 2 351 0, S_0x7fad63d1ab00;
 .timescale -9 -9;
    .port_info 0 /INPUT 32 "d0";
    .port_info 1 /INPUT 32 "d1";
    .port_info 2 /INPUT 1 "s";
    .port_info 3 /OUTPUT 32 "y";
P_0x7fad63d1d910 .param/l "WIDTH" 0 2 351, +C4<00000000000000000000000000100000>;
v0x7fad63d1da90_0 .net "d0", 31 0, v0x7fad63d1b2a0_0;  alias, 1 drivers
v0x7fad63d1db80_0 .net "d1", 31 0, L_0x7fad63d261a0;  alias, 1 drivers
v0x7fad63d1dc10_0 .net "s", 0 0, L_0x7fad63d233b0;  alias, 1 drivers
v0x7fad63d1dca0_0 .net "y", 31 0, L_0x7fad63d25450;  alias, 1 drivers
L_0x7fad63d25450 .functor MUXZ 32, v0x7fad63d1b2a0_0, L_0x7fad63d261a0, L_0x7fad63d233b0, C4<>;
S_0x7fad63d1dd60 .scope module, "rf" "regfile" 2 232, 2 428 0, S_0x7fad63d1ab00;
 .timescale -9 -9;
    .port_info 0 /INPUT 1 "clk";
    .port_info 1 /INPUT 1 "we3";
    .port_info 2 /INPUT 5 "ra1";
    .port_info 3 /INPUT 5 "ra2";
    .port_info 4 /INPUT 5 "wa3";
    .port_info 5 /INPUT 32 "wd3";
    .port_info 6 /OUTPUT 32 "rd1";
    .port_info 7 /OUTPUT 32 "rd2";
v0x7fad63d1e060_0 .net *"_ivl_0", 31 0, L_0x7fad63d24440;  1 drivers
v0x7fad63d1e100_0 .net *"_ivl_10", 6 0, L_0x7fad63d24700;  1 drivers
L_0x1041af1b8 .functor BUFT 1, C4<00>, C4<0>, C4<0>, C4<0>;
v0x7fad63d1e1b0_0 .net *"_ivl_13", 1 0, L_0x1041af1b8;  1 drivers
L_0x1041af200 .functor BUFT 1, C4<00000000000000000000000000000000>, C4<0>, C4<0>, C4<0>;
v0x7fad63d1e270_0 .net/2u *"_ivl_14", 31 0, L_0x1041af200;  1 drivers
v0x7fad63d1e320_0 .net *"_ivl_18", 31 0, L_0x7fad63d24a10;  1 drivers
L_0x1041af248 .functor BUFT 1, C4<000000000000000000000000000>, C4<0>, C4<0>, C4<0>;
v0x7fad63d1e410_0 .net *"_ivl_21", 26 0, L_0x1041af248;  1 drivers
L_0x1041af290 .functor BUFT 1, C4<00000000000000000000000000000000>, C4<0>, C4<0>, C4<0>;
v0x7fad63d1e4c0_0 .net/2u *"_ivl_22", 31 0, L_0x1041af290;  1 drivers
v0x7fad63d1e570_0 .net *"_ivl_24", 0 0, L_0x7fad63d24b70;  1 drivers
v0x7fad63d1e610_0 .net *"_ivl_26", 31 0, L_0x7fad63d24c90;  1 drivers
v0x7fad63d1e720_0 .net *"_ivl_28", 6 0, L_0x7fad63d24d30;  1 drivers
L_0x1041af128 .functor BUFT 1, C4<000000000000000000000000000>, C4<0>, C4<0>, C4<0>;
v0x7fad63d1e7d0_0 .net *"_ivl_3", 26 0, L_0x1041af128;  1 drivers
L_0x1041af2d8 .functor BUFT 1, C4<00>, C4<0>, C4<0>, C4<0>;
v0x7fad63d1e880_0 .net *"_ivl_31", 1 0, L_0x1041af2d8;  1 drivers
L_0x1041af320 .functor BUFT 1, C4<00000000000000000000000000000000>, C4<0>, C4<0>, C4<0>;
v0x7fad63d1e930_0 .net/2u *"_ivl_32", 31 0, L_0x1041af320;  1 drivers
L_0x1041af170 .functor BUFT 1, C4<00000000000000000000000000000000>, C4<0>, C4<0>, C4<0>;
v0x7fad63d1e9e0_0 .net/2u *"_ivl_4", 31 0, L_0x1041af170;  1 drivers
v0x7fad63d1ea90_0 .net *"_ivl_6", 0 0, L_0x7fad63d24520;  1 drivers
v0x7fad63d1eb30_0 .net *"_ivl_8", 31 0, L_0x7fad63d24640;  1 drivers
v0x7fad63d1ebe0_0 .net "clk", 0 0, v0x7fad63d22cc0_0;  alias, 1 drivers
v0x7fad63d1ed70_0 .net "ra1", 4 0, L_0x7fad63d25000;  1 drivers
v0x7fad63d1ee00_0 .net "ra2", 4 0, L_0x7fad63d250a0;  1 drivers
v0x7fad63d1ee90_0 .net "rd1", 31 0, L_0x7fad63d24880;  alias, 1 drivers
v0x7fad63d1ef20_0 .net "rd2", 31 0, L_0x7fad63d24ea0;  alias, 1 drivers
v0x7fad63d1efb0 .array "rf", 0 31, 31 0;
v0x7fad63d1f040_0 .net "wa3", 4 0, L_0x7fad63d25270;  alias, 1 drivers
v0x7fad63d1f0e0_0 .net "wd3", 31 0, L_0x7fad63d25450;  alias, 1 drivers
v0x7fad63d1f1a0_0 .net "we3", 0 0, L_0x7fad63d23010;  alias, 1 drivers
L_0x7fad63d24440 .concat [ 5 27 0 0], L_0x7fad63d25000, L_0x1041af128;
L_0x7fad63d24520 .cmp/ne 32, L_0x7fad63d24440, L_0x1041af170;
L_0x7fad63d24640 .array/port v0x7fad63d1efb0, L_0x7fad63d24700;
L_0x7fad63d24700 .concat [ 5 2 0 0], L_0x7fad63d25000, L_0x1041af1b8;
L_0x7fad63d24880 .functor MUXZ 32, L_0x1041af200, L_0x7fad63d24640, L_0x7fad63d24520, C4<>;
L_0x7fad63d24a10 .concat [ 5 27 0 0], L_0x7fad63d250a0, L_0x1041af248;
L_0x7fad63d24b70 .cmp/ne 32, L_0x7fad63d24a10, L_0x1041af290;
L_0x7fad63d24c90 .array/port v0x7fad63d1efb0, L_0x7fad63d24d30;
L_0x7fad63d24d30 .concat [ 5 2 0 0], L_0x7fad63d250a0, L_0x1041af2d8;
L_0x7fad63d24ea0 .functor MUXZ 32, L_0x1041af320, L_0x7fad63d24c90, L_0x7fad63d24b70, C4<>;
S_0x7fad63d1f320 .scope module, "se" "signext" 2 235, 2 364 0, S_0x7fad63d1ab00;
 .timescale -9 -9;
    .port_info 0 /INPUT 16 "a";
    .port_info 1 /OUTPUT 32 "y";
v0x7fad63d1f510_0 .net *"_ivl_1", 0 0, L_0x7fad63d254f0;  1 drivers
v0x7fad63d1f5c0_0 .net *"_ivl_2", 15 0, L_0x7fad63d25590;  1 drivers
v0x7fad63d1f660_0 .net "a", 15 0, L_0x7fad63d25a80;  1 drivers
v0x7fad63d1f6f0_0 .net "y", 31 0, L_0x7fad63d25780;  alias, 1 drivers
L_0x7fad63d254f0 .part L_0x7fad63d25a80, 15, 1;
LS_0x7fad63d25590_0_0 .concat [ 1 1 1 1], L_0x7fad63d254f0, L_0x7fad63d254f0, L_0x7fad63d254f0, L_0x7fad63d254f0;
LS_0x7fad63d25590_0_4 .concat [ 1 1 1 1], L_0x7fad63d254f0, L_0x7fad63d254f0, L_0x7fad63d254f0, L_0x7fad63d254f0;
LS_0x7fad63d25590_0_8 .concat [ 1 1 1 1], L_0x7fad63d254f0, L_0x7fad63d254f0, L_0x7fad63d254f0, L_0x7fad63d254f0;
LS_0x7fad63d25590_0_12 .concat [ 1 1 1 1], L_0x7fad63d254f0, L_0x7fad63d254f0, L_0x7fad63d254f0, L_0x7fad63d254f0;
L_0x7fad63d25590 .concat [ 4 4 4 4], LS_0x7fad63d25590_0_0, LS_0x7fad63d25590_0_4, LS_0x7fad63d25590_0_8, LS_0x7fad63d25590_0_12;
L_0x7fad63d25780 .concat [ 16 16 0 0], L_0x7fad63d25a80, L_0x7fad63d25590;
S_0x7fad63d1f7d0 .scope module, "srcbmux" "mux2" 2 238, 2 351 0, S_0x7fad63d1ab00;
 .timescale -9 -9;
    .port_info 0 /INPUT 32 "d0";
    .port_info 1 /INPUT 32 "d1";
    .port_info 2 /INPUT 1 "s";
    .port_info 3 /OUTPUT 32 "y";
P_0x7fad63d1f990 .param/l "WIDTH" 0 2 351, +C4<00000000000000000000000000100000>;
v0x7fad63d1fb30_0 .net "d0", 31 0, L_0x7fad63d24ea0;  alias, 1 drivers
v0x7fad63d1fc10_0 .net "d1", 31 0, L_0x7fad63d25780;  alias, 1 drivers
v0x7fad63d1fca0_0 .net "s", 0 0, L_0x7fad63d23150;  alias, 1 drivers
v0x7fad63d1fd70_0 .net "y", 31 0, L_0x7fad63d25b20;  alias, 1 drivers
L_0x7fad63d25b20 .functor MUXZ 32, L_0x7fad63d24ea0, L_0x7fad63d25780, L_0x7fad63d23150, C4<>;
S_0x7fad63d1fe00 .scope module, "wrmux" "mux2" 2 233, 2 351 0, S_0x7fad63d1ab00;
 .timescale -9 -9;
    .port_info 0 /INPUT 5 "d0";
    .port_info 1 /INPUT 5 "d1";
    .port_info 2 /INPUT 1 "s";
    .port_info 3 /OUTPUT 5 "y";
P_0x7fad63d1ffc0 .param/l "WIDTH" 0 2 351, +C4<00000000000000000000000000000101>;
v0x7fad63d20140_0 .net "d0", 4 0, L_0x7fad63d25310;  1 drivers
v0x7fad63d20200_0 .net "d1", 4 0, L_0x7fad63d253b0;  1 drivers
v0x7fad63d202a0_0 .net "s", 0 0, L_0x7fad63d230b0;  alias, 1 drivers
v0x7fad63d20330_0 .net "y", 4 0, L_0x7fad63d25270;  alias, 1 drivers
L_0x7fad63d25270 .functor MUXZ 5, L_0x7fad63d25310, L_0x7fad63d253b0, L_0x7fad63d230b0, C4<>;
    .scope S_0x7fad63d195a0;
T_0 ;
    %wait E_0x7fad63d198a0;
    %load/vec4 v0x7fad63d19e40_0;
    %dup/vec4;
    %pushi/vec4 0, 0, 6;
    %cmp/u;
    %jmp/1 T_0.0, 6;
    %dup/vec4;
    %pushi/vec4 35, 0, 6;
    %cmp/u;
    %jmp/1 T_0.1, 6;
    %dup/vec4;
    %pushi/vec4 43, 0, 6;
    %cmp/u;
    %jmp/1 T_0.2, 6;
    %dup/vec4;
    %pushi/vec4 4, 0, 6;
    %cmp/u;
    %jmp/1 T_0.3, 6;
    %dup/vec4;
    %pushi/vec4 8, 0, 6;
    %cmp/u;
    %jmp/1 T_0.4, 6;
    %dup/vec4;
    %pushi/vec4 2, 0, 6;
    %cmp/u;
    %jmp/1 T_0.5, 6;
    %pushi/vec4 511, 511, 9;
    %assign/vec4 v0x7fad63d19b80_0, 0;
    %jmp T_0.7;
T_0.0 ;
    %pushi/vec4 386, 0, 9;
    %assign/vec4 v0x7fad63d19b80_0, 0;
    %jmp T_0.7;
T_0.1 ;
    %pushi/vec4 328, 0, 9;
    %assign/vec4 v0x7fad63d19b80_0, 0;
    %jmp T_0.7;
T_0.2 ;
    %pushi/vec4 80, 0, 9;
    %assign/vec4 v0x7fad63d19b80_0, 0;
    %jmp T_0.7;
T_0.3 ;
    %pushi/vec4 33, 0, 9;
    %assign/vec4 v0x7fad63d19b80_0, 0;
    %jmp T_0.7;
T_0.4 ;
    %pushi/vec4 320, 0, 9;
    %assign/vec4 v0x7fad63d19b80_0, 0;
    %jmp T_0.7;
T_0.5 ;
    %pushi/vec4 4, 0, 9;
    %assign/vec4 v0x7fad63d19b80_0, 0;
    %jmp T_0.7;
T_0.7 ;
    %pop/vec4 1;
    %jmp T_0;
    .thread T_0, $push;
    .scope S_0x7fad63d190a0;
T_1 ;
    %wait E_0x7fad63d192d0;
    %load/vec4 v0x7fad63d193e0_0;
    %cmpi/e 0, 0, 2;
    %jmp/0xz  T_1.0, 4;
    %pushi/vec4 2, 0, 3;
    %assign/vec4 v0x7fad63d19320_0, 0;
    %jmp T_1.1;
T_1.0 ;
    %load/vec4 v0x7fad63d193e0_0;
    %cmpi/e 1, 0, 2;
    %jmp/0xz  T_1.2, 4;
    %pushi/vec4 6, 0, 3;
    %assign/vec4 v0x7fad63d19320_0, 0;
    %jmp T_1.3;
T_1.2 ;
    %load/vec4 v0x7fad63d19490_0;
    %dup/vec4;
    %pushi/vec4 32, 0, 6;
    %cmp/u;
    %jmp/1 T_1.4, 6;
    %dup/vec4;
    %pushi/vec4 34, 0, 6;
    %cmp/u;
    %jmp/1 T_1.5, 6;
    %dup/vec4;
    %pushi/vec4 36, 0, 6;
    %cmp/u;
    %jmp/1 T_1.6, 6;
    %dup/vec4;
    %pushi/vec4 37, 0, 6;
    %cmp/u;
    %jmp/1 T_1.7, 6;
    %dup/vec4;
    %pushi/vec4 42, 0, 6;
    %cmp/u;
    %jmp/1 T_1.8, 6;
    %pushi/vec4 7, 7, 3;
    %assign/vec4 v0x7fad63d19320_0, 0;
    %jmp T_1.10;
T_1.4 ;
    %pushi/vec4 2, 0, 3;
    %assign/vec4 v0x7fad63d19320_0, 0;
    %jmp T_1.10;
T_1.5 ;
    %pushi/vec4 6, 0, 3;
    %assign/vec4 v0x7fad63d19320_0, 0;
    %jmp T_1.10;
T_1.6 ;
    %pushi/vec4 0, 0, 3;
    %assign/vec4 v0x7fad63d19320_0, 0;
    %jmp T_1.10;
T_1.7 ;
    %pushi/vec4 1, 0, 3;
    %assign/vec4 v0x7fad63d19320_0, 0;
    %jmp T_1.10;
T_1.8 ;
    %pushi/vec4 7, 0, 3;
    %assign/vec4 v0x7fad63d19320_0, 0;
    %jmp T_1.10;
T_1.10 ;
    %pop/vec4 1;
T_1.3 ;
T_1.1 ;
    %jmp T_1;
    .thread T_1, $push;
    .scope S_0x7fad63d1d120;
T_2 ;
    %wait E_0x7fad63d1d460;
    %load/vec4 v0x7fad63d1d690_0;
    %flag_set/vec4 8;
    %jmp/0xz  T_2.0, 8;
    %pushi/vec4 0, 0, 32;
    %assign/vec4 v0x7fad63d1d600_0, 0;
    %jmp T_2.1;
T_2.0 ;
    %load/vec4 v0x7fad63d1d570_0;
    %assign/vec4 v0x7fad63d1d600_0, 0;
T_2.1 ;
    %jmp T_2;
    .thread T_2;
    .scope S_0x7fad63d1dd60;
T_3 ;
    %wait E_0x7fad63d06780;
    %load/vec4 v0x7fad63d1f1a0_0;
    %flag_set/vec4 8;
    %jmp/0xz  T_3.0, 8;
    %load/vec4 v0x7fad63d1f0e0_0;
    %load/vec4 v0x7fad63d1f040_0;
    %pad/u 7;
    %ix/vec4 3;
    %ix/load 4, 0, 0; Constant delay
    %assign/vec4/a/d v0x7fad63d1efb0, 0, 4;
T_3.0 ;
    %jmp T_3;
    .thread T_3;
    .scope S_0x7fad63d1aec0;
T_4 ;
    %pushi/vec4 0, 0, 32;
    %store/vec4 v0x7fad63d1b2a0_0, 0, 32;
    %pushi/vec4 0, 0, 1;
    %store/vec4 v0x7fad63d1b440_0, 0, 1;
    %end;
    .thread T_4;
    .scope S_0x7fad63d1aec0;
T_5 ;
    %wait E_0x7fad63d1b0e0;
    %load/vec4 v0x7fad63d1b370_0;
    %dup/vec4;
    %pushi/vec4 0, 0, 3;
    %cmp/u;
    %jmp/1 T_5.0, 6;
    %dup/vec4;
    %pushi/vec4 1, 0, 3;
    %cmp/u;
    %jmp/1 T_5.1, 6;
    %dup/vec4;
    %pushi/vec4 6, 0, 3;
    %cmp/u;
    %jmp/1 T_5.2, 6;
    %dup/vec4;
    %pushi/vec4 2, 0, 3;
    %cmp/u;
    %jmp/1 T_5.3, 6;
    %dup/vec4;
    %pushi/vec4 7, 0, 3;
    %cmp/u;
    %jmp/1 T_5.4, 6;
    %jmp T_5.5;
T_5.0 ;
    %load/vec4 v0x7fad63d1b130_0;
    %load/vec4 v0x7fad63d1b1f0_0;
    %and;
    %store/vec4 v0x7fad63d1b2a0_0, 0, 32;
    %load/vec4 v0x7fad63d1b2a0_0;
    %cmpi/e 0, 0, 32;
    %jmp/0xz  T_5.6, 4;
    %pushi/vec4 1, 0, 1;
    %store/vec4 v0x7fad63d1b440_0, 0, 1;
    %jmp T_5.7;
T_5.6 ;
    %pushi/vec4 0, 0, 1;
    %store/vec4 v0x7fad63d1b440_0, 0, 1;
T_5.7 ;
    %jmp T_5.5;
T_5.1 ;
    %load/vec4 v0x7fad63d1b130_0;
    %load/vec4 v0x7fad63d1b1f0_0;
    %or;
    %store/vec4 v0x7fad63d1b2a0_0, 0, 32;
    %load/vec4 v0x7fad63d1b2a0_0;
    %cmpi/e 0, 0, 32;
    %jmp/0xz  T_5.8, 4;
    %pushi/vec4 1, 0, 1;
    %store/vec4 v0x7fad63d1b440_0, 0, 1;
    %jmp T_5.9;
T_5.8 ;
    %pushi/vec4 0, 0, 1;
    %store/vec4 v0x7fad63d1b440_0, 0, 1;
T_5.9 ;
    %jmp T_5.5;
T_5.2 ;
    %load/vec4 v0x7fad63d1b130_0;
    %load/vec4 v0x7fad63d1b1f0_0;
    %sub;
    %store/vec4 v0x7fad63d1b2a0_0, 0, 32;
    %load/vec4 v0x7fad63d1b2a0_0;
    %cmpi/e 0, 0, 32;
    %jmp/0xz  T_5.10, 4;
    %pushi/vec4 1, 0, 1;
    %store/vec4 v0x7fad63d1b440_0, 0, 1;
    %jmp T_5.11;
T_5.10 ;
    %pushi/vec4 0, 0, 1;
    %store/vec4 v0x7fad63d1b440_0, 0, 1;
T_5.11 ;
    %jmp T_5.5;
T_5.3 ;
    %load/vec4 v0x7fad63d1b130_0;
    %load/vec4 v0x7fad63d1b1f0_0;
    %add;
    %store/vec4 v0x7fad63d1b2a0_0, 0, 32;
    %load/vec4 v0x7fad63d1b2a0_0;
    %cmpi/e 0, 0, 32;
    %jmp/0xz  T_5.12, 4;
    %pushi/vec4 1, 0, 1;
    %store/vec4 v0x7fad63d1b440_0, 0, 1;
    %jmp T_5.13;
T_5.12 ;
    %pushi/vec4 0, 0, 1;
    %store/vec4 v0x7fad63d1b440_0, 0, 1;
T_5.13 ;
    %jmp T_5.5;
T_5.4 ;
    %load/vec4 v0x7fad63d1b130_0;
    %load/vec4 v0x7fad63d1b1f0_0;
    %cmp/u;
    %jmp/0xz  T_5.14, 5;
    %pushi/vec4 1, 0, 32;
    %store/vec4 v0x7fad63d1b2a0_0, 0, 32;
    %jmp T_5.15;
T_5.14 ;
    %pushi/vec4 0, 0, 32;
    %store/vec4 v0x7fad63d1b2a0_0, 0, 32;
T_5.15 ;
    %jmp T_5.5;
T_5.5 ;
    %pop/vec4 1;
    %jmp T_5;
    .thread T_5, $push;
    .scope S_0x7fad63d18460;
T_6 ;
    %pushi/vec4 537001989, 0, 32;
    %ix/load 4, 0, 0;
    %flag_set/imm 4, 0;
    %store/vec4a v0x7fad63d18620, 4, 0;
    %pushi/vec4 537067532, 0, 32;
    %ix/load 4, 1, 0;
    %flag_set/imm 4, 0;
    %store/vec4a v0x7fad63d18620, 4, 0;
    %pushi/vec4 543686647, 0, 32;
    %ix/load 4, 2, 0;
    %flag_set/imm 4, 0;
    %store/vec4a v0x7fad63d18620, 4, 0;
    %pushi/vec4 14819365, 0, 32;
    %ix/load 4, 3, 0;
    %flag_set/imm 4, 0;
    %store/vec4a v0x7fad63d18620, 4, 0;
    %pushi/vec4 6563876, 0, 32;
    %ix/load 4, 4, 0;
    %flag_set/imm 4, 0;
    %store/vec4a v0x7fad63d18620, 4, 0;
    %pushi/vec4 10758176, 0, 32;
    %ix/load 4, 5, 0;
    %flag_set/imm 4, 0;
    %store/vec4a v0x7fad63d18620, 4, 0;
    %pushi/vec4 279379978, 0, 32;
    %ix/load 4, 6, 0;
    %flag_set/imm 4, 0;
    %store/vec4a v0x7fad63d18620, 4, 0;
    %pushi/vec4 6561834, 0, 32;
    %ix/load 4, 7, 0;
    %flag_set/imm 4, 0;
    %store/vec4a v0x7fad63d18620, 4, 0;
    %pushi/vec4 276824065, 0, 32;
    %ix/load 4, 8, 0;
    %flag_set/imm 4, 0;
    %store/vec4a v0x7fad63d18620, 4, 0;
    %pushi/vec4 537198592, 0, 32;
    %ix/load 4, 9, 0;
    %flag_set/imm 4, 0;
    %store/vec4a v0x7fad63d18620, 4, 0;
    %pushi/vec4 14819370, 0, 32;
    %ix/load 4, 10, 0;
    %flag_set/imm 4, 0;
    %store/vec4a v0x7fad63d18620, 4, 0;
    %pushi/vec4 8730656, 0, 32;
    %ix/load 4, 11, 0;
    %flag_set/imm 4, 0;
    %store/vec4a v0x7fad63d18620, 4, 0;
    %pushi/vec4 14825506, 0, 32;
    %ix/load 4, 12, 0;
    %flag_set/imm 4, 0;
    %store/vec4a v0x7fad63d18620, 4, 0;
    %pushi/vec4 2892431428, 0, 32;
    %ix/load 4, 13, 0;
    %flag_set/imm 4, 0;
    %store/vec4a v0x7fad63d18620, 4, 0;
    %pushi/vec4 2348941392, 0, 32;
    %ix/load 4, 14, 0;
    %flag_set/imm 4, 0;
    %store/vec4a v0x7fad63d18620, 4, 0;
    %pushi/vec4 134217745, 0, 32;
    %ix/load 4, 15, 0;
    %flag_set/imm 4, 0;
    %store/vec4a v0x7fad63d18620, 4, 0;
    %pushi/vec4 537001985, 0, 32;
    %ix/load 4, 16, 0;
    %flag_set/imm 4, 0;
    %store/vec4a v0x7fad63d18620, 4, 0;
    %pushi/vec4 2885812308, 0, 32;
    %ix/load 4, 17, 0;
    %flag_set/imm 4, 0;
    %store/vec4a v0x7fad63d18620, 4, 0;
    %end;
    .thread T_6;
    .scope S_0x7fad63d02c80;
T_7 ;
    %wait E_0x7fad63d06780;
    %load/vec4 v0x7fad63d18340_0;
    %flag_set/vec4 8;
    %jmp/0xz  T_7.0, 8;
    %load/vec4 v0x7fad63d18290_0;
    %load/vec4 v0x7fad63d18050_0;
    %parti/s 30, 2, 3;
    %ix/vec4 3;
    %ix/load 4, 0, 0; Constant delay
    %assign/vec4/a/d v0x7fad63d05a40, 0, 4;
T_7.0 ;
    %jmp T_7;
    .thread T_7;
    .scope S_0x7fad63d07c70;
T_8 ;
    %pushi/vec4 1, 0, 1;
    %assign/vec4 v0x7fad63d22e70_0, 0;
    %delay 22, 0;
    %pushi/vec4 0, 0, 1;
    %assign/vec4 v0x7fad63d22e70_0, 0;
    %end;
    .thread T_8;
    .scope S_0x7fad63d07c70;
T_9 ;
    %pushi/vec4 1, 0, 1;
    %assign/vec4 v0x7fad63d22cc0_0, 0;
    %delay 5, 0;
    %pushi/vec4 0, 0, 1;
    %assign/vec4 v0x7fad63d22cc0_0, 0;
    %delay 5, 0;
    %jmp T_9;
    .thread T_9;
    .scope S_0x7fad63d07c70;
T_10 ;
    %wait E_0x7fad63d07330;
    %load/vec4 v0x7fad63d22de0_0;
    %flag_set/vec4 8;
    %jmp/0xz  T_10.0, 8;
    %load/vec4 v0x7fad63d22d50_0;
    %pushi/vec4 84, 0, 32;
    %cmp/e;
    %flag_get/vec4 6;
    %load/vec4 v0x7fad63d22f80_0;
    %pushi/vec4 7, 0, 32;
    %cmp/e;
    %flag_get/vec4 6;
    %and;
    %flag_set/vec4 8;
    %jmp/0xz  T_10.2, 8;
    %vpi_call 2 43 "$display", "Simulation succeeded" {0 0 0};
    %vpi_call 2 44 "$finish" {0 0 0};
    %jmp T_10.3;
T_10.2 ;
    %vpi_call 2 48 "$display", "Simulation failed" {0 0 0};
    %vpi_call 2 49 "$finish" {0 0 0};
T_10.3 ;
T_10.0 ;
    %jmp T_10;
    .thread T_10;
# The file index is used to find the file name in the following table.
:file_names 3;
    "N/A";
    "<interactive>";
    "clean.v";
