#! /usr/local/Cellar/icarus-verilog/11.0/bin/vvp
:ivl_version "11.0 (stable)";
:ivl_delay_selection "TYPICAL";
:vpi_time_precision - 9;
:vpi_module "/usr/local/Cellar/icarus-verilog/11.0/lib/ivl/system.vpi";
:vpi_module "/usr/local/Cellar/icarus-verilog/11.0/lib/ivl/vhdl_sys.vpi";
:vpi_module "/usr/local/Cellar/icarus-verilog/11.0/lib/ivl/vhdl_textio.vpi";
:vpi_module "/usr/local/Cellar/icarus-verilog/11.0/lib/ivl/v2005_math.vpi";
:vpi_module "/usr/local/Cellar/icarus-verilog/11.0/lib/ivl/va_math.vpi";
S_0x7feef6407190 .scope module, "tb" "tb" 2 11;
 .timescale -9 -9;
v0x7feef641b3f0_0 .var "inA", 0 0;
v0x7feef641b490_0 .var "inB", 0 0;
v0x7feef641b540_0 .net "outY", 0 0, L_0x7feef641b610;  1 drivers
E_0x7feef6408f10 .event edge, v0x7feef641b2f0_0, v0x7feef641b250_0, v0x7feef6404990_0;
S_0x7feef6407300 .scope module, "DUT" "my_OR" 2 16, 2 55 0, S_0x7feef6407190;
 .timescale -9 -9;
    .port_info 0 /INPUT 1 "in_a";
    .port_info 1 /INPUT 1 "in_b";
    .port_info 2 /OUTPUT 1 "out_y";
L_0x7feef641b610/d .functor OR 1, v0x7feef641b3f0_0, v0x7feef641b490_0, C4<0>, C4<0>;
L_0x7feef641b610 .delay 1 (5,5,5) L_0x7feef641b610/d;
v0x7feef6404990_0 .net "in_a", 0 0, v0x7feef641b3f0_0;  1 drivers
v0x7feef641b250_0 .net "in_b", 0 0, v0x7feef641b490_0;  1 drivers
v0x7feef641b2f0_0 .net "out_y", 0 0, L_0x7feef641b610;  alias, 1 drivers
    .scope S_0x7feef6407190;
T_0 ;
    %vpi_call 2 23 "$dumpfile", "wave.vcd" {0 0 0};
    %vpi_call 2 24 "$dumpvars", 32'sb00000000000000000000000000000000, S_0x7feef6407190 {0 0 0};
    %vpi_call 2 25 "$write", "\012 TIME(ns)  a  b  |  Y\012" {0 0 0};
    %vpi_call 2 26 "$write", " ----------------------\012" {0 0 0};
    %pushi/vec4 0, 0, 1;
    %store/vec4 v0x7feef641b3f0_0, 0, 1;
    %pushi/vec4 0, 0, 1;
    %store/vec4 v0x7feef641b490_0, 0, 1;
    %delay 2, 0;
    %pushi/vec4 0, 0, 1;
    %store/vec4 v0x7feef641b3f0_0, 0, 1;
    %pushi/vec4 1, 0, 1;
    %store/vec4 v0x7feef641b490_0, 0, 1;
    %delay 2, 0;
    %pushi/vec4 1, 0, 1;
    %store/vec4 v0x7feef641b3f0_0, 0, 1;
    %pushi/vec4 0, 0, 1;
    %store/vec4 v0x7feef641b490_0, 0, 1;
    %delay 2, 0;
    %pushi/vec4 1, 0, 1;
    %store/vec4 v0x7feef641b3f0_0, 0, 1;
    %pushi/vec4 1, 0, 1;
    %store/vec4 v0x7feef641b490_0, 0, 1;
    %delay 2, 0;
    %delay 10, 0;
    %vpi_call 2 41 "$write", "\012\012\011\011 ~ ~ ~ TEST COMPLETE ~ ~ ~ \012\012" {0 0 0};
    %vpi_call 2 42 "$finish" {0 0 0};
    %end;
    .thread T_0;
    .scope S_0x7feef6407190;
T_1 ;
    %wait E_0x7feef6408f10;
    %vpi_call 2 46 "$write", " %2t        %b  %b  |  %b    value changed\012", $time, v0x7feef641b3f0_0, v0x7feef641b490_0, v0x7feef641b540_0 {0 0 0};
    %jmp T_1;
    .thread T_1, $push;
# The file index is used to find the file name in the following table.
:file_names 3;
    "N/A";
    "<interactive>";
    "exp4b.v";
