#! /usr/local/Cellar/icarus-verilog/11.0/bin/vvp
:ivl_version "11.0 (stable)";
:ivl_delay_selection "TYPICAL";
:vpi_time_precision + 0;
:vpi_module "/usr/local/Cellar/icarus-verilog/11.0/lib/ivl/system.vpi";
:vpi_module "/usr/local/Cellar/icarus-verilog/11.0/lib/ivl/vhdl_sys.vpi";
:vpi_module "/usr/local/Cellar/icarus-verilog/11.0/lib/ivl/vhdl_textio.vpi";
:vpi_module "/usr/local/Cellar/icarus-verilog/11.0/lib/ivl/v2005_math.vpi";
:vpi_module "/usr/local/Cellar/icarus-verilog/11.0/lib/ivl/va_math.vpi";
S_0x7fe35fc07ac0 .scope module, "preB_fpga" "preB_fpga" 2 2;
 .timescale 0 0;
    .port_info 0 /OUTPUT 1 "out_y";
    .port_info 1 /INPUT 1 "in_a";
    .port_info 2 /INPUT 1 "in_b";
    .port_info 3 /INPUT 1 "in_c";
o0x10210c158 .functor BUFZ 1, C4<z>; HiZ drive
L_0x7fe35fc18220 .functor NOT 1, o0x10210c158, C4<0>, C4<0>, C4<0>;
v0x7fe35fc075b0_0 .net *"_ivl_0", 0 0, L_0x7fe35fc18040;  1 drivers
v0x7fe35fc17a10_0 .net *"_ivl_3", 0 0, L_0x7fe35fc18140;  1 drivers
v0x7fe35fc17ab0_0 .net *"_ivl_4", 0 0, L_0x7fe35fc18220;  1 drivers
v0x7fe35fc17b60_0 .net *"_ivl_7", 0 0, L_0x7fe35fc182d0;  1 drivers
v0x7fe35fc17c10_0 .net *"_ivl_8", 0 0, L_0x7fe35fc183f0;  1 drivers
o0x10210c0f8 .functor BUFZ 1, C4<z>; HiZ drive
v0x7fe35fc17d00_0 .net "in_a", 0 0, o0x10210c0f8;  0 drivers
o0x10210c128 .functor BUFZ 1, C4<z>; HiZ drive
v0x7fe35fc17da0_0 .net "in_b", 0 0, o0x10210c128;  0 drivers
v0x7fe35fc17e40_0 .net "in_c", 0 0, o0x10210c158;  0 drivers
v0x7fe35fc17ee0_0 .net "out_y", 0 0, L_0x7fe35fc18530;  1 drivers
L_0x7fe35fc18040 .arith/sum 1, o0x10210c128, o0x10210c158;
L_0x7fe35fc18140 .arith/mult 1, o0x10210c0f8, L_0x7fe35fc18040;
L_0x7fe35fc182d0 .arith/mult 1, o0x10210c128, L_0x7fe35fc18220;
L_0x7fe35fc183f0 .arith/sum 1, L_0x7fe35fc18140, L_0x7fe35fc182d0;
L_0x7fe35fc18530 .arith/sum 1, L_0x7fe35fc183f0, o0x10210c0f8;
# The file index is used to find the file name in the following table.
:file_names 3;
    "N/A";
    "<interactive>";
    "preB_fpga.v";
