#! /usr/local/Cellar/icarus-verilog/11.0/bin/vvp
:ivl_version "11.0 (stable)";
:ivl_delay_selection "TYPICAL";
:vpi_time_precision - 9;
:vpi_module "/usr/local/Cellar/icarus-verilog/11.0/lib/ivl/system.vpi";
:vpi_module "/usr/local/Cellar/icarus-verilog/11.0/lib/ivl/vhdl_sys.vpi";
:vpi_module "/usr/local/Cellar/icarus-verilog/11.0/lib/ivl/vhdl_textio.vpi";
:vpi_module "/usr/local/Cellar/icarus-verilog/11.0/lib/ivl/v2005_math.vpi";
:vpi_module "/usr/local/Cellar/icarus-verilog/11.0/lib/ivl/va_math.vpi";
S_0x7fdd170001c0 .scope module, "tb" "tb" 2 9;
 .timescale -9 -9;
v0x7fdd17011540_0 .var "WE", 0 0;
v0x7fdd170115e0_0 .var "address", 3 0;
v0x7fdd17011690_0 .net "bus", 15 0, L_0x7fdd170118e0;  1 drivers
v0x7fdd17011760_0 .var "clock", 0 0;
v0x7fdd17011810_0 .var/i "idx", 31 0;
S_0x7fdd17000f80 .scope module, "DUT" "memory_unit" 2 18, 2 55 0, S_0x7fdd170001c0;
 .timescale -9 -9;
    .port_info 0 /INOUT 16 "bus";
    .port_info 1 /INPUT 4 "address";
    .port_info 2 /INPUT 1 "WE";
    .port_info 3 /INPUT 1 "clock";
v0x7fdd17000330 .array "RAM", 15 0, 15 0;
v0x7fdd170010f0_0 .net "WE", 0 0, v0x7fdd17011540_0;  1 drivers
o0x10c8ce038 .functor BUFZ 16, C4<zzzzzzzzzzzzzzzz>; HiZ drive
; Elide local net with no drivers, v0x7fdd17011150_0 name=_ivl_0
v0x7fdd17011210_0 .net "address", 3 0, v0x7fdd170115e0_0;  1 drivers
v0x7fdd170112c0_0 .net "bus", 15 0, L_0x7fdd170118e0;  alias, 1 drivers
v0x7fdd170113b0_0 .net "clock", 0 0, v0x7fdd17011760_0;  1 drivers
v0x7fdd17011450_0 .var "data_out", 15 0;
E_0x7fdd17000850 .event posedge, v0x7fdd170113b0_0;
L_0x7fdd170118e0 .functor MUXZ 16, v0x7fdd17011450_0, o0x10c8ce038, v0x7fdd17011540_0, C4<>;
    .scope S_0x7fdd17000f80;
T_0 ;
    %vpi_call 2 66 "$readmemh", "data.txt", v0x7fdd17000330 {0 0 0};
    %end;
    .thread T_0;
    .scope S_0x7fdd17000f80;
T_1 ;
    %wait E_0x7fdd17000850;
    %load/vec4 v0x7fdd170010f0_0;
    %cmpi/e 1, 0, 1;
    %jmp/0xz  T_1.0, 4;
    %load/vec4 v0x7fdd170112c0_0;
    %load/vec4 v0x7fdd17011210_0;
    %pad/u 6;
    %ix/vec4 3;
    %ix/load 4, 0, 0; Constant delay
    %assign/vec4/a/d v0x7fdd17000330, 0, 4;
T_1.0 ;
    %load/vec4 v0x7fdd17011210_0;
    %pad/u 6;
    %ix/vec4 4;
    %load/vec4a v0x7fdd17000330, 4;
    %assign/vec4 v0x7fdd17011450_0, 0;
    %jmp T_1;
    .thread T_1;
    .scope S_0x7fdd170001c0;
T_2 ;
    %delay 5, 0;
    %load/vec4 v0x7fdd17011760_0;
    %inv;
    %store/vec4 v0x7fdd17011760_0, 0, 1;
    %jmp T_2;
    .thread T_2;
    .scope S_0x7fdd170001c0;
T_3 ;
    %vpi_call 2 31 "$dumpfile", "wave.vcd" {0 0 0};
    %vpi_call 2 32 "$dumpvars", 32'sb00000000000000000000000000000000, S_0x7fdd170001c0 {0 0 0};
    %vpi_call 2 33 "$write", "\012test the memory read\012\012" {0 0 0};
    %pushi/vec4 0, 0, 1;
    %store/vec4 v0x7fdd17011760_0, 0, 1;
    %delay 5, 0;
    %delay 5, 0;
    %pushi/vec4 0, 0, 1;
    %store/vec4 v0x7fdd17011760_0, 0, 1;
    %pushi/vec4 0, 0, 1;
    %store/vec4 v0x7fdd17011540_0, 0, 1;
    %pushi/vec4 0, 0, 32;
    %store/vec4 v0x7fdd17011810_0, 0, 32;
T_3.0 ;
    %load/vec4 v0x7fdd17011810_0;
    %cmpi/s 16, 0, 32;
    %jmp/0xz T_3.1, 5;
    %load/vec4 v0x7fdd17011810_0;
    %pad/s 4;
    %assign/vec4 v0x7fdd170115e0_0, 0;
    %delay 5, 0;
    %delay 5, 0;
    %vpi_call 2 43 "$write", "address %4b  ,  %h\012", v0x7fdd170115e0_0, v0x7fdd17011690_0 {0 0 0};
    %load/vec4 v0x7fdd17011810_0;
    %addi 1, 0, 32;
    %store/vec4 v0x7fdd17011810_0, 0, 32;
    %jmp T_3.0;
T_3.1 ;
    %vpi_call 2 46 "$write", "\012\012\011\011 ~ ~ ~ TEST COMPLETE ~ ~ ~\012\012" {0 0 0};
    %vpi_call 2 47 "$finish" {0 0 0};
    %end;
    .thread T_3;
# The file index is used to find the file name in the following table.
:file_names 3;
    "N/A";
    "<interactive>";
    "mem.v";
