#! /usr/local/Cellar/icarus-verilog/11.0/bin/vvp
:ivl_version "11.0 (stable)";
:ivl_delay_selection "TYPICAL";
:vpi_time_precision - 9;
:vpi_module "/usr/local/Cellar/icarus-verilog/11.0/lib/ivl/system.vpi";
:vpi_module "/usr/local/Cellar/icarus-verilog/11.0/lib/ivl/vhdl_sys.vpi";
:vpi_module "/usr/local/Cellar/icarus-verilog/11.0/lib/ivl/vhdl_textio.vpi";
:vpi_module "/usr/local/Cellar/icarus-verilog/11.0/lib/ivl/v2005_math.vpi";
:vpi_module "/usr/local/Cellar/icarus-verilog/11.0/lib/ivl/va_math.vpi";
S_0x7fe64740f170 .scope module, "tb" "tb" 2 19;
 .timescale -9 -9;
v0x7fe64743c5d0_0 .var/i "idx", 31 0;
v0x7fe64743c690_0 .net "seg1", 6 0, v0x7fe64743b0b0_0;  1 drivers
v0x7fe64743c770_0 .net "seg2", 6 0, v0x7fe64743b5b0_0;  1 drivers
v0x7fe64743c840_0 .var "select", 4 0;
S_0x7fe64740f2e0 .scope module, "DUT" "seg7_dig2" 2 26, 2 176 0, S_0x7fe64740f170;
 .timescale -9 -9;
    .port_info 0 /OUTPUT 7 "disp2";
    .port_info 1 /OUTPUT 7 "disp1";
    .port_info 2 /INPUT 5 "cntl";
v0x7fe64743bc40_0 .net "cntl", 4 0, v0x7fe64743c840_0;  1 drivers
v0x7fe64743bcf0_0 .net "disp1", 6 0, v0x7fe64743b0b0_0;  alias, 1 drivers
v0x7fe64743bda0_0 .net "disp2", 6 0, v0x7fe64743b5b0_0;  alias, 1 drivers
v0x7fe64743be70_0 .net "onez", 3 0, v0x7fe64743ba80_0;  1 drivers
v0x7fe64743bf40_0 .net "tenz", 3 0, v0x7fe64743bb50_0;  1 drivers
S_0x7fe6474163d0 .scope module, "dig1" "seg7_dig" 2 196, 2 207 0, S_0x7fe64740f2e0;
 .timescale -9 -9;
    .port_info 0 /INPUT 4 "cntl_4bit";
    .port_info 1 /OUTPUT 7 "disp_4bit";
P_0x7fe6474115a0 .param/l "OFF" 0 2 213, C4<1>;
P_0x7fe6474115e0 .param/l "ON" 0 2 212, C4<0>;
v0x7fe647404720_0 .net "cntl_4bit", 3 0, v0x7fe64743ba80_0;  alias, 1 drivers
v0x7fe64743b0b0_0 .var "disp_4bit", 6 0;
E_0x7fe6474104d0 .event edge, v0x7fe647404720_0;
S_0x7fe64743b190 .scope module, "dig2" "seg7_dig" 2 191, 2 207 0, S_0x7fe64740f2e0;
 .timescale -9 -9;
    .port_info 0 /INPUT 4 "cntl_4bit";
    .port_info 1 /OUTPUT 7 "disp_4bit";
P_0x7fe64743b350 .param/l "OFF" 0 2 213, C4<1>;
P_0x7fe64743b390 .param/l "ON" 0 2 212, C4<0>;
v0x7fe64743b4f0_0 .net "cntl_4bit", 3 0, v0x7fe64743bb50_0;  alias, 1 drivers
v0x7fe64743b5b0_0 .var "disp_4bit", 6 0;
E_0x7fe64743b4a0 .event edge, v0x7fe64743b4f0_0;
S_0x7fe64743b690 .scope module, "getDigs" "my_bcd" 2 185, 2 262 0, S_0x7fe64740f2e0;
 .timescale -9 -9;
    .port_info 0 /OUTPUT 4 "tens";
    .port_info 1 /OUTPUT 4 "ones";
    .port_info 2 /INPUT 5 "bin_in";
v0x7fe64743b910_0 .net "bin_in", 4 0, v0x7fe64743c840_0;  alias, 1 drivers
v0x7fe64743b9d0_0 .var/i "idx", 31 0;
v0x7fe64743ba80_0 .var "ones", 3 0;
v0x7fe64743bb50_0 .var "tens", 3 0;
E_0x7fe64743b8e0 .event edge, v0x7fe64743b910_0;
S_0x7fe64743c050 .scope task, "disp_out" "disp_out" 2 88, 2 88 0, S_0x7fe64740f170;
 .timescale -9 -9;
v0x7fe64743c210_0 .var "seg_out", 6 0;
TD_tb.disp_out ;
    %vpi_call 2 91 "$write", "\012" {0 0 0};
    %load/vec4 v0x7fe64743c210_0;
    %dup/vec4;
    %pushi/vec4 64, 0, 7;
    %cmp/u;
    %jmp/1 T_0.0, 6;
    %dup/vec4;
    %pushi/vec4 121, 0, 7;
    %cmp/u;
    %jmp/1 T_0.1, 6;
    %dup/vec4;
    %pushi/vec4 36, 0, 7;
    %cmp/u;
    %jmp/1 T_0.2, 6;
    %dup/vec4;
    %pushi/vec4 48, 0, 7;
    %cmp/u;
    %jmp/1 T_0.3, 6;
    %dup/vec4;
    %pushi/vec4 25, 0, 7;
    %cmp/u;
    %jmp/1 T_0.4, 6;
    %dup/vec4;
    %pushi/vec4 18, 0, 7;
    %cmp/u;
    %jmp/1 T_0.5, 6;
    %dup/vec4;
    %pushi/vec4 2, 0, 7;
    %cmp/u;
    %jmp/1 T_0.6, 6;
    %dup/vec4;
    %pushi/vec4 120, 0, 7;
    %cmp/u;
    %jmp/1 T_0.7, 6;
    %dup/vec4;
    %pushi/vec4 0, 0, 7;
    %cmp/u;
    %jmp/1 T_0.8, 6;
    %dup/vec4;
    %pushi/vec4 24, 0, 7;
    %cmp/u;
    %jmp/1 T_0.9, 6;
    %vpi_call 2 164 "$write", "NO OUTPUT" {0 0 0};
    %jmp T_0.11;
T_0.0 ;
    %vpi_call 2 95 "$write", "\011 --\012" {0 0 0};
    %vpi_call 2 96 "$write", "\011|  |\012" {0 0 0};
    %vpi_call 2 97 "$write", "\011|  |\012" {0 0 0};
    %vpi_call 2 98 "$write", "\011 --\012" {0 0 0};
    %jmp T_0.11;
T_0.1 ;
    %vpi_call 2 102 "$write", "\011  |\012" {0 0 0};
    %vpi_call 2 103 "$write", "\011  |\012" {0 0 0};
    %jmp T_0.11;
T_0.2 ;
    %vpi_call 2 107 "$write", "\011 --\012" {0 0 0};
    %vpi_call 2 108 "$write", "\011   |\012" {0 0 0};
    %vpi_call 2 109 "$write", "\011 --\012" {0 0 0};
    %vpi_call 2 110 "$write", "\011|\012" {0 0 0};
    %vpi_call 2 111 "$write", "\011 --\012" {0 0 0};
    %jmp T_0.11;
T_0.3 ;
    %vpi_call 2 115 "$write", "\011--\012" {0 0 0};
    %vpi_call 2 116 "$write", "\011  |\012" {0 0 0};
    %vpi_call 2 117 "$write", "\011--\012" {0 0 0};
    %vpi_call 2 118 "$write", "\011  |\012" {0 0 0};
    %vpi_call 2 119 "$write", "\011--\012" {0 0 0};
    %jmp T_0.11;
T_0.4 ;
    %vpi_call 2 123 "$write", "\011|  |\012" {0 0 0};
    %vpi_call 2 124 "$write", "\011 --\012" {0 0 0};
    %vpi_call 2 125 "$write", "\011   |\012" {0 0 0};
    %jmp T_0.11;
T_0.5 ;
    %vpi_call 2 129 "$write", "\011 --\012" {0 0 0};
    %vpi_call 2 130 "$write", "\011|\012" {0 0 0};
    %vpi_call 2 131 "$write", "\011 --\012" {0 0 0};
    %vpi_call 2 132 "$write", "\011   |\012" {0 0 0};
    %vpi_call 2 133 "$write", "\011 --\012" {0 0 0};
    %jmp T_0.11;
T_0.6 ;
    %vpi_call 2 137 "$write", "\011 --\012" {0 0 0};
    %vpi_call 2 138 "$write", "\011|\012" {0 0 0};
    %vpi_call 2 139 "$write", "\011 --\012" {0 0 0};
    %vpi_call 2 140 "$write", "\011|  |\012" {0 0 0};
    %vpi_call 2 141 "$write", "\011 --\012" {0 0 0};
    %jmp T_0.11;
T_0.7 ;
    %vpi_call 2 145 "$write", "\011 --\012" {0 0 0};
    %vpi_call 2 146 "$write", "\011   |\012" {0 0 0};
    %vpi_call 2 147 "$write", "\011   |\012" {0 0 0};
    %jmp T_0.11;
T_0.8 ;
    %vpi_call 2 151 "$write", "\011 --\012" {0 0 0};
    %vpi_call 2 152 "$write", "\011|  |\012" {0 0 0};
    %vpi_call 2 153 "$write", "\011 --\012" {0 0 0};
    %vpi_call 2 154 "$write", "\011|  |\012" {0 0 0};
    %vpi_call 2 155 "$write", "\011 --\012" {0 0 0};
    %jmp T_0.11;
T_0.9 ;
    %vpi_call 2 159 "$write", "\011 --\012" {0 0 0};
    %vpi_call 2 160 "$write", "\011|  |\012" {0 0 0};
    %vpi_call 2 161 "$write", "\011 --\012" {0 0 0};
    %vpi_call 2 162 "$write", "\011   |\012" {0 0 0};
    %jmp T_0.11;
T_0.11 ;
    %pop/vec4 1;
    %vpi_call 2 167 "$write", "\012" {0 0 0};
    %end;
S_0x7fe64743c2a0 .scope autotask, "retDig" "retDig" 2 50, 2 50 0, S_0x7fe64740f170;
 .timescale -9 -9;
v0x7fe64743c480_0 .var "last", 0 0;
v0x7fe64743c520_0 .var "regIn", 6 0;
TD_tb.retDig ;
    %load/vec4 v0x7fe64743c480_0;
    %cmpi/e 1, 0, 1;
    %jmp/0xz  T_1.12, 4;
    %load/vec4 v0x7fe64743c520_0;
    %dup/vec4;
    %pushi/vec4 64, 0, 7;
    %cmp/u;
    %jmp/1 T_1.14, 6;
    %dup/vec4;
    %pushi/vec4 121, 0, 7;
    %cmp/u;
    %jmp/1 T_1.15, 6;
    %dup/vec4;
    %pushi/vec4 36, 0, 7;
    %cmp/u;
    %jmp/1 T_1.16, 6;
    %dup/vec4;
    %pushi/vec4 48, 0, 7;
    %cmp/u;
    %jmp/1 T_1.17, 6;
    %dup/vec4;
    %pushi/vec4 25, 0, 7;
    %cmp/u;
    %jmp/1 T_1.18, 6;
    %dup/vec4;
    %pushi/vec4 18, 0, 7;
    %cmp/u;
    %jmp/1 T_1.19, 6;
    %dup/vec4;
    %pushi/vec4 2, 0, 7;
    %cmp/u;
    %jmp/1 T_1.20, 6;
    %dup/vec4;
    %pushi/vec4 120, 0, 7;
    %cmp/u;
    %jmp/1 T_1.21, 6;
    %dup/vec4;
    %pushi/vec4 0, 0, 7;
    %cmp/u;
    %jmp/1 T_1.22, 6;
    %dup/vec4;
    %pushi/vec4 24, 0, 7;
    %cmp/u;
    %jmp/1 T_1.23, 6;
    %vpi_call 2 66 "$write", "  ERROR\012\012" {0 0 0};
    %jmp T_1.25;
T_1.14 ;
    %vpi_call 2 56 "$write", "  0\012\012" {0 0 0};
    %jmp T_1.25;
T_1.15 ;
    %vpi_call 2 57 "$write", "  1\012\012" {0 0 0};
    %jmp T_1.25;
T_1.16 ;
    %vpi_call 2 58 "$write", "  2\012\012" {0 0 0};
    %jmp T_1.25;
T_1.17 ;
    %vpi_call 2 59 "$write", "  3\012\012" {0 0 0};
    %jmp T_1.25;
T_1.18 ;
    %vpi_call 2 60 "$write", "  4\012\012" {0 0 0};
    %jmp T_1.25;
T_1.19 ;
    %vpi_call 2 61 "$write", "  5\012\012" {0 0 0};
    %jmp T_1.25;
T_1.20 ;
    %vpi_call 2 62 "$write", "  6\012\012" {0 0 0};
    %jmp T_1.25;
T_1.21 ;
    %vpi_call 2 63 "$write", "  7\012\012" {0 0 0};
    %jmp T_1.25;
T_1.22 ;
    %vpi_call 2 64 "$write", "  8\012\012" {0 0 0};
    %jmp T_1.25;
T_1.23 ;
    %vpi_call 2 65 "$write", "  9\012\012" {0 0 0};
    %jmp T_1.25;
T_1.25 ;
    %pop/vec4 1;
    %jmp T_1.13;
T_1.12 ;
    %load/vec4 v0x7fe64743c520_0;
    %dup/vec4;
    %pushi/vec4 64, 0, 7;
    %cmp/u;
    %jmp/1 T_1.26, 6;
    %dup/vec4;
    %pushi/vec4 121, 0, 7;
    %cmp/u;
    %jmp/1 T_1.27, 6;
    %dup/vec4;
    %pushi/vec4 36, 0, 7;
    %cmp/u;
    %jmp/1 T_1.28, 6;
    %dup/vec4;
    %pushi/vec4 48, 0, 7;
    %cmp/u;
    %jmp/1 T_1.29, 6;
    %dup/vec4;
    %pushi/vec4 25, 0, 7;
    %cmp/u;
    %jmp/1 T_1.30, 6;
    %dup/vec4;
    %pushi/vec4 18, 0, 7;
    %cmp/u;
    %jmp/1 T_1.31, 6;
    %dup/vec4;
    %pushi/vec4 2, 0, 7;
    %cmp/u;
    %jmp/1 T_1.32, 6;
    %dup/vec4;
    %pushi/vec4 120, 0, 7;
    %cmp/u;
    %jmp/1 T_1.33, 6;
    %dup/vec4;
    %pushi/vec4 0, 0, 7;
    %cmp/u;
    %jmp/1 T_1.34, 6;
    %dup/vec4;
    %pushi/vec4 24, 0, 7;
    %cmp/u;
    %jmp/1 T_1.35, 6;
    %vpi_call 2 81 "$write", "  ERROR\012" {0 0 0};
    %jmp T_1.37;
T_1.26 ;
    %vpi_call 2 71 "$write", "  0\012" {0 0 0};
    %jmp T_1.37;
T_1.27 ;
    %vpi_call 2 72 "$write", "  1\012" {0 0 0};
    %jmp T_1.37;
T_1.28 ;
    %vpi_call 2 73 "$write", "  2\012" {0 0 0};
    %jmp T_1.37;
T_1.29 ;
    %vpi_call 2 74 "$write", "  3\012" {0 0 0};
    %jmp T_1.37;
T_1.30 ;
    %vpi_call 2 75 "$write", "  4\012" {0 0 0};
    %jmp T_1.37;
T_1.31 ;
    %vpi_call 2 76 "$write", "  5\012" {0 0 0};
    %jmp T_1.37;
T_1.32 ;
    %vpi_call 2 77 "$write", "  6\012" {0 0 0};
    %jmp T_1.37;
T_1.33 ;
    %vpi_call 2 78 "$write", "  7\012" {0 0 0};
    %jmp T_1.37;
T_1.34 ;
    %vpi_call 2 79 "$write", "  8\012" {0 0 0};
    %jmp T_1.37;
T_1.35 ;
    %vpi_call 2 80 "$write", "  9\012" {0 0 0};
    %jmp T_1.37;
T_1.37 ;
    %pop/vec4 1;
T_1.13 ;
    %end;
    .scope S_0x7fe64743b690;
T_2 ;
    %wait E_0x7fe64743b8e0;
    %pushi/vec4 0, 0, 4;
    %store/vec4 v0x7fe64743bb50_0, 0, 4;
    %pushi/vec4 0, 0, 4;
    %store/vec4 v0x7fe64743ba80_0, 0, 4;
    %pushi/vec4 4, 0, 32;
    %store/vec4 v0x7fe64743b9d0_0, 0, 32;
T_2.0 ;
    %load/vec4 v0x7fe64743b9d0_0;
    %cmpi/s 0, 0, 32;
    %flag_inv 5; GE is !LT
    %jmp/0xz T_2.1, 5;
    %load/vec4 v0x7fe64743bb50_0;
    %cmpi/u 5, 0, 4;
    %flag_inv 5; GE is !LT
    %jmp/0xz  T_2.2, 5;
    %load/vec4 v0x7fe64743bb50_0;
    %addi 3, 0, 4;
    %store/vec4 v0x7fe64743bb50_0, 0, 4;
T_2.2 ;
    %load/vec4 v0x7fe64743ba80_0;
    %cmpi/u 5, 0, 4;
    %flag_inv 5; GE is !LT
    %jmp/0xz  T_2.4, 5;
    %load/vec4 v0x7fe64743ba80_0;
    %addi 3, 0, 4;
    %store/vec4 v0x7fe64743ba80_0, 0, 4;
T_2.4 ;
    %load/vec4 v0x7fe64743bb50_0;
    %ix/load 4, 1, 0;
    %flag_set/imm 4, 0;
    %shiftl 4;
    %store/vec4 v0x7fe64743bb50_0, 0, 4;
    %load/vec4 v0x7fe64743ba80_0;
    %parti/s 1, 3, 3;
    %ix/load 4, 0, 0;
    %flag_set/imm 4, 0;
    %store/vec4 v0x7fe64743bb50_0, 4, 1;
    %load/vec4 v0x7fe64743ba80_0;
    %ix/load 4, 1, 0;
    %flag_set/imm 4, 0;
    %shiftl 4;
    %store/vec4 v0x7fe64743ba80_0, 0, 4;
    %load/vec4 v0x7fe64743b910_0;
    %load/vec4 v0x7fe64743b9d0_0;
    %part/s 1;
    %ix/load 4, 0, 0;
    %flag_set/imm 4, 0;
    %store/vec4 v0x7fe64743ba80_0, 4, 1;
    %load/vec4 v0x7fe64743b9d0_0;
    %subi 1, 0, 32;
    %store/vec4 v0x7fe64743b9d0_0, 0, 32;
    %jmp T_2.0;
T_2.1 ;
    %jmp T_2;
    .thread T_2, $push;
    .scope S_0x7fe64743b190;
T_3 ;
    %wait E_0x7fe64743b4a0;
    %pushi/vec4 127, 0, 7;
    %store/vec4 v0x7fe64743b5b0_0, 0, 7;
    %load/vec4 v0x7fe64743b4f0_0;
    %dup/vec4;
    %pushi/vec4 0, 0, 4;
    %cmp/u;
    %jmp/1 T_3.0, 6;
    %dup/vec4;
    %pushi/vec4 1, 0, 4;
    %cmp/u;
    %jmp/1 T_3.1, 6;
    %dup/vec4;
    %pushi/vec4 2, 0, 4;
    %cmp/u;
    %jmp/1 T_3.2, 6;
    %dup/vec4;
    %pushi/vec4 3, 0, 4;
    %cmp/u;
    %jmp/1 T_3.3, 6;
    %dup/vec4;
    %pushi/vec4 4, 0, 4;
    %cmp/u;
    %jmp/1 T_3.4, 6;
    %dup/vec4;
    %pushi/vec4 5, 0, 4;
    %cmp/u;
    %jmp/1 T_3.5, 6;
    %dup/vec4;
    %pushi/vec4 6, 0, 4;
    %cmp/u;
    %jmp/1 T_3.6, 6;
    %dup/vec4;
    %pushi/vec4 7, 0, 4;
    %cmp/u;
    %jmp/1 T_3.7, 6;
    %dup/vec4;
    %pushi/vec4 8, 0, 4;
    %cmp/u;
    %jmp/1 T_3.8, 6;
    %dup/vec4;
    %pushi/vec4 9, 0, 4;
    %cmp/u;
    %jmp/1 T_3.9, 6;
    %jmp T_3.10;
T_3.0 ;
    %pushi/vec4 0, 0, 6;
    %ix/load 4, 0, 0;
    %flag_set/imm 4, 0;
    %store/vec4 v0x7fe64743b5b0_0, 4, 6;
    %jmp T_3.10;
T_3.1 ;
    %pushi/vec4 0, 0, 2;
    %ix/load 4, 1, 0;
    %flag_set/imm 4, 0;
    %store/vec4 v0x7fe64743b5b0_0, 4, 2;
    %jmp T_3.10;
T_3.2 ;
    %pushi/vec4 0, 0, 2;
    %ix/load 4, 0, 0;
    %flag_set/imm 4, 0;
    %store/vec4 v0x7fe64743b5b0_0, 4, 2;
    %pushi/vec4 0, 0, 1;
    %ix/load 4, 6, 0;
    %flag_set/imm 4, 0;
    %store/vec4 v0x7fe64743b5b0_0, 4, 1;
    %pushi/vec4 0, 0, 2;
    %ix/load 4, 3, 0;
    %flag_set/imm 4, 0;
    %store/vec4 v0x7fe64743b5b0_0, 4, 2;
    %jmp T_3.10;
T_3.3 ;
    %pushi/vec4 0, 0, 4;
    %ix/load 4, 0, 0;
    %flag_set/imm 4, 0;
    %store/vec4 v0x7fe64743b5b0_0, 4, 4;
    %pushi/vec4 0, 0, 1;
    %ix/load 4, 6, 0;
    %flag_set/imm 4, 0;
    %store/vec4 v0x7fe64743b5b0_0, 4, 1;
    %jmp T_3.10;
T_3.4 ;
    %pushi/vec4 0, 0, 2;
    %ix/load 4, 1, 0;
    %flag_set/imm 4, 0;
    %store/vec4 v0x7fe64743b5b0_0, 4, 2;
    %pushi/vec4 0, 0, 2;
    %ix/load 4, 5, 0;
    %flag_set/imm 4, 0;
    %store/vec4 v0x7fe64743b5b0_0, 4, 2;
    %jmp T_3.10;
T_3.5 ;
    %pushi/vec4 0, 0, 1;
    %ix/load 4, 0, 0;
    %flag_set/imm 4, 0;
    %store/vec4 v0x7fe64743b5b0_0, 4, 1;
    %pushi/vec4 0, 0, 2;
    %ix/load 4, 2, 0;
    %flag_set/imm 4, 0;
    %store/vec4 v0x7fe64743b5b0_0, 4, 2;
    %pushi/vec4 0, 0, 2;
    %ix/load 4, 5, 0;
    %flag_set/imm 4, 0;
    %store/vec4 v0x7fe64743b5b0_0, 4, 2;
    %jmp T_3.10;
T_3.6 ;
    %pushi/vec4 0, 0, 1;
    %ix/load 4, 0, 0;
    %flag_set/imm 4, 0;
    %store/vec4 v0x7fe64743b5b0_0, 4, 1;
    %pushi/vec4 0, 0, 5;
    %ix/load 4, 2, 0;
    %flag_set/imm 4, 0;
    %store/vec4 v0x7fe64743b5b0_0, 4, 5;
    %jmp T_3.10;
T_3.7 ;
    %pushi/vec4 0, 0, 3;
    %ix/load 4, 0, 0;
    %flag_set/imm 4, 0;
    %store/vec4 v0x7fe64743b5b0_0, 4, 3;
    %jmp T_3.10;
T_3.8 ;
    %pushi/vec4 0, 0, 7;
    %store/vec4 v0x7fe64743b5b0_0, 0, 7;
    %jmp T_3.10;
T_3.9 ;
    %pushi/vec4 0, 0, 7;
    %store/vec4 v0x7fe64743b5b0_0, 0, 7;
    %pushi/vec4 3, 0, 2;
    %ix/load 4, 3, 0;
    %flag_set/imm 4, 0;
    %store/vec4 v0x7fe64743b5b0_0, 4, 2;
    %jmp T_3.10;
T_3.10 ;
    %pop/vec4 1;
    %jmp T_3;
    .thread T_3, $push;
    .scope S_0x7fe6474163d0;
T_4 ;
    %wait E_0x7fe6474104d0;
    %pushi/vec4 127, 0, 7;
    %store/vec4 v0x7fe64743b0b0_0, 0, 7;
    %load/vec4 v0x7fe647404720_0;
    %dup/vec4;
    %pushi/vec4 0, 0, 4;
    %cmp/u;
    %jmp/1 T_4.0, 6;
    %dup/vec4;
    %pushi/vec4 1, 0, 4;
    %cmp/u;
    %jmp/1 T_4.1, 6;
    %dup/vec4;
    %pushi/vec4 2, 0, 4;
    %cmp/u;
    %jmp/1 T_4.2, 6;
    %dup/vec4;
    %pushi/vec4 3, 0, 4;
    %cmp/u;
    %jmp/1 T_4.3, 6;
    %dup/vec4;
    %pushi/vec4 4, 0, 4;
    %cmp/u;
    %jmp/1 T_4.4, 6;
    %dup/vec4;
    %pushi/vec4 5, 0, 4;
    %cmp/u;
    %jmp/1 T_4.5, 6;
    %dup/vec4;
    %pushi/vec4 6, 0, 4;
    %cmp/u;
    %jmp/1 T_4.6, 6;
    %dup/vec4;
    %pushi/vec4 7, 0, 4;
    %cmp/u;
    %jmp/1 T_4.7, 6;
    %dup/vec4;
    %pushi/vec4 8, 0, 4;
    %cmp/u;
    %jmp/1 T_4.8, 6;
    %dup/vec4;
    %pushi/vec4 9, 0, 4;
    %cmp/u;
    %jmp/1 T_4.9, 6;
    %jmp T_4.10;
T_4.0 ;
    %pushi/vec4 0, 0, 6;
    %ix/load 4, 0, 0;
    %flag_set/imm 4, 0;
    %store/vec4 v0x7fe64743b0b0_0, 4, 6;
    %jmp T_4.10;
T_4.1 ;
    %pushi/vec4 0, 0, 2;
    %ix/load 4, 1, 0;
    %flag_set/imm 4, 0;
    %store/vec4 v0x7fe64743b0b0_0, 4, 2;
    %jmp T_4.10;
T_4.2 ;
    %pushi/vec4 0, 0, 2;
    %ix/load 4, 0, 0;
    %flag_set/imm 4, 0;
    %store/vec4 v0x7fe64743b0b0_0, 4, 2;
    %pushi/vec4 0, 0, 1;
    %ix/load 4, 6, 0;
    %flag_set/imm 4, 0;
    %store/vec4 v0x7fe64743b0b0_0, 4, 1;
    %pushi/vec4 0, 0, 2;
    %ix/load 4, 3, 0;
    %flag_set/imm 4, 0;
    %store/vec4 v0x7fe64743b0b0_0, 4, 2;
    %jmp T_4.10;
T_4.3 ;
    %pushi/vec4 0, 0, 4;
    %ix/load 4, 0, 0;
    %flag_set/imm 4, 0;
    %store/vec4 v0x7fe64743b0b0_0, 4, 4;
    %pushi/vec4 0, 0, 1;
    %ix/load 4, 6, 0;
    %flag_set/imm 4, 0;
    %store/vec4 v0x7fe64743b0b0_0, 4, 1;
    %jmp T_4.10;
T_4.4 ;
    %pushi/vec4 0, 0, 2;
    %ix/load 4, 1, 0;
    %flag_set/imm 4, 0;
    %store/vec4 v0x7fe64743b0b0_0, 4, 2;
    %pushi/vec4 0, 0, 2;
    %ix/load 4, 5, 0;
    %flag_set/imm 4, 0;
    %store/vec4 v0x7fe64743b0b0_0, 4, 2;
    %jmp T_4.10;
T_4.5 ;
    %pushi/vec4 0, 0, 1;
    %ix/load 4, 0, 0;
    %flag_set/imm 4, 0;
    %store/vec4 v0x7fe64743b0b0_0, 4, 1;
    %pushi/vec4 0, 0, 2;
    %ix/load 4, 2, 0;
    %flag_set/imm 4, 0;
    %store/vec4 v0x7fe64743b0b0_0, 4, 2;
    %pushi/vec4 0, 0, 2;
    %ix/load 4, 5, 0;
    %flag_set/imm 4, 0;
    %store/vec4 v0x7fe64743b0b0_0, 4, 2;
    %jmp T_4.10;
T_4.6 ;
    %pushi/vec4 0, 0, 1;
    %ix/load 4, 0, 0;
    %flag_set/imm 4, 0;
    %store/vec4 v0x7fe64743b0b0_0, 4, 1;
    %pushi/vec4 0, 0, 5;
    %ix/load 4, 2, 0;
    %flag_set/imm 4, 0;
    %store/vec4 v0x7fe64743b0b0_0, 4, 5;
    %jmp T_4.10;
T_4.7 ;
    %pushi/vec4 0, 0, 3;
    %ix/load 4, 0, 0;
    %flag_set/imm 4, 0;
    %store/vec4 v0x7fe64743b0b0_0, 4, 3;
    %jmp T_4.10;
T_4.8 ;
    %pushi/vec4 0, 0, 7;
    %store/vec4 v0x7fe64743b0b0_0, 0, 7;
    %jmp T_4.10;
T_4.9 ;
    %pushi/vec4 0, 0, 7;
    %store/vec4 v0x7fe64743b0b0_0, 0, 7;
    %pushi/vec4 3, 0, 2;
    %ix/load 4, 3, 0;
    %flag_set/imm 4, 0;
    %store/vec4 v0x7fe64743b0b0_0, 4, 2;
    %jmp T_4.10;
T_4.10 ;
    %pop/vec4 1;
    %jmp T_4;
    .thread T_4, $push;
    .scope S_0x7fe64740f170;
T_5 ;
    %vpi_call 2 33 "$write", "\012 test the 2-digit 7-segment displays\012\012" {0 0 0};
    %pushi/vec4 0, 0, 32;
    %store/vec4 v0x7fe64743c5d0_0, 0, 32;
T_5.0 ;
    %load/vec4 v0x7fe64743c5d0_0;
    %cmpi/s 32, 0, 32;
    %jmp/0xz T_5.1, 5;
    %load/vec4 v0x7fe64743c5d0_0;
    %pad/s 5;
    %store/vec4 v0x7fe64743c840_0, 0, 5;
    %delay 10, 0;
    %vpi_call 2 38 "$write", " selected:  %4b_%1b  { %2d }  ,  digit#2:  %4b_%3b  -->", &PV<v0x7fe64743c840_0, 1, 4>, &PV<v0x7fe64743c840_0, 0, 1>, v0x7fe64743c840_0, &PV<v0x7fe64743c770_0, 3, 4>, &PV<v0x7fe64743c770_0, 0, 3> {0 0 0};
    %alloc S_0x7fe64743c2a0;
    %load/vec4 v0x7fe64743c770_0;
    %store/vec4 v0x7fe64743c520_0, 0, 7;
    %pushi/vec4 0, 0, 1;
    %store/vec4 v0x7fe64743c480_0, 0, 1;
    %fork TD_tb.retDig, S_0x7fe64743c2a0;
    %join;
    %free S_0x7fe64743c2a0;
    %vpi_call 2 41 "$write", "                               digit#1:  %4b_%3b  -->", &PV<v0x7fe64743c690_0, 3, 4>, &PV<v0x7fe64743c690_0, 0, 3> {0 0 0};
    %alloc S_0x7fe64743c2a0;
    %load/vec4 v0x7fe64743c690_0;
    %store/vec4 v0x7fe64743c520_0, 0, 7;
    %pushi/vec4 1, 0, 1;
    %store/vec4 v0x7fe64743c480_0, 0, 1;
    %fork TD_tb.retDig, S_0x7fe64743c2a0;
    %join;
    %free S_0x7fe64743c2a0;
    %load/vec4 v0x7fe64743c5d0_0;
    %addi 1, 0, 32;
    %store/vec4 v0x7fe64743c5d0_0, 0, 32;
    %jmp T_5.0;
T_5.1 ;
    %delay 10, 0;
    %vpi_call 2 46 "$write", "\012\012\011\011 ~ ~ ~ TEST COMPLETE ~ ~ ~\012\012" {0 0 0};
    %vpi_call 2 47 "$finish" {0 0 0};
    %end;
    .thread T_5;
# The file index is used to find the file name in the following table.
:file_names 3;
    "N/A";
    "<interactive>";
    "seg7_dig2.v";
