#! /usr/local/Cellar/icarus-verilog/11.0/bin/vvp
:ivl_version "11.0 (stable)";
:ivl_delay_selection "TYPICAL";
:vpi_time_precision - 9;
:vpi_module "/usr/local/Cellar/icarus-verilog/11.0/lib/ivl/system.vpi";
:vpi_module "/usr/local/Cellar/icarus-verilog/11.0/lib/ivl/vhdl_sys.vpi";
:vpi_module "/usr/local/Cellar/icarus-verilog/11.0/lib/ivl/vhdl_textio.vpi";
:vpi_module "/usr/local/Cellar/icarus-verilog/11.0/lib/ivl/v2005_math.vpi";
:vpi_module "/usr/local/Cellar/icarus-verilog/11.0/lib/ivl/va_math.vpi";
S_0x7fa5a6900b80 .scope module, "tb" "tb" 2 16;
 .timescale -9 -9;
v0x7fa5a691c040_0 .var/real "check", 0 0;
v0x7fa5a691c0d0_0 .var "clock", 0 0;
v0x7fa5a691c160_0 .net "done", 0 0, L_0x7fa5a691c8b0;  1 drivers
v0x7fa5a691c250_0 .var/i "idx", 31 0;
v0x7fa5a691c2e0_0 .var "n_input", 7 0;
v0x7fa5a691c430_0 .var "past", 63 0;
v0x7fa5a691c4c0_0 .var "reset", 0 0;
v0x7fa5a691c550_0 .var "split", 63 0;
v0x7fa5a691c5f0_0 .var "start", 0 0;
v0x7fa5a691c700_0 .net "sum_hundreds", 6 0, v0x7fa5a691a950_0;  1 drivers
v0x7fa5a691c790_0 .net "sum_ones", 6 0, v0x7fa5a6919f40_0;  1 drivers
v0x7fa5a691c820_0 .net "sum_tens", 6 0, v0x7fa5a691a440_0;  1 drivers
S_0x7fa5a6900cf0 .scope module, "DUT" "summing" 2 31, 2 117 0, S_0x7fa5a6900b80;
 .timescale -9 -9;
    .port_info 0 /OUTPUT 7 "sum_hundreds";
    .port_info 1 /OUTPUT 7 "sum_tens";
    .port_info 2 /OUTPUT 7 "sum_ones";
    .port_info 3 /OUTPUT 1 "done";
    .port_info 4 /INPUT 8 "n_input";
    .port_info 5 /INPUT 1 "start";
    .port_info 6 /INPUT 1 "reset";
    .port_info 7 /INPUT 1 "clock";
v0x7fa5a691b680_0 .net "clock", 0 0, v0x7fa5a691c0d0_0;  1 drivers
v0x7fa5a691b790_0 .net "done", 0 0, L_0x7fa5a691c8b0;  alias, 1 drivers
v0x7fa5a691b820_0 .net "n_input", 7 0, v0x7fa5a691c2e0_0;  1 drivers
v0x7fa5a691b8b0_0 .net "reset", 0 0, v0x7fa5a691c4c0_0;  1 drivers
v0x7fa5a691b980_0 .net "result", 7 0, v0x7fa5a6917b50_0;  1 drivers
v0x7fa5a691ba50_0 .net "start", 0 0, v0x7fa5a691c5f0_0;  1 drivers
v0x7fa5a691bb20_0 .net "sum_hundreds", 6 0, v0x7fa5a691a950_0;  alias, 1 drivers
v0x7fa5a691bbb0_0 .net "sum_ones", 6 0, v0x7fa5a6919f40_0;  alias, 1 drivers
v0x7fa5a691bc80_0 .net "sum_tens", 6 0, v0x7fa5a691a440_0;  alias, 1 drivers
S_0x7fa5a6900e60 .scope module, "GDP" "general_data_path" 2 130, 2 150 0, S_0x7fa5a6900cf0;
 .timescale -9 -9;
    .port_info 0 /OUTPUT 8 "result";
    .port_info 1 /OUTPUT 1 "done";
    .port_info 2 /INPUT 8 "n_input";
    .port_info 3 /INPUT 1 "start";
    .port_info 4 /INPUT 1 "reset";
    .port_info 5 /INPUT 1 "clock";
L_0x7fa5a691c8b0 .functor BUFZ 1, L_0x7fa5a691f4c0, C4<0>, C4<0>, C4<0>;
v0x7fa5a6918d40_0 .net "ALU", 2 0, L_0x7fa5a691ee60;  1 drivers
v0x7fa5a6918df0_0 .net "IE", 0 0, L_0x7fa5a691c9a0;  1 drivers
v0x7fa5a6918e90_0 .net "OE", 0 0, L_0x7fa5a691f4c0;  1 drivers
v0x7fa5a6918f20_0 .net "RAA", 1 0, L_0x7fa5a691df20;  1 drivers
v0x7fa5a6918fb0_0 .net "RAE", 0 0, L_0x7fa5a691ddb0;  1 drivers
v0x7fa5a6919040_0 .net "RBA", 1 0, L_0x7fa5a691e5c0;  1 drivers
v0x7fa5a69190d0_0 .net "RBE", 0 0, L_0x7fa5a691e390;  1 drivers
v0x7fa5a6919160_0 .net "SH", 1 0, L_0x7fa5a691f3a0;  1 drivers
v0x7fa5a69191f0_0 .net "WA", 1 0, L_0x7fa5a691d290;  1 drivers
v0x7fa5a6919300_0 .net "WE", 0 0, L_0x7fa5a691d160;  1 drivers
v0x7fa5a6919390_0 .net "clock", 0 0, v0x7fa5a691c0d0_0;  alias, 1 drivers
v0x7fa5a6919420_0 .net "done", 0 0, L_0x7fa5a691c8b0;  alias, 1 drivers
v0x7fa5a69194b0_0 .net "n_input", 7 0, v0x7fa5a691c2e0_0;  alias, 1 drivers
v0x7fa5a6919550_0 .net "n_is_0", 0 0, L_0x7fa5a691f1c0;  1 drivers
v0x7fa5a6919620_0 .net "reset", 0 0, v0x7fa5a691c4c0_0;  alias, 1 drivers
v0x7fa5a69196b0_0 .net "result", 7 0, v0x7fa5a6917b50_0;  alias, 1 drivers
v0x7fa5a6919780_0 .net "start", 0 0, v0x7fa5a691c5f0_0;  alias, 1 drivers
S_0x7fa5a69010e0 .scope module, "CU" "control_unit" 2 172, 2 209 0, S_0x7fa5a6900e60;
 .timescale -9 -9;
    .port_info 0 /OUTPUT 1 "IE";
    .port_info 1 /OUTPUT 1 "WE";
    .port_info 2 /OUTPUT 2 "WA";
    .port_info 3 /OUTPUT 1 "RAE";
    .port_info 4 /OUTPUT 2 "RAA";
    .port_info 5 /OUTPUT 1 "RBE";
    .port_info 6 /OUTPUT 2 "RBA";
    .port_info 7 /OUTPUT 3 "ALU";
    .port_info 8 /OUTPUT 2 "SH";
    .port_info 9 /OUTPUT 1 "OE";
    .port_info 10 /INPUT 1 "n_is_0";
    .port_info 11 /INPUT 1 "start";
    .port_info 12 /INPUT 1 "reset";
    .port_info 13 /INPUT 1 "clock";
P_0x7fa5a69012a0 .param/l "s0" 0 2 229, C4<000>;
P_0x7fa5a69012e0 .param/l "s1" 0 2 230, C4<001>;
P_0x7fa5a6901320 .param/l "s2" 0 2 231, C4<010>;
P_0x7fa5a6901360 .param/l "s3" 0 2 232, C4<011>;
P_0x7fa5a69013a0 .param/l "s4" 0 2 233, C4<100>;
L_0x7fa5a691cce0 .functor OR 1, L_0x7fa5a691cac0, L_0x7fa5a691cbe0, C4<0>, C4<0>;
L_0x7fa5a691cf30 .functor OR 1, L_0x7fa5a691cce0, L_0x7fa5a691ce10, C4<0>, C4<0>;
L_0x7fa5a691d160 .functor OR 1, L_0x7fa5a691cf30, L_0x7fa5a691d080, C4<0>, C4<0>;
L_0x7fa5a691d5d0 .functor OR 1, L_0x7fa5a691d3b0, L_0x7fa5a691d4f0, C4<0>, C4<0>;
L_0x7fa5a691d9c0 .functor OR 1, L_0x7fa5a691d780, L_0x7fa5a691d920, C4<0>, C4<0>;
L_0x7fa5a691dc20 .functor OR 1, L_0x7fa5a691d9c0, L_0x7fa5a691dae0, C4<0>, C4<0>;
L_0x7fa5a691ddb0 .functor OR 1, L_0x7fa5a691dc20, L_0x7fa5a691dcd0, C4<0>, C4<0>;
L_0x7fa5a691e390 .functor OR 1, L_0x7fa5a691e190, L_0x7fa5a691e2f0, C4<0>, C4<0>;
L_0x7fa5a691ead0 .functor OR 1, L_0x7fa5a691e790, L_0x7fa5a691ea30, C4<0>, C4<0>;
L_0x7fa5a691ec70 .functor OR 1, L_0x7fa5a691ead0, L_0x7fa5a691ebd0, C4<0>, C4<0>;
L_0x7fa5a691f290 .functor OR 1, L_0x7fa5a691efe0, L_0x7fa5a691f0c0, C4<0>, C4<0>;
v0x7fa5a69017a0_0 .net "ALU", 2 0, L_0x7fa5a691ee60;  alias, 1 drivers
v0x7fa5a6911860_0 .net "IE", 0 0, L_0x7fa5a691c9a0;  alias, 1 drivers
v0x7fa5a6911900_0 .net "OE", 0 0, L_0x7fa5a691f4c0;  alias, 1 drivers
v0x7fa5a69119b0_0 .net "RAA", 1 0, L_0x7fa5a691df20;  alias, 1 drivers
v0x7fa5a6911a60_0 .net "RAE", 0 0, L_0x7fa5a691ddb0;  alias, 1 drivers
v0x7fa5a6911b40_0 .net "RBA", 1 0, L_0x7fa5a691e5c0;  alias, 1 drivers
v0x7fa5a6911bf0_0 .net "RBE", 0 0, L_0x7fa5a691e390;  alias, 1 drivers
v0x7fa5a6911c90_0 .net "SH", 1 0, L_0x7fa5a691f3a0;  alias, 1 drivers
v0x7fa5a6911d40_0 .net "WA", 1 0, L_0x7fa5a691d290;  alias, 1 drivers
v0x7fa5a6911e50_0 .net "WE", 0 0, L_0x7fa5a691d160;  alias, 1 drivers
L_0x103945008 .functor BUFT 1, C4<001>, C4<0>, C4<0>, C4<0>;
v0x7fa5a6911ef0_0 .net/2u *"_ivl_0", 2 0, L_0x103945008;  1 drivers
v0x7fa5a6911fa0_0 .net *"_ivl_10", 0 0, L_0x7fa5a691cbe0;  1 drivers
v0x7fa5a6912040_0 .net *"_ivl_101", 0 0, L_0x7fa5a691e790;  1 drivers
L_0x103945560 .functor BUFT 1, C4<010>, C4<0>, C4<0>, C4<0>;
v0x7fa5a69120e0_0 .net/2u *"_ivl_103", 2 0, L_0x103945560;  1 drivers
v0x7fa5a6912190_0 .net *"_ivl_105", 0 0, L_0x7fa5a691ea30;  1 drivers
v0x7fa5a6912230_0 .net *"_ivl_108", 0 0, L_0x7fa5a691ead0;  1 drivers
L_0x1039455a8 .functor BUFT 1, C4<011>, C4<0>, C4<0>, C4<0>;
v0x7fa5a69122d0_0 .net/2u *"_ivl_109", 2 0, L_0x1039455a8;  1 drivers
v0x7fa5a6912460_0 .net *"_ivl_111", 0 0, L_0x7fa5a691ebd0;  1 drivers
v0x7fa5a69124f0_0 .net *"_ivl_114", 0 0, L_0x7fa5a691ec70;  1 drivers
L_0x1039455f0 .functor BUFT 1, C4<011>, C4<0>, C4<0>, C4<0>;
v0x7fa5a6912580_0 .net/2u *"_ivl_117", 2 0, L_0x1039455f0;  1 drivers
v0x7fa5a6912630_0 .net *"_ivl_119", 0 0, L_0x7fa5a691ed80;  1 drivers
L_0x103945638 .functor BUFT 1, C4<000>, C4<0>, C4<0>, C4<0>;
v0x7fa5a69126d0_0 .net/2u *"_ivl_124", 2 0, L_0x103945638;  1 drivers
v0x7fa5a6912780_0 .net *"_ivl_126", 0 0, L_0x7fa5a691efe0;  1 drivers
L_0x103945680 .functor BUFT 1, C4<011>, C4<0>, C4<0>, C4<0>;
v0x7fa5a6912820_0 .net/2u *"_ivl_128", 2 0, L_0x103945680;  1 drivers
v0x7fa5a69128d0_0 .net *"_ivl_13", 0 0, L_0x7fa5a691cce0;  1 drivers
v0x7fa5a6912970_0 .net *"_ivl_130", 0 0, L_0x7fa5a691f0c0;  1 drivers
v0x7fa5a6912a10_0 .net *"_ivl_133", 0 0, L_0x7fa5a691f290;  1 drivers
L_0x1039456c8 .functor BUFT 1, C4<0>, C4<0>, C4<0>, C4<0>;
v0x7fa5a6912ab0_0 .net/2u *"_ivl_136", 0 0, L_0x1039456c8;  1 drivers
L_0x1039450e0 .functor BUFT 1, C4<010>, C4<0>, C4<0>, C4<0>;
v0x7fa5a6912b60_0 .net/2u *"_ivl_14", 2 0, L_0x1039450e0;  1 drivers
L_0x103945710 .functor BUFT 1, C4<0>, C4<0>, C4<0>, C4<0>;
v0x7fa5a6912c10_0 .net/2u *"_ivl_141", 0 0, L_0x103945710;  1 drivers
L_0x103945758 .functor BUFT 1, C4<100>, C4<0>, C4<0>, C4<0>;
v0x7fa5a6912cc0_0 .net/2u *"_ivl_143", 2 0, L_0x103945758;  1 drivers
v0x7fa5a6912d70_0 .net *"_ivl_16", 0 0, L_0x7fa5a691ce10;  1 drivers
v0x7fa5a6912e10_0 .net *"_ivl_19", 0 0, L_0x7fa5a691cf30;  1 drivers
L_0x103945128 .functor BUFT 1, C4<011>, C4<0>, C4<0>, C4<0>;
v0x7fa5a6912370_0 .net/2u *"_ivl_20", 2 0, L_0x103945128;  1 drivers
v0x7fa5a69130a0_0 .net *"_ivl_22", 0 0, L_0x7fa5a691d080;  1 drivers
L_0x103945170 .functor BUFT 1, C4<0>, C4<0>, C4<0>, C4<0>;
v0x7fa5a6913130_0 .net/2u *"_ivl_28", 0 0, L_0x103945170;  1 drivers
L_0x1039451b8 .functor BUFT 1, C4<001>, C4<0>, C4<0>, C4<0>;
v0x7fa5a69131c0_0 .net/2u *"_ivl_33", 2 0, L_0x1039451b8;  1 drivers
v0x7fa5a6913260_0 .net *"_ivl_35", 0 0, L_0x7fa5a691d3b0;  1 drivers
L_0x103945200 .functor BUFT 1, C4<011>, C4<0>, C4<0>, C4<0>;
v0x7fa5a6913300_0 .net/2u *"_ivl_37", 2 0, L_0x103945200;  1 drivers
v0x7fa5a69133b0_0 .net *"_ivl_39", 0 0, L_0x7fa5a691d4f0;  1 drivers
L_0x103945050 .functor BUFT 1, C4<000>, C4<0>, C4<0>, C4<0>;
v0x7fa5a6913450_0 .net/2u *"_ivl_4", 2 0, L_0x103945050;  1 drivers
v0x7fa5a6913500_0 .net *"_ivl_42", 0 0, L_0x7fa5a691d5d0;  1 drivers
L_0x103945248 .functor BUFT 1, C4<000>, C4<0>, C4<0>, C4<0>;
v0x7fa5a69135a0_0 .net/2u *"_ivl_43", 2 0, L_0x103945248;  1 drivers
v0x7fa5a6913650_0 .net *"_ivl_45", 0 0, L_0x7fa5a691d780;  1 drivers
L_0x103945290 .functor BUFT 1, C4<010>, C4<0>, C4<0>, C4<0>;
v0x7fa5a69136f0_0 .net/2u *"_ivl_47", 2 0, L_0x103945290;  1 drivers
v0x7fa5a69137a0_0 .net *"_ivl_49", 0 0, L_0x7fa5a691d920;  1 drivers
v0x7fa5a6913840_0 .net *"_ivl_52", 0 0, L_0x7fa5a691d9c0;  1 drivers
L_0x1039452d8 .functor BUFT 1, C4<011>, C4<0>, C4<0>, C4<0>;
v0x7fa5a69138e0_0 .net/2u *"_ivl_53", 2 0, L_0x1039452d8;  1 drivers
v0x7fa5a6913990_0 .net *"_ivl_55", 0 0, L_0x7fa5a691dae0;  1 drivers
v0x7fa5a6913a30_0 .net *"_ivl_58", 0 0, L_0x7fa5a691dc20;  1 drivers
L_0x103945320 .functor BUFT 1, C4<100>, C4<0>, C4<0>, C4<0>;
v0x7fa5a6913ad0_0 .net/2u *"_ivl_59", 2 0, L_0x103945320;  1 drivers
v0x7fa5a6913b80_0 .net *"_ivl_6", 0 0, L_0x7fa5a691cac0;  1 drivers
v0x7fa5a6913c20_0 .net *"_ivl_61", 0 0, L_0x7fa5a691dcd0;  1 drivers
L_0x103945368 .functor BUFT 1, C4<0>, C4<0>, C4<0>, C4<0>;
v0x7fa5a6913cc0_0 .net/2u *"_ivl_67", 0 0, L_0x103945368;  1 drivers
L_0x1039453b0 .functor BUFT 1, C4<011>, C4<0>, C4<0>, C4<0>;
v0x7fa5a6913d70_0 .net/2u *"_ivl_72", 2 0, L_0x1039453b0;  1 drivers
v0x7fa5a6913e20_0 .net *"_ivl_74", 0 0, L_0x7fa5a691e0b0;  1 drivers
L_0x1039453f8 .functor BUFT 1, C4<000>, C4<0>, C4<0>, C4<0>;
v0x7fa5a6913ec0_0 .net/2u *"_ivl_76", 2 0, L_0x1039453f8;  1 drivers
v0x7fa5a6913f70_0 .net *"_ivl_78", 0 0, L_0x7fa5a691e190;  1 drivers
L_0x103945098 .functor BUFT 1, C4<001>, C4<0>, C4<0>, C4<0>;
v0x7fa5a6914010_0 .net/2u *"_ivl_8", 2 0, L_0x103945098;  1 drivers
L_0x103945440 .functor BUFT 1, C4<010>, C4<0>, C4<0>, C4<0>;
v0x7fa5a69140c0_0 .net/2u *"_ivl_80", 2 0, L_0x103945440;  1 drivers
v0x7fa5a6914170_0 .net *"_ivl_82", 0 0, L_0x7fa5a691e2f0;  1 drivers
L_0x103945488 .functor BUFT 1, C4<0>, C4<0>, C4<0>, C4<0>;
v0x7fa5a6914210_0 .net/2u *"_ivl_88", 0 0, L_0x103945488;  1 drivers
L_0x1039454d0 .functor BUFT 1, C4<010>, C4<0>, C4<0>, C4<0>;
v0x7fa5a69142c0_0 .net/2u *"_ivl_93", 2 0, L_0x1039454d0;  1 drivers
v0x7fa5a6914370_0 .net *"_ivl_95", 0 0, L_0x7fa5a691e6f0;  1 drivers
L_0x103945518 .functor BUFT 1, C4<000>, C4<0>, C4<0>, C4<0>;
v0x7fa5a6914410_0 .net/2u *"_ivl_99", 2 0, L_0x103945518;  1 drivers
v0x7fa5a6912ec0_0 .net "clock", 0 0, v0x7fa5a691c0d0_0;  alias, 1 drivers
v0x7fa5a6912f60_0 .net "n_is_0", 0 0, L_0x7fa5a691f1c0;  alias, 1 drivers
v0x7fa5a6913000_0 .var "n_state", 2 0;
v0x7fa5a69144b0_0 .net "reset", 0 0, v0x7fa5a691c4c0_0;  alias, 1 drivers
v0x7fa5a6914550_0 .net "start", 0 0, v0x7fa5a691c5f0_0;  alias, 1 drivers
v0x7fa5a69145f0_0 .var "state", 2 0;
E_0x7fa5a6901710 .event edge, v0x7fa5a69145f0_0, v0x7fa5a6914550_0, v0x7fa5a6912f60_0, v0x7fa5a69144b0_0;
E_0x7fa5a6901760 .event posedge, v0x7fa5a6912ec0_0;
L_0x7fa5a691c9a0 .cmp/eq 3, v0x7fa5a69145f0_0, L_0x103945008;
L_0x7fa5a691cac0 .cmp/eq 3, v0x7fa5a69145f0_0, L_0x103945050;
L_0x7fa5a691cbe0 .cmp/eq 3, v0x7fa5a69145f0_0, L_0x103945098;
L_0x7fa5a691ce10 .cmp/eq 3, v0x7fa5a69145f0_0, L_0x1039450e0;
L_0x7fa5a691d080 .cmp/eq 3, v0x7fa5a69145f0_0, L_0x103945128;
L_0x7fa5a691d290 .concat8 [ 1 1 0 0], L_0x7fa5a691d5d0, L_0x103945170;
L_0x7fa5a691d3b0 .cmp/eq 3, v0x7fa5a69145f0_0, L_0x1039451b8;
L_0x7fa5a691d4f0 .cmp/eq 3, v0x7fa5a69145f0_0, L_0x103945200;
L_0x7fa5a691d780 .cmp/eq 3, v0x7fa5a69145f0_0, L_0x103945248;
L_0x7fa5a691d920 .cmp/eq 3, v0x7fa5a69145f0_0, L_0x103945290;
L_0x7fa5a691dae0 .cmp/eq 3, v0x7fa5a69145f0_0, L_0x1039452d8;
L_0x7fa5a691dcd0 .cmp/eq 3, v0x7fa5a69145f0_0, L_0x103945320;
L_0x7fa5a691df20 .concat8 [ 1 1 0 0], L_0x7fa5a691e0b0, L_0x103945368;
L_0x7fa5a691e0b0 .cmp/eq 3, v0x7fa5a69145f0_0, L_0x1039453b0;
L_0x7fa5a691e190 .cmp/eq 3, v0x7fa5a69145f0_0, L_0x1039453f8;
L_0x7fa5a691e2f0 .cmp/eq 3, v0x7fa5a69145f0_0, L_0x103945440;
L_0x7fa5a691e5c0 .concat8 [ 1 1 0 0], L_0x7fa5a691e6f0, L_0x103945488;
L_0x7fa5a691e6f0 .cmp/eq 3, v0x7fa5a69145f0_0, L_0x1039454d0;
L_0x7fa5a691e790 .cmp/eq 3, v0x7fa5a69145f0_0, L_0x103945518;
L_0x7fa5a691ea30 .cmp/eq 3, v0x7fa5a69145f0_0, L_0x103945560;
L_0x7fa5a691ebd0 .cmp/eq 3, v0x7fa5a69145f0_0, L_0x1039455a8;
L_0x7fa5a691ed80 .cmp/eq 3, v0x7fa5a69145f0_0, L_0x1039455f0;
L_0x7fa5a691ee60 .concat8 [ 1 1 1 0], L_0x7fa5a691f290, L_0x7fa5a691ed80, L_0x7fa5a691ec70;
L_0x7fa5a691efe0 .cmp/eq 3, v0x7fa5a69145f0_0, L_0x103945638;
L_0x7fa5a691f0c0 .cmp/eq 3, v0x7fa5a69145f0_0, L_0x103945680;
L_0x7fa5a691f3a0 .concat8 [ 1 1 0 0], L_0x103945710, L_0x1039456c8;
L_0x7fa5a691f4c0 .cmp/eq 3, v0x7fa5a69145f0_0, L_0x103945758;
S_0x7fa5a69147f0 .scope module, "DP" "data_path" 2 189, 2 299 0, S_0x7fa5a6900e60;
 .timescale -9 -9;
    .port_info 0 /OUTPUT 1 "n_is_0";
    .port_info 1 /OUTPUT 8 "result";
    .port_info 2 /INPUT 8 "n_input";
    .port_info 3 /INPUT 1 "IE";
    .port_info 4 /INPUT 1 "WE";
    .port_info 5 /INPUT 2 "WA";
    .port_info 6 /INPUT 1 "RAE";
    .port_info 7 /INPUT 2 "RAA";
    .port_info 8 /INPUT 1 "RBE";
    .port_info 9 /INPUT 2 "RBA";
    .port_info 10 /INPUT 3 "ALU";
    .port_info 11 /INPUT 2 "SH";
    .port_info 12 /INPUT 1 "OE";
    .port_info 13 /INPUT 1 "clock";
P_0x7fa5a6901550 .param/l "BLANK" 0 2 316, C4<00000000>;
v0x7fa5a6917c40_0 .net "ALU", 2 0, L_0x7fa5a691ee60;  alias, 1 drivers
v0x7fa5a6917d30_0 .net "IE", 0 0, L_0x7fa5a691c9a0;  alias, 1 drivers
v0x7fa5a6917e00_0 .net "OE", 0 0, L_0x7fa5a691f4c0;  alias, 1 drivers
v0x7fa5a6917ed0_0 .net "RAA", 1 0, L_0x7fa5a691df20;  alias, 1 drivers
v0x7fa5a6917fa0_0 .net "RAE", 0 0, L_0x7fa5a691ddb0;  alias, 1 drivers
v0x7fa5a69180b0_0 .net "RBA", 1 0, L_0x7fa5a691e5c0;  alias, 1 drivers
v0x7fa5a6918180_0 .net "RBE", 0 0, L_0x7fa5a691e390;  alias, 1 drivers
v0x7fa5a6918250_0 .net "SH", 1 0, L_0x7fa5a691f3a0;  alias, 1 drivers
v0x7fa5a6918320_0 .net "WA", 1 0, L_0x7fa5a691d290;  alias, 1 drivers
v0x7fa5a6918430_0 .net "WE", 0 0, L_0x7fa5a691d160;  alias, 1 drivers
L_0x1039457a0 .functor BUFT 1, C4<00000000>, C4<0>, C4<0>, C4<0>;
v0x7fa5a6918500_0 .net/2u *"_ivl_0", 7 0, L_0x1039457a0;  1 drivers
v0x7fa5a6918590_0 .net "clock", 0 0, v0x7fa5a691c0d0_0;  alias, 1 drivers
v0x7fa5a6918620_0 .net "from_alu", 7 0, v0x7fa5a6916f30_0;  1 drivers
v0x7fa5a69186f0_0 .net "from_mux", 7 0, v0x7fa5a6914f70_0;  1 drivers
v0x7fa5a6918780_0 .net "from_shifter", 7 0, v0x7fa5a6917640_0;  1 drivers
v0x7fa5a6918810_0 .net "n_input", 7 0, v0x7fa5a691c2e0_0;  alias, 1 drivers
v0x7fa5a69188a0_0 .net "n_is_0", 0 0, L_0x7fa5a691f1c0;  alias, 1 drivers
v0x7fa5a6918a30_0 .net "result", 7 0, v0x7fa5a6917b50_0;  alias, 1 drivers
v0x7fa5a6918ac0_0 .net "rf_port_A", 7 0, L_0x7fa5a691f950;  1 drivers
v0x7fa5a6918b50_0 .net "rf_port_B", 7 0, L_0x7fa5a691e4c0;  1 drivers
v0x7fa5a6918be0_0 .var "to_register_file", 7 0;
E_0x7fa5a6901590 .event edge, v0x7fa5a6914f70_0;
L_0x7fa5a691f1c0 .cmp/eq 8, v0x7fa5a6914f70_0, L_0x1039457a0;
S_0x7fa5a6914b80 .scope module, "comp1" "c1_mux" 2 345, 2 425 0, S_0x7fa5a69147f0;
 .timescale -9 -9;
    .port_info 0 /OUTPUT 8 "from_mux";
    .port_info 1 /INPUT 8 "new_data";
    .port_info 2 /INPUT 8 "feedback";
    .port_info 3 /INPUT 1 "IE";
v0x7fa5a6914e10_0 .net "IE", 0 0, L_0x7fa5a691c9a0;  alias, 1 drivers
v0x7fa5a6914ed0_0 .net "feedback", 7 0, v0x7fa5a6917640_0;  alias, 1 drivers
v0x7fa5a6914f70_0 .var "from_mux", 7 0;
v0x7fa5a6915030_0 .net "new_data", 7 0, v0x7fa5a691c2e0_0;  alias, 1 drivers
E_0x7fa5a6914db0 .event edge, v0x7fa5a6911860_0, v0x7fa5a6915030_0, v0x7fa5a6914ed0_0;
S_0x7fa5a6915140 .scope module, "comp2" "c2_register_file" 2 352, 2 439 0, S_0x7fa5a69147f0;
 .timescale -9 -9;
    .port_info 0 /OUTPUT 8 "port_A";
    .port_info 1 /OUTPUT 8 "port_B";
    .port_info 2 /INPUT 8 "from_mux";
    .port_info 3 /INPUT 1 "WE";
    .port_info 4 /INPUT 2 "WA";
    .port_info 5 /INPUT 1 "RAE";
    .port_info 6 /INPUT 2 "RAA";
    .port_info 7 /INPUT 1 "RBE";
    .port_info 8 /INPUT 2 "RBA";
    .port_info 9 /INPUT 1 "clock";
P_0x7fa5a6915310 .param/l "BLANK" 0 2 452, C4<00000000>;
L_0x1039457e8 .functor BUFT 1, C4<1>, C4<0>, C4<0>, C4<0>;
L_0x7fa5a691f6c0 .functor XNOR 1, L_0x7fa5a691ddb0, L_0x1039457e8, C4<0>, C4<0>;
L_0x1039458c0 .functor BUFT 1, C4<1>, C4<0>, C4<0>, C4<0>;
L_0x7fa5a691fad0 .functor XNOR 1, L_0x7fa5a691e390, L_0x1039458c0, C4<0>, C4<0>;
v0x7fa5a69154d0_0 .net "RAA", 1 0, L_0x7fa5a691df20;  alias, 1 drivers
v0x7fa5a6915580_0 .net "RAE", 0 0, L_0x7fa5a691ddb0;  alias, 1 drivers
v0x7fa5a6915630_0 .net "RBA", 1 0, L_0x7fa5a691e5c0;  alias, 1 drivers
v0x7fa5a6915700_0 .net "RBE", 0 0, L_0x7fa5a691e390;  alias, 1 drivers
v0x7fa5a69157b0_0 .net "WA", 1 0, L_0x7fa5a691d290;  alias, 1 drivers
v0x7fa5a6915880_0 .net "WE", 0 0, L_0x7fa5a691d160;  alias, 1 drivers
v0x7fa5a6915930_0 .net/2u *"_ivl_0", 0 0, L_0x1039457e8;  1 drivers
L_0x103945878 .functor BUFT 1, C4<00000000>, C4<0>, C4<0>, C4<0>;
v0x7fa5a69159c0_0 .net/2u *"_ivl_10", 7 0, L_0x103945878;  1 drivers
v0x7fa5a6915a50_0 .net/2u *"_ivl_14", 0 0, L_0x1039458c0;  1 drivers
v0x7fa5a6915b70_0 .net *"_ivl_16", 0 0, L_0x7fa5a691fad0;  1 drivers
v0x7fa5a6915c10_0 .net *"_ivl_18", 7 0, L_0x7fa5a691fb80;  1 drivers
v0x7fa5a6915cc0_0 .net *"_ivl_2", 0 0, L_0x7fa5a691f6c0;  1 drivers
v0x7fa5a6915d60_0 .net *"_ivl_20", 3 0, L_0x7fa5a691fc20;  1 drivers
L_0x103945908 .functor BUFT 1, C4<00>, C4<0>, C4<0>, C4<0>;
v0x7fa5a6915e10_0 .net *"_ivl_23", 1 0, L_0x103945908;  1 drivers
L_0x103945950 .functor BUFT 1, C4<00000000>, C4<0>, C4<0>, C4<0>;
v0x7fa5a6915ec0_0 .net/2u *"_ivl_24", 7 0, L_0x103945950;  1 drivers
v0x7fa5a6915f70_0 .net *"_ivl_4", 7 0, L_0x7fa5a691f770;  1 drivers
v0x7fa5a6916020_0 .net *"_ivl_6", 3 0, L_0x7fa5a691f810;  1 drivers
L_0x103945830 .functor BUFT 1, C4<00>, C4<0>, C4<0>, C4<0>;
v0x7fa5a69161b0_0 .net *"_ivl_9", 1 0, L_0x103945830;  1 drivers
v0x7fa5a6916240_0 .net "clock", 0 0, v0x7fa5a691c0d0_0;  alias, 1 drivers
v0x7fa5a69162f0_0 .net "from_mux", 7 0, v0x7fa5a6918be0_0;  1 drivers
v0x7fa5a6916380 .array "internal", 0 3, 7 0;
v0x7fa5a6916410_0 .net "port_A", 7 0, L_0x7fa5a691f950;  alias, 1 drivers
v0x7fa5a69164a0_0 .net "port_B", 7 0, L_0x7fa5a691e4c0;  alias, 1 drivers
L_0x7fa5a691f770 .array/port v0x7fa5a6916380, L_0x7fa5a691f810;
L_0x7fa5a691f810 .concat [ 2 2 0 0], L_0x7fa5a691df20, L_0x103945830;
L_0x7fa5a691f950 .functor MUXZ 8, L_0x103945878, L_0x7fa5a691f770, L_0x7fa5a691f6c0, C4<>;
L_0x7fa5a691fb80 .array/port v0x7fa5a6916380, L_0x7fa5a691fc20;
L_0x7fa5a691fc20 .concat [ 2 2 0 0], L_0x7fa5a691e5c0, L_0x103945908;
L_0x7fa5a691e4c0 .functor MUXZ 8, L_0x103945950, L_0x7fa5a691fb80, L_0x7fa5a691fad0, C4<>;
S_0x7fa5a6916600 .scope module, "comp3" "c3_alu" 2 365, 2 469 0, S_0x7fa5a69147f0;
 .timescale -9 -9;
    .port_info 0 /OUTPUT 8 "from_alu";
    .port_info 1 /INPUT 8 "A_bus";
    .port_info 2 /INPUT 8 "B_bus";
    .port_info 3 /INPUT 3 "ALU";
P_0x7fa5a6916790 .param/l "A_add_B" 0 2 480, C4<100>;
P_0x7fa5a69167d0 .param/l "A_and_B" 0 2 477, C4<001>;
P_0x7fa5a6916810 .param/l "A_or_B" 0 2 478, C4<010>;
P_0x7fa5a6916850 .param/l "A_sub_B" 0 2 481, C4<101>;
P_0x7fa5a6916890 .param/l "dec_A" 0 2 483, C4<111>;
P_0x7fa5a69168d0 .param/l "inc_A" 0 2 482, C4<110>;
P_0x7fa5a6916910 .param/l "not_A" 0 2 479, C4<011>;
P_0x7fa5a6916950 .param/l "pass_A" 0 2 476, C4<000>;
v0x7fa5a6916ce0_0 .net "ALU", 2 0, L_0x7fa5a691ee60;  alias, 1 drivers
v0x7fa5a6916db0_0 .net "A_bus", 7 0, L_0x7fa5a691f950;  alias, 1 drivers
v0x7fa5a6916e60_0 .net "B_bus", 7 0, L_0x7fa5a691e4c0;  alias, 1 drivers
v0x7fa5a6916f30_0 .var "from_alu", 7 0;
E_0x7fa5a6916c90 .event edge, v0x7fa5a69017a0_0, v0x7fa5a6916410_0, v0x7fa5a69164a0_0;
S_0x7fa5a6917020 .scope module, "comp4" "c4_shifter" 2 372, 2 501 0, S_0x7fa5a69147f0;
 .timescale -9 -9;
    .port_info 0 /OUTPUT 8 "from_shifter";
    .port_info 1 /INPUT 8 "from_alu";
    .port_info 2 /INPUT 2 "SH";
P_0x7fa5a69171e0 .param/l "LEFT" 0 2 508, C4<01>;
P_0x7fa5a6917220 .param/l "PASS" 0 2 507, C4<00>;
P_0x7fa5a6917260 .param/l "RIGHT" 0 2 509, C4<10>;
P_0x7fa5a69172a0 .param/l "ROTATE" 0 2 510, C4<11>;
v0x7fa5a69174c0_0 .net "SH", 1 0, L_0x7fa5a691f3a0;  alias, 1 drivers
v0x7fa5a6917590_0 .net "from_alu", 7 0, v0x7fa5a6916f30_0;  alias, 1 drivers
v0x7fa5a6917640_0 .var "from_shifter", 7 0;
E_0x7fa5a6917480 .event edge, v0x7fa5a6911c90_0, v0x7fa5a6916f30_0;
S_0x7fa5a6917740 .scope module, "comp5" "c5_triBuff" 2 379, 2 524 0, S_0x7fa5a69147f0;
 .timescale -9 -9;
    .port_info 0 /OUTPUT 8 "result";
    .port_info 1 /INPUT 8 "from_shifter";
    .port_info 2 /INPUT 1 "OE";
v0x7fa5a69179c0_0 .net "OE", 0 0, L_0x7fa5a691f4c0;  alias, 1 drivers
v0x7fa5a6917a80_0 .net "from_shifter", 7 0, v0x7fa5a6917640_0;  alias, 1 drivers
v0x7fa5a6917b50_0 .var "result", 7 0;
E_0x7fa5a6917990 .event edge, v0x7fa5a6911900_0, v0x7fa5a6914ed0_0;
S_0x7fa5a6919910 .scope module, "power_top" "seg7_dig3" 2 139, 2 537 0, S_0x7fa5a6900cf0;
 .timescale -9 -9;
    .port_info 0 /OUTPUT 7 "disp_hundreds";
    .port_info 1 /OUTPUT 7 "disp_tens";
    .port_info 2 /OUTPUT 7 "disp_ones";
    .port_info 3 /INPUT 8 "binary_number";
v0x7fa5a691b0b0_0 .net "binary_number", 7 0, v0x7fa5a6917b50_0;  alias, 1 drivers
v0x7fa5a691b1e0_0 .net "disp_hundreds", 6 0, v0x7fa5a691a950_0;  alias, 1 drivers
v0x7fa5a691b270_0 .net "disp_ones", 6 0, v0x7fa5a6919f40_0;  alias, 1 drivers
v0x7fa5a691b320_0 .net "disp_tens", 6 0, v0x7fa5a691a440_0;  alias, 1 drivers
v0x7fa5a691b3d0_0 .net "hundreds", 3 0, v0x7fa5a691ad60_0;  1 drivers
v0x7fa5a691b4e0_0 .net "ones", 3 0, v0x7fa5a691aed0_0;  1 drivers
v0x7fa5a691b5b0_0 .net "tens", 3 0, v0x7fa5a691af90_0;  1 drivers
S_0x7fa5a6919b30 .scope module, "dig1" "seg7_dig" 2 565, 2 606 0, S_0x7fa5a6919910;
 .timescale -9 -9;
    .port_info 0 /INPUT 4 "cntl_4bit";
    .port_info 1 /OUTPUT 7 "disp_4bit";
P_0x7fa5a6919cf0 .param/l "OFF" 0 2 612, C4<1>;
P_0x7fa5a6919d30 .param/l "ON" 0 2 611, C4<0>;
v0x7fa5a6919e80_0 .net "cntl_4bit", 3 0, v0x7fa5a691aed0_0;  alias, 1 drivers
v0x7fa5a6919f40_0 .var "disp_4bit", 6 0;
E_0x7fa5a6919e30 .event edge, v0x7fa5a6919e80_0;
S_0x7fa5a691a020 .scope module, "dig2" "seg7_dig" 2 560, 2 606 0, S_0x7fa5a6919910;
 .timescale -9 -9;
    .port_info 0 /INPUT 4 "cntl_4bit";
    .port_info 1 /OUTPUT 7 "disp_4bit";
P_0x7fa5a691a1e0 .param/l "OFF" 0 2 612, C4<1>;
P_0x7fa5a691a220 .param/l "ON" 0 2 611, C4<0>;
v0x7fa5a691a380_0 .net "cntl_4bit", 3 0, v0x7fa5a691af90_0;  alias, 1 drivers
v0x7fa5a691a440_0 .var "disp_4bit", 6 0;
E_0x7fa5a691a330 .event edge, v0x7fa5a691a380_0;
S_0x7fa5a691a520 .scope module, "dig3" "seg7_dig" 2 555, 2 606 0, S_0x7fa5a6919910;
 .timescale -9 -9;
    .port_info 0 /INPUT 4 "cntl_4bit";
    .port_info 1 /OUTPUT 7 "disp_4bit";
P_0x7fa5a691a700 .param/l "OFF" 0 2 612, C4<1>;
P_0x7fa5a691a740 .param/l "ON" 0 2 611, C4<0>;
v0x7fa5a691a890_0 .net "cntl_4bit", 3 0, v0x7fa5a691ad60_0;  alias, 1 drivers
v0x7fa5a691a950_0 .var "disp_4bit", 6 0;
E_0x7fa5a691a840 .event edge, v0x7fa5a691a890_0;
S_0x7fa5a691aa30 .scope module, "getDigs" "my_bcd" 2 548, 2 574 0, S_0x7fa5a6919910;
 .timescale -9 -9;
    .port_info 0 /OUTPUT 4 "hundreds";
    .port_info 1 /OUTPUT 4 "tens";
    .port_info 2 /OUTPUT 4 "ones";
    .port_info 3 /INPUT 8 "bin_in";
v0x7fa5a691acb0_0 .net "bin_in", 7 0, v0x7fa5a6917b50_0;  alias, 1 drivers
v0x7fa5a691ad60_0 .var "hundreds", 3 0;
v0x7fa5a691ae20_0 .var/i "idx", 31 0;
v0x7fa5a691aed0_0 .var "ones", 3 0;
v0x7fa5a691af90_0 .var "tens", 3 0;
E_0x7fa5a691ac70 .event edge, v0x7fa5a6917b50_0;
S_0x7fa5a691bdf0 .scope autotask, "retDig" "retDig" 2 94, 2 94 0, S_0x7fa5a6900b80;
 .timescale -9 -9;
v0x7fa5a691bfb0_0 .var "regIn", 6 0;
TD_tb.retDig ;
    %load/vec4 v0x7fa5a691bfb0_0;
    %dup/vec4;
    %pushi/vec4 64, 0, 7;
    %cmp/u;
    %jmp/1 T_0.0, 6;
    %dup/vec4;
    %pushi/vec4 121, 0, 7;
    %cmp/u;
    %jmp/1 T_0.1, 6;
    %dup/vec4;
    %pushi/vec4 36, 0, 7;
    %cmp/u;
    %jmp/1 T_0.2, 6;
    %dup/vec4;
    %pushi/vec4 48, 0, 7;
    %cmp/u;
    %jmp/1 T_0.3, 6;
    %dup/vec4;
    %pushi/vec4 25, 0, 7;
    %cmp/u;
    %jmp/1 T_0.4, 6;
    %dup/vec4;
    %pushi/vec4 18, 0, 7;
    %cmp/u;
    %jmp/1 T_0.5, 6;
    %dup/vec4;
    %pushi/vec4 2, 0, 7;
    %cmp/u;
    %jmp/1 T_0.6, 6;
    %dup/vec4;
    %pushi/vec4 120, 0, 7;
    %cmp/u;
    %jmp/1 T_0.7, 6;
    %dup/vec4;
    %pushi/vec4 0, 0, 7;
    %cmp/u;
    %jmp/1 T_0.8, 6;
    %dup/vec4;
    %pushi/vec4 24, 0, 7;
    %cmp/u;
    %jmp/1 T_0.9, 6;
    %vpi_call 2 108 "$write", " ERROR " {0 0 0};
    %jmp T_0.11;
T_0.0 ;
    %vpi_call 2 98 "$write", "0" {0 0 0};
    %jmp T_0.11;
T_0.1 ;
    %vpi_call 2 99 "$write", "1" {0 0 0};
    %jmp T_0.11;
T_0.2 ;
    %vpi_call 2 100 "$write", "2" {0 0 0};
    %jmp T_0.11;
T_0.3 ;
    %vpi_call 2 101 "$write", "3" {0 0 0};
    %jmp T_0.11;
T_0.4 ;
    %vpi_call 2 102 "$write", "4" {0 0 0};
    %jmp T_0.11;
T_0.5 ;
    %vpi_call 2 103 "$write", "5" {0 0 0};
    %jmp T_0.11;
T_0.6 ;
    %vpi_call 2 104 "$write", "6" {0 0 0};
    %jmp T_0.11;
T_0.7 ;
    %vpi_call 2 105 "$write", "7" {0 0 0};
    %jmp T_0.11;
T_0.8 ;
    %vpi_call 2 106 "$write", "8" {0 0 0};
    %jmp T_0.11;
T_0.9 ;
    %vpi_call 2 107 "$write", "9" {0 0 0};
    %jmp T_0.11;
T_0.11 ;
    %pop/vec4 1;
    %end;
    .scope S_0x7fa5a69010e0;
T_1 ;
    %pushi/vec4 0, 0, 3;
    %store/vec4 v0x7fa5a69145f0_0, 0, 3;
    %end;
    .thread T_1;
    .scope S_0x7fa5a69010e0;
T_2 ;
    %wait E_0x7fa5a6901760;
    %load/vec4 v0x7fa5a69144b0_0;
    %cmpi/e 1, 0, 1;
    %jmp/0xz  T_2.0, 4;
    %pushi/vec4 0, 0, 3;
    %store/vec4 v0x7fa5a6913000_0, 0, 3;
T_2.0 ;
    %load/vec4 v0x7fa5a6913000_0;
    %assign/vec4 v0x7fa5a69145f0_0, 0;
    %jmp T_2;
    .thread T_2;
    .scope S_0x7fa5a69010e0;
T_3 ;
    %wait E_0x7fa5a6901710;
    %load/vec4 v0x7fa5a69145f0_0;
    %dup/vec4;
    %pushi/vec4 0, 0, 3;
    %cmp/u;
    %jmp/1 T_3.0, 6;
    %dup/vec4;
    %pushi/vec4 1, 0, 3;
    %cmp/u;
    %jmp/1 T_3.1, 6;
    %dup/vec4;
    %pushi/vec4 2, 0, 3;
    %cmp/u;
    %jmp/1 T_3.2, 6;
    %dup/vec4;
    %pushi/vec4 3, 0, 3;
    %cmp/u;
    %jmp/1 T_3.3, 6;
    %dup/vec4;
    %pushi/vec4 4, 0, 3;
    %cmp/u;
    %jmp/1 T_3.4, 6;
    %pushi/vec4 0, 0, 3;
    %store/vec4 v0x7fa5a6913000_0, 0, 3;
    %jmp T_3.6;
T_3.0 ;
    %load/vec4 v0x7fa5a6914550_0;
    %flag_set/vec4 8;
    %jmp/0 T_3.7, 8;
    %pushi/vec4 1, 0, 3;
    %jmp/1 T_3.8, 8;
T_3.7 ; End of true expr.
    %pushi/vec4 0, 0, 3;
    %jmp/0 T_3.8, 8;
 ; End of false expr.
    %blend;
T_3.8;
    %store/vec4 v0x7fa5a6913000_0, 0, 3;
    %jmp T_3.6;
T_3.1 ;
    %load/vec4 v0x7fa5a6912f60_0;
    %flag_set/vec4 8;
    %jmp/0 T_3.9, 8;
    %pushi/vec4 4, 0, 3;
    %jmp/1 T_3.10, 8;
T_3.9 ; End of true expr.
    %pushi/vec4 2, 0, 3;
    %jmp/0 T_3.10, 8;
 ; End of false expr.
    %blend;
T_3.10;
    %store/vec4 v0x7fa5a6913000_0, 0, 3;
    %jmp T_3.6;
T_3.2 ;
    %pushi/vec4 3, 0, 3;
    %store/vec4 v0x7fa5a6913000_0, 0, 3;
    %jmp T_3.6;
T_3.3 ;
    %load/vec4 v0x7fa5a6912f60_0;
    %flag_set/vec4 8;
    %jmp/0 T_3.11, 8;
    %pushi/vec4 4, 0, 3;
    %jmp/1 T_3.12, 8;
T_3.11 ; End of true expr.
    %pushi/vec4 2, 0, 3;
    %jmp/0 T_3.12, 8;
 ; End of false expr.
    %blend;
T_3.12;
    %store/vec4 v0x7fa5a6913000_0, 0, 3;
    %jmp T_3.6;
T_3.4 ;
    %load/vec4 v0x7fa5a69144b0_0;
    %flag_set/vec4 8;
    %jmp/0 T_3.13, 8;
    %pushi/vec4 0, 0, 3;
    %jmp/1 T_3.14, 8;
T_3.13 ; End of true expr.
    %pushi/vec4 4, 0, 3;
    %jmp/0 T_3.14, 8;
 ; End of false expr.
    %blend;
T_3.14;
    %store/vec4 v0x7fa5a6913000_0, 0, 3;
    %jmp T_3.6;
T_3.6 ;
    %pop/vec4 1;
    %jmp T_3;
    .thread T_3, $push;
    .scope S_0x7fa5a6914b80;
T_4 ;
    %wait E_0x7fa5a6914db0;
    %load/vec4 v0x7fa5a6914e10_0;
    %cmpi/e 1, 0, 1;
    %flag_mov 8, 4;
    %jmp/0 T_4.0, 8;
    %load/vec4 v0x7fa5a6915030_0;
    %jmp/1 T_4.1, 8;
T_4.0 ; End of true expr.
    %load/vec4 v0x7fa5a6914ed0_0;
    %jmp/0 T_4.1, 8;
 ; End of false expr.
    %blend;
T_4.1;
    %store/vec4 v0x7fa5a6914f70_0, 0, 8;
    %jmp T_4;
    .thread T_4, $push;
    .scope S_0x7fa5a6915140;
T_5 ;
    %wait E_0x7fa5a6901760;
    %load/vec4 v0x7fa5a6915880_0;
    %cmpi/e 1, 0, 1;
    %jmp/0xz  T_5.0, 4;
    %load/vec4 v0x7fa5a69162f0_0;
    %load/vec4 v0x7fa5a69157b0_0;
    %pad/u 4;
    %ix/vec4 3;
    %ix/load 4, 0, 0; Constant delay
    %assign/vec4/a/d v0x7fa5a6916380, 0, 4;
T_5.0 ;
    %jmp T_5;
    .thread T_5;
    .scope S_0x7fa5a6916600;
T_6 ;
    %wait E_0x7fa5a6916c90;
    %load/vec4 v0x7fa5a6916ce0_0;
    %dup/vec4;
    %pushi/vec4 0, 0, 3;
    %cmp/u;
    %jmp/1 T_6.0, 6;
    %dup/vec4;
    %pushi/vec4 1, 0, 3;
    %cmp/u;
    %jmp/1 T_6.1, 6;
    %dup/vec4;
    %pushi/vec4 2, 0, 3;
    %cmp/u;
    %jmp/1 T_6.2, 6;
    %dup/vec4;
    %pushi/vec4 3, 0, 3;
    %cmp/u;
    %jmp/1 T_6.3, 6;
    %dup/vec4;
    %pushi/vec4 4, 0, 3;
    %cmp/u;
    %jmp/1 T_6.4, 6;
    %dup/vec4;
    %pushi/vec4 5, 0, 3;
    %cmp/u;
    %jmp/1 T_6.5, 6;
    %dup/vec4;
    %pushi/vec4 6, 0, 3;
    %cmp/u;
    %jmp/1 T_6.6, 6;
    %dup/vec4;
    %pushi/vec4 7, 0, 3;
    %cmp/u;
    %jmp/1 T_6.7, 6;
    %jmp T_6.8;
T_6.0 ;
    %load/vec4 v0x7fa5a6916db0_0;
    %store/vec4 v0x7fa5a6916f30_0, 0, 8;
    %jmp T_6.8;
T_6.1 ;
    %load/vec4 v0x7fa5a6916db0_0;
    %load/vec4 v0x7fa5a6916e60_0;
    %and;
    %store/vec4 v0x7fa5a6916f30_0, 0, 8;
    %jmp T_6.8;
T_6.2 ;
    %load/vec4 v0x7fa5a6916db0_0;
    %load/vec4 v0x7fa5a6916e60_0;
    %or;
    %store/vec4 v0x7fa5a6916f30_0, 0, 8;
    %jmp T_6.8;
T_6.3 ;
    %load/vec4 v0x7fa5a6916db0_0;
    %inv;
    %store/vec4 v0x7fa5a6916f30_0, 0, 8;
    %jmp T_6.8;
T_6.4 ;
    %load/vec4 v0x7fa5a6916db0_0;
    %load/vec4 v0x7fa5a6916e60_0;
    %add;
    %store/vec4 v0x7fa5a6916f30_0, 0, 8;
    %jmp T_6.8;
T_6.5 ;
    %load/vec4 v0x7fa5a6916db0_0;
    %load/vec4 v0x7fa5a6916e60_0;
    %sub;
    %store/vec4 v0x7fa5a6916f30_0, 0, 8;
    %jmp T_6.8;
T_6.6 ;
    %load/vec4 v0x7fa5a6916db0_0;
    %addi 1, 0, 8;
    %store/vec4 v0x7fa5a6916f30_0, 0, 8;
    %jmp T_6.8;
T_6.7 ;
    %load/vec4 v0x7fa5a6916db0_0;
    %subi 1, 0, 8;
    %store/vec4 v0x7fa5a6916f30_0, 0, 8;
    %jmp T_6.8;
T_6.8 ;
    %pop/vec4 1;
    %jmp T_6;
    .thread T_6, $push;
    .scope S_0x7fa5a6917020;
T_7 ;
    %wait E_0x7fa5a6917480;
    %load/vec4 v0x7fa5a69174c0_0;
    %dup/vec4;
    %pushi/vec4 0, 0, 2;
    %cmp/u;
    %jmp/1 T_7.0, 6;
    %dup/vec4;
    %pushi/vec4 1, 0, 2;
    %cmp/u;
    %jmp/1 T_7.1, 6;
    %dup/vec4;
    %pushi/vec4 2, 0, 2;
    %cmp/u;
    %jmp/1 T_7.2, 6;
    %dup/vec4;
    %pushi/vec4 3, 0, 2;
    %cmp/u;
    %jmp/1 T_7.3, 6;
    %jmp T_7.4;
T_7.0 ;
    %load/vec4 v0x7fa5a6917590_0;
    %store/vec4 v0x7fa5a6917640_0, 0, 8;
    %jmp T_7.4;
T_7.1 ;
    %load/vec4 v0x7fa5a6917590_0;
    %ix/load 4, 1, 0;
    %flag_set/imm 4, 0;
    %shiftl 4;
    %store/vec4 v0x7fa5a6917640_0, 0, 8;
    %jmp T_7.4;
T_7.2 ;
    %load/vec4 v0x7fa5a6917590_0;
    %ix/load 4, 1, 0;
    %flag_set/imm 4, 0;
    %shiftr 4;
    %store/vec4 v0x7fa5a6917640_0, 0, 8;
    %jmp T_7.4;
T_7.3 ;
    %load/vec4 v0x7fa5a6917590_0;
    %parti/s 7, 0, 2;
    %load/vec4 v0x7fa5a6917590_0;
    %parti/s 1, 7, 4;
    %concat/vec4; draw_concat_vec4
    %store/vec4 v0x7fa5a6917640_0, 0, 8;
    %jmp T_7.4;
T_7.4 ;
    %pop/vec4 1;
    %jmp T_7;
    .thread T_7, $push;
    .scope S_0x7fa5a6917740;
T_8 ;
    %wait E_0x7fa5a6917990;
    %load/vec4 v0x7fa5a69179c0_0;
    %cmpi/e 1, 0, 1;
    %flag_mov 8, 4;
    %jmp/0 T_8.0, 8;
    %load/vec4 v0x7fa5a6917a80_0;
    %jmp/1 T_8.1, 8;
T_8.0 ; End of true expr.
    %pushi/vec4 0, 255, 8;
    %jmp/0 T_8.1, 8;
 ; End of false expr.
    %blend;
T_8.1;
    %store/vec4 v0x7fa5a6917b50_0, 0, 8;
    %jmp T_8;
    .thread T_8, $push;
    .scope S_0x7fa5a69147f0;
T_9 ;
    %pushi/vec4 0, 0, 8;
    %store/vec4 v0x7fa5a6918be0_0, 0, 8;
    %end;
    .thread T_9;
    .scope S_0x7fa5a69147f0;
T_10 ;
    %wait E_0x7fa5a6901590;
    %load/vec4 v0x7fa5a69186f0_0;
    %store/vec4 v0x7fa5a6918be0_0, 0, 8;
    %jmp T_10;
    .thread T_10, $push;
    .scope S_0x7fa5a691aa30;
T_11 ;
    %wait E_0x7fa5a691ac70;
    %pushi/vec4 0, 0, 4;
    %store/vec4 v0x7fa5a691ad60_0, 0, 4;
    %pushi/vec4 0, 0, 4;
    %store/vec4 v0x7fa5a691af90_0, 0, 4;
    %pushi/vec4 0, 0, 4;
    %store/vec4 v0x7fa5a691aed0_0, 0, 4;
    %load/vec4 v0x7fa5a691acb0_0;
    %cmpi/ne 0, 0, 8;
    %jmp/0xz  T_11.0, 4;
    %pushi/vec4 7, 0, 32;
    %store/vec4 v0x7fa5a691ae20_0, 0, 32;
T_11.2 ;
    %load/vec4 v0x7fa5a691ae20_0;
    %cmpi/s 0, 0, 32;
    %flag_inv 5; GE is !LT
    %jmp/0xz T_11.3, 5;
    %load/vec4 v0x7fa5a691ad60_0;
    %cmpi/u 5, 0, 4;
    %flag_inv 5; GE is !LT
    %jmp/0xz  T_11.4, 5;
    %load/vec4 v0x7fa5a691ad60_0;
    %addi 3, 0, 4;
    %store/vec4 v0x7fa5a691ad60_0, 0, 4;
T_11.4 ;
    %load/vec4 v0x7fa5a691af90_0;
    %cmpi/u 5, 0, 4;
    %flag_inv 5; GE is !LT
    %jmp/0xz  T_11.6, 5;
    %load/vec4 v0x7fa5a691af90_0;
    %addi 3, 0, 4;
    %store/vec4 v0x7fa5a691af90_0, 0, 4;
T_11.6 ;
    %load/vec4 v0x7fa5a691aed0_0;
    %cmpi/u 5, 0, 4;
    %flag_inv 5; GE is !LT
    %jmp/0xz  T_11.8, 5;
    %load/vec4 v0x7fa5a691aed0_0;
    %addi 3, 0, 4;
    %store/vec4 v0x7fa5a691aed0_0, 0, 4;
T_11.8 ;
    %load/vec4 v0x7fa5a691ad60_0;
    %ix/load 4, 1, 0;
    %flag_set/imm 4, 0;
    %shiftl 4;
    %store/vec4 v0x7fa5a691ad60_0, 0, 4;
    %load/vec4 v0x7fa5a691af90_0;
    %parti/s 1, 3, 3;
    %ix/load 4, 0, 0;
    %flag_set/imm 4, 0;
    %store/vec4 v0x7fa5a691ad60_0, 4, 1;
    %load/vec4 v0x7fa5a691af90_0;
    %ix/load 4, 1, 0;
    %flag_set/imm 4, 0;
    %shiftl 4;
    %store/vec4 v0x7fa5a691af90_0, 0, 4;
    %load/vec4 v0x7fa5a691aed0_0;
    %parti/s 1, 3, 3;
    %ix/load 4, 0, 0;
    %flag_set/imm 4, 0;
    %store/vec4 v0x7fa5a691af90_0, 4, 1;
    %load/vec4 v0x7fa5a691aed0_0;
    %ix/load 4, 1, 0;
    %flag_set/imm 4, 0;
    %shiftl 4;
    %store/vec4 v0x7fa5a691aed0_0, 0, 4;
    %load/vec4 v0x7fa5a691acb0_0;
    %load/vec4 v0x7fa5a691ae20_0;
    %part/s 1;
    %ix/load 4, 0, 0;
    %flag_set/imm 4, 0;
    %store/vec4 v0x7fa5a691aed0_0, 4, 1;
    %load/vec4 v0x7fa5a691ae20_0;
    %subi 1, 0, 32;
    %store/vec4 v0x7fa5a691ae20_0, 0, 32;
    %jmp T_11.2;
T_11.3 ;
T_11.0 ;
    %jmp T_11;
    .thread T_11, $push;
    .scope S_0x7fa5a691a520;
T_12 ;
    %wait E_0x7fa5a691a840;
    %pushi/vec4 127, 0, 7;
    %store/vec4 v0x7fa5a691a950_0, 0, 7;
    %load/vec4 v0x7fa5a691a890_0;
    %dup/vec4;
    %pushi/vec4 0, 0, 4;
    %cmp/u;
    %jmp/1 T_12.0, 6;
    %dup/vec4;
    %pushi/vec4 1, 0, 4;
    %cmp/u;
    %jmp/1 T_12.1, 6;
    %dup/vec4;
    %pushi/vec4 2, 0, 4;
    %cmp/u;
    %jmp/1 T_12.2, 6;
    %dup/vec4;
    %pushi/vec4 3, 0, 4;
    %cmp/u;
    %jmp/1 T_12.3, 6;
    %dup/vec4;
    %pushi/vec4 4, 0, 4;
    %cmp/u;
    %jmp/1 T_12.4, 6;
    %dup/vec4;
    %pushi/vec4 5, 0, 4;
    %cmp/u;
    %jmp/1 T_12.5, 6;
    %dup/vec4;
    %pushi/vec4 6, 0, 4;
    %cmp/u;
    %jmp/1 T_12.6, 6;
    %dup/vec4;
    %pushi/vec4 7, 0, 4;
    %cmp/u;
    %jmp/1 T_12.7, 6;
    %dup/vec4;
    %pushi/vec4 8, 0, 4;
    %cmp/u;
    %jmp/1 T_12.8, 6;
    %dup/vec4;
    %pushi/vec4 9, 0, 4;
    %cmp/u;
    %jmp/1 T_12.9, 6;
    %jmp T_12.10;
T_12.0 ;
    %pushi/vec4 0, 0, 6;
    %ix/load 4, 0, 0;
    %flag_set/imm 4, 0;
    %store/vec4 v0x7fa5a691a950_0, 4, 6;
    %jmp T_12.10;
T_12.1 ;
    %pushi/vec4 0, 0, 2;
    %ix/load 4, 1, 0;
    %flag_set/imm 4, 0;
    %store/vec4 v0x7fa5a691a950_0, 4, 2;
    %jmp T_12.10;
T_12.2 ;
    %pushi/vec4 0, 0, 2;
    %ix/load 4, 0, 0;
    %flag_set/imm 4, 0;
    %store/vec4 v0x7fa5a691a950_0, 4, 2;
    %pushi/vec4 0, 0, 1;
    %ix/load 4, 6, 0;
    %flag_set/imm 4, 0;
    %store/vec4 v0x7fa5a691a950_0, 4, 1;
    %pushi/vec4 0, 0, 2;
    %ix/load 4, 3, 0;
    %flag_set/imm 4, 0;
    %store/vec4 v0x7fa5a691a950_0, 4, 2;
    %jmp T_12.10;
T_12.3 ;
    %pushi/vec4 0, 0, 4;
    %ix/load 4, 0, 0;
    %flag_set/imm 4, 0;
    %store/vec4 v0x7fa5a691a950_0, 4, 4;
    %pushi/vec4 0, 0, 1;
    %ix/load 4, 6, 0;
    %flag_set/imm 4, 0;
    %store/vec4 v0x7fa5a691a950_0, 4, 1;
    %jmp T_12.10;
T_12.4 ;
    %pushi/vec4 0, 0, 2;
    %ix/load 4, 1, 0;
    %flag_set/imm 4, 0;
    %store/vec4 v0x7fa5a691a950_0, 4, 2;
    %pushi/vec4 0, 0, 2;
    %ix/load 4, 5, 0;
    %flag_set/imm 4, 0;
    %store/vec4 v0x7fa5a691a950_0, 4, 2;
    %jmp T_12.10;
T_12.5 ;
    %pushi/vec4 0, 0, 1;
    %ix/load 4, 0, 0;
    %flag_set/imm 4, 0;
    %store/vec4 v0x7fa5a691a950_0, 4, 1;
    %pushi/vec4 0, 0, 2;
    %ix/load 4, 2, 0;
    %flag_set/imm 4, 0;
    %store/vec4 v0x7fa5a691a950_0, 4, 2;
    %pushi/vec4 0, 0, 2;
    %ix/load 4, 5, 0;
    %flag_set/imm 4, 0;
    %store/vec4 v0x7fa5a691a950_0, 4, 2;
    %jmp T_12.10;
T_12.6 ;
    %pushi/vec4 0, 0, 1;
    %ix/load 4, 0, 0;
    %flag_set/imm 4, 0;
    %store/vec4 v0x7fa5a691a950_0, 4, 1;
    %pushi/vec4 0, 0, 5;
    %ix/load 4, 2, 0;
    %flag_set/imm 4, 0;
    %store/vec4 v0x7fa5a691a950_0, 4, 5;
    %jmp T_12.10;
T_12.7 ;
    %pushi/vec4 0, 0, 3;
    %ix/load 4, 0, 0;
    %flag_set/imm 4, 0;
    %store/vec4 v0x7fa5a691a950_0, 4, 3;
    %jmp T_12.10;
T_12.8 ;
    %pushi/vec4 0, 0, 7;
    %store/vec4 v0x7fa5a691a950_0, 0, 7;
    %jmp T_12.10;
T_12.9 ;
    %pushi/vec4 0, 0, 7;
    %store/vec4 v0x7fa5a691a950_0, 0, 7;
    %pushi/vec4 3, 0, 2;
    %ix/load 4, 3, 0;
    %flag_set/imm 4, 0;
    %store/vec4 v0x7fa5a691a950_0, 4, 2;
    %jmp T_12.10;
T_12.10 ;
    %pop/vec4 1;
    %jmp T_12;
    .thread T_12, $push;
    .scope S_0x7fa5a691a020;
T_13 ;
    %wait E_0x7fa5a691a330;
    %pushi/vec4 127, 0, 7;
    %store/vec4 v0x7fa5a691a440_0, 0, 7;
    %load/vec4 v0x7fa5a691a380_0;
    %dup/vec4;
    %pushi/vec4 0, 0, 4;
    %cmp/u;
    %jmp/1 T_13.0, 6;
    %dup/vec4;
    %pushi/vec4 1, 0, 4;
    %cmp/u;
    %jmp/1 T_13.1, 6;
    %dup/vec4;
    %pushi/vec4 2, 0, 4;
    %cmp/u;
    %jmp/1 T_13.2, 6;
    %dup/vec4;
    %pushi/vec4 3, 0, 4;
    %cmp/u;
    %jmp/1 T_13.3, 6;
    %dup/vec4;
    %pushi/vec4 4, 0, 4;
    %cmp/u;
    %jmp/1 T_13.4, 6;
    %dup/vec4;
    %pushi/vec4 5, 0, 4;
    %cmp/u;
    %jmp/1 T_13.5, 6;
    %dup/vec4;
    %pushi/vec4 6, 0, 4;
    %cmp/u;
    %jmp/1 T_13.6, 6;
    %dup/vec4;
    %pushi/vec4 7, 0, 4;
    %cmp/u;
    %jmp/1 T_13.7, 6;
    %dup/vec4;
    %pushi/vec4 8, 0, 4;
    %cmp/u;
    %jmp/1 T_13.8, 6;
    %dup/vec4;
    %pushi/vec4 9, 0, 4;
    %cmp/u;
    %jmp/1 T_13.9, 6;
    %jmp T_13.10;
T_13.0 ;
    %pushi/vec4 0, 0, 6;
    %ix/load 4, 0, 0;
    %flag_set/imm 4, 0;
    %store/vec4 v0x7fa5a691a440_0, 4, 6;
    %jmp T_13.10;
T_13.1 ;
    %pushi/vec4 0, 0, 2;
    %ix/load 4, 1, 0;
    %flag_set/imm 4, 0;
    %store/vec4 v0x7fa5a691a440_0, 4, 2;
    %jmp T_13.10;
T_13.2 ;
    %pushi/vec4 0, 0, 2;
    %ix/load 4, 0, 0;
    %flag_set/imm 4, 0;
    %store/vec4 v0x7fa5a691a440_0, 4, 2;
    %pushi/vec4 0, 0, 1;
    %ix/load 4, 6, 0;
    %flag_set/imm 4, 0;
    %store/vec4 v0x7fa5a691a440_0, 4, 1;
    %pushi/vec4 0, 0, 2;
    %ix/load 4, 3, 0;
    %flag_set/imm 4, 0;
    %store/vec4 v0x7fa5a691a440_0, 4, 2;
    %jmp T_13.10;
T_13.3 ;
    %pushi/vec4 0, 0, 4;
    %ix/load 4, 0, 0;
    %flag_set/imm 4, 0;
    %store/vec4 v0x7fa5a691a440_0, 4, 4;
    %pushi/vec4 0, 0, 1;
    %ix/load 4, 6, 0;
    %flag_set/imm 4, 0;
    %store/vec4 v0x7fa5a691a440_0, 4, 1;
    %jmp T_13.10;
T_13.4 ;
    %pushi/vec4 0, 0, 2;
    %ix/load 4, 1, 0;
    %flag_set/imm 4, 0;
    %store/vec4 v0x7fa5a691a440_0, 4, 2;
    %pushi/vec4 0, 0, 2;
    %ix/load 4, 5, 0;
    %flag_set/imm 4, 0;
    %store/vec4 v0x7fa5a691a440_0, 4, 2;
    %jmp T_13.10;
T_13.5 ;
    %pushi/vec4 0, 0, 1;
    %ix/load 4, 0, 0;
    %flag_set/imm 4, 0;
    %store/vec4 v0x7fa5a691a440_0, 4, 1;
    %pushi/vec4 0, 0, 2;
    %ix/load 4, 2, 0;
    %flag_set/imm 4, 0;
    %store/vec4 v0x7fa5a691a440_0, 4, 2;
    %pushi/vec4 0, 0, 2;
    %ix/load 4, 5, 0;
    %flag_set/imm 4, 0;
    %store/vec4 v0x7fa5a691a440_0, 4, 2;
    %jmp T_13.10;
T_13.6 ;
    %pushi/vec4 0, 0, 1;
    %ix/load 4, 0, 0;
    %flag_set/imm 4, 0;
    %store/vec4 v0x7fa5a691a440_0, 4, 1;
    %pushi/vec4 0, 0, 5;
    %ix/load 4, 2, 0;
    %flag_set/imm 4, 0;
    %store/vec4 v0x7fa5a691a440_0, 4, 5;
    %jmp T_13.10;
T_13.7 ;
    %pushi/vec4 0, 0, 3;
    %ix/load 4, 0, 0;
    %flag_set/imm 4, 0;
    %store/vec4 v0x7fa5a691a440_0, 4, 3;
    %jmp T_13.10;
T_13.8 ;
    %pushi/vec4 0, 0, 7;
    %store/vec4 v0x7fa5a691a440_0, 0, 7;
    %jmp T_13.10;
T_13.9 ;
    %pushi/vec4 0, 0, 7;
    %store/vec4 v0x7fa5a691a440_0, 0, 7;
    %pushi/vec4 3, 0, 2;
    %ix/load 4, 3, 0;
    %flag_set/imm 4, 0;
    %store/vec4 v0x7fa5a691a440_0, 4, 2;
    %jmp T_13.10;
T_13.10 ;
    %pop/vec4 1;
    %jmp T_13;
    .thread T_13, $push;
    .scope S_0x7fa5a6919b30;
T_14 ;
    %wait E_0x7fa5a6919e30;
    %pushi/vec4 127, 0, 7;
    %store/vec4 v0x7fa5a6919f40_0, 0, 7;
    %load/vec4 v0x7fa5a6919e80_0;
    %dup/vec4;
    %pushi/vec4 0, 0, 4;
    %cmp/u;
    %jmp/1 T_14.0, 6;
    %dup/vec4;
    %pushi/vec4 1, 0, 4;
    %cmp/u;
    %jmp/1 T_14.1, 6;
    %dup/vec4;
    %pushi/vec4 2, 0, 4;
    %cmp/u;
    %jmp/1 T_14.2, 6;
    %dup/vec4;
    %pushi/vec4 3, 0, 4;
    %cmp/u;
    %jmp/1 T_14.3, 6;
    %dup/vec4;
    %pushi/vec4 4, 0, 4;
    %cmp/u;
    %jmp/1 T_14.4, 6;
    %dup/vec4;
    %pushi/vec4 5, 0, 4;
    %cmp/u;
    %jmp/1 T_14.5, 6;
    %dup/vec4;
    %pushi/vec4 6, 0, 4;
    %cmp/u;
    %jmp/1 T_14.6, 6;
    %dup/vec4;
    %pushi/vec4 7, 0, 4;
    %cmp/u;
    %jmp/1 T_14.7, 6;
    %dup/vec4;
    %pushi/vec4 8, 0, 4;
    %cmp/u;
    %jmp/1 T_14.8, 6;
    %dup/vec4;
    %pushi/vec4 9, 0, 4;
    %cmp/u;
    %jmp/1 T_14.9, 6;
    %jmp T_14.10;
T_14.0 ;
    %pushi/vec4 0, 0, 6;
    %ix/load 4, 0, 0;
    %flag_set/imm 4, 0;
    %store/vec4 v0x7fa5a6919f40_0, 4, 6;
    %jmp T_14.10;
T_14.1 ;
    %pushi/vec4 0, 0, 2;
    %ix/load 4, 1, 0;
    %flag_set/imm 4, 0;
    %store/vec4 v0x7fa5a6919f40_0, 4, 2;
    %jmp T_14.10;
T_14.2 ;
    %pushi/vec4 0, 0, 2;
    %ix/load 4, 0, 0;
    %flag_set/imm 4, 0;
    %store/vec4 v0x7fa5a6919f40_0, 4, 2;
    %pushi/vec4 0, 0, 1;
    %ix/load 4, 6, 0;
    %flag_set/imm 4, 0;
    %store/vec4 v0x7fa5a6919f40_0, 4, 1;
    %pushi/vec4 0, 0, 2;
    %ix/load 4, 3, 0;
    %flag_set/imm 4, 0;
    %store/vec4 v0x7fa5a6919f40_0, 4, 2;
    %jmp T_14.10;
T_14.3 ;
    %pushi/vec4 0, 0, 4;
    %ix/load 4, 0, 0;
    %flag_set/imm 4, 0;
    %store/vec4 v0x7fa5a6919f40_0, 4, 4;
    %pushi/vec4 0, 0, 1;
    %ix/load 4, 6, 0;
    %flag_set/imm 4, 0;
    %store/vec4 v0x7fa5a6919f40_0, 4, 1;
    %jmp T_14.10;
T_14.4 ;
    %pushi/vec4 0, 0, 2;
    %ix/load 4, 1, 0;
    %flag_set/imm 4, 0;
    %store/vec4 v0x7fa5a6919f40_0, 4, 2;
    %pushi/vec4 0, 0, 2;
    %ix/load 4, 5, 0;
    %flag_set/imm 4, 0;
    %store/vec4 v0x7fa5a6919f40_0, 4, 2;
    %jmp T_14.10;
T_14.5 ;
    %pushi/vec4 0, 0, 1;
    %ix/load 4, 0, 0;
    %flag_set/imm 4, 0;
    %store/vec4 v0x7fa5a6919f40_0, 4, 1;
    %pushi/vec4 0, 0, 2;
    %ix/load 4, 2, 0;
    %flag_set/imm 4, 0;
    %store/vec4 v0x7fa5a6919f40_0, 4, 2;
    %pushi/vec4 0, 0, 2;
    %ix/load 4, 5, 0;
    %flag_set/imm 4, 0;
    %store/vec4 v0x7fa5a6919f40_0, 4, 2;
    %jmp T_14.10;
T_14.6 ;
    %pushi/vec4 0, 0, 1;
    %ix/load 4, 0, 0;
    %flag_set/imm 4, 0;
    %store/vec4 v0x7fa5a6919f40_0, 4, 1;
    %pushi/vec4 0, 0, 5;
    %ix/load 4, 2, 0;
    %flag_set/imm 4, 0;
    %store/vec4 v0x7fa5a6919f40_0, 4, 5;
    %jmp T_14.10;
T_14.7 ;
    %pushi/vec4 0, 0, 3;
    %ix/load 4, 0, 0;
    %flag_set/imm 4, 0;
    %store/vec4 v0x7fa5a6919f40_0, 4, 3;
    %jmp T_14.10;
T_14.8 ;
    %pushi/vec4 0, 0, 7;
    %store/vec4 v0x7fa5a6919f40_0, 0, 7;
    %jmp T_14.10;
T_14.9 ;
    %pushi/vec4 0, 0, 7;
    %store/vec4 v0x7fa5a6919f40_0, 0, 7;
    %pushi/vec4 3, 0, 2;
    %ix/load 4, 3, 0;
    %flag_set/imm 4, 0;
    %store/vec4 v0x7fa5a6919f40_0, 4, 2;
    %jmp T_14.10;
T_14.10 ;
    %pop/vec4 1;
    %jmp T_14;
    .thread T_14, $push;
    .scope S_0x7fa5a6900b80;
T_15 ;
    %delay 5, 0;
    %load/vec4 v0x7fa5a691c0d0_0;
    %inv;
    %store/vec4 v0x7fa5a691c0d0_0, 0, 1;
    %jmp T_15;
    .thread T_15;
    .scope S_0x7fa5a6900b80;
T_16 ;
    %vpi_call 2 52 "$write", "\012 testing the summing algorithm  ,  N [ %3d : %3d ]  on %1d ns cycles\012\012", 32'sb00000000000000000000000000000000, 32'sb00000000000000000000000000010110, 32'sb00000000000000000000000000001010 {0 0 0};
    %vpi_call 2 54 "$write", "    input  \042N\042      |  sum  |  expected       time ns   split\012" {0 0 0};
    %vpi_call 2 55 "$write", " ---------------------------------------\012" {0 0 0};
    %pushi/vec4 0, 0, 64;
    %store/vec4 v0x7fa5a691c430_0, 0, 64;
    %pushi/vec4 0, 0, 64;
    %store/vec4 v0x7fa5a691c550_0, 0, 64;
    %pushi/vec4 1, 0, 1;
    %store/vec4 v0x7fa5a691c5f0_0, 0, 1;
    %pushi/vec4 0, 0, 1;
    %store/vec4 v0x7fa5a691c4c0_0, 0, 1;
    %pushi/vec4 0, 0, 1;
    %store/vec4 v0x7fa5a691c0d0_0, 0, 1;
    %pushi/vec4 0, 0, 32;
    %store/vec4 v0x7fa5a691c250_0, 0, 32;
T_16.0 ;
    %load/vec4 v0x7fa5a691c250_0;
    %cmpi/s 22, 0, 32;
    %flag_or 5, 4;
    %jmp/0xz T_16.1, 5;
    %vpi_func 2 64 "$time" 64 {0 0 0};
    %store/vec4 v0x7fa5a691c430_0, 0, 64;
    %pushi/vec4 0, 0, 1;
    %store/vec4 v0x7fa5a691c4c0_0, 0, 1;
    %load/vec4 v0x7fa5a691c250_0;
    %pad/s 8;
    %store/vec4 v0x7fa5a691c2e0_0, 0, 8;
    %load/vec4 v0x7fa5a691c250_0;
    %load/vec4 v0x7fa5a691c250_0;
    %addi 1, 0, 32;
    %mul;
    %pushi/vec4 2, 0, 32;
    %div/s;
    %cvt/rv/s;
    %store/real v0x7fa5a691c040_0;
T_16.2 ;
    %load/vec4 v0x7fa5a691c160_0;
    %cmpi/ne 1, 0, 1;
    %jmp/0xz T_16.3, 4;
    %delay 10, 0;
    %jmp T_16.2;
T_16.3 ;
    %vpi_func 2 73 "$time" 64 {0 0 0};
    %load/vec4 v0x7fa5a691c430_0;
    %sub;
    %store/vec4 v0x7fa5a691c550_0, 0, 64;
    %vpi_call 2 76 "$write", "  {%3d}  %4b_%4b  |  ", v0x7fa5a691c2e0_0, &PV<v0x7fa5a691c2e0_0, 4, 4>, &PV<v0x7fa5a691c2e0_0, 0, 4> {0 0 0};
    %alloc S_0x7fa5a691bdf0;
    %load/vec4 v0x7fa5a691c700_0;
    %store/vec4 v0x7fa5a691bfb0_0, 0, 7;
    %fork TD_tb.retDig, S_0x7fa5a691bdf0;
    %join;
    %free S_0x7fa5a691bdf0;
    %alloc S_0x7fa5a691bdf0;
    %load/vec4 v0x7fa5a691c820_0;
    %store/vec4 v0x7fa5a691bfb0_0, 0, 7;
    %fork TD_tb.retDig, S_0x7fa5a691bdf0;
    %join;
    %free S_0x7fa5a691bdf0;
    %alloc S_0x7fa5a691bdf0;
    %load/vec4 v0x7fa5a691c790_0;
    %store/vec4 v0x7fa5a691bfb0_0, 0, 7;
    %fork TD_tb.retDig, S_0x7fa5a691bdf0;
    %join;
    %free S_0x7fa5a691bdf0;
    %vpi_call 2 81 "$write", "  |    %3d  ", v0x7fa5a691c040_0 {0 0 0};
    %vpi_call 2 82 "$write", "  |     %6t    %4t        CORRECT  \012", $time, v0x7fa5a691c550_0 {0 0 0};
    %pushi/vec4 1, 0, 1;
    %store/vec4 v0x7fa5a691c4c0_0, 0, 1;
    %delay 10, 0;
    %load/vec4 v0x7fa5a691c250_0;
    %addi 1, 0, 32;
    %store/vec4 v0x7fa5a691c250_0, 0, 32;
    %jmp T_16.0;
T_16.1 ;
    %delay 3, 0;
    %vpi_call 2 90 "$write", "\012\012\011\011 ~ ~ ~ TEST COMPLETE ~ ~ ~  %7t  ns\012\012", $time {0 0 0};
    %vpi_call 2 91 "$finish" {0 0 0};
    %end;
    .thread T_16;
# The file index is used to find the file name in the following table.
:file_names 3;
    "N/A";
    "<interactive>";
    "summing_q.v";
