#! /usr/local/Cellar/icarus-verilog/11.0/bin/vvp
:ivl_version "11.0 (stable)";
:ivl_delay_selection "TYPICAL";
:vpi_time_precision - 9;
:vpi_module "/usr/local/Cellar/icarus-verilog/11.0/lib/ivl/system.vpi";
:vpi_module "/usr/local/Cellar/icarus-verilog/11.0/lib/ivl/vhdl_sys.vpi";
:vpi_module "/usr/local/Cellar/icarus-verilog/11.0/lib/ivl/vhdl_textio.vpi";
:vpi_module "/usr/local/Cellar/icarus-verilog/11.0/lib/ivl/v2005_math.vpi";
:vpi_module "/usr/local/Cellar/icarus-verilog/11.0/lib/ivl/va_math.vpi";
S_0x7f92f070ade0 .scope module, "tb" "tb" 2 24;
 .timescale -9 -9;
v0x7f92f0716ef0_0 .var "clock", 0 0;
v0x7f92f0716fa0_0 .var/i "delay", 31 0;
v0x7f92f0717030_0 .var "die", 2 0;
v0x7f92f07170e0_0 .var/i "die_code", 31 0;
v0x7f92f0717170_0 .var/i "idx", 31 0;
v0x7f92f0717260_0 .var "reset", 0 0;
v0x7f92f07172f0_0 .var "roll", 0 0;
v0x7f92f07173a0_0 .net "roll_result", 4 0, L_0x7f92f0717560;  1 drivers
v0x7f92f0717450_0 .var/i "seed", 31 0;
S_0x7f92f070af50 .scope module, "DUT" "dice_roller" 2 37, 2 106 0, S_0x7f92f070ade0;
 .timescale -9 -9;
    .port_info 0 /INPUT 1 "clock";
    .port_info 1 /INPUT 1 "reset";
    .port_info 2 /INPUT 1 "roll";
    .port_info 3 /INPUT 3 "die";
    .port_info 4 /OUTPUT 5 "roll_result";
P_0x7f92f070b0c0 .param/l "CLEAR" 0 2 114, C4<00001>;
P_0x7f92f070b100 .param/l "MAX_10" 0 2 118, C4<01010>;
P_0x7f92f070b140 .param/l "MAX_12" 0 2 119, C4<01100>;
P_0x7f92f070b180 .param/l "MAX_20" 0 2 120, C4<10100>;
P_0x7f92f070b1c0 .param/l "MAX_4" 0 2 115, C4<00100>;
P_0x7f92f070b200 .param/l "MAX_6" 0 2 116, C4<00110>;
P_0x7f92f070b240 .param/l "MAX_8" 0 2 117, C4<01000>;
L_0x7f92f0717560 .functor BUFZ 5, v0x7f92f0716dc0_0, C4<00000>, C4<00000>, C4<00000>;
v0x7f92f070b300_0 .net "clock", 0 0, v0x7f92f0716ef0_0;  1 drivers
v0x7f92f0716af0_0 .net "die", 2 0, v0x7f92f0717030_0;  1 drivers
v0x7f92f0716b90_0 .net "reset", 0 0, v0x7f92f0717260_0;  1 drivers
v0x7f92f0716c40_0 .net "roll", 0 0, v0x7f92f07172f0_0;  1 drivers
v0x7f92f0716cd0_0 .net "roll_result", 4 0, L_0x7f92f0717560;  alias, 1 drivers
v0x7f92f0716dc0_0 .var "temp", 4 0;
E_0x7f92f0708d60 .event posedge, v0x7f92f070b300_0;
    .scope S_0x7f92f070af50;
T_0 ;
    %pushi/vec4 1, 0, 5;
    %store/vec4 v0x7f92f0716dc0_0, 0, 5;
    %end;
    .thread T_0;
    .scope S_0x7f92f070af50;
T_1 ;
    %wait E_0x7f92f0708d60;
    %load/vec4 v0x7f92f0716b90_0;
    %flag_set/vec4 8;
    %jmp/0xz  T_1.0, 8;
    %pushi/vec4 1, 0, 5;
    %store/vec4 v0x7f92f0716dc0_0, 0, 5;
    %jmp T_1.1;
T_1.0 ;
    %load/vec4 v0x7f92f0716dc0_0;
    %cmpi/u 20, 0, 5;
    %flag_or 5, 4; GT is !LE
    %flag_inv 5;
    %flag_mov 8, 5;
    %jmp/0 T_1.2, 8;
    %pushi/vec4 1, 0, 5;
    %jmp/1 T_1.3, 8;
T_1.2 ; End of true expr.
    %load/vec4 v0x7f92f0716dc0_0;
    %addi 1, 0, 5;
    %jmp/0 T_1.3, 8;
 ; End of false expr.
    %blend;
T_1.3;
    %store/vec4 v0x7f92f0716dc0_0, 0, 5;
T_1.1 ;
    %load/vec4 v0x7f92f0716af0_0;
    %dup/vec4;
    %pushi/vec4 1, 0, 3;
    %cmp/u;
    %jmp/1 T_1.4, 6;
    %dup/vec4;
    %pushi/vec4 2, 0, 3;
    %cmp/u;
    %jmp/1 T_1.5, 6;
    %dup/vec4;
    %pushi/vec4 3, 0, 3;
    %cmp/u;
    %jmp/1 T_1.6, 6;
    %dup/vec4;
    %pushi/vec4 4, 0, 3;
    %cmp/u;
    %jmp/1 T_1.7, 6;
    %dup/vec4;
    %pushi/vec4 5, 0, 3;
    %cmp/u;
    %jmp/1 T_1.8, 6;
    %dup/vec4;
    %pushi/vec4 6, 0, 3;
    %cmp/u;
    %jmp/1 T_1.9, 6;
    %pushi/vec4 1, 0, 5;
    %store/vec4 v0x7f92f0716dc0_0, 0, 5;
    %jmp T_1.11;
T_1.4 ;
    %load/vec4 v0x7f92f0716dc0_0;
    %cmpi/u 4, 0, 5;
    %flag_or 5, 4; GT is !LE
    %flag_inv 5;
    %flag_mov 8, 5;
    %jmp/0 T_1.12, 8;
    %pushi/vec4 1, 0, 5;
    %jmp/1 T_1.13, 8;
T_1.12 ; End of true expr.
    %load/vec4 v0x7f92f0716dc0_0;
    %jmp/0 T_1.13, 8;
 ; End of false expr.
    %blend;
T_1.13;
    %store/vec4 v0x7f92f0716dc0_0, 0, 5;
    %jmp T_1.11;
T_1.5 ;
    %load/vec4 v0x7f92f0716dc0_0;
    %cmpi/u 6, 0, 5;
    %flag_or 5, 4; GT is !LE
    %flag_inv 5;
    %flag_mov 8, 5;
    %jmp/0 T_1.14, 8;
    %pushi/vec4 1, 0, 5;
    %jmp/1 T_1.15, 8;
T_1.14 ; End of true expr.
    %load/vec4 v0x7f92f0716dc0_0;
    %jmp/0 T_1.15, 8;
 ; End of false expr.
    %blend;
T_1.15;
    %store/vec4 v0x7f92f0716dc0_0, 0, 5;
    %jmp T_1.11;
T_1.6 ;
    %load/vec4 v0x7f92f0716dc0_0;
    %cmpi/u 8, 0, 5;
    %flag_or 5, 4; GT is !LE
    %flag_inv 5;
    %flag_mov 8, 5;
    %jmp/0 T_1.16, 8;
    %pushi/vec4 1, 0, 5;
    %jmp/1 T_1.17, 8;
T_1.16 ; End of true expr.
    %load/vec4 v0x7f92f0716dc0_0;
    %jmp/0 T_1.17, 8;
 ; End of false expr.
    %blend;
T_1.17;
    %store/vec4 v0x7f92f0716dc0_0, 0, 5;
    %jmp T_1.11;
T_1.7 ;
    %load/vec4 v0x7f92f0716dc0_0;
    %cmpi/u 10, 0, 5;
    %flag_or 5, 4; GT is !LE
    %flag_inv 5;
    %flag_mov 8, 5;
    %jmp/0 T_1.18, 8;
    %pushi/vec4 1, 0, 5;
    %jmp/1 T_1.19, 8;
T_1.18 ; End of true expr.
    %load/vec4 v0x7f92f0716dc0_0;
    %jmp/0 T_1.19, 8;
 ; End of false expr.
    %blend;
T_1.19;
    %store/vec4 v0x7f92f0716dc0_0, 0, 5;
    %jmp T_1.11;
T_1.8 ;
    %load/vec4 v0x7f92f0716dc0_0;
    %cmpi/u 12, 0, 5;
    %flag_or 5, 4; GT is !LE
    %flag_inv 5;
    %flag_mov 8, 5;
    %jmp/0 T_1.20, 8;
    %pushi/vec4 1, 0, 5;
    %jmp/1 T_1.21, 8;
T_1.20 ; End of true expr.
    %load/vec4 v0x7f92f0716dc0_0;
    %jmp/0 T_1.21, 8;
 ; End of false expr.
    %blend;
T_1.21;
    %store/vec4 v0x7f92f0716dc0_0, 0, 5;
    %jmp T_1.11;
T_1.9 ;
    %load/vec4 v0x7f92f0716dc0_0;
    %cmpi/u 20, 0, 5;
    %flag_or 5, 4; GT is !LE
    %flag_inv 5;
    %flag_mov 8, 5;
    %jmp/0 T_1.22, 8;
    %pushi/vec4 1, 0, 5;
    %jmp/1 T_1.23, 8;
T_1.22 ; End of true expr.
    %load/vec4 v0x7f92f0716dc0_0;
    %jmp/0 T_1.23, 8;
 ; End of false expr.
    %blend;
T_1.23;
    %store/vec4 v0x7f92f0716dc0_0, 0, 5;
    %jmp T_1.11;
T_1.11 ;
    %pop/vec4 1;
    %jmp T_1;
    .thread T_1;
    .scope S_0x7f92f070ade0;
T_2 ;
    %delay 5, 0;
    %load/vec4 v0x7f92f0716ef0_0;
    %inv;
    %store/vec4 v0x7f92f0716ef0_0, 0, 1;
    %jmp T_2;
    .thread T_2;
    .scope S_0x7f92f070ade0;
T_3 ;
    %vpi_call 2 51 "$dumpfile", "wave.vcd" {0 0 0};
    %vpi_call 2 52 "$dumpvars", 32'sb00000000000000000000000000000000, S_0x7f92f070ade0 {0 0 0};
    %pushi/vec4 0, 0, 1;
    %store/vec4 v0x7f92f0716ef0_0, 0, 1;
    %pushi/vec4 0, 0, 1;
    %store/vec4 v0x7f92f0717260_0, 0, 1;
    %pushi/vec4 0, 0, 1;
    %store/vec4 v0x7f92f07172f0_0, 0, 1;
    %pushi/vec4 777, 0, 32;
    %store/vec4 v0x7f92f0717450_0, 0, 32;
    %pushi/vec4 6, 0, 3;
    %store/vec4 v0x7f92f0717030_0, 0, 3;
    %pushi/vec4 20, 0, 32;
    %store/vec4 v0x7f92f07170e0_0, 0, 32;
    %vpi_call 2 83 "$write", "\012testing the die, sides:  %2d\012\012", v0x7f92f07170e0_0 {0 0 0};
    %pushi/vec4 0, 0, 32;
    %store/vec4 v0x7f92f0717170_0, 0, 32;
T_3.0 ;
    %load/vec4 v0x7f92f0717170_0;
    %cmpi/s 12, 0, 32;
    %jmp/0xz T_3.1, 5;
    %vpi_func 2 88 "$urandom" 32, v0x7f92f0717450_0 {0 0 0};
    %pushi/vec4 20, 0, 32;
    %mod;
    %store/vec4 v0x7f92f0716fa0_0, 0, 32;
    %load/vec4 v0x7f92f0716fa0_0;
    %pad/s 64;
    %muli 1, 0, 64;
    %ix/vec4 4;
    %delayx 4;
    %delay 5, 0;
    %delay 5, 0;
    %vpi_call 2 94 "$write", "%3d)  rolled:  %2d    %9t ns\012", v0x7f92f0717170_0, v0x7f92f07173a0_0, $time {0 0 0};
    %load/vec4 v0x7f92f0717170_0;
    %addi 1, 0, 32;
    %store/vec4 v0x7f92f0717170_0, 0, 32;
    %jmp T_3.0;
T_3.1 ;
    %vpi_call 2 97 "$write", "\012\012\011\011 ~ ~ ~ TEST COMPLETE ~ ~ ~   %9t ns\012\012", $time {0 0 0};
    %vpi_call 2 98 "$finish" {0 0 0};
    %end;
    .thread T_3;
# The file index is used to find the file name in the following table.
:file_names 3;
    "N/A";
    "<interactive>";
    "dice_mod.sv";
