#! /usr/local/Cellar/icarus-verilog/11.0/bin/vvp
:ivl_version "11.0 (stable)";
:ivl_delay_selection "TYPICAL";
:vpi_time_precision - 9;
:vpi_module "/usr/local/Cellar/icarus-verilog/11.0/lib/ivl/system.vpi";
:vpi_module "/usr/local/Cellar/icarus-verilog/11.0/lib/ivl/vhdl_sys.vpi";
:vpi_module "/usr/local/Cellar/icarus-verilog/11.0/lib/ivl/vhdl_textio.vpi";
:vpi_module "/usr/local/Cellar/icarus-verilog/11.0/lib/ivl/v2005_math.vpi";
:vpi_module "/usr/local/Cellar/icarus-verilog/11.0/lib/ivl/va_math.vpi";
S_0x7fd0c2c0b5b0 .scope module, "tb" "tb" 2 17;
 .timescale -9 -9;
v0x7fd0c2c29ed0_0 .var/i "idx", 31 0;
v0x7fd0c2c29f90_0 .net "seg", 6 0, v0x7fd0c2c29b80_0;  1 drivers
v0x7fd0c2c2a050_0 .var "select", 3 0;
S_0x7fd0c2c0b720 .scope module, "DUT" "seg7_dig1" 2 22, 2 129 0, S_0x7fd0c2c0b5b0;
 .timescale -9 -9;
    .port_info 0 /INPUT 4 "cntl";
    .port_info 1 /OUTPUT 7 "disp";
P_0x7fd0c2c0beb0 .param/l "OFF" 0 2 135, C4<1>;
P_0x7fd0c2c0bef0 .param/l "ON" 0 2 134, C4<0>;
v0x7fd0c2c04720_0 .net "cntl", 3 0, v0x7fd0c2c2a050_0;  1 drivers
v0x7fd0c2c29b80_0 .var "disp", 6 0;
E_0x7fd0c2c0bb40 .event edge, v0x7fd0c2c04720_0;
S_0x7fd0c2c29c60 .scope task, "disp_out" "disp_out" 2 41, 2 41 0, S_0x7fd0c2c0b5b0;
 .timescale -9 -9;
v0x7fd0c2c29e20_0 .var "seg_out", 6 0;
TD_tb.disp_out ;
    %vpi_call 2 44 "$write", "\012" {0 0 0};
    %load/vec4 v0x7fd0c2c29e20_0;
    %dup/vec4;
    %pushi/vec4 64, 0, 7;
    %cmp/u;
    %jmp/1 T_0.0, 6;
    %dup/vec4;
    %pushi/vec4 121, 0, 7;
    %cmp/u;
    %jmp/1 T_0.1, 6;
    %dup/vec4;
    %pushi/vec4 36, 0, 7;
    %cmp/u;
    %jmp/1 T_0.2, 6;
    %dup/vec4;
    %pushi/vec4 48, 0, 7;
    %cmp/u;
    %jmp/1 T_0.3, 6;
    %dup/vec4;
    %pushi/vec4 25, 0, 7;
    %cmp/u;
    %jmp/1 T_0.4, 6;
    %dup/vec4;
    %pushi/vec4 18, 0, 7;
    %cmp/u;
    %jmp/1 T_0.5, 6;
    %dup/vec4;
    %pushi/vec4 2, 0, 7;
    %cmp/u;
    %jmp/1 T_0.6, 6;
    %dup/vec4;
    %pushi/vec4 120, 0, 7;
    %cmp/u;
    %jmp/1 T_0.7, 6;
    %dup/vec4;
    %pushi/vec4 0, 0, 7;
    %cmp/u;
    %jmp/1 T_0.8, 6;
    %dup/vec4;
    %pushi/vec4 24, 0, 7;
    %cmp/u;
    %jmp/1 T_0.9, 6;
    %vpi_call 2 117 "$write", "NO OUTPUT" {0 0 0};
    %jmp T_0.11;
T_0.0 ;
    %vpi_call 2 48 "$write", "\011 --\012" {0 0 0};
    %vpi_call 2 49 "$write", "\011|  |\012" {0 0 0};
    %vpi_call 2 50 "$write", "\011|  |\012" {0 0 0};
    %vpi_call 2 51 "$write", "\011 --\012" {0 0 0};
    %jmp T_0.11;
T_0.1 ;
    %vpi_call 2 55 "$write", "\011  |\012" {0 0 0};
    %vpi_call 2 56 "$write", "\011  |\012" {0 0 0};
    %jmp T_0.11;
T_0.2 ;
    %vpi_call 2 60 "$write", "\011 --\012" {0 0 0};
    %vpi_call 2 61 "$write", "\011   |\012" {0 0 0};
    %vpi_call 2 62 "$write", "\011 --\012" {0 0 0};
    %vpi_call 2 63 "$write", "\011|\012" {0 0 0};
    %vpi_call 2 64 "$write", "\011 --\012" {0 0 0};
    %jmp T_0.11;
T_0.3 ;
    %vpi_call 2 68 "$write", "\011--\012" {0 0 0};
    %vpi_call 2 69 "$write", "\011  |\012" {0 0 0};
    %vpi_call 2 70 "$write", "\011--\012" {0 0 0};
    %vpi_call 2 71 "$write", "\011  |\012" {0 0 0};
    %vpi_call 2 72 "$write", "\011--\012" {0 0 0};
    %jmp T_0.11;
T_0.4 ;
    %vpi_call 2 76 "$write", "\011|  |\012" {0 0 0};
    %vpi_call 2 77 "$write", "\011 --\012" {0 0 0};
    %vpi_call 2 78 "$write", "\011   |\012" {0 0 0};
    %jmp T_0.11;
T_0.5 ;
    %vpi_call 2 82 "$write", "\011 --\012" {0 0 0};
    %vpi_call 2 83 "$write", "\011|\012" {0 0 0};
    %vpi_call 2 84 "$write", "\011 --\012" {0 0 0};
    %vpi_call 2 85 "$write", "\011   |\012" {0 0 0};
    %vpi_call 2 86 "$write", "\011 --\012" {0 0 0};
    %jmp T_0.11;
T_0.6 ;
    %vpi_call 2 90 "$write", "\011 --\012" {0 0 0};
    %vpi_call 2 91 "$write", "\011|\012" {0 0 0};
    %vpi_call 2 92 "$write", "\011 --\012" {0 0 0};
    %vpi_call 2 93 "$write", "\011|  |\012" {0 0 0};
    %vpi_call 2 94 "$write", "\011 --\012" {0 0 0};
    %jmp T_0.11;
T_0.7 ;
    %vpi_call 2 98 "$write", "\011 --\012" {0 0 0};
    %vpi_call 2 99 "$write", "\011   |\012" {0 0 0};
    %vpi_call 2 100 "$write", "\011   |\012" {0 0 0};
    %jmp T_0.11;
T_0.8 ;
    %vpi_call 2 104 "$write", "\011 --\012" {0 0 0};
    %vpi_call 2 105 "$write", "\011|  |\012" {0 0 0};
    %vpi_call 2 106 "$write", "\011 --\012" {0 0 0};
    %vpi_call 2 107 "$write", "\011|  |\012" {0 0 0};
    %vpi_call 2 108 "$write", "\011 --\012" {0 0 0};
    %jmp T_0.11;
T_0.9 ;
    %vpi_call 2 112 "$write", "\011 --\012" {0 0 0};
    %vpi_call 2 113 "$write", "\011|  |\012" {0 0 0};
    %vpi_call 2 114 "$write", "\011 --\012" {0 0 0};
    %vpi_call 2 115 "$write", "\011   |\012" {0 0 0};
    %jmp T_0.11;
T_0.11 ;
    %pop/vec4 1;
    %vpi_call 2 120 "$write", "\012" {0 0 0};
    %end;
    .scope S_0x7fd0c2c0b720;
T_1 ;
    %wait E_0x7fd0c2c0bb40;
    %pushi/vec4 127, 0, 7;
    %store/vec4 v0x7fd0c2c29b80_0, 0, 7;
    %load/vec4 v0x7fd0c2c04720_0;
    %dup/vec4;
    %pushi/vec4 0, 0, 4;
    %cmp/u;
    %jmp/1 T_1.0, 6;
    %dup/vec4;
    %pushi/vec4 1, 0, 4;
    %cmp/u;
    %jmp/1 T_1.1, 6;
    %dup/vec4;
    %pushi/vec4 2, 0, 4;
    %cmp/u;
    %jmp/1 T_1.2, 6;
    %dup/vec4;
    %pushi/vec4 3, 0, 4;
    %cmp/u;
    %jmp/1 T_1.3, 6;
    %dup/vec4;
    %pushi/vec4 4, 0, 4;
    %cmp/u;
    %jmp/1 T_1.4, 6;
    %dup/vec4;
    %pushi/vec4 5, 0, 4;
    %cmp/u;
    %jmp/1 T_1.5, 6;
    %dup/vec4;
    %pushi/vec4 6, 0, 4;
    %cmp/u;
    %jmp/1 T_1.6, 6;
    %dup/vec4;
    %pushi/vec4 7, 0, 4;
    %cmp/u;
    %jmp/1 T_1.7, 6;
    %dup/vec4;
    %pushi/vec4 8, 0, 4;
    %cmp/u;
    %jmp/1 T_1.8, 6;
    %dup/vec4;
    %pushi/vec4 9, 0, 4;
    %cmp/u;
    %jmp/1 T_1.9, 6;
    %jmp T_1.10;
T_1.0 ;
    %pushi/vec4 0, 0, 6;
    %ix/load 4, 0, 0;
    %flag_set/imm 4, 0;
    %store/vec4 v0x7fd0c2c29b80_0, 4, 6;
    %jmp T_1.10;
T_1.1 ;
    %pushi/vec4 0, 0, 2;
    %ix/load 4, 1, 0;
    %flag_set/imm 4, 0;
    %store/vec4 v0x7fd0c2c29b80_0, 4, 2;
    %jmp T_1.10;
T_1.2 ;
    %pushi/vec4 0, 0, 2;
    %ix/load 4, 0, 0;
    %flag_set/imm 4, 0;
    %store/vec4 v0x7fd0c2c29b80_0, 4, 2;
    %pushi/vec4 0, 0, 1;
    %ix/load 4, 6, 0;
    %flag_set/imm 4, 0;
    %store/vec4 v0x7fd0c2c29b80_0, 4, 1;
    %pushi/vec4 0, 0, 2;
    %ix/load 4, 3, 0;
    %flag_set/imm 4, 0;
    %store/vec4 v0x7fd0c2c29b80_0, 4, 2;
    %jmp T_1.10;
T_1.3 ;
    %pushi/vec4 0, 0, 4;
    %ix/load 4, 0, 0;
    %flag_set/imm 4, 0;
    %store/vec4 v0x7fd0c2c29b80_0, 4, 4;
    %pushi/vec4 0, 0, 1;
    %ix/load 4, 6, 0;
    %flag_set/imm 4, 0;
    %store/vec4 v0x7fd0c2c29b80_0, 4, 1;
    %jmp T_1.10;
T_1.4 ;
    %pushi/vec4 0, 0, 2;
    %ix/load 4, 1, 0;
    %flag_set/imm 4, 0;
    %store/vec4 v0x7fd0c2c29b80_0, 4, 2;
    %pushi/vec4 0, 0, 2;
    %ix/load 4, 5, 0;
    %flag_set/imm 4, 0;
    %store/vec4 v0x7fd0c2c29b80_0, 4, 2;
    %jmp T_1.10;
T_1.5 ;
    %pushi/vec4 0, 0, 1;
    %ix/load 4, 0, 0;
    %flag_set/imm 4, 0;
    %store/vec4 v0x7fd0c2c29b80_0, 4, 1;
    %pushi/vec4 0, 0, 2;
    %ix/load 4, 2, 0;
    %flag_set/imm 4, 0;
    %store/vec4 v0x7fd0c2c29b80_0, 4, 2;
    %pushi/vec4 0, 0, 2;
    %ix/load 4, 5, 0;
    %flag_set/imm 4, 0;
    %store/vec4 v0x7fd0c2c29b80_0, 4, 2;
    %jmp T_1.10;
T_1.6 ;
    %pushi/vec4 0, 0, 1;
    %ix/load 4, 0, 0;
    %flag_set/imm 4, 0;
    %store/vec4 v0x7fd0c2c29b80_0, 4, 1;
    %pushi/vec4 0, 0, 5;
    %ix/load 4, 2, 0;
    %flag_set/imm 4, 0;
    %store/vec4 v0x7fd0c2c29b80_0, 4, 5;
    %jmp T_1.10;
T_1.7 ;
    %pushi/vec4 0, 0, 3;
    %ix/load 4, 0, 0;
    %flag_set/imm 4, 0;
    %store/vec4 v0x7fd0c2c29b80_0, 4, 3;
    %jmp T_1.10;
T_1.8 ;
    %pushi/vec4 0, 0, 7;
    %store/vec4 v0x7fd0c2c29b80_0, 0, 7;
    %jmp T_1.10;
T_1.9 ;
    %pushi/vec4 0, 0, 7;
    %store/vec4 v0x7fd0c2c29b80_0, 0, 7;
    %pushi/vec4 3, 0, 2;
    %ix/load 4, 3, 0;
    %flag_set/imm 4, 0;
    %store/vec4 v0x7fd0c2c29b80_0, 4, 2;
    %jmp T_1.10;
T_1.10 ;
    %pop/vec4 1;
    %jmp T_1;
    .thread T_1, $push;
    .scope S_0x7fd0c2c0b5b0;
T_2 ;
    %vpi_call 2 28 "$write", "\012" {0 0 0};
    %pushi/vec4 0, 0, 32;
    %store/vec4 v0x7fd0c2c29ed0_0, 0, 32;
T_2.0 ;
    %load/vec4 v0x7fd0c2c29ed0_0;
    %cmpi/s 16, 0, 32;
    %jmp/0xz T_2.1, 5;
    %load/vec4 v0x7fd0c2c29ed0_0;
    %pad/s 4;
    %store/vec4 v0x7fd0c2c2a050_0, 0, 4;
    %delay 10, 0;
    %vpi_call 2 32 "$write", "selected:  %4b  ,  disp:  %4b_%3b  -->  %2d\012", v0x7fd0c2c2a050_0, &PV<v0x7fd0c2c29f90_0, 3, 4>, &PV<v0x7fd0c2c29f90_0, 0, 3>, v0x7fd0c2c29ed0_0 {0 0 0};
    %load/vec4 v0x7fd0c2c29f90_0;
    %store/vec4 v0x7fd0c2c29e20_0, 0, 7;
    %fork TD_tb.disp_out, S_0x7fd0c2c29c60;
    %join;
    %load/vec4 v0x7fd0c2c29ed0_0;
    %addi 1, 0, 32;
    %store/vec4 v0x7fd0c2c29ed0_0, 0, 32;
    %jmp T_2.0;
T_2.1 ;
    %delay 10, 0;
    %vpi_call 2 37 "$write", "\012\012\011\011 ~ ~ ~ TEST COMPLETE ~ ~ ~\012\012" {0 0 0};
    %vpi_call 2 38 "$finish" {0 0 0};
    %end;
    .thread T_2;
# The file index is used to find the file name in the following table.
:file_names 3;
    "N/A";
    "<interactive>";
    "seg7_dig1.v";
