#! /usr/local/Cellar/icarus-verilog/11.0/bin/vvp
:ivl_version "11.0 (stable)";
:ivl_delay_selection "TYPICAL";
:vpi_time_precision - 9;
:vpi_module "/usr/local/Cellar/icarus-verilog/11.0/lib/ivl/system.vpi";
:vpi_module "/usr/local/Cellar/icarus-verilog/11.0/lib/ivl/vhdl_sys.vpi";
:vpi_module "/usr/local/Cellar/icarus-verilog/11.0/lib/ivl/vhdl_textio.vpi";
:vpi_module "/usr/local/Cellar/icarus-verilog/11.0/lib/ivl/v2005_math.vpi";
:vpi_module "/usr/local/Cellar/icarus-verilog/11.0/lib/ivl/va_math.vpi";
S_0x7fcadcc03780 .scope module, "tb" "tb" 2 21;
 .timescale -9 -9;
v0x7fcadcc1edd0_0 .var "clock", 0 0;
v0x7fcadcc1eee0_0 .net "done", 0 0, L_0x7fcadcc1f470;  1 drivers
v0x7fcadcc1ef70_0 .var/i "idx", 31 0;
v0x7fcadcc1f000_0 .var/i "k_follow", 31 0;
v0x7fcadcc1f090_0 .var/i "k_lead", 31 0;
v0x7fcadcc1f160_0 .var "n_input", 7 0;
v0x7fcadcc1f200_0 .var "reset", 0 0;
v0x7fcadcc1f2d0_0 .net "result", 7 0, v0x7fcadcc1d010_0;  1 drivers
v0x7fcadcc1f360_0 .var "start", 0 0;
S_0x7fcadcc06a40 .scope module, "GDP" "general_data_path" 2 33, 2 95 0, S_0x7fcadcc03780;
 .timescale -9 -9;
    .port_info 0 /OUTPUT 8 "result";
    .port_info 1 /OUTPUT 1 "done";
    .port_info 2 /INPUT 8 "n_input";
    .port_info 3 /INPUT 1 "start";
    .port_info 4 /INPUT 1 "reset";
    .port_info 5 /INPUT 1 "clock";
L_0x7fcadcc1f470 .functor BUFZ 1, L_0x7fcadcc21a60, C4<0>, C4<0>, C4<0>;
v0x7fcadcc1e200_0 .net "ALU", 2 0, L_0x7fcadcc21620;  1 drivers
v0x7fcadcc1e2b0_0 .net "IE", 0 0, L_0x7fcadcc1f5a0;  1 drivers
v0x7fcadcc1e350_0 .net "OE", 0 0, L_0x7fcadcc21a60;  1 drivers
v0x7fcadcc1e3e0_0 .net "RAA", 1 0, L_0x7fcadcc20b00;  1 drivers
v0x7fcadcc1e470_0 .net "RAE", 0 0, L_0x7fcadcc20990;  1 drivers
v0x7fcadcc1e500_0 .net "RBA", 1 0, L_0x7fcadcc20f10;  1 drivers
v0x7fcadcc1e590_0 .net "RBE", 0 0, L_0x7fcadcc20d70;  1 drivers
v0x7fcadcc1e620_0 .net "SH", 1 0, L_0x7fcadcc21900;  1 drivers
v0x7fcadcc1e6b0_0 .net "WA", 1 0, L_0x7fcadcc1fea0;  1 drivers
v0x7fcadcc1e7c0_0 .net "WE", 0 0, L_0x7fcadcc1fd70;  1 drivers
v0x7fcadcc1e850_0 .net "clock", 0 0, v0x7fcadcc1edd0_0;  1 drivers
v0x7fcadcc1e8e0_0 .net "done", 0 0, L_0x7fcadcc1f470;  alias, 1 drivers
v0x7fcadcc1e970_0 .net "n_input", 7 0, v0x7fcadcc1f160_0;  1 drivers
v0x7fcadcc1ea10_0 .net "n_is_0", 0 0, L_0x7fcadcc21b40;  1 drivers
v0x7fcadcc1eae0_0 .net "reset", 0 0, v0x7fcadcc1f200_0;  1 drivers
v0x7fcadcc1eb70_0 .net "result", 7 0, v0x7fcadcc1d010_0;  alias, 1 drivers
v0x7fcadcc1ec40_0 .net "start", 0 0, v0x7fcadcc1f360_0;  1 drivers
S_0x7fcadcc06c40 .scope module, "CU" "control_unit" 2 117, 2 154 0, S_0x7fcadcc06a40;
 .timescale -9 -9;
    .port_info 0 /OUTPUT 1 "IE";
    .port_info 1 /OUTPUT 1 "WE";
    .port_info 2 /OUTPUT 2 "WA";
    .port_info 3 /OUTPUT 1 "RAE";
    .port_info 4 /OUTPUT 2 "RAA";
    .port_info 5 /OUTPUT 1 "RBE";
    .port_info 6 /OUTPUT 2 "RBA";
    .port_info 7 /OUTPUT 3 "ALU";
    .port_info 8 /OUTPUT 2 "SH";
    .port_info 9 /OUTPUT 1 "OE";
    .port_info 10 /INPUT 1 "n_is_0";
    .port_info 11 /INPUT 1 "start";
    .port_info 12 /INPUT 1 "reset";
    .port_info 13 /INPUT 1 "clock";
P_0x7fcadcc06db0 .param/l "s0" 0 2 174, C4<000>;
P_0x7fcadcc06df0 .param/l "s1" 0 2 175, C4<001>;
P_0x7fcadcc06e30 .param/l "s2" 0 2 176, C4<010>;
P_0x7fcadcc06e70 .param/l "s3" 0 2 177, C4<011>;
P_0x7fcadcc06eb0 .param/l "s4" 0 2 178, C4<100>;
L_0x7fcadcc1f8c0 .functor OR 1, L_0x7fcadcc1f6c0, L_0x7fcadcc1f7e0, C4<0>, C4<0>;
L_0x7fcadcc1fb10 .functor OR 1, L_0x7fcadcc1f8c0, L_0x7fcadcc1f9f0, C4<0>, C4<0>;
L_0x7fcadcc1fd70 .functor OR 1, L_0x7fcadcc1fb10, L_0x7fcadcc1fc60, C4<0>, C4<0>;
L_0x7fcadcc201e0 .functor OR 1, L_0x7fcadcc1ffc0, L_0x7fcadcc20100, C4<0>, C4<0>;
L_0x7fcadcc205d0 .functor OR 1, L_0x7fcadcc20390, L_0x7fcadcc20530, C4<0>, C4<0>;
L_0x7fcadcc20800 .functor OR 1, L_0x7fcadcc205d0, L_0x7fcadcc206c0, C4<0>, C4<0>;
L_0x7fcadcc20990 .functor OR 1, L_0x7fcadcc20800, L_0x7fcadcc208b0, C4<0>, C4<0>;
L_0x7fcadcc20310 .functor OR 1, L_0x7fcadcc21130, L_0x7fcadcc21260, C4<0>, C4<0>;
v0x7fcadcc070b0_0 .net "ALU", 2 0, L_0x7fcadcc21620;  alias, 1 drivers
v0x7fcadcc170f0_0 .net "IE", 0 0, L_0x7fcadcc1f5a0;  alias, 1 drivers
v0x7fcadcc17190_0 .net "OE", 0 0, L_0x7fcadcc21a60;  alias, 1 drivers
v0x7fcadcc17240_0 .net "RAA", 1 0, L_0x7fcadcc20b00;  alias, 1 drivers
v0x7fcadcc172f0_0 .net "RAE", 0 0, L_0x7fcadcc20990;  alias, 1 drivers
v0x7fcadcc173d0_0 .net "RBA", 1 0, L_0x7fcadcc20f10;  alias, 1 drivers
v0x7fcadcc17480_0 .net "RBE", 0 0, L_0x7fcadcc20d70;  alias, 1 drivers
v0x7fcadcc17520_0 .net "SH", 1 0, L_0x7fcadcc21900;  alias, 1 drivers
v0x7fcadcc175d0_0 .net "WA", 1 0, L_0x7fcadcc1fea0;  alias, 1 drivers
v0x7fcadcc176e0_0 .net "WE", 0 0, L_0x7fcadcc1fd70;  alias, 1 drivers
L_0x1039e7008 .functor BUFT 1, C4<001>, C4<0>, C4<0>, C4<0>;
v0x7fcadcc17780_0 .net/2u *"_ivl_0", 2 0, L_0x1039e7008;  1 drivers
v0x7fcadcc17830_0 .net *"_ivl_10", 0 0, L_0x7fcadcc1f7e0;  1 drivers
v0x7fcadcc178d0_0 .net *"_ivl_100", 0 0, L_0x7fcadcc20310;  1 drivers
L_0x1039e7560 .functor BUFT 1, C4<011>, C4<0>, C4<0>, C4<0>;
v0x7fcadcc17970_0 .net/2u *"_ivl_103", 2 0, L_0x1039e7560;  1 drivers
v0x7fcadcc17a20_0 .net *"_ivl_105", 0 0, L_0x7fcadcc21380;  1 drivers
L_0x1039e75a8 .functor BUFT 1, C4<000>, C4<0>, C4<0>, C4<0>;
v0x7fcadcc17ac0_0 .net/2u *"_ivl_110", 2 0, L_0x1039e75a8;  1 drivers
v0x7fcadcc17b70_0 .net *"_ivl_112", 0 0, L_0x7fcadcc21740;  1 drivers
L_0x1039e75f0 .functor BUFT 1, C4<010>, C4<0>, C4<0>, C4<0>;
v0x7fcadcc17d00_0 .net/2u *"_ivl_116", 2 0, L_0x1039e75f0;  1 drivers
v0x7fcadcc17d90_0 .net *"_ivl_118", 0 0, L_0x7fcadcc21820;  1 drivers
L_0x1039e7638 .functor BUFT 1, C4<0>, C4<0>, C4<0>, C4<0>;
v0x7fcadcc17e20_0 .net/2u *"_ivl_123", 0 0, L_0x1039e7638;  1 drivers
L_0x1039e7680 .functor BUFT 1, C4<100>, C4<0>, C4<0>, C4<0>;
v0x7fcadcc17ed0_0 .net/2u *"_ivl_125", 2 0, L_0x1039e7680;  1 drivers
v0x7fcadcc17f80_0 .net *"_ivl_13", 0 0, L_0x7fcadcc1f8c0;  1 drivers
L_0x1039e70e0 .functor BUFT 1, C4<010>, C4<0>, C4<0>, C4<0>;
v0x7fcadcc18020_0 .net/2u *"_ivl_14", 2 0, L_0x1039e70e0;  1 drivers
v0x7fcadcc180d0_0 .net *"_ivl_16", 0 0, L_0x7fcadcc1f9f0;  1 drivers
v0x7fcadcc18170_0 .net *"_ivl_19", 0 0, L_0x7fcadcc1fb10;  1 drivers
L_0x1039e7128 .functor BUFT 1, C4<011>, C4<0>, C4<0>, C4<0>;
v0x7fcadcc18210_0 .net/2u *"_ivl_20", 2 0, L_0x1039e7128;  1 drivers
v0x7fcadcc182c0_0 .net *"_ivl_22", 0 0, L_0x7fcadcc1fc60;  1 drivers
L_0x1039e7170 .functor BUFT 1, C4<0>, C4<0>, C4<0>, C4<0>;
v0x7fcadcc18360_0 .net/2u *"_ivl_28", 0 0, L_0x1039e7170;  1 drivers
L_0x1039e71b8 .functor BUFT 1, C4<001>, C4<0>, C4<0>, C4<0>;
v0x7fcadcc18410_0 .net/2u *"_ivl_33", 2 0, L_0x1039e71b8;  1 drivers
v0x7fcadcc184c0_0 .net *"_ivl_35", 0 0, L_0x7fcadcc1ffc0;  1 drivers
L_0x1039e7200 .functor BUFT 1, C4<010>, C4<0>, C4<0>, C4<0>;
v0x7fcadcc18560_0 .net/2u *"_ivl_37", 2 0, L_0x1039e7200;  1 drivers
v0x7fcadcc18610_0 .net *"_ivl_39", 0 0, L_0x7fcadcc20100;  1 drivers
L_0x1039e7050 .functor BUFT 1, C4<000>, C4<0>, C4<0>, C4<0>;
v0x7fcadcc186b0_0 .net/2u *"_ivl_4", 2 0, L_0x1039e7050;  1 drivers
v0x7fcadcc17c20_0 .net *"_ivl_42", 0 0, L_0x7fcadcc201e0;  1 drivers
L_0x1039e7248 .functor BUFT 1, C4<000>, C4<0>, C4<0>, C4<0>;
v0x7fcadcc18940_0 .net/2u *"_ivl_43", 2 0, L_0x1039e7248;  1 drivers
v0x7fcadcc189d0_0 .net *"_ivl_45", 0 0, L_0x7fcadcc20390;  1 drivers
L_0x1039e7290 .functor BUFT 1, C4<010>, C4<0>, C4<0>, C4<0>;
v0x7fcadcc18a60_0 .net/2u *"_ivl_47", 2 0, L_0x1039e7290;  1 drivers
v0x7fcadcc18b00_0 .net *"_ivl_49", 0 0, L_0x7fcadcc20530;  1 drivers
v0x7fcadcc18ba0_0 .net *"_ivl_52", 0 0, L_0x7fcadcc205d0;  1 drivers
L_0x1039e72d8 .functor BUFT 1, C4<011>, C4<0>, C4<0>, C4<0>;
v0x7fcadcc18c40_0 .net/2u *"_ivl_53", 2 0, L_0x1039e72d8;  1 drivers
v0x7fcadcc18cf0_0 .net *"_ivl_55", 0 0, L_0x7fcadcc206c0;  1 drivers
v0x7fcadcc18d90_0 .net *"_ivl_58", 0 0, L_0x7fcadcc20800;  1 drivers
L_0x1039e7320 .functor BUFT 1, C4<100>, C4<0>, C4<0>, C4<0>;
v0x7fcadcc18e30_0 .net/2u *"_ivl_59", 2 0, L_0x1039e7320;  1 drivers
v0x7fcadcc18ee0_0 .net *"_ivl_6", 0 0, L_0x7fcadcc1f6c0;  1 drivers
v0x7fcadcc18f80_0 .net *"_ivl_61", 0 0, L_0x7fcadcc208b0;  1 drivers
L_0x1039e7368 .functor BUFT 1, C4<0>, C4<0>, C4<0>, C4<0>;
v0x7fcadcc19020_0 .net/2u *"_ivl_67", 0 0, L_0x1039e7368;  1 drivers
L_0x1039e73b0 .functor BUFT 1, C4<010>, C4<0>, C4<0>, C4<0>;
v0x7fcadcc190d0_0 .net/2u *"_ivl_72", 2 0, L_0x1039e73b0;  1 drivers
v0x7fcadcc19180_0 .net *"_ivl_74", 0 0, L_0x7fcadcc20c90;  1 drivers
L_0x1039e73f8 .functor BUFT 1, C4<000>, C4<0>, C4<0>, C4<0>;
v0x7fcadcc19220_0 .net/2u *"_ivl_76", 2 0, L_0x1039e73f8;  1 drivers
L_0x1039e7098 .functor BUFT 1, C4<001>, C4<0>, C4<0>, C4<0>;
v0x7fcadcc192d0_0 .net/2u *"_ivl_8", 2 0, L_0x1039e7098;  1 drivers
L_0x1039e7440 .functor BUFT 1, C4<0>, C4<0>, C4<0>, C4<0>;
v0x7fcadcc19380_0 .net/2u *"_ivl_82", 0 0, L_0x1039e7440;  1 drivers
L_0x1039e7488 .functor BUFT 1, C4<0>, C4<0>, C4<0>, C4<0>;
v0x7fcadcc19430_0 .net/2u *"_ivl_87", 0 0, L_0x1039e7488;  1 drivers
L_0x1039e74d0 .functor BUFT 1, C4<000>, C4<0>, C4<0>, C4<0>;
v0x7fcadcc194e0_0 .net/2u *"_ivl_91", 2 0, L_0x1039e74d0;  1 drivers
v0x7fcadcc19590_0 .net *"_ivl_93", 0 0, L_0x7fcadcc21130;  1 drivers
L_0x1039e7518 .functor BUFT 1, C4<011>, C4<0>, C4<0>, C4<0>;
v0x7fcadcc19630_0 .net/2u *"_ivl_95", 2 0, L_0x1039e7518;  1 drivers
v0x7fcadcc196e0_0 .net *"_ivl_97", 0 0, L_0x7fcadcc21260;  1 drivers
v0x7fcadcc19780_0 .net "clock", 0 0, v0x7fcadcc1edd0_0;  alias, 1 drivers
v0x7fcadcc19820_0 .net "n_is_0", 0 0, L_0x7fcadcc21b40;  alias, 1 drivers
v0x7fcadcc198c0_0 .var "n_state", 2 0;
v0x7fcadcc19970_0 .net "reset", 0 0, v0x7fcadcc1f200_0;  alias, 1 drivers
v0x7fcadcc19a10_0 .net "start", 0 0, v0x7fcadcc1f360_0;  alias, 1 drivers
v0x7fcadcc19ab0_0 .var "state", 2 0;
E_0x7fcadcc03930 .event posedge, v0x7fcadcc19780_0;
L_0x7fcadcc1f5a0 .cmp/eq 3, v0x7fcadcc19ab0_0, L_0x1039e7008;
L_0x7fcadcc1f6c0 .cmp/eq 3, v0x7fcadcc19ab0_0, L_0x1039e7050;
L_0x7fcadcc1f7e0 .cmp/eq 3, v0x7fcadcc19ab0_0, L_0x1039e7098;
L_0x7fcadcc1f9f0 .cmp/eq 3, v0x7fcadcc19ab0_0, L_0x1039e70e0;
L_0x7fcadcc1fc60 .cmp/eq 3, v0x7fcadcc19ab0_0, L_0x1039e7128;
L_0x7fcadcc1fea0 .concat8 [ 1 1 0 0], L_0x7fcadcc201e0, L_0x1039e7170;
L_0x7fcadcc1ffc0 .cmp/eq 3, v0x7fcadcc19ab0_0, L_0x1039e71b8;
L_0x7fcadcc20100 .cmp/eq 3, v0x7fcadcc19ab0_0, L_0x1039e7200;
L_0x7fcadcc20390 .cmp/eq 3, v0x7fcadcc19ab0_0, L_0x1039e7248;
L_0x7fcadcc20530 .cmp/eq 3, v0x7fcadcc19ab0_0, L_0x1039e7290;
L_0x7fcadcc206c0 .cmp/eq 3, v0x7fcadcc19ab0_0, L_0x1039e72d8;
L_0x7fcadcc208b0 .cmp/eq 3, v0x7fcadcc19ab0_0, L_0x1039e7320;
L_0x7fcadcc20b00 .concat8 [ 1 1 0 0], L_0x7fcadcc20c90, L_0x1039e7368;
L_0x7fcadcc20c90 .cmp/eq 3, v0x7fcadcc19ab0_0, L_0x1039e73b0;
L_0x7fcadcc20d70 .cmp/eq 3, v0x7fcadcc19ab0_0, L_0x1039e73f8;
L_0x7fcadcc20f10 .concat8 [ 1 1 0 0], L_0x1039e7488, L_0x1039e7440;
L_0x7fcadcc21130 .cmp/eq 3, v0x7fcadcc19ab0_0, L_0x1039e74d0;
L_0x7fcadcc21260 .cmp/eq 3, v0x7fcadcc19ab0_0, L_0x1039e7518;
L_0x7fcadcc21380 .cmp/eq 3, v0x7fcadcc19ab0_0, L_0x1039e7560;
L_0x7fcadcc21620 .concat8 [ 1 1 1 0], L_0x7fcadcc21740, L_0x7fcadcc21380, L_0x7fcadcc20310;
L_0x7fcadcc21740 .cmp/eq 3, v0x7fcadcc19ab0_0, L_0x1039e75a8;
L_0x7fcadcc21820 .cmp/eq 3, v0x7fcadcc19ab0_0, L_0x1039e75f0;
L_0x7fcadcc21900 .concat8 [ 1 1 0 0], L_0x1039e7638, L_0x7fcadcc21820;
L_0x7fcadcc21a60 .cmp/eq 3, v0x7fcadcc19ab0_0, L_0x1039e7680;
S_0x7fcadcc19cb0 .scope module, "DP" "data_path" 2 134, 2 239 0, S_0x7fcadcc06a40;
 .timescale -9 -9;
    .port_info 0 /OUTPUT 1 "n_is_0";
    .port_info 1 /OUTPUT 8 "result";
    .port_info 2 /INPUT 8 "n_input";
    .port_info 3 /INPUT 1 "IE";
    .port_info 4 /INPUT 1 "WE";
    .port_info 5 /INPUT 2 "WA";
    .port_info 6 /INPUT 1 "RAE";
    .port_info 7 /INPUT 2 "RAA";
    .port_info 8 /INPUT 1 "RBE";
    .port_info 9 /INPUT 2 "RBA";
    .port_info 10 /INPUT 3 "ALU";
    .port_info 11 /INPUT 2 "SH";
    .port_info 12 /INPUT 1 "OE";
    .port_info 13 /INPUT 1 "clock";
P_0x7fcadcc06ef0 .param/l "BLANK" 0 2 256, C4<00000000>;
v0x7fcadcc1d100_0 .net "ALU", 2 0, L_0x7fcadcc21620;  alias, 1 drivers
v0x7fcadcc1d1f0_0 .net "IE", 0 0, L_0x7fcadcc1f5a0;  alias, 1 drivers
v0x7fcadcc1d2c0_0 .net "OE", 0 0, L_0x7fcadcc21a60;  alias, 1 drivers
v0x7fcadcc1d390_0 .net "RAA", 1 0, L_0x7fcadcc20b00;  alias, 1 drivers
v0x7fcadcc1d460_0 .net "RAE", 0 0, L_0x7fcadcc20990;  alias, 1 drivers
v0x7fcadcc1d570_0 .net "RBA", 1 0, L_0x7fcadcc20f10;  alias, 1 drivers
v0x7fcadcc1d640_0 .net "RBE", 0 0, L_0x7fcadcc20d70;  alias, 1 drivers
v0x7fcadcc1d710_0 .net "SH", 1 0, L_0x7fcadcc21900;  alias, 1 drivers
v0x7fcadcc1d7e0_0 .net "WA", 1 0, L_0x7fcadcc1fea0;  alias, 1 drivers
v0x7fcadcc1d8f0_0 .net "WE", 0 0, L_0x7fcadcc1fd70;  alias, 1 drivers
L_0x1039e76c8 .functor BUFT 1, C4<00000000>, C4<0>, C4<0>, C4<0>;
v0x7fcadcc1d9c0_0 .net/2u *"_ivl_0", 7 0, L_0x1039e76c8;  1 drivers
v0x7fcadcc1da50_0 .net "clock", 0 0, v0x7fcadcc1edd0_0;  alias, 1 drivers
v0x7fcadcc1dae0_0 .net "from_alu", 7 0, v0x7fcadcc1c3f0_0;  1 drivers
v0x7fcadcc1dbb0_0 .net "from_mux", 7 0, v0x7fcadcc1a430_0;  1 drivers
v0x7fcadcc1dc40_0 .net "from_shifter", 7 0, v0x7fcadcc1cb00_0;  1 drivers
v0x7fcadcc1dcd0_0 .net "n_input", 7 0, v0x7fcadcc1f160_0;  alias, 1 drivers
v0x7fcadcc1dd60_0 .net "n_is_0", 0 0, L_0x7fcadcc21b40;  alias, 1 drivers
v0x7fcadcc1def0_0 .net "result", 7 0, v0x7fcadcc1d010_0;  alias, 1 drivers
v0x7fcadcc1df80_0 .net "rf_port_A", 7 0, L_0x7fcadcc21f10;  1 drivers
v0x7fcadcc1e010_0 .net "rf_port_B", 7 0, L_0x7fcadcc22370;  1 drivers
v0x7fcadcc1e0a0_0 .var "to_register_file", 7 0;
E_0x7fcadcc06f30 .event edge, v0x7fcadcc1a430_0;
L_0x7fcadcc21b40 .cmp/eq 8, v0x7fcadcc1a430_0, L_0x1039e76c8;
S_0x7fcadcc1a040 .scope module, "comp1" "c1_mux" 2 285, 2 365 0, S_0x7fcadcc19cb0;
 .timescale -9 -9;
    .port_info 0 /OUTPUT 8 "from_mux";
    .port_info 1 /INPUT 8 "new_data";
    .port_info 2 /INPUT 8 "feedback";
    .port_info 3 /INPUT 1 "IE";
v0x7fcadcc1a2d0_0 .net "IE", 0 0, L_0x7fcadcc1f5a0;  alias, 1 drivers
v0x7fcadcc1a390_0 .net "feedback", 7 0, v0x7fcadcc1cb00_0;  alias, 1 drivers
v0x7fcadcc1a430_0 .var "from_mux", 7 0;
v0x7fcadcc1a4f0_0 .net "new_data", 7 0, v0x7fcadcc1f160_0;  alias, 1 drivers
E_0x7fcadcc1a270 .event edge, v0x7fcadcc170f0_0, v0x7fcadcc1a4f0_0, v0x7fcadcc1a390_0;
S_0x7fcadcc1a600 .scope module, "comp2" "c2_register_file" 2 292, 2 379 0, S_0x7fcadcc19cb0;
 .timescale -9 -9;
    .port_info 0 /OUTPUT 8 "port_A";
    .port_info 1 /OUTPUT 8 "port_B";
    .port_info 2 /INPUT 8 "from_mux";
    .port_info 3 /INPUT 1 "WE";
    .port_info 4 /INPUT 2 "WA";
    .port_info 5 /INPUT 1 "RAE";
    .port_info 6 /INPUT 2 "RAA";
    .port_info 7 /INPUT 1 "RBE";
    .port_info 8 /INPUT 2 "RBA";
    .port_info 9 /INPUT 1 "clock";
P_0x7fcadcc1a7d0 .param/l "BLANK" 0 2 392, C4<00000000>;
L_0x1039e7710 .functor BUFT 1, C4<1>, C4<0>, C4<0>, C4<0>;
L_0x7fcadcc21c60 .functor XNOR 1, L_0x7fcadcc20990, L_0x1039e7710, C4<0>, C4<0>;
L_0x1039e77e8 .functor BUFT 1, C4<1>, C4<0>, C4<0>, C4<0>;
L_0x7fcadcc22090 .functor XNOR 1, L_0x7fcadcc20d70, L_0x1039e77e8, C4<0>, C4<0>;
v0x7fcadcc1a990_0 .net "RAA", 1 0, L_0x7fcadcc20b00;  alias, 1 drivers
v0x7fcadcc1aa40_0 .net "RAE", 0 0, L_0x7fcadcc20990;  alias, 1 drivers
v0x7fcadcc1aaf0_0 .net "RBA", 1 0, L_0x7fcadcc20f10;  alias, 1 drivers
v0x7fcadcc1abc0_0 .net "RBE", 0 0, L_0x7fcadcc20d70;  alias, 1 drivers
v0x7fcadcc1ac70_0 .net "WA", 1 0, L_0x7fcadcc1fea0;  alias, 1 drivers
v0x7fcadcc1ad40_0 .net "WE", 0 0, L_0x7fcadcc1fd70;  alias, 1 drivers
v0x7fcadcc1adf0_0 .net/2u *"_ivl_0", 0 0, L_0x1039e7710;  1 drivers
L_0x1039e77a0 .functor BUFT 1, C4<00000000>, C4<0>, C4<0>, C4<0>;
v0x7fcadcc1ae80_0 .net/2u *"_ivl_10", 7 0, L_0x1039e77a0;  1 drivers
v0x7fcadcc1af10_0 .net/2u *"_ivl_14", 0 0, L_0x1039e77e8;  1 drivers
v0x7fcadcc1b030_0 .net *"_ivl_16", 0 0, L_0x7fcadcc22090;  1 drivers
v0x7fcadcc1b0d0_0 .net *"_ivl_18", 7 0, L_0x7fcadcc22140;  1 drivers
v0x7fcadcc1b180_0 .net *"_ivl_2", 0 0, L_0x7fcadcc21c60;  1 drivers
v0x7fcadcc1b220_0 .net *"_ivl_20", 3 0, L_0x7fcadcc22200;  1 drivers
L_0x1039e7830 .functor BUFT 1, C4<00>, C4<0>, C4<0>, C4<0>;
v0x7fcadcc1b2d0_0 .net *"_ivl_23", 1 0, L_0x1039e7830;  1 drivers
L_0x1039e7878 .functor BUFT 1, C4<00000000>, C4<0>, C4<0>, C4<0>;
v0x7fcadcc1b380_0 .net/2u *"_ivl_24", 7 0, L_0x1039e7878;  1 drivers
v0x7fcadcc1b430_0 .net *"_ivl_4", 7 0, L_0x7fcadcc21d10;  1 drivers
v0x7fcadcc1b4e0_0 .net *"_ivl_6", 3 0, L_0x7fcadcc21dd0;  1 drivers
L_0x1039e7758 .functor BUFT 1, C4<00>, C4<0>, C4<0>, C4<0>;
v0x7fcadcc1b670_0 .net *"_ivl_9", 1 0, L_0x1039e7758;  1 drivers
v0x7fcadcc1b700_0 .net "clock", 0 0, v0x7fcadcc1edd0_0;  alias, 1 drivers
v0x7fcadcc1b7b0_0 .net "from_mux", 7 0, v0x7fcadcc1e0a0_0;  1 drivers
v0x7fcadcc1b840 .array "internal", 0 3, 7 0;
v0x7fcadcc1b8d0_0 .net "port_A", 7 0, L_0x7fcadcc21f10;  alias, 1 drivers
v0x7fcadcc1b960_0 .net "port_B", 7 0, L_0x7fcadcc22370;  alias, 1 drivers
L_0x7fcadcc21d10 .array/port v0x7fcadcc1b840, L_0x7fcadcc21dd0;
L_0x7fcadcc21dd0 .concat [ 2 2 0 0], L_0x7fcadcc20b00, L_0x1039e7758;
L_0x7fcadcc21f10 .functor MUXZ 8, L_0x1039e77a0, L_0x7fcadcc21d10, L_0x7fcadcc21c60, C4<>;
L_0x7fcadcc22140 .array/port v0x7fcadcc1b840, L_0x7fcadcc22200;
L_0x7fcadcc22200 .concat [ 2 2 0 0], L_0x7fcadcc20f10, L_0x1039e7830;
L_0x7fcadcc22370 .functor MUXZ 8, L_0x1039e7878, L_0x7fcadcc22140, L_0x7fcadcc22090, C4<>;
S_0x7fcadcc1bac0 .scope module, "comp3" "c3_alu" 2 305, 2 409 0, S_0x7fcadcc19cb0;
 .timescale -9 -9;
    .port_info 0 /OUTPUT 8 "from_alu";
    .port_info 1 /INPUT 8 "A_bus";
    .port_info 2 /INPUT 8 "B_bus";
    .port_info 3 /INPUT 3 "ALU";
P_0x7fcadcc1bc50 .param/l "A_add_B" 0 2 420, C4<100>;
P_0x7fcadcc1bc90 .param/l "A_and_B" 0 2 417, C4<001>;
P_0x7fcadcc1bcd0 .param/l "A_or_B" 0 2 418, C4<010>;
P_0x7fcadcc1bd10 .param/l "A_sub_B" 0 2 421, C4<101>;
P_0x7fcadcc1bd50 .param/l "dec_A" 0 2 423, C4<111>;
P_0x7fcadcc1bd90 .param/l "inc_A" 0 2 422, C4<110>;
P_0x7fcadcc1bdd0 .param/l "not_A" 0 2 419, C4<011>;
P_0x7fcadcc1be10 .param/l "pass_A" 0 2 416, C4<000>;
v0x7fcadcc1c1a0_0 .net "ALU", 2 0, L_0x7fcadcc21620;  alias, 1 drivers
v0x7fcadcc1c270_0 .net "A_bus", 7 0, L_0x7fcadcc21f10;  alias, 1 drivers
v0x7fcadcc1c320_0 .net "B_bus", 7 0, L_0x7fcadcc22370;  alias, 1 drivers
v0x7fcadcc1c3f0_0 .var "from_alu", 7 0;
E_0x7fcadcc1c150 .event edge, v0x7fcadcc070b0_0, v0x7fcadcc1b8d0_0, v0x7fcadcc1b960_0;
S_0x7fcadcc1c4e0 .scope module, "comp4" "c4_shifter" 2 312, 2 441 0, S_0x7fcadcc19cb0;
 .timescale -9 -9;
    .port_info 0 /OUTPUT 8 "from_shifter";
    .port_info 1 /INPUT 8 "from_alu";
    .port_info 2 /INPUT 2 "SH";
P_0x7fcadcc1c6a0 .param/l "LEFT" 0 2 448, C4<01>;
P_0x7fcadcc1c6e0 .param/l "PASS" 0 2 447, C4<00>;
P_0x7fcadcc1c720 .param/l "RIGHT" 0 2 449, C4<10>;
P_0x7fcadcc1c760 .param/l "ROTATE" 0 2 450, C4<11>;
v0x7fcadcc1c980_0 .net "SH", 1 0, L_0x7fcadcc21900;  alias, 1 drivers
v0x7fcadcc1ca50_0 .net "from_alu", 7 0, v0x7fcadcc1c3f0_0;  alias, 1 drivers
v0x7fcadcc1cb00_0 .var "from_shifter", 7 0;
E_0x7fcadcc1c940 .event edge, v0x7fcadcc17520_0, v0x7fcadcc1c3f0_0;
S_0x7fcadcc1cc00 .scope module, "comp5" "c5_triBuff" 2 319, 2 464 0, S_0x7fcadcc19cb0;
 .timescale -9 -9;
    .port_info 0 /OUTPUT 8 "result";
    .port_info 1 /INPUT 8 "from_shifter";
    .port_info 2 /INPUT 1 "OE";
v0x7fcadcc1ce80_0 .net "OE", 0 0, L_0x7fcadcc21a60;  alias, 1 drivers
v0x7fcadcc1cf40_0 .net "from_shifter", 7 0, v0x7fcadcc1cb00_0;  alias, 1 drivers
v0x7fcadcc1d010_0 .var "result", 7 0;
E_0x7fcadcc1ce50 .event edge, v0x7fcadcc17190_0, v0x7fcadcc1a390_0;
    .scope S_0x7fcadcc06c40;
T_0 ;
    %pushi/vec4 0, 0, 3;
    %assign/vec4 v0x7fcadcc19ab0_0, 0;
    %pushi/vec4 0, 0, 3;
    %assign/vec4 v0x7fcadcc198c0_0, 0;
    %end;
    .thread T_0;
    .scope S_0x7fcadcc06c40;
T_1 ;
    %wait E_0x7fcadcc03930;
    %load/vec4 v0x7fcadcc19970_0;
    %cmpi/e 1, 0, 1;
    %jmp/0xz  T_1.0, 4;
    %pushi/vec4 0, 0, 3;
    %assign/vec4 v0x7fcadcc19ab0_0, 0;
    %pushi/vec4 0, 0, 3;
    %assign/vec4 v0x7fcadcc198c0_0, 0;
    %jmp T_1.1;
T_1.0 ;
    %load/vec4 v0x7fcadcc19ab0_0;
    %dup/vec4;
    %pushi/vec4 0, 0, 3;
    %cmp/u;
    %jmp/1 T_1.2, 6;
    %dup/vec4;
    %pushi/vec4 1, 0, 3;
    %cmp/u;
    %jmp/1 T_1.3, 6;
    %dup/vec4;
    %pushi/vec4 2, 0, 3;
    %cmp/u;
    %jmp/1 T_1.4, 6;
    %dup/vec4;
    %pushi/vec4 3, 0, 3;
    %cmp/u;
    %jmp/1 T_1.5, 6;
    %dup/vec4;
    %pushi/vec4 4, 0, 3;
    %cmp/u;
    %jmp/1 T_1.6, 6;
    %pushi/vec4 0, 0, 3;
    %assign/vec4 v0x7fcadcc198c0_0, 0;
    %jmp T_1.8;
T_1.2 ;
    %load/vec4 v0x7fcadcc19a10_0;
    %cmpi/e 1, 0, 1;
    %flag_mov 8, 4;
    %jmp/0 T_1.9, 8;
    %pushi/vec4 1, 0, 3;
    %jmp/1 T_1.10, 8;
T_1.9 ; End of true expr.
    %pushi/vec4 0, 0, 3;
    %jmp/0 T_1.10, 8;
 ; End of false expr.
    %blend;
T_1.10;
    %assign/vec4 v0x7fcadcc198c0_0, 0;
    %jmp T_1.8;
T_1.3 ;
    %load/vec4 v0x7fcadcc19820_0;
    %cmpi/e 1, 0, 1;
    %flag_mov 8, 4;
    %jmp/0 T_1.11, 8;
    %pushi/vec4 4, 0, 3;
    %jmp/1 T_1.12, 8;
T_1.11 ; End of true expr.
    %pushi/vec4 2, 0, 3;
    %jmp/0 T_1.12, 8;
 ; End of false expr.
    %blend;
T_1.12;
    %assign/vec4 v0x7fcadcc198c0_0, 0;
    %jmp T_1.8;
T_1.4 ;
    %load/vec4 v0x7fcadcc19820_0;
    %cmpi/e 1, 0, 1;
    %flag_mov 8, 4;
    %jmp/0 T_1.13, 8;
    %pushi/vec4 4, 0, 3;
    %jmp/1 T_1.14, 8;
T_1.13 ; End of true expr.
    %pushi/vec4 3, 0, 3;
    %jmp/0 T_1.14, 8;
 ; End of false expr.
    %blend;
T_1.14;
    %assign/vec4 v0x7fcadcc198c0_0, 0;
    %jmp T_1.8;
T_1.5 ;
    %pushi/vec4 2, 0, 3;
    %assign/vec4 v0x7fcadcc198c0_0, 0;
    %jmp T_1.8;
T_1.6 ;
    %load/vec4 v0x7fcadcc19970_0;
    %cmpi/e 1, 0, 1;
    %flag_mov 8, 4;
    %jmp/0 T_1.15, 8;
    %pushi/vec4 0, 0, 3;
    %jmp/1 T_1.16, 8;
T_1.15 ; End of true expr.
    %pushi/vec4 4, 0, 3;
    %jmp/0 T_1.16, 8;
 ; End of false expr.
    %blend;
T_1.16;
    %assign/vec4 v0x7fcadcc198c0_0, 0;
    %jmp T_1.8;
T_1.8 ;
    %pop/vec4 1;
    %load/vec4 v0x7fcadcc198c0_0;
    %assign/vec4 v0x7fcadcc19ab0_0, 0;
T_1.1 ;
    %jmp T_1;
    .thread T_1;
    .scope S_0x7fcadcc1a040;
T_2 ;
    %wait E_0x7fcadcc1a270;
    %load/vec4 v0x7fcadcc1a2d0_0;
    %cmpi/e 1, 0, 1;
    %flag_mov 8, 4;
    %jmp/0 T_2.0, 8;
    %load/vec4 v0x7fcadcc1a4f0_0;
    %jmp/1 T_2.1, 8;
T_2.0 ; End of true expr.
    %load/vec4 v0x7fcadcc1a390_0;
    %jmp/0 T_2.1, 8;
 ; End of false expr.
    %blend;
T_2.1;
    %store/vec4 v0x7fcadcc1a430_0, 0, 8;
    %jmp T_2;
    .thread T_2, $push;
    .scope S_0x7fcadcc1a600;
T_3 ;
    %wait E_0x7fcadcc03930;
    %load/vec4 v0x7fcadcc1ad40_0;
    %cmpi/e 1, 0, 1;
    %jmp/0xz  T_3.0, 4;
    %load/vec4 v0x7fcadcc1b7b0_0;
    %load/vec4 v0x7fcadcc1ac70_0;
    %pad/u 4;
    %ix/vec4 3;
    %ix/load 4, 0, 0; Constant delay
    %assign/vec4/a/d v0x7fcadcc1b840, 0, 4;
T_3.0 ;
    %jmp T_3;
    .thread T_3;
    .scope S_0x7fcadcc1bac0;
T_4 ;
    %wait E_0x7fcadcc1c150;
    %load/vec4 v0x7fcadcc1c1a0_0;
    %dup/vec4;
    %pushi/vec4 0, 0, 3;
    %cmp/u;
    %jmp/1 T_4.0, 6;
    %dup/vec4;
    %pushi/vec4 1, 0, 3;
    %cmp/u;
    %jmp/1 T_4.1, 6;
    %dup/vec4;
    %pushi/vec4 2, 0, 3;
    %cmp/u;
    %jmp/1 T_4.2, 6;
    %dup/vec4;
    %pushi/vec4 3, 0, 3;
    %cmp/u;
    %jmp/1 T_4.3, 6;
    %dup/vec4;
    %pushi/vec4 4, 0, 3;
    %cmp/u;
    %jmp/1 T_4.4, 6;
    %dup/vec4;
    %pushi/vec4 5, 0, 3;
    %cmp/u;
    %jmp/1 T_4.5, 6;
    %dup/vec4;
    %pushi/vec4 6, 0, 3;
    %cmp/u;
    %jmp/1 T_4.6, 6;
    %dup/vec4;
    %pushi/vec4 7, 0, 3;
    %cmp/u;
    %jmp/1 T_4.7, 6;
    %jmp T_4.8;
T_4.0 ;
    %load/vec4 v0x7fcadcc1c270_0;
    %store/vec4 v0x7fcadcc1c3f0_0, 0, 8;
    %jmp T_4.8;
T_4.1 ;
    %load/vec4 v0x7fcadcc1c270_0;
    %load/vec4 v0x7fcadcc1c320_0;
    %and;
    %store/vec4 v0x7fcadcc1c3f0_0, 0, 8;
    %jmp T_4.8;
T_4.2 ;
    %load/vec4 v0x7fcadcc1c270_0;
    %load/vec4 v0x7fcadcc1c320_0;
    %or;
    %store/vec4 v0x7fcadcc1c3f0_0, 0, 8;
    %jmp T_4.8;
T_4.3 ;
    %load/vec4 v0x7fcadcc1c270_0;
    %inv;
    %store/vec4 v0x7fcadcc1c3f0_0, 0, 8;
    %jmp T_4.8;
T_4.4 ;
    %load/vec4 v0x7fcadcc1c270_0;
    %load/vec4 v0x7fcadcc1c320_0;
    %add;
    %store/vec4 v0x7fcadcc1c3f0_0, 0, 8;
    %jmp T_4.8;
T_4.5 ;
    %load/vec4 v0x7fcadcc1c270_0;
    %load/vec4 v0x7fcadcc1c320_0;
    %sub;
    %store/vec4 v0x7fcadcc1c3f0_0, 0, 8;
    %jmp T_4.8;
T_4.6 ;
    %load/vec4 v0x7fcadcc1c270_0;
    %addi 1, 0, 8;
    %store/vec4 v0x7fcadcc1c3f0_0, 0, 8;
    %jmp T_4.8;
T_4.7 ;
    %load/vec4 v0x7fcadcc1c270_0;
    %subi 1, 0, 8;
    %store/vec4 v0x7fcadcc1c3f0_0, 0, 8;
    %jmp T_4.8;
T_4.8 ;
    %pop/vec4 1;
    %jmp T_4;
    .thread T_4, $push;
    .scope S_0x7fcadcc1c4e0;
T_5 ;
    %wait E_0x7fcadcc1c940;
    %load/vec4 v0x7fcadcc1c980_0;
    %dup/vec4;
    %pushi/vec4 0, 0, 2;
    %cmp/u;
    %jmp/1 T_5.0, 6;
    %dup/vec4;
    %pushi/vec4 1, 0, 2;
    %cmp/u;
    %jmp/1 T_5.1, 6;
    %dup/vec4;
    %pushi/vec4 2, 0, 2;
    %cmp/u;
    %jmp/1 T_5.2, 6;
    %dup/vec4;
    %pushi/vec4 3, 0, 2;
    %cmp/u;
    %jmp/1 T_5.3, 6;
    %jmp T_5.4;
T_5.0 ;
    %load/vec4 v0x7fcadcc1ca50_0;
    %store/vec4 v0x7fcadcc1cb00_0, 0, 8;
    %jmp T_5.4;
T_5.1 ;
    %load/vec4 v0x7fcadcc1ca50_0;
    %ix/load 4, 1, 0;
    %flag_set/imm 4, 0;
    %shiftl 4;
    %store/vec4 v0x7fcadcc1cb00_0, 0, 8;
    %jmp T_5.4;
T_5.2 ;
    %load/vec4 v0x7fcadcc1ca50_0;
    %ix/load 4, 1, 0;
    %flag_set/imm 4, 0;
    %shiftr 4;
    %store/vec4 v0x7fcadcc1cb00_0, 0, 8;
    %jmp T_5.4;
T_5.3 ;
    %load/vec4 v0x7fcadcc1ca50_0;
    %parti/s 7, 0, 2;
    %load/vec4 v0x7fcadcc1ca50_0;
    %parti/s 1, 7, 4;
    %concat/vec4; draw_concat_vec4
    %store/vec4 v0x7fcadcc1cb00_0, 0, 8;
    %jmp T_5.4;
T_5.4 ;
    %pop/vec4 1;
    %jmp T_5;
    .thread T_5, $push;
    .scope S_0x7fcadcc1cc00;
T_6 ;
    %wait E_0x7fcadcc1ce50;
    %load/vec4 v0x7fcadcc1ce80_0;
    %cmpi/e 1, 0, 1;
    %flag_mov 8, 4;
    %jmp/0 T_6.0, 8;
    %load/vec4 v0x7fcadcc1cf40_0;
    %jmp/1 T_6.1, 8;
T_6.0 ; End of true expr.
    %pushi/vec4 0, 255, 8;
    %jmp/0 T_6.1, 8;
 ; End of false expr.
    %blend;
T_6.1;
    %store/vec4 v0x7fcadcc1d010_0, 0, 8;
    %jmp T_6;
    .thread T_6, $push;
    .scope S_0x7fcadcc19cb0;
T_7 ;
    %pushi/vec4 0, 0, 8;
    %assign/vec4 v0x7fcadcc1e0a0_0, 0;
    %end;
    .thread T_7;
    .scope S_0x7fcadcc19cb0;
T_8 ;
    %wait E_0x7fcadcc06f30;
    %load/vec4 v0x7fcadcc1dbb0_0;
    %assign/vec4 v0x7fcadcc1e0a0_0, 0;
    %jmp T_8;
    .thread T_8, $push;
    .scope S_0x7fcadcc03780;
T_9 ;
    %delay 5, 0;
    %load/vec4 v0x7fcadcc1edd0_0;
    %inv;
    %store/vec4 v0x7fcadcc1edd0_0, 0, 1;
    %jmp T_9;
    .thread T_9;
    .scope S_0x7fcadcc03780;
T_10 ;
    %vpi_call 2 52 "$write", "\012 testing the  k = log2(N) round up algorithim  ,  N [ 1 : 128 ]\012\012" {0 0 0};
    %vpi_call 2 53 "$write", "        input       |       result      \012" {0 0 0};
    %pushi/vec4 1, 0, 1;
    %store/vec4 v0x7fcadcc1f360_0, 0, 1;
    %pushi/vec4 1, 0, 1;
    %store/vec4 v0x7fcadcc1f200_0, 0, 1;
    %pushi/vec4 0, 0, 1;
    %store/vec4 v0x7fcadcc1edd0_0, 0, 1;
    %pushi/vec4 0, 0, 32;
    %store/vec4 v0x7fcadcc1f090_0, 0, 32;
    %pushi/vec4 9, 0, 32;
    %store/vec4 v0x7fcadcc1f000_0, 0, 32;
    %pushi/vec4 1, 0, 32;
    %store/vec4 v0x7fcadcc1ef70_0, 0, 32;
T_10.0 ;
    %load/vec4 v0x7fcadcc1ef70_0;
    %cmpi/s 128, 0, 32;
    %flag_or 5, 4;
    %jmp/0xz T_10.1, 5;
    %pushi/vec4 0, 0, 1;
    %store/vec4 v0x7fcadcc1f200_0, 0, 1;
    %load/vec4 v0x7fcadcc1ef70_0;
    %pad/s 8;
    %store/vec4 v0x7fcadcc1f160_0, 0, 8;
    %load/vec4 v0x7fcadcc1ef70_0;
    %cmpi/e 1, 0, 32;
    %jmp/0xz  T_10.2, 4;
    %delay 10, 0;
T_10.2 ;
T_10.4 ;
    %load/vec4 v0x7fcadcc1eee0_0;
    %cmpi/ne 1, 0, 1;
    %jmp/0xz T_10.5, 4;
    %delay 10, 0;
    %jmp T_10.4;
T_10.5 ;
    %load/vec4 v0x7fcadcc1f2d0_0;
    %pad/u 32;
    %store/vec4 v0x7fcadcc1f090_0, 0, 32;
    %load/vec4 v0x7fcadcc1f090_0;
    %load/vec4 v0x7fcadcc1f000_0;
    %cmp/ne;
    %jmp/0xz  T_10.6, 4;
    %vpi_call 2 74 "$write", " ---------------------------------------\012" {0 0 0};
    %load/vec4 v0x7fcadcc1f090_0;
    %store/vec4 v0x7fcadcc1f000_0, 0, 32;
T_10.6 ;
    %vpi_call 2 77 "$write", "  {%3d}  %4b_%4b  |  %4b_%4b  {%3d}\012", v0x7fcadcc1f160_0, &PV<v0x7fcadcc1f160_0, 4, 4>, &PV<v0x7fcadcc1f160_0, 0, 4>, &PV<v0x7fcadcc1f2d0_0, 4, 4>, &PV<v0x7fcadcc1f2d0_0, 0, 4>, v0x7fcadcc1f2d0_0 {0 0 0};
    %pushi/vec4 1, 0, 1;
    %store/vec4 v0x7fcadcc1f200_0, 0, 1;
    %delay 10, 0;
    %load/vec4 v0x7fcadcc1ef70_0;
    %addi 1, 0, 32;
    %store/vec4 v0x7fcadcc1ef70_0, 0, 32;
    %jmp T_10.0;
T_10.1 ;
    %delay 3, 0;
    %vpi_call 2 88 "$write", "\012\012\011\011 ~ ~ ~ TEST COMPLETE ~ ~ ~  %7t  ns\012\012", $time {0 0 0};
    %vpi_call 2 89 "$finish" {0 0 0};
    %end;
    .thread T_10;
# The file index is used to find the file name in the following table.
:file_names 3;
    "N/A";
    "<interactive>";
    "log2.v";
