#! /usr/local/Cellar/icarus-verilog/11.0/bin/vvp
:ivl_version "11.0 (stable)";
:ivl_delay_selection "TYPICAL";
:vpi_time_precision - 9;
:vpi_module "/usr/local/Cellar/icarus-verilog/11.0/lib/ivl/system.vpi";
:vpi_module "/usr/local/Cellar/icarus-verilog/11.0/lib/ivl/vhdl_sys.vpi";
:vpi_module "/usr/local/Cellar/icarus-verilog/11.0/lib/ivl/vhdl_textio.vpi";
:vpi_module "/usr/local/Cellar/icarus-verilog/11.0/lib/ivl/v2005_math.vpi";
:vpi_module "/usr/local/Cellar/icarus-verilog/11.0/lib/ivl/va_math.vpi";
S_0x7f8888404880 .scope module, "tb" "tb" 2 13;
 .timescale -9 -9;
v0x7f88884292c0_0 .var "D", 0 0;
v0x7f8888429360_0 .net "Q", 0 0, L_0x7f8888429d70;  1 drivers
v0x7f8888429410_0 .var "clear", 0 0;
v0x7f88884294e0_0 .var "clk", 0 0;
v0x7f8888429590_0 .var/i "idx", 31 0;
v0x7f8888429660_0 .var/i "seed", 31 0;
v0x7f88884296f0_0 .var "set", 0 0;
v0x7f8888429780_0 .var/i "split", 31 0;
S_0x7f888840d400 .scope module, "DUT" "myLatch" 2 24, 2 113 0, S_0x7f8888404880;
 .timescale -9 -9;
    .port_info 0 /OUTPUT 1 "outQ";
    .port_info 1 /INPUT 1 "clock";
    .port_info 2 /INPUT 1 "inD";
    .port_info 3 /INPUT 1 "inSet";
    .port_info 4 /INPUT 1 "inClr";
L_0x7f8888429810 .functor NAND 1, v0x7f88884292c0_0, v0x7f88884294e0_0, C4<1>, C4<1>;
L_0x7f8888429940 .functor NOT 1, v0x7f88884292c0_0, C4<0>, C4<0>, C4<0>;
L_0x7f88884299b0 .functor NAND 1, L_0x7f8888429940, v0x7f88884294e0_0, C4<1>, C4<1>;
L_0x7f8888429aa0 .functor NAND 1, L_0x7f8888429810, L_0x7f8888429bd0, v0x7f88884296f0_0, C4<1>;
L_0x7f8888429bd0 .functor NAND 1, L_0x7f88884299b0, L_0x7f8888429aa0, v0x7f8888429410_0, C4<1>;
L_0x7f8888429d70 .functor BUFZ 1, L_0x7f8888429aa0, C4<0>, C4<0>, C4<0>;
v0x7f888840dea0_0 .net "clock", 0 0, v0x7f88884294e0_0;  1 drivers
v0x7f88884286a0_0 .net "d_not", 0 0, L_0x7f8888429940;  1 drivers
v0x7f8888428740_0 .net "inClr", 0 0, v0x7f8888429410_0;  1 drivers
v0x7f88884287d0_0 .net "inD", 0 0, v0x7f88884292c0_0;  1 drivers
v0x7f8888428870_0 .net "inSet", 0 0, v0x7f88884296f0_0;  1 drivers
v0x7f8888428950_0 .net "nand1_out", 0 0, L_0x7f8888429810;  1 drivers
v0x7f88884289f0_0 .net "nand2_out", 0 0, L_0x7f88884299b0;  1 drivers
v0x7f8888428a90_0 .net "nand3_out", 0 0, L_0x7f8888429aa0;  1 drivers
v0x7f8888428b30_0 .net "nand4_out", 0 0, L_0x7f8888429bd0;  1 drivers
v0x7f8888428c40_0 .net "outQ", 0 0, L_0x7f8888429d70;  alias, 1 drivers
S_0x7f8888428d50 .scope task, "disp" "disp" 2 92, 2 92 0, S_0x7f8888404880;
 .timescale -9 -9;
v0x7f8888428f10_0 .var "D", 0 0;
v0x7f8888428fa0_0 .var "Q", 0 0;
v0x7f8888429030_0 .var "clear", 0 0;
v0x7f88884290c0_0 .var "clk", 0 0;
v0x7f8888429150_0 .var "qnxt", 0 0;
v0x7f8888429220_0 .var "set", 0 0;
TD_tb.disp ;
    %load/vec4 v0x7f88884290c0_0;
    %inv;
    %load/vec4 v0x7f8888428fa0_0;
    %and;
    %load/vec4 v0x7f88884290c0_0;
    %load/vec4 v0x7f8888428f10_0;
    %and;
    %or;
    %store/vec4 v0x7f8888429150_0, 0, 1;
    %vpi_call 2 103 "$write", "   %1b   %1b    %1b     %1b    |  %1b    %1b     %3t\012", v0x7f88884290c0_0, v0x7f8888428f10_0, v0x7f8888429220_0, v0x7f8888429030_0, v0x7f8888428fa0_0, v0x7f8888429150_0, $time {0 0 0};
    %end;
    .scope S_0x7f8888404880;
T_1 ;
    %delay 5, 0;
    %load/vec4 v0x7f88884294e0_0;
    %inv;
    %store/vec4 v0x7f88884294e0_0, 0, 1;
    %jmp T_1;
    .thread T_1;
    .scope S_0x7f8888404880;
T_2 ;
    %vpi_call 2 38 "$dumpfile", "wave.vcd" {0 0 0};
    %vpi_call 2 39 "$dumpvars", 32'sb00000000000000000000000000000000, S_0x7f8888404880 {0 0 0};
    %pushi/vec4 77, 0, 32;
    %store/vec4 v0x7f8888429660_0, 0, 32;
    %pushi/vec4 6, 0, 32;
    %store/vec4 v0x7f8888429780_0, 0, 32;
    %pushi/vec4 0, 0, 1;
    %store/vec4 v0x7f8888429410_0, 0, 1;
    %pushi/vec4 0, 0, 1;
    %store/vec4 v0x7f88884294e0_0, 0, 1;
    %delay 1, 0;
    %pushi/vec4 1, 0, 1;
    %store/vec4 v0x7f8888429410_0, 0, 1;
    %pushi/vec4 0, 0, 1;
    %store/vec4 v0x7f88884296f0_0, 0, 1;
    %vpi_call 2 47 "$write", "\012test the gated-D latch with async set and clear\012\012" {0 0 0};
    %vpi_call 2 48 "$write", " clk  Din  set  clear  |  Q   Qnext   time\012" {0 0 0};
    %vpi_call 2 49 "$write", " ----------------------------------\012" {0 0 0};
    %pushi/vec4 0, 0, 32;
    %store/vec4 v0x7f8888429590_0, 0, 32;
T_2.0 ;
    %load/vec4 v0x7f8888429590_0;
    %cmpi/s 6, 0, 32;
    %jmp/0xz T_2.1, 5;
    %vpi_func 2 52 "$random" 32, v0x7f8888429660_0 {0 0 0};
    %pushi/vec4 2, 0, 32;
    %mod/s;
    %pad/s 1;
    %store/vec4 v0x7f88884292c0_0, 0, 1;
    %pushi/vec4 1, 0, 1;
    %store/vec4 v0x7f88884296f0_0, 0, 1;
    %pushi/vec4 1, 0, 1;
    %store/vec4 v0x7f8888429410_0, 0, 1;
    %load/vec4 v0x7f8888429780_0;
    %pad/s 64;
    %muli 1, 0, 64;
    %ix/vec4 4;
    %delayx 4;
    %load/vec4 v0x7f8888429360_0;
    %store/vec4 v0x7f8888428fa0_0, 0, 1;
    %load/vec4 v0x7f88884294e0_0;
    %store/vec4 v0x7f88884290c0_0, 0, 1;
    %load/vec4 v0x7f88884292c0_0;
    %store/vec4 v0x7f8888428f10_0, 0, 1;
    %load/vec4 v0x7f88884296f0_0;
    %store/vec4 v0x7f8888429220_0, 0, 1;
    %load/vec4 v0x7f8888429410_0;
    %store/vec4 v0x7f8888429030_0, 0, 1;
    %fork TD_tb.disp, S_0x7f8888428d50;
    %join;
    %load/vec4 v0x7f8888429590_0;
    %addi 1, 0, 32;
    %store/vec4 v0x7f8888429590_0, 0, 32;
    %jmp T_2.0;
T_2.1 ;
    %vpi_call 2 58 "$write", " ----------------------------------\012" {0 0 0};
    %pushi/vec4 0, 0, 32;
    %store/vec4 v0x7f8888429590_0, 0, 32;
T_2.2 ;
    %load/vec4 v0x7f8888429590_0;
    %cmpi/s 6, 0, 32;
    %jmp/0xz T_2.3, 5;
    %vpi_func 2 61 "$random" 32, v0x7f8888429660_0 {0 0 0};
    %pushi/vec4 2, 0, 32;
    %mod/s;
    %pad/s 1;
    %store/vec4 v0x7f88884292c0_0, 0, 1;
    %pushi/vec4 1, 0, 1;
    %store/vec4 v0x7f88884296f0_0, 0, 1;
    %pushi/vec4 1, 0, 1;
    %store/vec4 v0x7f8888429410_0, 0, 1;
    %load/vec4 v0x7f8888429780_0;
    %pad/s 64;
    %muli 1, 0, 64;
    %ix/vec4 4;
    %delayx 4;
    %load/vec4 v0x7f8888429360_0;
    %store/vec4 v0x7f8888428fa0_0, 0, 1;
    %load/vec4 v0x7f88884294e0_0;
    %store/vec4 v0x7f88884290c0_0, 0, 1;
    %load/vec4 v0x7f88884292c0_0;
    %store/vec4 v0x7f8888428f10_0, 0, 1;
    %load/vec4 v0x7f88884296f0_0;
    %store/vec4 v0x7f8888429220_0, 0, 1;
    %load/vec4 v0x7f8888429410_0;
    %store/vec4 v0x7f8888429030_0, 0, 1;
    %fork TD_tb.disp, S_0x7f8888428d50;
    %join;
    %load/vec4 v0x7f8888429590_0;
    %addi 1, 0, 32;
    %store/vec4 v0x7f8888429590_0, 0, 32;
    %jmp T_2.2;
T_2.3 ;
    %vpi_call 2 67 "$write", " ----------------------------------\012" {0 0 0};
    %pushi/vec4 0, 0, 32;
    %store/vec4 v0x7f8888429590_0, 0, 32;
T_2.4 ;
    %load/vec4 v0x7f8888429590_0;
    %cmpi/s 6, 0, 32;
    %jmp/0xz T_2.5, 5;
    %vpi_func 2 70 "$random" 32, v0x7f8888429660_0 {0 0 0};
    %pushi/vec4 2, 0, 32;
    %mod/s;
    %pad/s 1;
    %store/vec4 v0x7f88884292c0_0, 0, 1;
    %pushi/vec4 1, 0, 1;
    %store/vec4 v0x7f88884296f0_0, 0, 1;
    %pushi/vec4 0, 0, 1;
    %store/vec4 v0x7f8888429410_0, 0, 1;
    %load/vec4 v0x7f8888429780_0;
    %pad/s 64;
    %muli 1, 0, 64;
    %ix/vec4 4;
    %delayx 4;
    %load/vec4 v0x7f8888429360_0;
    %store/vec4 v0x7f8888428fa0_0, 0, 1;
    %load/vec4 v0x7f88884294e0_0;
    %store/vec4 v0x7f88884290c0_0, 0, 1;
    %load/vec4 v0x7f88884292c0_0;
    %store/vec4 v0x7f8888428f10_0, 0, 1;
    %load/vec4 v0x7f88884296f0_0;
    %store/vec4 v0x7f8888429220_0, 0, 1;
    %load/vec4 v0x7f8888429410_0;
    %store/vec4 v0x7f8888429030_0, 0, 1;
    %fork TD_tb.disp, S_0x7f8888428d50;
    %join;
    %load/vec4 v0x7f8888429590_0;
    %addi 1, 0, 32;
    %store/vec4 v0x7f8888429590_0, 0, 32;
    %jmp T_2.4;
T_2.5 ;
    %vpi_call 2 76 "$write", " ----------------------------------\012" {0 0 0};
    %pushi/vec4 0, 0, 32;
    %store/vec4 v0x7f8888429590_0, 0, 32;
T_2.6 ;
    %load/vec4 v0x7f8888429590_0;
    %cmpi/s 6, 0, 32;
    %jmp/0xz T_2.7, 5;
    %vpi_func 2 79 "$random" 32, v0x7f8888429660_0 {0 0 0};
    %pushi/vec4 2, 0, 32;
    %mod/s;
    %pad/s 1;
    %store/vec4 v0x7f88884292c0_0, 0, 1;
    %pushi/vec4 0, 0, 1;
    %store/vec4 v0x7f88884296f0_0, 0, 1;
    %pushi/vec4 1, 0, 1;
    %store/vec4 v0x7f8888429410_0, 0, 1;
    %load/vec4 v0x7f8888429780_0;
    %pad/s 64;
    %muli 1, 0, 64;
    %ix/vec4 4;
    %delayx 4;
    %load/vec4 v0x7f8888429360_0;
    %store/vec4 v0x7f8888428fa0_0, 0, 1;
    %load/vec4 v0x7f88884294e0_0;
    %store/vec4 v0x7f88884290c0_0, 0, 1;
    %load/vec4 v0x7f88884292c0_0;
    %store/vec4 v0x7f8888428f10_0, 0, 1;
    %load/vec4 v0x7f88884296f0_0;
    %store/vec4 v0x7f8888429220_0, 0, 1;
    %load/vec4 v0x7f8888429410_0;
    %store/vec4 v0x7f8888429030_0, 0, 1;
    %fork TD_tb.disp, S_0x7f8888428d50;
    %join;
    %load/vec4 v0x7f8888429590_0;
    %addi 1, 0, 32;
    %store/vec4 v0x7f8888429590_0, 0, 32;
    %jmp T_2.6;
T_2.7 ;
    %vpi_call 2 85 "$write", " ----------------------------------\012" {0 0 0};
    %delay 5, 0;
    %vpi_call 2 88 "$write", "\012\012\011\011 ~ ~ ~ TEST COMPLETE ~ ~ ~\012\012" {0 0 0};
    %vpi_call 2 89 "$finish" {0 0 0};
    %end;
    .thread T_2;
# The file index is used to find the file name in the following table.
:file_names 3;
    "N/A";
    "<interactive>";
    "async_gatedD.v";
