#! /usr/local/Cellar/icarus-verilog/11.0/bin/vvp
:ivl_version "11.0 (stable)";
:ivl_delay_selection "TYPICAL";
:vpi_time_precision - 9;
:vpi_module "/usr/local/Cellar/icarus-verilog/11.0/lib/ivl/system.vpi";
:vpi_module "/usr/local/Cellar/icarus-verilog/11.0/lib/ivl/vhdl_sys.vpi";
:vpi_module "/usr/local/Cellar/icarus-verilog/11.0/lib/ivl/vhdl_textio.vpi";
:vpi_module "/usr/local/Cellar/icarus-verilog/11.0/lib/ivl/v2005_math.vpi";
:vpi_module "/usr/local/Cellar/icarus-verilog/11.0/lib/ivl/va_math.vpi";
S_0x7fd0654091c0 .scope module, "tb" "tb" 2 11;
 .timescale -9 -9;
v0x7fd06541f510_0 .var/i "decA", 31 0;
v0x7fd06541f5d0_0 .var/i "decB", 31 0;
v0x7fd06541f670_0 .var/i "idx", 31 0;
v0x7fd06541f720_0 .var/i "idxx", 31 0;
v0x7fd06541f7d0_0 .var "inA", 7 0;
v0x7fd06541f8b0_0 .var "inB", 7 0;
v0x7fd06541f960_0 .net "outY", 8 0, v0x7fd06541f400_0;  1 drivers
S_0x7fd065409330 .scope module, "DUT" "add8" 2 21, 2 59 0, S_0x7fd0654091c0;
 .timescale -9 -9;
    .port_info 0 /INPUT 8 "in_a";
    .port_info 1 /INPUT 8 "in_b";
    .port_info 2 /OUTPUT 9 "out_y";
v0x7fd065404720_0 .net "in_a", 7 0, v0x7fd06541f7d0_0;  1 drivers
v0x7fd06541f350_0 .net "in_b", 7 0, v0x7fd06541f8b0_0;  1 drivers
v0x7fd06541f400_0 .var "out_y", 8 0;
E_0x7fd0654060e0 .event edge, v0x7fd065404720_0, v0x7fd06541f350_0;
    .scope S_0x7fd065409330;
T_0 ;
    %wait E_0x7fd0654060e0;
    %load/vec4 v0x7fd065404720_0;
    %pad/u 9;
    %load/vec4 v0x7fd06541f350_0;
    %pad/u 9;
    %add;
    %store/vec4 v0x7fd06541f400_0, 0, 9;
    %jmp T_0;
    .thread T_0, $push;
    .scope S_0x7fd0654091c0;
T_1 ;
    %vpi_call 2 28 "$dumpfile", "wave.vcd" {0 0 0};
    %vpi_call 2 29 "$dumpvars", 32'sb00000000000000000000000000000000, S_0x7fd0654091c0 {0 0 0};
    %vpi_call 2 30 "$write", "\0128-bit unsigned addition  ,  %d tests\012\012", 32'sb00000000000000000000000000000110 {0 0 0};
    %pushi/vec4 0, 0, 32;
    %store/vec4 v0x7fd06541f670_0, 0, 32;
T_1.0 ;
    %load/vec4 v0x7fd06541f670_0;
    %cmpi/s 6, 0, 32;
    %jmp/0xz T_1.1, 5;
    %pushi/vec4 0, 0, 32;
    %store/vec4 v0x7fd06541f720_0, 0, 32;
T_1.2 ;
    %load/vec4 v0x7fd06541f720_0;
    %cmpi/s 8, 0, 32;
    %jmp/0xz T_1.3, 5;
    %vpi_func 2 36 "$random" 32 {0 0 0};
    %pushi/vec4 2, 0, 32;
    %mod/s;
    %pad/s 1;
    %ix/getv/s 4, v0x7fd06541f720_0;
    %store/vec4 v0x7fd06541f7d0_0, 4, 1;
    %vpi_func 2 37 "$random" 32 {0 0 0};
    %pushi/vec4 2, 0, 32;
    %mod/s;
    %pad/s 1;
    %ix/getv/s 4, v0x7fd06541f720_0;
    %store/vec4 v0x7fd06541f8b0_0, 4, 1;
    %load/vec4 v0x7fd06541f720_0;
    %addi 1, 0, 32;
    %store/vec4 v0x7fd06541f720_0, 0, 32;
    %jmp T_1.2;
T_1.3 ;
    %load/vec4 v0x7fd06541f7d0_0;
    %pad/u 32;
    %store/vec4 v0x7fd06541f510_0, 0, 32;
    %load/vec4 v0x7fd06541f8b0_0;
    %pad/u 32;
    %store/vec4 v0x7fd06541f5d0_0, 0, 32;
    %delay 5, 0;
    %vpi_call 2 43 "$write", " A:    %4b_%4b\012", &PV<v0x7fd06541f7d0_0, 4, 4>, &PV<v0x7fd06541f7d0_0, 0, 4> {0 0 0};
    %vpi_call 2 44 "$write", " B:    %4b_%4b\012", &PV<v0x7fd06541f8b0_0, 4, 4>, &PV<v0x7fd06541f8b0_0, 0, 4> {0 0 0};
    %vpi_call 2 45 "$write", " ----------------\012" {0 0 0};
    %vpi_call 2 46 "$write", " Y:  %1b_%4b_%4b", &PV<v0x7fd06541f960_0, 8, 1>, &PV<v0x7fd06541f960_0, 4, 4>, &PV<v0x7fd06541f960_0, 0, 4> {0 0 0};
    %load/vec4 v0x7fd06541f510_0;
    %load/vec4 v0x7fd06541f5d0_0;
    %add;
    %vpi_call 2 47 "$write", "     %3d + %3d = %3d\012\012", v0x7fd06541f510_0, v0x7fd06541f5d0_0, S<0,vec4,s32> {1 0 0};
    %load/vec4 v0x7fd06541f670_0;
    %addi 1, 0, 32;
    %store/vec4 v0x7fd06541f670_0, 0, 32;
    %jmp T_1.0;
T_1.1 ;
    %delay 5, 0;
    %vpi_call 2 51 "$write", "\012\012\011\011 ~ ~ ~ TEST COMPLETE ~ ~ ~\012\012" {0 0 0};
    %end;
    .thread T_1;
# The file index is used to find the file name in the following table.
:file_names 3;
    "N/A";
    "<interactive>";
    "exp5.v";
