#! /usr/local/Cellar/icarus-verilog/11.0/bin/vvp
:ivl_version "11.0 (stable)";
:ivl_delay_selection "TYPICAL";
:vpi_time_precision + 0;
:vpi_module "/usr/local/Cellar/icarus-verilog/11.0/lib/ivl/system.vpi";
:vpi_module "/usr/local/Cellar/icarus-verilog/11.0/lib/ivl/vhdl_sys.vpi";
:vpi_module "/usr/local/Cellar/icarus-verilog/11.0/lib/ivl/vhdl_textio.vpi";
:vpi_module "/usr/local/Cellar/icarus-verilog/11.0/lib/ivl/v2005_math.vpi";
:vpi_module "/usr/local/Cellar/icarus-verilog/11.0/lib/ivl/va_math.vpi";
S_0x7ffa44f01f40 .scope module, "total" "total" 2 3;
 .timescale 0 0;
    .port_info 0 /OUTPUT 7 "digit_2";
    .port_info 1 /OUTPUT 7 "digit_1";
    .port_info 2 /INPUT 5 "n_in";
    .port_info 3 /INPUT 1 "start";
    .port_info 4 /INPUT 1 "restart";
    .port_info 5 /INPUT 1 "up";
    .port_info 6 /INPUT 1 "clk";
o0x100990038 .functor BUFZ 1, C4<z>; HiZ drive
v0x7ffa44f142b0_0 .net "clk", 0 0, o0x100990038;  0 drivers
v0x7ffa44f14350_0 .net "clk_trans", 0 0, v0x7ffa44f02300_0;  1 drivers
v0x7ffa44f14420_0 .net "digit_1", 6 0, v0x7ffa44f13710_0;  1 drivers
v0x7ffa44f144d0_0 .net "digit_2", 6 0, v0x7ffa44f13c10_0;  1 drivers
o0x1009901b8 .functor BUFZ 5, C4<zzzzz>; HiZ drive
v0x7ffa44f14580_0 .net "n_in", 4 0, o0x1009901b8;  0 drivers
v0x7ffa44f14650_0 .net "onez", 3 0, v0x7ffa44f140f0_0;  1 drivers
o0x100990278 .functor BUFZ 1, C4<z>; HiZ drive
v0x7ffa44f14720_0 .net "restart", 0 0, o0x100990278;  0 drivers
o0x1009902a8 .functor BUFZ 1, C4<z>; HiZ drive
v0x7ffa44f147b0_0 .net "start", 0 0, o0x1009902a8;  0 drivers
v0x7ffa44f14860_0 .net "temp", 4 0, L_0x7ffa44f14b40;  1 drivers
v0x7ffa44f14970_0 .net "tenz", 3 0, v0x7ffa44f141c0_0;  1 drivers
o0x1009902d8 .functor BUFZ 1, C4<z>; HiZ drive
v0x7ffa44f14a40_0 .net "up", 0 0, o0x1009902d8;  0 drivers
S_0x7ffa44f02160 .scope module, "CLK" "clk_50MHz_to_1Hz" 2 18, 2 134 0, S_0x7ffa44f01f40;
 .timescale 0 0;
    .port_info 0 /OUTPUT 1 "clk_1hz";
    .port_info 1 /INPUT 1 "clk_50mhz";
v0x7ffa44f02300_0 .var "clk_1hz", 0 0;
v0x7ffa44f123a0_0 .net "clk_50mhz", 0 0, o0x100990038;  alias, 0 drivers
v0x7ffa44f12440_0 .var "count", 24 0;
E_0x7ffa44f022d0 .event posedge, v0x7ffa44f123a0_0;
S_0x7ffa44f12510 .scope module, "CoU" "conUnit" 2 23, 2 51 0, S_0x7ffa44f01f40;
 .timescale 0 0;
    .port_info 0 /OUTPUT 5 "countt";
    .port_info 1 /INPUT 5 "n_in";
    .port_info 2 /INPUT 1 "start";
    .port_info 3 /INPUT 1 "restart";
    .port_info 4 /INPUT 1 "up_count";
    .port_info 5 /INPUT 1 "clock";
P_0x7ffa44f126d0 .param/l "s0" 0 2 68, C4<00>;
P_0x7ffa44f12710 .param/l "s1" 0 2 69, C4<01>;
P_0x7ffa44f12750 .param/l "s2" 0 2 70, C4<10>;
P_0x7ffa44f12790 .param/l "s3" 0 2 71, C4<11>;
L_0x7ffa44f14b40 .functor BUFZ 5, v0x7ffa44f12c50_0, C4<00000>, C4<00000>, C4<00000>;
L_0x1009c1008 .functor BUFT 1, C4<00000>, C4<0>, C4<0>, C4<0>;
v0x7ffa44f12a10_0 .net/2u *"_ivl_2", 4 0, L_0x1009c1008;  1 drivers
L_0x1009c1050 .functor BUFT 1, C4<11001>, C4<0>, C4<0>, C4<0>;
v0x7ffa44f12ad0_0 .net/2u *"_ivl_6", 4 0, L_0x1009c1050;  1 drivers
v0x7ffa44f12b80_0 .net "clock", 0 0, v0x7ffa44f02300_0;  alias, 1 drivers
v0x7ffa44f12c50_0 .var "count", 4 0;
v0x7ffa44f12ce0_0 .net "countt", 4 0, L_0x7ffa44f14b40;  alias, 1 drivers
v0x7ffa44f12dd0_0 .net "n_in", 4 0, o0x1009901b8;  alias, 0 drivers
v0x7ffa44f12e80_0 .net "n_is_0", 0 0, L_0x7ffa44f14be0;  1 drivers
v0x7ffa44f12f20_0 .net "n_is_25", 0 0, L_0x7ffa44f14d00;  1 drivers
v0x7ffa44f12fc0_0 .var "next_state", 1 0;
v0x7ffa44f130d0_0 .net "restart", 0 0, o0x100990278;  alias, 0 drivers
v0x7ffa44f13170_0 .net "start", 0 0, o0x1009902a8;  alias, 0 drivers
v0x7ffa44f13210_0 .net "up_count", 0 0, o0x1009902d8;  alias, 0 drivers
E_0x7ffa44f129d0 .event posedge, v0x7ffa44f02300_0;
L_0x7ffa44f14be0 .cmp/eq 5, v0x7ffa44f12c50_0, L_0x1009c1008;
L_0x7ffa44f14d00 .cmp/eq 5, v0x7ffa44f12c50_0, L_0x1009c1050;
S_0x7ffa44f13340 .scope module, "dig1" "seg7_dig" 2 37, 2 159 0, S_0x7ffa44f01f40;
 .timescale 0 0;
    .port_info 0 /OUTPUT 7 "disp_4bit";
    .port_info 1 /INPUT 4 "cntl_4bit";
P_0x7ffa44f13500 .param/l "OFF" 0 2 165, C4<1>;
P_0x7ffa44f13540 .param/l "ON" 0 2 164, C4<0>;
v0x7ffa44f13650_0 .net "cntl_4bit", 3 0, v0x7ffa44f140f0_0;  alias, 1 drivers
v0x7ffa44f13710_0 .var "disp_4bit", 6 0;
E_0x7ffa44f13600 .event edge, v0x7ffa44f13650_0;
S_0x7ffa44f137f0 .scope module, "dig2" "seg7_dig" 2 32, 2 159 0, S_0x7ffa44f01f40;
 .timescale 0 0;
    .port_info 0 /OUTPUT 7 "disp_4bit";
    .port_info 1 /INPUT 4 "cntl_4bit";
P_0x7ffa44f139b0 .param/l "OFF" 0 2 165, C4<1>;
P_0x7ffa44f139f0 .param/l "ON" 0 2 164, C4<0>;
v0x7ffa44f13b50_0 .net "cntl_4bit", 3 0, v0x7ffa44f141c0_0;  alias, 1 drivers
v0x7ffa44f13c10_0 .var "disp_4bit", 6 0;
E_0x7ffa44f13b00 .event edge, v0x7ffa44f13b50_0;
S_0x7ffa44f13cf0 .scope module, "getDigs" "my_bcd" 2 42, 2 212 0, S_0x7ffa44f01f40;
 .timescale 0 0;
    .port_info 0 /OUTPUT 4 "tens";
    .port_info 1 /OUTPUT 4 "ones";
    .port_info 2 /INPUT 5 "bin_in";
v0x7ffa44f13f80_0 .net "bin_in", 4 0, L_0x7ffa44f14b40;  alias, 1 drivers
v0x7ffa44f14050_0 .var/i "idx", 31 0;
v0x7ffa44f140f0_0 .var "ones", 3 0;
v0x7ffa44f141c0_0 .var "tens", 3 0;
E_0x7ffa44f13f40 .event edge, v0x7ffa44f12ce0_0;
    .scope S_0x7ffa44f02160;
T_0 ;
    %pushi/vec4 0, 0, 25;
    %assign/vec4 v0x7ffa44f12440_0, 0;
    %pushi/vec4 0, 0, 1;
    %assign/vec4 v0x7ffa44f02300_0, 0;
    %end;
    .thread T_0;
    .scope S_0x7ffa44f02160;
T_1 ;
    %wait E_0x7ffa44f022d0;
    %load/vec4 v0x7ffa44f12440_0;
    %cmpi/e 24999999, 0, 25;
    %jmp/0xz  T_1.0, 4;
    %pushi/vec4 0, 0, 25;
    %assign/vec4 v0x7ffa44f12440_0, 0;
    %load/vec4 v0x7ffa44f02300_0;
    %inv;
    %assign/vec4 v0x7ffa44f02300_0, 0;
    %jmp T_1.1;
T_1.0 ;
    %load/vec4 v0x7ffa44f12440_0;
    %addi 1, 0, 25;
    %assign/vec4 v0x7ffa44f12440_0, 0;
T_1.1 ;
    %jmp T_1;
    .thread T_1;
    .scope S_0x7ffa44f12510;
T_2 ;
    %pushi/vec4 0, 0, 2;
    %store/vec4 v0x7ffa44f12fc0_0, 0, 2;
    %pushi/vec4 0, 0, 5;
    %store/vec4 v0x7ffa44f12c50_0, 0, 5;
    %end;
    .thread T_2;
    .scope S_0x7ffa44f12510;
T_3 ;
    %wait E_0x7ffa44f129d0;
    %load/vec4 v0x7ffa44f12fc0_0;
    %dup/vec4;
    %pushi/vec4 0, 0, 2;
    %cmp/u;
    %jmp/1 T_3.0, 6;
    %dup/vec4;
    %pushi/vec4 1, 0, 2;
    %cmp/u;
    %jmp/1 T_3.1, 6;
    %dup/vec4;
    %pushi/vec4 2, 0, 2;
    %cmp/u;
    %jmp/1 T_3.2, 6;
    %dup/vec4;
    %pushi/vec4 3, 0, 2;
    %cmp/u;
    %jmp/1 T_3.3, 6;
    %jmp T_3.4;
T_3.0 ;
    %load/vec4 v0x7ffa44f130d0_0;
    %cmpi/e 1, 0, 1;
    %jmp/0xz  T_3.5, 4;
    %pushi/vec4 0, 0, 2;
    %store/vec4 v0x7ffa44f12fc0_0, 0, 2;
    %pushi/vec4 0, 0, 5;
    %store/vec4 v0x7ffa44f12c50_0, 0, 5;
    %jmp T_3.6;
T_3.5 ;
    %load/vec4 v0x7ffa44f13170_0;
    %cmpi/e 1, 0, 1;
    %flag_mov 8, 4;
    %jmp/0 T_3.7, 8;
    %pushi/vec4 1, 0, 2;
    %jmp/1 T_3.8, 8;
T_3.7 ; End of true expr.
    %pushi/vec4 0, 0, 2;
    %jmp/0 T_3.8, 8;
 ; End of false expr.
    %blend;
T_3.8;
    %store/vec4 v0x7ffa44f12fc0_0, 0, 2;
T_3.6 ;
    %jmp T_3.4;
T_3.1 ;
    %load/vec4 v0x7ffa44f130d0_0;
    %cmpi/e 1, 0, 1;
    %jmp/0xz  T_3.9, 4;
    %pushi/vec4 0, 0, 2;
    %store/vec4 v0x7ffa44f12fc0_0, 0, 2;
    %pushi/vec4 0, 0, 5;
    %store/vec4 v0x7ffa44f12c50_0, 0, 5;
    %jmp T_3.10;
T_3.9 ;
    %load/vec4 v0x7ffa44f12dd0_0;
    %store/vec4 v0x7ffa44f12c50_0, 0, 5;
    %load/vec4 v0x7ffa44f13210_0;
    %cmpi/e 1, 0, 1;
    %jmp/0xz  T_3.11, 4;
    %load/vec4 v0x7ffa44f12f20_0;
    %cmpi/e 1, 0, 1;
    %flag_mov 8, 4;
    %jmp/0 T_3.13, 8;
    %pushi/vec4 3, 0, 2;
    %jmp/1 T_3.14, 8;
T_3.13 ; End of true expr.
    %pushi/vec4 2, 0, 2;
    %jmp/0 T_3.14, 8;
 ; End of false expr.
    %blend;
T_3.14;
    %store/vec4 v0x7ffa44f12fc0_0, 0, 2;
    %jmp T_3.12;
T_3.11 ;
    %load/vec4 v0x7ffa44f12e80_0;
    %cmpi/e 1, 0, 1;
    %flag_mov 8, 4;
    %jmp/0 T_3.15, 8;
    %pushi/vec4 2, 0, 2;
    %jmp/1 T_3.16, 8;
T_3.15 ; End of true expr.
    %pushi/vec4 3, 0, 2;
    %jmp/0 T_3.16, 8;
 ; End of false expr.
    %blend;
T_3.16;
    %store/vec4 v0x7ffa44f12fc0_0, 0, 2;
T_3.12 ;
T_3.10 ;
    %jmp T_3.4;
T_3.2 ;
    %load/vec4 v0x7ffa44f130d0_0;
    %cmpi/e 1, 0, 1;
    %jmp/0xz  T_3.17, 4;
    %pushi/vec4 0, 0, 2;
    %store/vec4 v0x7ffa44f12fc0_0, 0, 2;
    %pushi/vec4 0, 0, 5;
    %store/vec4 v0x7ffa44f12c50_0, 0, 5;
    %jmp T_3.18;
T_3.17 ;
    %load/vec4 v0x7ffa44f12c50_0;
    %addi 1, 0, 5;
    %store/vec4 v0x7ffa44f12c50_0, 0, 5;
    %load/vec4 v0x7ffa44f12f20_0;
    %cmpi/e 1, 0, 1;
    %flag_mov 8, 4;
    %jmp/0 T_3.19, 8;
    %pushi/vec4 3, 0, 2;
    %jmp/1 T_3.20, 8;
T_3.19 ; End of true expr.
    %pushi/vec4 2, 0, 2;
    %jmp/0 T_3.20, 8;
 ; End of false expr.
    %blend;
T_3.20;
    %store/vec4 v0x7ffa44f12fc0_0, 0, 2;
T_3.18 ;
    %jmp T_3.4;
T_3.3 ;
    %load/vec4 v0x7ffa44f130d0_0;
    %cmpi/e 1, 0, 1;
    %jmp/0xz  T_3.21, 4;
    %pushi/vec4 0, 0, 2;
    %store/vec4 v0x7ffa44f12fc0_0, 0, 2;
    %pushi/vec4 0, 0, 5;
    %store/vec4 v0x7ffa44f12c50_0, 0, 5;
    %jmp T_3.22;
T_3.21 ;
    %load/vec4 v0x7ffa44f12c50_0;
    %subi 1, 0, 5;
    %store/vec4 v0x7ffa44f12c50_0, 0, 5;
    %load/vec4 v0x7ffa44f12e80_0;
    %cmpi/e 1, 0, 1;
    %flag_mov 8, 4;
    %jmp/0 T_3.23, 8;
    %pushi/vec4 2, 0, 2;
    %jmp/1 T_3.24, 8;
T_3.23 ; End of true expr.
    %pushi/vec4 3, 0, 2;
    %jmp/0 T_3.24, 8;
 ; End of false expr.
    %blend;
T_3.24;
    %store/vec4 v0x7ffa44f12fc0_0, 0, 2;
T_3.22 ;
    %jmp T_3.4;
T_3.4 ;
    %pop/vec4 1;
    %jmp T_3;
    .thread T_3;
    .scope S_0x7ffa44f137f0;
T_4 ;
    %wait E_0x7ffa44f13b00;
    %pushi/vec4 127, 0, 7;
    %store/vec4 v0x7ffa44f13c10_0, 0, 7;
    %load/vec4 v0x7ffa44f13b50_0;
    %dup/vec4;
    %pushi/vec4 0, 0, 4;
    %cmp/u;
    %jmp/1 T_4.0, 6;
    %dup/vec4;
    %pushi/vec4 1, 0, 4;
    %cmp/u;
    %jmp/1 T_4.1, 6;
    %dup/vec4;
    %pushi/vec4 2, 0, 4;
    %cmp/u;
    %jmp/1 T_4.2, 6;
    %dup/vec4;
    %pushi/vec4 3, 0, 4;
    %cmp/u;
    %jmp/1 T_4.3, 6;
    %dup/vec4;
    %pushi/vec4 4, 0, 4;
    %cmp/u;
    %jmp/1 T_4.4, 6;
    %dup/vec4;
    %pushi/vec4 5, 0, 4;
    %cmp/u;
    %jmp/1 T_4.5, 6;
    %dup/vec4;
    %pushi/vec4 6, 0, 4;
    %cmp/u;
    %jmp/1 T_4.6, 6;
    %dup/vec4;
    %pushi/vec4 7, 0, 4;
    %cmp/u;
    %jmp/1 T_4.7, 6;
    %dup/vec4;
    %pushi/vec4 8, 0, 4;
    %cmp/u;
    %jmp/1 T_4.8, 6;
    %dup/vec4;
    %pushi/vec4 9, 0, 4;
    %cmp/u;
    %jmp/1 T_4.9, 6;
    %jmp T_4.10;
T_4.0 ;
    %pushi/vec4 0, 0, 6;
    %ix/load 4, 0, 0;
    %flag_set/imm 4, 0;
    %store/vec4 v0x7ffa44f13c10_0, 4, 6;
    %jmp T_4.10;
T_4.1 ;
    %pushi/vec4 0, 0, 2;
    %ix/load 4, 1, 0;
    %flag_set/imm 4, 0;
    %store/vec4 v0x7ffa44f13c10_0, 4, 2;
    %jmp T_4.10;
T_4.2 ;
    %pushi/vec4 0, 0, 2;
    %ix/load 4, 0, 0;
    %flag_set/imm 4, 0;
    %store/vec4 v0x7ffa44f13c10_0, 4, 2;
    %pushi/vec4 0, 0, 1;
    %ix/load 4, 6, 0;
    %flag_set/imm 4, 0;
    %store/vec4 v0x7ffa44f13c10_0, 4, 1;
    %pushi/vec4 0, 0, 2;
    %ix/load 4, 3, 0;
    %flag_set/imm 4, 0;
    %store/vec4 v0x7ffa44f13c10_0, 4, 2;
    %jmp T_4.10;
T_4.3 ;
    %pushi/vec4 0, 0, 4;
    %ix/load 4, 0, 0;
    %flag_set/imm 4, 0;
    %store/vec4 v0x7ffa44f13c10_0, 4, 4;
    %pushi/vec4 0, 0, 1;
    %ix/load 4, 6, 0;
    %flag_set/imm 4, 0;
    %store/vec4 v0x7ffa44f13c10_0, 4, 1;
    %jmp T_4.10;
T_4.4 ;
    %pushi/vec4 0, 0, 2;
    %ix/load 4, 1, 0;
    %flag_set/imm 4, 0;
    %store/vec4 v0x7ffa44f13c10_0, 4, 2;
    %pushi/vec4 0, 0, 2;
    %ix/load 4, 5, 0;
    %flag_set/imm 4, 0;
    %store/vec4 v0x7ffa44f13c10_0, 4, 2;
    %jmp T_4.10;
T_4.5 ;
    %pushi/vec4 0, 0, 1;
    %ix/load 4, 0, 0;
    %flag_set/imm 4, 0;
    %store/vec4 v0x7ffa44f13c10_0, 4, 1;
    %pushi/vec4 0, 0, 2;
    %ix/load 4, 2, 0;
    %flag_set/imm 4, 0;
    %store/vec4 v0x7ffa44f13c10_0, 4, 2;
    %pushi/vec4 0, 0, 2;
    %ix/load 4, 5, 0;
    %flag_set/imm 4, 0;
    %store/vec4 v0x7ffa44f13c10_0, 4, 2;
    %jmp T_4.10;
T_4.6 ;
    %pushi/vec4 0, 0, 1;
    %ix/load 4, 0, 0;
    %flag_set/imm 4, 0;
    %store/vec4 v0x7ffa44f13c10_0, 4, 1;
    %pushi/vec4 0, 0, 5;
    %ix/load 4, 2, 0;
    %flag_set/imm 4, 0;
    %store/vec4 v0x7ffa44f13c10_0, 4, 5;
    %jmp T_4.10;
T_4.7 ;
    %pushi/vec4 0, 0, 3;
    %ix/load 4, 0, 0;
    %flag_set/imm 4, 0;
    %store/vec4 v0x7ffa44f13c10_0, 4, 3;
    %jmp T_4.10;
T_4.8 ;
    %pushi/vec4 0, 0, 7;
    %store/vec4 v0x7ffa44f13c10_0, 0, 7;
    %jmp T_4.10;
T_4.9 ;
    %pushi/vec4 0, 0, 7;
    %store/vec4 v0x7ffa44f13c10_0, 0, 7;
    %pushi/vec4 3, 0, 2;
    %ix/load 4, 3, 0;
    %flag_set/imm 4, 0;
    %store/vec4 v0x7ffa44f13c10_0, 4, 2;
    %jmp T_4.10;
T_4.10 ;
    %pop/vec4 1;
    %jmp T_4;
    .thread T_4, $push;
    .scope S_0x7ffa44f13340;
T_5 ;
    %wait E_0x7ffa44f13600;
    %pushi/vec4 127, 0, 7;
    %store/vec4 v0x7ffa44f13710_0, 0, 7;
    %load/vec4 v0x7ffa44f13650_0;
    %dup/vec4;
    %pushi/vec4 0, 0, 4;
    %cmp/u;
    %jmp/1 T_5.0, 6;
    %dup/vec4;
    %pushi/vec4 1, 0, 4;
    %cmp/u;
    %jmp/1 T_5.1, 6;
    %dup/vec4;
    %pushi/vec4 2, 0, 4;
    %cmp/u;
    %jmp/1 T_5.2, 6;
    %dup/vec4;
    %pushi/vec4 3, 0, 4;
    %cmp/u;
    %jmp/1 T_5.3, 6;
    %dup/vec4;
    %pushi/vec4 4, 0, 4;
    %cmp/u;
    %jmp/1 T_5.4, 6;
    %dup/vec4;
    %pushi/vec4 5, 0, 4;
    %cmp/u;
    %jmp/1 T_5.5, 6;
    %dup/vec4;
    %pushi/vec4 6, 0, 4;
    %cmp/u;
    %jmp/1 T_5.6, 6;
    %dup/vec4;
    %pushi/vec4 7, 0, 4;
    %cmp/u;
    %jmp/1 T_5.7, 6;
    %dup/vec4;
    %pushi/vec4 8, 0, 4;
    %cmp/u;
    %jmp/1 T_5.8, 6;
    %dup/vec4;
    %pushi/vec4 9, 0, 4;
    %cmp/u;
    %jmp/1 T_5.9, 6;
    %jmp T_5.10;
T_5.0 ;
    %pushi/vec4 0, 0, 6;
    %ix/load 4, 0, 0;
    %flag_set/imm 4, 0;
    %store/vec4 v0x7ffa44f13710_0, 4, 6;
    %jmp T_5.10;
T_5.1 ;
    %pushi/vec4 0, 0, 2;
    %ix/load 4, 1, 0;
    %flag_set/imm 4, 0;
    %store/vec4 v0x7ffa44f13710_0, 4, 2;
    %jmp T_5.10;
T_5.2 ;
    %pushi/vec4 0, 0, 2;
    %ix/load 4, 0, 0;
    %flag_set/imm 4, 0;
    %store/vec4 v0x7ffa44f13710_0, 4, 2;
    %pushi/vec4 0, 0, 1;
    %ix/load 4, 6, 0;
    %flag_set/imm 4, 0;
    %store/vec4 v0x7ffa44f13710_0, 4, 1;
    %pushi/vec4 0, 0, 2;
    %ix/load 4, 3, 0;
    %flag_set/imm 4, 0;
    %store/vec4 v0x7ffa44f13710_0, 4, 2;
    %jmp T_5.10;
T_5.3 ;
    %pushi/vec4 0, 0, 4;
    %ix/load 4, 0, 0;
    %flag_set/imm 4, 0;
    %store/vec4 v0x7ffa44f13710_0, 4, 4;
    %pushi/vec4 0, 0, 1;
    %ix/load 4, 6, 0;
    %flag_set/imm 4, 0;
    %store/vec4 v0x7ffa44f13710_0, 4, 1;
    %jmp T_5.10;
T_5.4 ;
    %pushi/vec4 0, 0, 2;
    %ix/load 4, 1, 0;
    %flag_set/imm 4, 0;
    %store/vec4 v0x7ffa44f13710_0, 4, 2;
    %pushi/vec4 0, 0, 2;
    %ix/load 4, 5, 0;
    %flag_set/imm 4, 0;
    %store/vec4 v0x7ffa44f13710_0, 4, 2;
    %jmp T_5.10;
T_5.5 ;
    %pushi/vec4 0, 0, 1;
    %ix/load 4, 0, 0;
    %flag_set/imm 4, 0;
    %store/vec4 v0x7ffa44f13710_0, 4, 1;
    %pushi/vec4 0, 0, 2;
    %ix/load 4, 2, 0;
    %flag_set/imm 4, 0;
    %store/vec4 v0x7ffa44f13710_0, 4, 2;
    %pushi/vec4 0, 0, 2;
    %ix/load 4, 5, 0;
    %flag_set/imm 4, 0;
    %store/vec4 v0x7ffa44f13710_0, 4, 2;
    %jmp T_5.10;
T_5.6 ;
    %pushi/vec4 0, 0, 1;
    %ix/load 4, 0, 0;
    %flag_set/imm 4, 0;
    %store/vec4 v0x7ffa44f13710_0, 4, 1;
    %pushi/vec4 0, 0, 5;
    %ix/load 4, 2, 0;
    %flag_set/imm 4, 0;
    %store/vec4 v0x7ffa44f13710_0, 4, 5;
    %jmp T_5.10;
T_5.7 ;
    %pushi/vec4 0, 0, 3;
    %ix/load 4, 0, 0;
    %flag_set/imm 4, 0;
    %store/vec4 v0x7ffa44f13710_0, 4, 3;
    %jmp T_5.10;
T_5.8 ;
    %pushi/vec4 0, 0, 7;
    %store/vec4 v0x7ffa44f13710_0, 0, 7;
    %jmp T_5.10;
T_5.9 ;
    %pushi/vec4 0, 0, 7;
    %store/vec4 v0x7ffa44f13710_0, 0, 7;
    %pushi/vec4 3, 0, 2;
    %ix/load 4, 3, 0;
    %flag_set/imm 4, 0;
    %store/vec4 v0x7ffa44f13710_0, 4, 2;
    %jmp T_5.10;
T_5.10 ;
    %pop/vec4 1;
    %jmp T_5;
    .thread T_5, $push;
    .scope S_0x7ffa44f13cf0;
T_6 ;
    %wait E_0x7ffa44f13f40;
    %pushi/vec4 0, 0, 4;
    %store/vec4 v0x7ffa44f141c0_0, 0, 4;
    %pushi/vec4 0, 0, 4;
    %store/vec4 v0x7ffa44f140f0_0, 0, 4;
    %pushi/vec4 4, 0, 32;
    %store/vec4 v0x7ffa44f14050_0, 0, 32;
T_6.0 ;
    %load/vec4 v0x7ffa44f14050_0;
    %cmpi/s 0, 0, 32;
    %flag_inv 5; GE is !LT
    %jmp/0xz T_6.1, 5;
    %load/vec4 v0x7ffa44f141c0_0;
    %cmpi/u 5, 0, 4;
    %flag_inv 5; GE is !LT
    %jmp/0xz  T_6.2, 5;
    %load/vec4 v0x7ffa44f141c0_0;
    %addi 3, 0, 4;
    %store/vec4 v0x7ffa44f141c0_0, 0, 4;
T_6.2 ;
    %load/vec4 v0x7ffa44f140f0_0;
    %cmpi/u 5, 0, 4;
    %flag_inv 5; GE is !LT
    %jmp/0xz  T_6.4, 5;
    %load/vec4 v0x7ffa44f140f0_0;
    %addi 3, 0, 4;
    %store/vec4 v0x7ffa44f140f0_0, 0, 4;
T_6.4 ;
    %load/vec4 v0x7ffa44f141c0_0;
    %ix/load 4, 1, 0;
    %flag_set/imm 4, 0;
    %shiftl 4;
    %store/vec4 v0x7ffa44f141c0_0, 0, 4;
    %load/vec4 v0x7ffa44f140f0_0;
    %parti/s 1, 3, 3;
    %ix/load 4, 0, 0;
    %flag_set/imm 4, 0;
    %store/vec4 v0x7ffa44f141c0_0, 4, 1;
    %load/vec4 v0x7ffa44f140f0_0;
    %ix/load 4, 1, 0;
    %flag_set/imm 4, 0;
    %shiftl 4;
    %store/vec4 v0x7ffa44f140f0_0, 0, 4;
    %load/vec4 v0x7ffa44f13f80_0;
    %load/vec4 v0x7ffa44f14050_0;
    %part/s 1;
    %ix/load 4, 0, 0;
    %flag_set/imm 4, 0;
    %store/vec4 v0x7ffa44f140f0_0, 4, 1;
    %load/vec4 v0x7ffa44f14050_0;
    %subi 1, 0, 32;
    %store/vec4 v0x7ffa44f14050_0, 0, 32;
    %jmp T_6.0;
T_6.1 ;
    %jmp T_6;
    .thread T_6, $push;
# The file index is used to find the file name in the following table.
:file_names 3;
    "N/A";
    "<interactive>";
    "tot.v";
