#! /usr/local/Cellar/icarus-verilog/11.0/bin/vvp
:ivl_version "11.0 (stable)";
:ivl_delay_selection "TYPICAL";
:vpi_time_precision - 9;
:vpi_module "/usr/local/Cellar/icarus-verilog/11.0/lib/ivl/system.vpi";
:vpi_module "/usr/local/Cellar/icarus-verilog/11.0/lib/ivl/vhdl_sys.vpi";
:vpi_module "/usr/local/Cellar/icarus-verilog/11.0/lib/ivl/vhdl_textio.vpi";
:vpi_module "/usr/local/Cellar/icarus-verilog/11.0/lib/ivl/v2005_math.vpi";
:vpi_module "/usr/local/Cellar/icarus-verilog/11.0/lib/ivl/va_math.vpi";
S_0x7fd94e408100 .scope module, "tb" "tb" 2 13;
 .timescale -9 -9;
v0x7fd94e423940_0 .var "a_in", 2 0;
v0x7fd94e4239f0_0 .var "clock", 0 0;
v0x7fd94e423aa0_0 .var/i "idx", 31 0;
v0x7fd94e423b50_0 .var/i "ii", 31 0;
v0x7fd94e423bf0_0 .var/i "seed", 31 0;
v0x7fd94e423ce0_0 .net "z_out", 2 0, v0x7fd94e423820_0;  1 drivers
S_0x7fd94e408270 .scope module, "DUT" "moore" 2 22, 2 60 0, S_0x7fd94e408100;
 .timescale -9 -9;
    .port_info 0 /OUTPUT 3 "z_out";
    .port_info 1 /INPUT 3 "a_in";
    .port_info 2 /INPUT 1 "clock";
P_0x7fd94e4048f0 .param/l "s0" 0 2 69, C4<00>;
P_0x7fd94e404930 .param/l "s1" 0 2 70, C4<01>;
P_0x7fd94e404970 .param/l "s2" 0 2 71, C4<10>;
P_0x7fd94e4049b0 .param/l "s3" 0 2 72, C4<11>;
v0x7fd94e410430_0 .net "a_in", 2 0, v0x7fd94e423940_0;  1 drivers
v0x7fd94e423610_0 .net "clock", 0 0, v0x7fd94e4239f0_0;  1 drivers
v0x7fd94e4236b0_0 .var "n_state", 1 0;
v0x7fd94e423770_0 .var "state", 1 0;
v0x7fd94e423820_0 .var "z_out", 2 0;
E_0x7fd94e4049f0 .event posedge, v0x7fd94e423610_0;
E_0x7fd94e40ef60 .event edge, v0x7fd94e4236b0_0;
    .scope S_0x7fd94e408270;
T_0 ;
    %pushi/vec4 0, 0, 2;
    %store/vec4 v0x7fd94e423770_0, 0, 2;
    %pushi/vec4 0, 0, 2;
    %store/vec4 v0x7fd94e4236b0_0, 0, 2;
    %pushi/vec4 0, 0, 3;
    %store/vec4 v0x7fd94e423820_0, 0, 3;
    %end;
    .thread T_0;
    .scope S_0x7fd94e408270;
T_1 ;
    %wait E_0x7fd94e4049f0;
    %load/vec4 v0x7fd94e4236b0_0;
    %dup/vec4;
    %pushi/vec4 0, 0, 2;
    %cmp/u;
    %jmp/1 T_1.0, 6;
    %dup/vec4;
    %pushi/vec4 1, 0, 2;
    %cmp/u;
    %jmp/1 T_1.1, 6;
    %dup/vec4;
    %pushi/vec4 2, 0, 2;
    %cmp/u;
    %jmp/1 T_1.2, 6;
    %dup/vec4;
    %pushi/vec4 3, 0, 2;
    %cmp/u;
    %jmp/1 T_1.3, 6;
    %jmp T_1.4;
T_1.0 ;
    %load/vec4 v0x7fd94e4236b0_0;
    %assign/vec4 v0x7fd94e423770_0, 0;
    %load/vec4 v0x7fd94e410430_0;
    %cmpi/e 0, 0, 3;
    %flag_mov 8, 4;
    %jmp/0 T_1.5, 8;
    %pushi/vec4 0, 0, 2;
    %jmp/1 T_1.6, 8;
T_1.5 ; End of true expr.
    %pushi/vec4 2, 0, 2;
    %jmp/0 T_1.6, 8;
 ; End of false expr.
    %blend;
T_1.6;
    %assign/vec4 v0x7fd94e4236b0_0, 0;
    %jmp T_1.4;
T_1.1 ;
    %load/vec4 v0x7fd94e4236b0_0;
    %assign/vec4 v0x7fd94e423770_0, 0;
    %load/vec4 v0x7fd94e410430_0;
    %cmpi/e 0, 0, 3;
    %flag_mov 8, 4;
    %jmp/0 T_1.7, 8;
    %pushi/vec4 0, 0, 2;
    %jmp/1 T_1.8, 8;
T_1.7 ; End of true expr.
    %pushi/vec4 2, 0, 2;
    %jmp/0 T_1.8, 8;
 ; End of false expr.
    %blend;
T_1.8;
    %assign/vec4 v0x7fd94e4236b0_0, 0;
    %jmp T_1.4;
T_1.2 ;
    %load/vec4 v0x7fd94e4236b0_0;
    %assign/vec4 v0x7fd94e423770_0, 0;
    %load/vec4 v0x7fd94e410430_0;
    %cmpi/e 0, 0, 3;
    %flag_mov 8, 4;
    %jmp/0 T_1.9, 8;
    %pushi/vec4 2, 0, 2;
    %jmp/1 T_1.10, 8;
T_1.9 ; End of true expr.
    %pushi/vec4 3, 0, 2;
    %jmp/0 T_1.10, 8;
 ; End of false expr.
    %blend;
T_1.10;
    %assign/vec4 v0x7fd94e4236b0_0, 0;
    %jmp T_1.4;
T_1.3 ;
    %load/vec4 v0x7fd94e4236b0_0;
    %assign/vec4 v0x7fd94e423770_0, 0;
    %load/vec4 v0x7fd94e410430_0;
    %cmpi/e 0, 0, 3;
    %flag_mov 8, 4;
    %jmp/0 T_1.11, 8;
    %pushi/vec4 1, 0, 2;
    %jmp/1 T_1.12, 8;
T_1.11 ; End of true expr.
    %pushi/vec4 3, 0, 2;
    %jmp/0 T_1.12, 8;
 ; End of false expr.
    %blend;
T_1.12;
    %assign/vec4 v0x7fd94e4236b0_0, 0;
    %jmp T_1.4;
T_1.4 ;
    %pop/vec4 1;
    %jmp T_1;
    .thread T_1;
    .scope S_0x7fd94e408270;
T_2 ;
    %wait E_0x7fd94e40ef60;
    %load/vec4 v0x7fd94e4236b0_0;
    %dup/vec4;
    %pushi/vec4 0, 0, 2;
    %cmp/u;
    %jmp/1 T_2.0, 6;
    %dup/vec4;
    %pushi/vec4 1, 0, 2;
    %cmp/u;
    %jmp/1 T_2.1, 6;
    %dup/vec4;
    %pushi/vec4 2, 0, 2;
    %cmp/u;
    %jmp/1 T_2.2, 6;
    %dup/vec4;
    %pushi/vec4 3, 0, 2;
    %cmp/u;
    %jmp/1 T_2.3, 6;
    %jmp T_2.4;
T_2.0 ;
    %pushi/vec4 7, 0, 3;
    %store/vec4 v0x7fd94e423820_0, 0, 3;
    %jmp T_2.4;
T_2.1 ;
    %pushi/vec4 5, 0, 3;
    %store/vec4 v0x7fd94e423820_0, 0, 3;
    %jmp T_2.4;
T_2.2 ;
    %pushi/vec4 6, 0, 3;
    %store/vec4 v0x7fd94e423820_0, 0, 3;
    %jmp T_2.4;
T_2.3 ;
    %pushi/vec4 7, 0, 3;
    %store/vec4 v0x7fd94e423820_0, 0, 3;
    %jmp T_2.4;
T_2.4 ;
    %pop/vec4 1;
    %jmp T_2;
    .thread T_2, $push;
    .scope S_0x7fd94e408270;
T_3 ;
    %wait E_0x7fd94e4049f0;
    %delay 1, 0;
    %vpi_call 2 117 "$write", " %2b   %2b  %3b  |  %3b         %4tns\012", v0x7fd94e423770_0, v0x7fd94e4236b0_0, v0x7fd94e410430_0, v0x7fd94e423820_0, $time {0 0 0};
    %jmp T_3;
    .thread T_3;
    .scope S_0x7fd94e408100;
T_4 ;
    %delay 5, 0;
    %load/vec4 v0x7fd94e4239f0_0;
    %inv;
    %store/vec4 v0x7fd94e4239f0_0, 0, 1;
    %jmp T_4;
    .thread T_4;
    .scope S_0x7fd94e408100;
T_5 ;
    %vpi_call 2 34 "$write", " the Moore FSM\012\012" {0 0 0};
    %vpi_call 2 35 "$write", " st  nst  inp  |  outp\012" {0 0 0};
    %vpi_call 2 36 "$write", " ----------------------\012" {0 0 0};
    %pushi/vec4 0, 0, 1;
    %store/vec4 v0x7fd94e4239f0_0, 0, 1;
    %pushi/vec4 0, 0, 3;
    %store/vec4 v0x7fd94e423940_0, 0, 3;
    %pushi/vec4 373, 0, 32;
    %store/vec4 v0x7fd94e423bf0_0, 0, 32;
    %pushi/vec4 0, 0, 32;
    %store/vec4 v0x7fd94e423b50_0, 0, 32;
T_5.0 ;
    %load/vec4 v0x7fd94e423b50_0;
    %cmpi/s 3, 0, 32;
    %jmp/0xz T_5.1, 5;
    %vpi_func 2 42 "$random" 32, v0x7fd94e423bf0_0 {0 0 0};
    %pushi/vec4 2, 0, 32;
    %mod/s;
    %pad/s 1;
    %ix/getv/s 4, v0x7fd94e423b50_0;
    %store/vec4 v0x7fd94e423940_0, 4, 1;
    %load/vec4 v0x7fd94e423b50_0;
    %addi 1, 0, 32;
    %store/vec4 v0x7fd94e423b50_0, 0, 32;
    %jmp T_5.0;
T_5.1 ;
    %pushi/vec4 1, 0, 3;
    %store/vec4 v0x7fd94e423940_0, 0, 3;
    %pushi/vec4 0, 0, 32;
    %store/vec4 v0x7fd94e423aa0_0, 0, 32;
T_5.2 ;
    %load/vec4 v0x7fd94e423aa0_0;
    %cmpi/s 12, 0, 32;
    %jmp/0xz T_5.3, 5;
    %delay 6, 0;
    %load/vec4 v0x7fd94e423aa0_0;
    %addi 1, 0, 32;
    %store/vec4 v0x7fd94e423aa0_0, 0, 32;
    %jmp T_5.2;
T_5.3 ;
    %vpi_call 2 51 "$write", "\012\012\011\011 ~ ~ ~ TEST COMPLETE ~ ~ ~\012\012" {0 0 0};
    %vpi_call 2 52 "$finish" {0 0 0};
    %end;
    .thread T_5;
# The file index is used to find the file name in the following table.
:file_names 3;
    "N/A";
    "<interactive>";
    "moore.v";
