#! /usr/local/Cellar/icarus-verilog/11.0/bin/vvp
:ivl_version "11.0 (stable)";
:ivl_delay_selection "TYPICAL";
:vpi_time_precision - 9;
:vpi_module "/usr/local/Cellar/icarus-verilog/11.0/lib/ivl/system.vpi";
:vpi_module "/usr/local/Cellar/icarus-verilog/11.0/lib/ivl/vhdl_sys.vpi";
:vpi_module "/usr/local/Cellar/icarus-verilog/11.0/lib/ivl/vhdl_textio.vpi";
:vpi_module "/usr/local/Cellar/icarus-verilog/11.0/lib/ivl/v2005_math.vpi";
:vpi_module "/usr/local/Cellar/icarus-verilog/11.0/lib/ivl/va_math.vpi";
S_0x7fe477c0d940 .scope module, "tb" "tb" 2 10;
 .timescale -9 -9;
v0x7fe477c1e020_0 .var "clock", 0 0;
v0x7fe477c1e0c0_0 .net "count", 2 0, v0x7fe477c1dcf0_0;  1 drivers
v0x7fe477c1e170_0 .var/i "idx", 31 0;
v0x7fe477c1e220_0 .var "up", 0 0;
S_0x7fe477c0dab0 .scope module, "DUT" "counter" 2 17, 2 63 0, S_0x7fe477c0d940;
 .timescale -9 -9;
    .port_info 0 /OUTPUT 3 "count";
    .port_info 1 /INPUT 1 "up";
    .port_info 2 /INPUT 1 "clock";
P_0x7fe477c0dc20 .param/l "s1" 0 2 69, C4<001>;
P_0x7fe477c0dc60 .param/l "s2" 0 2 70, C4<010>;
P_0x7fe477c0dca0 .param/l "s3" 0 2 71, C4<011>;
P_0x7fe477c0dce0 .param/l "s4" 0 2 72, C4<100>;
P_0x7fe477c0dd20 .param/l "s5" 0 2 73, C4<101>;
P_0x7fe477c0dd60 .param/l "s6" 0 2 74, C4<110>;
v0x7fe477c0dda0_0 .net "clock", 0 0, v0x7fe477c1e020_0;  1 drivers
v0x7fe477c1dcf0_0 .var "count", 2 0;
v0x7fe477c1dda0_0 .var "n_state", 2 0;
v0x7fe477c1de60_0 .var "state", 2 0;
v0x7fe477c1df10_0 .net "up", 0 0, v0x7fe477c1e220_0;  1 drivers
E_0x7fe477c03cc0 .event posedge, v0x7fe477c0dda0_0;
    .scope S_0x7fe477c0dab0;
T_0 ;
    %pushi/vec4 1, 0, 3;
    %store/vec4 v0x7fe477c1dcf0_0, 0, 3;
    %pushi/vec4 1, 0, 3;
    %store/vec4 v0x7fe477c1de60_0, 0, 3;
    %pushi/vec4 1, 0, 3;
    %store/vec4 v0x7fe477c1dda0_0, 0, 3;
    %end;
    .thread T_0;
    .scope S_0x7fe477c0dab0;
T_1 ;
    %wait E_0x7fe477c03cc0;
    %load/vec4 v0x7fe477c1de60_0;
    %dup/vec4;
    %pushi/vec4 1, 0, 3;
    %cmp/u;
    %jmp/1 T_1.0, 6;
    %dup/vec4;
    %pushi/vec4 2, 0, 3;
    %cmp/u;
    %jmp/1 T_1.1, 6;
    %dup/vec4;
    %pushi/vec4 3, 0, 3;
    %cmp/u;
    %jmp/1 T_1.2, 6;
    %dup/vec4;
    %pushi/vec4 4, 0, 3;
    %cmp/u;
    %jmp/1 T_1.3, 6;
    %dup/vec4;
    %pushi/vec4 5, 0, 3;
    %cmp/u;
    %jmp/1 T_1.4, 6;
    %dup/vec4;
    %pushi/vec4 6, 0, 3;
    %cmp/u;
    %jmp/1 T_1.5, 6;
    %pushi/vec4 1, 0, 3;
    %store/vec4 v0x7fe477c1dda0_0, 0, 3;
    %jmp T_1.7;
T_1.0 ;
    %load/vec4 v0x7fe477c1df10_0;
    %cmpi/e 1, 0, 1;
    %flag_mov 8, 4;
    %jmp/0 T_1.8, 8;
    %pushi/vec4 2, 0, 3;
    %jmp/1 T_1.9, 8;
T_1.8 ; End of true expr.
    %pushi/vec4 6, 0, 3;
    %jmp/0 T_1.9, 8;
 ; End of false expr.
    %blend;
T_1.9;
    %assign/vec4 v0x7fe477c1dda0_0, 0;
    %jmp T_1.7;
T_1.1 ;
    %load/vec4 v0x7fe477c1df10_0;
    %cmpi/e 1, 0, 1;
    %flag_mov 8, 4;
    %jmp/0 T_1.10, 8;
    %pushi/vec4 3, 0, 3;
    %jmp/1 T_1.11, 8;
T_1.10 ; End of true expr.
    %pushi/vec4 1, 0, 3;
    %jmp/0 T_1.11, 8;
 ; End of false expr.
    %blend;
T_1.11;
    %assign/vec4 v0x7fe477c1dda0_0, 0;
    %jmp T_1.7;
T_1.2 ;
    %load/vec4 v0x7fe477c1df10_0;
    %cmpi/e 1, 0, 1;
    %flag_mov 8, 4;
    %jmp/0 T_1.12, 8;
    %pushi/vec4 4, 0, 3;
    %jmp/1 T_1.13, 8;
T_1.12 ; End of true expr.
    %pushi/vec4 2, 0, 3;
    %jmp/0 T_1.13, 8;
 ; End of false expr.
    %blend;
T_1.13;
    %assign/vec4 v0x7fe477c1dda0_0, 0;
    %jmp T_1.7;
T_1.3 ;
    %load/vec4 v0x7fe477c1df10_0;
    %cmpi/e 1, 0, 1;
    %flag_mov 8, 4;
    %jmp/0 T_1.14, 8;
    %pushi/vec4 5, 0, 3;
    %jmp/1 T_1.15, 8;
T_1.14 ; End of true expr.
    %pushi/vec4 3, 0, 3;
    %jmp/0 T_1.15, 8;
 ; End of false expr.
    %blend;
T_1.15;
    %assign/vec4 v0x7fe477c1dda0_0, 0;
    %jmp T_1.7;
T_1.4 ;
    %load/vec4 v0x7fe477c1df10_0;
    %cmpi/e 1, 0, 1;
    %flag_mov 8, 4;
    %jmp/0 T_1.16, 8;
    %pushi/vec4 6, 0, 3;
    %jmp/1 T_1.17, 8;
T_1.16 ; End of true expr.
    %pushi/vec4 4, 0, 3;
    %jmp/0 T_1.17, 8;
 ; End of false expr.
    %blend;
T_1.17;
    %assign/vec4 v0x7fe477c1dda0_0, 0;
    %jmp T_1.7;
T_1.5 ;
    %load/vec4 v0x7fe477c1df10_0;
    %cmpi/e 1, 0, 1;
    %flag_mov 8, 4;
    %jmp/0 T_1.18, 8;
    %pushi/vec4 1, 0, 3;
    %jmp/1 T_1.19, 8;
T_1.18 ; End of true expr.
    %pushi/vec4 5, 0, 3;
    %jmp/0 T_1.19, 8;
 ; End of false expr.
    %blend;
T_1.19;
    %assign/vec4 v0x7fe477c1dda0_0, 0;
    %jmp T_1.7;
T_1.7 ;
    %pop/vec4 1;
    %load/vec4 v0x7fe477c1dda0_0;
    %assign/vec4 v0x7fe477c1dcf0_0, 0;
    %load/vec4 v0x7fe477c1dda0_0;
    %assign/vec4 v0x7fe477c1de60_0, 0;
    %jmp T_1;
    .thread T_1;
    .scope S_0x7fe477c0d940;
T_2 ;
    %delay 5, 0;
    %load/vec4 v0x7fe477c1e020_0;
    %inv;
    %store/vec4 v0x7fe477c1e020_0, 0, 1;
    %jmp T_2;
    .thread T_2;
    .scope S_0x7fe477c0d940;
T_3 ;
    %vpi_call 2 29 "$dumpfile", "wave.vcd" {0 0 0};
    %vpi_call 2 30 "$dumpvars", 32'sb00000000000000000000000000000000, S_0x7fe477c0d940 {0 0 0};
    %pushi/vec4 0, 0, 1;
    %store/vec4 v0x7fe477c1e220_0, 0, 1;
    %pushi/vec4 0, 0, 1;
    %store/vec4 v0x7fe477c1e020_0, 0, 1;
    %vpi_call 2 33 "$write", "\012 test the counter\012\012" {0 0 0};
    %vpi_call 2 34 "$write", " clk  up  |  result\012" {0 0 0};
    %vpi_call 2 35 "$write", " ------------------\012" {0 0 0};
    %pushi/vec4 0, 0, 32;
    %store/vec4 v0x7fe477c1e170_0, 0, 32;
T_3.0 ;
    %load/vec4 v0x7fe477c1e170_0;
    %cmpi/s 10, 0, 32;
    %jmp/0xz T_3.1, 5;
    %delay 6, 0;
    %vpi_call 2 40 "$write", "  %1b   %1b   |  %3b           %6t ns\012", v0x7fe477c1e020_0, v0x7fe477c1e220_0, v0x7fe477c1e0c0_0, $time {0 0 0};
    %delay 4, 0;
    %load/vec4 v0x7fe477c1e170_0;
    %addi 1, 0, 32;
    %store/vec4 v0x7fe477c1e170_0, 0, 32;
    %jmp T_3.0;
T_3.1 ;
    %vpi_call 2 44 "$write", " ------------------\012" {0 0 0};
    %pushi/vec4 1, 0, 1;
    %store/vec4 v0x7fe477c1e220_0, 0, 1;
    %pushi/vec4 0, 0, 32;
    %store/vec4 v0x7fe477c1e170_0, 0, 32;
T_3.2 ;
    %load/vec4 v0x7fe477c1e170_0;
    %cmpi/s 10, 0, 32;
    %jmp/0xz T_3.3, 5;
    %delay 6, 0;
    %vpi_call 2 49 "$write", "  %1b   %1b   |  %3b           %6t ns\012", v0x7fe477c1e020_0, v0x7fe477c1e220_0, v0x7fe477c1e0c0_0, $time {0 0 0};
    %delay 4, 0;
    %load/vec4 v0x7fe477c1e170_0;
    %addi 1, 0, 32;
    %store/vec4 v0x7fe477c1e170_0, 0, 32;
    %jmp T_3.2;
T_3.3 ;
    %vpi_call 2 54 "$write", "\012\012\011\011 ~ ~ ~ TEST COMPLETE ~ ~ ~    %6t ns\012\012", $time {0 0 0};
    %vpi_call 2 55 "$finish" {0 0 0};
    %end;
    .thread T_3;
# The file index is used to find the file name in the following table.
:file_names 3;
    "N/A";
    "<interactive>";
    "count.v";
