#! /usr/local/Cellar/icarus-verilog/11.0/bin/vvp
:ivl_version "11.0 (stable)";
:ivl_delay_selection "TYPICAL";
:vpi_time_precision - 9;
:vpi_module "/usr/local/Cellar/icarus-verilog/11.0/lib/ivl/system.vpi";
:vpi_module "/usr/local/Cellar/icarus-verilog/11.0/lib/ivl/vhdl_sys.vpi";
:vpi_module "/usr/local/Cellar/icarus-verilog/11.0/lib/ivl/vhdl_textio.vpi";
:vpi_module "/usr/local/Cellar/icarus-verilog/11.0/lib/ivl/v2005_math.vpi";
:vpi_module "/usr/local/Cellar/icarus-verilog/11.0/lib/ivl/va_math.vpi";
S_0x7f84d2508610 .scope module, "tb" "tb" 2 18;
 .timescale -9 -9;
v0x7f84d2543a90_0 .var "clock", 0 0;
v0x7f84d2543b70_0 .var/i "dig1", 31 0;
v0x7f84d2543c10_0 .var/i "dig2", 31 0;
v0x7f84d2543cc0_0 .var/i "ic", 31 0;
v0x7f84d2543d70_0 .var/i "idx", 31 0;
v0x7f84d2543e60_0 .var "n_in", 4 0;
v0x7f84d2543f40_0 .var "restart", 0 0;
v0x7f84d2544010_0 .net "seg1", 6 0, v0x7f84d2542200_0;  1 drivers
v0x7f84d25440e0_0 .net "seg2", 6 0, v0x7f84d2542700_0;  1 drivers
v0x7f84d25441f0_0 .var "start", 0 0;
v0x7f84d25442c0_0 .var "upc", 0 0;
S_0x7f84d2508780 .scope module, "DUT" "total" 2 32, 2 124 0, S_0x7f84d2508610;
 .timescale -9 -9;
    .port_info 0 /OUTPUT 7 "digit_2";
    .port_info 1 /OUTPUT 7 "digit_1";
    .port_info 2 /INPUT 5 "n_in";
    .port_info 3 /INPUT 1 "start";
    .port_info 4 /INPUT 1 "restart";
    .port_info 5 /INPUT 1 "up";
    .port_info 6 /INPUT 1 "clk";
v0x7f84d2542da0_0 .net "clk", 0 0, v0x7f84d2543a90_0;  1 drivers
v0x7f84d2542e40_0 .net "clk_trans", 0 0, v0x7f84d2509620_0;  1 drivers
v0x7f84d2542f10_0 .net "digit_1", 6 0, v0x7f84d2542200_0;  alias, 1 drivers
v0x7f84d2542fc0_0 .net "digit_2", 6 0, v0x7f84d2542700_0;  alias, 1 drivers
v0x7f84d2543070_0 .net "n_in", 4 0, v0x7f84d2543e60_0;  1 drivers
v0x7f84d2543140_0 .net "onez", 3 0, v0x7f84d2542be0_0;  1 drivers
v0x7f84d2543210_0 .net "restart", 0 0, v0x7f84d2543f40_0;  1 drivers
v0x7f84d25432a0_0 .net "start", 0 0, v0x7f84d25441f0_0;  1 drivers
v0x7f84d2543350_0 .net "temp", 4 0, v0x7f84d2541740_0;  1 drivers
v0x7f84d2543460_0 .net "tenz", 3 0, v0x7f84d2542cb0_0;  1 drivers
v0x7f84d2543530_0 .net "up", 0 0, v0x7f84d25442c0_0;  1 drivers
S_0x7f84d25139e0 .scope module, "CLK" "clk_50MHz_to_1Hz" 2 139, 2 251 0, S_0x7f84d2508780;
 .timescale -9 -9;
    .port_info 0 /OUTPUT 1 "clk_1hz";
    .port_info 1 /INPUT 1 "clk_50mhz";
v0x7f84d2509620_0 .var "clk_1hz", 0 0;
v0x7f84d2540e50_0 .net "clk_50mhz", 0 0, v0x7f84d2543a90_0;  alias, 1 drivers
v0x7f84d2540ef0_0 .var "count", 24 0;
E_0x7f84d2526a00 .event posedge, v0x7f84d2540e50_0;
S_0x7f84d2540fc0 .scope module, "CU" "control_unit" 2 144, 2 172 0, S_0x7f84d2508780;
 .timescale -9 -9;
    .port_info 0 /OUTPUT 5 "count";
    .port_info 1 /INPUT 5 "n_in";
    .port_info 2 /INPUT 1 "start";
    .port_info 3 /INPUT 1 "restart";
    .port_info 4 /INPUT 1 "up_count";
    .port_info 5 /INPUT 1 "clock";
P_0x7f84d2541180 .param/l "s0" 0 2 188, C4<00>;
P_0x7f84d25411c0 .param/l "s1" 0 2 189, C4<01>;
P_0x7f84d2541200 .param/l "s2" 0 2 190, C4<10>;
P_0x7f84d2541240 .param/l "s3" 0 2 191, C4<11>;
L_0x10ede2008 .functor BUFT 1, C4<00000>, C4<0>, C4<0>, C4<0>;
v0x7f84d2541500_0 .net/2u *"_ivl_0", 4 0, L_0x10ede2008;  1 drivers
L_0x10ede2050 .functor BUFT 1, C4<11001>, C4<0>, C4<0>, C4<0>;
v0x7f84d25415c0_0 .net/2u *"_ivl_4", 4 0, L_0x10ede2050;  1 drivers
v0x7f84d2541670_0 .net "clock", 0 0, v0x7f84d2509620_0;  alias, 1 drivers
v0x7f84d2541740_0 .var "count", 4 0;
v0x7f84d25417d0_0 .net "n_in", 4 0, v0x7f84d2543e60_0;  alias, 1 drivers
v0x7f84d25418c0_0 .net "n_is_0", 0 0, L_0x7f84d2544390;  1 drivers
v0x7f84d2541960_0 .net "n_is_25", 0 0, L_0x7f84d2544470;  1 drivers
v0x7f84d2541a00_0 .var "next_state", 1 0;
v0x7f84d2541ab0_0 .net "restart", 0 0, v0x7f84d2543f40_0;  alias, 1 drivers
v0x7f84d2541bc0_0 .net "start", 0 0, v0x7f84d25441f0_0;  alias, 1 drivers
v0x7f84d2541c50_0 .var "state", 1 0;
v0x7f84d2541d00_0 .net "up_count", 0 0, v0x7f84d25442c0_0;  alias, 1 drivers
E_0x7f84d2541480 .event posedge, v0x7f84d2509620_0;
E_0x7f84d25414c0/0 .event edge, v0x7f84d2541ab0_0;
E_0x7f84d25414c0/1 .event posedge, v0x7f84d2509620_0;
E_0x7f84d25414c0 .event/or E_0x7f84d25414c0/0, E_0x7f84d25414c0/1;
L_0x7f84d2544390 .cmp/eq 5, v0x7f84d2541740_0, L_0x10ede2008;
L_0x7f84d2544470 .cmp/eq 5, v0x7f84d2541740_0, L_0x10ede2050;
S_0x7f84d2541e30 .scope module, "dig1" "seg7_dig" 2 158, 2 276 0, S_0x7f84d2508780;
 .timescale -9 -9;
    .port_info 0 /OUTPUT 7 "disp_4bit";
    .port_info 1 /INPUT 4 "cntl_4bit";
P_0x7f84d2541ff0 .param/l "OFF" 0 2 282, C4<1>;
P_0x7f84d2542030 .param/l "ON" 0 2 281, C4<0>;
v0x7f84d2542140_0 .net "cntl_4bit", 3 0, v0x7f84d2542be0_0;  alias, 1 drivers
v0x7f84d2542200_0 .var "disp_4bit", 6 0;
E_0x7f84d25420f0 .event edge, v0x7f84d2542140_0;
S_0x7f84d25422e0 .scope module, "dig2" "seg7_dig" 2 153, 2 276 0, S_0x7f84d2508780;
 .timescale -9 -9;
    .port_info 0 /OUTPUT 7 "disp_4bit";
    .port_info 1 /INPUT 4 "cntl_4bit";
P_0x7f84d25424a0 .param/l "OFF" 0 2 282, C4<1>;
P_0x7f84d25424e0 .param/l "ON" 0 2 281, C4<0>;
v0x7f84d2542640_0 .net "cntl_4bit", 3 0, v0x7f84d2542cb0_0;  alias, 1 drivers
v0x7f84d2542700_0 .var "disp_4bit", 6 0;
E_0x7f84d25425f0 .event edge, v0x7f84d2542640_0;
S_0x7f84d25427e0 .scope module, "getDigs" "my_bcd" 2 163, 2 329 0, S_0x7f84d2508780;
 .timescale -9 -9;
    .port_info 0 /OUTPUT 4 "tens";
    .port_info 1 /OUTPUT 4 "ones";
    .port_info 2 /INPUT 5 "bin_in";
v0x7f84d2542a70_0 .net "bin_in", 4 0, v0x7f84d2541740_0;  alias, 1 drivers
v0x7f84d2542b40_0 .var/i "idx", 31 0;
v0x7f84d2542be0_0 .var "ones", 3 0;
v0x7f84d2542cb0_0 .var "tens", 3 0;
E_0x7f84d2542a30 .event edge, v0x7f84d2541740_0;
S_0x7f84d2543630 .scope autotask, "bcd2digs" "bcd2digs" 2 84, 2 84 0, S_0x7f84d2508610;
 .timescale -9 -9;
v0x7f84d2543800_0 .var/i "d1", 31 0;
v0x7f84d2543890_0 .var/i "d2", 31 0;
v0x7f84d2543920_0 .var "seg11", 6 0;
v0x7f84d25439e0_0 .var "seg22", 6 0;
TD_tb.bcd2digs ;
    %load/vec4 v0x7f84d25439e0_0;
    %dup/vec4;
    %pushi/vec4 64, 0, 7;
    %cmp/u;
    %jmp/1 T_0.0, 6;
    %dup/vec4;
    %pushi/vec4 121, 0, 7;
    %cmp/u;
    %jmp/1 T_0.1, 6;
    %dup/vec4;
    %pushi/vec4 36, 0, 7;
    %cmp/u;
    %jmp/1 T_0.2, 6;
    %dup/vec4;
    %pushi/vec4 48, 0, 7;
    %cmp/u;
    %jmp/1 T_0.3, 6;
    %dup/vec4;
    %pushi/vec4 25, 0, 7;
    %cmp/u;
    %jmp/1 T_0.4, 6;
    %dup/vec4;
    %pushi/vec4 18, 0, 7;
    %cmp/u;
    %jmp/1 T_0.5, 6;
    %dup/vec4;
    %pushi/vec4 2, 0, 7;
    %cmp/u;
    %jmp/1 T_0.6, 6;
    %dup/vec4;
    %pushi/vec4 120, 0, 7;
    %cmp/u;
    %jmp/1 T_0.7, 6;
    %dup/vec4;
    %pushi/vec4 0, 0, 7;
    %cmp/u;
    %jmp/1 T_0.8, 6;
    %dup/vec4;
    %pushi/vec4 24, 0, 7;
    %cmp/u;
    %jmp/1 T_0.9, 6;
    %pushi/vec4 4294966297, 0, 32;
    %store/vec4 v0x7f84d2543890_0, 0, 32;
    %jmp T_0.11;
T_0.0 ;
    %pushi/vec4 0, 0, 32;
    %store/vec4 v0x7f84d2543890_0, 0, 32;
    %jmp T_0.11;
T_0.1 ;
    %pushi/vec4 1, 0, 32;
    %store/vec4 v0x7f84d2543890_0, 0, 32;
    %jmp T_0.11;
T_0.2 ;
    %pushi/vec4 2, 0, 32;
    %store/vec4 v0x7f84d2543890_0, 0, 32;
    %jmp T_0.11;
T_0.3 ;
    %pushi/vec4 3, 0, 32;
    %store/vec4 v0x7f84d2543890_0, 0, 32;
    %jmp T_0.11;
T_0.4 ;
    %pushi/vec4 4, 0, 32;
    %store/vec4 v0x7f84d2543890_0, 0, 32;
    %jmp T_0.11;
T_0.5 ;
    %pushi/vec4 5, 0, 32;
    %store/vec4 v0x7f84d2543890_0, 0, 32;
    %jmp T_0.11;
T_0.6 ;
    %pushi/vec4 6, 0, 32;
    %store/vec4 v0x7f84d2543890_0, 0, 32;
    %jmp T_0.11;
T_0.7 ;
    %pushi/vec4 7, 0, 32;
    %store/vec4 v0x7f84d2543890_0, 0, 32;
    %jmp T_0.11;
T_0.8 ;
    %pushi/vec4 8, 0, 32;
    %store/vec4 v0x7f84d2543890_0, 0, 32;
    %jmp T_0.11;
T_0.9 ;
    %pushi/vec4 9, 0, 32;
    %store/vec4 v0x7f84d2543890_0, 0, 32;
    %jmp T_0.11;
T_0.11 ;
    %pop/vec4 1;
    %load/vec4 v0x7f84d2543920_0;
    %dup/vec4;
    %pushi/vec4 64, 0, 7;
    %cmp/u;
    %jmp/1 T_0.12, 6;
    %dup/vec4;
    %pushi/vec4 121, 0, 7;
    %cmp/u;
    %jmp/1 T_0.13, 6;
    %dup/vec4;
    %pushi/vec4 36, 0, 7;
    %cmp/u;
    %jmp/1 T_0.14, 6;
    %dup/vec4;
    %pushi/vec4 48, 0, 7;
    %cmp/u;
    %jmp/1 T_0.15, 6;
    %dup/vec4;
    %pushi/vec4 25, 0, 7;
    %cmp/u;
    %jmp/1 T_0.16, 6;
    %dup/vec4;
    %pushi/vec4 18, 0, 7;
    %cmp/u;
    %jmp/1 T_0.17, 6;
    %dup/vec4;
    %pushi/vec4 2, 0, 7;
    %cmp/u;
    %jmp/1 T_0.18, 6;
    %dup/vec4;
    %pushi/vec4 120, 0, 7;
    %cmp/u;
    %jmp/1 T_0.19, 6;
    %dup/vec4;
    %pushi/vec4 0, 0, 7;
    %cmp/u;
    %jmp/1 T_0.20, 6;
    %dup/vec4;
    %pushi/vec4 24, 0, 7;
    %cmp/u;
    %jmp/1 T_0.21, 6;
    %pushi/vec4 4294966297, 0, 32;
    %store/vec4 v0x7f84d2543800_0, 0, 32;
    %jmp T_0.23;
T_0.12 ;
    %pushi/vec4 0, 0, 32;
    %store/vec4 v0x7f84d2543800_0, 0, 32;
    %jmp T_0.23;
T_0.13 ;
    %pushi/vec4 1, 0, 32;
    %store/vec4 v0x7f84d2543800_0, 0, 32;
    %jmp T_0.23;
T_0.14 ;
    %pushi/vec4 2, 0, 32;
    %store/vec4 v0x7f84d2543800_0, 0, 32;
    %jmp T_0.23;
T_0.15 ;
    %pushi/vec4 3, 0, 32;
    %store/vec4 v0x7f84d2543800_0, 0, 32;
    %jmp T_0.23;
T_0.16 ;
    %pushi/vec4 4, 0, 32;
    %store/vec4 v0x7f84d2543800_0, 0, 32;
    %jmp T_0.23;
T_0.17 ;
    %pushi/vec4 5, 0, 32;
    %store/vec4 v0x7f84d2543800_0, 0, 32;
    %jmp T_0.23;
T_0.18 ;
    %pushi/vec4 6, 0, 32;
    %store/vec4 v0x7f84d2543800_0, 0, 32;
    %jmp T_0.23;
T_0.19 ;
    %pushi/vec4 7, 0, 32;
    %store/vec4 v0x7f84d2543800_0, 0, 32;
    %jmp T_0.23;
T_0.20 ;
    %pushi/vec4 8, 0, 32;
    %store/vec4 v0x7f84d2543800_0, 0, 32;
    %jmp T_0.23;
T_0.21 ;
    %pushi/vec4 9, 0, 32;
    %store/vec4 v0x7f84d2543800_0, 0, 32;
    %jmp T_0.23;
T_0.23 ;
    %pop/vec4 1;
    %end;
    .scope S_0x7f84d25139e0;
T_1 ;
    %pushi/vec4 0, 0, 25;
    %assign/vec4 v0x7f84d2540ef0_0, 0;
    %pushi/vec4 0, 0, 1;
    %assign/vec4 v0x7f84d2509620_0, 0;
    %end;
    .thread T_1;
    .scope S_0x7f84d25139e0;
T_2 ;
    %wait E_0x7f84d2526a00;
    %load/vec4 v0x7f84d2540ef0_0;
    %cmpi/e 24999999, 0, 25;
    %jmp/0xz  T_2.0, 4;
    %pushi/vec4 0, 0, 25;
    %assign/vec4 v0x7f84d2540ef0_0, 0;
    %load/vec4 v0x7f84d2509620_0;
    %inv;
    %assign/vec4 v0x7f84d2509620_0, 0;
    %jmp T_2.1;
T_2.0 ;
    %load/vec4 v0x7f84d2540ef0_0;
    %addi 1, 0, 25;
    %assign/vec4 v0x7f84d2540ef0_0, 0;
T_2.1 ;
    %jmp T_2;
    .thread T_2;
    .scope S_0x7f84d2540fc0;
T_3 ;
    %pushi/vec4 0, 0, 2;
    %store/vec4 v0x7f84d2541c50_0, 0, 2;
    %pushi/vec4 0, 0, 2;
    %store/vec4 v0x7f84d2541a00_0, 0, 2;
    %pushi/vec4 0, 0, 5;
    %store/vec4 v0x7f84d2541740_0, 0, 5;
    %end;
    .thread T_3;
    .scope S_0x7f84d2540fc0;
T_4 ;
    %wait E_0x7f84d25414c0;
    %load/vec4 v0x7f84d2541ab0_0;
    %cmpi/e 1, 0, 1;
    %jmp/0xz  T_4.0, 4;
    %pushi/vec4 0, 0, 2;
    %store/vec4 v0x7f84d2541c50_0, 0, 2;
    %pushi/vec4 0, 0, 2;
    %store/vec4 v0x7f84d2541a00_0, 0, 2;
    %pushi/vec4 0, 0, 5;
    %store/vec4 v0x7f84d2541740_0, 0, 5;
    %jmp T_4.1;
T_4.0 ;
    %load/vec4 v0x7f84d2541a00_0;
    %dup/vec4;
    %pushi/vec4 0, 0, 2;
    %cmp/u;
    %jmp/1 T_4.2, 6;
    %dup/vec4;
    %pushi/vec4 1, 0, 2;
    %cmp/u;
    %jmp/1 T_4.3, 6;
    %dup/vec4;
    %pushi/vec4 2, 0, 2;
    %cmp/u;
    %jmp/1 T_4.4, 6;
    %dup/vec4;
    %pushi/vec4 3, 0, 2;
    %cmp/u;
    %jmp/1 T_4.5, 6;
    %pushi/vec4 0, 0, 2;
    %store/vec4 v0x7f84d2541a00_0, 0, 2;
    %jmp T_4.7;
T_4.2 ;
    %load/vec4 v0x7f84d2541a00_0;
    %store/vec4 v0x7f84d2541c50_0, 0, 2;
    %load/vec4 v0x7f84d2541bc0_0;
    %cmpi/e 1, 0, 1;
    %flag_mov 8, 4;
    %jmp/0 T_4.8, 8;
    %pushi/vec4 1, 0, 2;
    %jmp/1 T_4.9, 8;
T_4.8 ; End of true expr.
    %pushi/vec4 0, 0, 2;
    %jmp/0 T_4.9, 8;
 ; End of false expr.
    %blend;
T_4.9;
    %store/vec4 v0x7f84d2541a00_0, 0, 2;
    %jmp T_4.7;
T_4.3 ;
    %load/vec4 v0x7f84d2541a00_0;
    %store/vec4 v0x7f84d2541c50_0, 0, 2;
    %load/vec4 v0x7f84d25417d0_0;
    %store/vec4 v0x7f84d2541740_0, 0, 5;
    %load/vec4 v0x7f84d2541d00_0;
    %cmpi/e 1, 0, 1;
    %jmp/0xz  T_4.10, 4;
    %load/vec4 v0x7f84d2541960_0;
    %cmpi/e 1, 0, 1;
    %flag_mov 8, 4;
    %jmp/0 T_4.12, 8;
    %pushi/vec4 3, 0, 2;
    %jmp/1 T_4.13, 8;
T_4.12 ; End of true expr.
    %pushi/vec4 2, 0, 2;
    %jmp/0 T_4.13, 8;
 ; End of false expr.
    %blend;
T_4.13;
    %store/vec4 v0x7f84d2541a00_0, 0, 2;
    %jmp T_4.11;
T_4.10 ;
    %load/vec4 v0x7f84d25418c0_0;
    %cmpi/e 1, 0, 1;
    %flag_mov 8, 4;
    %jmp/0 T_4.14, 8;
    %pushi/vec4 2, 0, 2;
    %jmp/1 T_4.15, 8;
T_4.14 ; End of true expr.
    %pushi/vec4 3, 0, 2;
    %jmp/0 T_4.15, 8;
 ; End of false expr.
    %blend;
T_4.15;
    %store/vec4 v0x7f84d2541a00_0, 0, 2;
T_4.11 ;
    %jmp T_4.7;
T_4.4 ;
    %load/vec4 v0x7f84d2541a00_0;
    %store/vec4 v0x7f84d2541c50_0, 0, 2;
    %load/vec4 v0x7f84d2541740_0;
    %addi 1, 0, 5;
    %store/vec4 v0x7f84d2541740_0, 0, 5;
    %load/vec4 v0x7f84d2541960_0;
    %cmpi/e 1, 0, 1;
    %flag_mov 8, 4;
    %jmp/0 T_4.16, 8;
    %pushi/vec4 3, 0, 2;
    %jmp/1 T_4.17, 8;
T_4.16 ; End of true expr.
    %pushi/vec4 2, 0, 2;
    %jmp/0 T_4.17, 8;
 ; End of false expr.
    %blend;
T_4.17;
    %store/vec4 v0x7f84d2541a00_0, 0, 2;
    %jmp T_4.7;
T_4.5 ;
    %load/vec4 v0x7f84d2541a00_0;
    %store/vec4 v0x7f84d2541c50_0, 0, 2;
    %load/vec4 v0x7f84d2541740_0;
    %subi 1, 0, 5;
    %store/vec4 v0x7f84d2541740_0, 0, 5;
    %load/vec4 v0x7f84d25418c0_0;
    %cmpi/e 1, 0, 1;
    %flag_mov 8, 4;
    %jmp/0 T_4.18, 8;
    %pushi/vec4 2, 0, 2;
    %jmp/1 T_4.19, 8;
T_4.18 ; End of true expr.
    %pushi/vec4 3, 0, 2;
    %jmp/0 T_4.19, 8;
 ; End of false expr.
    %blend;
T_4.19;
    %store/vec4 v0x7f84d2541a00_0, 0, 2;
    %jmp T_4.7;
T_4.7 ;
    %pop/vec4 1;
T_4.1 ;
    %jmp T_4;
    .thread T_4;
    .scope S_0x7f84d2540fc0;
T_5 ;
    %wait E_0x7f84d2541480;
    %jmp T_5;
    .thread T_5;
    .scope S_0x7f84d25422e0;
T_6 ;
    %wait E_0x7f84d25425f0;
    %pushi/vec4 127, 0, 7;
    %store/vec4 v0x7f84d2542700_0, 0, 7;
    %load/vec4 v0x7f84d2542640_0;
    %dup/vec4;
    %pushi/vec4 0, 0, 4;
    %cmp/u;
    %jmp/1 T_6.0, 6;
    %dup/vec4;
    %pushi/vec4 1, 0, 4;
    %cmp/u;
    %jmp/1 T_6.1, 6;
    %dup/vec4;
    %pushi/vec4 2, 0, 4;
    %cmp/u;
    %jmp/1 T_6.2, 6;
    %dup/vec4;
    %pushi/vec4 3, 0, 4;
    %cmp/u;
    %jmp/1 T_6.3, 6;
    %dup/vec4;
    %pushi/vec4 4, 0, 4;
    %cmp/u;
    %jmp/1 T_6.4, 6;
    %dup/vec4;
    %pushi/vec4 5, 0, 4;
    %cmp/u;
    %jmp/1 T_6.5, 6;
    %dup/vec4;
    %pushi/vec4 6, 0, 4;
    %cmp/u;
    %jmp/1 T_6.6, 6;
    %dup/vec4;
    %pushi/vec4 7, 0, 4;
    %cmp/u;
    %jmp/1 T_6.7, 6;
    %dup/vec4;
    %pushi/vec4 8, 0, 4;
    %cmp/u;
    %jmp/1 T_6.8, 6;
    %dup/vec4;
    %pushi/vec4 9, 0, 4;
    %cmp/u;
    %jmp/1 T_6.9, 6;
    %jmp T_6.10;
T_6.0 ;
    %pushi/vec4 0, 0, 6;
    %ix/load 4, 0, 0;
    %flag_set/imm 4, 0;
    %store/vec4 v0x7f84d2542700_0, 4, 6;
    %jmp T_6.10;
T_6.1 ;
    %pushi/vec4 0, 0, 2;
    %ix/load 4, 1, 0;
    %flag_set/imm 4, 0;
    %store/vec4 v0x7f84d2542700_0, 4, 2;
    %jmp T_6.10;
T_6.2 ;
    %pushi/vec4 0, 0, 2;
    %ix/load 4, 0, 0;
    %flag_set/imm 4, 0;
    %store/vec4 v0x7f84d2542700_0, 4, 2;
    %pushi/vec4 0, 0, 1;
    %ix/load 4, 6, 0;
    %flag_set/imm 4, 0;
    %store/vec4 v0x7f84d2542700_0, 4, 1;
    %pushi/vec4 0, 0, 2;
    %ix/load 4, 3, 0;
    %flag_set/imm 4, 0;
    %store/vec4 v0x7f84d2542700_0, 4, 2;
    %jmp T_6.10;
T_6.3 ;
    %pushi/vec4 0, 0, 4;
    %ix/load 4, 0, 0;
    %flag_set/imm 4, 0;
    %store/vec4 v0x7f84d2542700_0, 4, 4;
    %pushi/vec4 0, 0, 1;
    %ix/load 4, 6, 0;
    %flag_set/imm 4, 0;
    %store/vec4 v0x7f84d2542700_0, 4, 1;
    %jmp T_6.10;
T_6.4 ;
    %pushi/vec4 0, 0, 2;
    %ix/load 4, 1, 0;
    %flag_set/imm 4, 0;
    %store/vec4 v0x7f84d2542700_0, 4, 2;
    %pushi/vec4 0, 0, 2;
    %ix/load 4, 5, 0;
    %flag_set/imm 4, 0;
    %store/vec4 v0x7f84d2542700_0, 4, 2;
    %jmp T_6.10;
T_6.5 ;
    %pushi/vec4 0, 0, 1;
    %ix/load 4, 0, 0;
    %flag_set/imm 4, 0;
    %store/vec4 v0x7f84d2542700_0, 4, 1;
    %pushi/vec4 0, 0, 2;
    %ix/load 4, 2, 0;
    %flag_set/imm 4, 0;
    %store/vec4 v0x7f84d2542700_0, 4, 2;
    %pushi/vec4 0, 0, 2;
    %ix/load 4, 5, 0;
    %flag_set/imm 4, 0;
    %store/vec4 v0x7f84d2542700_0, 4, 2;
    %jmp T_6.10;
T_6.6 ;
    %pushi/vec4 0, 0, 1;
    %ix/load 4, 0, 0;
    %flag_set/imm 4, 0;
    %store/vec4 v0x7f84d2542700_0, 4, 1;
    %pushi/vec4 0, 0, 5;
    %ix/load 4, 2, 0;
    %flag_set/imm 4, 0;
    %store/vec4 v0x7f84d2542700_0, 4, 5;
    %jmp T_6.10;
T_6.7 ;
    %pushi/vec4 0, 0, 3;
    %ix/load 4, 0, 0;
    %flag_set/imm 4, 0;
    %store/vec4 v0x7f84d2542700_0, 4, 3;
    %jmp T_6.10;
T_6.8 ;
    %pushi/vec4 0, 0, 7;
    %store/vec4 v0x7f84d2542700_0, 0, 7;
    %jmp T_6.10;
T_6.9 ;
    %pushi/vec4 0, 0, 7;
    %store/vec4 v0x7f84d2542700_0, 0, 7;
    %pushi/vec4 3, 0, 2;
    %ix/load 4, 3, 0;
    %flag_set/imm 4, 0;
    %store/vec4 v0x7f84d2542700_0, 4, 2;
    %jmp T_6.10;
T_6.10 ;
    %pop/vec4 1;
    %jmp T_6;
    .thread T_6, $push;
    .scope S_0x7f84d2541e30;
T_7 ;
    %wait E_0x7f84d25420f0;
    %pushi/vec4 127, 0, 7;
    %store/vec4 v0x7f84d2542200_0, 0, 7;
    %load/vec4 v0x7f84d2542140_0;
    %dup/vec4;
    %pushi/vec4 0, 0, 4;
    %cmp/u;
    %jmp/1 T_7.0, 6;
    %dup/vec4;
    %pushi/vec4 1, 0, 4;
    %cmp/u;
    %jmp/1 T_7.1, 6;
    %dup/vec4;
    %pushi/vec4 2, 0, 4;
    %cmp/u;
    %jmp/1 T_7.2, 6;
    %dup/vec4;
    %pushi/vec4 3, 0, 4;
    %cmp/u;
    %jmp/1 T_7.3, 6;
    %dup/vec4;
    %pushi/vec4 4, 0, 4;
    %cmp/u;
    %jmp/1 T_7.4, 6;
    %dup/vec4;
    %pushi/vec4 5, 0, 4;
    %cmp/u;
    %jmp/1 T_7.5, 6;
    %dup/vec4;
    %pushi/vec4 6, 0, 4;
    %cmp/u;
    %jmp/1 T_7.6, 6;
    %dup/vec4;
    %pushi/vec4 7, 0, 4;
    %cmp/u;
    %jmp/1 T_7.7, 6;
    %dup/vec4;
    %pushi/vec4 8, 0, 4;
    %cmp/u;
    %jmp/1 T_7.8, 6;
    %dup/vec4;
    %pushi/vec4 9, 0, 4;
    %cmp/u;
    %jmp/1 T_7.9, 6;
    %jmp T_7.10;
T_7.0 ;
    %pushi/vec4 0, 0, 6;
    %ix/load 4, 0, 0;
    %flag_set/imm 4, 0;
    %store/vec4 v0x7f84d2542200_0, 4, 6;
    %jmp T_7.10;
T_7.1 ;
    %pushi/vec4 0, 0, 2;
    %ix/load 4, 1, 0;
    %flag_set/imm 4, 0;
    %store/vec4 v0x7f84d2542200_0, 4, 2;
    %jmp T_7.10;
T_7.2 ;
    %pushi/vec4 0, 0, 2;
    %ix/load 4, 0, 0;
    %flag_set/imm 4, 0;
    %store/vec4 v0x7f84d2542200_0, 4, 2;
    %pushi/vec4 0, 0, 1;
    %ix/load 4, 6, 0;
    %flag_set/imm 4, 0;
    %store/vec4 v0x7f84d2542200_0, 4, 1;
    %pushi/vec4 0, 0, 2;
    %ix/load 4, 3, 0;
    %flag_set/imm 4, 0;
    %store/vec4 v0x7f84d2542200_0, 4, 2;
    %jmp T_7.10;
T_7.3 ;
    %pushi/vec4 0, 0, 4;
    %ix/load 4, 0, 0;
    %flag_set/imm 4, 0;
    %store/vec4 v0x7f84d2542200_0, 4, 4;
    %pushi/vec4 0, 0, 1;
    %ix/load 4, 6, 0;
    %flag_set/imm 4, 0;
    %store/vec4 v0x7f84d2542200_0, 4, 1;
    %jmp T_7.10;
T_7.4 ;
    %pushi/vec4 0, 0, 2;
    %ix/load 4, 1, 0;
    %flag_set/imm 4, 0;
    %store/vec4 v0x7f84d2542200_0, 4, 2;
    %pushi/vec4 0, 0, 2;
    %ix/load 4, 5, 0;
    %flag_set/imm 4, 0;
    %store/vec4 v0x7f84d2542200_0, 4, 2;
    %jmp T_7.10;
T_7.5 ;
    %pushi/vec4 0, 0, 1;
    %ix/load 4, 0, 0;
    %flag_set/imm 4, 0;
    %store/vec4 v0x7f84d2542200_0, 4, 1;
    %pushi/vec4 0, 0, 2;
    %ix/load 4, 2, 0;
    %flag_set/imm 4, 0;
    %store/vec4 v0x7f84d2542200_0, 4, 2;
    %pushi/vec4 0, 0, 2;
    %ix/load 4, 5, 0;
    %flag_set/imm 4, 0;
    %store/vec4 v0x7f84d2542200_0, 4, 2;
    %jmp T_7.10;
T_7.6 ;
    %pushi/vec4 0, 0, 1;
    %ix/load 4, 0, 0;
    %flag_set/imm 4, 0;
    %store/vec4 v0x7f84d2542200_0, 4, 1;
    %pushi/vec4 0, 0, 5;
    %ix/load 4, 2, 0;
    %flag_set/imm 4, 0;
    %store/vec4 v0x7f84d2542200_0, 4, 5;
    %jmp T_7.10;
T_7.7 ;
    %pushi/vec4 0, 0, 3;
    %ix/load 4, 0, 0;
    %flag_set/imm 4, 0;
    %store/vec4 v0x7f84d2542200_0, 4, 3;
    %jmp T_7.10;
T_7.8 ;
    %pushi/vec4 0, 0, 7;
    %store/vec4 v0x7f84d2542200_0, 0, 7;
    %jmp T_7.10;
T_7.9 ;
    %pushi/vec4 0, 0, 7;
    %store/vec4 v0x7f84d2542200_0, 0, 7;
    %pushi/vec4 3, 0, 2;
    %ix/load 4, 3, 0;
    %flag_set/imm 4, 0;
    %store/vec4 v0x7f84d2542200_0, 4, 2;
    %jmp T_7.10;
T_7.10 ;
    %pop/vec4 1;
    %jmp T_7;
    .thread T_7, $push;
    .scope S_0x7f84d25427e0;
T_8 ;
    %wait E_0x7f84d2542a30;
    %pushi/vec4 0, 0, 4;
    %store/vec4 v0x7f84d2542cb0_0, 0, 4;
    %pushi/vec4 0, 0, 4;
    %store/vec4 v0x7f84d2542be0_0, 0, 4;
    %pushi/vec4 4, 0, 32;
    %store/vec4 v0x7f84d2542b40_0, 0, 32;
T_8.0 ;
    %load/vec4 v0x7f84d2542b40_0;
    %cmpi/s 0, 0, 32;
    %flag_inv 5; GE is !LT
    %jmp/0xz T_8.1, 5;
    %load/vec4 v0x7f84d2542cb0_0;
    %cmpi/u 5, 0, 4;
    %flag_inv 5; GE is !LT
    %jmp/0xz  T_8.2, 5;
    %load/vec4 v0x7f84d2542cb0_0;
    %addi 3, 0, 4;
    %store/vec4 v0x7f84d2542cb0_0, 0, 4;
T_8.2 ;
    %load/vec4 v0x7f84d2542be0_0;
    %cmpi/u 5, 0, 4;
    %flag_inv 5; GE is !LT
    %jmp/0xz  T_8.4, 5;
    %load/vec4 v0x7f84d2542be0_0;
    %addi 3, 0, 4;
    %store/vec4 v0x7f84d2542be0_0, 0, 4;
T_8.4 ;
    %load/vec4 v0x7f84d2542cb0_0;
    %ix/load 4, 1, 0;
    %flag_set/imm 4, 0;
    %shiftl 4;
    %store/vec4 v0x7f84d2542cb0_0, 0, 4;
    %load/vec4 v0x7f84d2542be0_0;
    %parti/s 1, 3, 3;
    %ix/load 4, 0, 0;
    %flag_set/imm 4, 0;
    %store/vec4 v0x7f84d2542cb0_0, 4, 1;
    %load/vec4 v0x7f84d2542be0_0;
    %ix/load 4, 1, 0;
    %flag_set/imm 4, 0;
    %shiftl 4;
    %store/vec4 v0x7f84d2542be0_0, 0, 4;
    %load/vec4 v0x7f84d2542a70_0;
    %load/vec4 v0x7f84d2542b40_0;
    %part/s 1;
    %ix/load 4, 0, 0;
    %flag_set/imm 4, 0;
    %store/vec4 v0x7f84d2542be0_0, 4, 1;
    %load/vec4 v0x7f84d2542b40_0;
    %subi 1, 0, 32;
    %store/vec4 v0x7f84d2542b40_0, 0, 32;
    %jmp T_8.0;
T_8.1 ;
    %jmp T_8;
    .thread T_8, $push;
    .scope S_0x7f84d2508610;
T_9 ;
    %pushi/vec4 0, 0, 32;
    %store/vec4 v0x7f84d2543cc0_0, 0, 32;
T_9.0 ;
    %load/vec4 v0x7f84d2543cc0_0;
    %cmpi/s 24999999, 0, 32;
    %jmp/0xz T_9.1, 5;
    %delay 1, 0;
    %load/vec4 v0x7f84d2543a90_0;
    %inv;
    %store/vec4 v0x7f84d2543a90_0, 0, 1;
    %load/vec4 v0x7f84d2543cc0_0;
    %addi 1, 0, 32;
    %store/vec4 v0x7f84d2543cc0_0, 0, 32;
    %jmp T_9.0;
T_9.1 ;
    %jmp T_9;
    .thread T_9;
    .scope S_0x7f84d2508610;
T_10 ;
    %vpi_call 2 52 "$write", "\012 test the counter %% 25\012\012" {0 0 0};
    %pushi/vec4 0, 0, 1;
    %store/vec4 v0x7f84d2543a90_0, 0, 1;
    %pushi/vec4 10, 0, 5;
    %store/vec4 v0x7f84d2543e60_0, 0, 5;
    %pushi/vec4 1, 0, 1;
    %store/vec4 v0x7f84d25441f0_0, 0, 1;
    %pushi/vec4 0, 0, 1;
    %store/vec4 v0x7f84d2543f40_0, 0, 1;
    %pushi/vec4 0, 0, 1;
    %store/vec4 v0x7f84d25442c0_0, 0, 1;
    %pushi/vec4 0, 0, 32;
    %store/vec4 v0x7f84d2543d70_0, 0, 32;
T_10.0 ;
    %load/vec4 v0x7f84d2543d70_0;
    %cmpi/s 36, 0, 32;
    %jmp/0xz T_10.1, 5;
    %delay 49999998, 0;
    %alloc S_0x7f84d2543630;
    %load/vec4 v0x7f84d25440e0_0;
    %store/vec4 v0x7f84d25439e0_0, 0, 7;
    %load/vec4 v0x7f84d2544010_0;
    %store/vec4 v0x7f84d2543920_0, 0, 7;
    %fork TD_tb.bcd2digs, S_0x7f84d2543630;
    %join;
    %load/vec4 v0x7f84d2543890_0;
    %store/vec4 v0x7f84d2543c10_0, 0, 32;
    %load/vec4 v0x7f84d2543800_0;
    %store/vec4 v0x7f84d2543b70_0, 0, 32;
    %free S_0x7f84d2543630;
    %vpi_call 2 65 "$write", "%1d%1d\012", v0x7f84d2543c10_0, v0x7f84d2543b70_0 {0 0 0};
    %load/vec4 v0x7f84d2543d70_0;
    %addi 1, 0, 32;
    %store/vec4 v0x7f84d2543d70_0, 0, 32;
    %jmp T_10.0;
T_10.1 ;
    %pushi/vec4 1, 0, 1;
    %store/vec4 v0x7f84d2543f40_0, 0, 1;
    %delay 24999999, 0;
    %delay 2, 0;
    %vpi_call 2 80 "$write", "\012\012\011\011 ~ ~ ~ PROGRAM COMPLETE ~ ~ ~    %4t  ns\012\012", $time {0 0 0};
    %vpi_call 2 81 "$finish" {0 0 0};
    %end;
    .thread T_10;
# The file index is used to find the file name in the following table.
:file_names 3;
    "N/A";
    "<interactive>";
    "total.v";
