#! /usr/local/Cellar/icarus-verilog/11.0/bin/vvp
:ivl_version "11.0 (stable)";
:ivl_delay_selection "TYPICAL";
:vpi_time_precision - 9;
:vpi_module "/usr/local/Cellar/icarus-verilog/11.0/lib/ivl/system.vpi";
:vpi_module "/usr/local/Cellar/icarus-verilog/11.0/lib/ivl/vhdl_sys.vpi";
:vpi_module "/usr/local/Cellar/icarus-verilog/11.0/lib/ivl/vhdl_textio.vpi";
:vpi_module "/usr/local/Cellar/icarus-verilog/11.0/lib/ivl/v2005_math.vpi";
:vpi_module "/usr/local/Cellar/icarus-verilog/11.0/lib/ivl/va_math.vpi";
S_0x7fa0dd4055c0 .scope module, "tb" "tb" 2 8;
 .timescale -9 -9;
v0x7fa0de815710_0 .var "SH", 1 0;
v0x7fa0de8157e0_0 .var "from_alu", 7 0;
v0x7fa0de815890_0 .net "from_shifter", 7 0, v0x7fa0de815630_0;  1 drivers
v0x7fa0de815960_0 .var/i "idx", 31 0;
v0x7fa0de8159f0_0 .var/i "seed", 31 0;
v0x7fa0de815ae0_0 .var "temp", 7 0;
S_0x7fa0dd405730 .scope module, "DUT" "c4_shifter" 2 18, 3 8 0, S_0x7fa0dd4055c0;
 .timescale -9 -9;
    .port_info 0 /OUTPUT 8 "from_shifter";
    .port_info 1 /INPUT 8 "from_alu";
    .port_info 2 /INPUT 2 "SH";
P_0x7fa0dd4058a0 .param/l "LEFT" 0 3 15, C4<01>;
P_0x7fa0dd4058e0 .param/l "PASS" 0 3 14, C4<00>;
P_0x7fa0dd405920 .param/l "RIGHT" 0 3 16, C4<10>;
P_0x7fa0dd405960 .param/l "ROTATE" 0 3 17, C4<11>;
v0x7fa0dd405af0_0 .net "SH", 1 0, v0x7fa0de815710_0;  1 drivers
v0x7fa0de815570_0 .net "from_alu", 7 0, v0x7fa0de8157e0_0;  1 drivers
v0x7fa0de815630_0 .var "from_shifter", 7 0;
E_0x7fa0dd405aa0 .event edge, v0x7fa0dd405af0_0, v0x7fa0de815570_0, v0x7fa0de815630_0;
    .scope S_0x7fa0dd405730;
T_0 ;
    %wait E_0x7fa0dd405aa0;
    %load/vec4 v0x7fa0dd405af0_0;
    %dup/vec4;
    %pushi/vec4 0, 0, 2;
    %cmp/u;
    %jmp/1 T_0.0, 6;
    %dup/vec4;
    %pushi/vec4 1, 0, 2;
    %cmp/u;
    %jmp/1 T_0.1, 6;
    %dup/vec4;
    %pushi/vec4 2, 0, 2;
    %cmp/u;
    %jmp/1 T_0.2, 6;
    %dup/vec4;
    %pushi/vec4 3, 0, 2;
    %cmp/u;
    %jmp/1 T_0.3, 6;
    %jmp T_0.4;
T_0.0 ;
    %load/vec4 v0x7fa0de815570_0;
    %store/vec4 v0x7fa0de815630_0, 0, 8;
    %jmp T_0.4;
T_0.1 ;
    %load/vec4 v0x7fa0de815570_0;
    %ix/load 4, 1, 0;
    %flag_set/imm 4, 0;
    %shiftl 4;
    %store/vec4 v0x7fa0de815630_0, 0, 8;
    %jmp T_0.4;
T_0.2 ;
    %load/vec4 v0x7fa0de815570_0;
    %ix/load 4, 1, 0;
    %flag_set/imm 4, 0;
    %shiftr 4;
    %store/vec4 v0x7fa0de815630_0, 0, 8;
    %jmp T_0.4;
T_0.3 ;
    %load/vec4 v0x7fa0de815570_0;
    %parti/s 7, 0, 2;
    %load/vec4 v0x7fa0de815570_0;
    %parti/s 1, 7, 4;
    %concat/vec4; draw_concat_vec4
    %store/vec4 v0x7fa0de815630_0, 0, 8;
    %jmp T_0.4;
T_0.4 ;
    %pop/vec4 1;
    %vpi_call 3 28 "$write", "\012 *********************************\012" {0 0 0};
    %vpi_call 3 29 "$write", " {c4_shifter}\012" {0 0 0};
    %vpi_call 3 30 "$write", "              SH = %2b\012", v0x7fa0dd405af0_0 {0 0 0};
    %vpi_call 3 31 "$write", "        from_alu =  %4b_%4b\012", &PV<v0x7fa0de815570_0, 4, 4>, &PV<v0x7fa0de815570_0, 0, 4> {0 0 0};
    %vpi_call 3 32 "$write", "    from_shifter =  %4b_%4b\012", &PV<v0x7fa0de815630_0, 4, 4>, &PV<v0x7fa0de815630_0, 0, 4> {0 0 0};
    %vpi_call 3 33 "$write", " *********************************\012" {0 0 0};
    %jmp T_0;
    .thread T_0, $push;
    .scope S_0x7fa0dd4055c0;
T_1 ;
    %vpi_call 2 26 "$dumpfile", "wave.vcd" {0 0 0};
    %vpi_call 2 27 "$dumpvars", 32'sb00000000000000000000000000000000, S_0x7fa0dd4055c0 {0 0 0};
    %pushi/vec4 999, 0, 32;
    %store/vec4 v0x7fa0de8159f0_0, 0, 32;
    %vpi_call 2 30 "$write", "\012 test component 4 of 5, the shifter\012\012" {0 0 0};
    %pushi/vec4 0, 0, 32;
    %store/vec4 v0x7fa0de815960_0, 0, 32;
T_1.0 ;
    %load/vec4 v0x7fa0de815960_0;
    %cmpi/s 8, 0, 32;
    %jmp/0xz T_1.1, 5;
    %vpi_func 2 33 "$random" 32, v0x7fa0de8159f0_0 {0 0 0};
    %pushi/vec4 2, 0, 32;
    %mod/s;
    %pad/s 1;
    %ix/getv/s 4, v0x7fa0de815960_0;
    %store/vec4 v0x7fa0de815ae0_0, 4, 1;
    %load/vec4 v0x7fa0de815960_0;
    %addi 1, 0, 32;
    %store/vec4 v0x7fa0de815960_0, 0, 32;
    %jmp T_1.0;
T_1.1 ;
    %pushi/vec4 0, 0, 32;
    %store/vec4 v0x7fa0de815960_0, 0, 32;
T_1.2 ;
    %load/vec4 v0x7fa0de815960_0;
    %cmpi/s 4, 0, 32;
    %jmp/0xz T_1.3, 5;
    %load/vec4 v0x7fa0de815960_0;
    %pad/s 2;
    %store/vec4 v0x7fa0de815710_0, 0, 2;
    %load/vec4 v0x7fa0de815ae0_0;
    %store/vec4 v0x7fa0de8157e0_0, 0, 8;
    %delay 5, 0;
    %vpi_call 2 42 "$write", " selector:  %2b ,  ", v0x7fa0de815710_0 {0 0 0};
    %load/vec4 v0x7fa0de815710_0;
    %dup/vec4;
    %pushi/vec4 0, 0, 2;
    %cmp/u;
    %jmp/1 T_1.4, 6;
    %dup/vec4;
    %pushi/vec4 1, 0, 2;
    %cmp/u;
    %jmp/1 T_1.5, 6;
    %dup/vec4;
    %pushi/vec4 2, 0, 2;
    %cmp/u;
    %jmp/1 T_1.6, 6;
    %dup/vec4;
    %pushi/vec4 3, 0, 2;
    %cmp/u;
    %jmp/1 T_1.7, 6;
    %jmp T_1.8;
T_1.4 ;
    %vpi_call 2 44 "$write", "pass through\012" {0 0 0};
    %jmp T_1.8;
T_1.5 ;
    %vpi_call 2 45 "$write", "left shift\012" {0 0 0};
    %jmp T_1.8;
T_1.6 ;
    %vpi_call 2 46 "$write", "right shift\012" {0 0 0};
    %jmp T_1.8;
T_1.7 ;
    %vpi_call 2 47 "$write", "rotate right\012" {0 0 0};
    %jmp T_1.8;
T_1.8 ;
    %pop/vec4 1;
    %vpi_call 2 49 "$write", "                   %4b_%4b  before shifter\012", &PV<v0x7fa0de8157e0_0, 4, 4>, &PV<v0x7fa0de8157e0_0, 0, 4> {0 0 0};
    %vpi_call 2 51 "$write", "                   %4b_%4b  after shifter\012\012", &PV<v0x7fa0de815890_0, 4, 4>, &PV<v0x7fa0de815890_0, 0, 4> {0 0 0};
    %load/vec4 v0x7fa0de815960_0;
    %addi 1, 0, 32;
    %store/vec4 v0x7fa0de815960_0, 0, 32;
    %jmp T_1.2;
T_1.3 ;
    %delay 5, 0;
    %vpi_call 2 57 "$write", "\012\012\011\011 ~ ~ ~ TEST COMPLETE ~ ~ ~\012\012" {0 0 0};
    %vpi_call 2 58 "$finish" {0 0 0};
    %end;
    .thread T_1;
# The file index is used to find the file name in the following table.
:file_names 4;
    "N/A";
    "<interactive>";
    "tb.v";
    "./c4_shifter.v";
