#! /usr/local/Cellar/icarus-verilog/11.0/bin/vvp
:ivl_version "11.0 (stable)";
:ivl_delay_selection "TYPICAL";
:vpi_time_precision - 9;
:vpi_module "/usr/local/Cellar/icarus-verilog/11.0/lib/ivl/system.vpi";
:vpi_module "/usr/local/Cellar/icarus-verilog/11.0/lib/ivl/vhdl_sys.vpi";
:vpi_module "/usr/local/Cellar/icarus-verilog/11.0/lib/ivl/vhdl_textio.vpi";
:vpi_module "/usr/local/Cellar/icarus-verilog/11.0/lib/ivl/v2005_math.vpi";
:vpi_module "/usr/local/Cellar/icarus-verilog/11.0/lib/ivl/va_math.vpi";
S_0x7fc6b2e010e0 .scope module, "tb" "tb" 2 21;
 .timescale -9 -9;
v0x7fc6b2f08150_0 .var "clock", 0 0;
v0x7fc6b2f081f0_0 .net "done", 0 0, L_0x7fc6b2f087c0;  1 drivers
v0x7fc6b2f08290_0 .var/i "idx", 31 0;
v0x7fc6b2f08320_0 .var/i "k_follow", 31 0;
v0x7fc6b2f083c0_0 .var/i "k_lead", 31 0;
v0x7fc6b2f084b0_0 .var "n_input", 7 0;
v0x7fc6b2f08550_0 .var "reset", 0 0;
v0x7fc6b2f08620_0 .net "result", 7 0, v0x7fc6b2f06190_0;  1 drivers
v0x7fc6b2f086b0_0 .var "start", 0 0;
S_0x7fc6b2e01250 .scope module, "GDP" "general_data_path" 2 33, 2 99 0, S_0x7fc6b2e010e0;
 .timescale -9 -9;
    .port_info 0 /OUTPUT 8 "result";
    .port_info 1 /OUTPUT 1 "done";
    .port_info 2 /INPUT 8 "n_input";
    .port_info 3 /INPUT 1 "start";
    .port_info 4 /INPUT 1 "reset";
    .port_info 5 /INPUT 1 "clock";
L_0x7fc6b2f087c0 .functor BUFZ 1, L_0x7fc6b2f0c690, C4<0>, C4<0>, C4<0>;
v0x7fc6b2f07490_0 .net "ALU", 2 0, L_0x7fc6b2f0c2f0;  1 drivers
v0x7fc6b2f07540_0 .net "IE", 0 0, L_0x7fc6b2f088f0;  1 drivers
v0x7fc6b2f075e0_0 .net "OE", 0 0, L_0x7fc6b2f0c690;  1 drivers
v0x7fc6b2f07690_0 .net "RAA", 1 0, L_0x7fc6b2f0aad0;  1 drivers
v0x7fc6b2f07720_0 .net "RAE", 0 0, L_0x7fc6b2f098b0;  1 drivers
v0x7fc6b2f077f0_0 .net "RBA", 1 0, L_0x7fc6b2f0b680;  1 drivers
v0x7fc6b2f07880_0 .net "RBE", 0 0, L_0x7fc6b2f0ae30;  1 drivers
v0x7fc6b2f07910_0 .net "SH", 1 0, L_0x7fc6b2f0c990;  1 drivers
v0x7fc6b2f079b0_0 .net "WA", 1 0, L_0x7fc6b2f097d0;  1 drivers
v0x7fc6b2f07ac0_0 .net "WE", 0 0, L_0x7fc6b2f09490;  1 drivers
v0x7fc6b2f07b50_0 .net "clock", 0 0, v0x7fc6b2f08150_0;  1 drivers
v0x7fc6b2f07be0_0 .net "done", 0 0, L_0x7fc6b2f087c0;  alias, 1 drivers
v0x7fc6b2f07c70_0 .net "n_input", 7 0, v0x7fc6b2f084b0_0;  1 drivers
v0x7fc6b2f07d10_0 .net "n_is_0", 0 0, L_0x7fc6b2f0cbf0;  1 drivers
v0x7fc6b2f07de0_0 .net "reset", 0 0, v0x7fc6b2f08550_0;  1 drivers
v0x7fc6b2f07e70_0 .net "result", 7 0, v0x7fc6b2f06190_0;  alias, 1 drivers
v0x7fc6b2f07f40_0 .net "start", 0 0, v0x7fc6b2f086b0_0;  1 drivers
S_0x7fc6b2e01450 .scope module, "CU" "control_unit" 2 121, 2 158 0, S_0x7fc6b2e01250;
 .timescale -9 -9;
    .port_info 0 /OUTPUT 1 "IE";
    .port_info 1 /OUTPUT 1 "WE";
    .port_info 2 /OUTPUT 2 "WA";
    .port_info 3 /OUTPUT 1 "RAE";
    .port_info 4 /OUTPUT 2 "RAA";
    .port_info 5 /OUTPUT 1 "RBE";
    .port_info 6 /OUTPUT 2 "RBA";
    .port_info 7 /OUTPUT 3 "ALU";
    .port_info 8 /OUTPUT 2 "SH";
    .port_info 9 /OUTPUT 1 "OE";
    .port_info 10 /INPUT 1 "n_is_0";
    .port_info 11 /INPUT 1 "start";
    .port_info 12 /INPUT 1 "reset";
    .port_info 13 /INPUT 1 "clock";
P_0x7fc6b2e015c0 .param/l "s0" 0 2 178, C4<000>;
P_0x7fc6b2e01600 .param/l "s1" 0 2 179, C4<001>;
P_0x7fc6b2e01640 .param/l "s2" 0 2 180, C4<010>;
P_0x7fc6b2e01680 .param/l "s3" 0 2 181, C4<011>;
P_0x7fc6b2e016c0 .param/l "s4" 0 2 182, C4<100>;
P_0x7fc6b2e01700 .param/l "s5" 0 2 183, C4<101>;
P_0x7fc6b2e01740 .param/l "s6" 0 2 184, C4<110>;
P_0x7fc6b2e01780 .param/l "s7" 0 2 185, C4<111>;
L_0x7fc6b2f08c30 .functor OR 1, L_0x7fc6b2f08a10, L_0x7fc6b2f08b30, C4<0>, C4<0>;
L_0x7fc6b2f08e60 .functor OR 1, L_0x7fc6b2f08c30, L_0x7fc6b2f08d40, C4<0>, C4<0>;
L_0x7fc6b2f09090 .functor OR 1, L_0x7fc6b2f08e60, L_0x7fc6b2f08fb0, C4<0>, C4<0>;
L_0x7fc6b2f092a0 .functor OR 1, L_0x7fc6b2f09090, L_0x7fc6b2f091a0, C4<0>, C4<0>;
L_0x7fc6b2f09490 .functor OR 1, L_0x7fc6b2f092a0, L_0x7fc6b2f093b0, C4<0>, C4<0>;
L_0x7fc6b2f09b20 .functor OR 1, L_0x7fc6b2f09940, L_0x7fc6b2f099e0, C4<0>, C4<0>;
L_0x7fc6b2f09e40 .functor OR 1, L_0x7fc6b2f09c10, L_0x7fc6b2f09cf0, C4<0>, C4<0>;
L_0x7fc6b2f0a030 .functor OR 1, L_0x7fc6b2f09e40, L_0x7fc6b2f09f50, C4<0>, C4<0>;
L_0x7fc6b2f09dd0 .functor OR 1, L_0x7fc6b2f0a030, L_0x7fc6b2f0a120, C4<0>, C4<0>;
L_0x7fc6b2f0a3f0 .functor OR 1, L_0x7fc6b2f09dd0, L_0x7fc6b2f0a350, C4<0>, C4<0>;
L_0x7fc6b2f0a7a0 .functor OR 1, L_0x7fc6b2f0a3f0, L_0x7fc6b2f0a500, C4<0>, C4<0>;
L_0x7fc6b2f098b0 .functor OR 1, L_0x7fc6b2f0a7a0, L_0x7fc6b2f0a9b0, C4<0>, C4<0>;
L_0x7fc6b2f0aee0 .functor OR 1, L_0x7fc6b2f0ac90, L_0x7fc6b2f0ad90, C4<0>, C4<0>;
L_0x7fc6b2f0b0a0 .functor OR 1, L_0x7fc6b2f0aee0, L_0x7fc6b2f0b000, C4<0>, C4<0>;
L_0x7fc6b2f0ae30 .functor OR 1, L_0x7fc6b2f0b150, L_0x7fc6b2f0b2f0, C4<0>, C4<0>;
L_0x7fc6b2f0b5b0 .functor OR 1, L_0x7fc6b2f0b230, L_0x7fc6b2f0b8c0, C4<0>, C4<0>;
L_0x7fc6b2f0bbb0 .functor OR 1, L_0x7fc6b2f0b5b0, L_0x7fc6b2f0b9e0, C4<0>, C4<0>;
L_0x7fc6b2f0b450 .functor OR 1, L_0x7fc6b2f0bbb0, L_0x7fc6b2f0bc60, C4<0>, C4<0>;
L_0x7fc6b2f0bac0 .functor OR 1, L_0x7fc6b2f0bde0, L_0x7fc6b2f0bfc0, C4<0>, C4<0>;
L_0x7fc6b2f0bec0 .functor OR 1, L_0x7fc6b2f0bac0, L_0x7fc6b2f0c100, C4<0>, C4<0>;
L_0x7fc6b2f0a5a0 .functor OR 1, L_0x7fc6b2f0a8b0, L_0x7fc6b2f0c1e0, C4<0>, C4<0>;
L_0x7fc6b2f0c780 .functor OR 1, L_0x7fc6b2f0a5a0, L_0x7fc6b2f0b820, C4<0>, C4<0>;
v0x7fc6b2e01c20_0 .net "ALU", 2 0, L_0x7fc6b2f0c2f0;  alias, 1 drivers
v0x7fc6b2c13290_0 .net "IE", 0 0, L_0x7fc6b2f088f0;  alias, 1 drivers
v0x7fc6b2c13340_0 .net "OE", 0 0, L_0x7fc6b2f0c690;  alias, 1 drivers
v0x7fc6b2c133f0_0 .net "RAA", 1 0, L_0x7fc6b2f0aad0;  alias, 1 drivers
v0x7fc6b2c13480_0 .net "RAE", 0 0, L_0x7fc6b2f098b0;  alias, 1 drivers
v0x7fc6b2c13550_0 .net "RBA", 1 0, L_0x7fc6b2f0b680;  alias, 1 drivers
v0x7fc6b2c13600_0 .net "RBE", 0 0, L_0x7fc6b2f0ae30;  alias, 1 drivers
v0x7fc6b2c136a0_0 .net "SH", 1 0, L_0x7fc6b2f0c990;  alias, 1 drivers
v0x7fc6b2c13750_0 .net "WA", 1 0, L_0x7fc6b2f097d0;  alias, 1 drivers
v0x7fc6b2c13860_0 .net "WE", 0 0, L_0x7fc6b2f09490;  alias, 1 drivers
L_0x10661b008 .functor BUFT 1, C4<001>, C4<0>, C4<0>, C4<0>;
v0x7fc6b2c13900_0 .net/2u *"_ivl_0", 2 0, L_0x10661b008;  1 drivers
v0x7fc6b2c139b0_0 .net *"_ivl_10", 0 0, L_0x7fc6b2f08b30;  1 drivers
L_0x10661b518 .functor BUFT 1, C4<010>, C4<0>, C4<0>, C4<0>;
v0x7fc6b2c13a50_0 .net/2u *"_ivl_104", 2 0, L_0x10661b518;  1 drivers
v0x7fc6b2c13b00_0 .net *"_ivl_106", 0 0, L_0x7fc6b2f0ac90;  1 drivers
L_0x10661b560 .functor BUFT 1, C4<011>, C4<0>, C4<0>, C4<0>;
v0x7fc6b2c13ba0_0 .net/2u *"_ivl_108", 2 0, L_0x10661b560;  1 drivers
v0x7fc6b2c13c50_0 .net *"_ivl_110", 0 0, L_0x7fc6b2f0ad90;  1 drivers
v0x7fc6b2c13cf0_0 .net *"_ivl_113", 0 0, L_0x7fc6b2f0aee0;  1 drivers
L_0x10661b5a8 .functor BUFT 1, C4<110>, C4<0>, C4<0>, C4<0>;
v0x7fc6b2c13e80_0 .net/2u *"_ivl_114", 2 0, L_0x10661b5a8;  1 drivers
v0x7fc6b2c13f10_0 .net *"_ivl_116", 0 0, L_0x7fc6b2f0b000;  1 drivers
v0x7fc6b2c13fa0_0 .net *"_ivl_119", 0 0, L_0x7fc6b2f0b0a0;  1 drivers
L_0x10661b5f0 .functor BUFT 1, C4<000>, C4<0>, C4<0>, C4<0>;
v0x7fc6b2c14040_0 .net/2u *"_ivl_120", 2 0, L_0x10661b5f0;  1 drivers
v0x7fc6b2c140f0_0 .net *"_ivl_122", 0 0, L_0x7fc6b2f0b150;  1 drivers
L_0x10661b638 .functor BUFT 1, C4<011>, C4<0>, C4<0>, C4<0>;
v0x7fc6b2c14190_0 .net/2u *"_ivl_124", 2 0, L_0x10661b638;  1 drivers
v0x7fc6b2c14240_0 .net *"_ivl_126", 0 0, L_0x7fc6b2f0b2f0;  1 drivers
v0x7fc6b2c142e0_0 .net *"_ivl_13", 0 0, L_0x7fc6b2f08c30;  1 drivers
L_0x10661b680 .functor BUFT 1, C4<011>, C4<0>, C4<0>, C4<0>;
v0x7fc6b2c14380_0 .net/2u *"_ivl_132", 2 0, L_0x10661b680;  1 drivers
v0x7fc6b2c14430_0 .net *"_ivl_134", 0 0, L_0x7fc6b2f0b4d0;  1 drivers
L_0x10661b6c8 .functor BUFT 1, C4<0>, C4<0>, C4<0>, C4<0>;
v0x7fc6b2c144d0_0 .net/2u *"_ivl_139", 0 0, L_0x10661b6c8;  1 drivers
L_0x10661b0e0 .functor BUFT 1, C4<010>, C4<0>, C4<0>, C4<0>;
v0x7fc6b2c14580_0 .net/2u *"_ivl_14", 2 0, L_0x10661b0e0;  1 drivers
L_0x10661b710 .functor BUFT 1, C4<000>, C4<0>, C4<0>, C4<0>;
v0x7fc6b2c14630_0 .net/2u *"_ivl_143", 2 0, L_0x10661b710;  1 drivers
v0x7fc6b2c146e0_0 .net *"_ivl_145", 0 0, L_0x7fc6b2f0b230;  1 drivers
L_0x10661b758 .functor BUFT 1, C4<010>, C4<0>, C4<0>, C4<0>;
v0x7fc6b2c14780_0 .net/2u *"_ivl_147", 2 0, L_0x10661b758;  1 drivers
v0x7fc6b2c14830_0 .net *"_ivl_149", 0 0, L_0x7fc6b2f0b8c0;  1 drivers
v0x7fc6b2c13d90_0 .net *"_ivl_152", 0 0, L_0x7fc6b2f0b5b0;  1 drivers
L_0x10661b7a0 .functor BUFT 1, C4<100>, C4<0>, C4<0>, C4<0>;
v0x7fc6b2c14ac0_0 .net/2u *"_ivl_153", 2 0, L_0x10661b7a0;  1 drivers
v0x7fc6b2c14b50_0 .net *"_ivl_155", 0 0, L_0x7fc6b2f0b9e0;  1 drivers
v0x7fc6b2c14be0_0 .net *"_ivl_158", 0 0, L_0x7fc6b2f0bbb0;  1 drivers
L_0x10661b7e8 .functor BUFT 1, C4<101>, C4<0>, C4<0>, C4<0>;
v0x7fc6b2c14c70_0 .net/2u *"_ivl_159", 2 0, L_0x10661b7e8;  1 drivers
v0x7fc6b2c14d10_0 .net *"_ivl_16", 0 0, L_0x7fc6b2f08d40;  1 drivers
v0x7fc6b2c14db0_0 .net *"_ivl_161", 0 0, L_0x7fc6b2f0bc60;  1 drivers
v0x7fc6b2c14e50_0 .net *"_ivl_164", 0 0, L_0x7fc6b2f0b450;  1 drivers
L_0x10661b830 .functor BUFT 1, C4<010>, C4<0>, C4<0>, C4<0>;
v0x7fc6b2c14ef0_0 .net/2u *"_ivl_167", 2 0, L_0x10661b830;  1 drivers
v0x7fc6b2c14fa0_0 .net *"_ivl_169", 0 0, L_0x7fc6b2f0bde0;  1 drivers
L_0x10661b878 .functor BUFT 1, C4<100>, C4<0>, C4<0>, C4<0>;
v0x7fc6b2c15040_0 .net/2u *"_ivl_171", 2 0, L_0x10661b878;  1 drivers
v0x7fc6b2c150f0_0 .net *"_ivl_173", 0 0, L_0x7fc6b2f0bfc0;  1 drivers
v0x7fc6b2c15190_0 .net *"_ivl_176", 0 0, L_0x7fc6b2f0bac0;  1 drivers
L_0x10661b8c0 .functor BUFT 1, C4<101>, C4<0>, C4<0>, C4<0>;
v0x7fc6b2c15230_0 .net/2u *"_ivl_177", 2 0, L_0x10661b8c0;  1 drivers
v0x7fc6b2c152e0_0 .net *"_ivl_179", 0 0, L_0x7fc6b2f0c100;  1 drivers
v0x7fc6b2c15380_0 .net *"_ivl_182", 0 0, L_0x7fc6b2f0bec0;  1 drivers
L_0x10661b908 .functor BUFT 1, C4<000>, C4<0>, C4<0>, C4<0>;
v0x7fc6b2c15420_0 .net/2u *"_ivl_186", 2 0, L_0x10661b908;  1 drivers
v0x7fc6b2c154d0_0 .net *"_ivl_188", 0 0, L_0x7fc6b2f0a8b0;  1 drivers
v0x7fc6b2c15570_0 .net *"_ivl_19", 0 0, L_0x7fc6b2f08e60;  1 drivers
L_0x10661b950 .functor BUFT 1, C4<010>, C4<0>, C4<0>, C4<0>;
v0x7fc6b2c15610_0 .net/2u *"_ivl_190", 2 0, L_0x10661b950;  1 drivers
v0x7fc6b2c156c0_0 .net *"_ivl_192", 0 0, L_0x7fc6b2f0c1e0;  1 drivers
v0x7fc6b2c15760_0 .net *"_ivl_195", 0 0, L_0x7fc6b2f0a5a0;  1 drivers
L_0x10661b998 .functor BUFT 1, C4<011>, C4<0>, C4<0>, C4<0>;
v0x7fc6b2c15800_0 .net/2u *"_ivl_196", 2 0, L_0x10661b998;  1 drivers
v0x7fc6b2c158b0_0 .net *"_ivl_198", 0 0, L_0x7fc6b2f0b820;  1 drivers
L_0x10661b128 .functor BUFT 1, C4<100>, C4<0>, C4<0>, C4<0>;
v0x7fc6b2c15950_0 .net/2u *"_ivl_20", 2 0, L_0x10661b128;  1 drivers
v0x7fc6b2c15a00_0 .net *"_ivl_201", 0 0, L_0x7fc6b2f0c780;  1 drivers
L_0x10661b9e0 .functor BUFT 1, C4<110>, C4<0>, C4<0>, C4<0>;
v0x7fc6b2c15aa0_0 .net/2u *"_ivl_204", 2 0, L_0x10661b9e0;  1 drivers
v0x7fc6b2c15b50_0 .net *"_ivl_206", 0 0, L_0x7fc6b2f0c8b0;  1 drivers
L_0x10661ba28 .functor BUFT 1, C4<0>, C4<0>, C4<0>, C4<0>;
v0x7fc6b2c15bf0_0 .net/2u *"_ivl_211", 0 0, L_0x10661ba28;  1 drivers
L_0x10661ba70 .functor BUFT 1, C4<111>, C4<0>, C4<0>, C4<0>;
v0x7fc6b2c15ca0_0 .net/2u *"_ivl_213", 2 0, L_0x10661ba70;  1 drivers
v0x7fc6b2c15d50_0 .net *"_ivl_22", 0 0, L_0x7fc6b2f08fb0;  1 drivers
v0x7fc6b2c15df0_0 .net *"_ivl_25", 0 0, L_0x7fc6b2f09090;  1 drivers
L_0x10661b170 .functor BUFT 1, C4<101>, C4<0>, C4<0>, C4<0>;
v0x7fc6b2c148d0_0 .net/2u *"_ivl_26", 2 0, L_0x10661b170;  1 drivers
v0x7fc6b2c14980_0 .net *"_ivl_28", 0 0, L_0x7fc6b2f091a0;  1 drivers
v0x7fc6b2c14a20_0 .net *"_ivl_31", 0 0, L_0x7fc6b2f092a0;  1 drivers
L_0x10661b1b8 .functor BUFT 1, C4<110>, C4<0>, C4<0>, C4<0>;
v0x7fc6b2c15e80_0 .net/2u *"_ivl_32", 2 0, L_0x10661b1b8;  1 drivers
v0x7fc6b2c15f30_0 .net *"_ivl_34", 0 0, L_0x7fc6b2f093b0;  1 drivers
L_0x10661b050 .functor BUFT 1, C4<000>, C4<0>, C4<0>, C4<0>;
v0x7fc6b2c15fd0_0 .net/2u *"_ivl_4", 2 0, L_0x10661b050;  1 drivers
L_0x10661b200 .functor BUFT 1, C4<010>, C4<0>, C4<0>, C4<0>;
v0x7fc6b2c16080_0 .net/2u *"_ivl_40", 2 0, L_0x10661b200;  1 drivers
v0x7fc6b2c16130_0 .net *"_ivl_42", 0 0, L_0x7fc6b2f095f0;  1 drivers
L_0x10661b248 .functor BUFT 1, C4<001>, C4<0>, C4<0>, C4<0>;
v0x7fc6b2c161d0_0 .net/2u *"_ivl_47", 2 0, L_0x10661b248;  1 drivers
v0x7fc6b2c16280_0 .net *"_ivl_49", 0 0, L_0x7fc6b2f09940;  1 drivers
L_0x10661b290 .functor BUFT 1, C4<110>, C4<0>, C4<0>, C4<0>;
v0x7fc6b2c16320_0 .net/2u *"_ivl_51", 2 0, L_0x10661b290;  1 drivers
v0x7fc6b2c163d0_0 .net *"_ivl_53", 0 0, L_0x7fc6b2f099e0;  1 drivers
v0x7fc6b2c16470_0 .net *"_ivl_56", 0 0, L_0x7fc6b2f09b20;  1 drivers
L_0x10661b2d8 .functor BUFT 1, C4<000>, C4<0>, C4<0>, C4<0>;
v0x7fc6b2c16510_0 .net/2u *"_ivl_57", 2 0, L_0x10661b2d8;  1 drivers
v0x7fc6b2c165c0_0 .net *"_ivl_59", 0 0, L_0x7fc6b2f09c10;  1 drivers
v0x7fc6b2c16660_0 .net *"_ivl_6", 0 0, L_0x7fc6b2f08a10;  1 drivers
L_0x10661b320 .functor BUFT 1, C4<010>, C4<0>, C4<0>, C4<0>;
v0x7fc6b2c16700_0 .net/2u *"_ivl_61", 2 0, L_0x10661b320;  1 drivers
v0x7fc6b2c167b0_0 .net *"_ivl_63", 0 0, L_0x7fc6b2f09cf0;  1 drivers
v0x7fc6b2c16850_0 .net *"_ivl_66", 0 0, L_0x7fc6b2f09e40;  1 drivers
L_0x10661b368 .functor BUFT 1, C4<011>, C4<0>, C4<0>, C4<0>;
v0x7fc6b2c168f0_0 .net/2u *"_ivl_67", 2 0, L_0x10661b368;  1 drivers
v0x7fc6b2c169a0_0 .net *"_ivl_69", 0 0, L_0x7fc6b2f09f50;  1 drivers
v0x7fc6b2c16a40_0 .net *"_ivl_72", 0 0, L_0x7fc6b2f0a030;  1 drivers
L_0x10661b3b0 .functor BUFT 1, C4<100>, C4<0>, C4<0>, C4<0>;
v0x7fc6b2c16ae0_0 .net/2u *"_ivl_73", 2 0, L_0x10661b3b0;  1 drivers
v0x7fc6b2c16b90_0 .net *"_ivl_75", 0 0, L_0x7fc6b2f0a120;  1 drivers
v0x7fc6b2c16c30_0 .net *"_ivl_78", 0 0, L_0x7fc6b2f09dd0;  1 drivers
L_0x10661b3f8 .functor BUFT 1, C4<101>, C4<0>, C4<0>, C4<0>;
v0x7fc6b2c16cd0_0 .net/2u *"_ivl_79", 2 0, L_0x10661b3f8;  1 drivers
L_0x10661b098 .functor BUFT 1, C4<001>, C4<0>, C4<0>, C4<0>;
v0x7fc6b2c16d80_0 .net/2u *"_ivl_8", 2 0, L_0x10661b098;  1 drivers
v0x7fc6b2c16e30_0 .net *"_ivl_81", 0 0, L_0x7fc6b2f0a350;  1 drivers
v0x7fc6b2c16ed0_0 .net *"_ivl_84", 0 0, L_0x7fc6b2f0a3f0;  1 drivers
L_0x10661b440 .functor BUFT 1, C4<110>, C4<0>, C4<0>, C4<0>;
v0x7fc6b2c16f70_0 .net/2u *"_ivl_85", 2 0, L_0x10661b440;  1 drivers
v0x7fc6b2c17020_0 .net *"_ivl_87", 0 0, L_0x7fc6b2f0a500;  1 drivers
v0x7fc6b2c170c0_0 .net *"_ivl_90", 0 0, L_0x7fc6b2f0a7a0;  1 drivers
L_0x10661b488 .functor BUFT 1, C4<111>, C4<0>, C4<0>, C4<0>;
v0x7fc6b2c17160_0 .net/2u *"_ivl_91", 2 0, L_0x10661b488;  1 drivers
v0x7fc6b2c17210_0 .net *"_ivl_93", 0 0, L_0x7fc6b2f0a9b0;  1 drivers
L_0x10661b4d0 .functor BUFT 1, C4<0>, C4<0>, C4<0>, C4<0>;
v0x7fc6b2c172b0_0 .net/2u *"_ivl_99", 0 0, L_0x10661b4d0;  1 drivers
v0x7fc6b2c17360_0 .net "clock", 0 0, v0x7fc6b2f08150_0;  alias, 1 drivers
v0x7fc6b2c17400_0 .net "n_is_0", 0 0, L_0x7fc6b2f0cbf0;  alias, 1 drivers
v0x7fc6b2c174a0_0 .var "n_state", 2 0;
v0x7fc6b2c17550_0 .net "reset", 0 0, v0x7fc6b2f08550_0;  alias, 1 drivers
v0x7fc6b2c175f0_0 .net "start", 0 0, v0x7fc6b2f086b0_0;  alias, 1 drivers
v0x7fc6b2c17690_0 .var "state", 2 0;
E_0x7fc6b2e01be0 .event posedge, v0x7fc6b2c17360_0;
L_0x7fc6b2f088f0 .cmp/eq 3, v0x7fc6b2c17690_0, L_0x10661b008;
L_0x7fc6b2f08a10 .cmp/eq 3, v0x7fc6b2c17690_0, L_0x10661b050;
L_0x7fc6b2f08b30 .cmp/eq 3, v0x7fc6b2c17690_0, L_0x10661b098;
L_0x7fc6b2f08d40 .cmp/eq 3, v0x7fc6b2c17690_0, L_0x10661b0e0;
L_0x7fc6b2f08fb0 .cmp/eq 3, v0x7fc6b2c17690_0, L_0x10661b128;
L_0x7fc6b2f091a0 .cmp/eq 3, v0x7fc6b2c17690_0, L_0x10661b170;
L_0x7fc6b2f093b0 .cmp/eq 3, v0x7fc6b2c17690_0, L_0x10661b1b8;
L_0x7fc6b2f095f0 .cmp/eq 3, v0x7fc6b2c17690_0, L_0x10661b200;
L_0x7fc6b2f097d0 .concat8 [ 1 1 0 0], L_0x7fc6b2f09b20, L_0x7fc6b2f095f0;
L_0x7fc6b2f09940 .cmp/eq 3, v0x7fc6b2c17690_0, L_0x10661b248;
L_0x7fc6b2f099e0 .cmp/eq 3, v0x7fc6b2c17690_0, L_0x10661b290;
L_0x7fc6b2f09c10 .cmp/eq 3, v0x7fc6b2c17690_0, L_0x10661b2d8;
L_0x7fc6b2f09cf0 .cmp/eq 3, v0x7fc6b2c17690_0, L_0x10661b320;
L_0x7fc6b2f09f50 .cmp/eq 3, v0x7fc6b2c17690_0, L_0x10661b368;
L_0x7fc6b2f0a120 .cmp/eq 3, v0x7fc6b2c17690_0, L_0x10661b3b0;
L_0x7fc6b2f0a350 .cmp/eq 3, v0x7fc6b2c17690_0, L_0x10661b3f8;
L_0x7fc6b2f0a500 .cmp/eq 3, v0x7fc6b2c17690_0, L_0x10661b440;
L_0x7fc6b2f0a9b0 .cmp/eq 3, v0x7fc6b2c17690_0, L_0x10661b488;
L_0x7fc6b2f0aad0 .concat8 [ 1 1 0 0], L_0x7fc6b2f0b0a0, L_0x10661b4d0;
L_0x7fc6b2f0ac90 .cmp/eq 3, v0x7fc6b2c17690_0, L_0x10661b518;
L_0x7fc6b2f0ad90 .cmp/eq 3, v0x7fc6b2c17690_0, L_0x10661b560;
L_0x7fc6b2f0b000 .cmp/eq 3, v0x7fc6b2c17690_0, L_0x10661b5a8;
L_0x7fc6b2f0b150 .cmp/eq 3, v0x7fc6b2c17690_0, L_0x10661b5f0;
L_0x7fc6b2f0b2f0 .cmp/eq 3, v0x7fc6b2c17690_0, L_0x10661b638;
L_0x7fc6b2f0b4d0 .cmp/eq 3, v0x7fc6b2c17690_0, L_0x10661b680;
L_0x7fc6b2f0b680 .concat8 [ 1 1 0 0], L_0x10661b6c8, L_0x7fc6b2f0b4d0;
L_0x7fc6b2f0b230 .cmp/eq 3, v0x7fc6b2c17690_0, L_0x10661b710;
L_0x7fc6b2f0b8c0 .cmp/eq 3, v0x7fc6b2c17690_0, L_0x10661b758;
L_0x7fc6b2f0b9e0 .cmp/eq 3, v0x7fc6b2c17690_0, L_0x10661b7a0;
L_0x7fc6b2f0bc60 .cmp/eq 3, v0x7fc6b2c17690_0, L_0x10661b7e8;
L_0x7fc6b2f0bde0 .cmp/eq 3, v0x7fc6b2c17690_0, L_0x10661b830;
L_0x7fc6b2f0bfc0 .cmp/eq 3, v0x7fc6b2c17690_0, L_0x10661b878;
L_0x7fc6b2f0c100 .cmp/eq 3, v0x7fc6b2c17690_0, L_0x10661b8c0;
L_0x7fc6b2f0c2f0 .concat8 [ 1 1 1 0], L_0x7fc6b2f0c780, L_0x7fc6b2f0bec0, L_0x7fc6b2f0b450;
L_0x7fc6b2f0a8b0 .cmp/eq 3, v0x7fc6b2c17690_0, L_0x10661b908;
L_0x7fc6b2f0c1e0 .cmp/eq 3, v0x7fc6b2c17690_0, L_0x10661b950;
L_0x7fc6b2f0b820 .cmp/eq 3, v0x7fc6b2c17690_0, L_0x10661b998;
L_0x7fc6b2f0c8b0 .cmp/eq 3, v0x7fc6b2c17690_0, L_0x10661b9e0;
L_0x7fc6b2f0c990 .concat8 [ 1 1 0 0], L_0x10661ba28, L_0x7fc6b2f0c8b0;
L_0x7fc6b2f0c690 .cmp/eq 3, v0x7fc6b2c17690_0, L_0x10661ba70;
S_0x7fc6b2c17890 .scope module, "DP" "data_path" 2 138, 2 268 0, S_0x7fc6b2e01250;
 .timescale -9 -9;
    .port_info 0 /OUTPUT 1 "n_is_0";
    .port_info 1 /OUTPUT 8 "result";
    .port_info 2 /INPUT 8 "n_input";
    .port_info 3 /INPUT 1 "IE";
    .port_info 4 /INPUT 1 "WE";
    .port_info 5 /INPUT 2 "WA";
    .port_info 6 /INPUT 1 "RAE";
    .port_info 7 /INPUT 2 "RAA";
    .port_info 8 /INPUT 1 "RBE";
    .port_info 9 /INPUT 2 "RBA";
    .port_info 10 /INPUT 3 "ALU";
    .port_info 11 /INPUT 2 "SH";
    .port_info 12 /INPUT 1 "OE";
    .port_info 13 /INPUT 1 "clock";
P_0x7fc6b2c17a60 .param/l "BLANK" 0 2 285, C4<00000000>;
v0x7fc6b2f06280_0 .net "ALU", 2 0, L_0x7fc6b2f0c2f0;  alias, 1 drivers
v0x7fc6b2f06370_0 .net "IE", 0 0, L_0x7fc6b2f088f0;  alias, 1 drivers
v0x7fc6b2f06440_0 .net "OE", 0 0, L_0x7fc6b2f0c690;  alias, 1 drivers
v0x7fc6b2f06510_0 .net "RAA", 1 0, L_0x7fc6b2f0aad0;  alias, 1 drivers
v0x7fc6b2f065e0_0 .net "RAE", 0 0, L_0x7fc6b2f098b0;  alias, 1 drivers
v0x7fc6b2f066f0_0 .net "RBA", 1 0, L_0x7fc6b2f0b680;  alias, 1 drivers
v0x7fc6b2f067c0_0 .net "RBE", 0 0, L_0x7fc6b2f0ae30;  alias, 1 drivers
v0x7fc6b2f06890_0 .net "SH", 1 0, L_0x7fc6b2f0c990;  alias, 1 drivers
v0x7fc6b2f06960_0 .net "WA", 1 0, L_0x7fc6b2f097d0;  alias, 1 drivers
v0x7fc6b2f06a70_0 .net "WE", 0 0, L_0x7fc6b2f09490;  alias, 1 drivers
L_0x10661bab8 .functor BUFT 1, C4<00000000>, C4<0>, C4<0>, C4<0>;
v0x7fc6b2f06b40_0 .net/2u *"_ivl_0", 7 0, L_0x10661bab8;  1 drivers
v0x7fc6b2f06bd0_0 .net "clock", 0 0, v0x7fc6b2f08150_0;  alias, 1 drivers
v0x7fc6b2f06ca0_0 .net "from_alu", 7 0, v0x7fc6b2f05540_0;  1 drivers
v0x7fc6b2f06d70_0 .net "from_mux", 7 0, v0x7fc6b2c18090_0;  1 drivers
v0x7fc6b2f06e00_0 .net "from_shifter", 7 0, v0x7fc6b2f05c60_0;  1 drivers
v0x7fc6b2f06e90_0 .net "n_input", 7 0, v0x7fc6b2f084b0_0;  alias, 1 drivers
v0x7fc6b2f06f40_0 .net "n_is_0", 0 0, L_0x7fc6b2f0cbf0;  alias, 1 drivers
v0x7fc6b2f070f0_0 .net "result", 7 0, v0x7fc6b2f06190_0;  alias, 1 drivers
v0x7fc6b2f071a0_0 .net "rf_port_A", 7 0, L_0x7fc6b2f0cfa0;  1 drivers
v0x7fc6b2f07230_0 .net "rf_port_B", 7 0, L_0x7fc6b2f0d3e0;  1 drivers
v0x7fc6b2f07300_0 .var "to_register_file", 7 0;
E_0x7fc6b2c17c60 .event edge, v0x7fc6b2c18090_0;
L_0x7fc6b2f0cbf0 .cmp/eq 8, v0x7fc6b2c18090_0, L_0x10661bab8;
S_0x7fc6b2c17ca0 .scope module, "comp1" "c1_mux" 2 315, 2 397 0, S_0x7fc6b2c17890;
 .timescale -9 -9;
    .port_info 0 /OUTPUT 8 "from_mux";
    .port_info 1 /INPUT 8 "new_data";
    .port_info 2 /INPUT 8 "feedback";
    .port_info 3 /INPUT 1 "IE";
v0x7fc6b2c17f30_0 .net "IE", 0 0, L_0x7fc6b2f088f0;  alias, 1 drivers
v0x7fc6b2c17ff0_0 .net "feedback", 7 0, v0x7fc6b2f05c60_0;  alias, 1 drivers
v0x7fc6b2c18090_0 .var "from_mux", 7 0;
v0x7fc6b2c18150_0 .net "new_data", 7 0, v0x7fc6b2f084b0_0;  alias, 1 drivers
E_0x7fc6b2c17ed0 .event edge, v0x7fc6b2c13290_0, v0x7fc6b2c18150_0, v0x7fc6b2c17ff0_0;
S_0x7fc6b2c18260 .scope module, "comp2" "c2_register_file" 2 322, 2 411 0, S_0x7fc6b2c17890;
 .timescale -9 -9;
    .port_info 0 /OUTPUT 8 "port_A";
    .port_info 1 /OUTPUT 8 "port_B";
    .port_info 2 /INPUT 8 "from_mux";
    .port_info 3 /INPUT 1 "WE";
    .port_info 4 /INPUT 2 "WA";
    .port_info 5 /INPUT 1 "RAE";
    .port_info 6 /INPUT 2 "RAA";
    .port_info 7 /INPUT 1 "RBE";
    .port_info 8 /INPUT 2 "RBA";
    .port_info 9 /INPUT 1 "clock";
P_0x7fc6b2c18430 .param/l "BLANK" 0 2 424, C4<00000000>;
L_0x10661bb00 .functor BUFT 1, C4<1>, C4<0>, C4<0>, C4<0>;
L_0x7fc6b2f0cd10 .functor XNOR 1, L_0x7fc6b2f098b0, L_0x10661bb00, C4<0>, C4<0>;
L_0x10661bbd8 .functor BUFT 1, C4<1>, C4<0>, C4<0>, C4<0>;
L_0x7fc6b2f0d120 .functor XNOR 1, L_0x7fc6b2f0ae30, L_0x10661bbd8, C4<0>, C4<0>;
v0x7fc6b2c185f0_0 .net "RAA", 1 0, L_0x7fc6b2f0aad0;  alias, 1 drivers
v0x7fc6b2c186a0_0 .net "RAE", 0 0, L_0x7fc6b2f098b0;  alias, 1 drivers
v0x7fc6b2c18750_0 .net "RBA", 1 0, L_0x7fc6b2f0b680;  alias, 1 drivers
v0x7fc6b2c18820_0 .net "RBE", 0 0, L_0x7fc6b2f0ae30;  alias, 1 drivers
v0x7fc6b2c188d0_0 .net "WA", 1 0, L_0x7fc6b2f097d0;  alias, 1 drivers
v0x7fc6b2c189a0_0 .net "WE", 0 0, L_0x7fc6b2f09490;  alias, 1 drivers
v0x7fc6b2c18a50_0 .net/2u *"_ivl_0", 0 0, L_0x10661bb00;  1 drivers
L_0x10661bb90 .functor BUFT 1, C4<00000000>, C4<0>, C4<0>, C4<0>;
v0x7fc6b2f03f40_0 .net/2u *"_ivl_10", 7 0, L_0x10661bb90;  1 drivers
v0x7fc6b2f040e0_0 .net/2u *"_ivl_14", 0 0, L_0x10661bbd8;  1 drivers
v0x7fc6b2f041f0_0 .net *"_ivl_16", 0 0, L_0x7fc6b2f0d120;  1 drivers
v0x7fc6b2f04280_0 .net *"_ivl_18", 7 0, L_0x7fc6b2f0d1d0;  1 drivers
v0x7fc6b2f04310_0 .net *"_ivl_2", 0 0, L_0x7fc6b2f0cd10;  1 drivers
v0x7fc6b2f043a0_0 .net *"_ivl_20", 3 0, L_0x7fc6b2f0d270;  1 drivers
L_0x10661bc20 .functor BUFT 1, C4<00>, C4<0>, C4<0>, C4<0>;
v0x7fc6b2f04430_0 .net *"_ivl_23", 1 0, L_0x10661bc20;  1 drivers
L_0x10661bc68 .functor BUFT 1, C4<00000000>, C4<0>, C4<0>, C4<0>;
v0x7fc6b2f044c0_0 .net/2u *"_ivl_24", 7 0, L_0x10661bc68;  1 drivers
v0x7fc6b2f04550_0 .net *"_ivl_4", 7 0, L_0x7fc6b2f0cdc0;  1 drivers
v0x7fc6b2f045e0_0 .net *"_ivl_6", 3 0, L_0x7fc6b2f0ce60;  1 drivers
L_0x10661bb48 .functor BUFT 1, C4<00>, C4<0>, C4<0>, C4<0>;
v0x7fc6b2f04770_0 .net *"_ivl_9", 1 0, L_0x10661bb48;  1 drivers
v0x7fc6b2f04800_0 .net "clock", 0 0, v0x7fc6b2f08150_0;  alias, 1 drivers
v0x7fc6b2f04890_0 .net "from_mux", 7 0, v0x7fc6b2f07300_0;  1 drivers
v0x7fc6b2f04930 .array "internal", 3 0, 7 0;
v0x7fc6b2f049d0_0 .net "port_A", 7 0, L_0x7fc6b2f0cfa0;  alias, 1 drivers
v0x7fc6b2f04a80_0 .net "port_B", 7 0, L_0x7fc6b2f0d3e0;  alias, 1 drivers
L_0x7fc6b2f0cdc0 .array/port v0x7fc6b2f04930, L_0x7fc6b2f0ce60;
L_0x7fc6b2f0ce60 .concat [ 2 2 0 0], L_0x7fc6b2f0aad0, L_0x10661bb48;
L_0x7fc6b2f0cfa0 .functor MUXZ 8, L_0x10661bb90, L_0x7fc6b2f0cdc0, L_0x7fc6b2f0cd10, C4<>;
L_0x7fc6b2f0d1d0 .array/port v0x7fc6b2f04930, L_0x7fc6b2f0d270;
L_0x7fc6b2f0d270 .concat [ 2 2 0 0], L_0x7fc6b2f0b680, L_0x10661bc20;
L_0x7fc6b2f0d3e0 .functor MUXZ 8, L_0x10661bc68, L_0x7fc6b2f0d1d0, L_0x7fc6b2f0d120, C4<>;
S_0x7fc6b2f04c20 .scope module, "comp3" "c3_alu" 2 335, 2 442 0, S_0x7fc6b2c17890;
 .timescale -9 -9;
    .port_info 0 /OUTPUT 8 "from_alu";
    .port_info 1 /INPUT 8 "A_bus";
    .port_info 2 /INPUT 8 "B_bus";
    .port_info 3 /INPUT 3 "ALU";
P_0x7fc6b2f04e00 .param/l "A_add_B" 0 2 453, C4<100>;
P_0x7fc6b2f04e40 .param/l "A_and_B" 0 2 450, C4<001>;
P_0x7fc6b2f04e80 .param/l "A_or_B" 0 2 451, C4<010>;
P_0x7fc6b2f04ec0 .param/l "A_sub_B" 0 2 454, C4<101>;
P_0x7fc6b2f04f00 .param/l "dec_A" 0 2 456, C4<111>;
P_0x7fc6b2f04f40 .param/l "inc_A" 0 2 455, C4<110>;
P_0x7fc6b2f04f80 .param/l "not_A" 0 2 452, C4<011>;
P_0x7fc6b2f04fc0 .param/l "pass_A" 0 2 449, C4<000>;
v0x7fc6b2f052e0_0 .net "ALU", 2 0, L_0x7fc6b2f0c2f0;  alias, 1 drivers
v0x7fc6b2f053b0_0 .net "A_bus", 7 0, L_0x7fc6b2f0cfa0;  alias, 1 drivers
v0x7fc6b2f05470_0 .net "B_bus", 7 0, L_0x7fc6b2f0d3e0;  alias, 1 drivers
v0x7fc6b2f05540_0 .var "from_alu", 7 0;
E_0x7fc6b2f05290 .event edge, v0x7fc6b2e01c20_0, v0x7fc6b2f049d0_0, v0x7fc6b2f04a80_0;
S_0x7fc6b2f05630 .scope module, "comp4" "c4_shifter" 2 342, 2 474 0, S_0x7fc6b2c17890;
 .timescale -9 -9;
    .port_info 0 /OUTPUT 8 "from_shifter";
    .port_info 1 /INPUT 8 "from_alu";
    .port_info 2 /INPUT 2 "SH";
P_0x7fc6b2f057f0 .param/l "LEFT" 0 2 481, C4<01>;
P_0x7fc6b2f05830 .param/l "PASS" 0 2 480, C4<00>;
P_0x7fc6b2f05870 .param/l "RIGHT" 0 2 482, C4<10>;
P_0x7fc6b2f058b0 .param/l "ROTATE" 0 2 483, C4<11>;
v0x7fc6b2f05ad0_0 .net "SH", 1 0, L_0x7fc6b2f0c990;  alias, 1 drivers
v0x7fc6b2f05ba0_0 .net "from_alu", 7 0, v0x7fc6b2f05540_0;  alias, 1 drivers
v0x7fc6b2f05c60_0 .var "from_shifter", 7 0;
E_0x7fc6b2f05a90 .event edge, v0x7fc6b2c136a0_0, v0x7fc6b2f05540_0;
S_0x7fc6b2f05d70 .scope module, "comp5" "c5_triBuff" 2 349, 2 497 0, S_0x7fc6b2c17890;
 .timescale -9 -9;
    .port_info 0 /OUTPUT 8 "result";
    .port_info 1 /INPUT 8 "from_shifter";
    .port_info 2 /INPUT 1 "OE";
v0x7fc6b2f05ff0_0 .net "OE", 0 0, L_0x7fc6b2f0c690;  alias, 1 drivers
v0x7fc6b2f060b0_0 .net "from_shifter", 7 0, v0x7fc6b2f05c60_0;  alias, 1 drivers
v0x7fc6b2f06190_0 .var "result", 7 0;
E_0x7fc6b2f05fc0 .event edge, v0x7fc6b2c13340_0, v0x7fc6b2c17ff0_0;
    .scope S_0x7fc6b2e01450;
T_0 ;
    %pushi/vec4 0, 0, 3;
    %assign/vec4 v0x7fc6b2c17690_0, 0;
    %pushi/vec4 0, 0, 3;
    %assign/vec4 v0x7fc6b2c174a0_0, 0;
    %end;
    .thread T_0;
    .scope S_0x7fc6b2e01450;
T_1 ;
    %wait E_0x7fc6b2e01be0;
    %load/vec4 v0x7fc6b2c17550_0;
    %cmpi/e 1, 0, 1;
    %jmp/0xz  T_1.0, 4;
    %pushi/vec4 0, 0, 3;
    %assign/vec4 v0x7fc6b2c17690_0, 0;
    %pushi/vec4 0, 0, 3;
    %assign/vec4 v0x7fc6b2c174a0_0, 0;
    %jmp T_1.1;
T_1.0 ;
    %load/vec4 v0x7fc6b2c17690_0;
    %dup/vec4;
    %pushi/vec4 0, 0, 3;
    %cmp/u;
    %jmp/1 T_1.2, 6;
    %dup/vec4;
    %pushi/vec4 1, 0, 3;
    %cmp/u;
    %jmp/1 T_1.3, 6;
    %dup/vec4;
    %pushi/vec4 2, 0, 3;
    %cmp/u;
    %jmp/1 T_1.4, 6;
    %dup/vec4;
    %pushi/vec4 3, 0, 3;
    %cmp/u;
    %jmp/1 T_1.5, 6;
    %dup/vec4;
    %pushi/vec4 4, 0, 3;
    %cmp/u;
    %jmp/1 T_1.6, 6;
    %dup/vec4;
    %pushi/vec4 5, 0, 3;
    %cmp/u;
    %jmp/1 T_1.7, 6;
    %dup/vec4;
    %pushi/vec4 6, 0, 3;
    %cmp/u;
    %jmp/1 T_1.8, 6;
    %dup/vec4;
    %pushi/vec4 7, 0, 3;
    %cmp/u;
    %jmp/1 T_1.9, 6;
    %jmp T_1.10;
T_1.2 ;
    %load/vec4 v0x7fc6b2c175f0_0;
    %cmpi/e 1, 0, 1;
    %flag_mov 8, 4;
    %jmp/0 T_1.11, 8;
    %pushi/vec4 1, 0, 3;
    %jmp/1 T_1.12, 8;
T_1.11 ; End of true expr.
    %pushi/vec4 0, 0, 3;
    %jmp/0 T_1.12, 8;
 ; End of false expr.
    %blend;
T_1.12;
    %assign/vec4 v0x7fc6b2c174a0_0, 0;
    %jmp T_1.10;
T_1.3 ;
    %pushi/vec4 2, 0, 3;
    %assign/vec4 v0x7fc6b2c174a0_0, 0;
    %jmp T_1.10;
T_1.4 ;
    %load/vec4 v0x7fc6b2c17400_0;
    %cmpi/e 1, 0, 1;
    %flag_mov 8, 4;
    %jmp/0 T_1.13, 8;
    %pushi/vec4 7, 0, 3;
    %jmp/1 T_1.14, 8;
T_1.13 ; End of true expr.
    %pushi/vec4 3, 0, 3;
    %jmp/0 T_1.14, 8;
 ; End of false expr.
    %blend;
T_1.14;
    %assign/vec4 v0x7fc6b2c174a0_0, 0;
    %jmp T_1.10;
T_1.5 ;
    %load/vec4 v0x7fc6b2c17400_0;
    %cmpi/e 1, 0, 1;
    %flag_mov 8, 4;
    %jmp/0 T_1.15, 8;
    %pushi/vec4 6, 0, 3;
    %jmp/1 T_1.16, 8;
T_1.15 ; End of true expr.
    %pushi/vec4 4, 0, 3;
    %jmp/0 T_1.16, 8;
 ; End of false expr.
    %blend;
T_1.16;
    %assign/vec4 v0x7fc6b2c174a0_0, 0;
    %jmp T_1.10;
T_1.6 ;
    %pushi/vec4 6, 0, 3;
    %assign/vec4 v0x7fc6b2c174a0_0, 0;
    %jmp T_1.10;
T_1.7 ;
    %pushi/vec4 6, 0, 3;
    %assign/vec4 v0x7fc6b2c174a0_0, 0;
    %jmp T_1.10;
T_1.8 ;
    %load/vec4 v0x7fc6b2c17400_0;
    %cmpi/e 1, 0, 1;
    %flag_mov 8, 4;
    %jmp/0 T_1.17, 8;
    %pushi/vec4 7, 0, 3;
    %jmp/1 T_1.18, 8;
T_1.17 ; End of true expr.
    %pushi/vec4 5, 0, 3;
    %jmp/0 T_1.18, 8;
 ; End of false expr.
    %blend;
T_1.18;
    %assign/vec4 v0x7fc6b2c174a0_0, 0;
    %jmp T_1.10;
T_1.9 ;
    %load/vec4 v0x7fc6b2c17550_0;
    %cmpi/e 1, 0, 1;
    %flag_mov 8, 4;
    %jmp/0 T_1.19, 8;
    %pushi/vec4 0, 0, 3;
    %jmp/1 T_1.20, 8;
T_1.19 ; End of true expr.
    %pushi/vec4 7, 0, 3;
    %jmp/0 T_1.20, 8;
 ; End of false expr.
    %blend;
T_1.20;
    %assign/vec4 v0x7fc6b2c174a0_0, 0;
    %jmp T_1.10;
T_1.10 ;
    %pop/vec4 1;
    %load/vec4 v0x7fc6b2c174a0_0;
    %assign/vec4 v0x7fc6b2c17690_0, 0;
T_1.1 ;
    %jmp T_1;
    .thread T_1;
    .scope S_0x7fc6b2c17ca0;
T_2 ;
    %wait E_0x7fc6b2c17ed0;
    %load/vec4 v0x7fc6b2c17f30_0;
    %cmpi/e 1, 0, 1;
    %flag_mov 8, 4;
    %jmp/0 T_2.0, 8;
    %load/vec4 v0x7fc6b2c18150_0;
    %jmp/1 T_2.1, 8;
T_2.0 ; End of true expr.
    %load/vec4 v0x7fc6b2c17ff0_0;
    %jmp/0 T_2.1, 8;
 ; End of false expr.
    %blend;
T_2.1;
    %store/vec4 v0x7fc6b2c18090_0, 0, 8;
    %jmp T_2;
    .thread T_2, $push;
    .scope S_0x7fc6b2c18260;
T_3 ;
    %wait E_0x7fc6b2e01be0;
    %load/vec4 v0x7fc6b2c189a0_0;
    %cmpi/e 1, 0, 1;
    %jmp/0xz  T_3.0, 4;
    %load/vec4 v0x7fc6b2f04890_0;
    %load/vec4 v0x7fc6b2c188d0_0;
    %pad/u 4;
    %ix/vec4 3;
    %ix/load 4, 0, 0; Constant delay
    %assign/vec4/a/d v0x7fc6b2f04930, 0, 4;
T_3.0 ;
    %jmp T_3;
    .thread T_3;
    .scope S_0x7fc6b2f04c20;
T_4 ;
    %wait E_0x7fc6b2f05290;
    %load/vec4 v0x7fc6b2f052e0_0;
    %dup/vec4;
    %pushi/vec4 0, 0, 3;
    %cmp/u;
    %jmp/1 T_4.0, 6;
    %dup/vec4;
    %pushi/vec4 1, 0, 3;
    %cmp/u;
    %jmp/1 T_4.1, 6;
    %dup/vec4;
    %pushi/vec4 2, 0, 3;
    %cmp/u;
    %jmp/1 T_4.2, 6;
    %dup/vec4;
    %pushi/vec4 3, 0, 3;
    %cmp/u;
    %jmp/1 T_4.3, 6;
    %dup/vec4;
    %pushi/vec4 4, 0, 3;
    %cmp/u;
    %jmp/1 T_4.4, 6;
    %dup/vec4;
    %pushi/vec4 5, 0, 3;
    %cmp/u;
    %jmp/1 T_4.5, 6;
    %dup/vec4;
    %pushi/vec4 6, 0, 3;
    %cmp/u;
    %jmp/1 T_4.6, 6;
    %dup/vec4;
    %pushi/vec4 7, 0, 3;
    %cmp/u;
    %jmp/1 T_4.7, 6;
    %jmp T_4.8;
T_4.0 ;
    %load/vec4 v0x7fc6b2f053b0_0;
    %store/vec4 v0x7fc6b2f05540_0, 0, 8;
    %jmp T_4.8;
T_4.1 ;
    %load/vec4 v0x7fc6b2f053b0_0;
    %load/vec4 v0x7fc6b2f05470_0;
    %and;
    %store/vec4 v0x7fc6b2f05540_0, 0, 8;
    %jmp T_4.8;
T_4.2 ;
    %load/vec4 v0x7fc6b2f053b0_0;
    %load/vec4 v0x7fc6b2f05470_0;
    %or;
    %store/vec4 v0x7fc6b2f05540_0, 0, 8;
    %jmp T_4.8;
T_4.3 ;
    %load/vec4 v0x7fc6b2f053b0_0;
    %inv;
    %store/vec4 v0x7fc6b2f05540_0, 0, 8;
    %jmp T_4.8;
T_4.4 ;
    %load/vec4 v0x7fc6b2f053b0_0;
    %load/vec4 v0x7fc6b2f05470_0;
    %add;
    %store/vec4 v0x7fc6b2f05540_0, 0, 8;
    %jmp T_4.8;
T_4.5 ;
    %load/vec4 v0x7fc6b2f053b0_0;
    %load/vec4 v0x7fc6b2f05470_0;
    %sub;
    %store/vec4 v0x7fc6b2f05540_0, 0, 8;
    %jmp T_4.8;
T_4.6 ;
    %load/vec4 v0x7fc6b2f053b0_0;
    %addi 1, 0, 8;
    %store/vec4 v0x7fc6b2f05540_0, 0, 8;
    %jmp T_4.8;
T_4.7 ;
    %load/vec4 v0x7fc6b2f053b0_0;
    %subi 1, 0, 8;
    %store/vec4 v0x7fc6b2f05540_0, 0, 8;
    %jmp T_4.8;
T_4.8 ;
    %pop/vec4 1;
    %jmp T_4;
    .thread T_4, $push;
    .scope S_0x7fc6b2f05630;
T_5 ;
    %wait E_0x7fc6b2f05a90;
    %load/vec4 v0x7fc6b2f05ad0_0;
    %dup/vec4;
    %pushi/vec4 0, 0, 2;
    %cmp/u;
    %jmp/1 T_5.0, 6;
    %dup/vec4;
    %pushi/vec4 1, 0, 2;
    %cmp/u;
    %jmp/1 T_5.1, 6;
    %dup/vec4;
    %pushi/vec4 2, 0, 2;
    %cmp/u;
    %jmp/1 T_5.2, 6;
    %dup/vec4;
    %pushi/vec4 3, 0, 2;
    %cmp/u;
    %jmp/1 T_5.3, 6;
    %jmp T_5.4;
T_5.0 ;
    %load/vec4 v0x7fc6b2f05ba0_0;
    %store/vec4 v0x7fc6b2f05c60_0, 0, 8;
    %jmp T_5.4;
T_5.1 ;
    %load/vec4 v0x7fc6b2f05ba0_0;
    %ix/load 4, 1, 0;
    %flag_set/imm 4, 0;
    %shiftl 4;
    %store/vec4 v0x7fc6b2f05c60_0, 0, 8;
    %jmp T_5.4;
T_5.2 ;
    %load/vec4 v0x7fc6b2f05ba0_0;
    %ix/load 4, 1, 0;
    %flag_set/imm 4, 0;
    %shiftr 4;
    %store/vec4 v0x7fc6b2f05c60_0, 0, 8;
    %jmp T_5.4;
T_5.3 ;
    %load/vec4 v0x7fc6b2f05ba0_0;
    %parti/s 7, 0, 2;
    %load/vec4 v0x7fc6b2f05ba0_0;
    %parti/s 1, 7, 4;
    %concat/vec4; draw_concat_vec4
    %store/vec4 v0x7fc6b2f05c60_0, 0, 8;
    %jmp T_5.4;
T_5.4 ;
    %pop/vec4 1;
    %jmp T_5;
    .thread T_5, $push;
    .scope S_0x7fc6b2f05d70;
T_6 ;
    %wait E_0x7fc6b2f05fc0;
    %load/vec4 v0x7fc6b2f05ff0_0;
    %cmpi/e 1, 0, 1;
    %flag_mov 8, 4;
    %jmp/0 T_6.0, 8;
    %load/vec4 v0x7fc6b2f060b0_0;
    %jmp/1 T_6.1, 8;
T_6.0 ; End of true expr.
    %pushi/vec4 0, 255, 8;
    %jmp/0 T_6.1, 8;
 ; End of false expr.
    %blend;
T_6.1;
    %store/vec4 v0x7fc6b2f06190_0, 0, 8;
    %jmp T_6;
    .thread T_6, $push;
    .scope S_0x7fc6b2c17890;
T_7 ;
    %pushi/vec4 0, 0, 8;
    %assign/vec4 v0x7fc6b2f07300_0, 0;
    %end;
    .thread T_7;
    .scope S_0x7fc6b2c17890;
T_8 ;
    %wait E_0x7fc6b2c17c60;
    %load/vec4 v0x7fc6b2f06d70_0;
    %assign/vec4 v0x7fc6b2f07300_0, 0;
    %jmp T_8;
    .thread T_8, $push;
    .scope S_0x7fc6b2e010e0;
T_9 ;
    %delay 5, 0;
    %load/vec4 v0x7fc6b2f08150_0;
    %inv;
    %store/vec4 v0x7fc6b2f08150_0, 0, 1;
    %jmp T_9;
    .thread T_9;
    .scope S_0x7fc6b2e010e0;
T_10 ;
    %vpi_call 2 52 "$write", "\012 testing the  GPD, k = log2(N) round UP algorithim  ,  N [ %3d : %3d ]\012\012", 32'sb00000000000000000000000000000001, 32'sb00000000000000000000000010000000 {0 0 0};
    %vpi_call 2 54 "$write", "        input       |       result      \012" {0 0 0};
    %pushi/vec4 0, 0, 1;
    %store/vec4 v0x7fc6b2f08150_0, 0, 1;
    %pushi/vec4 0, 0, 32;
    %store/vec4 v0x7fc6b2f083c0_0, 0, 32;
    %pushi/vec4 9, 0, 32;
    %store/vec4 v0x7fc6b2f08320_0, 0, 32;
    %pushi/vec4 0, 0, 1;
    %store/vec4 v0x7fc6b2f086b0_0, 0, 1;
    %pushi/vec4 1, 0, 1;
    %store/vec4 v0x7fc6b2f08550_0, 0, 1;
    %delay 10, 0;
    %pushi/vec4 1, 0, 1;
    %store/vec4 v0x7fc6b2f086b0_0, 0, 1;
    %pushi/vec4 1, 0, 32;
    %store/vec4 v0x7fc6b2f08290_0, 0, 32;
T_10.0 ;
    %load/vec4 v0x7fc6b2f08290_0;
    %cmpi/s 128, 0, 32;
    %flag_or 5, 4;
    %jmp/0xz T_10.1, 5;
    %pushi/vec4 0, 0, 1;
    %store/vec4 v0x7fc6b2f08550_0, 0, 1;
    %load/vec4 v0x7fc6b2f08290_0;
    %pad/s 8;
    %store/vec4 v0x7fc6b2f084b0_0, 0, 8;
T_10.2 ;
    %load/vec4 v0x7fc6b2f081f0_0;
    %cmpi/ne 1, 0, 1;
    %jmp/0xz T_10.3, 4;
    %delay 10, 0;
    %jmp T_10.2;
T_10.3 ;
    %load/vec4 v0x7fc6b2f08620_0;
    %pad/u 32;
    %store/vec4 v0x7fc6b2f083c0_0, 0, 32;
    %load/vec4 v0x7fc6b2f083c0_0;
    %load/vec4 v0x7fc6b2f08320_0;
    %cmp/ne;
    %jmp/0xz  T_10.4, 4;
    %vpi_call 2 77 "$write", " ---------------------------------------\012" {0 0 0};
    %load/vec4 v0x7fc6b2f083c0_0;
    %store/vec4 v0x7fc6b2f08320_0, 0, 32;
T_10.4 ;
    %vpi_call 2 80 "$write", "  {%3d}  %4b_%4b  |  %4b_%4b  {%3d}    %6t ns\012", v0x7fc6b2f084b0_0, &PV<v0x7fc6b2f084b0_0, 4, 4>, &PV<v0x7fc6b2f084b0_0, 0, 4>, &PV<v0x7fc6b2f08620_0, 4, 4>, &PV<v0x7fc6b2f08620_0, 0, 4>, v0x7fc6b2f08620_0, $time {0 0 0};
    %pushi/vec4 1, 0, 1;
    %store/vec4 v0x7fc6b2f08550_0, 0, 1;
    %delay 10, 0;
    %load/vec4 v0x7fc6b2f08290_0;
    %addi 1, 0, 32;
    %store/vec4 v0x7fc6b2f08290_0, 0, 32;
    %jmp T_10.0;
T_10.1 ;
    %delay 3, 0;
    %vpi_call 2 92 "$write", "\012\012\011\011 ~ ~ ~ TEST COMPLETE ~ ~ ~  %7t  ns\012\012", $time {0 0 0};
    %vpi_call 2 93 "$finish" {0 0 0};
    %end;
    .thread T_10;
# The file index is used to find the file name in the following table.
:file_names 3;
    "N/A";
    "<interactive>";
    "log2.v";
