#! /usr/local/Cellar/icarus-verilog/11.0/bin/vvp
:ivl_version "11.0 (stable)";
:ivl_delay_selection "TYPICAL";
:vpi_time_precision - 9;
:vpi_module "/usr/local/Cellar/icarus-verilog/11.0/lib/ivl/system.vpi";
:vpi_module "/usr/local/Cellar/icarus-verilog/11.0/lib/ivl/vhdl_sys.vpi";
:vpi_module "/usr/local/Cellar/icarus-verilog/11.0/lib/ivl/vhdl_textio.vpi";
:vpi_module "/usr/local/Cellar/icarus-verilog/11.0/lib/ivl/v2005_math.vpi";
:vpi_module "/usr/local/Cellar/icarus-verilog/11.0/lib/ivl/va_math.vpi";
S_0x7f90fac04780 .scope module, "mux21_8_tb" "mux21_8_tb" 2 9;
 .timescale -9 -9;
v0x7f90fac21740_0 .var/i "ii", 31 0;
v0x7f90fac21800_0 .var "inData", 7 0;
v0x7f90fac218a0_0 .var "inShifter", 7 0;
v0x7f90fac21970_0 .var/i "jj", 31 0;
v0x7f90fac21a00_0 .net "outRF", 7 0, v0x7f90fac21630_0;  1 drivers
v0x7f90fac21ae0_0 .var/i "seed", 31 0;
v0x7f90fac21b80_0 .var "select", 0 0;
S_0x7f90fac048f0 .scope module, "DUT" "mux21_8" 2 18, 3 11 0, S_0x7f90fac04780;
 .timescale -9 -9;
    .port_info 0 /OUTPUT 8 "to_register_file";
    .port_info 1 /INPUT 8 "from_shifter";
    .port_info 2 /INPUT 8 "input_data";
    .port_info 3 /INPUT 1 "mux_selector";
v0x7f90fac06c60_0 .net "from_shifter", 7 0, v0x7f90fac218a0_0;  1 drivers
v0x7f90fac214d0_0 .net "input_data", 7 0, v0x7f90fac21800_0;  1 drivers
v0x7f90fac21580_0 .net "mux_selector", 0 0, v0x7f90fac21b80_0;  1 drivers
v0x7f90fac21630_0 .var "to_register_file", 7 0;
E_0x7f90fac08440 .event edge, v0x7f90fac21580_0, v0x7f90fac06c60_0, v0x7f90fac214d0_0, v0x7f90fac21630_0;
    .scope S_0x7f90fac048f0;
T_0 ;
    %wait E_0x7f90fac08440;
    %load/vec4 v0x7f90fac21580_0;
    %cmpi/e 0, 0, 1;
    %flag_mov 8, 4;
    %jmp/0 T_0.0, 8;
    %load/vec4 v0x7f90fac06c60_0;
    %jmp/1 T_0.1, 8;
T_0.0 ; End of true expr.
    %load/vec4 v0x7f90fac214d0_0;
    %jmp/0 T_0.1, 8;
 ; End of false expr.
    %blend;
T_0.1;
    %store/vec4 v0x7f90fac21630_0, 0, 8;
    %vpi_call 3 23 "$write", "\012 **********************************************\012" {0 0 0};
    %vpi_call 3 24 "$write", " mux21_8:  mux_selector = %1b\012", v0x7f90fac21580_0 {0 0 0};
    %vpi_call 3 26 "$write", "            from_shifter =  %4b_%4b\012", &PV<v0x7f90fac06c60_0, 4, 4>, &PV<v0x7f90fac06c60_0, 0, 4> {0 0 0};
    %vpi_call 3 28 "$write", "              input_data =  %4b_%4b\012", &PV<v0x7f90fac214d0_0, 4, 4>, &PV<v0x7f90fac214d0_0, 0, 4> {0 0 0};
    %vpi_call 3 31 "$write", "      to_register_file   =  %4b_%4b\012", &PV<v0x7f90fac21630_0, 4, 4>, &PV<v0x7f90fac21630_0, 0, 4> {0 0 0};
    %vpi_call 3 33 "$write", " **********************************************\012" {0 0 0};
    %jmp T_0;
    .thread T_0, $push;
    .scope S_0x7f90fac04780;
T_1 ;
    %vpi_call 2 27 "$dumpfile", "wave.vcd" {0 0 0};
    %vpi_call 2 28 "$dumpvars", 32'sb00000000000000000000000000000000, S_0x7f90fac04780 {0 0 0};
    %pushi/vec4 999, 0, 32;
    %store/vec4 v0x7f90fac21ae0_0, 0, 32;
    %vpi_call 2 31 "$write", "\012test 2-to-1 MUX, 8-bit bus\012\012" {0 0 0};
    %pushi/vec4 0, 0, 32;
    %store/vec4 v0x7f90fac21740_0, 0, 32;
T_1.0 ;
    %load/vec4 v0x7f90fac21740_0;
    %cmpi/s 3, 0, 32;
    %jmp/0xz T_1.1, 5;
    %vpi_func 2 34 "$random" 32, v0x7f90fac21ae0_0 {0 0 0};
    %pushi/vec4 2, 0, 32;
    %mod/s;
    %pad/s 1;
    %store/vec4 v0x7f90fac21b80_0, 0, 1;
    %pushi/vec4 0, 0, 32;
    %store/vec4 v0x7f90fac21970_0, 0, 32;
T_1.2 ;
    %load/vec4 v0x7f90fac21970_0;
    %cmpi/s 8, 0, 32;
    %jmp/0xz T_1.3, 5;
    %vpi_func 2 36 "$random" 32, v0x7f90fac21ae0_0 {0 0 0};
    %pushi/vec4 2, 0, 32;
    %mod/s;
    %pad/s 1;
    %ix/getv/s 4, v0x7f90fac21970_0;
    %store/vec4 v0x7f90fac218a0_0, 4, 1;
    %vpi_func 2 37 "$random" 32, v0x7f90fac21ae0_0 {0 0 0};
    %pushi/vec4 2, 0, 32;
    %mod/s;
    %pad/s 1;
    %ix/getv/s 4, v0x7f90fac21970_0;
    %store/vec4 v0x7f90fac21800_0, 4, 1;
    %load/vec4 v0x7f90fac21970_0;
    %addi 1, 0, 32;
    %store/vec4 v0x7f90fac21970_0, 0, 32;
    %jmp T_1.2;
T_1.3 ;
    %delay 10, 0;
    %vpi_call 2 42 "$write", " selector:  %1b\012", v0x7f90fac21b80_0 {0 0 0};
    %vpi_call 2 43 "$write", "     inp[0]:  %4b_%4b\012", &PV<v0x7f90fac218a0_0, 4, 4>, &PV<v0x7f90fac218a0_0, 0, 4> {0 0 0};
    %vpi_call 2 45 "$write", "     inp[1]:  %4b_%4b\012", &PV<v0x7f90fac21800_0, 4, 4>, &PV<v0x7f90fac21800_0, 0, 4> {0 0 0};
    %vpi_call 2 47 "$write", "       outp:  %4b_%4b\012\012", &PV<v0x7f90fac21a00_0, 4, 4>, &PV<v0x7f90fac21a00_0, 0, 4> {0 0 0};
    %load/vec4 v0x7f90fac21740_0;
    %addi 1, 0, 32;
    %store/vec4 v0x7f90fac21740_0, 0, 32;
    %jmp T_1.0;
T_1.1 ;
    %delay 10, 0;
    %vpi_call 2 53 "$write", "\012\012\011\011 ~ ~ ~ TEST COMPLETE ~ ~ ~\012\012" {0 0 0};
    %vpi_call 2 54 "$finish" {0 0 0};
    %end;
    .thread T_1;
# The file index is used to find the file name in the following table.
:file_names 4;
    "N/A";
    "<interactive>";
    "mux21_8_tb.v";
    "./mux21_8.v";
