#! /usr/local/Cellar/icarus-verilog/11.0/bin/vvp
:ivl_version "11.0 (stable)";
:ivl_delay_selection "TYPICAL";
:vpi_time_precision - 9;
:vpi_module "/usr/local/Cellar/icarus-verilog/11.0/lib/ivl/system.vpi";
:vpi_module "/usr/local/Cellar/icarus-verilog/11.0/lib/ivl/vhdl_sys.vpi";
:vpi_module "/usr/local/Cellar/icarus-verilog/11.0/lib/ivl/vhdl_textio.vpi";
:vpi_module "/usr/local/Cellar/icarus-verilog/11.0/lib/ivl/v2005_math.vpi";
:vpi_module "/usr/local/Cellar/icarus-verilog/11.0/lib/ivl/va_math.vpi";
S_0x7fe441002260 .scope module, "tb" "tb" 2 13;
 .timescale -9 -9;
v0x7fe441013a40_0 .var "clock", 0 0;
v0x7fe441013b00_0 .var "feed", 63 0;
v0x7fe441013ba0_0 .var/i "idx", 31 0;
v0x7fe441013c60_0 .var/i "idxx", 31 0;
v0x7fe441013d10_0 .var "in_bit", 0 0;
v0x7fe441013de0_0 .var/i "onez", 31 0;
v0x7fe441013e80_0 .var "par", 0 0;
v0x7fe441013f20_0 .net "result", 0 0, v0x7fe441012ce0_0;  1 drivers
v0x7fe441013fd0_0 .var "start", 0 0;
S_0x7fe4410023d0 .scope module, "DUT" "parity" 2 26, 2 121 0, S_0x7fe441002260;
 .timescale -9 -9;
    .port_info 0 /OUTPUT 1 "result";
    .port_info 1 /INPUT 1 "start";
    .port_info 2 /INPUT 1 "in_bit";
    .port_info 3 /INPUT 1 "clock";
P_0x7fe441002540 .param/l "BEGIN" 0 2 128, C4<00>;
P_0x7fe441002580 .param/l "EVEN" 0 2 130, C4<10>;
P_0x7fe4410025c0 .param/l "ODD" 0 2 129, C4<01>;
v0x7fe441012a20_0 .net "clock", 0 0, v0x7fe441013a40_0;  1 drivers
v0x7fe441012ad0_0 .var/i "id", 31 0;
v0x7fe441012b80_0 .net "in_bit", 0 0, v0x7fe441013d10_0;  1 drivers
v0x7fe441012c30_0 .var "n_state", 1 0;
v0x7fe441012ce0_0 .var "result", 0 0;
v0x7fe441012dc0_0 .var "rider", 63 0;
v0x7fe441012e70_0 .net "start", 0 0, v0x7fe441013fd0_0;  1 drivers
v0x7fe441012f10_0 .var "state", 1 0;
E_0x7fe4410026a0 .event posedge, v0x7fe441012a20_0;
S_0x7fe4410026e0 .scope autotask, "printStream" "printStream" 2 180, 2 180 0, S_0x7fe4410023d0;
 .timescale -9 -9;
v0x7fe4410028b0_0 .var/i "ii", 31 0;
v0x7fe441012970_0 .var "regIn", 63 0;
TD_tb.DUT.printStream ;
    %vpi_call 2 184 "$write", " " {0 0 0};
    %pushi/vec4 0, 0, 32;
    %store/vec4 v0x7fe4410028b0_0, 0, 32;
T_0.0 ;
    %load/vec4 v0x7fe4410028b0_0;
    %cmpi/s 64, 0, 32;
    %jmp/0xz T_0.1, 5;
    %vpi_call 2 186 "$write", "%1b", &PV<v0x7fe441012970_0, v0x7fe4410028b0_0, 1> {0 0 0};
    %load/vec4 v0x7fe4410028b0_0;
    %addi 1, 0, 32;
    %pushi/vec4 4, 0, 32;
    %mod/s;
    %pushi/vec4 0, 0, 32;
    %cmp/e;
    %flag_get/vec4 4;
    %load/vec4 v0x7fe4410028b0_0;
    %pushi/vec4 63, 0, 32;
    %cmp/ne;
    %flag_get/vec4 4;
    %and;
    %flag_set/vec4 8;
    %jmp/0xz  T_0.2, 8;
    %vpi_call 2 188 "$write", "_" {0 0 0};
T_0.2 ;
    %load/vec4 v0x7fe4410028b0_0;
    %addi 1, 0, 32;
    %store/vec4 v0x7fe4410028b0_0, 0, 32;
    %jmp T_0.0;
T_0.1 ;
    %vpi_call 2 190 "$write", "\012" {0 0 0};
    %end;
S_0x7fe441013000 .scope autotask, "count1z" "count1z" 2 102, 2 102 0, S_0x7fe441002260;
 .timescale -9 -9;
v0x7fe4410131d0_0 .var/i "flg", 31 0;
v0x7fe441013260_0 .var/i "onez", 31 0;
v0x7fe441013310_0 .var "regIn", 63 0;
TD_tb.count1z ;
    %pushi/vec4 0, 0, 32;
    %store/vec4 v0x7fe441013260_0, 0, 32;
    %pushi/vec4 0, 0, 32;
    %store/vec4 v0x7fe4410131d0_0, 0, 32;
T_1.4 ;
    %load/vec4 v0x7fe4410131d0_0;
    %cmpi/s 64, 0, 32;
    %jmp/0xz T_1.5, 5;
    %load/vec4 v0x7fe441013260_0;
    %load/vec4 v0x7fe441013310_0;
    %load/vec4 v0x7fe4410131d0_0;
    %part/s 1;
    %pad/u 32;
    %add;
    %store/vec4 v0x7fe441013260_0, 0, 32;
    %load/vec4 v0x7fe4410131d0_0;
    %addi 1, 0, 32;
    %store/vec4 v0x7fe4410131d0_0, 0, 32;
    %jmp T_1.4;
T_1.5 ;
    %end;
S_0x7fe4410133d0 .scope autotask, "getStream" "getStream" 2 79, 2 79 0, S_0x7fe441002260;
 .timescale -9 -9;
v0x7fe4410135b0_0 .var/i "ii", 31 0;
v0x7fe441013660_0 .var "regOut", 63 0;
TD_tb.getStream ;
    %pushi/vec4 0, 0, 32;
    %store/vec4 v0x7fe4410135b0_0, 0, 32;
T_2.6 ;
    %load/vec4 v0x7fe4410135b0_0;
    %cmpi/s 64, 0, 32;
    %jmp/0xz T_2.7, 5;
    %vpi_func 2 84 "$random" 32 {0 0 0};
    %pushi/vec4 2, 0, 32;
    %mod/s;
    %pad/s 1;
    %ix/getv/s 4, v0x7fe4410135b0_0;
    %store/vec4 v0x7fe441013660_0, 4, 1;
    %load/vec4 v0x7fe4410135b0_0;
    %addi 1, 0, 32;
    %store/vec4 v0x7fe4410135b0_0, 0, 32;
    %jmp T_2.6;
T_2.7 ;
    %end;
S_0x7fe441013710 .scope autotask, "printStream" "printStream" 2 89, 2 89 0, S_0x7fe441002260;
 .timescale -9 -9;
v0x7fe4410138d0_0 .var/i "ii", 31 0;
v0x7fe441013990_0 .var "regIn", 63 0;
TD_tb.printStream ;
    %vpi_call 2 93 "$write", " " {0 0 0};
    %pushi/vec4 0, 0, 32;
    %store/vec4 v0x7fe4410138d0_0, 0, 32;
T_3.8 ;
    %load/vec4 v0x7fe4410138d0_0;
    %cmpi/s 64, 0, 32;
    %jmp/0xz T_3.9, 5;
    %vpi_call 2 95 "$write", "%1b", &PV<v0x7fe441013990_0, v0x7fe4410138d0_0, 1> {0 0 0};
    %load/vec4 v0x7fe4410138d0_0;
    %addi 1, 0, 32;
    %pushi/vec4 4, 0, 32;
    %mod/s;
    %pushi/vec4 0, 0, 32;
    %cmp/e;
    %flag_get/vec4 4;
    %load/vec4 v0x7fe4410138d0_0;
    %pushi/vec4 63, 0, 32;
    %cmp/ne;
    %flag_get/vec4 4;
    %and;
    %flag_set/vec4 8;
    %jmp/0xz  T_3.10, 8;
    %vpi_call 2 97 "$write", "_" {0 0 0};
T_3.10 ;
    %load/vec4 v0x7fe4410138d0_0;
    %addi 1, 0, 32;
    %store/vec4 v0x7fe4410138d0_0, 0, 32;
    %jmp T_3.8;
T_3.9 ;
    %end;
    .scope S_0x7fe4410023d0;
T_4 ;
    %pushi/vec4 0, 0, 2;
    %store/vec4 v0x7fe441012f10_0, 0, 2;
    %pushi/vec4 0, 0, 2;
    %store/vec4 v0x7fe441012c30_0, 0, 2;
    %pushi/vec4 0, 0, 1;
    %store/vec4 v0x7fe441012ce0_0, 0, 1;
    %pushi/vec4 0, 0, 32;
    %store/vec4 v0x7fe441012ad0_0, 0, 32;
    %end;
    .thread T_4;
    .scope S_0x7fe4410023d0;
T_5 ;
    %wait E_0x7fe4410026a0;
    %load/vec4 v0x7fe441012e70_0;
    %cmpi/e 0, 0, 1;
    %jmp/0xz  T_5.0, 4;
    %pushi/vec4 0, 0, 2;
    %store/vec4 v0x7fe441012f10_0, 0, 2;
    %pushi/vec4 0, 0, 2;
    %store/vec4 v0x7fe441012c30_0, 0, 2;
    %alloc S_0x7fe4410026e0;
    %load/vec4 v0x7fe441012dc0_0;
    %store/vec4 v0x7fe441012970_0, 0, 64;
    %fork TD_tb.DUT.printStream, S_0x7fe4410026e0;
    %join;
    %free S_0x7fe4410026e0;
    %pushi/vec4 0, 0, 32;
    %store/vec4 v0x7fe441012ad0_0, 0, 32;
    %pushi/vec4 0, 0, 64;
    %store/vec4 v0x7fe441012dc0_0, 0, 64;
    %jmp T_5.1;
T_5.0 ;
    %load/vec4 v0x7fe441012f10_0;
    %dup/vec4;
    %pushi/vec4 0, 0, 2;
    %cmp/u;
    %jmp/1 T_5.2, 6;
    %dup/vec4;
    %pushi/vec4 1, 0, 2;
    %cmp/u;
    %jmp/1 T_5.3, 6;
    %dup/vec4;
    %pushi/vec4 2, 0, 2;
    %cmp/u;
    %jmp/1 T_5.4, 6;
    %pushi/vec4 0, 0, 2;
    %store/vec4 v0x7fe441012c30_0, 0, 2;
    %jmp T_5.6;
T_5.2 ;
    %load/vec4 v0x7fe441012b80_0;
    %cmpi/e 1, 0, 1;
    %flag_mov 8, 4;
    %jmp/0 T_5.7, 8;
    %pushi/vec4 1, 0, 2;
    %jmp/1 T_5.8, 8;
T_5.7 ; End of true expr.
    %pushi/vec4 2, 0, 2;
    %jmp/0 T_5.8, 8;
 ; End of false expr.
    %blend;
T_5.8;
    %store/vec4 v0x7fe441012c30_0, 0, 2;
    %load/vec4 v0x7fe441012b80_0;
    %ix/getv/s 4, v0x7fe441012ad0_0;
    %store/vec4 v0x7fe441012dc0_0, 4, 1;
    %load/vec4 v0x7fe441012ad0_0;
    %addi 1, 0, 32;
    %store/vec4 v0x7fe441012ad0_0, 0, 32;
    %jmp T_5.6;
T_5.3 ;
    %load/vec4 v0x7fe441012b80_0;
    %cmpi/e 1, 0, 1;
    %flag_mov 8, 4;
    %jmp/0 T_5.9, 8;
    %pushi/vec4 2, 0, 2;
    %jmp/1 T_5.10, 8;
T_5.9 ; End of true expr.
    %pushi/vec4 1, 0, 2;
    %jmp/0 T_5.10, 8;
 ; End of false expr.
    %blend;
T_5.10;
    %store/vec4 v0x7fe441012c30_0, 0, 2;
    %load/vec4 v0x7fe441012b80_0;
    %ix/getv/s 4, v0x7fe441012ad0_0;
    %store/vec4 v0x7fe441012dc0_0, 4, 1;
    %load/vec4 v0x7fe441012ad0_0;
    %addi 1, 0, 32;
    %store/vec4 v0x7fe441012ad0_0, 0, 32;
    %jmp T_5.6;
T_5.4 ;
    %load/vec4 v0x7fe441012b80_0;
    %cmpi/e 1, 0, 1;
    %flag_mov 8, 4;
    %jmp/0 T_5.11, 8;
    %pushi/vec4 1, 0, 2;
    %jmp/1 T_5.12, 8;
T_5.11 ; End of true expr.
    %pushi/vec4 2, 0, 2;
    %jmp/0 T_5.12, 8;
 ; End of false expr.
    %blend;
T_5.12;
    %store/vec4 v0x7fe441012c30_0, 0, 2;
    %load/vec4 v0x7fe441012b80_0;
    %ix/getv/s 4, v0x7fe441012ad0_0;
    %store/vec4 v0x7fe441012dc0_0, 4, 1;
    %load/vec4 v0x7fe441012ad0_0;
    %addi 1, 0, 32;
    %store/vec4 v0x7fe441012ad0_0, 0, 32;
    %jmp T_5.6;
T_5.6 ;
    %pop/vec4 1;
    %load/vec4 v0x7fe441012c30_0;
    %store/vec4 v0x7fe441012f10_0, 0, 2;
    %load/vec4 v0x7fe441012c30_0;
    %cmpi/e 1, 0, 2;
    %flag_mov 8, 4;
    %jmp/0 T_5.13, 8;
    %pushi/vec4 1, 0, 1;
    %jmp/1 T_5.14, 8;
T_5.13 ; End of true expr.
    %pushi/vec4 0, 0, 1;
    %jmp/0 T_5.14, 8;
 ; End of false expr.
    %blend;
T_5.14;
    %store/vec4 v0x7fe441012ce0_0, 0, 1;
T_5.1 ;
    %jmp T_5;
    .thread T_5;
    .scope S_0x7fe441002260;
T_6 ;
    %delay 5, 0;
    %load/vec4 v0x7fe441013a40_0;
    %inv;
    %store/vec4 v0x7fe441013a40_0, 0, 1;
    %jmp T_6;
    .thread T_6;
    .scope S_0x7fe441002260;
T_7 ;
    %vpi_call 2 39 "$dumpfile", "wave.vcd" {0 0 0};
    %vpi_call 2 40 "$dumpvars", 32'sb00000000000000000000000000000000, S_0x7fe441002260 {0 0 0};
    %vpi_call 2 41 "$write", "\012 test the parity detector  ,  stream size:  %2d   ,   reps:  %2d\012\012", 32'sb00000000000000000000000001000000, 32'sb00000000000000000000000000000001 {0 0 0};
    %pushi/vec4 0, 0, 1;
    %store/vec4 v0x7fe441013fd0_0, 0, 1;
    %pushi/vec4 0, 0, 1;
    %store/vec4 v0x7fe441013d10_0, 0, 1;
    %pushi/vec4 0, 0, 1;
    %store/vec4 v0x7fe441013a40_0, 0, 1;
    %pushi/vec4 0, 0, 32;
    %store/vec4 v0x7fe441013ba0_0, 0, 32;
T_7.0 ;
    %load/vec4 v0x7fe441013ba0_0;
    %cmpi/s 1, 0, 32;
    %jmp/0xz T_7.1, 5;
    %alloc S_0x7fe4410133d0;
    %fork TD_tb.getStream, S_0x7fe4410133d0;
    %join;
    %load/vec4 v0x7fe441013660_0;
    %store/vec4 v0x7fe441013b00_0, 0, 64;
    %free S_0x7fe4410133d0;
    %alloc S_0x7fe441013000;
    %load/vec4 v0x7fe441013b00_0;
    %store/vec4 v0x7fe441013310_0, 0, 64;
    %fork TD_tb.count1z, S_0x7fe441013000;
    %join;
    %load/vec4 v0x7fe441013260_0;
    %store/vec4 v0x7fe441013de0_0, 0, 32;
    %free S_0x7fe441013000;
    %pushi/vec4 1, 0, 1;
    %store/vec4 v0x7fe441013fd0_0, 0, 1;
    %pushi/vec4 0, 0, 32;
    %store/vec4 v0x7fe441013c60_0, 0, 32;
T_7.2 ;
    %load/vec4 v0x7fe441013c60_0;
    %cmpi/s 64, 0, 32;
    %jmp/0xz T_7.3, 5;
    %load/vec4 v0x7fe441013b00_0;
    %load/vec4 v0x7fe441013c60_0;
    %part/s 1;
    %store/vec4 v0x7fe441013d10_0, 0, 1;
    %delay 10, 0;
    %load/vec4 v0x7fe441013c60_0;
    %addi 1, 0, 32;
    %store/vec4 v0x7fe441013c60_0, 0, 32;
    %jmp T_7.2;
T_7.3 ;
    %pushi/vec4 0, 0, 1;
    %store/vec4 v0x7fe441013fd0_0, 0, 1;
    %delay 10, 0;
    %alloc S_0x7fe441013710;
    %load/vec4 v0x7fe441013b00_0;
    %store/vec4 v0x7fe441013990_0, 0, 64;
    %fork TD_tb.printStream, S_0x7fe441013710;
    %join;
    %free S_0x7fe441013710;
    %load/vec4 v0x7fe441013de0_0;
    %pushi/vec4 2, 0, 32;
    %mod/s;
    %pad/s 1;
    %store/vec4 v0x7fe441013e80_0, 0, 1;
    %vpi_call 2 61 "$write", "\012      ones:  %2d\012", v0x7fe441013de0_0 {0 0 0};
    %vpi_call 2 62 "$write", "    parity:  %1d    {0 = even, 1 = odd}  --> ones %% 2\012", v0x7fe441013e80_0 {0 0 0};
    %load/vec4 v0x7fe441013e80_0;
    %load/vec4 v0x7fe441013f20_0;
    %cmp/e;
    %jmp/0xz  T_7.4, 4;
    %vpi_call 2 65 "$write", "    result:  %1b    CORRECT", v0x7fe441013f20_0 {0 0 0};
    %load/vec4 v0x7fe441013ba0_0;
    %addi 1, 0, 32;
    %vpi_call 2 66 "$write", "                                    test %2d of %2d\012", S<0,vec4,s32>, 32'sb00000000000000000000000000000001 {1 0 0};
    %jmp T_7.5;
T_7.4 ;
    %vpi_call 2 70 "$write", "    result:  %1b   WRONG\012", v0x7fe441013f20_0 {0 0 0};
T_7.5 ;
    %vpi_call 2 72 "$write", " -------------------------------------------------------------------------------\012\012" {0 0 0};
    %load/vec4 v0x7fe441013ba0_0;
    %addi 1, 0, 32;
    %store/vec4 v0x7fe441013ba0_0, 0, 32;
    %jmp T_7.0;
T_7.1 ;
    %vpi_call 2 75 "$write", "\012\012\011\011 ~ ~ ~ TEST COMPLETE ~ ~ ~    %5t ns\012\012", $time {0 0 0};
    %vpi_call 2 76 "$finish" {0 0 0};
    %end;
    .thread T_7;
# The file index is used to find the file name in the following table.
:file_names 3;
    "N/A";
    "<interactive>";
    "parity.v";
