#! /usr/local/Cellar/icarus-verilog/11.0/bin/vvp
:ivl_version "11.0 (stable)";
:ivl_delay_selection "TYPICAL";
:vpi_time_precision - 9;
:vpi_module "/usr/local/Cellar/icarus-verilog/11.0/lib/ivl/system.vpi";
:vpi_module "/usr/local/Cellar/icarus-verilog/11.0/lib/ivl/vhdl_sys.vpi";
:vpi_module "/usr/local/Cellar/icarus-verilog/11.0/lib/ivl/vhdl_textio.vpi";
:vpi_module "/usr/local/Cellar/icarus-verilog/11.0/lib/ivl/v2005_math.vpi";
:vpi_module "/usr/local/Cellar/icarus-verilog/11.0/lib/ivl/va_math.vpi";
S_0x7ffa17404830 .scope module, "tb" "tb" 2 12;
 .timescale -9 -9;
v0x7ffa174338a0_0 .var "clock", 0 0;
v0x7ffa17433930_0 .var "enter", 0 0;
v0x7ffa174339c0_0 .var "in_0", 0 0;
v0x7ffa17433a90_0 .var "in_1", 0 0;
v0x7ffa17433b40_0 .var "reset", 0 0;
v0x7ffa17433c10_0 .net "seg_disp", 6 0, v0x7ffa174335a0_0;  1 drivers
S_0x7ffa17409940 .scope module, "DUT" "lock" 2 20, 2 106 0, S_0x7ffa17404830;
 .timescale -9 -9;
    .port_info 0 /OUTPUT 7 "seg_disp";
    .port_info 1 /INPUT 1 "reset";
    .port_info 2 /INPUT 1 "enter";
    .port_info 3 /INPUT 1 "in_0";
    .port_info 4 /INPUT 1 "in_1";
    .port_info 5 /INPUT 1 "clock";
P_0x7ffa17423780 .param/l "clear" 0 2 125, C4<zzzzzz>;
P_0x7ffa174237c0 .param/l "combo" 0 2 124, C4<110110>;
P_0x7ffa17423800 .param/l "locked" 0 2 115, C4<1000111>;
P_0x7ffa17423840 .param/l "s0" 0 2 117, C4<000>;
P_0x7ffa17423880 .param/l "s1" 0 2 118, C4<001>;
P_0x7ffa174238c0 .param/l "s2" 0 2 119, C4<010>;
P_0x7ffa17423900 .param/l "s3" 0 2 120, C4<011>;
P_0x7ffa17423940 .param/l "s4" 0 2 121, C4<100>;
P_0x7ffa17423980 .param/l "s5" 0 2 122, C4<101>;
P_0x7ffa174239c0 .param/l "s6" 0 2 123, C4<110>;
P_0x7ffa17423a00 .param/l "unlocked" 0 2 116, C4<1000001>;
v0x7ffa17409ab0_0 .net "clock", 0 0, v0x7ffa174338a0_0;  1 drivers
v0x7ffa17433240_0 .net "enter", 0 0, v0x7ffa17433930_0;  1 drivers
v0x7ffa174332e0_0 .net "in_0", 0 0, v0x7ffa174339c0_0;  1 drivers
v0x7ffa17433370_0 .net "in_1", 0 0, v0x7ffa17433a90_0;  1 drivers
v0x7ffa17433410_0 .var "n_state", 2 0;
v0x7ffa17433500_0 .net "reset", 0 0, v0x7ffa17433b40_0;  1 drivers
v0x7ffa174335a0_0 .var "seg_disp", 6 0;
v0x7ffa17433650_0 .var "state", 2 0;
v0x7ffa17433700_0 .var "tracker", 5 0;
E_0x7ffa174232f0 .event posedge, v0x7ffa17409ab0_0;
    .scope S_0x7ffa17409940;
T_0 ;
    %pushi/vec4 71, 0, 7;
    %store/vec4 v0x7ffa174335a0_0, 0, 7;
    %pushi/vec4 0, 63, 6;
    %store/vec4 v0x7ffa17433700_0, 0, 6;
    %pushi/vec4 0, 0, 3;
    %store/vec4 v0x7ffa17433650_0, 0, 3;
    %pushi/vec4 0, 0, 3;
    %store/vec4 v0x7ffa17433410_0, 0, 3;
    %end;
    .thread T_0;
    .scope S_0x7ffa17409940;
T_1 ;
    %wait E_0x7ffa174232f0;
    %load/vec4 v0x7ffa17433500_0;
    %cmpi/e 1, 0, 1;
    %jmp/0xz  T_1.0, 4;
    %pushi/vec4 71, 0, 7;
    %assign/vec4 v0x7ffa174335a0_0, 0;
    %pushi/vec4 0, 63, 6;
    %assign/vec4 v0x7ffa17433700_0, 0;
    %pushi/vec4 0, 0, 3;
    %assign/vec4 v0x7ffa17433650_0, 0;
    %pushi/vec4 0, 0, 3;
    %assign/vec4 v0x7ffa17433410_0, 0;
    %delay 1, 0;
    %vpi_call 2 146 "$write", " %3b  %3b   %1b    %1b    %1b    %1b   |  %3b_%3b    ", v0x7ffa17433650_0, v0x7ffa17433410_0, v0x7ffa17433500_0, v0x7ffa17433240_0, v0x7ffa17433370_0, v0x7ffa174332e0_0, &PV<v0x7ffa17433700_0, 3, 3>, &PV<v0x7ffa17433700_0, 0, 3> {0 0 0};
    %vpi_call 2 148 "$write", "locked...    %4t ns\012", $time {0 0 0};
    %jmp T_1.1;
T_1.0 ;
    %load/vec4 v0x7ffa17433650_0;
    %dup/vec4;
    %pushi/vec4 0, 0, 3;
    %cmp/u;
    %jmp/1 T_1.2, 6;
    %dup/vec4;
    %pushi/vec4 1, 0, 3;
    %cmp/u;
    %jmp/1 T_1.3, 6;
    %dup/vec4;
    %pushi/vec4 2, 0, 3;
    %cmp/u;
    %jmp/1 T_1.4, 6;
    %dup/vec4;
    %pushi/vec4 3, 0, 3;
    %cmp/u;
    %jmp/1 T_1.5, 6;
    %dup/vec4;
    %pushi/vec4 4, 0, 3;
    %cmp/u;
    %jmp/1 T_1.6, 6;
    %dup/vec4;
    %pushi/vec4 5, 0, 3;
    %cmp/u;
    %jmp/1 T_1.7, 6;
    %dup/vec4;
    %pushi/vec4 6, 0, 3;
    %cmp/u;
    %jmp/1 T_1.8, 6;
    %pushi/vec4 0, 0, 3;
    %assign/vec4 v0x7ffa17433650_0, 0;
    %pushi/vec4 0, 0, 3;
    %assign/vec4 v0x7ffa17433410_0, 0;
    %pushi/vec4 71, 0, 7;
    %assign/vec4 v0x7ffa174335a0_0, 0;
    %pushi/vec4 0, 63, 6;
    %assign/vec4 v0x7ffa17433700_0, 0;
    %jmp T_1.10;
T_1.2 ;
    %load/vec4 v0x7ffa17433240_0;
    %pushi/vec4 1, 0, 1;
    %cmp/e;
    %flag_get/vec4 4;
    %load/vec4 v0x7ffa17433370_0;
    %pushi/vec4 1, 0, 1;
    %cmp/e;
    %flag_get/vec4 4;
    %and;
    %load/vec4 v0x7ffa174332e0_0;
    %pushi/vec4 0, 0, 1;
    %cmp/e;
    %flag_get/vec4 4;
    %and;
    %flag_set/vec4 8;
    %jmp/0xz  T_1.11, 8;
    %pushi/vec4 1, 0, 3;
    %assign/vec4 v0x7ffa17433410_0, 0;
    %load/vec4 v0x7ffa17433370_0;
    %ix/load 4, 5, 0;
    %ix/load 5, 0, 0;
    %flag_set/imm 4, 0;
    %assign/vec4/off/d v0x7ffa17433700_0, 4, 5;
    %pushi/vec4 71, 0, 7;
    %assign/vec4 v0x7ffa174335a0_0, 0;
    %jmp T_1.12;
T_1.11 ;
    %pushi/vec4 0, 0, 3;
    %assign/vec4 v0x7ffa17433410_0, 0;
    %pushi/vec4 0, 1, 1;
    %ix/load 4, 5, 0;
    %ix/load 5, 0, 0;
    %flag_set/imm 4, 0;
    %assign/vec4/off/d v0x7ffa17433700_0, 4, 5;
    %pushi/vec4 71, 0, 7;
    %assign/vec4 v0x7ffa174335a0_0, 0;
T_1.12 ;
    %jmp T_1.10;
T_1.3 ;
    %load/vec4 v0x7ffa17433240_0;
    %pushi/vec4 0, 0, 1;
    %cmp/e;
    %flag_get/vec4 4;
    %load/vec4 v0x7ffa17433370_0;
    %pushi/vec4 1, 0, 1;
    %cmp/e;
    %flag_get/vec4 4;
    %and;
    %load/vec4 v0x7ffa174332e0_0;
    %pushi/vec4 0, 0, 1;
    %cmp/e;
    %flag_get/vec4 4;
    %and;
    %flag_set/vec4 8;
    %jmp/0xz  T_1.13, 8;
    %pushi/vec4 2, 0, 3;
    %assign/vec4 v0x7ffa17433410_0, 0;
    %load/vec4 v0x7ffa17433370_0;
    %ix/load 4, 4, 0;
    %ix/load 5, 0, 0;
    %flag_set/imm 4, 0;
    %assign/vec4/off/d v0x7ffa17433700_0, 4, 5;
    %pushi/vec4 71, 0, 7;
    %assign/vec4 v0x7ffa174335a0_0, 0;
    %jmp T_1.14;
T_1.13 ;
    %pushi/vec4 1, 0, 3;
    %store/vec4 v0x7ffa17433410_0, 0, 3;
    %pushi/vec4 0, 1, 1;
    %ix/load 4, 4, 0;
    %ix/load 5, 0, 0;
    %flag_set/imm 4, 0;
    %assign/vec4/off/d v0x7ffa17433700_0, 4, 5;
    %pushi/vec4 71, 0, 7;
    %assign/vec4 v0x7ffa174335a0_0, 0;
T_1.14 ;
    %jmp T_1.10;
T_1.4 ;
    %load/vec4 v0x7ffa17433240_0;
    %pushi/vec4 1, 0, 1;
    %cmp/e;
    %flag_get/vec4 4;
    %load/vec4 v0x7ffa17433370_0;
    %pushi/vec4 0, 0, 1;
    %cmp/e;
    %flag_get/vec4 4;
    %and;
    %load/vec4 v0x7ffa174332e0_0;
    %pushi/vec4 1, 0, 1;
    %cmp/e;
    %flag_get/vec4 4;
    %and;
    %flag_set/vec4 8;
    %jmp/0xz  T_1.15, 8;
    %pushi/vec4 3, 0, 3;
    %assign/vec4 v0x7ffa17433410_0, 0;
    %load/vec4 v0x7ffa174332e0_0;
    %inv;
    %ix/load 4, 3, 0;
    %ix/load 5, 0, 0;
    %flag_set/imm 4, 0;
    %assign/vec4/off/d v0x7ffa17433700_0, 4, 5;
    %pushi/vec4 71, 0, 7;
    %assign/vec4 v0x7ffa174335a0_0, 0;
    %jmp T_1.16;
T_1.15 ;
    %pushi/vec4 2, 0, 3;
    %assign/vec4 v0x7ffa17433410_0, 0;
    %pushi/vec4 0, 1, 1;
    %ix/load 4, 3, 0;
    %ix/load 5, 0, 0;
    %flag_set/imm 4, 0;
    %assign/vec4/off/d v0x7ffa17433700_0, 4, 5;
    %pushi/vec4 71, 0, 7;
    %assign/vec4 v0x7ffa174335a0_0, 0;
T_1.16 ;
    %jmp T_1.10;
T_1.5 ;
    %load/vec4 v0x7ffa17433240_0;
    %pushi/vec4 0, 0, 1;
    %cmp/e;
    %flag_get/vec4 4;
    %load/vec4 v0x7ffa17433370_0;
    %pushi/vec4 1, 0, 1;
    %cmp/e;
    %flag_get/vec4 4;
    %and;
    %load/vec4 v0x7ffa174332e0_0;
    %pushi/vec4 0, 0, 1;
    %cmp/e;
    %flag_get/vec4 4;
    %and;
    %flag_set/vec4 8;
    %jmp/0xz  T_1.17, 8;
    %pushi/vec4 4, 0, 3;
    %assign/vec4 v0x7ffa17433410_0, 0;
    %load/vec4 v0x7ffa17433370_0;
    %ix/load 4, 2, 0;
    %ix/load 5, 0, 0;
    %flag_set/imm 4, 0;
    %assign/vec4/off/d v0x7ffa17433700_0, 4, 5;
    %pushi/vec4 71, 0, 7;
    %assign/vec4 v0x7ffa174335a0_0, 0;
    %jmp T_1.18;
T_1.17 ;
    %pushi/vec4 3, 0, 3;
    %assign/vec4 v0x7ffa17433410_0, 0;
    %pushi/vec4 0, 1, 1;
    %ix/load 4, 2, 0;
    %ix/load 5, 0, 0;
    %flag_set/imm 4, 0;
    %assign/vec4/off/d v0x7ffa17433700_0, 4, 5;
    %pushi/vec4 71, 0, 7;
    %assign/vec4 v0x7ffa174335a0_0, 0;
T_1.18 ;
    %jmp T_1.10;
T_1.6 ;
    %load/vec4 v0x7ffa17433240_0;
    %pushi/vec4 1, 0, 1;
    %cmp/e;
    %flag_get/vec4 4;
    %load/vec4 v0x7ffa17433370_0;
    %pushi/vec4 1, 0, 1;
    %cmp/e;
    %flag_get/vec4 4;
    %and;
    %load/vec4 v0x7ffa174332e0_0;
    %pushi/vec4 0, 0, 1;
    %cmp/e;
    %flag_get/vec4 4;
    %and;
    %flag_set/vec4 8;
    %jmp/0xz  T_1.19, 8;
    %pushi/vec4 5, 0, 3;
    %assign/vec4 v0x7ffa17433410_0, 0;
    %load/vec4 v0x7ffa17433370_0;
    %ix/load 4, 1, 0;
    %ix/load 5, 0, 0;
    %flag_set/imm 4, 0;
    %assign/vec4/off/d v0x7ffa17433700_0, 4, 5;
    %pushi/vec4 71, 0, 7;
    %assign/vec4 v0x7ffa174335a0_0, 0;
    %jmp T_1.20;
T_1.19 ;
    %pushi/vec4 4, 0, 3;
    %assign/vec4 v0x7ffa17433410_0, 0;
    %pushi/vec4 0, 1, 1;
    %ix/load 4, 1, 0;
    %ix/load 5, 0, 0;
    %flag_set/imm 4, 0;
    %assign/vec4/off/d v0x7ffa17433700_0, 4, 5;
    %pushi/vec4 71, 0, 7;
    %assign/vec4 v0x7ffa174335a0_0, 0;
T_1.20 ;
    %jmp T_1.10;
T_1.7 ;
    %load/vec4 v0x7ffa17433240_0;
    %pushi/vec4 0, 0, 1;
    %cmp/e;
    %flag_get/vec4 4;
    %load/vec4 v0x7ffa17433370_0;
    %pushi/vec4 0, 0, 1;
    %cmp/e;
    %flag_get/vec4 4;
    %and;
    %load/vec4 v0x7ffa174332e0_0;
    %pushi/vec4 1, 0, 1;
    %cmp/e;
    %flag_get/vec4 4;
    %and;
    %flag_set/vec4 8;
    %jmp/0xz  T_1.21, 8;
    %pushi/vec4 6, 0, 3;
    %assign/vec4 v0x7ffa17433410_0, 0;
    %load/vec4 v0x7ffa174332e0_0;
    %inv;
    %ix/load 4, 0, 0;
    %ix/load 5, 0, 0;
    %flag_set/imm 4, 0;
    %assign/vec4/off/d v0x7ffa17433700_0, 4, 5;
    %pushi/vec4 65, 0, 7;
    %assign/vec4 v0x7ffa174335a0_0, 0;
    %jmp T_1.22;
T_1.21 ;
    %pushi/vec4 5, 0, 3;
    %assign/vec4 v0x7ffa17433410_0, 0;
    %pushi/vec4 0, 1, 1;
    %ix/load 4, 0, 0;
    %ix/load 5, 0, 0;
    %flag_set/imm 4, 0;
    %assign/vec4/off/d v0x7ffa17433700_0, 4, 5;
    %pushi/vec4 71, 0, 7;
    %assign/vec4 v0x7ffa174335a0_0, 0;
T_1.22 ;
    %jmp T_1.10;
T_1.8 ;
    %load/vec4 v0x7ffa17433500_0;
    %cmpi/e 1, 0, 1;
    %flag_mov 8, 4;
    %jmp/0 T_1.23, 8;
    %pushi/vec4 0, 0, 3;
    %jmp/1 T_1.24, 8;
T_1.23 ; End of true expr.
    %pushi/vec4 6, 0, 3;
    %jmp/0 T_1.24, 8;
 ; End of false expr.
    %blend;
T_1.24;
    %store/vec4 v0x7ffa17433410_0, 0, 3;
    %jmp T_1.10;
T_1.10 ;
    %pop/vec4 1;
    %delay 1, 0;
    %vpi_call 2 242 "$write", " %3b  %3b   %1b    %1b    %1b    %1b   |  %3b_%3b    ", v0x7ffa17433650_0, v0x7ffa17433410_0, v0x7ffa17433500_0, v0x7ffa17433240_0, v0x7ffa17433370_0, v0x7ffa174332e0_0, &PV<v0x7ffa17433700_0, 3, 3>, &PV<v0x7ffa17433700_0, 0, 3> {0 0 0};
    %load/vec4 v0x7ffa17433700_0;
    %cmpi/e 54, 0, 6;
    %jmp/0xz  T_1.25, 4;
    %vpi_call 2 244 "$write", "UNLOCKED     %4t ns\012", $time {0 0 0};
    %jmp T_1.26;
T_1.25 ;
    %vpi_call 2 245 "$write", "locked...    %4t ns\012", $time {0 0 0};
T_1.26 ;
    %load/vec4 v0x7ffa17433410_0;
    %assign/vec4 v0x7ffa17433650_0, 0;
T_1.1 ;
    %jmp T_1;
    .thread T_1;
    .scope S_0x7ffa17404830;
T_2 ;
    %delay 5, 0;
    %load/vec4 v0x7ffa174338a0_0;
    %inv;
    %store/vec4 v0x7ffa174338a0_0, 0, 1;
    %jmp T_2;
    .thread T_2;
    .scope S_0x7ffa17404830;
T_3 ;
    %vpi_call 2 34 "$write", "\012 test the serial lock\012\012" {0 0 0};
    %vpi_call 2 35 "$write", " st   nst  rst  ent  in1  in0  |   code\012" {0 0 0};
    %vpi_call 2 36 "$write", "------------------------------------\012" {0 0 0};
    %pushi/vec4 0, 0, 1;
    %store/vec4 v0x7ffa174338a0_0, 0, 1;
    %pushi/vec4 1, 0, 1;
    %store/vec4 v0x7ffa17433b40_0, 0, 1;
    %pushi/vec4 0, 0, 1;
    %store/vec4 v0x7ffa17433930_0, 0, 1;
    %pushi/vec4 0, 0, 1;
    %store/vec4 v0x7ffa17433a90_0, 0, 1;
    %pushi/vec4 0, 0, 1;
    %store/vec4 v0x7ffa174339c0_0, 0, 1;
    %delay 2, 0;
    %pushi/vec4 0, 0, 1;
    %store/vec4 v0x7ffa17433b40_0, 0, 1;
    %pushi/vec4 1, 0, 1;
    %store/vec4 v0x7ffa17433930_0, 0, 1;
    %pushi/vec4 1, 0, 1;
    %store/vec4 v0x7ffa17433a90_0, 0, 1;
    %pushi/vec4 0, 0, 1;
    %store/vec4 v0x7ffa174339c0_0, 0, 1;
    %delay 8, 0;
    %delay 2, 0;
    %pushi/vec4 0, 0, 1;
    %store/vec4 v0x7ffa17433930_0, 0, 1;
    %pushi/vec4 1, 0, 1;
    %store/vec4 v0x7ffa17433a90_0, 0, 1;
    %pushi/vec4 0, 0, 1;
    %store/vec4 v0x7ffa174339c0_0, 0, 1;
    %delay 8, 0;
    %delay 2, 0;
    %pushi/vec4 1, 0, 1;
    %store/vec4 v0x7ffa17433930_0, 0, 1;
    %pushi/vec4 0, 0, 1;
    %store/vec4 v0x7ffa17433a90_0, 0, 1;
    %pushi/vec4 1, 0, 1;
    %store/vec4 v0x7ffa174339c0_0, 0, 1;
    %delay 8, 0;
    %delay 2, 0;
    %pushi/vec4 0, 0, 1;
    %store/vec4 v0x7ffa17433930_0, 0, 1;
    %pushi/vec4 1, 0, 1;
    %store/vec4 v0x7ffa17433a90_0, 0, 1;
    %pushi/vec4 0, 0, 1;
    %store/vec4 v0x7ffa174339c0_0, 0, 1;
    %delay 8, 0;
    %delay 2, 0;
    %pushi/vec4 1, 0, 1;
    %store/vec4 v0x7ffa17433930_0, 0, 1;
    %pushi/vec4 1, 0, 1;
    %store/vec4 v0x7ffa17433a90_0, 0, 1;
    %pushi/vec4 0, 0, 1;
    %store/vec4 v0x7ffa174339c0_0, 0, 1;
    %delay 8, 0;
    %delay 2, 0;
    %pushi/vec4 0, 0, 1;
    %store/vec4 v0x7ffa17433930_0, 0, 1;
    %pushi/vec4 0, 0, 1;
    %store/vec4 v0x7ffa17433a90_0, 0, 1;
    %pushi/vec4 1, 0, 1;
    %store/vec4 v0x7ffa174339c0_0, 0, 1;
    %delay 8, 0;
    %delay 10, 0;
    %pushi/vec4 1, 0, 1;
    %store/vec4 v0x7ffa17433b40_0, 0, 1;
    %delay 10, 0;
    %vpi_call 2 96 "$write", "\012\012\011\011 ~ ~ ~ TEST COMPLETE ~ ~ ~  %5t ns\012\012", $time {0 0 0};
    %vpi_call 2 97 "$finish" {0 0 0};
    %end;
    .thread T_3;
# The file index is used to find the file name in the following table.
:file_names 3;
    "N/A";
    "<interactive>";
    "lock.v";
