#! /usr/local/Cellar/icarus-verilog/11.0/bin/vvp
:ivl_version "11.0 (stable)";
:ivl_delay_selection "TYPICAL";
:vpi_time_precision - 9;
:vpi_module "/usr/local/Cellar/icarus-verilog/11.0/lib/ivl/system.vpi";
:vpi_module "/usr/local/Cellar/icarus-verilog/11.0/lib/ivl/vhdl_sys.vpi";
:vpi_module "/usr/local/Cellar/icarus-verilog/11.0/lib/ivl/vhdl_textio.vpi";
:vpi_module "/usr/local/Cellar/icarus-verilog/11.0/lib/ivl/v2005_math.vpi";
:vpi_module "/usr/local/Cellar/icarus-verilog/11.0/lib/ivl/va_math.vpi";
S_0x7fb9c0c32cd0 .scope module, "testb11" "testb11" 2 11;
 .timescale -9 -9;
v0x7fb9c0c57120_0 .var "clk", 0 0;
v0x7fb9c0c57230_0 .net "displayRes", 0 0, L_0x7fb9c0c5ac50;  1 drivers
v0x7fb9c0c572c0_0 .var/i "i", 31 0;
v0x7fb9c0c57350_0 .var "nIn", 7 0;
v0x7fb9c0c573e0_0 .var "restart", 0 0;
v0x7fb9c0c57470_0 .var "start", 0 0;
v0x7fb9c0c57500_0 .net "sum", 7 0, v0x7fb9c0c54600_0;  1 drivers
S_0x7fb9c0c30f40 .scope module, "main" "GDP" 2 19, 2 76 0, S_0x7fb9c0c32cd0;
 .timescale -9 -9;
    .port_info 0 /OUTPUT 8 "Sum";
    .port_info 1 /INPUT 1 "start";
    .port_info 2 /INPUT 1 "restart";
    .port_info 3 /INPUT 1 "clk";
    .port_info 4 /INPUT 8 "n";
    .port_info 5 /OUTPUT 1 "done";
L_0x7fb9c0c5a2b0 .functor NOT 1, v0x7fb9c0c57470_0, C4<0>, C4<0>, C4<0>;
L_0x7fb9c0c59df0 .functor NOT 1, v0x7fb9c0c573e0_0, C4<0>, C4<0>, C4<0>;
L_0x7fb9c0c5ac50 .functor BUFZ 1, L_0x7fb9c0c5a0c0, C4<0>, C4<0>, C4<0>;
v0x7fb9c0c564f0_0 .net "ALU", 2 0, L_0x7fb9c0c59a40;  1 drivers
v0x7fb9c0c565a0_0 .net "IE", 0 0, L_0x7fb9c0c57590;  1 drivers
v0x7fb9c0c56640_0 .net "OE", 0 0, L_0x7fb9c0c5a0c0;  1 drivers
v0x7fb9c0c566d0_0 .net "RAA", 1 0, L_0x7fb9c0c58720;  1 drivers
v0x7fb9c0c56760_0 .net "RAE", 0 0, L_0x7fb9c0c585a0;  1 drivers
v0x7fb9c0c567f0_0 .net "RBA", 1 0, L_0x7fb9c0c58dc0;  1 drivers
v0x7fb9c0c56880_0 .net "RBE", 0 0, L_0x7fb9c0c58c90;  1 drivers
v0x7fb9c0c56910_0 .net "SH", 1 0, L_0x7fb9c0c59fe0;  1 drivers
v0x7fb9c0c569a0_0 .net "Sum", 7 0, v0x7fb9c0c54600_0;  alias, 1 drivers
v0x7fb9c0c56ab0_0 .net "WA", 1 0, L_0x7fb9c0c578a0;  1 drivers
v0x7fb9c0c56b40_0 .net "WE", 0 0, L_0x7fb9c0c577b0;  1 drivers
v0x7fb9c0c56bd0_0 .net "clk", 0 0, v0x7fb9c0c57120_0;  1 drivers
v0x7fb9c0c56c60_0 .net "done", 0 0, L_0x7fb9c0c5ac50;  alias, 1 drivers
v0x7fb9c0c56d00_0 .net "n", 7 0, v0x7fb9c0c57350_0;  1 drivers
v0x7fb9c0c56de0_0 .net "nEqZero", 0 0, L_0x7fb9c0c5abb0;  1 drivers
v0x7fb9c0c56eb0_0 .net "restart", 0 0, v0x7fb9c0c573e0_0;  1 drivers
v0x7fb9c0c56f40_0 .net "start", 0 0, v0x7fb9c0c57470_0;  1 drivers
S_0x7fb9c0c04720 .scope module, "control" "CU" 2 86, 2 93 0, S_0x7fb9c0c30f40;
 .timescale -9 -9;
    .port_info 0 /OUTPUT 1 "IE";
    .port_info 1 /OUTPUT 1 "WE";
    .port_info 2 /OUTPUT 2 "WA";
    .port_info 3 /OUTPUT 1 "RAE";
    .port_info 4 /OUTPUT 2 "RAA";
    .port_info 5 /OUTPUT 1 "RBE";
    .port_info 6 /OUTPUT 2 "RBA";
    .port_info 7 /OUTPUT 3 "ALU";
    .port_info 8 /OUTPUT 2 "SH";
    .port_info 9 /OUTPUT 1 "OE";
    .port_info 10 /INPUT 1 "start";
    .port_info 11 /INPUT 1 "clk";
    .port_info 12 /INPUT 1 "restart";
    .port_info 13 /INPUT 1 "nEqZero";
P_0x7fb9c0c417c0 .param/l "S0" 0 2 104, C4<000>;
P_0x7fb9c0c41800 .param/l "S1" 0 2 105, C4<001>;
P_0x7fb9c0c41840 .param/l "S2" 0 2 106, C4<010>;
P_0x7fb9c0c41880 .param/l "S3" 0 2 107, C4<011>;
P_0x7fb9c0c418c0 .param/l "S4" 0 2 108, C4<100>;
L_0x7fb9c0c577b0 .functor NOT 1, L_0x7fb9c0c576d0, C4<0>, C4<0>, C4<0>;
L_0x7fb9c0c57aa0 .functor NOT 1, L_0x7fb9c0c579e0, C4<0>, C4<0>, C4<0>;
L_0x7fb9c0c57cc0 .functor AND 1, L_0x7fb9c0c57aa0, L_0x7fb9c0c57b70, C4<1>, C4<1>;
L_0x7fb9c0c57e50 .functor NOT 1, L_0x7fb9c0c57db0, C4<0>, C4<0>, C4<0>;
L_0x7fb9c0c57fe0 .functor AND 1, L_0x7fb9c0c57e50, L_0x7fb9c0c57f00, C4<1>, C4<1>;
L_0x7fb9c0c581b0 .functor NOT 1, L_0x7fb9c0c58110, C4<0>, C4<0>, C4<0>;
L_0x7fb9c0c57c10 .functor NOT 1, L_0x7fb9c0c58260, C4<0>, C4<0>, C4<0>;
L_0x7fb9c0c58490 .functor AND 1, L_0x7fb9c0c581b0, L_0x7fb9c0c57c10, C4<1>, C4<1>;
L_0x7fb9c0c585a0 .functor OR 1, L_0x7fb9c0c57fe0, L_0x7fb9c0c58490, C4<0>, C4<0>;
L_0x7fb9c0c58a20 .functor NOT 1, L_0x7fb9c0c58980, C4<0>, C4<0>, C4<0>;
L_0x7fb9c0c58ba0 .functor NOT 1, L_0x7fb9c0c58a90, C4<0>, C4<0>, C4<0>;
L_0x7fb9c0c58c90 .functor AND 1, L_0x7fb9c0c58a20, L_0x7fb9c0c58ba0, C4<1>, C4<1>;
L_0x7fb9c0c58b30 .functor NOT 1, L_0x7fb9c0c59080, C4<0>, C4<0>, C4<0>;
L_0x7fb9c0c59300 .functor NOT 1, L_0x7fb9c0c591d0, C4<0>, C4<0>, C4<0>;
L_0x7fb9c0c59000 .functor AND 1, L_0x7fb9c0c58b30, L_0x7fb9c0c59300, C4<1>, C4<1>;
L_0x7fb9c0c59160 .functor NOT 1, L_0x7fb9c0c59470, C4<0>, C4<0>, C4<0>;
L_0x7fb9c0c597f0 .functor AND 1, L_0x7fb9c0c59160, L_0x7fb9c0c59550, C4<1>, C4<1>;
L_0x7fb9c0c598f0 .functor OR 1, L_0x7fb9c0c59000, L_0x7fb9c0c597f0, C4<0>, C4<0>;
L_0x7fb9c0c59e90 .functor OR 1, L_0x7fb9c0c58300, L_0x7fb9c0c59d10, C4<0>, C4<0>;
v0x7fb9c0c162d0_0 .net "ALU", 2 0, L_0x7fb9c0c59a40;  alias, 1 drivers
v0x7fb9c0c4fc60_0 .net "IE", 0 0, L_0x7fb9c0c57590;  alias, 1 drivers
v0x7fb9c0c4fd00_0 .net "OE", 0 0, L_0x7fb9c0c5a0c0;  alias, 1 drivers
v0x7fb9c0c4fdb0_0 .net "RAA", 1 0, L_0x7fb9c0c58720;  alias, 1 drivers
v0x7fb9c0c4fe60_0 .net "RAE", 0 0, L_0x7fb9c0c585a0;  alias, 1 drivers
v0x7fb9c0c4ff40_0 .net "RBA", 1 0, L_0x7fb9c0c58dc0;  alias, 1 drivers
v0x7fb9c0c4fff0_0 .net "RBE", 0 0, L_0x7fb9c0c58c90;  alias, 1 drivers
v0x7fb9c0c50090_0 .net "SH", 1 0, L_0x7fb9c0c59fe0;  alias, 1 drivers
v0x7fb9c0c50140_0 .net "WA", 1 0, L_0x7fb9c0c578a0;  alias, 1 drivers
v0x7fb9c0c50250_0 .net "WE", 0 0, L_0x7fb9c0c577b0;  alias, 1 drivers
L_0x10e921008 .functor BUFT 1, C4<001>, C4<0>, C4<0>, C4<0>;
v0x7fb9c0c502f0_0 .net/2u *"_ivl_0", 2 0, L_0x10e921008;  1 drivers
L_0x10e921050 .functor BUFT 1, C4<0>, C4<0>, C4<0>, C4<0>;
v0x7fb9c0c503a0_0 .net/2s *"_ivl_10", 0 0, L_0x10e921050;  1 drivers
v0x7fb9c0c50450_0 .net *"_ivl_101", 0 0, L_0x7fb9c0c59960;  1 drivers
L_0x10e921200 .functor BUFT 1, C4<000>, C4<0>, C4<0>, C4<0>;
v0x7fb9c0c504f0_0 .net/2u *"_ivl_106", 2 0, L_0x10e921200;  1 drivers
v0x7fb9c0c505a0_0 .net *"_ivl_108", 0 0, L_0x7fb9c0c58300;  1 drivers
L_0x10e921248 .functor BUFT 1, C4<011>, C4<0>, C4<0>, C4<0>;
v0x7fb9c0c50640_0 .net/2u *"_ivl_110", 2 0, L_0x10e921248;  1 drivers
v0x7fb9c0c506f0_0 .net *"_ivl_112", 0 0, L_0x7fb9c0c59d10;  1 drivers
v0x7fb9c0c50880_0 .net *"_ivl_115", 0 0, L_0x7fb9c0c59e90;  1 drivers
L_0x10e921290 .functor BUFT 1, C4<0>, C4<0>, C4<0>, C4<0>;
v0x7fb9c0c50910_0 .net/2s *"_ivl_118", 0 0, L_0x10e921290;  1 drivers
L_0x10e9212d8 .functor BUFT 1, C4<0>, C4<0>, C4<0>, C4<0>;
v0x7fb9c0c509a0_0 .net/2s *"_ivl_123", 0 0, L_0x10e9212d8;  1 drivers
L_0x10e921320 .functor BUFT 1, C4<100>, C4<0>, C4<0>, C4<0>;
v0x7fb9c0c50a50_0 .net/2u *"_ivl_125", 2 0, L_0x10e921320;  1 drivers
v0x7fb9c0c50b00_0 .net *"_ivl_16", 0 0, L_0x7fb9c0c579e0;  1 drivers
v0x7fb9c0c50bb0_0 .net *"_ivl_17", 0 0, L_0x7fb9c0c57aa0;  1 drivers
v0x7fb9c0c50c60_0 .net *"_ivl_20", 0 0, L_0x7fb9c0c57b70;  1 drivers
v0x7fb9c0c50d10_0 .net *"_ivl_22", 0 0, L_0x7fb9c0c57cc0;  1 drivers
v0x7fb9c0c50db0_0 .net *"_ivl_24", 0 0, L_0x7fb9c0c57db0;  1 drivers
v0x7fb9c0c50e60_0 .net *"_ivl_25", 0 0, L_0x7fb9c0c57e50;  1 drivers
v0x7fb9c0c50f10_0 .net *"_ivl_28", 0 0, L_0x7fb9c0c57f00;  1 drivers
v0x7fb9c0c50fc0_0 .net *"_ivl_30", 0 0, L_0x7fb9c0c57fe0;  1 drivers
v0x7fb9c0c51060_0 .net *"_ivl_32", 0 0, L_0x7fb9c0c58110;  1 drivers
v0x7fb9c0c51110_0 .net *"_ivl_33", 0 0, L_0x7fb9c0c581b0;  1 drivers
v0x7fb9c0c511c0_0 .net *"_ivl_36", 0 0, L_0x7fb9c0c58260;  1 drivers
v0x7fb9c0c51270_0 .net *"_ivl_37", 0 0, L_0x7fb9c0c57c10;  1 drivers
v0x7fb9c0c507a0_0 .net *"_ivl_40", 0 0, L_0x7fb9c0c58490;  1 drivers
L_0x10e921098 .functor BUFT 1, C4<0>, C4<0>, C4<0>, C4<0>;
v0x7fb9c0c51500_0 .net/2s *"_ivl_45", 0 0, L_0x10e921098;  1 drivers
v0x7fb9c0c51590_0 .net *"_ivl_5", 0 0, L_0x7fb9c0c576d0;  1 drivers
L_0x10e9210e0 .functor BUFT 1, C4<011>, C4<0>, C4<0>, C4<0>;
v0x7fb9c0c51620_0 .net/2u *"_ivl_50", 2 0, L_0x10e9210e0;  1 drivers
v0x7fb9c0c516d0_0 .net *"_ivl_52", 0 0, L_0x7fb9c0c58840;  1 drivers
v0x7fb9c0c51770_0 .net *"_ivl_55", 0 0, L_0x7fb9c0c58980;  1 drivers
v0x7fb9c0c51820_0 .net *"_ivl_56", 0 0, L_0x7fb9c0c58a20;  1 drivers
v0x7fb9c0c518d0_0 .net *"_ivl_59", 0 0, L_0x7fb9c0c58a90;  1 drivers
v0x7fb9c0c51980_0 .net *"_ivl_60", 0 0, L_0x7fb9c0c58ba0;  1 drivers
L_0x10e921128 .functor BUFT 1, C4<0>, C4<0>, C4<0>, C4<0>;
v0x7fb9c0c51a30_0 .net/2s *"_ivl_66", 0 0, L_0x10e921128;  1 drivers
L_0x10e921170 .functor BUFT 1, C4<010>, C4<0>, C4<0>, C4<0>;
v0x7fb9c0c51ae0_0 .net/2u *"_ivl_71", 2 0, L_0x10e921170;  1 drivers
v0x7fb9c0c51b90_0 .net *"_ivl_73", 0 0, L_0x7fb9c0c58ee0;  1 drivers
v0x7fb9c0c51c30_0 .net *"_ivl_78", 0 0, L_0x7fb9c0c59080;  1 drivers
v0x7fb9c0c51ce0_0 .net *"_ivl_79", 0 0, L_0x7fb9c0c58b30;  1 drivers
v0x7fb9c0c51d90_0 .net *"_ivl_82", 0 0, L_0x7fb9c0c591d0;  1 drivers
v0x7fb9c0c51e40_0 .net *"_ivl_83", 0 0, L_0x7fb9c0c59300;  1 drivers
v0x7fb9c0c51ef0_0 .net *"_ivl_86", 0 0, L_0x7fb9c0c59000;  1 drivers
v0x7fb9c0c51f90_0 .net *"_ivl_88", 0 0, L_0x7fb9c0c59470;  1 drivers
v0x7fb9c0c52040_0 .net *"_ivl_89", 0 0, L_0x7fb9c0c59160;  1 drivers
v0x7fb9c0c520f0_0 .net *"_ivl_92", 0 0, L_0x7fb9c0c59550;  1 drivers
v0x7fb9c0c521a0_0 .net *"_ivl_94", 0 0, L_0x7fb9c0c597f0;  1 drivers
v0x7fb9c0c52240_0 .net *"_ivl_96", 0 0, L_0x7fb9c0c598f0;  1 drivers
L_0x10e9211b8 .functor BUFT 1, C4<011>, C4<0>, C4<0>, C4<0>;
v0x7fb9c0c522e0_0 .net/2u *"_ivl_99", 2 0, L_0x10e9211b8;  1 drivers
v0x7fb9c0c52390_0 .net "clk", 0 0, v0x7fb9c0c57120_0;  alias, 1 drivers
v0x7fb9c0c52430_0 .net "nEqZero", 0 0, L_0x7fb9c0c5abb0;  alias, 1 drivers
v0x7fb9c0c524d0_0 .var "nextstate", 2 0;
v0x7fb9c0c52580_0 .net "restart", 0 0, L_0x7fb9c0c59df0;  1 drivers
v0x7fb9c0c52620_0 .net "start", 0 0, L_0x7fb9c0c5a2b0;  1 drivers
v0x7fb9c0c526c0_0 .var "state", 2 0;
E_0x7fb9c0c32e40 .event edge, v0x7fb9c0c526c0_0, v0x7fb9c0c52620_0, v0x7fb9c0c52430_0, v0x7fb9c0c52580_0;
E_0x7fb9c0c3ce00 .event posedge, v0x7fb9c0c52390_0;
L_0x7fb9c0c57590 .cmp/eq 3, v0x7fb9c0c526c0_0, L_0x10e921008;
L_0x7fb9c0c576d0 .part v0x7fb9c0c526c0_0, 2, 1;
L_0x7fb9c0c578a0 .concat8 [ 1 1 0 0], L_0x7fb9c0c57cc0, L_0x10e921050;
L_0x7fb9c0c579e0 .part v0x7fb9c0c526c0_0, 2, 1;
L_0x7fb9c0c57b70 .part v0x7fb9c0c526c0_0, 0, 1;
L_0x7fb9c0c57db0 .part v0x7fb9c0c526c0_0, 2, 1;
L_0x7fb9c0c57f00 .part v0x7fb9c0c526c0_0, 1, 1;
L_0x7fb9c0c58110 .part v0x7fb9c0c526c0_0, 1, 1;
L_0x7fb9c0c58260 .part v0x7fb9c0c526c0_0, 0, 1;
L_0x7fb9c0c58720 .concat8 [ 1 1 0 0], L_0x7fb9c0c58840, L_0x10e921098;
L_0x7fb9c0c58840 .cmp/eq 3, v0x7fb9c0c526c0_0, L_0x10e9210e0;
L_0x7fb9c0c58980 .part v0x7fb9c0c526c0_0, 2, 1;
L_0x7fb9c0c58a90 .part v0x7fb9c0c526c0_0, 0, 1;
L_0x7fb9c0c58dc0 .concat8 [ 1 1 0 0], L_0x7fb9c0c58ee0, L_0x10e921128;
L_0x7fb9c0c58ee0 .cmp/eq 3, v0x7fb9c0c526c0_0, L_0x10e921170;
L_0x7fb9c0c59080 .part v0x7fb9c0c526c0_0, 2, 1;
L_0x7fb9c0c591d0 .part v0x7fb9c0c526c0_0, 0, 1;
L_0x7fb9c0c59470 .part v0x7fb9c0c526c0_0, 2, 1;
L_0x7fb9c0c59550 .part v0x7fb9c0c526c0_0, 1, 1;
L_0x7fb9c0c59960 .cmp/eq 3, v0x7fb9c0c526c0_0, L_0x10e9211b8;
L_0x7fb9c0c59a40 .concat8 [ 1 1 1 0], L_0x7fb9c0c59e90, L_0x7fb9c0c59960, L_0x7fb9c0c598f0;
L_0x7fb9c0c58300 .cmp/eq 3, v0x7fb9c0c526c0_0, L_0x10e921200;
L_0x7fb9c0c59d10 .cmp/eq 3, v0x7fb9c0c526c0_0, L_0x10e921248;
L_0x7fb9c0c59fe0 .concat8 [ 1 1 0 0], L_0x10e9212d8, L_0x10e921290;
L_0x7fb9c0c5a0c0 .cmp/eq 3, v0x7fb9c0c526c0_0, L_0x10e921320;
S_0x7fb9c0c528c0 .scope module, "datapath" "DP" 2 87, 2 159 0, S_0x7fb9c0c30f40;
 .timescale -9 -9;
    .port_info 0 /OUTPUT 1 "nEQZero";
    .port_info 1 /OUTPUT 8 "sum";
    .port_info 2 /INPUT 8 "nIn";
    .port_info 3 /INPUT 1 "clk";
    .port_info 4 /INPUT 1 "IE";
    .port_info 5 /INPUT 1 "WE";
    .port_info 6 /INPUT 2 "WA";
    .port_info 7 /INPUT 1 "RAE";
    .port_info 8 /INPUT 2 "RAA";
    .port_info 9 /INPUT 1 "RBE";
    .port_info 10 /INPUT 2 "RBA";
    .port_info 11 /INPUT 3 "ALU";
    .port_info 12 /INPUT 2 "SH";
    .port_info 13 /INPUT 1 "OE";
v0x7fb9c0c55290_0 .net "ALU", 2 0, L_0x7fb9c0c59a40;  alias, 1 drivers
v0x7fb9c0c55380_0 .net "IE", 0 0, L_0x7fb9c0c57590;  alias, 1 drivers
v0x7fb9c0c55450_0 .net "OE", 0 0, L_0x7fb9c0c5a0c0;  alias, 1 drivers
v0x7fb9c0c55520_0 .net "RAA", 1 0, L_0x7fb9c0c58720;  alias, 1 drivers
v0x7fb9c0c555f0_0 .net "RAE", 0 0, L_0x7fb9c0c585a0;  alias, 1 drivers
v0x7fb9c0c55700_0 .net "RBA", 1 0, L_0x7fb9c0c58dc0;  alias, 1 drivers
v0x7fb9c0c557d0_0 .net "RBE", 0 0, L_0x7fb9c0c58c90;  alias, 1 drivers
v0x7fb9c0c558a0_0 .net "RFa", 7 0, L_0x7fb9c0c5a520;  1 drivers
v0x7fb9c0c55970_0 .net "RFb", 7 0, L_0x7fb9c0c5a820;  1 drivers
v0x7fb9c0c55a80_0 .net "SH", 1 0, L_0x7fb9c0c59fe0;  alias, 1 drivers
v0x7fb9c0c55b10_0 .net "WA", 1 0, L_0x7fb9c0c578a0;  alias, 1 drivers
v0x7fb9c0c55be0_0 .net "WE", 0 0, L_0x7fb9c0c577b0;  alias, 1 drivers
v0x7fb9c0c55cb0_0 .net *"_ivl_0", 31 0, L_0x7fb9c0c5a940;  1 drivers
L_0x10e921488 .functor BUFT 1, C4<000000000000000000000000>, C4<0>, C4<0>, C4<0>;
v0x7fb9c0c55d40_0 .net *"_ivl_3", 23 0, L_0x10e921488;  1 drivers
L_0x10e9214d0 .functor BUFT 1, C4<00000000000000000000000000000000>, C4<0>, C4<0>, C4<0>;
v0x7fb9c0c55dd0_0 .net/2u *"_ivl_4", 31 0, L_0x10e9214d0;  1 drivers
v0x7fb9c0c55e60_0 .net "aluOut", 7 0, v0x7fb9c0c550d0_0;  1 drivers
v0x7fb9c0c55f30_0 .net "clk", 0 0, v0x7fb9c0c57120_0;  alias, 1 drivers
v0x7fb9c0c56100_0 .net "n", 7 0, v0x7fb9c0c54b00_0;  1 drivers
v0x7fb9c0c56190_0 .net "nEQZero", 0 0, L_0x7fb9c0c5abb0;  alias, 1 drivers
v0x7fb9c0c56220_0 .net "nIn", 7 0, v0x7fb9c0c57350_0;  alias, 1 drivers
v0x7fb9c0c562b0_0 .var "rfIn", 7 0;
v0x7fb9c0c56340_0 .net "shOut", 7 0, v0x7fb9c0c54050_0;  1 drivers
v0x7fb9c0c563d0_0 .net "sum", 7 0, v0x7fb9c0c54600_0;  alias, 1 drivers
E_0x7fb9c0c52b80 .event edge, v0x7fb9c0c54b00_0;
L_0x7fb9c0c5a940 .concat [ 8 24 0 0], v0x7fb9c0c54b00_0, L_0x10e921488;
L_0x7fb9c0c5abb0 .cmp/eq 32, L_0x7fb9c0c5a940, L_0x10e9214d0;
S_0x7fb9c0c52bb0 .scope module, "RF" "Regfile" 2 178, 2 204 0, S_0x7fb9c0c528c0;
 .timescale -9 -9;
    .port_info 0 /INPUT 1 "clk";
    .port_info 1 /INPUT 2 "RAA";
    .port_info 2 /OUTPUT 8 "ReadA";
    .port_info 3 /INPUT 2 "RBA";
    .port_info 4 /OUTPUT 8 "ReadB";
    .port_info 5 /INPUT 1 "WE";
    .port_info 6 /INPUT 2 "WA";
    .port_info 7 /INPUT 8 "INPUT_D";
    .port_info 8 /INPUT 1 "RAE";
    .port_info 9 /INPUT 1 "RBE";
v0x7fb9c0c52eb0_0 .net "INPUT_D", 7 0, v0x7fb9c0c562b0_0;  1 drivers
v0x7fb9c0c52f70_0 .net "RAA", 1 0, L_0x7fb9c0c58720;  alias, 1 drivers
v0x7fb9c0c53030_0 .net "RAE", 0 0, L_0x7fb9c0c585a0;  alias, 1 drivers
v0x7fb9c0c53100_0 .net "RBA", 1 0, L_0x7fb9c0c58dc0;  alias, 1 drivers
v0x7fb9c0c531b0_0 .net "RBE", 0 0, L_0x7fb9c0c58c90;  alias, 1 drivers
v0x7fb9c0c53280 .array "REG_F", 3 0, 7 0;
v0x7fb9c0c53310_0 .net "ReadA", 7 0, L_0x7fb9c0c5a520;  alias, 1 drivers
v0x7fb9c0c533a0_0 .net "ReadB", 7 0, L_0x7fb9c0c5a820;  alias, 1 drivers
v0x7fb9c0c53440_0 .net "WA", 1 0, L_0x7fb9c0c578a0;  alias, 1 drivers
v0x7fb9c0c53580_0 .net "WE", 0 0, L_0x7fb9c0c577b0;  alias, 1 drivers
v0x7fb9c0c53610_0 .net *"_ivl_0", 7 0, L_0x7fb9c0c5a360;  1 drivers
v0x7fb9c0c536a0_0 .net *"_ivl_10", 7 0, L_0x7fb9c0c5a640;  1 drivers
v0x7fb9c0c53730_0 .net *"_ivl_12", 3 0, L_0x7fb9c0c5a6e0;  1 drivers
L_0x10e9213f8 .functor BUFT 1, C4<00>, C4<0>, C4<0>, C4<0>;
v0x7fb9c0c537e0_0 .net *"_ivl_15", 1 0, L_0x10e9213f8;  1 drivers
L_0x10e921440 .functor BUFT 1, C4<00000000>, C4<0>, C4<0>, C4<0>;
v0x7fb9c0c53890_0 .net/2u *"_ivl_16", 7 0, L_0x10e921440;  1 drivers
v0x7fb9c0c53940_0 .net *"_ivl_2", 3 0, L_0x7fb9c0c5a400;  1 drivers
L_0x10e921368 .functor BUFT 1, C4<00>, C4<0>, C4<0>, C4<0>;
v0x7fb9c0c539f0_0 .net *"_ivl_5", 1 0, L_0x10e921368;  1 drivers
L_0x10e9213b0 .functor BUFT 1, C4<00000000>, C4<0>, C4<0>, C4<0>;
v0x7fb9c0c53ba0_0 .net/2u *"_ivl_6", 7 0, L_0x10e9213b0;  1 drivers
v0x7fb9c0c53c50_0 .net "clk", 0 0, v0x7fb9c0c57120_0;  alias, 1 drivers
L_0x7fb9c0c5a360 .array/port v0x7fb9c0c53280, L_0x7fb9c0c5a400;
L_0x7fb9c0c5a400 .concat [ 2 2 0 0], L_0x7fb9c0c58720, L_0x10e921368;
L_0x7fb9c0c5a520 .functor MUXZ 8, L_0x10e9213b0, L_0x7fb9c0c5a360, L_0x7fb9c0c585a0, C4<>;
L_0x7fb9c0c5a640 .array/port v0x7fb9c0c53280, L_0x7fb9c0c5a6e0;
L_0x7fb9c0c5a6e0 .concat [ 2 2 0 0], L_0x7fb9c0c58dc0, L_0x10e9213f8;
L_0x7fb9c0c5a820 .functor MUXZ 8, L_0x10e921440, L_0x7fb9c0c5a640, L_0x7fb9c0c58c90, C4<>;
S_0x7fb9c0c53d60 .scope module, "SHIFT" "shifter" 2 180, 2 253 0, S_0x7fb9c0c528c0;
 .timescale -9 -9;
    .port_info 0 /OUTPUT 8 "out";
    .port_info 1 /INPUT 8 "a";
    .port_info 2 /INPUT 2 "sh";
v0x7fb9c0c53f90_0 .net "a", 7 0, v0x7fb9c0c550d0_0;  alias, 1 drivers
v0x7fb9c0c54050_0 .var "out", 7 0;
v0x7fb9c0c54100_0 .net "sh", 1 0, L_0x7fb9c0c59fe0;  alias, 1 drivers
E_0x7fb9c0c53f50 .event edge, v0x7fb9c0c50090_0, v0x7fb9c0c53f90_0;
S_0x7fb9c0c54210 .scope module, "buffer1" "buff" 2 181, 2 271 0, S_0x7fb9c0c528c0;
 .timescale -9 -9;
    .port_info 0 /OUTPUT 8 "result";
    .port_info 1 /INPUT 8 "a";
    .port_info 2 /INPUT 1 "buf1";
v0x7fb9c0c54480_0 .net "a", 7 0, v0x7fb9c0c54050_0;  alias, 1 drivers
v0x7fb9c0c54550_0 .net "buf1", 0 0, L_0x7fb9c0c5a0c0;  alias, 1 drivers
v0x7fb9c0c54600_0 .var "result", 7 0;
E_0x7fb9c0c54440 .event edge, v0x7fb9c0c4fd00_0, v0x7fb9c0c54050_0;
S_0x7fb9c0c546f0 .scope module, "muxs" "mux8" 2 177, 2 188 0, S_0x7fb9c0c528c0;
 .timescale -9 -9;
    .port_info 0 /OUTPUT 8 "result";
    .port_info 1 /INPUT 8 "a";
    .port_info 2 /INPUT 8 "b";
    .port_info 3 /INPUT 1 "sel";
v0x7fb9c0c54970_0 .net "a", 7 0, v0x7fb9c0c54050_0;  alias, 1 drivers
v0x7fb9c0c54a60_0 .net "b", 7 0, v0x7fb9c0c57350_0;  alias, 1 drivers
v0x7fb9c0c54b00_0 .var "result", 7 0;
v0x7fb9c0c54bb0_0 .net "sel", 0 0, L_0x7fb9c0c57590;  alias, 1 drivers
E_0x7fb9c0c54910 .event edge, v0x7fb9c0c4fc60_0, v0x7fb9c0c54050_0, v0x7fb9c0c54a60_0;
S_0x7fb9c0c54cb0 .scope module, "theALU" "alu" 2 179, 2 230 0, S_0x7fb9c0c528c0;
 .timescale -9 -9;
    .port_info 0 /OUTPUT 8 "out";
    .port_info 1 /INPUT 8 "a";
    .port_info 2 /INPUT 8 "b";
    .port_info 3 /INPUT 3 "sel";
v0x7fb9c0c54f60_0 .net "a", 7 0, L_0x7fb9c0c5a520;  alias, 1 drivers
v0x7fb9c0c55020_0 .net "b", 7 0, L_0x7fb9c0c5a820;  alias, 1 drivers
v0x7fb9c0c550d0_0 .var "out", 7 0;
v0x7fb9c0c551a0_0 .net "sel", 2 0, L_0x7fb9c0c59a40;  alias, 1 drivers
E_0x7fb9c0c54f10 .event edge, v0x7fb9c0c162d0_0, v0x7fb9c0c53310_0, v0x7fb9c0c533a0_0;
    .scope S_0x7fb9c0c04720;
T_0 ;
    %pushi/vec4 0, 0, 3;
    %store/vec4 v0x7fb9c0c526c0_0, 0, 3;
    %end;
    .thread T_0;
    .scope S_0x7fb9c0c04720;
T_1 ;
    %wait E_0x7fb9c0c3ce00;
    %load/vec4 v0x7fb9c0c524d0_0;
    %assign/vec4 v0x7fb9c0c526c0_0, 0;
    %jmp T_1;
    .thread T_1;
    .scope S_0x7fb9c0c04720;
T_2 ;
    %wait E_0x7fb9c0c32e40;
    %load/vec4 v0x7fb9c0c526c0_0;
    %dup/vec4;
    %pushi/vec4 0, 0, 3;
    %cmp/u;
    %jmp/1 T_2.0, 6;
    %dup/vec4;
    %pushi/vec4 1, 0, 3;
    %cmp/u;
    %jmp/1 T_2.1, 6;
    %dup/vec4;
    %pushi/vec4 2, 0, 3;
    %cmp/u;
    %jmp/1 T_2.2, 6;
    %dup/vec4;
    %pushi/vec4 3, 0, 3;
    %cmp/u;
    %jmp/1 T_2.3, 6;
    %dup/vec4;
    %pushi/vec4 4, 0, 3;
    %cmp/u;
    %jmp/1 T_2.4, 6;
    %pushi/vec4 0, 0, 3;
    %store/vec4 v0x7fb9c0c524d0_0, 0, 3;
    %jmp T_2.6;
T_2.0 ;
    %load/vec4 v0x7fb9c0c52620_0;
    %flag_set/vec4 8;
    %jmp/0xz  T_2.7, 8;
    %pushi/vec4 1, 0, 3;
    %store/vec4 v0x7fb9c0c524d0_0, 0, 3;
    %jmp T_2.8;
T_2.7 ;
    %pushi/vec4 0, 0, 3;
    %store/vec4 v0x7fb9c0c524d0_0, 0, 3;
T_2.8 ;
    %jmp T_2.6;
T_2.1 ;
    %load/vec4 v0x7fb9c0c52430_0;
    %flag_set/vec4 8;
    %jmp/0xz  T_2.9, 8;
    %pushi/vec4 4, 0, 3;
    %store/vec4 v0x7fb9c0c524d0_0, 0, 3;
    %jmp T_2.10;
T_2.9 ;
    %pushi/vec4 2, 0, 3;
    %store/vec4 v0x7fb9c0c524d0_0, 0, 3;
T_2.10 ;
    %jmp T_2.6;
T_2.2 ;
    %pushi/vec4 3, 0, 3;
    %store/vec4 v0x7fb9c0c524d0_0, 0, 3;
    %jmp T_2.6;
T_2.3 ;
    %load/vec4 v0x7fb9c0c52430_0;
    %flag_set/vec4 8;
    %jmp/0xz  T_2.11, 8;
    %pushi/vec4 4, 0, 3;
    %store/vec4 v0x7fb9c0c524d0_0, 0, 3;
    %jmp T_2.12;
T_2.11 ;
    %pushi/vec4 2, 0, 3;
    %store/vec4 v0x7fb9c0c524d0_0, 0, 3;
T_2.12 ;
    %jmp T_2.6;
T_2.4 ;
    %load/vec4 v0x7fb9c0c52580_0;
    %flag_set/vec4 8;
    %jmp/0xz  T_2.13, 8;
    %pushi/vec4 0, 0, 3;
    %store/vec4 v0x7fb9c0c524d0_0, 0, 3;
    %jmp T_2.14;
T_2.13 ;
    %pushi/vec4 4, 0, 3;
    %store/vec4 v0x7fb9c0c524d0_0, 0, 3;
T_2.14 ;
    %jmp T_2.6;
T_2.6 ;
    %pop/vec4 1;
    %jmp T_2;
    .thread T_2, $push;
    .scope S_0x7fb9c0c546f0;
T_3 ;
    %wait E_0x7fb9c0c54910;
    %load/vec4 v0x7fb9c0c54bb0_0;
    %pad/u 32;
    %cmpi/e 0, 0, 32;
    %jmp/0xz  T_3.0, 4;
    %load/vec4 v0x7fb9c0c54970_0;
    %store/vec4 v0x7fb9c0c54b00_0, 0, 8;
    %jmp T_3.1;
T_3.0 ;
    %load/vec4 v0x7fb9c0c54a60_0;
    %store/vec4 v0x7fb9c0c54b00_0, 0, 8;
T_3.1 ;
    %jmp T_3;
    .thread T_3, $push;
    .scope S_0x7fb9c0c52bb0;
T_4 ;
    %wait E_0x7fb9c0c3ce00;
    %load/vec4 v0x7fb9c0c53580_0;
    %pad/u 32;
    %cmpi/e 1, 0, 32;
    %jmp/0xz  T_4.0, 4;
    %load/vec4 v0x7fb9c0c52eb0_0;
    %load/vec4 v0x7fb9c0c53440_0;
    %pad/u 4;
    %ix/vec4 3;
    %ix/load 4, 0, 0; Constant delay
    %assign/vec4/a/d v0x7fb9c0c53280, 0, 4;
T_4.0 ;
    %jmp T_4;
    .thread T_4;
    .scope S_0x7fb9c0c54cb0;
T_5 ;
    %wait E_0x7fb9c0c54f10;
    %load/vec4 v0x7fb9c0c551a0_0;
    %dup/vec4;
    %pushi/vec4 0, 0, 3;
    %cmp/u;
    %jmp/1 T_5.0, 6;
    %dup/vec4;
    %pushi/vec4 1, 0, 3;
    %cmp/u;
    %jmp/1 T_5.1, 6;
    %dup/vec4;
    %pushi/vec4 2, 0, 3;
    %cmp/u;
    %jmp/1 T_5.2, 6;
    %dup/vec4;
    %pushi/vec4 3, 0, 3;
    %cmp/u;
    %jmp/1 T_5.3, 6;
    %dup/vec4;
    %pushi/vec4 4, 0, 3;
    %cmp/u;
    %jmp/1 T_5.4, 6;
    %dup/vec4;
    %pushi/vec4 5, 0, 3;
    %cmp/u;
    %jmp/1 T_5.5, 6;
    %dup/vec4;
    %pushi/vec4 6, 0, 3;
    %cmp/u;
    %jmp/1 T_5.6, 6;
    %dup/vec4;
    %pushi/vec4 7, 0, 3;
    %cmp/u;
    %jmp/1 T_5.7, 6;
    %jmp T_5.8;
T_5.0 ;
    %load/vec4 v0x7fb9c0c54f60_0;
    %store/vec4 v0x7fb9c0c550d0_0, 0, 8;
    %jmp T_5.8;
T_5.1 ;
    %load/vec4 v0x7fb9c0c54f60_0;
    %load/vec4 v0x7fb9c0c55020_0;
    %and;
    %store/vec4 v0x7fb9c0c550d0_0, 0, 8;
    %jmp T_5.8;
T_5.2 ;
    %load/vec4 v0x7fb9c0c54f60_0;
    %load/vec4 v0x7fb9c0c55020_0;
    %or;
    %store/vec4 v0x7fb9c0c550d0_0, 0, 8;
    %jmp T_5.8;
T_5.3 ;
    %load/vec4 v0x7fb9c0c54f60_0;
    %nor/r;
    %pad/u 8;
    %store/vec4 v0x7fb9c0c550d0_0, 0, 8;
    %jmp T_5.8;
T_5.4 ;
    %load/vec4 v0x7fb9c0c54f60_0;
    %load/vec4 v0x7fb9c0c55020_0;
    %add;
    %store/vec4 v0x7fb9c0c550d0_0, 0, 8;
    %jmp T_5.8;
T_5.5 ;
    %load/vec4 v0x7fb9c0c54f60_0;
    %load/vec4 v0x7fb9c0c55020_0;
    %sub;
    %store/vec4 v0x7fb9c0c550d0_0, 0, 8;
    %jmp T_5.8;
T_5.6 ;
    %load/vec4 v0x7fb9c0c54f60_0;
    %addi 1, 0, 8;
    %store/vec4 v0x7fb9c0c550d0_0, 0, 8;
    %jmp T_5.8;
T_5.7 ;
    %load/vec4 v0x7fb9c0c54f60_0;
    %subi 1, 0, 8;
    %store/vec4 v0x7fb9c0c550d0_0, 0, 8;
    %jmp T_5.8;
T_5.8 ;
    %pop/vec4 1;
    %jmp T_5;
    .thread T_5, $push;
    .scope S_0x7fb9c0c53d60;
T_6 ;
    %wait E_0x7fb9c0c53f50;
    %load/vec4 v0x7fb9c0c54100_0;
    %dup/vec4;
    %pushi/vec4 0, 0, 2;
    %cmp/u;
    %jmp/1 T_6.0, 6;
    %dup/vec4;
    %pushi/vec4 1, 0, 2;
    %cmp/u;
    %jmp/1 T_6.1, 6;
    %dup/vec4;
    %pushi/vec4 2, 0, 2;
    %cmp/u;
    %jmp/1 T_6.2, 6;
    %dup/vec4;
    %pushi/vec4 3, 0, 2;
    %cmp/u;
    %jmp/1 T_6.3, 6;
    %jmp T_6.4;
T_6.0 ;
    %load/vec4 v0x7fb9c0c53f90_0;
    %store/vec4 v0x7fb9c0c54050_0, 0, 8;
    %jmp T_6.4;
T_6.1 ;
    %load/vec4 v0x7fb9c0c53f90_0;
    %ix/load 4, 1, 0;
    %flag_set/imm 4, 0;
    %shiftl 4;
    %store/vec4 v0x7fb9c0c54050_0, 0, 8;
    %jmp T_6.4;
T_6.2 ;
    %load/vec4 v0x7fb9c0c53f90_0;
    %ix/load 4, 1, 0;
    %flag_set/imm 4, 0;
    %shiftr 4;
    %store/vec4 v0x7fb9c0c54050_0, 0, 8;
    %jmp T_6.4;
T_6.3 ;
    %load/vec4 v0x7fb9c0c53f90_0;
    %parti/s 1, 6, 4;
    %load/vec4 v0x7fb9c0c53f90_0;
    %parti/s 1, 5, 4;
    %concat/vec4; draw_concat_vec4
    %load/vec4 v0x7fb9c0c53f90_0;
    %parti/s 1, 4, 4;
    %concat/vec4; draw_concat_vec4
    %load/vec4 v0x7fb9c0c53f90_0;
    %parti/s 1, 3, 3;
    %concat/vec4; draw_concat_vec4
    %load/vec4 v0x7fb9c0c53f90_0;
    %parti/s 1, 2, 3;
    %concat/vec4; draw_concat_vec4
    %load/vec4 v0x7fb9c0c53f90_0;
    %parti/s 1, 1, 2;
    %concat/vec4; draw_concat_vec4
    %load/vec4 v0x7fb9c0c53f90_0;
    %parti/s 1, 0, 2;
    %concat/vec4; draw_concat_vec4
    %load/vec4 v0x7fb9c0c53f90_0;
    %parti/s 1, 7, 4;
    %concat/vec4; draw_concat_vec4
    %store/vec4 v0x7fb9c0c54050_0, 0, 8;
    %jmp T_6.4;
T_6.4 ;
    %pop/vec4 1;
    %jmp T_6;
    .thread T_6, $push;
    .scope S_0x7fb9c0c54210;
T_7 ;
    %wait E_0x7fb9c0c54440;
    %load/vec4 v0x7fb9c0c54550_0;
    %pad/u 32;
    %cmpi/e 1, 0, 32;
    %jmp/0xz  T_7.0, 4;
    %load/vec4 v0x7fb9c0c54480_0;
    %store/vec4 v0x7fb9c0c54600_0, 0, 8;
    %jmp T_7.1;
T_7.0 ;
    %pushi/vec4 0, 255, 8;
    %store/vec4 v0x7fb9c0c54600_0, 0, 8;
T_7.1 ;
    %jmp T_7;
    .thread T_7, $push;
    .scope S_0x7fb9c0c528c0;
T_8 ;
    %pushi/vec4 0, 0, 8;
    %store/vec4 v0x7fb9c0c562b0_0, 0, 8;
    %end;
    .thread T_8;
    .scope S_0x7fb9c0c528c0;
T_9 ;
    %wait E_0x7fb9c0c52b80;
    %load/vec4 v0x7fb9c0c56100_0;
    %store/vec4 v0x7fb9c0c562b0_0, 0, 8;
    %jmp T_9;
    .thread T_9, $push;
    .scope S_0x7fb9c0c32cd0;
T_10 ;
    %delay 2, 0;
    %load/vec4 v0x7fb9c0c57120_0;
    %inv;
    %store/vec4 v0x7fb9c0c57120_0, 0, 1;
    %jmp T_10;
    .thread T_10;
    .scope S_0x7fb9c0c32cd0;
T_11 ;
    %vpi_call 2 35 "$dumpfile", "wave.vcd" {0 0 0};
    %vpi_call 2 36 "$dumpvars", 32'sb00000000000000000000000000000000, S_0x7fb9c0c32cd0 {0 0 0};
    %vpi_call 2 38 "$write", "\012 testing the summation algorithm on the GDP  ,  n = 0 : 22\012\012" {0 0 0};
    %pushi/vec4 1, 0, 1;
    %store/vec4 v0x7fb9c0c57470_0, 0, 1;
    %pushi/vec4 1, 0, 1;
    %store/vec4 v0x7fb9c0c573e0_0, 0, 1;
    %pushi/vec4 0, 0, 1;
    %store/vec4 v0x7fb9c0c57120_0, 0, 1;
    %end;
    .thread T_11;
    .scope S_0x7fb9c0c32cd0;
T_12 ;
    %pushi/vec4 0, 0, 32;
    %store/vec4 v0x7fb9c0c572c0_0, 0, 32;
T_12.0 ;
    %load/vec4 v0x7fb9c0c572c0_0;
    %cmpi/s 23, 0, 32;
    %jmp/0xz T_12.1, 5;
    %load/vec4 v0x7fb9c0c572c0_0;
    %pad/s 8;
    %assign/vec4 v0x7fb9c0c57350_0, 0;
    %pushi/vec4 0, 0, 1;
    %store/vec4 v0x7fb9c0c57470_0, 0, 1;
    %delay 40, 0;
    %pushi/vec4 1, 0, 1;
    %store/vec4 v0x7fb9c0c573e0_0, 0, 1;
T_12.2 ;
    %load/vec4 v0x7fb9c0c57230_0;
    %cmpi/ne 1, 0, 1;
    %jmp/0xz T_12.3, 4;
    %delay 5, 0;
    %jmp T_12.2;
T_12.3 ;
    %load/vec4 v0x7fb9c0c572c0_0;
    %load/vec4 v0x7fb9c0c572c0_0;
    %addi 1, 0, 32;
    %mul;
    %pushi/vec4 2, 0, 32;
    %div/s;
    %vpi_call 2 54 "$write", " Input:  %2d  ,  Result:  %3d  ,  Expected:  %3d", v0x7fb9c0c57350_0, v0x7fb9c0c57500_0, S<0,vec4,s32> {1 0 0};
    %load/vec4 v0x7fb9c0c57500_0;
    %pad/u 32;
    %load/vec4 v0x7fb9c0c572c0_0;
    %load/vec4 v0x7fb9c0c572c0_0;
    %addi 1, 0, 32;
    %mul;
    %pushi/vec4 2, 0, 32;
    %div;
    %cmp/e;
    %jmp/0xz  T_12.4, 4;
    %vpi_call 2 58 "$display", "    -->  Correct!" {0 0 0};
    %jmp T_12.5;
T_12.4 ;
    %vpi_call 2 60 "$display", "    -->  Incorrect!" {0 0 0};
T_12.5 ;
    %pushi/vec4 0, 0, 1;
    %store/vec4 v0x7fb9c0c573e0_0, 0, 1;
    %pushi/vec4 1, 0, 1;
    %store/vec4 v0x7fb9c0c57470_0, 0, 1;
    %load/vec4 v0x7fb9c0c572c0_0;
    %addi 1, 0, 32;
    %store/vec4 v0x7fb9c0c572c0_0, 0, 32;
    %jmp T_12.0;
T_12.1 ;
    %delay 10, 0;
    %vpi_call 2 66 "$write", "\012\012\011\011 ~ ~ ~ TEST COMPLETE ~ ~ ~  %3t  ns\012\012", $time {0 0 0};
    %vpi_call 2 67 "$finish" {0 0 0};
    %jmp T_12;
    .thread T_12;
# The file index is used to find the file name in the following table.
:file_names 3;
    "N/A";
    "<interactive>";
    "testb11.v";
