#! /usr/local/Cellar/icarus-verilog/11.0/bin/vvp
:ivl_version "11.0 (stable)";
:ivl_delay_selection "TYPICAL";
:vpi_time_precision - 9;
:vpi_module "/usr/local/Cellar/icarus-verilog/11.0/lib/ivl/system.vpi";
:vpi_module "/usr/local/Cellar/icarus-verilog/11.0/lib/ivl/vhdl_sys.vpi";
:vpi_module "/usr/local/Cellar/icarus-verilog/11.0/lib/ivl/vhdl_textio.vpi";
:vpi_module "/usr/local/Cellar/icarus-verilog/11.0/lib/ivl/v2005_math.vpi";
:vpi_module "/usr/local/Cellar/icarus-verilog/11.0/lib/ivl/va_math.vpi";
S_0x7ff895c09ec0 .scope module, "tb" "tb" 2 12;
 .timescale -9 -9;
v0x7ff895c2c310_0 .var "clock", 0 0;
v0x7ff895c2c3f0_0 .var/i "idx", 31 0;
v0x7ff895c2c480_0 .var "pass", 6 0;
v0x7ff895c2c520_0 .var "reset", 0 0;
v0x7ff895c2c5d0_0 .var/i "result", 31 0;
v0x7ff895c2c6b0_0 .var "roll", 0 0;
v0x7ff895c2c740_0 .var/i "seed", 31 0;
v0x7ff895c2c7e0_0 .net "seg7", 6 0, v0x7ff895c2c230_0;  1 drivers
S_0x7ff895c0a030 .scope module, "DUT" "topEnt" 2 24, 2 81 0, S_0x7ff895c09ec0;
 .timescale -9 -9;
    .port_info 0 /OUTPUT 7 "seg7";
    .port_info 1 /INPUT 1 "roll";
    .port_info 2 /INPUT 1 "reset";
    .port_info 3 /INPUT 1 "clock";
P_0x7ff895c04700 .param/l "CLEAR" 0 2 92, C4<1111111>;
P_0x7ff895c04740 .param/l "OFF" 0 2 91, C4<1>;
P_0x7ff895c04780 .param/l "ON" 0 2 90, C4<0>;
P_0x7ff895c047c0 .param/l "five_5" 0 2 97, C4<0010010>;
P_0x7ff895c04800 .param/l "four_4" 0 2 96, C4<0011001>;
P_0x7ff895c04840 .param/l "one_1" 0 2 93, C4<1111001>;
P_0x7ff895c04880 .param/l "six_6" 0 2 98, C4<0000010>;
P_0x7ff895c048c0 .param/l "three_3" 0 2 95, C4<0110000>;
P_0x7ff895c04900 .param/l "two_2" 0 2 94, C4<0100100>;
L_0x7ff895c2c8a0 .functor NOT 1, v0x7ff895c2c520_0, C4<0>, C4<0>, C4<0>;
v0x7ff895c2bea0_0 .var "catch", 2 0;
v0x7ff895c2bf60_0 .net "clock", 0 0, v0x7ff895c2c310_0;  1 drivers
v0x7ff895c2c000_0 .net "dice_num", 2 0, v0x7ff895c2bb70_0;  1 drivers
v0x7ff895c2c0d0_0 .net "reset", 0 0, v0x7ff895c2c520_0;  1 drivers
v0x7ff895c2c160_0 .net "roll", 0 0, v0x7ff895c2c6b0_0;  1 drivers
v0x7ff895c2c230_0 .var "seg7", 6 0;
S_0x7ff895c0e440 .scope module, "cnt_inst" "counter" 2 100, 2 139 0, S_0x7ff895c0a030;
 .timescale -9 -9;
    .port_info 0 /OUTPUT 3 "count";
    .port_info 1 /INPUT 1 "up";
    .port_info 2 /INPUT 1 "clock";
P_0x7ff895c0e5b0 .param/l "s1" 0 2 145, C4<001>;
P_0x7ff895c0e5f0 .param/l "s2" 0 2 146, C4<010>;
P_0x7ff895c0e630 .param/l "s3" 0 2 147, C4<011>;
P_0x7ff895c0e670 .param/l "s4" 0 2 148, C4<100>;
P_0x7ff895c0e6b0 .param/l "s5" 0 2 149, C4<101>;
P_0x7ff895c0e6f0 .param/l "s6" 0 2 150, C4<110>;
v0x7ff895c18c00_0 .net "clock", 0 0, v0x7ff895c2c310_0;  alias, 1 drivers
v0x7ff895c2bb70_0 .var "count", 2 0;
v0x7ff895c2bc20_0 .var "n_state", 2 0;
v0x7ff895c2bce0_0 .var "state", 2 0;
v0x7ff895c2bd90_0 .net "up", 0 0, L_0x7ff895c2c8a0;  1 drivers
E_0x7ff895c13950 .event posedge, v0x7ff895c18c00_0;
    .scope S_0x7ff895c0e440;
T_0 ;
    %pushi/vec4 1, 0, 3;
    %store/vec4 v0x7ff895c2bb70_0, 0, 3;
    %pushi/vec4 1, 0, 3;
    %store/vec4 v0x7ff895c2bce0_0, 0, 3;
    %pushi/vec4 1, 0, 3;
    %store/vec4 v0x7ff895c2bc20_0, 0, 3;
    %end;
    .thread T_0;
    .scope S_0x7ff895c0e440;
T_1 ;
    %wait E_0x7ff895c13950;
    %load/vec4 v0x7ff895c2bce0_0;
    %dup/vec4;
    %pushi/vec4 1, 0, 3;
    %cmp/u;
    %jmp/1 T_1.0, 6;
    %dup/vec4;
    %pushi/vec4 2, 0, 3;
    %cmp/u;
    %jmp/1 T_1.1, 6;
    %dup/vec4;
    %pushi/vec4 3, 0, 3;
    %cmp/u;
    %jmp/1 T_1.2, 6;
    %dup/vec4;
    %pushi/vec4 4, 0, 3;
    %cmp/u;
    %jmp/1 T_1.3, 6;
    %dup/vec4;
    %pushi/vec4 5, 0, 3;
    %cmp/u;
    %jmp/1 T_1.4, 6;
    %dup/vec4;
    %pushi/vec4 6, 0, 3;
    %cmp/u;
    %jmp/1 T_1.5, 6;
    %pushi/vec4 1, 0, 3;
    %store/vec4 v0x7ff895c2bc20_0, 0, 3;
    %jmp T_1.7;
T_1.0 ;
    %load/vec4 v0x7ff895c2bd90_0;
    %cmpi/e 1, 0, 1;
    %flag_mov 8, 4;
    %jmp/0 T_1.8, 8;
    %pushi/vec4 2, 0, 3;
    %jmp/1 T_1.9, 8;
T_1.8 ; End of true expr.
    %pushi/vec4 6, 0, 3;
    %jmp/0 T_1.9, 8;
 ; End of false expr.
    %blend;
T_1.9;
    %assign/vec4 v0x7ff895c2bc20_0, 0;
    %jmp T_1.7;
T_1.1 ;
    %load/vec4 v0x7ff895c2bd90_0;
    %cmpi/e 1, 0, 1;
    %flag_mov 8, 4;
    %jmp/0 T_1.10, 8;
    %pushi/vec4 3, 0, 3;
    %jmp/1 T_1.11, 8;
T_1.10 ; End of true expr.
    %pushi/vec4 1, 0, 3;
    %jmp/0 T_1.11, 8;
 ; End of false expr.
    %blend;
T_1.11;
    %assign/vec4 v0x7ff895c2bc20_0, 0;
    %jmp T_1.7;
T_1.2 ;
    %load/vec4 v0x7ff895c2bd90_0;
    %cmpi/e 1, 0, 1;
    %flag_mov 8, 4;
    %jmp/0 T_1.12, 8;
    %pushi/vec4 4, 0, 3;
    %jmp/1 T_1.13, 8;
T_1.12 ; End of true expr.
    %pushi/vec4 2, 0, 3;
    %jmp/0 T_1.13, 8;
 ; End of false expr.
    %blend;
T_1.13;
    %assign/vec4 v0x7ff895c2bc20_0, 0;
    %jmp T_1.7;
T_1.3 ;
    %load/vec4 v0x7ff895c2bd90_0;
    %cmpi/e 1, 0, 1;
    %flag_mov 8, 4;
    %jmp/0 T_1.14, 8;
    %pushi/vec4 5, 0, 3;
    %jmp/1 T_1.15, 8;
T_1.14 ; End of true expr.
    %pushi/vec4 3, 0, 3;
    %jmp/0 T_1.15, 8;
 ; End of false expr.
    %blend;
T_1.15;
    %assign/vec4 v0x7ff895c2bc20_0, 0;
    %jmp T_1.7;
T_1.4 ;
    %load/vec4 v0x7ff895c2bd90_0;
    %cmpi/e 1, 0, 1;
    %flag_mov 8, 4;
    %jmp/0 T_1.16, 8;
    %pushi/vec4 6, 0, 3;
    %jmp/1 T_1.17, 8;
T_1.16 ; End of true expr.
    %pushi/vec4 4, 0, 3;
    %jmp/0 T_1.17, 8;
 ; End of false expr.
    %blend;
T_1.17;
    %assign/vec4 v0x7ff895c2bc20_0, 0;
    %jmp T_1.7;
T_1.5 ;
    %load/vec4 v0x7ff895c2bd90_0;
    %cmpi/e 1, 0, 1;
    %flag_mov 8, 4;
    %jmp/0 T_1.18, 8;
    %pushi/vec4 1, 0, 3;
    %jmp/1 T_1.19, 8;
T_1.18 ; End of true expr.
    %pushi/vec4 5, 0, 3;
    %jmp/0 T_1.19, 8;
 ; End of false expr.
    %blend;
T_1.19;
    %assign/vec4 v0x7ff895c2bc20_0, 0;
    %jmp T_1.7;
T_1.7 ;
    %pop/vec4 1;
    %load/vec4 v0x7ff895c2bc20_0;
    %assign/vec4 v0x7ff895c2bb70_0, 0;
    %load/vec4 v0x7ff895c2bc20_0;
    %assign/vec4 v0x7ff895c2bce0_0, 0;
    %jmp T_1;
    .thread T_1;
    .scope S_0x7ff895c0a030;
T_2 ;
    %pushi/vec4 127, 0, 7;
    %store/vec4 v0x7ff895c2c230_0, 0, 7;
    %pushi/vec4 1, 0, 3;
    %store/vec4 v0x7ff895c2bea0_0, 0, 3;
    %end;
    .thread T_2;
    .scope S_0x7ff895c0a030;
T_3 ;
    %wait E_0x7ff895c13950;
    %load/vec4 v0x7ff895c2c0d0_0;
    %cmpi/e 1, 0, 1;
    %jmp/0xz  T_3.0, 4;
    %pushi/vec4 127, 0, 7;
    %assign/vec4 v0x7ff895c2c230_0, 0;
    %jmp T_3.1;
T_3.0 ;
    %load/vec4 v0x7ff895c2c0d0_0;
    %pushi/vec4 0, 0, 1;
    %cmp/e;
    %flag_get/vec4 4;
    %load/vec4 v0x7ff895c2c160_0;
    %pushi/vec4 1, 0, 1;
    %cmp/e;
    %flag_get/vec4 4;
    %and;
    %flag_set/vec4 8;
    %jmp/0xz  T_3.2, 8;
    %load/vec4 v0x7ff895c2c000_0;
    %assign/vec4 v0x7ff895c2bea0_0, 0;
    %load/vec4 v0x7ff895c2bea0_0;
    %dup/vec4;
    %pushi/vec4 1, 0, 3;
    %cmp/u;
    %jmp/1 T_3.4, 6;
    %dup/vec4;
    %pushi/vec4 2, 0, 3;
    %cmp/u;
    %jmp/1 T_3.5, 6;
    %dup/vec4;
    %pushi/vec4 3, 0, 3;
    %cmp/u;
    %jmp/1 T_3.6, 6;
    %dup/vec4;
    %pushi/vec4 4, 0, 3;
    %cmp/u;
    %jmp/1 T_3.7, 6;
    %dup/vec4;
    %pushi/vec4 5, 0, 3;
    %cmp/u;
    %jmp/1 T_3.8, 6;
    %dup/vec4;
    %pushi/vec4 6, 0, 3;
    %cmp/u;
    %jmp/1 T_3.9, 6;
    %pushi/vec4 127, 0, 7;
    %assign/vec4 v0x7ff895c2c230_0, 0;
    %jmp T_3.11;
T_3.4 ;
    %pushi/vec4 121, 0, 7;
    %assign/vec4 v0x7ff895c2c230_0, 0;
    %jmp T_3.11;
T_3.5 ;
    %pushi/vec4 36, 0, 7;
    %assign/vec4 v0x7ff895c2c230_0, 0;
    %jmp T_3.11;
T_3.6 ;
    %pushi/vec4 48, 0, 7;
    %assign/vec4 v0x7ff895c2c230_0, 0;
    %jmp T_3.11;
T_3.7 ;
    %pushi/vec4 25, 0, 7;
    %assign/vec4 v0x7ff895c2c230_0, 0;
    %jmp T_3.11;
T_3.8 ;
    %pushi/vec4 18, 0, 7;
    %assign/vec4 v0x7ff895c2c230_0, 0;
    %jmp T_3.11;
T_3.9 ;
    %pushi/vec4 2, 0, 7;
    %assign/vec4 v0x7ff895c2c230_0, 0;
    %jmp T_3.11;
T_3.11 ;
    %pop/vec4 1;
    %jmp T_3.3;
T_3.2 ;
    %pushi/vec4 121, 0, 7;
    %assign/vec4 v0x7ff895c2c230_0, 0;
T_3.3 ;
T_3.1 ;
    %jmp T_3;
    .thread T_3;
    .scope S_0x7ff895c09ec0;
T_4 ;
    %delay 5, 0;
    %load/vec4 v0x7ff895c2c310_0;
    %inv;
    %store/vec4 v0x7ff895c2c310_0, 0, 1;
    %jmp T_4;
    .thread T_4;
    .scope S_0x7ff895c09ec0;
T_5 ;
    %vpi_call 2 37 "$dumpfile", "wave.vcd" {0 0 0};
    %vpi_call 2 38 "$dumpvars", 32'sb00000000000000000000000000000000, S_0x7ff895c09ec0 {0 0 0};
    %pushi/vec4 0, 0, 1;
    %store/vec4 v0x7ff895c2c6b0_0, 0, 1;
    %pushi/vec4 0, 0, 1;
    %store/vec4 v0x7ff895c2c520_0, 0, 1;
    %pushi/vec4 0, 0, 1;
    %store/vec4 v0x7ff895c2c310_0, 0, 1;
    %pushi/vec4 333, 0, 32;
    %store/vec4 v0x7ff895c2c740_0, 0, 32;
    %vpi_call 2 43 "$write", "\012 test the counter and dice roll\012\012" {0 0 0};
    %vpi_call 2 44 "$write", " rst  roll  |  result\012" {0 0 0};
    %vpi_call 2 45 "$write", " ----------------------------\012" {0 0 0};
    %pushi/vec4 1, 0, 1;
    %store/vec4 v0x7ff895c2c6b0_0, 0, 1;
    %pushi/vec4 0, 0, 32;
    %store/vec4 v0x7ff895c2c3f0_0, 0, 32;
T_5.0 ;
    %load/vec4 v0x7ff895c2c3f0_0;
    %cmpi/s 20, 0, 32;
    %jmp/0xz T_5.1, 5;
    %pushi/vec4 1, 0, 32;
    %load/vec4 v0x7ff895c2c3f0_0;
    %muli 5, 0, 32;
    %add;
    %pad/s 64;
    %muli 1, 0, 64;
    %ix/vec4 4;
    %delayx 4;
    %load/vec4 v0x7ff895c2c7e0_0;
    %store/vec4 v0x7ff895c2c480_0, 0, 7;
    %load/vec4 v0x7ff895c2c480_0;
    %dup/vec4;
    %pushi/vec4 121, 0, 7;
    %cmp/u;
    %jmp/1 T_5.2, 6;
    %dup/vec4;
    %pushi/vec4 36, 0, 7;
    %cmp/u;
    %jmp/1 T_5.3, 6;
    %dup/vec4;
    %pushi/vec4 48, 0, 7;
    %cmp/u;
    %jmp/1 T_5.4, 6;
    %dup/vec4;
    %pushi/vec4 25, 0, 7;
    %cmp/u;
    %jmp/1 T_5.5, 6;
    %dup/vec4;
    %pushi/vec4 18, 0, 7;
    %cmp/u;
    %jmp/1 T_5.6, 6;
    %dup/vec4;
    %pushi/vec4 2, 0, 7;
    %cmp/u;
    %jmp/1 T_5.7, 6;
    %pushi/vec4 4294967295, 0, 32;
    %store/vec4 v0x7ff895c2c5d0_0, 0, 32;
    %jmp T_5.9;
T_5.2 ;
    %pushi/vec4 1, 0, 32;
    %store/vec4 v0x7ff895c2c5d0_0, 0, 32;
    %jmp T_5.9;
T_5.3 ;
    %pushi/vec4 2, 0, 32;
    %store/vec4 v0x7ff895c2c5d0_0, 0, 32;
    %jmp T_5.9;
T_5.4 ;
    %pushi/vec4 3, 0, 32;
    %store/vec4 v0x7ff895c2c5d0_0, 0, 32;
    %jmp T_5.9;
T_5.5 ;
    %pushi/vec4 4, 0, 32;
    %store/vec4 v0x7ff895c2c5d0_0, 0, 32;
    %jmp T_5.9;
T_5.6 ;
    %pushi/vec4 5, 0, 32;
    %store/vec4 v0x7ff895c2c5d0_0, 0, 32;
    %jmp T_5.9;
T_5.7 ;
    %pushi/vec4 6, 0, 32;
    %store/vec4 v0x7ff895c2c5d0_0, 0, 32;
    %jmp T_5.9;
T_5.9 ;
    %pop/vec4 1;
    %load/vec4 v0x7ff895c2c5d0_0;
    %cmpi/s 0, 0, 32;
    %flag_or 5, 4; GT is !LE
    %flag_inv 5;
    %jmp/0xz  T_5.10, 5;
    %vpi_call 2 63 "$write", "  %1b   %1b     |    %1d           %6t ns\012", v0x7ff895c2c520_0, v0x7ff895c2c6b0_0, v0x7ff895c2c5d0_0, $time {0 0 0};
    %jmp T_5.11;
T_5.10 ;
    %vpi_call 2 67 "$write", "  %1b   %1b     |    %1d           %6t ns  no roll\012", v0x7ff895c2c520_0, v0x7ff895c2c6b0_0, v0x7ff895c2c5d0_0, $time {0 0 0};
T_5.11 ;
    %load/vec4 v0x7ff895c2c3f0_0;
    %addi 1, 0, 32;
    %store/vec4 v0x7ff895c2c3f0_0, 0, 32;
    %jmp T_5.0;
T_5.1 ;
    %vpi_call 2 72 "$write", "\012\012\011\011 ~ ~ ~ TEST COMPLETE ~ ~ ~    %6t ns\012\012", $time {0 0 0};
    %vpi_call 2 73 "$finish" {0 0 0};
    %end;
    .thread T_5;
# The file index is used to find the file name in the following table.
:file_names 3;
    "N/A";
    "<interactive>";
    "dice.v";
