#! /usr/local/Cellar/icarus-verilog/11.0/bin/vvp
:ivl_version "11.0 (stable)";
:ivl_delay_selection "TYPICAL";
:vpi_time_precision - 9;
:vpi_module "/usr/local/Cellar/icarus-verilog/11.0/lib/ivl/system.vpi";
:vpi_module "/usr/local/Cellar/icarus-verilog/11.0/lib/ivl/vhdl_sys.vpi";
:vpi_module "/usr/local/Cellar/icarus-verilog/11.0/lib/ivl/vhdl_textio.vpi";
:vpi_module "/usr/local/Cellar/icarus-verilog/11.0/lib/ivl/v2005_math.vpi";
:vpi_module "/usr/local/Cellar/icarus-verilog/11.0/lib/ivl/va_math.vpi";
S_0x7fbbc5800050 .scope module, "tb" "tb" 2 19;
 .timescale -9 -9;
v0x7fbbc3d133c0_0 .var "clock", 0 0;
v0x7fbbc3d134d0_0 .net "done", 0 0, L_0x7fbbc3d13a90;  1 drivers
v0x7fbbc3d13560_0 .var/i "idx", 31 0;
v0x7fbbc3d135f0_0 .var/i "k_follow", 31 0;
v0x7fbbc3d13690_0 .var/i "k_lead", 31 0;
v0x7fbbc3d13780_0 .var "n_input", 7 0;
v0x7fbbc3d13820_0 .var "reset", 0 0;
v0x7fbbc3d138f0_0 .net "result", 7 0, v0x7fbbc3d11600_0;  1 drivers
v0x7fbbc3d13980_0 .var "start", 0 0;
S_0x7fbbc58001c0 .scope module, "GDP" "general_data_path" 2 31, 2 94 0, S_0x7fbbc5800050;
 .timescale -9 -9;
    .port_info 0 /OUTPUT 8 "result";
    .port_info 1 /OUTPUT 1 "done";
    .port_info 2 /INPUT 8 "n_input";
    .port_info 3 /INPUT 1 "start";
    .port_info 4 /INPUT 1 "reset";
    .port_info 5 /INPUT 1 "clock";
L_0x7fbbc3d13a90 .functor BUFZ 1, L_0x7fbbc582d980, C4<0>, C4<0>, C4<0>;
v0x7fbbc3d127f0_0 .net "ALU", 2 0, L_0x7fbbc582cfb0;  1 drivers
v0x7fbbc3d128a0_0 .net "IE", 0 0, L_0x7fbbc5829fb0;  1 drivers
v0x7fbbc3d12940_0 .net "OE", 0 0, L_0x7fbbc582d980;  1 drivers
v0x7fbbc3d129d0_0 .net "RAA", 1 0, L_0x7fbbc582bcd0;  1 drivers
v0x7fbbc3d12a60_0 .net "RAE", 0 0, L_0x7fbbc582bb60;  1 drivers
v0x7fbbc3d12af0_0 .net "RBA", 1 0, L_0x7fbbc582caa0;  1 drivers
v0x7fbbc3d12b80_0 .net "RBE", 0 0, L_0x7fbbc582c720;  1 drivers
v0x7fbbc3d12c10_0 .net "SH", 1 0, L_0x7fbbc582db70;  1 drivers
v0x7fbbc3d12ca0_0 .net "WA", 1 0, L_0x7fbbc582ac20;  1 drivers
v0x7fbbc3d12db0_0 .net "WE", 0 0, L_0x7fbbc582a990;  1 drivers
v0x7fbbc3d12e40_0 .net "clock", 0 0, v0x7fbbc3d133c0_0;  1 drivers
v0x7fbbc3d12ed0_0 .net "done", 0 0, L_0x7fbbc3d13a90;  alias, 1 drivers
v0x7fbbc3d12f60_0 .net "n_input", 7 0, v0x7fbbc3d13780_0;  1 drivers
v0x7fbbc3d13000_0 .net "n_is_0", 0 0, L_0x7fbbc582bf10;  1 drivers
v0x7fbbc3d130d0_0 .net "reset", 0 0, v0x7fbbc3d13820_0;  1 drivers
v0x7fbbc3d13160_0 .net "result", 7 0, v0x7fbbc3d11600_0;  alias, 1 drivers
v0x7fbbc3d13230_0 .net "start", 0 0, v0x7fbbc3d13980_0;  1 drivers
S_0x7fbbc5805070 .scope module, "CU" "control_unit" 2 116, 2 153 0, S_0x7fbbc58001c0;
 .timescale -9 -9;
    .port_info 0 /OUTPUT 1 "IE";
    .port_info 1 /OUTPUT 1 "WE";
    .port_info 2 /OUTPUT 2 "WA";
    .port_info 3 /OUTPUT 1 "RAE";
    .port_info 4 /OUTPUT 2 "RAA";
    .port_info 5 /OUTPUT 1 "RBE";
    .port_info 6 /OUTPUT 2 "RBA";
    .port_info 7 /OUTPUT 3 "ALU";
    .port_info 8 /OUTPUT 2 "SH";
    .port_info 9 /OUTPUT 1 "OE";
    .port_info 10 /INPUT 1 "n_is_0";
    .port_info 11 /INPUT 1 "start";
    .port_info 12 /INPUT 1 "reset";
    .port_info 13 /INPUT 1 "clock";
P_0x7fbbc58136e0 .param/l "s0" 0 2 173, C4<000>;
P_0x7fbbc5813720 .param/l "s1" 0 2 174, C4<001>;
P_0x7fbbc5813760 .param/l "s2" 0 2 175, C4<010>;
P_0x7fbbc58137a0 .param/l "s3" 0 2 176, C4<011>;
P_0x7fbbc58137e0 .param/l "s4" 0 2 177, C4<100>;
P_0x7fbbc5813820 .param/l "s5" 0 2 178, C4<101>;
P_0x7fbbc5813860 .param/l "s6" 0 2 179, C4<110>;
L_0x7fbbc582a310 .functor OR 1, L_0x7fbbc582a110, L_0x7fbbc582a230, C4<0>, C4<0>;
L_0x7fbbc582a560 .functor OR 1, L_0x7fbbc582a310, L_0x7fbbc582a440, C4<0>, C4<0>;
L_0x7fbbc582a7c0 .functor OR 1, L_0x7fbbc582a560, L_0x7fbbc582a6b0, C4<0>, C4<0>;
L_0x7fbbc582a990 .functor OR 1, L_0x7fbbc582a7c0, L_0x7fbbc582a8b0, C4<0>, C4<0>;
L_0x7fbbc582b0a0 .functor OR 1, L_0x7fbbc582ada0, L_0x7fbbc582b000, C4<0>, C4<0>;
L_0x7fbbc582b350 .functor OR 1, L_0x7fbbc582b190, L_0x7fbbc582b270, C4<0>, C4<0>;
L_0x7fbbc582b540 .functor OR 1, L_0x7fbbc582b350, L_0x7fbbc582b460, C4<0>, C4<0>;
L_0x7fbbc582b790 .functor OR 1, L_0x7fbbc582b540, L_0x7fbbc582b6b0, C4<0>, C4<0>;
L_0x7fbbc582b960 .functor OR 1, L_0x7fbbc582b790, L_0x7fbbc582b880, C4<0>, C4<0>;
L_0x7fbbc582bb60 .functor OR 1, L_0x7fbbc582b960, L_0x7fbbc582bac0, C4<0>, C4<0>;
L_0x7fbbc582af80 .functor OR 1, L_0x7fbbc582bfe0, L_0x7fbbc582ae40, C4<0>, C4<0>;
L_0x7fbbc582c460 .functor OR 1, L_0x7fbbc582af80, L_0x7fbbc582c3c0, C4<0>, C4<0>;
L_0x7fbbc582c720 .functor OR 1, L_0x7fbbc582c550, L_0x7fbbc582c280, C4<0>, C4<0>;
L_0x7fbbc582c9e0 .functor OR 1, L_0x7fbbc582cbc0, L_0x7fbbc582cd30, C4<0>, C4<0>;
L_0x7fbbc582d050 .functor OR 1, L_0x7fbbc582c9e0, L_0x7fbbc582ce90, C4<0>, C4<0>;
L_0x7fbbc582d370 .functor OR 1, L_0x7fbbc582d100, L_0x7fbbc582d1e0, C4<0>, C4<0>;
L_0x7fbbc582d280 .functor OR 1, L_0x7fbbc582d540, L_0x7fbbc582d720, C4<0>, C4<0>;
L_0x7fbbc582d620 .functor OR 1, L_0x7fbbc582d280, L_0x7fbbc582d860, C4<0>, C4<0>;
v0x7fbbc5805f00_0 .net "ALU", 2 0, L_0x7fbbc582cfb0;  alias, 1 drivers
v0x7fbbc3d0a3e0_0 .net "IE", 0 0, L_0x7fbbc5829fb0;  alias, 1 drivers
v0x7fbbc3d0a490_0 .net "OE", 0 0, L_0x7fbbc582d980;  alias, 1 drivers
v0x7fbbc3d0a540_0 .net "RAA", 1 0, L_0x7fbbc582bcd0;  alias, 1 drivers
v0x7fbbc3d0a5d0_0 .net "RAE", 0 0, L_0x7fbbc582bb60;  alias, 1 drivers
v0x7fbbc3d0a6a0_0 .net "RBA", 1 0, L_0x7fbbc582caa0;  alias, 1 drivers
v0x7fbbc3d0a750_0 .net "RBE", 0 0, L_0x7fbbc582c720;  alias, 1 drivers
v0x7fbbc3d0a7f0_0 .net "SH", 1 0, L_0x7fbbc582db70;  alias, 1 drivers
v0x7fbbc3d0a8a0_0 .net "WA", 1 0, L_0x7fbbc582ac20;  alias, 1 drivers
v0x7fbbc3d0a9b0_0 .net "WE", 0 0, L_0x7fbbc582a990;  alias, 1 drivers
L_0x105260008 .functor BUFT 1, C4<001>, C4<0>, C4<0>, C4<0>;
v0x7fbbc3d0aa50_0 .net/2u *"_ivl_0", 2 0, L_0x105260008;  1 drivers
v0x7fbbc3d0ab00_0 .net *"_ivl_10", 0 0, L_0x7fbbc582a230;  1 drivers
v0x7fbbc3d0aba0_0 .net *"_ivl_101", 0 0, L_0x7fbbc582af80;  1 drivers
L_0x105260518 .functor BUFT 1, C4<101>, C4<0>, C4<0>, C4<0>;
v0x7fbbc3d0ac40_0 .net/2u *"_ivl_102", 2 0, L_0x105260518;  1 drivers
v0x7fbbc3d0acf0_0 .net *"_ivl_104", 0 0, L_0x7fbbc582c3c0;  1 drivers
v0x7fbbc3d0ad90_0 .net *"_ivl_107", 0 0, L_0x7fbbc582c460;  1 drivers
L_0x105260560 .functor BUFT 1, C4<000>, C4<0>, C4<0>, C4<0>;
v0x7fbbc3d0ae30_0 .net/2u *"_ivl_108", 2 0, L_0x105260560;  1 drivers
v0x7fbbc3d0afc0_0 .net *"_ivl_110", 0 0, L_0x7fbbc582c550;  1 drivers
L_0x1052605a8 .functor BUFT 1, C4<011>, C4<0>, C4<0>, C4<0>;
v0x7fbbc3d0b050_0 .net/2u *"_ivl_112", 2 0, L_0x1052605a8;  1 drivers
v0x7fbbc3d0b0f0_0 .net *"_ivl_114", 0 0, L_0x7fbbc582c280;  1 drivers
L_0x1052605f0 .functor BUFT 1, C4<011>, C4<0>, C4<0>, C4<0>;
v0x7fbbc3d0b190_0 .net/2u *"_ivl_120", 2 0, L_0x1052605f0;  1 drivers
v0x7fbbc3d0b240_0 .net *"_ivl_122", 0 0, L_0x7fbbc582c900;  1 drivers
L_0x105260638 .functor BUFT 1, C4<0>, C4<0>, C4<0>, C4<0>;
v0x7fbbc3d0b2e0_0 .net/2u *"_ivl_127", 0 0, L_0x105260638;  1 drivers
v0x7fbbc3d0b390_0 .net *"_ivl_13", 0 0, L_0x7fbbc582a310;  1 drivers
L_0x105260680 .functor BUFT 1, C4<000>, C4<0>, C4<0>, C4<0>;
v0x7fbbc3d0b430_0 .net/2u *"_ivl_131", 2 0, L_0x105260680;  1 drivers
v0x7fbbc3d0b4e0_0 .net *"_ivl_133", 0 0, L_0x7fbbc582cbc0;  1 drivers
L_0x1052606c8 .functor BUFT 1, C4<010>, C4<0>, C4<0>, C4<0>;
v0x7fbbc3d0b580_0 .net/2u *"_ivl_135", 2 0, L_0x1052606c8;  1 drivers
v0x7fbbc3d0b630_0 .net *"_ivl_137", 0 0, L_0x7fbbc582cd30;  1 drivers
L_0x1052600e0 .functor BUFT 1, C4<010>, C4<0>, C4<0>, C4<0>;
v0x7fbbc3d0b6d0_0 .net/2u *"_ivl_14", 2 0, L_0x1052600e0;  1 drivers
v0x7fbbc3d0b780_0 .net *"_ivl_140", 0 0, L_0x7fbbc582c9e0;  1 drivers
L_0x105260710 .functor BUFT 1, C4<100>, C4<0>, C4<0>, C4<0>;
v0x7fbbc3d0b820_0 .net/2u *"_ivl_141", 2 0, L_0x105260710;  1 drivers
v0x7fbbc3d0b8d0_0 .net *"_ivl_143", 0 0, L_0x7fbbc582ce90;  1 drivers
v0x7fbbc3d0b970_0 .net *"_ivl_146", 0 0, L_0x7fbbc582d050;  1 drivers
L_0x105260758 .functor BUFT 1, C4<010>, C4<0>, C4<0>, C4<0>;
v0x7fbbc3d0aed0_0 .net/2u *"_ivl_149", 2 0, L_0x105260758;  1 drivers
v0x7fbbc3d0bc00_0 .net *"_ivl_151", 0 0, L_0x7fbbc582d100;  1 drivers
L_0x1052607a0 .functor BUFT 1, C4<100>, C4<0>, C4<0>, C4<0>;
v0x7fbbc3d0bc90_0 .net/2u *"_ivl_153", 2 0, L_0x1052607a0;  1 drivers
v0x7fbbc3d0bd20_0 .net *"_ivl_155", 0 0, L_0x7fbbc582d1e0;  1 drivers
v0x7fbbc3d0bdb0_0 .net *"_ivl_158", 0 0, L_0x7fbbc582d370;  1 drivers
v0x7fbbc3d0be50_0 .net *"_ivl_16", 0 0, L_0x7fbbc582a440;  1 drivers
L_0x1052607e8 .functor BUFT 1, C4<000>, C4<0>, C4<0>, C4<0>;
v0x7fbbc3d0bef0_0 .net/2u *"_ivl_162", 2 0, L_0x1052607e8;  1 drivers
v0x7fbbc3d0bfa0_0 .net *"_ivl_164", 0 0, L_0x7fbbc582d540;  1 drivers
L_0x105260830 .functor BUFT 1, C4<010>, C4<0>, C4<0>, C4<0>;
v0x7fbbc3d0c040_0 .net/2u *"_ivl_166", 2 0, L_0x105260830;  1 drivers
v0x7fbbc3d0c0f0_0 .net *"_ivl_168", 0 0, L_0x7fbbc582d720;  1 drivers
v0x7fbbc3d0c190_0 .net *"_ivl_171", 0 0, L_0x7fbbc582d280;  1 drivers
L_0x105260878 .functor BUFT 1, C4<011>, C4<0>, C4<0>, C4<0>;
v0x7fbbc3d0c230_0 .net/2u *"_ivl_172", 2 0, L_0x105260878;  1 drivers
v0x7fbbc3d0c2e0_0 .net *"_ivl_174", 0 0, L_0x7fbbc582d860;  1 drivers
v0x7fbbc3d0c380_0 .net *"_ivl_177", 0 0, L_0x7fbbc582d620;  1 drivers
L_0x1052608c0 .functor BUFT 1, C4<101>, C4<0>, C4<0>, C4<0>;
v0x7fbbc3d0c420_0 .net/2u *"_ivl_180", 2 0, L_0x1052608c0;  1 drivers
v0x7fbbc3d0c4d0_0 .net *"_ivl_182", 0 0, L_0x7fbbc582da90;  1 drivers
L_0x105260908 .functor BUFT 1, C4<0>, C4<0>, C4<0>, C4<0>;
v0x7fbbc3d0c570_0 .net/2u *"_ivl_187", 0 0, L_0x105260908;  1 drivers
L_0x105260950 .functor BUFT 1, C4<110>, C4<0>, C4<0>, C4<0>;
v0x7fbbc3d0c620_0 .net/2u *"_ivl_189", 2 0, L_0x105260950;  1 drivers
v0x7fbbc3d0c6d0_0 .net *"_ivl_19", 0 0, L_0x7fbbc582a560;  1 drivers
L_0x105260128 .functor BUFT 1, C4<100>, C4<0>, C4<0>, C4<0>;
v0x7fbbc3d0c770_0 .net/2u *"_ivl_20", 2 0, L_0x105260128;  1 drivers
v0x7fbbc3d0c820_0 .net *"_ivl_22", 0 0, L_0x7fbbc582a6b0;  1 drivers
v0x7fbbc3d0c8c0_0 .net *"_ivl_25", 0 0, L_0x7fbbc582a7c0;  1 drivers
L_0x105260170 .functor BUFT 1, C4<101>, C4<0>, C4<0>, C4<0>;
v0x7fbbc3d0c960_0 .net/2u *"_ivl_26", 2 0, L_0x105260170;  1 drivers
v0x7fbbc3d0ca10_0 .net *"_ivl_28", 0 0, L_0x7fbbc582a8b0;  1 drivers
L_0x1052601b8 .functor BUFT 1, C4<010>, C4<0>, C4<0>, C4<0>;
v0x7fbbc3d0cab0_0 .net/2u *"_ivl_34", 2 0, L_0x1052601b8;  1 drivers
v0x7fbbc3d0cb60_0 .net *"_ivl_36", 0 0, L_0x7fbbc582ab00;  1 drivers
L_0x105260050 .functor BUFT 1, C4<000>, C4<0>, C4<0>, C4<0>;
v0x7fbbc3d0cc00_0 .net/2u *"_ivl_4", 2 0, L_0x105260050;  1 drivers
L_0x105260200 .functor BUFT 1, C4<001>, C4<0>, C4<0>, C4<0>;
v0x7fbbc3d0ccb0_0 .net/2u *"_ivl_41", 2 0, L_0x105260200;  1 drivers
v0x7fbbc3d0cd60_0 .net *"_ivl_43", 0 0, L_0x7fbbc582ada0;  1 drivers
L_0x105260248 .functor BUFT 1, C4<101>, C4<0>, C4<0>, C4<0>;
v0x7fbbc3d0ce00_0 .net/2u *"_ivl_45", 2 0, L_0x105260248;  1 drivers
v0x7fbbc3d0ceb0_0 .net *"_ivl_47", 0 0, L_0x7fbbc582b000;  1 drivers
v0x7fbbc3d0cf50_0 .net *"_ivl_50", 0 0, L_0x7fbbc582b0a0;  1 drivers
L_0x105260290 .functor BUFT 1, C4<000>, C4<0>, C4<0>, C4<0>;
v0x7fbbc3d0ba10_0 .net/2u *"_ivl_51", 2 0, L_0x105260290;  1 drivers
v0x7fbbc3d0bac0_0 .net *"_ivl_53", 0 0, L_0x7fbbc582b190;  1 drivers
L_0x1052602d8 .functor BUFT 1, C4<010>, C4<0>, C4<0>, C4<0>;
v0x7fbbc3d0bb60_0 .net/2u *"_ivl_55", 2 0, L_0x1052602d8;  1 drivers
v0x7fbbc3d0cff0_0 .net *"_ivl_57", 0 0, L_0x7fbbc582b270;  1 drivers
v0x7fbbc3d0d090_0 .net *"_ivl_6", 0 0, L_0x7fbbc582a110;  1 drivers
v0x7fbbc3d0d130_0 .net *"_ivl_60", 0 0, L_0x7fbbc582b350;  1 drivers
L_0x105260320 .functor BUFT 1, C4<011>, C4<0>, C4<0>, C4<0>;
v0x7fbbc3d0d1d0_0 .net/2u *"_ivl_61", 2 0, L_0x105260320;  1 drivers
v0x7fbbc3d0d280_0 .net *"_ivl_63", 0 0, L_0x7fbbc582b460;  1 drivers
v0x7fbbc3d0d320_0 .net *"_ivl_66", 0 0, L_0x7fbbc582b540;  1 drivers
L_0x105260368 .functor BUFT 1, C4<100>, C4<0>, C4<0>, C4<0>;
v0x7fbbc3d0d3c0_0 .net/2u *"_ivl_67", 2 0, L_0x105260368;  1 drivers
v0x7fbbc3d0d470_0 .net *"_ivl_69", 0 0, L_0x7fbbc582b6b0;  1 drivers
v0x7fbbc3d0d510_0 .net *"_ivl_72", 0 0, L_0x7fbbc582b790;  1 drivers
L_0x1052603b0 .functor BUFT 1, C4<101>, C4<0>, C4<0>, C4<0>;
v0x7fbbc3d0d5b0_0 .net/2u *"_ivl_73", 2 0, L_0x1052603b0;  1 drivers
v0x7fbbc3d0d660_0 .net *"_ivl_75", 0 0, L_0x7fbbc582b880;  1 drivers
v0x7fbbc3d0d700_0 .net *"_ivl_78", 0 0, L_0x7fbbc582b960;  1 drivers
L_0x1052603f8 .functor BUFT 1, C4<110>, C4<0>, C4<0>, C4<0>;
v0x7fbbc3d0d7a0_0 .net/2u *"_ivl_79", 2 0, L_0x1052603f8;  1 drivers
L_0x105260098 .functor BUFT 1, C4<001>, C4<0>, C4<0>, C4<0>;
v0x7fbbc3d0d850_0 .net/2u *"_ivl_8", 2 0, L_0x105260098;  1 drivers
v0x7fbbc3d0d900_0 .net *"_ivl_81", 0 0, L_0x7fbbc582bac0;  1 drivers
L_0x105260440 .functor BUFT 1, C4<0>, C4<0>, C4<0>, C4<0>;
v0x7fbbc3d0d9a0_0 .net/2u *"_ivl_87", 0 0, L_0x105260440;  1 drivers
L_0x105260488 .functor BUFT 1, C4<010>, C4<0>, C4<0>, C4<0>;
v0x7fbbc3d0da50_0 .net/2u *"_ivl_92", 2 0, L_0x105260488;  1 drivers
v0x7fbbc3d0db00_0 .net *"_ivl_94", 0 0, L_0x7fbbc582bfe0;  1 drivers
L_0x1052604d0 .functor BUFT 1, C4<011>, C4<0>, C4<0>, C4<0>;
v0x7fbbc3d0dba0_0 .net/2u *"_ivl_96", 2 0, L_0x1052604d0;  1 drivers
v0x7fbbc3d0dc50_0 .net *"_ivl_98", 0 0, L_0x7fbbc582ae40;  1 drivers
v0x7fbbc3d0dcf0_0 .net "clock", 0 0, v0x7fbbc3d133c0_0;  alias, 1 drivers
v0x7fbbc3d0dd90_0 .net "n_is_0", 0 0, L_0x7fbbc582bf10;  alias, 1 drivers
v0x7fbbc3d0de30_0 .var "n_state", 2 0;
v0x7fbbc3d0dee0_0 .net "reset", 0 0, v0x7fbbc3d13820_0;  alias, 1 drivers
v0x7fbbc3d0df80_0 .net "start", 0 0, v0x7fbbc3d13980_0;  alias, 1 drivers
v0x7fbbc3d0e020_0 .var "state", 2 0;
E_0x7fbbc5808100 .event posedge, v0x7fbbc3d0dcf0_0;
L_0x7fbbc5829fb0 .cmp/eq 3, v0x7fbbc3d0e020_0, L_0x105260008;
L_0x7fbbc582a110 .cmp/eq 3, v0x7fbbc3d0e020_0, L_0x105260050;
L_0x7fbbc582a230 .cmp/eq 3, v0x7fbbc3d0e020_0, L_0x105260098;
L_0x7fbbc582a440 .cmp/eq 3, v0x7fbbc3d0e020_0, L_0x1052600e0;
L_0x7fbbc582a6b0 .cmp/eq 3, v0x7fbbc3d0e020_0, L_0x105260128;
L_0x7fbbc582a8b0 .cmp/eq 3, v0x7fbbc3d0e020_0, L_0x105260170;
L_0x7fbbc582ab00 .cmp/eq 3, v0x7fbbc3d0e020_0, L_0x1052601b8;
L_0x7fbbc582ac20 .concat8 [ 1 1 0 0], L_0x7fbbc582b0a0, L_0x7fbbc582ab00;
L_0x7fbbc582ada0 .cmp/eq 3, v0x7fbbc3d0e020_0, L_0x105260200;
L_0x7fbbc582b000 .cmp/eq 3, v0x7fbbc3d0e020_0, L_0x105260248;
L_0x7fbbc582b190 .cmp/eq 3, v0x7fbbc3d0e020_0, L_0x105260290;
L_0x7fbbc582b270 .cmp/eq 3, v0x7fbbc3d0e020_0, L_0x1052602d8;
L_0x7fbbc582b460 .cmp/eq 3, v0x7fbbc3d0e020_0, L_0x105260320;
L_0x7fbbc582b6b0 .cmp/eq 3, v0x7fbbc3d0e020_0, L_0x105260368;
L_0x7fbbc582b880 .cmp/eq 3, v0x7fbbc3d0e020_0, L_0x1052603b0;
L_0x7fbbc582bac0 .cmp/eq 3, v0x7fbbc3d0e020_0, L_0x1052603f8;
L_0x7fbbc582bcd0 .concat8 [ 1 1 0 0], L_0x7fbbc582c460, L_0x105260440;
L_0x7fbbc582bfe0 .cmp/eq 3, v0x7fbbc3d0e020_0, L_0x105260488;
L_0x7fbbc582ae40 .cmp/eq 3, v0x7fbbc3d0e020_0, L_0x1052604d0;
L_0x7fbbc582c3c0 .cmp/eq 3, v0x7fbbc3d0e020_0, L_0x105260518;
L_0x7fbbc582c550 .cmp/eq 3, v0x7fbbc3d0e020_0, L_0x105260560;
L_0x7fbbc582c280 .cmp/eq 3, v0x7fbbc3d0e020_0, L_0x1052605a8;
L_0x7fbbc582c900 .cmp/eq 3, v0x7fbbc3d0e020_0, L_0x1052605f0;
L_0x7fbbc582caa0 .concat8 [ 1 1 0 0], L_0x105260638, L_0x7fbbc582c900;
L_0x7fbbc582cbc0 .cmp/eq 3, v0x7fbbc3d0e020_0, L_0x105260680;
L_0x7fbbc582cd30 .cmp/eq 3, v0x7fbbc3d0e020_0, L_0x1052606c8;
L_0x7fbbc582ce90 .cmp/eq 3, v0x7fbbc3d0e020_0, L_0x105260710;
L_0x7fbbc582d100 .cmp/eq 3, v0x7fbbc3d0e020_0, L_0x105260758;
L_0x7fbbc582d1e0 .cmp/eq 3, v0x7fbbc3d0e020_0, L_0x1052607a0;
L_0x7fbbc582cfb0 .concat8 [ 1 1 1 0], L_0x7fbbc582d620, L_0x7fbbc582d370, L_0x7fbbc582d050;
L_0x7fbbc582d540 .cmp/eq 3, v0x7fbbc3d0e020_0, L_0x1052607e8;
L_0x7fbbc582d720 .cmp/eq 3, v0x7fbbc3d0e020_0, L_0x105260830;
L_0x7fbbc582d860 .cmp/eq 3, v0x7fbbc3d0e020_0, L_0x105260878;
L_0x7fbbc582da90 .cmp/eq 3, v0x7fbbc3d0e020_0, L_0x1052608c0;
L_0x7fbbc582db70 .concat8 [ 1 1 0 0], L_0x105260908, L_0x7fbbc582da90;
L_0x7fbbc582d980 .cmp/eq 3, v0x7fbbc3d0e020_0, L_0x105260950;
S_0x7fbbc3d0e220 .scope module, "DP" "data_path" 2 133, 2 257 0, S_0x7fbbc58001c0;
 .timescale -9 -9;
    .port_info 0 /OUTPUT 1 "n_is_0";
    .port_info 1 /OUTPUT 8 "result";
    .port_info 2 /INPUT 8 "n_input";
    .port_info 3 /INPUT 1 "IE";
    .port_info 4 /INPUT 1 "WE";
    .port_info 5 /INPUT 2 "WA";
    .port_info 6 /INPUT 1 "RAE";
    .port_info 7 /INPUT 2 "RAA";
    .port_info 8 /INPUT 1 "RBE";
    .port_info 9 /INPUT 2 "RBA";
    .port_info 10 /INPUT 3 "ALU";
    .port_info 11 /INPUT 2 "SH";
    .port_info 12 /INPUT 1 "OE";
    .port_info 13 /INPUT 1 "clock";
P_0x7fbbc3d0e3f0 .param/l "BLANK" 0 2 274, C4<00000000>;
v0x7fbbc3d116f0_0 .net "ALU", 2 0, L_0x7fbbc582cfb0;  alias, 1 drivers
v0x7fbbc3d117e0_0 .net "IE", 0 0, L_0x7fbbc5829fb0;  alias, 1 drivers
v0x7fbbc3d118b0_0 .net "OE", 0 0, L_0x7fbbc582d980;  alias, 1 drivers
v0x7fbbc3d11980_0 .net "RAA", 1 0, L_0x7fbbc582bcd0;  alias, 1 drivers
v0x7fbbc3d11a50_0 .net "RAE", 0 0, L_0x7fbbc582bb60;  alias, 1 drivers
v0x7fbbc3d11b60_0 .net "RBA", 1 0, L_0x7fbbc582caa0;  alias, 1 drivers
v0x7fbbc3d11c30_0 .net "RBE", 0 0, L_0x7fbbc582c720;  alias, 1 drivers
v0x7fbbc3d11d00_0 .net "SH", 1 0, L_0x7fbbc582db70;  alias, 1 drivers
v0x7fbbc3d11dd0_0 .net "WA", 1 0, L_0x7fbbc582ac20;  alias, 1 drivers
v0x7fbbc3d11ee0_0 .net "WE", 0 0, L_0x7fbbc582a990;  alias, 1 drivers
L_0x105260998 .functor BUFT 1, C4<00000000>, C4<0>, C4<0>, C4<0>;
v0x7fbbc3d11fb0_0 .net/2u *"_ivl_0", 7 0, L_0x105260998;  1 drivers
v0x7fbbc3d12040_0 .net "clock", 0 0, v0x7fbbc3d133c0_0;  alias, 1 drivers
v0x7fbbc3d120d0_0 .net "from_alu", 7 0, v0x7fbbc3d109e0_0;  1 drivers
v0x7fbbc3d121a0_0 .net "from_mux", 7 0, v0x7fbbc3d0ea20_0;  1 drivers
v0x7fbbc3d12230_0 .net "from_shifter", 7 0, v0x7fbbc3d110f0_0;  1 drivers
v0x7fbbc3d122c0_0 .net "n_input", 7 0, v0x7fbbc3d13780_0;  alias, 1 drivers
v0x7fbbc3d12350_0 .net "n_is_0", 0 0, L_0x7fbbc582bf10;  alias, 1 drivers
v0x7fbbc3d124e0_0 .net "result", 7 0, v0x7fbbc3d11600_0;  alias, 1 drivers
v0x7fbbc3d12570_0 .net "rf_port_A", 7 0, L_0x7fbbc582e2e0;  1 drivers
v0x7fbbc3d12600_0 .net "rf_port_B", 7 0, L_0x7fbbc582e740;  1 drivers
v0x7fbbc3d12690_0 .var "to_register_file", 7 0;
E_0x7fbbc3d0e5f0 .event edge, v0x7fbbc3d0ea20_0;
L_0x7fbbc582bf10 .cmp/eq 8, v0x7fbbc3d0ea20_0, L_0x105260998;
S_0x7fbbc3d0e630 .scope module, "comp1" "c1_mux" 2 304, 2 386 0, S_0x7fbbc3d0e220;
 .timescale -9 -9;
    .port_info 0 /OUTPUT 8 "from_mux";
    .port_info 1 /INPUT 8 "new_data";
    .port_info 2 /INPUT 8 "feedback";
    .port_info 3 /INPUT 1 "IE";
v0x7fbbc3d0e8c0_0 .net "IE", 0 0, L_0x7fbbc5829fb0;  alias, 1 drivers
v0x7fbbc3d0e980_0 .net "feedback", 7 0, v0x7fbbc3d110f0_0;  alias, 1 drivers
v0x7fbbc3d0ea20_0 .var "from_mux", 7 0;
v0x7fbbc3d0eae0_0 .net "new_data", 7 0, v0x7fbbc3d13780_0;  alias, 1 drivers
E_0x7fbbc3d0e860 .event edge, v0x7fbbc3d0a3e0_0, v0x7fbbc3d0eae0_0, v0x7fbbc3d0e980_0;
S_0x7fbbc3d0ebf0 .scope module, "comp2" "c2_register_file" 2 311, 2 400 0, S_0x7fbbc3d0e220;
 .timescale -9 -9;
    .port_info 0 /OUTPUT 8 "port_A";
    .port_info 1 /OUTPUT 8 "port_B";
    .port_info 2 /INPUT 8 "from_mux";
    .port_info 3 /INPUT 1 "WE";
    .port_info 4 /INPUT 2 "WA";
    .port_info 5 /INPUT 1 "RAE";
    .port_info 6 /INPUT 2 "RAA";
    .port_info 7 /INPUT 1 "RBE";
    .port_info 8 /INPUT 2 "RBA";
    .port_info 9 /INPUT 1 "clock";
P_0x7fbbc3d0edc0 .param/l "BLANK" 0 2 413, C4<00000000>;
L_0x1052609e0 .functor BUFT 1, C4<1>, C4<0>, C4<0>, C4<0>;
L_0x7fbbc582e070 .functor XNOR 1, L_0x7fbbc582bb60, L_0x1052609e0, C4<0>, C4<0>;
L_0x105260ab8 .functor BUFT 1, C4<1>, C4<0>, C4<0>, C4<0>;
L_0x7fbbc582e460 .functor XNOR 1, L_0x7fbbc582c720, L_0x105260ab8, C4<0>, C4<0>;
v0x7fbbc3d0ef80_0 .net "RAA", 1 0, L_0x7fbbc582bcd0;  alias, 1 drivers
v0x7fbbc3d0f030_0 .net "RAE", 0 0, L_0x7fbbc582bb60;  alias, 1 drivers
v0x7fbbc3d0f0e0_0 .net "RBA", 1 0, L_0x7fbbc582caa0;  alias, 1 drivers
v0x7fbbc3d0f1b0_0 .net "RBE", 0 0, L_0x7fbbc582c720;  alias, 1 drivers
v0x7fbbc3d0f260_0 .net "WA", 1 0, L_0x7fbbc582ac20;  alias, 1 drivers
v0x7fbbc3d0f330_0 .net "WE", 0 0, L_0x7fbbc582a990;  alias, 1 drivers
v0x7fbbc3d0f3e0_0 .net/2u *"_ivl_0", 0 0, L_0x1052609e0;  1 drivers
L_0x105260a70 .functor BUFT 1, C4<00000000>, C4<0>, C4<0>, C4<0>;
v0x7fbbc3d0f470_0 .net/2u *"_ivl_10", 7 0, L_0x105260a70;  1 drivers
v0x7fbbc3d0f500_0 .net/2u *"_ivl_14", 0 0, L_0x105260ab8;  1 drivers
v0x7fbbc3d0f620_0 .net *"_ivl_16", 0 0, L_0x7fbbc582e460;  1 drivers
v0x7fbbc3d0f6c0_0 .net *"_ivl_18", 7 0, L_0x7fbbc582e510;  1 drivers
v0x7fbbc3d0f770_0 .net *"_ivl_2", 0 0, L_0x7fbbc582e070;  1 drivers
v0x7fbbc3d0f810_0 .net *"_ivl_20", 3 0, L_0x7fbbc582e5d0;  1 drivers
L_0x105260b00 .functor BUFT 1, C4<00>, C4<0>, C4<0>, C4<0>;
v0x7fbbc3d0f8c0_0 .net *"_ivl_23", 1 0, L_0x105260b00;  1 drivers
L_0x105260b48 .functor BUFT 1, C4<00000000>, C4<0>, C4<0>, C4<0>;
v0x7fbbc3d0f970_0 .net/2u *"_ivl_24", 7 0, L_0x105260b48;  1 drivers
v0x7fbbc3d0fa20_0 .net *"_ivl_4", 7 0, L_0x7fbbc582e120;  1 drivers
v0x7fbbc3d0fad0_0 .net *"_ivl_6", 3 0, L_0x7fbbc582e1c0;  1 drivers
L_0x105260a28 .functor BUFT 1, C4<00>, C4<0>, C4<0>, C4<0>;
v0x7fbbc3d0fc60_0 .net *"_ivl_9", 1 0, L_0x105260a28;  1 drivers
v0x7fbbc3d0fcf0_0 .net "clock", 0 0, v0x7fbbc3d133c0_0;  alias, 1 drivers
v0x7fbbc3d0fda0_0 .net "from_mux", 7 0, v0x7fbbc3d12690_0;  1 drivers
v0x7fbbc3d0fe30 .array "internal", 3 0, 7 0;
v0x7fbbc3d0fec0_0 .net "port_A", 7 0, L_0x7fbbc582e2e0;  alias, 1 drivers
v0x7fbbc3d0ff50_0 .net "port_B", 7 0, L_0x7fbbc582e740;  alias, 1 drivers
L_0x7fbbc582e120 .array/port v0x7fbbc3d0fe30, L_0x7fbbc582e1c0;
L_0x7fbbc582e1c0 .concat [ 2 2 0 0], L_0x7fbbc582bcd0, L_0x105260a28;
L_0x7fbbc582e2e0 .functor MUXZ 8, L_0x105260a70, L_0x7fbbc582e120, L_0x7fbbc582e070, C4<>;
L_0x7fbbc582e510 .array/port v0x7fbbc3d0fe30, L_0x7fbbc582e5d0;
L_0x7fbbc582e5d0 .concat [ 2 2 0 0], L_0x7fbbc582caa0, L_0x105260b00;
L_0x7fbbc582e740 .functor MUXZ 8, L_0x105260b48, L_0x7fbbc582e510, L_0x7fbbc582e460, C4<>;
S_0x7fbbc3d100b0 .scope module, "comp3" "c3_alu" 2 324, 2 431 0, S_0x7fbbc3d0e220;
 .timescale -9 -9;
    .port_info 0 /OUTPUT 8 "from_alu";
    .port_info 1 /INPUT 8 "A_bus";
    .port_info 2 /INPUT 8 "B_bus";
    .port_info 3 /INPUT 3 "ALU";
P_0x7fbbc3d10240 .param/l "A_add_B" 0 2 442, C4<100>;
P_0x7fbbc3d10280 .param/l "A_and_B" 0 2 439, C4<001>;
P_0x7fbbc3d102c0 .param/l "A_or_B" 0 2 440, C4<010>;
P_0x7fbbc3d10300 .param/l "A_sub_B" 0 2 443, C4<101>;
P_0x7fbbc3d10340 .param/l "dec_A" 0 2 445, C4<111>;
P_0x7fbbc3d10380 .param/l "inc_A" 0 2 444, C4<110>;
P_0x7fbbc3d103c0 .param/l "not_A" 0 2 441, C4<011>;
P_0x7fbbc3d10400 .param/l "pass_A" 0 2 438, C4<000>;
v0x7fbbc3d10790_0 .net "ALU", 2 0, L_0x7fbbc582cfb0;  alias, 1 drivers
v0x7fbbc3d10860_0 .net "A_bus", 7 0, L_0x7fbbc582e2e0;  alias, 1 drivers
v0x7fbbc3d10910_0 .net "B_bus", 7 0, L_0x7fbbc582e740;  alias, 1 drivers
v0x7fbbc3d109e0_0 .var "from_alu", 7 0;
E_0x7fbbc3d10740 .event edge, v0x7fbbc5805f00_0, v0x7fbbc3d0fec0_0, v0x7fbbc3d0ff50_0;
S_0x7fbbc3d10ad0 .scope module, "comp4" "c4_shifter" 2 331, 2 463 0, S_0x7fbbc3d0e220;
 .timescale -9 -9;
    .port_info 0 /OUTPUT 8 "from_shifter";
    .port_info 1 /INPUT 8 "from_alu";
    .port_info 2 /INPUT 2 "SH";
P_0x7fbbc3d10c90 .param/l "LEFT" 0 2 470, C4<01>;
P_0x7fbbc3d10cd0 .param/l "PASS" 0 2 469, C4<00>;
P_0x7fbbc3d10d10 .param/l "RIGHT" 0 2 471, C4<10>;
P_0x7fbbc3d10d50 .param/l "ROTATE" 0 2 472, C4<11>;
v0x7fbbc3d10f70_0 .net "SH", 1 0, L_0x7fbbc582db70;  alias, 1 drivers
v0x7fbbc3d11040_0 .net "from_alu", 7 0, v0x7fbbc3d109e0_0;  alias, 1 drivers
v0x7fbbc3d110f0_0 .var "from_shifter", 7 0;
E_0x7fbbc3d10f30 .event edge, v0x7fbbc3d0a7f0_0, v0x7fbbc3d109e0_0;
S_0x7fbbc3d111f0 .scope module, "comp5" "c5_triBuff" 2 338, 2 486 0, S_0x7fbbc3d0e220;
 .timescale -9 -9;
    .port_info 0 /OUTPUT 8 "result";
    .port_info 1 /INPUT 8 "from_shifter";
    .port_info 2 /INPUT 1 "OE";
v0x7fbbc3d11470_0 .net "OE", 0 0, L_0x7fbbc582d980;  alias, 1 drivers
v0x7fbbc3d11530_0 .net "from_shifter", 7 0, v0x7fbbc3d110f0_0;  alias, 1 drivers
v0x7fbbc3d11600_0 .var "result", 7 0;
E_0x7fbbc3d11440 .event edge, v0x7fbbc3d0a490_0, v0x7fbbc3d0e980_0;
    .scope S_0x7fbbc5805070;
T_0 ;
    %pushi/vec4 0, 0, 3;
    %assign/vec4 v0x7fbbc3d0e020_0, 0;
    %pushi/vec4 0, 0, 3;
    %assign/vec4 v0x7fbbc3d0de30_0, 0;
    %end;
    .thread T_0;
    .scope S_0x7fbbc5805070;
T_1 ;
    %wait E_0x7fbbc5808100;
    %load/vec4 v0x7fbbc3d0dee0_0;
    %cmpi/e 1, 0, 1;
    %jmp/0xz  T_1.0, 4;
    %pushi/vec4 0, 0, 3;
    %assign/vec4 v0x7fbbc3d0e020_0, 0;
    %pushi/vec4 0, 0, 3;
    %assign/vec4 v0x7fbbc3d0de30_0, 0;
    %jmp T_1.1;
T_1.0 ;
    %load/vec4 v0x7fbbc3d0e020_0;
    %dup/vec4;
    %pushi/vec4 0, 0, 3;
    %cmp/u;
    %jmp/1 T_1.2, 6;
    %dup/vec4;
    %pushi/vec4 1, 0, 3;
    %cmp/u;
    %jmp/1 T_1.3, 6;
    %dup/vec4;
    %pushi/vec4 2, 0, 3;
    %cmp/u;
    %jmp/1 T_1.4, 6;
    %dup/vec4;
    %pushi/vec4 3, 0, 3;
    %cmp/u;
    %jmp/1 T_1.5, 6;
    %dup/vec4;
    %pushi/vec4 4, 0, 3;
    %cmp/u;
    %jmp/1 T_1.6, 6;
    %dup/vec4;
    %pushi/vec4 5, 0, 3;
    %cmp/u;
    %jmp/1 T_1.7, 6;
    %dup/vec4;
    %pushi/vec4 6, 0, 3;
    %cmp/u;
    %jmp/1 T_1.8, 6;
    %pushi/vec4 0, 0, 3;
    %assign/vec4 v0x7fbbc3d0de30_0, 0;
    %jmp T_1.10;
T_1.2 ;
    %load/vec4 v0x7fbbc3d0df80_0;
    %cmpi/e 1, 0, 1;
    %flag_mov 8, 4;
    %jmp/0 T_1.11, 8;
    %pushi/vec4 1, 0, 3;
    %jmp/1 T_1.12, 8;
T_1.11 ; End of true expr.
    %pushi/vec4 0, 0, 3;
    %jmp/0 T_1.12, 8;
 ; End of false expr.
    %blend;
T_1.12;
    %assign/vec4 v0x7fbbc3d0de30_0, 0;
    %jmp T_1.10;
T_1.3 ;
    %load/vec4 v0x7fbbc3d0dd90_0;
    %cmpi/e 1, 0, 1;
    %flag_mov 8, 4;
    %jmp/0 T_1.13, 8;
    %pushi/vec4 6, 0, 3;
    %jmp/1 T_1.14, 8;
T_1.13 ; End of true expr.
    %pushi/vec4 2, 0, 3;
    %jmp/0 T_1.14, 8;
 ; End of false expr.
    %blend;
T_1.14;
    %assign/vec4 v0x7fbbc3d0de30_0, 0;
    %jmp T_1.10;
T_1.4 ;
    %load/vec4 v0x7fbbc3d0dd90_0;
    %cmpi/e 1, 0, 1;
    %flag_mov 8, 4;
    %jmp/0 T_1.15, 8;
    %pushi/vec4 6, 0, 3;
    %jmp/1 T_1.16, 8;
T_1.15 ; End of true expr.
    %pushi/vec4 3, 0, 3;
    %jmp/0 T_1.16, 8;
 ; End of false expr.
    %blend;
T_1.16;
    %assign/vec4 v0x7fbbc3d0de30_0, 0;
    %jmp T_1.10;
T_1.5 ;
    %load/vec4 v0x7fbbc3d0dd90_0;
    %cmpi/e 1, 0, 1;
    %flag_mov 8, 4;
    %jmp/0 T_1.17, 8;
    %pushi/vec4 5, 0, 3;
    %jmp/1 T_1.18, 8;
T_1.17 ; End of true expr.
    %pushi/vec4 4, 0, 3;
    %jmp/0 T_1.18, 8;
 ; End of false expr.
    %blend;
T_1.18;
    %assign/vec4 v0x7fbbc3d0de30_0, 0;
    %jmp T_1.10;
T_1.6 ;
    %load/vec4 v0x7fbbc3d0dd90_0;
    %cmpi/e 1, 0, 1;
    %flag_mov 8, 4;
    %jmp/0 T_1.19, 8;
    %pushi/vec4 6, 0, 3;
    %jmp/1 T_1.20, 8;
T_1.19 ; End of true expr.
    %pushi/vec4 5, 0, 3;
    %jmp/0 T_1.20, 8;
 ; End of false expr.
    %blend;
T_1.20;
    %assign/vec4 v0x7fbbc3d0de30_0, 0;
    %jmp T_1.10;
T_1.7 ;
    %load/vec4 v0x7fbbc3d0dd90_0;
    %cmpi/e 1, 0, 1;
    %flag_mov 8, 4;
    %jmp/0 T_1.21, 8;
    %pushi/vec4 6, 0, 3;
    %jmp/1 T_1.22, 8;
T_1.21 ; End of true expr.
    %pushi/vec4 4, 0, 3;
    %jmp/0 T_1.22, 8;
 ; End of false expr.
    %blend;
T_1.22;
    %assign/vec4 v0x7fbbc3d0de30_0, 0;
    %jmp T_1.10;
T_1.8 ;
    %load/vec4 v0x7fbbc3d0dee0_0;
    %cmpi/e 1, 0, 1;
    %flag_mov 8, 4;
    %jmp/0 T_1.23, 8;
    %pushi/vec4 0, 0, 3;
    %jmp/1 T_1.24, 8;
T_1.23 ; End of true expr.
    %pushi/vec4 6, 0, 3;
    %jmp/0 T_1.24, 8;
 ; End of false expr.
    %blend;
T_1.24;
    %assign/vec4 v0x7fbbc3d0de30_0, 0;
    %jmp T_1.10;
T_1.10 ;
    %pop/vec4 1;
    %load/vec4 v0x7fbbc3d0de30_0;
    %assign/vec4 v0x7fbbc3d0e020_0, 0;
T_1.1 ;
    %jmp T_1;
    .thread T_1;
    .scope S_0x7fbbc3d0e630;
T_2 ;
    %wait E_0x7fbbc3d0e860;
    %load/vec4 v0x7fbbc3d0e8c0_0;
    %cmpi/e 1, 0, 1;
    %flag_mov 8, 4;
    %jmp/0 T_2.0, 8;
    %load/vec4 v0x7fbbc3d0eae0_0;
    %jmp/1 T_2.1, 8;
T_2.0 ; End of true expr.
    %load/vec4 v0x7fbbc3d0e980_0;
    %jmp/0 T_2.1, 8;
 ; End of false expr.
    %blend;
T_2.1;
    %store/vec4 v0x7fbbc3d0ea20_0, 0, 8;
    %jmp T_2;
    .thread T_2, $push;
    .scope S_0x7fbbc3d0ebf0;
T_3 ;
    %wait E_0x7fbbc5808100;
    %load/vec4 v0x7fbbc3d0f330_0;
    %cmpi/e 1, 0, 1;
    %jmp/0xz  T_3.0, 4;
    %load/vec4 v0x7fbbc3d0fda0_0;
    %load/vec4 v0x7fbbc3d0f260_0;
    %pad/u 4;
    %ix/vec4 3;
    %ix/load 4, 0, 0; Constant delay
    %assign/vec4/a/d v0x7fbbc3d0fe30, 0, 4;
T_3.0 ;
    %jmp T_3;
    .thread T_3;
    .scope S_0x7fbbc3d100b0;
T_4 ;
    %wait E_0x7fbbc3d10740;
    %load/vec4 v0x7fbbc3d10790_0;
    %dup/vec4;
    %pushi/vec4 0, 0, 3;
    %cmp/u;
    %jmp/1 T_4.0, 6;
    %dup/vec4;
    %pushi/vec4 1, 0, 3;
    %cmp/u;
    %jmp/1 T_4.1, 6;
    %dup/vec4;
    %pushi/vec4 2, 0, 3;
    %cmp/u;
    %jmp/1 T_4.2, 6;
    %dup/vec4;
    %pushi/vec4 3, 0, 3;
    %cmp/u;
    %jmp/1 T_4.3, 6;
    %dup/vec4;
    %pushi/vec4 4, 0, 3;
    %cmp/u;
    %jmp/1 T_4.4, 6;
    %dup/vec4;
    %pushi/vec4 5, 0, 3;
    %cmp/u;
    %jmp/1 T_4.5, 6;
    %dup/vec4;
    %pushi/vec4 6, 0, 3;
    %cmp/u;
    %jmp/1 T_4.6, 6;
    %dup/vec4;
    %pushi/vec4 7, 0, 3;
    %cmp/u;
    %jmp/1 T_4.7, 6;
    %jmp T_4.8;
T_4.0 ;
    %load/vec4 v0x7fbbc3d10860_0;
    %store/vec4 v0x7fbbc3d109e0_0, 0, 8;
    %jmp T_4.8;
T_4.1 ;
    %load/vec4 v0x7fbbc3d10860_0;
    %load/vec4 v0x7fbbc3d10910_0;
    %and;
    %store/vec4 v0x7fbbc3d109e0_0, 0, 8;
    %jmp T_4.8;
T_4.2 ;
    %load/vec4 v0x7fbbc3d10860_0;
    %load/vec4 v0x7fbbc3d10910_0;
    %or;
    %store/vec4 v0x7fbbc3d109e0_0, 0, 8;
    %jmp T_4.8;
T_4.3 ;
    %load/vec4 v0x7fbbc3d10860_0;
    %inv;
    %store/vec4 v0x7fbbc3d109e0_0, 0, 8;
    %jmp T_4.8;
T_4.4 ;
    %load/vec4 v0x7fbbc3d10860_0;
    %load/vec4 v0x7fbbc3d10910_0;
    %add;
    %store/vec4 v0x7fbbc3d109e0_0, 0, 8;
    %jmp T_4.8;
T_4.5 ;
    %load/vec4 v0x7fbbc3d10860_0;
    %load/vec4 v0x7fbbc3d10910_0;
    %sub;
    %store/vec4 v0x7fbbc3d109e0_0, 0, 8;
    %jmp T_4.8;
T_4.6 ;
    %load/vec4 v0x7fbbc3d10860_0;
    %addi 1, 0, 8;
    %store/vec4 v0x7fbbc3d109e0_0, 0, 8;
    %jmp T_4.8;
T_4.7 ;
    %load/vec4 v0x7fbbc3d10860_0;
    %subi 1, 0, 8;
    %store/vec4 v0x7fbbc3d109e0_0, 0, 8;
    %jmp T_4.8;
T_4.8 ;
    %pop/vec4 1;
    %jmp T_4;
    .thread T_4, $push;
    .scope S_0x7fbbc3d10ad0;
T_5 ;
    %wait E_0x7fbbc3d10f30;
    %load/vec4 v0x7fbbc3d10f70_0;
    %dup/vec4;
    %pushi/vec4 0, 0, 2;
    %cmp/u;
    %jmp/1 T_5.0, 6;
    %dup/vec4;
    %pushi/vec4 1, 0, 2;
    %cmp/u;
    %jmp/1 T_5.1, 6;
    %dup/vec4;
    %pushi/vec4 2, 0, 2;
    %cmp/u;
    %jmp/1 T_5.2, 6;
    %dup/vec4;
    %pushi/vec4 3, 0, 2;
    %cmp/u;
    %jmp/1 T_5.3, 6;
    %jmp T_5.4;
T_5.0 ;
    %load/vec4 v0x7fbbc3d11040_0;
    %store/vec4 v0x7fbbc3d110f0_0, 0, 8;
    %jmp T_5.4;
T_5.1 ;
    %load/vec4 v0x7fbbc3d11040_0;
    %ix/load 4, 1, 0;
    %flag_set/imm 4, 0;
    %shiftl 4;
    %store/vec4 v0x7fbbc3d110f0_0, 0, 8;
    %jmp T_5.4;
T_5.2 ;
    %load/vec4 v0x7fbbc3d11040_0;
    %ix/load 4, 1, 0;
    %flag_set/imm 4, 0;
    %shiftr 4;
    %store/vec4 v0x7fbbc3d110f0_0, 0, 8;
    %jmp T_5.4;
T_5.3 ;
    %load/vec4 v0x7fbbc3d11040_0;
    %parti/s 7, 0, 2;
    %load/vec4 v0x7fbbc3d11040_0;
    %parti/s 1, 7, 4;
    %concat/vec4; draw_concat_vec4
    %store/vec4 v0x7fbbc3d110f0_0, 0, 8;
    %jmp T_5.4;
T_5.4 ;
    %pop/vec4 1;
    %jmp T_5;
    .thread T_5, $push;
    .scope S_0x7fbbc3d111f0;
T_6 ;
    %wait E_0x7fbbc3d11440;
    %load/vec4 v0x7fbbc3d11470_0;
    %cmpi/e 1, 0, 1;
    %flag_mov 8, 4;
    %jmp/0 T_6.0, 8;
    %load/vec4 v0x7fbbc3d11530_0;
    %jmp/1 T_6.1, 8;
T_6.0 ; End of true expr.
    %pushi/vec4 0, 255, 8;
    %jmp/0 T_6.1, 8;
 ; End of false expr.
    %blend;
T_6.1;
    %store/vec4 v0x7fbbc3d11600_0, 0, 8;
    %jmp T_6;
    .thread T_6, $push;
    .scope S_0x7fbbc3d0e220;
T_7 ;
    %pushi/vec4 0, 0, 8;
    %assign/vec4 v0x7fbbc3d12690_0, 0;
    %end;
    .thread T_7;
    .scope S_0x7fbbc3d0e220;
T_8 ;
    %wait E_0x7fbbc3d0e5f0;
    %load/vec4 v0x7fbbc3d121a0_0;
    %assign/vec4 v0x7fbbc3d12690_0, 0;
    %jmp T_8;
    .thread T_8, $push;
    .scope S_0x7fbbc5800050;
T_9 ;
    %delay 5, 0;
    %load/vec4 v0x7fbbc3d133c0_0;
    %inv;
    %store/vec4 v0x7fbbc3d133c0_0, 0, 1;
    %jmp T_9;
    .thread T_9;
    .scope S_0x7fbbc5800050;
T_10 ;
    %vpi_call 2 50 "$write", "\012 testing the  GPD, k = log2(N) round UP algorithim  ,  N [ 1 : 128 ]\012\012" {0 0 0};
    %vpi_call 2 51 "$write", "        input       |       result      \012" {0 0 0};
    %pushi/vec4 1, 0, 1;
    %store/vec4 v0x7fbbc3d13980_0, 0, 1;
    %pushi/vec4 1, 0, 1;
    %store/vec4 v0x7fbbc3d13820_0, 0, 1;
    %pushi/vec4 0, 0, 1;
    %store/vec4 v0x7fbbc3d133c0_0, 0, 1;
    %pushi/vec4 0, 0, 32;
    %store/vec4 v0x7fbbc3d13690_0, 0, 32;
    %pushi/vec4 9, 0, 32;
    %store/vec4 v0x7fbbc3d135f0_0, 0, 32;
    %pushi/vec4 1, 0, 32;
    %store/vec4 v0x7fbbc3d13560_0, 0, 32;
T_10.0 ;
    %load/vec4 v0x7fbbc3d13560_0;
    %cmpi/s 128, 0, 32;
    %flag_or 5, 4;
    %jmp/0xz T_10.1, 5;
    %pushi/vec4 0, 0, 1;
    %store/vec4 v0x7fbbc3d13820_0, 0, 1;
    %load/vec4 v0x7fbbc3d13560_0;
    %pad/s 8;
    %store/vec4 v0x7fbbc3d13780_0, 0, 8;
    %load/vec4 v0x7fbbc3d13560_0;
    %cmpi/e 1, 0, 32;
    %jmp/0xz  T_10.2, 4;
    %delay 10, 0;
T_10.2 ;
T_10.4 ;
    %load/vec4 v0x7fbbc3d134d0_0;
    %cmpi/ne 1, 0, 1;
    %jmp/0xz T_10.5, 4;
    %delay 10, 0;
    %jmp T_10.4;
T_10.5 ;
    %load/vec4 v0x7fbbc3d138f0_0;
    %pad/u 32;
    %store/vec4 v0x7fbbc3d13690_0, 0, 32;
    %load/vec4 v0x7fbbc3d13690_0;
    %load/vec4 v0x7fbbc3d135f0_0;
    %cmp/ne;
    %jmp/0xz  T_10.6, 4;
    %vpi_call 2 72 "$write", " ---------------------------------------\012" {0 0 0};
    %load/vec4 v0x7fbbc3d13690_0;
    %store/vec4 v0x7fbbc3d135f0_0, 0, 32;
T_10.6 ;
    %vpi_call 2 75 "$write", "  {%3d}  %4b_%4b  |  %4b_%4b  {%3d}    %6t ns\012", v0x7fbbc3d13780_0, &PV<v0x7fbbc3d13780_0, 4, 4>, &PV<v0x7fbbc3d13780_0, 0, 4>, &PV<v0x7fbbc3d138f0_0, 4, 4>, &PV<v0x7fbbc3d138f0_0, 0, 4>, v0x7fbbc3d138f0_0, $time {0 0 0};
    %pushi/vec4 1, 0, 1;
    %store/vec4 v0x7fbbc3d13820_0, 0, 1;
    %delay 10, 0;
    %load/vec4 v0x7fbbc3d13560_0;
    %addi 1, 0, 32;
    %store/vec4 v0x7fbbc3d13560_0, 0, 32;
    %jmp T_10.0;
T_10.1 ;
    %delay 3, 0;
    %vpi_call 2 87 "$write", "\012\012\011\011 ~ ~ ~ TEST COMPLETE ~ ~ ~  %7t  ns\012\012", $time {0 0 0};
    %vpi_call 2 88 "$finish" {0 0 0};
    %end;
    .thread T_10;
# The file index is used to find the file name in the following table.
:file_names 3;
    "N/A";
    "<interactive>";
    "log2.v";
