#! /usr/local/Cellar/icarus-verilog/11.0/bin/vvp
:ivl_version "11.0 (stable)";
:ivl_delay_selection "TYPICAL";
:vpi_time_precision + 0;
:vpi_module "/usr/local/Cellar/icarus-verilog/11.0/lib/ivl/system.vpi";
:vpi_module "/usr/local/Cellar/icarus-verilog/11.0/lib/ivl/vhdl_sys.vpi";
:vpi_module "/usr/local/Cellar/icarus-verilog/11.0/lib/ivl/vhdl_textio.vpi";
:vpi_module "/usr/local/Cellar/icarus-verilog/11.0/lib/ivl/v2005_math.vpi";
:vpi_module "/usr/local/Cellar/icarus-verilog/11.0/lib/ivl/va_math.vpi";
S_0x7f8b35e00c40 .scope module, "testbench" "testbench" 2 14;
 .timescale 0 0;
v0x7f8b35c28150_0 .var "clk", 0 0;
v0x7f8b35c281e0_0 .net "dataadr", 31 0, v0x7f8b35c202d0_0;  1 drivers
v0x7f8b35c28270_0 .net "memwrite", 0 0, L_0x7f8b35c287a0;  1 drivers
v0x7f8b35c28300_0 .var "reset", 0 0;
v0x7f8b35c28410_0 .net "writedata", 31 0, L_0x7f8b35c2a090;  1 drivers
E_0x7f8b35e00db0 .event negedge, v0x7f8b35e115c0_0;
S_0x7f8b35e00de0 .scope module, "dut" "top" 2 20, 2 51 0, S_0x7f8b35e00c40;
 .timescale 0 0;
    .port_info 0 /INPUT 1 "clk";
    .port_info 1 /INPUT 1 "reset";
    .port_info 2 /OUTPUT 32 "writedata";
    .port_info 3 /OUTPUT 32 "dataadr";
    .port_info 4 /OUTPUT 1 "memwrite";
v0x7f8b35c27b50_0 .net "clk", 0 0, v0x7f8b35c28150_0;  1 drivers
v0x7f8b35c27be0_0 .net "dataadr", 31 0, v0x7f8b35c202d0_0;  alias, 1 drivers
v0x7f8b35c27c70_0 .net "instr", 31 0, L_0x7f8b3701b090;  1 drivers
v0x7f8b35c27d00_0 .net "memwrite", 0 0, L_0x7f8b35c287a0;  alias, 1 drivers
v0x7f8b35c27e10_0 .net "pc", 31 0, v0x7f8b35c04d60_0;  1 drivers
v0x7f8b35c27f20_0 .net "readdata", 31 0, L_0x7f8b37016b60;  1 drivers
v0x7f8b35c28030_0 .net "reset", 0 0, v0x7f8b35c28300_0;  1 drivers
v0x7f8b35c280c0_0 .net "writedata", 31 0, L_0x7f8b35c2a090;  alias, 1 drivers
L_0x7f8b37016ef0 .part v0x7f8b35c04d60_0, 2, 6;
S_0x7f8b35e01050 .scope module, "dmem" "dmem" 2 57, 2 92 0, S_0x7f8b35e00de0;
 .timescale 0 0;
    .port_info 0 /INPUT 1 "clk";
    .port_info 1 /INPUT 1 "we";
    .port_info 2 /INPUT 32 "a";
    .port_info 3 /INPUT 32 "wd";
    .port_info 4 /OUTPUT 32 "rd";
L_0x7f8b37016b60 .functor BUFZ 32, L_0x7f8b37009600, C4<00000000000000000000000000000000>, C4<00000000000000000000000000000000>, C4<00000000000000000000000000000000>;
v0x7f8b35e01310 .array "RAM", 0 63, 31 0;
v0x7f8b35e013c0_0 .net *"_ivl_0", 31 0, L_0x7f8b37009600;  1 drivers
v0x7f8b35e11450_0 .net *"_ivl_3", 29 0, L_0x7f8b37016ac0;  1 drivers
v0x7f8b35e11510_0 .net "a", 31 0, v0x7f8b35c202d0_0;  alias, 1 drivers
v0x7f8b35e115c0_0 .net "clk", 0 0, v0x7f8b35c28150_0;  alias, 1 drivers
v0x7f8b35e116a0_0 .net "rd", 31 0, L_0x7f8b37016b60;  alias, 1 drivers
v0x7f8b35e11750_0 .net "wd", 31 0, L_0x7f8b35c2a090;  alias, 1 drivers
v0x7f8b35e11800_0 .net "we", 0 0, L_0x7f8b35c287a0;  alias, 1 drivers
E_0x7f8b35e012c0 .event posedge, v0x7f8b35e115c0_0;
L_0x7f8b37009600 .array/port v0x7f8b35e01310, L_0x7f8b37016ac0;
L_0x7f8b37016ac0 .part v0x7f8b35c202d0_0, 2, 30;
S_0x7f8b35e11920 .scope module, "imem" "imem" 2 56, 2 81 0, S_0x7f8b35e00de0;
 .timescale 0 0;
    .port_info 0 /INPUT 6 "a";
    .port_info 1 /OUTPUT 32 "rd";
L_0x7f8b3701b090 .functor BUFZ 32, L_0x7f8b37014f00, C4<00000000000000000000000000000000>, C4<00000000000000000000000000000000>, C4<00000000000000000000000000000000>;
v0x7f8b35e11ae0 .array "RAM", 0 63, 31 0;
v0x7f8b35e11b80_0 .net *"_ivl_0", 31 0, L_0x7f8b37014f00;  1 drivers
v0x7f8b35e11c30_0 .net *"_ivl_2", 7 0, L_0x7f8b370060e0;  1 drivers
L_0x1039ac368 .functor BUFT 1, C4<00>, C4<0>, C4<0>, C4<0>;
v0x7f8b35e11cf0_0 .net *"_ivl_5", 1 0, L_0x1039ac368;  1 drivers
v0x7f8b35e11da0_0 .net "a", 5 0, L_0x7f8b37016ef0;  1 drivers
v0x7f8b35e11e90_0 .net "rd", 31 0, L_0x7f8b3701b090;  alias, 1 drivers
L_0x7f8b37014f00 .array/port v0x7f8b35e11ae0, L_0x7f8b370060e0;
L_0x7f8b370060e0 .concat [ 6 2 0 0], L_0x7f8b37016ef0, L_0x1039ac368;
S_0x7f8b35e11f70 .scope module, "mips" "mips" 2 54, 2 62 0, S_0x7f8b35e00de0;
 .timescale 0 0;
    .port_info 0 /INPUT 1 "clk";
    .port_info 1 /INPUT 1 "reset";
    .port_info 2 /OUTPUT 32 "pc";
    .port_info 3 /INPUT 32 "instr";
    .port_info 4 /OUTPUT 1 "memwrite";
    .port_info 5 /OUTPUT 32 "aluout";
    .port_info 6 /OUTPUT 32 "writedata";
    .port_info 7 /INPUT 32 "readdata";
v0x7f8b35c26e50_0 .net "alucontrol", 2 0, v0x7f8b35e127e0_0;  1 drivers
v0x7f8b35c26ee0_0 .net "aluout", 31 0, v0x7f8b35c202d0_0;  alias, 1 drivers
v0x7f8b35c26f70_0 .net "alusrc", 0 0, L_0x7f8b35c285e0;  1 drivers
v0x7f8b35c27080_0 .net "clk", 0 0, v0x7f8b35c28150_0;  alias, 1 drivers
v0x7f8b35c27190_0 .net "instr", 31 0, L_0x7f8b3701b090;  alias, 1 drivers
v0x7f8b35c27220_0 .net "jump", 0 0, L_0x7f8b35c288e0;  1 drivers
v0x7f8b35c27330_0 .net "memtoreg", 0 0, L_0x7f8b35c28840;  1 drivers
v0x7f8b35c27440_0 .net "memwrite", 0 0, L_0x7f8b35c287a0;  alias, 1 drivers
v0x7f8b35c274d0_0 .net "pc", 31 0, v0x7f8b35c04d60_0;  alias, 1 drivers
v0x7f8b35c275e0_0 .net "pcsrc", 0 0, L_0x7f8b35c07020;  1 drivers
v0x7f8b35c27670_0 .net "readdata", 31 0, L_0x7f8b37016b60;  alias, 1 drivers
v0x7f8b35c27700_0 .net "regdst", 0 0, L_0x7f8b35c28540;  1 drivers
v0x7f8b35c27810_0 .net "regwrite", 0 0, L_0x7f8b35c284a0;  1 drivers
v0x7f8b35c27920_0 .net "reset", 0 0, v0x7f8b35c28300_0;  alias, 1 drivers
v0x7f8b35c279b0_0 .net "writedata", 31 0, L_0x7f8b35c2a090;  alias, 1 drivers
v0x7f8b35c27ac0_0 .net "zero", 0 0, v0x7f8b35c19dd0_0;  1 drivers
L_0x7f8b35c28ba0 .part L_0x7f8b3701b090, 26, 6;
L_0x7f8b35c28cc0 .part L_0x7f8b3701b090, 0, 6;
S_0x7f8b35e12230 .scope module, "c" "controller" 2 70, 2 104 0, S_0x7f8b35e11f70;
 .timescale 0 0;
    .port_info 0 /INPUT 6 "op";
    .port_info 1 /INPUT 6 "funct";
    .port_info 2 /INPUT 1 "zero";
    .port_info 3 /OUTPUT 1 "memtoreg";
    .port_info 4 /OUTPUT 1 "memwrite";
    .port_info 5 /OUTPUT 1 "pcsrc";
    .port_info 6 /OUTPUT 1 "alusrc";
    .port_info 7 /OUTPUT 1 "regdst";
    .port_info 8 /OUTPUT 1 "regwrite";
    .port_info 9 /OUTPUT 1 "jump";
    .port_info 10 /OUTPUT 3 "alucontrol";
L_0x7f8b35c07020 .functor AND 1, L_0x7f8b35c28680, v0x7f8b35c19dd0_0, C4<1>, C4<1>;
v0x7f8b35c1f1d0_0 .net "alucontrol", 2 0, v0x7f8b35e127e0_0;  alias, 1 drivers
v0x7f8b35c1c690_0 .net "aluop", 1 0, L_0x7f8b35c28980;  1 drivers
v0x7f8b35c1c720_0 .net "alusrc", 0 0, L_0x7f8b35c285e0;  alias, 1 drivers
v0x7f8b35c1f6d0_0 .net "branch", 0 0, L_0x7f8b35c28680;  1 drivers
v0x7f8b35c1f760_0 .net "funct", 5 0, L_0x7f8b35c28cc0;  1 drivers
v0x7f8b35c23b40_0 .net "jump", 0 0, L_0x7f8b35c288e0;  alias, 1 drivers
v0x7f8b35c23bd0_0 .net "memtoreg", 0 0, L_0x7f8b35c28840;  alias, 1 drivers
v0x7f8b35c20750_0 .net "memwrite", 0 0, L_0x7f8b35c287a0;  alias, 1 drivers
v0x7f8b35c207e0_0 .net "op", 5 0, L_0x7f8b35c28ba0;  1 drivers
v0x7f8b35c1df00_0 .net "pcsrc", 0 0, L_0x7f8b35c07020;  alias, 1 drivers
v0x7f8b35c1df90_0 .net "regdst", 0 0, L_0x7f8b35c28540;  alias, 1 drivers
v0x7f8b35c23080_0 .net "regwrite", 0 0, L_0x7f8b35c284a0;  alias, 1 drivers
v0x7f8b35c23110_0 .net "zero", 0 0, v0x7f8b35c19dd0_0;  alias, 1 drivers
S_0x7f8b35e12560 .scope module, "ad" "aludec" 2 116, 2 177 0, S_0x7f8b35e12230;
 .timescale 0 0;
    .port_info 0 /INPUT 6 "funct";
    .port_info 1 /INPUT 2 "aluop";
    .port_info 2 /OUTPUT 3 "alucontrol";
v0x7f8b35e127e0_0 .var "alucontrol", 2 0;
v0x7f8b35e128a0_0 .net "aluop", 1 0, L_0x7f8b35c28980;  alias, 1 drivers
v0x7f8b35e12950_0 .net "funct", 5 0, L_0x7f8b35c28cc0;  alias, 1 drivers
E_0x7f8b35e12790 .event edge, v0x7f8b35e128a0_0, v0x7f8b35e12950_0;
S_0x7f8b35c12dd0 .scope module, "md" "maindec" 2 113, 2 158 0, S_0x7f8b35e12230;
 .timescale 0 0;
    .port_info 0 /INPUT 6 "op";
    .port_info 1 /OUTPUT 1 "memtoreg";
    .port_info 2 /OUTPUT 1 "memwrite";
    .port_info 3 /OUTPUT 1 "branch";
    .port_info 4 /OUTPUT 1 "alusrc";
    .port_info 5 /OUTPUT 1 "regdst";
    .port_info 6 /OUTPUT 1 "regwrite";
    .port_info 7 /OUTPUT 1 "jump";
    .port_info 8 /OUTPUT 2 "aluop";
v0x7f8b35c07b60_0 .net *"_ivl_10", 8 0, v0x7f8b35c083d0_0;  1 drivers
v0x7f8b35c05cf0_0 .net "aluop", 1 0, L_0x7f8b35c28980;  alias, 1 drivers
v0x7f8b35c1b3f0_0 .net "alusrc", 0 0, L_0x7f8b35c285e0;  alias, 1 drivers
v0x7f8b35c14aa0_0 .net "branch", 0 0, L_0x7f8b35c28680;  alias, 1 drivers
v0x7f8b35c083d0_0 .var "controls", 8 0;
v0x7f8b35c1ea00_0 .net "jump", 0 0, L_0x7f8b35c288e0;  alias, 1 drivers
v0x7f8b35c1e470_0 .net "memtoreg", 0 0, L_0x7f8b35c28840;  alias, 1 drivers
v0x7f8b35c23ca0_0 .net "memwrite", 0 0, L_0x7f8b35c287a0;  alias, 1 drivers
v0x7f8b35c236b0_0 .net "op", 5 0, L_0x7f8b35c28ba0;  alias, 1 drivers
v0x7f8b35c1e5f0_0 .net "regdst", 0 0, L_0x7f8b35c28540;  alias, 1 drivers
v0x7f8b35c23df0_0 .net "regwrite", 0 0, L_0x7f8b35c284a0;  alias, 1 drivers
E_0x7f8b35c1e9a0 .event edge, v0x7f8b35c236b0_0;
L_0x7f8b35c284a0 .part v0x7f8b35c083d0_0, 8, 1;
L_0x7f8b35c28540 .part v0x7f8b35c083d0_0, 7, 1;
L_0x7f8b35c285e0 .part v0x7f8b35c083d0_0, 6, 1;
L_0x7f8b35c28680 .part v0x7f8b35c083d0_0, 5, 1;
L_0x7f8b35c287a0 .part v0x7f8b35c083d0_0, 4, 1;
L_0x7f8b35c28840 .part v0x7f8b35c083d0_0, 3, 1;
L_0x7f8b35c288e0 .part v0x7f8b35c083d0_0, 2, 1;
L_0x7f8b35c28980 .part v0x7f8b35c083d0_0, 0, 2;
S_0x7f8b35c12f40 .scope module, "dp" "datapath" 2 72, 2 122 0, S_0x7f8b35e11f70;
 .timescale 0 0;
    .port_info 0 /INPUT 1 "clk";
    .port_info 1 /INPUT 1 "reset";
    .port_info 2 /INPUT 1 "memtoreg";
    .port_info 3 /INPUT 1 "pcsrc";
    .port_info 4 /INPUT 1 "alusrc";
    .port_info 5 /INPUT 1 "regdst";
    .port_info 6 /INPUT 1 "regwrite";
    .port_info 7 /INPUT 1 "jump";
    .port_info 8 /INPUT 3 "alucontrol";
    .port_info 9 /OUTPUT 1 "zero";
    .port_info 10 /OUTPUT 32 "pc";
    .port_info 11 /INPUT 32 "instr";
    .port_info 12 /OUTPUT 32 "aluout";
    .port_info 13 /OUTPUT 32 "writedata";
    .port_info 14 /INPUT 32 "readdata";
v0x7f8b35c25d90_0 .net *"_ivl_3", 3 0, L_0x7f8b35c29440;  1 drivers
v0x7f8b35c25e20_0 .net *"_ivl_5", 25 0, L_0x7f8b35c294e0;  1 drivers
L_0x1039ac0e0 .functor BUFT 1, C4<00>, C4<0>, C4<0>, C4<0>;
v0x7f8b35c25eb0_0 .net/2u *"_ivl_6", 1 0, L_0x1039ac0e0;  1 drivers
v0x7f8b35c25f40_0 .net "alucontrol", 2 0, v0x7f8b35e127e0_0;  alias, 1 drivers
v0x7f8b35c25fd0_0 .net "aluout", 31 0, v0x7f8b35c202d0_0;  alias, 1 drivers
v0x7f8b35c26060_0 .net "alusrc", 0 0, L_0x7f8b35c285e0;  alias, 1 drivers
v0x7f8b35c260f0_0 .net "clk", 0 0, v0x7f8b35c28150_0;  alias, 1 drivers
v0x7f8b35c26180_0 .net "instr", 31 0, L_0x7f8b3701b090;  alias, 1 drivers
v0x7f8b35c26210_0 .net "jump", 0 0, L_0x7f8b35c288e0;  alias, 1 drivers
v0x7f8b35c262a0_0 .net "memtoreg", 0 0, L_0x7f8b35c28840;  alias, 1 drivers
v0x7f8b35c26330_0 .net "pc", 31 0, v0x7f8b35c04d60_0;  alias, 1 drivers
v0x7f8b35c263c0_0 .net "pcbranch", 31 0, L_0x7f8b35c290e0;  1 drivers
v0x7f8b35c26450_0 .net "pcnext", 31 0, L_0x7f8b35c29320;  1 drivers
v0x7f8b35c264e0_0 .net "pcnextbr", 31 0, L_0x7f8b35c29200;  1 drivers
v0x7f8b35c26570_0 .net "pcplus4", 31 0, L_0x7f8b35c28d60;  1 drivers
v0x7f8b35c26600_0 .net "pcsrc", 0 0, L_0x7f8b35c07020;  alias, 1 drivers
v0x7f8b35c26690_0 .net "readdata", 31 0, L_0x7f8b37016b60;  alias, 1 drivers
v0x7f8b35c26820_0 .net "regdst", 0 0, L_0x7f8b35c28540;  alias, 1 drivers
v0x7f8b35c268b0_0 .net "regwrite", 0 0, L_0x7f8b35c284a0;  alias, 1 drivers
v0x7f8b35c26940_0 .net "reset", 0 0, v0x7f8b35c28300_0;  alias, 1 drivers
v0x7f8b35c269d0_0 .net "result", 31 0, L_0x7f8b35c2a610;  1 drivers
v0x7f8b35c26a60_0 .net "signimm", 31 0, L_0x7f8b35c2a940;  1 drivers
v0x7f8b35c26af0_0 .net "signimmsh", 31 0, L_0x7f8b35c29040;  1 drivers
v0x7f8b35c26b80_0 .net "srca", 31 0, L_0x7f8b35c29aa0;  1 drivers
v0x7f8b35c26c10_0 .net "srcb", 31 0, L_0x7f8b35c2ace0;  1 drivers
v0x7f8b35c26ca0_0 .net "writedata", 31 0, L_0x7f8b35c2a090;  alias, 1 drivers
v0x7f8b35c26d30_0 .net "writereg", 4 0, L_0x7f8b35c2a3f0;  1 drivers
v0x7f8b35c26dc0_0 .net "zero", 0 0, v0x7f8b35c19dd0_0;  alias, 1 drivers
L_0x7f8b35c29440 .part L_0x7f8b35c28d60, 28, 4;
L_0x7f8b35c294e0 .part L_0x7f8b3701b090, 0, 26;
L_0x7f8b35c29580 .concat [ 2 26 4 0], L_0x1039ac0e0, L_0x7f8b35c294e0, L_0x7f8b35c29440;
L_0x7f8b35c2a1b0 .part L_0x7f8b3701b090, 21, 5;
L_0x7f8b35c2a250 .part L_0x7f8b3701b090, 16, 5;
L_0x7f8b35c2a490 .part L_0x7f8b3701b090, 16, 5;
L_0x7f8b35c2a530 .part L_0x7f8b3701b090, 11, 5;
L_0x7f8b35c2ac40 .part L_0x7f8b3701b090, 0, 16;
S_0x7f8b35c14fd0 .scope module, "alu" "alu" 2 153, 2 235 0, S_0x7f8b35c12f40;
 .timescale 0 0;
    .port_info 0 /INPUT 32 "a";
    .port_info 1 /INPUT 32 "b";
    .port_info 2 /INPUT 3 "sel";
    .port_info 3 /OUTPUT 32 "out";
    .port_info 4 /OUTPUT 1 "zero";
v0x7f8b35c211b0_0 .net "a", 31 0, L_0x7f8b35c29aa0;  alias, 1 drivers
v0x7f8b35c21240_0 .net "b", 31 0, L_0x7f8b35c2ace0;  alias, 1 drivers
v0x7f8b35c202d0_0 .var "out", 31 0;
v0x7f8b35c20360_0 .net "sel", 2 0, v0x7f8b35e127e0_0;  alias, 1 drivers
v0x7f8b35c19dd0_0 .var "zero", 0 0;
E_0x7f8b35c23740 .event edge, v0x7f8b35e127e0_0, v0x7f8b35c211b0_0, v0x7f8b35c21240_0, v0x7f8b35e11510_0;
S_0x7f8b35c19e60 .scope module, "immsh" "sl2" 2 141, 2 215 0, S_0x7f8b35c12f40;
 .timescale 0 0;
    .port_info 0 /INPUT 32 "a";
    .port_info 1 /OUTPUT 32 "y";
v0x7f8b35c19fd0_0 .net *"_ivl_1", 25 0, L_0x7f8b35c28e80;  1 drivers
L_0x1039ac050 .functor BUFT 1, C4<00>, C4<0>, C4<0>, C4<0>;
v0x7f8b35c13b10_0 .net/2u *"_ivl_2", 1 0, L_0x1039ac050;  1 drivers
v0x7f8b35c13ba0_0 .net *"_ivl_4", 27 0, L_0x7f8b35c28fa0;  1 drivers
L_0x1039ac098 .functor BUFT 1, C4<0000>, C4<0>, C4<0>, C4<0>;
v0x7f8b35c13c30_0 .net *"_ivl_9", 3 0, L_0x1039ac098;  1 drivers
v0x7f8b35c13cc0_0 .net "a", 31 0, L_0x7f8b35c2a940;  alias, 1 drivers
v0x7f8b35c13d50_0 .net "y", 31 0, L_0x7f8b35c29040;  alias, 1 drivers
L_0x7f8b35c28e80 .part L_0x7f8b35c2a940, 0, 26;
L_0x7f8b35c28fa0 .concat [ 2 26 0 0], L_0x1039ac050, L_0x7f8b35c28e80;
L_0x7f8b35c29040 .concat [ 28 4 0 0], L_0x7f8b35c28fa0, L_0x1039ac098;
S_0x7f8b35c06d90 .scope module, "pcadd1" "adder" 2 140, 2 209 0, S_0x7f8b35c12f40;
 .timescale 0 0;
    .port_info 0 /INPUT 32 "a";
    .port_info 1 /INPUT 32 "b";
    .port_info 2 /OUTPUT 32 "y";
v0x7f8b35c06f00_0 .net "a", 31 0, v0x7f8b35c04d60_0;  alias, 1 drivers
L_0x1039ac008 .functor BUFT 1, C4<00000000000000000000000000000100>, C4<0>, C4<0>, C4<0>;
v0x7f8b35c06f90_0 .net "b", 31 0, L_0x1039ac008;  1 drivers
v0x7f8b35c0bd50_0 .net "y", 31 0, L_0x7f8b35c28d60;  alias, 1 drivers
L_0x7f8b35c28d60 .arith/sum 32, v0x7f8b35c04d60_0, L_0x1039ac008;
S_0x7f8b35c0bde0 .scope module, "pcadd2" "adder" 2 142, 2 209 0, S_0x7f8b35c12f40;
 .timescale 0 0;
    .port_info 0 /INPUT 32 "a";
    .port_info 1 /INPUT 32 "b";
    .port_info 2 /OUTPUT 32 "y";
v0x7f8b35c0bf50_0 .net "a", 31 0, L_0x7f8b35c28d60;  alias, 1 drivers
v0x7f8b35c10990_0 .net "b", 31 0, L_0x7f8b35c29040;  alias, 1 drivers
v0x7f8b35c10a20_0 .net "y", 31 0, L_0x7f8b35c290e0;  alias, 1 drivers
L_0x7f8b35c290e0 .arith/sum 32, L_0x7f8b35c28d60, L_0x7f8b35c29040;
S_0x7f8b35c10ab0 .scope module, "pcbrmux" "mux2" 2 143, 2 222 0, S_0x7f8b35c12f40;
 .timescale 0 0;
    .port_info 0 /INPUT 32 "d0";
    .port_info 1 /INPUT 32 "d1";
    .port_info 2 /INPUT 1 "s";
    .port_info 3 /OUTPUT 32 "y";
P_0x7f8b35c05f90 .param/l "WIDTH" 0 2 222, +C4<00000000000000000000000000100000>;
v0x7f8b35c0eb10_0 .net "d0", 31 0, L_0x7f8b35c28d60;  alias, 1 drivers
v0x7f8b35c0eba0_0 .net "d1", 31 0, L_0x7f8b35c290e0;  alias, 1 drivers
v0x7f8b35c0ec30_0 .net "s", 0 0, L_0x7f8b35c07020;  alias, 1 drivers
v0x7f8b35c0ecc0_0 .net "y", 31 0, L_0x7f8b35c29200;  alias, 1 drivers
L_0x7f8b35c29200 .functor MUXZ 32, L_0x7f8b35c28d60, L_0x7f8b35c290e0, L_0x7f8b35c07020, C4<>;
S_0x7f8b35c15c80 .scope module, "pcmux" "mux2" 2 144, 2 222 0, S_0x7f8b35c12f40;
 .timescale 0 0;
    .port_info 0 /INPUT 32 "d0";
    .port_info 1 /INPUT 32 "d1";
    .port_info 2 /INPUT 1 "s";
    .port_info 3 /OUTPUT 32 "y";
P_0x7f8b35c15420 .param/l "WIDTH" 0 2 222, +C4<00000000000000000000000000100000>;
v0x7f8b35c0ed50_0 .net "d0", 31 0, L_0x7f8b35c29200;  alias, 1 drivers
v0x7f8b35c15df0_0 .net "d1", 31 0, L_0x7f8b35c29580;  1 drivers
v0x7f8b35c15e80_0 .net "s", 0 0, L_0x7f8b35c288e0;  alias, 1 drivers
v0x7f8b35c11f10_0 .net "y", 31 0, L_0x7f8b35c29320;  alias, 1 drivers
L_0x7f8b35c29320 .functor MUXZ 32, L_0x7f8b35c29200, L_0x7f8b35c29580, L_0x7f8b35c288e0, C4<>;
S_0x7f8b35c11fa0 .scope module, "pcreg" "flopr" 2 139, 2 198 0, S_0x7f8b35c12f40;
 .timescale 0 0;
    .port_info 0 /INPUT 1 "clk";
    .port_info 1 /INPUT 1 "reset";
    .port_info 2 /INPUT 32 "d";
    .port_info 3 /OUTPUT 32 "q";
P_0x7f8b35c1aed0 .param/l "WIDTH" 0 2 198, +C4<00000000000000000000000000100000>;
v0x7f8b35c12110_0 .net "clk", 0 0, v0x7f8b35c28150_0;  alias, 1 drivers
v0x7f8b35c04cd0_0 .net "d", 31 0, L_0x7f8b35c29320;  alias, 1 drivers
v0x7f8b35c04d60_0 .var "q", 31 0;
v0x7f8b35c04df0_0 .net "reset", 0 0, v0x7f8b35c28300_0;  alias, 1 drivers
E_0x7f8b35c0b690 .event posedge, v0x7f8b35c04df0_0, v0x7f8b35e115c0_0;
S_0x7f8b35c04e80 .scope module, "resmux" "mux2" 2 149, 2 222 0, S_0x7f8b35c12f40;
 .timescale 0 0;
    .port_info 0 /INPUT 32 "d0";
    .port_info 1 /INPUT 32 "d1";
    .port_info 2 /INPUT 1 "s";
    .port_info 3 /OUTPUT 32 "y";
P_0x7f8b35c1a270 .param/l "WIDTH" 0 2 222, +C4<00000000000000000000000000100000>;
v0x7f8b35c23f00_0 .net "d0", 31 0, v0x7f8b35c202d0_0;  alias, 1 drivers
v0x7f8b35c23f90_0 .net "d1", 31 0, L_0x7f8b37016b60;  alias, 1 drivers
v0x7f8b35c24020_0 .net "s", 0 0, L_0x7f8b35c28840;  alias, 1 drivers
v0x7f8b35c240b0_0 .net "y", 31 0, L_0x7f8b35c2a610;  alias, 1 drivers
L_0x7f8b35c2a610 .functor MUXZ 32, v0x7f8b35c202d0_0, L_0x7f8b37016b60, L_0x7f8b35c28840, C4<>;
S_0x7f8b35c24140 .scope module, "rf" "regfile" 2 146, 2 294 0, S_0x7f8b35c12f40;
 .timescale 0 0;
    .port_info 0 /INPUT 1 "clk";
    .port_info 1 /INPUT 1 "we3";
    .port_info 2 /INPUT 5 "ra1";
    .port_info 3 /INPUT 5 "ra2";
    .port_info 4 /INPUT 5 "wa3";
    .port_info 5 /INPUT 32 "wd3";
    .port_info 6 /OUTPUT 32 "rd1";
    .port_info 7 /OUTPUT 32 "rd2";
v0x7f8b35c24370_0 .net *"_ivl_0", 31 0, L_0x7f8b35c29660;  1 drivers
v0x7f8b35c24400_0 .net *"_ivl_10", 6 0, L_0x7f8b35c29940;  1 drivers
L_0x1039ac1b8 .functor BUFT 1, C4<00>, C4<0>, C4<0>, C4<0>;
v0x7f8b35c24490_0 .net *"_ivl_13", 1 0, L_0x1039ac1b8;  1 drivers
L_0x1039ac200 .functor BUFT 1, C4<00000000000000000000000000000000>, C4<0>, C4<0>, C4<0>;
v0x7f8b35c24520_0 .net/2u *"_ivl_14", 31 0, L_0x1039ac200;  1 drivers
v0x7f8b35c245b0_0 .net *"_ivl_18", 31 0, L_0x7f8b35c29c00;  1 drivers
L_0x1039ac248 .functor BUFT 1, C4<000000000000000000000000000>, C4<0>, C4<0>, C4<0>;
v0x7f8b35c24640_0 .net *"_ivl_21", 26 0, L_0x1039ac248;  1 drivers
L_0x1039ac290 .functor BUFT 1, C4<00000000000000000000000000000000>, C4<0>, C4<0>, C4<0>;
v0x7f8b35c246d0_0 .net/2u *"_ivl_22", 31 0, L_0x1039ac290;  1 drivers
v0x7f8b35c24760_0 .net *"_ivl_24", 0 0, L_0x7f8b35c29d60;  1 drivers
v0x7f8b35c247f0_0 .net *"_ivl_26", 31 0, L_0x7f8b35c29e80;  1 drivers
v0x7f8b35c24880_0 .net *"_ivl_28", 6 0, L_0x7f8b35c29f20;  1 drivers
L_0x1039ac128 .functor BUFT 1, C4<000000000000000000000000000>, C4<0>, C4<0>, C4<0>;
v0x7f8b35c24910_0 .net *"_ivl_3", 26 0, L_0x1039ac128;  1 drivers
L_0x1039ac2d8 .functor BUFT 1, C4<00>, C4<0>, C4<0>, C4<0>;
v0x7f8b35c249a0_0 .net *"_ivl_31", 1 0, L_0x1039ac2d8;  1 drivers
L_0x1039ac320 .functor BUFT 1, C4<00000000000000000000000000000000>, C4<0>, C4<0>, C4<0>;
v0x7f8b35c24a30_0 .net/2u *"_ivl_32", 31 0, L_0x1039ac320;  1 drivers
L_0x1039ac170 .functor BUFT 1, C4<00000000000000000000000000000000>, C4<0>, C4<0>, C4<0>;
v0x7f8b35c24ac0_0 .net/2u *"_ivl_4", 31 0, L_0x1039ac170;  1 drivers
v0x7f8b35c24b50_0 .net *"_ivl_6", 0 0, L_0x7f8b35c29780;  1 drivers
v0x7f8b35c24be0_0 .net *"_ivl_8", 31 0, L_0x7f8b35c298a0;  1 drivers
v0x7f8b35c24c70_0 .net "clk", 0 0, v0x7f8b35c28150_0;  alias, 1 drivers
v0x7f8b35c24e00_0 .net "ra1", 4 0, L_0x7f8b35c2a1b0;  1 drivers
v0x7f8b35c24e90_0 .net "ra2", 4 0, L_0x7f8b35c2a250;  1 drivers
v0x7f8b35c24f20_0 .net "rd1", 31 0, L_0x7f8b35c29aa0;  alias, 1 drivers
v0x7f8b35c24fb0_0 .net "rd2", 31 0, L_0x7f8b35c2a090;  alias, 1 drivers
v0x7f8b35c25040 .array "rf", 0 31, 31 0;
v0x7f8b35c250d0_0 .net "wa3", 4 0, L_0x7f8b35c2a3f0;  alias, 1 drivers
v0x7f8b35c25160_0 .net "wd3", 31 0, L_0x7f8b35c2a610;  alias, 1 drivers
v0x7f8b35c251f0_0 .net "we3", 0 0, L_0x7f8b35c284a0;  alias, 1 drivers
L_0x7f8b35c29660 .concat [ 5 27 0 0], L_0x7f8b35c2a1b0, L_0x1039ac128;
L_0x7f8b35c29780 .cmp/ne 32, L_0x7f8b35c29660, L_0x1039ac170;
L_0x7f8b35c298a0 .array/port v0x7f8b35c25040, L_0x7f8b35c29940;
L_0x7f8b35c29940 .concat [ 5 2 0 0], L_0x7f8b35c2a1b0, L_0x1039ac1b8;
L_0x7f8b35c29aa0 .functor MUXZ 32, L_0x1039ac200, L_0x7f8b35c298a0, L_0x7f8b35c29780, C4<>;
L_0x7f8b35c29c00 .concat [ 5 27 0 0], L_0x7f8b35c2a250, L_0x1039ac248;
L_0x7f8b35c29d60 .cmp/ne 32, L_0x7f8b35c29c00, L_0x1039ac290;
L_0x7f8b35c29e80 .array/port v0x7f8b35c25040, L_0x7f8b35c29f20;
L_0x7f8b35c29f20 .concat [ 5 2 0 0], L_0x7f8b35c2a250, L_0x1039ac2d8;
L_0x7f8b35c2a090 .functor MUXZ 32, L_0x1039ac320, L_0x7f8b35c29e80, L_0x7f8b35c29d60, C4<>;
S_0x7f8b35c25280 .scope module, "se" "signext" 2 150, 2 229 0, S_0x7f8b35c12f40;
 .timescale 0 0;
    .port_info 0 /INPUT 16 "a";
    .port_info 1 /OUTPUT 32 "y";
v0x7f8b35c253f0_0 .net *"_ivl_1", 0 0, L_0x7f8b35c2a6b0;  1 drivers
v0x7f8b35c25480_0 .net *"_ivl_2", 15 0, L_0x7f8b35c2a750;  1 drivers
v0x7f8b35c25510_0 .net "a", 15 0, L_0x7f8b35c2ac40;  1 drivers
v0x7f8b35c255a0_0 .net "y", 31 0, L_0x7f8b35c2a940;  alias, 1 drivers
L_0x7f8b35c2a6b0 .part L_0x7f8b35c2ac40, 15, 1;
LS_0x7f8b35c2a750_0_0 .concat [ 1 1 1 1], L_0x7f8b35c2a6b0, L_0x7f8b35c2a6b0, L_0x7f8b35c2a6b0, L_0x7f8b35c2a6b0;
LS_0x7f8b35c2a750_0_4 .concat [ 1 1 1 1], L_0x7f8b35c2a6b0, L_0x7f8b35c2a6b0, L_0x7f8b35c2a6b0, L_0x7f8b35c2a6b0;
LS_0x7f8b35c2a750_0_8 .concat [ 1 1 1 1], L_0x7f8b35c2a6b0, L_0x7f8b35c2a6b0, L_0x7f8b35c2a6b0, L_0x7f8b35c2a6b0;
LS_0x7f8b35c2a750_0_12 .concat [ 1 1 1 1], L_0x7f8b35c2a6b0, L_0x7f8b35c2a6b0, L_0x7f8b35c2a6b0, L_0x7f8b35c2a6b0;
L_0x7f8b35c2a750 .concat [ 4 4 4 4], LS_0x7f8b35c2a750_0_0, LS_0x7f8b35c2a750_0_4, LS_0x7f8b35c2a750_0_8, LS_0x7f8b35c2a750_0_12;
L_0x7f8b35c2a940 .concat [ 16 16 0 0], L_0x7f8b35c2ac40, L_0x7f8b35c2a750;
S_0x7f8b35c25630 .scope module, "srcbmux" "mux2" 2 152, 2 222 0, S_0x7f8b35c12f40;
 .timescale 0 0;
    .port_info 0 /INPUT 32 "d0";
    .port_info 1 /INPUT 32 "d1";
    .port_info 2 /INPUT 1 "s";
    .port_info 3 /OUTPUT 32 "y";
P_0x7f8b35c0cd80 .param/l "WIDTH" 0 2 222, +C4<00000000000000000000000000100000>;
v0x7f8b35c257a0_0 .net "d0", 31 0, L_0x7f8b35c2a090;  alias, 1 drivers
v0x7f8b35c25830_0 .net "d1", 31 0, L_0x7f8b35c2a940;  alias, 1 drivers
v0x7f8b35c258c0_0 .net "s", 0 0, L_0x7f8b35c285e0;  alias, 1 drivers
v0x7f8b35c25950_0 .net "y", 31 0, L_0x7f8b35c2ace0;  alias, 1 drivers
L_0x7f8b35c2ace0 .functor MUXZ 32, L_0x7f8b35c2a090, L_0x7f8b35c2a940, L_0x7f8b35c285e0, C4<>;
S_0x7f8b35c259e0 .scope module, "wrmux" "mux2" 2 148, 2 222 0, S_0x7f8b35c12f40;
 .timescale 0 0;
    .port_info 0 /INPUT 5 "d0";
    .port_info 1 /INPUT 5 "d1";
    .port_info 2 /INPUT 1 "s";
    .port_info 3 /OUTPUT 5 "y";
P_0x7f8b35c0d270 .param/l "WIDTH" 0 2 222, +C4<00000000000000000000000000000101>;
v0x7f8b35c25b50_0 .net "d0", 4 0, L_0x7f8b35c2a490;  1 drivers
v0x7f8b35c25be0_0 .net "d1", 4 0, L_0x7f8b35c2a530;  1 drivers
v0x7f8b35c25c70_0 .net "s", 0 0, L_0x7f8b35c28540;  alias, 1 drivers
v0x7f8b35c25d00_0 .net "y", 4 0, L_0x7f8b35c2a3f0;  alias, 1 drivers
L_0x7f8b35c2a3f0 .functor MUXZ 5, L_0x7f8b35c2a490, L_0x7f8b35c2a530, L_0x7f8b35c28540, C4<>;
    .scope S_0x7f8b35c12dd0;
T_0 ;
    %wait E_0x7f8b35c1e9a0;
    %load/vec4 v0x7f8b35c236b0_0;
    %dup/vec4;
    %pushi/vec4 0, 0, 6;
    %cmp/u;
    %jmp/1 T_0.0, 6;
    %dup/vec4;
    %pushi/vec4 35, 0, 6;
    %cmp/u;
    %jmp/1 T_0.1, 6;
    %dup/vec4;
    %pushi/vec4 43, 0, 6;
    %cmp/u;
    %jmp/1 T_0.2, 6;
    %dup/vec4;
    %pushi/vec4 4, 0, 6;
    %cmp/u;
    %jmp/1 T_0.3, 6;
    %dup/vec4;
    %pushi/vec4 8, 0, 6;
    %cmp/u;
    %jmp/1 T_0.4, 6;
    %dup/vec4;
    %pushi/vec4 2, 0, 6;
    %cmp/u;
    %jmp/1 T_0.5, 6;
    %pushi/vec4 511, 511, 9;
    %assign/vec4 v0x7f8b35c083d0_0, 0;
    %jmp T_0.7;
T_0.0 ;
    %pushi/vec4 386, 0, 9;
    %assign/vec4 v0x7f8b35c083d0_0, 0;
    %jmp T_0.7;
T_0.1 ;
    %pushi/vec4 328, 0, 9;
    %assign/vec4 v0x7f8b35c083d0_0, 0;
    %jmp T_0.7;
T_0.2 ;
    %pushi/vec4 80, 0, 9;
    %assign/vec4 v0x7f8b35c083d0_0, 0;
    %jmp T_0.7;
T_0.3 ;
    %pushi/vec4 33, 0, 9;
    %assign/vec4 v0x7f8b35c083d0_0, 0;
    %jmp T_0.7;
T_0.4 ;
    %pushi/vec4 320, 0, 9;
    %assign/vec4 v0x7f8b35c083d0_0, 0;
    %jmp T_0.7;
T_0.5 ;
    %pushi/vec4 4, 0, 9;
    %assign/vec4 v0x7f8b35c083d0_0, 0;
    %jmp T_0.7;
T_0.7 ;
    %pop/vec4 1;
    %jmp T_0;
    .thread T_0, $push;
    .scope S_0x7f8b35e12560;
T_1 ;
    %wait E_0x7f8b35e12790;
    %load/vec4 v0x7f8b35e128a0_0;
    %dup/vec4;
    %pushi/vec4 0, 0, 2;
    %cmp/u;
    %jmp/1 T_1.0, 6;
    %dup/vec4;
    %pushi/vec4 1, 0, 2;
    %cmp/u;
    %jmp/1 T_1.1, 6;
    %load/vec4 v0x7f8b35e12950_0;
    %dup/vec4;
    %pushi/vec4 32, 0, 6;
    %cmp/u;
    %jmp/1 T_1.4, 6;
    %dup/vec4;
    %pushi/vec4 34, 0, 6;
    %cmp/u;
    %jmp/1 T_1.5, 6;
    %dup/vec4;
    %pushi/vec4 36, 0, 6;
    %cmp/u;
    %jmp/1 T_1.6, 6;
    %dup/vec4;
    %pushi/vec4 37, 0, 6;
    %cmp/u;
    %jmp/1 T_1.7, 6;
    %dup/vec4;
    %pushi/vec4 42, 0, 6;
    %cmp/u;
    %jmp/1 T_1.8, 6;
    %pushi/vec4 7, 7, 3;
    %assign/vec4 v0x7f8b35e127e0_0, 0;
    %jmp T_1.10;
T_1.4 ;
    %pushi/vec4 2, 0, 3;
    %assign/vec4 v0x7f8b35e127e0_0, 0;
    %jmp T_1.10;
T_1.5 ;
    %pushi/vec4 6, 0, 3;
    %assign/vec4 v0x7f8b35e127e0_0, 0;
    %jmp T_1.10;
T_1.6 ;
    %pushi/vec4 0, 0, 3;
    %assign/vec4 v0x7f8b35e127e0_0, 0;
    %jmp T_1.10;
T_1.7 ;
    %pushi/vec4 1, 0, 3;
    %assign/vec4 v0x7f8b35e127e0_0, 0;
    %jmp T_1.10;
T_1.8 ;
    %pushi/vec4 7, 0, 3;
    %assign/vec4 v0x7f8b35e127e0_0, 0;
    %jmp T_1.10;
T_1.10 ;
    %pop/vec4 1;
    %jmp T_1.3;
T_1.0 ;
    %pushi/vec4 2, 0, 3;
    %assign/vec4 v0x7f8b35e127e0_0, 0;
    %jmp T_1.3;
T_1.1 ;
    %pushi/vec4 6, 0, 3;
    %assign/vec4 v0x7f8b35e127e0_0, 0;
    %jmp T_1.3;
T_1.3 ;
    %pop/vec4 1;
    %jmp T_1;
    .thread T_1, $push;
    .scope S_0x7f8b35c11fa0;
T_2 ;
    %wait E_0x7f8b35c0b690;
    %load/vec4 v0x7f8b35c04df0_0;
    %flag_set/vec4 8;
    %jmp/0xz  T_2.0, 8;
    %pushi/vec4 0, 0, 32;
    %assign/vec4 v0x7f8b35c04d60_0, 0;
    %jmp T_2.1;
T_2.0 ;
    %load/vec4 v0x7f8b35c04cd0_0;
    %assign/vec4 v0x7f8b35c04d60_0, 0;
T_2.1 ;
    %jmp T_2;
    .thread T_2;
    .scope S_0x7f8b35c24140;
T_3 ;
    %wait E_0x7f8b35e012c0;
    %load/vec4 v0x7f8b35c251f0_0;
    %flag_set/vec4 8;
    %jmp/0xz  T_3.0, 8;
    %load/vec4 v0x7f8b35c25160_0;
    %load/vec4 v0x7f8b35c250d0_0;
    %pad/u 7;
    %ix/vec4 3;
    %ix/load 4, 0, 0; Constant delay
    %assign/vec4/a/d v0x7f8b35c25040, 0, 4;
T_3.0 ;
    %jmp T_3;
    .thread T_3;
    .scope S_0x7f8b35c14fd0;
T_4 ;
    %pushi/vec4 0, 0, 32;
    %store/vec4 v0x7f8b35c202d0_0, 0, 32;
    %pushi/vec4 0, 0, 1;
    %store/vec4 v0x7f8b35c19dd0_0, 0, 1;
    %end;
    .thread T_4;
    .scope S_0x7f8b35c14fd0;
T_5 ;
    %wait E_0x7f8b35c23740;
    %load/vec4 v0x7f8b35c20360_0;
    %dup/vec4;
    %pushi/vec4 0, 0, 3;
    %cmp/u;
    %jmp/1 T_5.0, 6;
    %dup/vec4;
    %pushi/vec4 1, 0, 3;
    %cmp/u;
    %jmp/1 T_5.1, 6;
    %dup/vec4;
    %pushi/vec4 6, 0, 3;
    %cmp/u;
    %jmp/1 T_5.2, 6;
    %dup/vec4;
    %pushi/vec4 2, 0, 3;
    %cmp/u;
    %jmp/1 T_5.3, 6;
    %dup/vec4;
    %pushi/vec4 7, 0, 3;
    %cmp/u;
    %jmp/1 T_5.4, 6;
    %jmp T_5.5;
T_5.0 ;
    %load/vec4 v0x7f8b35c211b0_0;
    %load/vec4 v0x7f8b35c21240_0;
    %and;
    %store/vec4 v0x7f8b35c202d0_0, 0, 32;
    %load/vec4 v0x7f8b35c202d0_0;
    %cmpi/e 0, 0, 32;
    %jmp/0xz  T_5.6, 4;
    %pushi/vec4 1, 0, 1;
    %store/vec4 v0x7f8b35c19dd0_0, 0, 1;
    %jmp T_5.7;
T_5.6 ;
    %pushi/vec4 0, 0, 1;
    %store/vec4 v0x7f8b35c19dd0_0, 0, 1;
T_5.7 ;
    %jmp T_5.5;
T_5.1 ;
    %load/vec4 v0x7f8b35c211b0_0;
    %load/vec4 v0x7f8b35c21240_0;
    %or;
    %store/vec4 v0x7f8b35c202d0_0, 0, 32;
    %load/vec4 v0x7f8b35c202d0_0;
    %cmpi/e 0, 0, 32;
    %jmp/0xz  T_5.8, 4;
    %pushi/vec4 1, 0, 1;
    %store/vec4 v0x7f8b35c19dd0_0, 0, 1;
    %jmp T_5.9;
T_5.8 ;
    %pushi/vec4 0, 0, 1;
    %store/vec4 v0x7f8b35c19dd0_0, 0, 1;
T_5.9 ;
    %jmp T_5.5;
T_5.2 ;
    %load/vec4 v0x7f8b35c211b0_0;
    %load/vec4 v0x7f8b35c21240_0;
    %sub;
    %store/vec4 v0x7f8b35c202d0_0, 0, 32;
    %load/vec4 v0x7f8b35c202d0_0;
    %cmpi/e 0, 0, 32;
    %jmp/0xz  T_5.10, 4;
    %pushi/vec4 1, 0, 1;
    %store/vec4 v0x7f8b35c19dd0_0, 0, 1;
    %jmp T_5.11;
T_5.10 ;
    %pushi/vec4 0, 0, 1;
    %store/vec4 v0x7f8b35c19dd0_0, 0, 1;
T_5.11 ;
    %jmp T_5.5;
T_5.3 ;
    %load/vec4 v0x7f8b35c211b0_0;
    %load/vec4 v0x7f8b35c21240_0;
    %add;
    %store/vec4 v0x7f8b35c202d0_0, 0, 32;
    %load/vec4 v0x7f8b35c202d0_0;
    %cmpi/e 0, 0, 32;
    %jmp/0xz  T_5.12, 4;
    %pushi/vec4 1, 0, 1;
    %store/vec4 v0x7f8b35c19dd0_0, 0, 1;
    %jmp T_5.13;
T_5.12 ;
    %pushi/vec4 0, 0, 1;
    %store/vec4 v0x7f8b35c19dd0_0, 0, 1;
T_5.13 ;
    %jmp T_5.5;
T_5.4 ;
    %load/vec4 v0x7f8b35c211b0_0;
    %load/vec4 v0x7f8b35c21240_0;
    %cmp/u;
    %jmp/0xz  T_5.14, 5;
    %pushi/vec4 1, 0, 32;
    %store/vec4 v0x7f8b35c202d0_0, 0, 32;
    %jmp T_5.15;
T_5.14 ;
    %pushi/vec4 0, 0, 32;
    %store/vec4 v0x7f8b35c202d0_0, 0, 32;
T_5.15 ;
    %jmp T_5.5;
T_5.5 ;
    %pop/vec4 1;
    %jmp T_5;
    .thread T_5, $push;
    .scope S_0x7f8b35e11920;
T_6 ;
    %vpi_call 2 85 "$readmemh", "memfile.dat", v0x7f8b35e11ae0 {0 0 0};
    %end;
    .thread T_6;
    .scope S_0x7f8b35e01050;
T_7 ;
    %wait E_0x7f8b35e012c0;
    %load/vec4 v0x7f8b35e11800_0;
    %flag_set/vec4 8;
    %jmp/0xz  T_7.0, 8;
    %load/vec4 v0x7f8b35e11750_0;
    %load/vec4 v0x7f8b35e11510_0;
    %parti/s 30, 2, 3;
    %ix/vec4 3;
    %ix/load 4, 0, 0; Constant delay
    %assign/vec4/a/d v0x7f8b35e01310, 0, 4;
T_7.0 ;
    %jmp T_7;
    .thread T_7;
    .scope S_0x7f8b35e00c40;
T_8 ;
    %pushi/vec4 1, 0, 1;
    %assign/vec4 v0x7f8b35c28300_0, 0;
    %delay 22, 0;
    %pushi/vec4 0, 0, 1;
    %assign/vec4 v0x7f8b35c28300_0, 0;
    %end;
    .thread T_8;
    .scope S_0x7f8b35e00c40;
T_9 ;
    %pushi/vec4 1, 0, 1;
    %assign/vec4 v0x7f8b35c28150_0, 0;
    %delay 5, 0;
    %pushi/vec4 0, 0, 1;
    %assign/vec4 v0x7f8b35c28150_0, 0;
    %delay 5, 0;
    %jmp T_9;
    .thread T_9;
    .scope S_0x7f8b35e00c40;
T_10 ;
    %wait E_0x7f8b35e00db0;
    %load/vec4 v0x7f8b35c28270_0;
    %flag_set/vec4 8;
    %jmp/0xz  T_10.0, 8;
    %load/vec4 v0x7f8b35c281e0_0;
    %pushi/vec4 84, 0, 32;
    %cmp/e;
    %flag_get/vec4 6;
    %load/vec4 v0x7f8b35c28410_0;
    %pushi/vec4 7, 0, 32;
    %cmp/e;
    %flag_get/vec4 6;
    %and;
    %flag_set/vec4 8;
    %jmp/0xz  T_10.2, 8;
    %vpi_call 2 39 "$display", "Simulation succeeded" {0 0 0};
    %vpi_call 2 40 "$stop" {0 0 0};
    %jmp T_10.3;
T_10.2 ;
    %load/vec4 v0x7f8b35c281e0_0;
    %cmpi/ne 80, 0, 32;
    %jmp/0xz  T_10.4, 6;
    %vpi_call 2 42 "$display", "Simulation failed" {0 0 0};
    %vpi_call 2 43 "$stop" {0 0 0};
T_10.4 ;
T_10.3 ;
T_10.0 ;
    %jmp T_10;
    .thread T_10;
# The file index is used to find the file name in the following table.
:file_names 3;
    "N/A";
    "<interactive>";
    "og_comb.v";
