#! /usr/local/Cellar/icarus-verilog/11.0/bin/vvp
:ivl_version "11.0 (stable)";
:ivl_delay_selection "TYPICAL";
:vpi_time_precision - 9;
:vpi_module "/usr/local/Cellar/icarus-verilog/11.0/lib/ivl/system.vpi";
:vpi_module "/usr/local/Cellar/icarus-verilog/11.0/lib/ivl/vhdl_sys.vpi";
:vpi_module "/usr/local/Cellar/icarus-verilog/11.0/lib/ivl/vhdl_textio.vpi";
:vpi_module "/usr/local/Cellar/icarus-verilog/11.0/lib/ivl/v2005_math.vpi";
:vpi_module "/usr/local/Cellar/icarus-verilog/11.0/lib/ivl/va_math.vpi";
S_0x7f9ec5d00420 .scope module, "tb" "tb" 2 18;
 .timescale -9 -9;
v0x7f9ec5d10ce0_0 .var/i "idx", 31 0;
v0x7f9ec5d10da0_0 .net "seg", 6 0, v0x7f9ec5d108e0_0;  1 drivers
v0x7f9ec5d10e60_0 .var "select", 3 0;
v0x7f9ec5d10f30_0 .var "transfer", 3 0;
S_0x7f9ec5d00590 .scope module, "DUT" "m_seg7hex" 2 25, 2 77 0, S_0x7f9ec5d00420;
 .timescale -9 -9;
    .port_info 0 /INPUT 4 "cntl";
    .port_info 1 /OUTPUT 7 "disp";
P_0x7f9ec5d00700 .param/l "OFF" 0 2 83, C4<1>;
P_0x7f9ec5d00740 .param/l "ON" 0 2 82, C4<0>;
v0x7f9ec5d00820_0 .net "cntl", 3 0, v0x7f9ec5d10e60_0;  1 drivers
v0x7f9ec5d108e0_0 .var "disp", 6 0;
E_0x7f9ec5d007f0 .event edge, v0x7f9ec5d00820_0;
S_0x7f9ec5d109c0 .scope autotask, "disp_out" "disp_out" 2 45, 2 45 0, S_0x7f9ec5d00420;
 .timescale -9 -9;
v0x7f9ec5d10b80_0 .var "seg_out", 6 0;
v0x7f9ec5d10c30_0 .var "to_hex", 3 0;
TD_tb.disp_out ;
    %load/vec4 v0x7f9ec5d10b80_0;
    %dup/vec4;
    %pushi/vec4 64, 0, 7;
    %cmp/u;
    %jmp/1 T_0.0, 6;
    %dup/vec4;
    %pushi/vec4 121, 0, 7;
    %cmp/u;
    %jmp/1 T_0.1, 6;
    %dup/vec4;
    %pushi/vec4 36, 0, 7;
    %cmp/u;
    %jmp/1 T_0.2, 6;
    %dup/vec4;
    %pushi/vec4 48, 0, 7;
    %cmp/u;
    %jmp/1 T_0.3, 6;
    %dup/vec4;
    %pushi/vec4 25, 0, 7;
    %cmp/u;
    %jmp/1 T_0.4, 6;
    %dup/vec4;
    %pushi/vec4 18, 0, 7;
    %cmp/u;
    %jmp/1 T_0.5, 6;
    %dup/vec4;
    %pushi/vec4 2, 0, 7;
    %cmp/u;
    %jmp/1 T_0.6, 6;
    %dup/vec4;
    %pushi/vec4 120, 0, 7;
    %cmp/u;
    %jmp/1 T_0.7, 6;
    %dup/vec4;
    %pushi/vec4 0, 0, 7;
    %cmp/u;
    %jmp/1 T_0.8, 6;
    %dup/vec4;
    %pushi/vec4 24, 0, 7;
    %cmp/u;
    %jmp/1 T_0.9, 6;
    %dup/vec4;
    %pushi/vec4 8, 0, 7;
    %cmp/u;
    %jmp/1 T_0.10, 6;
    %dup/vec4;
    %pushi/vec4 3, 0, 7;
    %cmp/u;
    %jmp/1 T_0.11, 6;
    %dup/vec4;
    %pushi/vec4 70, 0, 7;
    %cmp/u;
    %jmp/1 T_0.12, 6;
    %dup/vec4;
    %pushi/vec4 33, 0, 7;
    %cmp/u;
    %jmp/1 T_0.13, 6;
    %dup/vec4;
    %pushi/vec4 6, 0, 7;
    %cmp/u;
    %jmp/1 T_0.14, 6;
    %dup/vec4;
    %pushi/vec4 14, 0, 7;
    %cmp/u;
    %jmp/1 T_0.15, 6;
    %pushi/vec4 15, 15, 4;
    %store/vec4 v0x7f9ec5d10c30_0, 0, 4;
    %jmp T_0.17;
T_0.0 ;
    %pushi/vec4 0, 0, 4;
    %store/vec4 v0x7f9ec5d10c30_0, 0, 4;
    %jmp T_0.17;
T_0.1 ;
    %pushi/vec4 1, 0, 4;
    %store/vec4 v0x7f9ec5d10c30_0, 0, 4;
    %jmp T_0.17;
T_0.2 ;
    %pushi/vec4 2, 0, 4;
    %store/vec4 v0x7f9ec5d10c30_0, 0, 4;
    %jmp T_0.17;
T_0.3 ;
    %pushi/vec4 3, 0, 4;
    %store/vec4 v0x7f9ec5d10c30_0, 0, 4;
    %jmp T_0.17;
T_0.4 ;
    %pushi/vec4 4, 0, 4;
    %store/vec4 v0x7f9ec5d10c30_0, 0, 4;
    %jmp T_0.17;
T_0.5 ;
    %pushi/vec4 5, 0, 4;
    %store/vec4 v0x7f9ec5d10c30_0, 0, 4;
    %jmp T_0.17;
T_0.6 ;
    %pushi/vec4 6, 0, 4;
    %store/vec4 v0x7f9ec5d10c30_0, 0, 4;
    %jmp T_0.17;
T_0.7 ;
    %pushi/vec4 7, 0, 4;
    %store/vec4 v0x7f9ec5d10c30_0, 0, 4;
    %jmp T_0.17;
T_0.8 ;
    %pushi/vec4 8, 0, 4;
    %store/vec4 v0x7f9ec5d10c30_0, 0, 4;
    %jmp T_0.17;
T_0.9 ;
    %pushi/vec4 9, 0, 4;
    %store/vec4 v0x7f9ec5d10c30_0, 0, 4;
    %jmp T_0.17;
T_0.10 ;
    %pushi/vec4 10, 0, 4;
    %store/vec4 v0x7f9ec5d10c30_0, 0, 4;
    %jmp T_0.17;
T_0.11 ;
    %pushi/vec4 11, 0, 4;
    %store/vec4 v0x7f9ec5d10c30_0, 0, 4;
    %jmp T_0.17;
T_0.12 ;
    %pushi/vec4 12, 0, 4;
    %store/vec4 v0x7f9ec5d10c30_0, 0, 4;
    %jmp T_0.17;
T_0.13 ;
    %pushi/vec4 13, 0, 4;
    %store/vec4 v0x7f9ec5d10c30_0, 0, 4;
    %jmp T_0.17;
T_0.14 ;
    %pushi/vec4 14, 0, 4;
    %store/vec4 v0x7f9ec5d10c30_0, 0, 4;
    %jmp T_0.17;
T_0.15 ;
    %pushi/vec4 15, 0, 4;
    %store/vec4 v0x7f9ec5d10c30_0, 0, 4;
    %jmp T_0.17;
T_0.17 ;
    %pop/vec4 1;
    %end;
    .scope S_0x7f9ec5d00590;
T_1 ;
    %wait E_0x7f9ec5d007f0;
    %pushi/vec4 127, 0, 7;
    %store/vec4 v0x7f9ec5d108e0_0, 0, 7;
    %load/vec4 v0x7f9ec5d00820_0;
    %dup/vec4;
    %pushi/vec4 0, 0, 4;
    %cmp/u;
    %jmp/1 T_1.0, 6;
    %dup/vec4;
    %pushi/vec4 1, 0, 4;
    %cmp/u;
    %jmp/1 T_1.1, 6;
    %dup/vec4;
    %pushi/vec4 2, 0, 4;
    %cmp/u;
    %jmp/1 T_1.2, 6;
    %dup/vec4;
    %pushi/vec4 3, 0, 4;
    %cmp/u;
    %jmp/1 T_1.3, 6;
    %dup/vec4;
    %pushi/vec4 4, 0, 4;
    %cmp/u;
    %jmp/1 T_1.4, 6;
    %dup/vec4;
    %pushi/vec4 5, 0, 4;
    %cmp/u;
    %jmp/1 T_1.5, 6;
    %dup/vec4;
    %pushi/vec4 6, 0, 4;
    %cmp/u;
    %jmp/1 T_1.6, 6;
    %dup/vec4;
    %pushi/vec4 7, 0, 4;
    %cmp/u;
    %jmp/1 T_1.7, 6;
    %dup/vec4;
    %pushi/vec4 8, 0, 4;
    %cmp/u;
    %jmp/1 T_1.8, 6;
    %dup/vec4;
    %pushi/vec4 9, 0, 4;
    %cmp/u;
    %jmp/1 T_1.9, 6;
    %dup/vec4;
    %pushi/vec4 10, 0, 4;
    %cmp/u;
    %jmp/1 T_1.10, 6;
    %dup/vec4;
    %pushi/vec4 11, 0, 4;
    %cmp/u;
    %jmp/1 T_1.11, 6;
    %dup/vec4;
    %pushi/vec4 12, 0, 4;
    %cmp/u;
    %jmp/1 T_1.12, 6;
    %dup/vec4;
    %pushi/vec4 13, 0, 4;
    %cmp/u;
    %jmp/1 T_1.13, 6;
    %dup/vec4;
    %pushi/vec4 14, 0, 4;
    %cmp/u;
    %jmp/1 T_1.14, 6;
    %dup/vec4;
    %pushi/vec4 15, 0, 4;
    %cmp/u;
    %jmp/1 T_1.15, 6;
    %jmp T_1.16;
T_1.0 ;
    %pushi/vec4 0, 0, 6;
    %ix/load 4, 0, 0;
    %flag_set/imm 4, 0;
    %store/vec4 v0x7f9ec5d108e0_0, 4, 6;
    %jmp T_1.16;
T_1.1 ;
    %pushi/vec4 0, 0, 2;
    %ix/load 4, 1, 0;
    %flag_set/imm 4, 0;
    %store/vec4 v0x7f9ec5d108e0_0, 4, 2;
    %jmp T_1.16;
T_1.2 ;
    %pushi/vec4 0, 0, 2;
    %ix/load 4, 0, 0;
    %flag_set/imm 4, 0;
    %store/vec4 v0x7f9ec5d108e0_0, 4, 2;
    %pushi/vec4 0, 0, 1;
    %ix/load 4, 6, 0;
    %flag_set/imm 4, 0;
    %store/vec4 v0x7f9ec5d108e0_0, 4, 1;
    %pushi/vec4 0, 0, 2;
    %ix/load 4, 3, 0;
    %flag_set/imm 4, 0;
    %store/vec4 v0x7f9ec5d108e0_0, 4, 2;
    %jmp T_1.16;
T_1.3 ;
    %pushi/vec4 0, 0, 4;
    %ix/load 4, 0, 0;
    %flag_set/imm 4, 0;
    %store/vec4 v0x7f9ec5d108e0_0, 4, 4;
    %pushi/vec4 0, 0, 1;
    %ix/load 4, 6, 0;
    %flag_set/imm 4, 0;
    %store/vec4 v0x7f9ec5d108e0_0, 4, 1;
    %jmp T_1.16;
T_1.4 ;
    %pushi/vec4 0, 0, 2;
    %ix/load 4, 1, 0;
    %flag_set/imm 4, 0;
    %store/vec4 v0x7f9ec5d108e0_0, 4, 2;
    %pushi/vec4 0, 0, 2;
    %ix/load 4, 5, 0;
    %flag_set/imm 4, 0;
    %store/vec4 v0x7f9ec5d108e0_0, 4, 2;
    %jmp T_1.16;
T_1.5 ;
    %pushi/vec4 0, 0, 1;
    %ix/load 4, 0, 0;
    %flag_set/imm 4, 0;
    %store/vec4 v0x7f9ec5d108e0_0, 4, 1;
    %pushi/vec4 0, 0, 2;
    %ix/load 4, 2, 0;
    %flag_set/imm 4, 0;
    %store/vec4 v0x7f9ec5d108e0_0, 4, 2;
    %pushi/vec4 0, 0, 2;
    %ix/load 4, 5, 0;
    %flag_set/imm 4, 0;
    %store/vec4 v0x7f9ec5d108e0_0, 4, 2;
    %jmp T_1.16;
T_1.6 ;
    %pushi/vec4 0, 0, 1;
    %ix/load 4, 0, 0;
    %flag_set/imm 4, 0;
    %store/vec4 v0x7f9ec5d108e0_0, 4, 1;
    %pushi/vec4 0, 0, 5;
    %ix/load 4, 2, 0;
    %flag_set/imm 4, 0;
    %store/vec4 v0x7f9ec5d108e0_0, 4, 5;
    %jmp T_1.16;
T_1.7 ;
    %pushi/vec4 0, 0, 3;
    %ix/load 4, 0, 0;
    %flag_set/imm 4, 0;
    %store/vec4 v0x7f9ec5d108e0_0, 4, 3;
    %jmp T_1.16;
T_1.8 ;
    %pushi/vec4 0, 0, 7;
    %store/vec4 v0x7f9ec5d108e0_0, 0, 7;
    %jmp T_1.16;
T_1.9 ;
    %pushi/vec4 0, 0, 7;
    %store/vec4 v0x7f9ec5d108e0_0, 0, 7;
    %pushi/vec4 3, 0, 2;
    %ix/load 4, 3, 0;
    %flag_set/imm 4, 0;
    %store/vec4 v0x7f9ec5d108e0_0, 4, 2;
    %jmp T_1.16;
T_1.10 ;
    %pushi/vec4 0, 0, 7;
    %store/vec4 v0x7f9ec5d108e0_0, 0, 7;
    %pushi/vec4 1, 0, 1;
    %ix/load 4, 3, 0;
    %flag_set/imm 4, 0;
    %store/vec4 v0x7f9ec5d108e0_0, 4, 1;
    %jmp T_1.16;
T_1.11 ;
    %pushi/vec4 0, 0, 7;
    %store/vec4 v0x7f9ec5d108e0_0, 0, 7;
    %pushi/vec4 3, 0, 2;
    %ix/load 4, 0, 0;
    %flag_set/imm 4, 0;
    %store/vec4 v0x7f9ec5d108e0_0, 4, 2;
    %jmp T_1.16;
T_1.12 ;
    %pushi/vec4 0, 0, 3;
    %ix/load 4, 3, 0;
    %flag_set/imm 4, 0;
    %store/vec4 v0x7f9ec5d108e0_0, 4, 3;
    %pushi/vec4 0, 0, 1;
    %ix/load 4, 0, 0;
    %flag_set/imm 4, 0;
    %store/vec4 v0x7f9ec5d108e0_0, 4, 1;
    %jmp T_1.16;
T_1.13 ;
    %pushi/vec4 0, 0, 4;
    %ix/load 4, 1, 0;
    %flag_set/imm 4, 0;
    %store/vec4 v0x7f9ec5d108e0_0, 4, 4;
    %pushi/vec4 0, 0, 1;
    %ix/load 4, 6, 0;
    %flag_set/imm 4, 0;
    %store/vec4 v0x7f9ec5d108e0_0, 4, 1;
    %jmp T_1.16;
T_1.14 ;
    %pushi/vec4 0, 0, 4;
    %ix/load 4, 3, 0;
    %flag_set/imm 4, 0;
    %store/vec4 v0x7f9ec5d108e0_0, 4, 4;
    %pushi/vec4 0, 0, 1;
    %ix/load 4, 0, 0;
    %flag_set/imm 4, 0;
    %store/vec4 v0x7f9ec5d108e0_0, 4, 1;
    %jmp T_1.16;
T_1.15 ;
    %pushi/vec4 0, 0, 3;
    %ix/load 4, 4, 0;
    %flag_set/imm 4, 0;
    %store/vec4 v0x7f9ec5d108e0_0, 4, 3;
    %pushi/vec4 0, 0, 1;
    %ix/load 4, 0, 0;
    %flag_set/imm 4, 0;
    %store/vec4 v0x7f9ec5d108e0_0, 4, 1;
    %jmp T_1.16;
T_1.16 ;
    %pop/vec4 1;
    %jmp T_1;
    .thread T_1, $push;
    .scope S_0x7f9ec5d00420;
T_2 ;
    %vpi_call 2 31 "$write", "\012" {0 0 0};
    %pushi/vec4 0, 0, 32;
    %store/vec4 v0x7f9ec5d10ce0_0, 0, 32;
T_2.0 ;
    %load/vec4 v0x7f9ec5d10ce0_0;
    %cmpi/s 16, 0, 32;
    %jmp/0xz T_2.1, 5;
    %load/vec4 v0x7f9ec5d10ce0_0;
    %pad/s 4;
    %store/vec4 v0x7f9ec5d10e60_0, 0, 4;
    %delay 10, 0;
    %vpi_call 2 35 "$write", "selected:  %4b  ,  disp:  %4b_%3b  -->  %1h  ,  7seg:  ", v0x7f9ec5d10e60_0, &PV<v0x7f9ec5d10da0_0, 3, 4>, &PV<v0x7f9ec5d10da0_0, 0, 3>, v0x7f9ec5d10ce0_0 {0 0 0};
    %alloc S_0x7f9ec5d109c0;
    %load/vec4 v0x7f9ec5d10da0_0;
    %store/vec4 v0x7f9ec5d10b80_0, 0, 7;
    %fork TD_tb.disp_out, S_0x7f9ec5d109c0;
    %join;
    %load/vec4 v0x7f9ec5d10c30_0;
    %store/vec4 v0x7f9ec5d10f30_0, 0, 4;
    %free S_0x7f9ec5d109c0;
    %vpi_call 2 38 "$write", "%1h\012", v0x7f9ec5d10f30_0 {0 0 0};
    %load/vec4 v0x7f9ec5d10ce0_0;
    %addi 1, 0, 32;
    %store/vec4 v0x7f9ec5d10ce0_0, 0, 32;
    %jmp T_2.0;
T_2.1 ;
    %delay 10, 0;
    %vpi_call 2 41 "$write", "\012\012\011\011 ~ ~ ~ TEST COMPLETE ~ ~ ~\012\012" {0 0 0};
    %vpi_call 2 42 "$finish" {0 0 0};
    %end;
    .thread T_2;
# The file index is used to find the file name in the following table.
:file_names 3;
    "N/A";
    "<interactive>";
    "seg7hex.v";
