#! /usr/local/Cellar/icarus-verilog/11.0/bin/vvp
:ivl_version "11.0 (stable)";
:ivl_delay_selection "TYPICAL";
:vpi_time_precision - 9;
:vpi_module "/usr/local/Cellar/icarus-verilog/11.0/lib/ivl/system.vpi";
:vpi_module "/usr/local/Cellar/icarus-verilog/11.0/lib/ivl/vhdl_sys.vpi";
:vpi_module "/usr/local/Cellar/icarus-verilog/11.0/lib/ivl/vhdl_textio.vpi";
:vpi_module "/usr/local/Cellar/icarus-verilog/11.0/lib/ivl/v2005_math.vpi";
:vpi_module "/usr/local/Cellar/icarus-verilog/11.0/lib/ivl/va_math.vpi";
S_0x7fd29b505cd0 .scope module, "tb" "tb" 2 10;
 .timescale -9 -9;
v0x7fd29b51cb60_0 .var "clock", 0 0;
v0x7fd29b51cc00_0 .net "count", 2 0, v0x7fd29b51c9b0_0;  1 drivers
v0x7fd29b51ccb0_0 .var/i "idx", 31 0;
v0x7fd29b51cd60_0 .var "rstN", 0 0;
S_0x7fd29b505e40 .scope module, "DUT" "counter" 2 17, 2 69 0, S_0x7fd29b505cd0;
 .timescale -9 -9;
    .port_info 0 /OUTPUT 3 "count";
    .port_info 1 /INPUT 1 "rstN";
    .port_info 2 /INPUT 1 "clock";
P_0x7fd29b5065e0 .param/l "clear" 0 2 75, C4<111>;
v0x7fd29b5017d0_0 .net "clock", 0 0, v0x7fd29b51cb60_0;  1 drivers
v0x7fd29b51c9b0_0 .var "count", 2 0;
v0x7fd29b51ca60_0 .net "rstN", 0 0, v0x7fd29b51cd60_0;  1 drivers
E_0x7fd29b502590 .event posedge, v0x7fd29b5017d0_0;
    .scope S_0x7fd29b505e40;
T_0 ;
    %pushi/vec4 7, 0, 3;
    %store/vec4 v0x7fd29b51c9b0_0, 0, 3;
    %end;
    .thread T_0;
    .scope S_0x7fd29b505e40;
T_1 ;
    %wait E_0x7fd29b502590;
    %load/vec4 v0x7fd29b51ca60_0;
    %cmpi/e 0, 0, 1;
    %jmp/0xz  T_1.0, 4;
    %pushi/vec4 7, 0, 3;
    %store/vec4 v0x7fd29b51c9b0_0, 0, 3;
    %jmp T_1.1;
T_1.0 ;
    %load/vec4 v0x7fd29b51c9b0_0;
    %cmpi/ne 0, 0, 3;
    %jmp/0xz  T_1.2, 4;
    %load/vec4 v0x7fd29b51c9b0_0;
    %subi 1, 0, 3;
    %store/vec4 v0x7fd29b51c9b0_0, 0, 3;
T_1.2 ;
T_1.1 ;
    %jmp T_1;
    .thread T_1;
    .scope S_0x7fd29b505cd0;
T_2 ;
    %delay 5, 0;
    %load/vec4 v0x7fd29b51cb60_0;
    %inv;
    %store/vec4 v0x7fd29b51cb60_0, 0, 1;
    %jmp T_2;
    .thread T_2;
    .scope S_0x7fd29b505cd0;
T_3 ;
    %vpi_call 2 29 "$write", "\012 test the down-counter\012\012" {0 0 0};
    %vpi_call 2 30 "$write", " clk  rstN  |  count\012" {0 0 0};
    %vpi_call 2 31 "$write", " -------------------\012" {0 0 0};
    %pushi/vec4 1, 0, 1;
    %store/vec4 v0x7fd29b51cd60_0, 0, 1;
    %pushi/vec4 0, 0, 1;
    %store/vec4 v0x7fd29b51cb60_0, 0, 1;
    %vpi_call 2 35 "$write", "  %1b    %1b    |  %3b    %4t ns\012", v0x7fd29b51cb60_0, v0x7fd29b51cd60_0, v0x7fd29b51cc00_0, $time {0 0 0};
    %pushi/vec4 0, 0, 32;
    %store/vec4 v0x7fd29b51ccb0_0, 0, 32;
T_3.0 ;
    %load/vec4 v0x7fd29b51ccb0_0;
    %cmpi/s 10, 0, 32;
    %jmp/0xz T_3.1, 5;
    %delay 6, 0;
    %vpi_call 2 39 "$write", "  %1b    %1b    |  %3b    %4t ns\012", v0x7fd29b51cb60_0, v0x7fd29b51cd60_0, v0x7fd29b51cc00_0, $time {0 0 0};
    %delay 4, 0;
    %load/vec4 v0x7fd29b51ccb0_0;
    %addi 1, 0, 32;
    %store/vec4 v0x7fd29b51ccb0_0, 0, 32;
    %jmp T_3.0;
T_3.1 ;
    %vpi_call 2 44 "$write", " -------------------\012" {0 0 0};
    %pushi/vec4 0, 0, 1;
    %store/vec4 v0x7fd29b51cd60_0, 0, 1;
    %delay 6, 0;
    %vpi_call 2 47 "$write", "  %1b    %1b    |  %3b    %4t ns\012", v0x7fd29b51cb60_0, v0x7fd29b51cd60_0, v0x7fd29b51cc00_0, $time {0 0 0};
    %delay 4, 0;
    %vpi_call 2 50 "$write", " -------------------\012" {0 0 0};
    %pushi/vec4 1, 0, 1;
    %store/vec4 v0x7fd29b51cd60_0, 0, 1;
    %pushi/vec4 0, 0, 32;
    %store/vec4 v0x7fd29b51ccb0_0, 0, 32;
T_3.2 ;
    %load/vec4 v0x7fd29b51ccb0_0;
    %cmpi/s 10, 0, 32;
    %jmp/0xz T_3.3, 5;
    %delay 6, 0;
    %vpi_call 2 55 "$write", "  %1b    %1b    |  %3b    %4t ns\012", v0x7fd29b51cb60_0, v0x7fd29b51cd60_0, v0x7fd29b51cc00_0, $time {0 0 0};
    %delay 4, 0;
    %load/vec4 v0x7fd29b51ccb0_0;
    %addi 1, 0, 32;
    %store/vec4 v0x7fd29b51ccb0_0, 0, 32;
    %jmp T_3.2;
T_3.3 ;
    %vpi_call 2 60 "$write", "\012\012\011\011 ~ ~ ~ TEST COMPLETE ~ ~ ~\012\012" {0 0 0};
    %vpi_call 2 61 "$finish" {0 0 0};
    %end;
    .thread T_3;
# The file index is used to find the file name in the following table.
:file_names 3;
    "N/A";
    "<interactive>";
    "counter.v";
