#! /usr/local/Cellar/icarus-verilog/11.0/bin/vvp
:ivl_version "11.0 (stable)";
:ivl_delay_selection "TYPICAL";
:vpi_time_precision - 9;
:vpi_module "/usr/local/Cellar/icarus-verilog/11.0/lib/ivl/system.vpi";
:vpi_module "/usr/local/Cellar/icarus-verilog/11.0/lib/ivl/vhdl_sys.vpi";
:vpi_module "/usr/local/Cellar/icarus-verilog/11.0/lib/ivl/vhdl_textio.vpi";
:vpi_module "/usr/local/Cellar/icarus-verilog/11.0/lib/ivl/v2005_math.vpi";
:vpi_module "/usr/local/Cellar/icarus-verilog/11.0/lib/ivl/va_math.vpi";
S_0x7ff11b80a9f0 .scope module, "tb" "tb" 2 9;
 .timescale -9 -9;
v0x7ff11b81ad20_0 .var "IE", 0 0;
v0x7ff11b81adc0_0 .var "feedback", 7 0;
v0x7ff11b81ae70_0 .net "from_mux", 7 0, v0x7ff11b81ab50_0;  1 drivers
v0x7ff11b81af40_0 .var/i "ii", 31 0;
v0x7ff11b81afd0_0 .var/i "jj", 31 0;
v0x7ff11b81b0c0_0 .var "new_data", 7 0;
v0x7ff11b81b160_0 .var/i "seed", 31 0;
S_0x7ff11b80ab60 .scope module, "DUT" "c1_mux" 2 19, 3 8 0, S_0x7ff11b80a9f0;
 .timescale -9 -9;
    .port_info 0 /OUTPUT 8 "from_mux";
    .port_info 1 /INPUT 8 "new_data";
    .port_info 2 /INPUT 8 "feedback";
    .port_info 3 /INPUT 1 "IE";
v0x7ff11b80a6f0_0 .net "IE", 0 0, v0x7ff11b81ad20_0;  1 drivers
v0x7ff11b81aaa0_0 .net "feedback", 7 0, v0x7ff11b81adc0_0;  1 drivers
v0x7ff11b81ab50_0 .var "from_mux", 7 0;
v0x7ff11b81ac10_0 .net "new_data", 7 0, v0x7ff11b81b0c0_0;  1 drivers
E_0x7ff11b801540 .event edge, v0x7ff11b80a6f0_0, v0x7ff11b81ac10_0, v0x7ff11b81aaa0_0, v0x7ff11b81ab50_0;
    .scope S_0x7ff11b80ab60;
T_0 ;
    %wait E_0x7ff11b801540;
    %load/vec4 v0x7ff11b80a6f0_0;
    %cmpi/e 1, 0, 1;
    %flag_mov 8, 4;
    %jmp/0 T_0.0, 8;
    %load/vec4 v0x7ff11b81ac10_0;
    %jmp/1 T_0.1, 8;
T_0.0 ; End of true expr.
    %load/vec4 v0x7ff11b81aaa0_0;
    %jmp/0 T_0.1, 8;
 ; End of false expr.
    %blend;
T_0.1;
    %store/vec4 v0x7ff11b81ab50_0, 0, 8;
    %vpi_call 3 19 "$write", "\012 **********************************************\012" {0 0 0};
    %vpi_call 3 20 "$write", " {c1_mux}    IE = %1b\012", v0x7ff11b80a6f0_0 {0 0 0};
    %vpi_call 3 22 "$write", "                feedback =  %4b_%4b\012", &PV<v0x7ff11b81aaa0_0, 4, 4>, &PV<v0x7ff11b81aaa0_0, 0, 4> {0 0 0};
    %vpi_call 3 24 "$write", "                   input =  %4b_%4b\012", &PV<v0x7ff11b81ac10_0, 4, 4>, &PV<v0x7ff11b81ac10_0, 0, 4> {0 0 0};
    %vpi_call 3 27 "$write", "      to_register_file   =  %4b_%4b\012", &PV<v0x7ff11b81ab50_0, 4, 4>, &PV<v0x7ff11b81ab50_0, 0, 4> {0 0 0};
    %vpi_call 3 29 "$write", " **********************************************\012" {0 0 0};
    %jmp T_0;
    .thread T_0, $push;
    .scope S_0x7ff11b80a9f0;
T_1 ;
    %vpi_call 2 28 "$dumpfile", "wave.vcd" {0 0 0};
    %vpi_call 2 29 "$dumpvars", 32'sb00000000000000000000000000000000, S_0x7ff11b80a9f0 {0 0 0};
    %pushi/vec4 999, 0, 32;
    %store/vec4 v0x7ff11b81b160_0, 0, 32;
    %vpi_call 2 32 "$write", "\012 test component 1 of 5, the MUX 2-to-1 : 8-bit \012\012" {0 0 0};
    %pushi/vec4 0, 0, 32;
    %store/vec4 v0x7ff11b81af40_0, 0, 32;
T_1.0 ;
    %load/vec4 v0x7ff11b81af40_0;
    %cmpi/s 4, 0, 32;
    %jmp/0xz T_1.1, 5;
    %vpi_func 2 35 "$random" 32, v0x7ff11b81b160_0 {0 0 0};
    %pushi/vec4 2, 0, 32;
    %mod/s;
    %pad/s 1;
    %store/vec4 v0x7ff11b81ad20_0, 0, 1;
    %pushi/vec4 0, 0, 32;
    %store/vec4 v0x7ff11b81afd0_0, 0, 32;
T_1.2 ;
    %load/vec4 v0x7ff11b81afd0_0;
    %cmpi/s 8, 0, 32;
    %jmp/0xz T_1.3, 5;
    %vpi_func 2 37 "$random" 32, v0x7ff11b81b160_0 {0 0 0};
    %pushi/vec4 2, 0, 32;
    %mod/s;
    %pad/s 1;
    %ix/getv/s 4, v0x7ff11b81afd0_0;
    %store/vec4 v0x7ff11b81adc0_0, 4, 1;
    %vpi_func 2 38 "$random" 32, v0x7ff11b81b160_0 {0 0 0};
    %pushi/vec4 2, 0, 32;
    %mod/s;
    %pad/s 1;
    %ix/getv/s 4, v0x7ff11b81afd0_0;
    %store/vec4 v0x7ff11b81b0c0_0, 4, 1;
    %load/vec4 v0x7ff11b81afd0_0;
    %addi 1, 0, 32;
    %store/vec4 v0x7ff11b81afd0_0, 0, 32;
    %jmp T_1.2;
T_1.3 ;
    %delay 5, 0;
    %vpi_call 2 43 "$write", "         IE:  %1b\012", v0x7ff11b81ad20_0 {0 0 0};
    %vpi_call 2 44 "$write", "     inp[0]:  %4b_%4b\012", &PV<v0x7ff11b81adc0_0, 4, 4>, &PV<v0x7ff11b81adc0_0, 0, 4> {0 0 0};
    %vpi_call 2 46 "$write", "     inp[1]:  %4b_%4b\012", &PV<v0x7ff11b81b0c0_0, 4, 4>, &PV<v0x7ff11b81b0c0_0, 0, 4> {0 0 0};
    %vpi_call 2 48 "$write", "       outp:  %4b_%4b\012\012", &PV<v0x7ff11b81ae70_0, 4, 4>, &PV<v0x7ff11b81ae70_0, 0, 4> {0 0 0};
    %load/vec4 v0x7ff11b81af40_0;
    %addi 1, 0, 32;
    %store/vec4 v0x7ff11b81af40_0, 0, 32;
    %jmp T_1.0;
T_1.1 ;
    %delay 5, 0;
    %vpi_call 2 54 "$write", "\012\012\011\011 ~ ~ ~ TEST COMPLETE ~ ~ ~    %6t ns\012\012", $time {0 0 0};
    %vpi_call 2 55 "$finish" {0 0 0};
    %end;
    .thread T_1;
# The file index is used to find the file name in the following table.
:file_names 4;
    "N/A";
    "<interactive>";
    "tb.v";
    "./c1_mux.v";
