#! /usr/local/Cellar/icarus-verilog/11.0/bin/vvp
:ivl_version "11.0 (stable)";
:ivl_delay_selection "TYPICAL";
:vpi_time_precision - 9;
:vpi_module "/usr/local/Cellar/icarus-verilog/11.0/lib/ivl/system.vpi";
:vpi_module "/usr/local/Cellar/icarus-verilog/11.0/lib/ivl/vhdl_sys.vpi";
:vpi_module "/usr/local/Cellar/icarus-verilog/11.0/lib/ivl/vhdl_textio.vpi";
:vpi_module "/usr/local/Cellar/icarus-verilog/11.0/lib/ivl/v2005_math.vpi";
:vpi_module "/usr/local/Cellar/icarus-verilog/11.0/lib/ivl/va_math.vpi";
S_0x7fe253e01630 .scope module, "tb" "tb" 2 13;
 .timescale -9 -9;
v0x7fe253e2c150_0 .var/i "idx", 31 0;
v0x7fe253e2c210_0 .var "inA", 7 0;
v0x7fe253e2c2b0_0 .var "inB", 7 0;
v0x7fe253e2c380_0 .net "outY", 7 0, L_0x7fe253e2c8e0;  1 drivers
v0x7fe253e2c450_0 .net "outYbar", 7 0, L_0x7fe253e2cbb0;  1 drivers
v0x7fe253e2c520_0 .net "outZ", 7 0, v0x7fe253e2bfa0_0;  1 drivers
v0x7fe253e2c5b0_0 .var/i "r_gen", 31 0;
v0x7fe253e2c650_0 .var "sel", 0 0;
v0x7fe253e2c700_0 .var "sell", 2 0;
S_0x7fe253e0be40 .scope module, "DUT1" "mux21_bus8" 2 25, 2 124 0, S_0x7fe253e01630;
 .timescale -9 -9;
    .port_info 0 /OUTPUT 8 "out_y";
    .port_info 1 /OUTPUT 8 "out_y_bar";
    .port_info 2 /INPUT 1 "select";
    .port_info 3 /INPUT 8 "in_a";
    .port_info 4 /INPUT 8 "in_b";
L_0x7fe253e2c830 .functor NOT 1, v0x7fe253e2c650_0, C4<0>, C4<0>, C4<0>;
L_0x7fe253e2ca40 .functor NOT 1, v0x7fe253e2c650_0, C4<0>, C4<0>, C4<0>;
L_0x7fe253e2cab0 .functor NOT 8, v0x7fe253e2c210_0, C4<00000000>, C4<00000000>, C4<00000000>;
L_0x7fe253e2cb20 .functor NOT 8, v0x7fe253e2c2b0_0, C4<00000000>, C4<00000000>, C4<00000000>;
v0x7fe253e017a0_0 .net *"_ivl_0", 0 0, L_0x7fe253e2c830;  1 drivers
v0x7fe253e2b640_0 .net *"_ivl_4", 0 0, L_0x7fe253e2ca40;  1 drivers
v0x7fe253e2b6e0_0 .net *"_ivl_6", 7 0, L_0x7fe253e2cab0;  1 drivers
v0x7fe253e2b790_0 .net *"_ivl_8", 7 0, L_0x7fe253e2cb20;  1 drivers
v0x7fe253e2b840_0 .net "in_a", 7 0, v0x7fe253e2c210_0;  1 drivers
v0x7fe253e2b930_0 .net "in_b", 7 0, v0x7fe253e2c2b0_0;  1 drivers
v0x7fe253e2b9e0_0 .net "out_y", 7 0, L_0x7fe253e2c8e0;  alias, 1 drivers
v0x7fe253e2ba90_0 .net "out_y_bar", 7 0, L_0x7fe253e2cbb0;  alias, 1 drivers
v0x7fe253e2bb40_0 .net "select", 0 0, v0x7fe253e2c650_0;  1 drivers
L_0x7fe253e2c8e0 .functor MUXZ 8, v0x7fe253e2c2b0_0, v0x7fe253e2c210_0, L_0x7fe253e2c830, C4<>;
L_0x7fe253e2cbb0 .functor MUXZ 8, L_0x7fe253e2cb20, L_0x7fe253e2cab0, L_0x7fe253e2ca40, C4<>;
S_0x7fe253e2bcc0 .scope module, "DUT2" "demux21_bus8" 2 33, 2 139 0, S_0x7fe253e01630;
 .timescale -9 -9;
    .port_info 0 /OUTPUT 8 "out_z";
    .port_info 1 /INPUT 3 "select";
    .port_info 2 /INPUT 8 "in_y";
v0x7fe253e2bed0_0 .net "in_y", 7 0, L_0x7fe253e2c8e0;  alias, 1 drivers
v0x7fe253e2bfa0_0 .var "out_z", 7 0;
v0x7fe253e2c040_0 .net "select", 2 0, v0x7fe253e2c700_0;  1 drivers
E_0x7fe253e2b8e0 .event edge, v0x7fe253e2c040_0, v0x7fe253e2b9e0_0;
    .scope S_0x7fe253e2bcc0;
T_0 ;
    %wait E_0x7fe253e2b8e0;
    %pushi/vec4 0, 0, 8;
    %store/vec4 v0x7fe253e2bfa0_0, 0, 8;
    %load/vec4 v0x7fe253e2c040_0;
    %dup/vec4;
    %pushi/vec4 0, 0, 3;
    %cmp/u;
    %jmp/1 T_0.0, 6;
    %dup/vec4;
    %pushi/vec4 1, 0, 3;
    %cmp/u;
    %jmp/1 T_0.1, 6;
    %dup/vec4;
    %pushi/vec4 2, 0, 3;
    %cmp/u;
    %jmp/1 T_0.2, 6;
    %dup/vec4;
    %pushi/vec4 3, 0, 3;
    %cmp/u;
    %jmp/1 T_0.3, 6;
    %dup/vec4;
    %pushi/vec4 4, 0, 3;
    %cmp/u;
    %jmp/1 T_0.4, 6;
    %dup/vec4;
    %pushi/vec4 5, 0, 3;
    %cmp/u;
    %jmp/1 T_0.5, 6;
    %dup/vec4;
    %pushi/vec4 6, 0, 3;
    %cmp/u;
    %jmp/1 T_0.6, 6;
    %dup/vec4;
    %pushi/vec4 7, 0, 3;
    %cmp/u;
    %jmp/1 T_0.7, 6;
    %jmp T_0.8;
T_0.0 ;
    %load/vec4 v0x7fe253e2bed0_0;
    %parti/s 1, 0, 2;
    %ix/load 4, 0, 0;
    %flag_set/imm 4, 0;
    %store/vec4 v0x7fe253e2bfa0_0, 4, 1;
    %jmp T_0.8;
T_0.1 ;
    %load/vec4 v0x7fe253e2bed0_0;
    %parti/s 1, 1, 2;
    %ix/load 4, 1, 0;
    %flag_set/imm 4, 0;
    %store/vec4 v0x7fe253e2bfa0_0, 4, 1;
    %jmp T_0.8;
T_0.2 ;
    %load/vec4 v0x7fe253e2bed0_0;
    %parti/s 1, 2, 3;
    %ix/load 4, 2, 0;
    %flag_set/imm 4, 0;
    %store/vec4 v0x7fe253e2bfa0_0, 4, 1;
    %jmp T_0.8;
T_0.3 ;
    %load/vec4 v0x7fe253e2bed0_0;
    %parti/s 1, 3, 3;
    %ix/load 4, 3, 0;
    %flag_set/imm 4, 0;
    %store/vec4 v0x7fe253e2bfa0_0, 4, 1;
    %jmp T_0.8;
T_0.4 ;
    %load/vec4 v0x7fe253e2bed0_0;
    %parti/s 1, 4, 4;
    %ix/load 4, 4, 0;
    %flag_set/imm 4, 0;
    %store/vec4 v0x7fe253e2bfa0_0, 4, 1;
    %jmp T_0.8;
T_0.5 ;
    %load/vec4 v0x7fe253e2bed0_0;
    %parti/s 1, 5, 4;
    %ix/load 4, 5, 0;
    %flag_set/imm 4, 0;
    %store/vec4 v0x7fe253e2bfa0_0, 4, 1;
    %jmp T_0.8;
T_0.6 ;
    %load/vec4 v0x7fe253e2bed0_0;
    %parti/s 1, 6, 4;
    %ix/load 4, 6, 0;
    %flag_set/imm 4, 0;
    %store/vec4 v0x7fe253e2bfa0_0, 4, 1;
    %jmp T_0.8;
T_0.7 ;
    %load/vec4 v0x7fe253e2bed0_0;
    %parti/s 1, 7, 4;
    %ix/load 4, 7, 0;
    %flag_set/imm 4, 0;
    %store/vec4 v0x7fe253e2bfa0_0, 4, 1;
    %jmp T_0.8;
T_0.8 ;
    %pop/vec4 1;
    %jmp T_0;
    .thread T_0, $push;
    .scope S_0x7fe253e01630;
T_1 ;
    %vpi_call 2 39 "$dumpfile", "wave.vcd" {0 0 0};
    %vpi_call 2 40 "$dumpvars", 32'sb00000000000000000000000000000000, S_0x7fe253e01630 {0 0 0};
    %vpi_call 2 41 "$write", "\012the 2:1 MUX, 8-bit bus   s=0 -> Y = a ,  s=1 -> Y=b  with DEMUX\012\012" {0 0 0};
    %vpi_call 2 42 "$write", " s  |   a           b      |  Y          ~Y        | sel    demux_Z\012" {0 0 0};
    %vpi_call 2 43 "$write", "---------------------------------------------------------------------\012" {0 0 0};
    %pushi/vec4 255, 0, 8;
    %store/vec4 v0x7fe253e2c210_0, 0, 8;
    %vpi_func 2 45 "$random" 32 {0 0 0};
    %store/vec4 v0x7fe253e2c5b0_0, 0, 32;
    %load/vec4 v0x7fe253e2c5b0_0;
    %pushi/vec4 256, 0, 32;
    %mod/s;
    %store/vec4 v0x7fe253e2c5b0_0, 0, 32;
    %load/vec4 v0x7fe253e2c5b0_0;
    %pad/s 8;
    %store/vec4 v0x7fe253e2c2b0_0, 0, 8;
    %pushi/vec4 0, 0, 1;
    %store/vec4 v0x7fe253e2c650_0, 0, 1;
    %pushi/vec4 0, 0, 3;
    %store/vec4 v0x7fe253e2c700_0, 0, 3;
    %pushi/vec4 0, 0, 32;
    %store/vec4 v0x7fe253e2c150_0, 0, 32;
T_1.0 ;
    %load/vec4 v0x7fe253e2c150_0;
    %cmpi/s 3, 0, 32;
    %jmp/0xz T_1.1, 5;
    %delay 10, 0;
    %vpi_call 2 53 "$write", " %1b  |  %8b  %8b  |  %8b  %8b   |  %3b    %8b\012", v0x7fe253e2c650_0, v0x7fe253e2c210_0, v0x7fe253e2c2b0_0, v0x7fe253e2c380_0, v0x7fe253e2c450_0, v0x7fe253e2c700_0, v0x7fe253e2c520_0 {0 0 0};
    %load/vec4 v0x7fe253e2c150_0;
    %addi 1, 0, 32;
    %store/vec4 v0x7fe253e2c150_0, 0, 32;
    %jmp T_1.0;
T_1.1 ;
    %vpi_call 2 56 "$write", "---------------------------------------------------------------------\012" {0 0 0};
    %pushi/vec4 1, 0, 3;
    %store/vec4 v0x7fe253e2c700_0, 0, 3;
    %pushi/vec4 0, 0, 32;
    %store/vec4 v0x7fe253e2c150_0, 0, 32;
T_1.2 ;
    %load/vec4 v0x7fe253e2c150_0;
    %cmpi/s 3, 0, 32;
    %jmp/0xz T_1.3, 5;
    %delay 10, 0;
    %vpi_call 2 61 "$write", " %1b  |  %8b  %8b  |  %8b  %8b   |  %3b    %8b\012", v0x7fe253e2c650_0, v0x7fe253e2c210_0, v0x7fe253e2c2b0_0, v0x7fe253e2c380_0, v0x7fe253e2c450_0, v0x7fe253e2c700_0, v0x7fe253e2c520_0 {0 0 0};
    %load/vec4 v0x7fe253e2c150_0;
    %addi 1, 0, 32;
    %store/vec4 v0x7fe253e2c150_0, 0, 32;
    %jmp T_1.2;
T_1.3 ;
    %vpi_call 2 64 "$write", "---------------------------------------------------------------------\012" {0 0 0};
    %pushi/vec4 2, 0, 3;
    %store/vec4 v0x7fe253e2c700_0, 0, 3;
    %pushi/vec4 0, 0, 32;
    %store/vec4 v0x7fe253e2c150_0, 0, 32;
T_1.4 ;
    %load/vec4 v0x7fe253e2c150_0;
    %cmpi/s 3, 0, 32;
    %jmp/0xz T_1.5, 5;
    %delay 10, 0;
    %vpi_call 2 69 "$write", " %1b  |  %8b  %8b  |  %8b  %8b   |  %3b    %8b\012", v0x7fe253e2c650_0, v0x7fe253e2c210_0, v0x7fe253e2c2b0_0, v0x7fe253e2c380_0, v0x7fe253e2c450_0, v0x7fe253e2c700_0, v0x7fe253e2c520_0 {0 0 0};
    %load/vec4 v0x7fe253e2c150_0;
    %addi 1, 0, 32;
    %store/vec4 v0x7fe253e2c150_0, 0, 32;
    %jmp T_1.4;
T_1.5 ;
    %vpi_call 2 72 "$write", "---------------------------------------------------------------------\012" {0 0 0};
    %pushi/vec4 3, 0, 3;
    %store/vec4 v0x7fe253e2c700_0, 0, 3;
    %pushi/vec4 0, 0, 32;
    %store/vec4 v0x7fe253e2c150_0, 0, 32;
T_1.6 ;
    %load/vec4 v0x7fe253e2c150_0;
    %cmpi/s 3, 0, 32;
    %jmp/0xz T_1.7, 5;
    %delay 10, 0;
    %vpi_call 2 77 "$write", " %1b  |  %8b  %8b  |  %8b  %8b   |  %3b    %8b\012", v0x7fe253e2c650_0, v0x7fe253e2c210_0, v0x7fe253e2c2b0_0, v0x7fe253e2c380_0, v0x7fe253e2c450_0, v0x7fe253e2c700_0, v0x7fe253e2c520_0 {0 0 0};
    %load/vec4 v0x7fe253e2c150_0;
    %addi 1, 0, 32;
    %store/vec4 v0x7fe253e2c150_0, 0, 32;
    %jmp T_1.6;
T_1.7 ;
    %vpi_call 2 80 "$write", "---------------------------------------------------------------------\012" {0 0 0};
    %pushi/vec4 4, 0, 3;
    %store/vec4 v0x7fe253e2c700_0, 0, 3;
    %pushi/vec4 0, 0, 32;
    %store/vec4 v0x7fe253e2c150_0, 0, 32;
T_1.8 ;
    %load/vec4 v0x7fe253e2c150_0;
    %cmpi/s 3, 0, 32;
    %jmp/0xz T_1.9, 5;
    %delay 10, 0;
    %vpi_call 2 85 "$write", " %1b  |  %8b  %8b  |  %8b  %8b   |  %3b    %8b\012", v0x7fe253e2c650_0, v0x7fe253e2c210_0, v0x7fe253e2c2b0_0, v0x7fe253e2c380_0, v0x7fe253e2c450_0, v0x7fe253e2c700_0, v0x7fe253e2c520_0 {0 0 0};
    %load/vec4 v0x7fe253e2c150_0;
    %addi 1, 0, 32;
    %store/vec4 v0x7fe253e2c150_0, 0, 32;
    %jmp T_1.8;
T_1.9 ;
    %vpi_call 2 88 "$write", "---------------------------------------------------------------------\012" {0 0 0};
    %pushi/vec4 5, 0, 3;
    %store/vec4 v0x7fe253e2c700_0, 0, 3;
    %pushi/vec4 0, 0, 32;
    %store/vec4 v0x7fe253e2c150_0, 0, 32;
T_1.10 ;
    %load/vec4 v0x7fe253e2c150_0;
    %cmpi/s 3, 0, 32;
    %jmp/0xz T_1.11, 5;
    %delay 10, 0;
    %vpi_call 2 93 "$write", " %1b  |  %8b  %8b  |  %8b  %8b   |  %3b    %8b\012", v0x7fe253e2c650_0, v0x7fe253e2c210_0, v0x7fe253e2c2b0_0, v0x7fe253e2c380_0, v0x7fe253e2c450_0, v0x7fe253e2c700_0, v0x7fe253e2c520_0 {0 0 0};
    %load/vec4 v0x7fe253e2c150_0;
    %addi 1, 0, 32;
    %store/vec4 v0x7fe253e2c150_0, 0, 32;
    %jmp T_1.10;
T_1.11 ;
    %vpi_call 2 96 "$write", "---------------------------------------------------------------------\012" {0 0 0};
    %pushi/vec4 6, 0, 3;
    %store/vec4 v0x7fe253e2c700_0, 0, 3;
    %pushi/vec4 0, 0, 32;
    %store/vec4 v0x7fe253e2c150_0, 0, 32;
T_1.12 ;
    %load/vec4 v0x7fe253e2c150_0;
    %cmpi/s 3, 0, 32;
    %jmp/0xz T_1.13, 5;
    %delay 10, 0;
    %vpi_call 2 101 "$write", " %1b  |  %8b  %8b  |  %8b  %8b   |  %3b    %8b\012", v0x7fe253e2c650_0, v0x7fe253e2c210_0, v0x7fe253e2c2b0_0, v0x7fe253e2c380_0, v0x7fe253e2c450_0, v0x7fe253e2c700_0, v0x7fe253e2c520_0 {0 0 0};
    %load/vec4 v0x7fe253e2c150_0;
    %addi 1, 0, 32;
    %store/vec4 v0x7fe253e2c150_0, 0, 32;
    %jmp T_1.12;
T_1.13 ;
    %vpi_call 2 104 "$write", "---------------------------------------------------------------------\012" {0 0 0};
    %pushi/vec4 7, 0, 3;
    %store/vec4 v0x7fe253e2c700_0, 0, 3;
    %pushi/vec4 0, 0, 32;
    %store/vec4 v0x7fe253e2c150_0, 0, 32;
T_1.14 ;
    %load/vec4 v0x7fe253e2c150_0;
    %cmpi/s 3, 0, 32;
    %jmp/0xz T_1.15, 5;
    %delay 10, 0;
    %vpi_call 2 109 "$write", " %1b  |  %8b  %8b  |  %8b  %8b   |  %3b    %8b\012", v0x7fe253e2c650_0, v0x7fe253e2c210_0, v0x7fe253e2c2b0_0, v0x7fe253e2c380_0, v0x7fe253e2c450_0, v0x7fe253e2c700_0, v0x7fe253e2c520_0 {0 0 0};
    %load/vec4 v0x7fe253e2c150_0;
    %addi 1, 0, 32;
    %store/vec4 v0x7fe253e2c150_0, 0, 32;
    %jmp T_1.14;
T_1.15 ;
    %vpi_call 2 112 "$write", "---------------------------------------------------------------------\012" {0 0 0};
    %delay 10, 0;
    %vpi_call 2 115 "$write", "\012\012\011\011 ~ ~ ~ TEST COMPLETE ~ ~ ~\012\012" {0 0 0};
    %vpi_call 2 116 "$finish" {0 0 0};
    %end;
    .thread T_1;
# The file index is used to find the file name in the following table.
:file_names 3;
    "N/A";
    "<interactive>";
    "exp3d.v";
