#! /usr/local/Cellar/icarus-verilog/11.0/bin/vvp
:ivl_version "11.0 (stable)";
:ivl_delay_selection "TYPICAL";
:vpi_time_precision - 9;
:vpi_module "/usr/local/Cellar/icarus-verilog/11.0/lib/ivl/system.vpi";
:vpi_module "/usr/local/Cellar/icarus-verilog/11.0/lib/ivl/vhdl_sys.vpi";
:vpi_module "/usr/local/Cellar/icarus-verilog/11.0/lib/ivl/vhdl_textio.vpi";
:vpi_module "/usr/local/Cellar/icarus-verilog/11.0/lib/ivl/v2005_math.vpi";
:vpi_module "/usr/local/Cellar/icarus-verilog/11.0/lib/ivl/va_math.vpi";
S_0x7fda9a404790 .scope module, "alu_unsigned_tb" "alu_unsigned_tb" 2 8;
 .timescale -9 -9;
v0x7fda9a426660_0 .var/i "ii", 31 0;
v0x7fda9a426720_0 .var "inpA", 7 0;
v0x7fda9a4267c0_0 .var "inpB", 7 0;
v0x7fda9a426890_0 .var/i "jj", 31 0;
v0x7fda9a426920_0 .net "outP", 7 0, v0x7fda9a426550_0;  1 drivers
v0x7fda9a426a00_0 .var/i "seed", 31 0;
v0x7fda9a426aa0_0 .var "select", 2 0;
S_0x7fda9a404900 .scope module, "DUT" "alu_unsigned" 2 18, 3 9 0, S_0x7fda9a404790;
 .timescale -9 -9;
    .port_info 0 /OUTPUT 8 "to_shifter";
    .port_info 1 /INPUT 8 "rf_A";
    .port_info 2 /INPUT 8 "rf_B";
    .port_info 3 /INPUT 3 "alu_operation";
v0x7fda9a408210_0 .net "alu_operation", 2 0, v0x7fda9a426aa0_0;  1 drivers
v0x7fda9a4263e0_0 .net "rf_A", 7 0, v0x7fda9a426720_0;  1 drivers
v0x7fda9a426490_0 .net "rf_B", 7 0, v0x7fda9a4267c0_0;  1 drivers
v0x7fda9a426550_0 .var "to_shifter", 7 0;
E_0x7fda9a409ab0 .event edge, v0x7fda9a408210_0, v0x7fda9a4263e0_0, v0x7fda9a426490_0, v0x7fda9a426550_0;
    .scope S_0x7fda9a404900;
T_0 ;
    %wait E_0x7fda9a409ab0;
    %load/vec4 v0x7fda9a408210_0;
    %dup/vec4;
    %pushi/vec4 0, 0, 3;
    %cmp/u;
    %jmp/1 T_0.0, 6;
    %dup/vec4;
    %pushi/vec4 1, 0, 3;
    %cmp/u;
    %jmp/1 T_0.1, 6;
    %dup/vec4;
    %pushi/vec4 2, 0, 3;
    %cmp/u;
    %jmp/1 T_0.2, 6;
    %dup/vec4;
    %pushi/vec4 3, 0, 3;
    %cmp/u;
    %jmp/1 T_0.3, 6;
    %dup/vec4;
    %pushi/vec4 4, 0, 3;
    %cmp/u;
    %jmp/1 T_0.4, 6;
    %dup/vec4;
    %pushi/vec4 5, 0, 3;
    %cmp/u;
    %jmp/1 T_0.5, 6;
    %dup/vec4;
    %pushi/vec4 6, 0, 3;
    %cmp/u;
    %jmp/1 T_0.6, 6;
    %dup/vec4;
    %pushi/vec4 7, 0, 3;
    %cmp/u;
    %jmp/1 T_0.7, 6;
    %jmp T_0.8;
T_0.0 ;
    %load/vec4 v0x7fda9a4263e0_0;
    %store/vec4 v0x7fda9a426550_0, 0, 8;
    %jmp T_0.8;
T_0.1 ;
    %load/vec4 v0x7fda9a4263e0_0;
    %load/vec4 v0x7fda9a426490_0;
    %and;
    %store/vec4 v0x7fda9a426550_0, 0, 8;
    %jmp T_0.8;
T_0.2 ;
    %load/vec4 v0x7fda9a4263e0_0;
    %load/vec4 v0x7fda9a426490_0;
    %or;
    %store/vec4 v0x7fda9a426550_0, 0, 8;
    %jmp T_0.8;
T_0.3 ;
    %load/vec4 v0x7fda9a4263e0_0;
    %inv;
    %store/vec4 v0x7fda9a426550_0, 0, 8;
    %jmp T_0.8;
T_0.4 ;
    %load/vec4 v0x7fda9a4263e0_0;
    %load/vec4 v0x7fda9a426490_0;
    %add;
    %store/vec4 v0x7fda9a426550_0, 0, 8;
    %jmp T_0.8;
T_0.5 ;
    %load/vec4 v0x7fda9a4263e0_0;
    %load/vec4 v0x7fda9a426490_0;
    %sub;
    %store/vec4 v0x7fda9a426550_0, 0, 8;
    %jmp T_0.8;
T_0.6 ;
    %load/vec4 v0x7fda9a4263e0_0;
    %addi 1, 0, 8;
    %store/vec4 v0x7fda9a426550_0, 0, 8;
    %jmp T_0.8;
T_0.7 ;
    %load/vec4 v0x7fda9a4263e0_0;
    %subi 1, 0, 8;
    %store/vec4 v0x7fda9a426550_0, 0, 8;
    %jmp T_0.8;
T_0.8 ;
    %pop/vec4 1;
    %vpi_call 3 29 "$write", "\012 ************************************\012" {0 0 0};
    %vpi_call 3 30 "$write", " {alu_unsigned}\012" {0 0 0};
    %vpi_call 3 31 "$write", "    alu_operation:  %3b\012", v0x7fda9a408210_0 {0 0 0};
    %vpi_call 3 32 "$write", "             rf_A:  %4b_%4b\012", &PV<v0x7fda9a4263e0_0, 4, 4>, &PV<v0x7fda9a4263e0_0, 0, 4> {0 0 0};
    %vpi_call 3 33 "$write", "             rf_B:  %4b_%4b\012", &PV<v0x7fda9a426490_0, 4, 4>, &PV<v0x7fda9a426490_0, 0, 4> {0 0 0};
    %vpi_call 3 34 "$write", "              ---------------------\012" {0 0 0};
    %vpi_call 3 35 "$write", "       to_shifter:  %4b_%4b\012", &PV<v0x7fda9a426550_0, 4, 4>, &PV<v0x7fda9a426550_0, 0, 4> {0 0 0};
    %vpi_call 3 37 "$write", " ************************************\012" {0 0 0};
    %jmp T_0;
    .thread T_0, $push;
    .scope S_0x7fda9a404790;
T_1 ;
    %vpi_call 2 27 "$dumpfile", "wave.vcd" {0 0 0};
    %vpi_call 2 28 "$dumpvars", 32'sb00000000000000000000000000000000, S_0x7fda9a404790 {0 0 0};
    %pushi/vec4 999, 0, 32;
    %store/vec4 v0x7fda9a426a00_0, 0, 32;
    %vpi_call 2 31 "$write", "\012test the ALU\012\012" {0 0 0};
    %pushi/vec4 0, 0, 32;
    %store/vec4 v0x7fda9a426660_0, 0, 32;
T_1.0 ;
    %load/vec4 v0x7fda9a426660_0;
    %cmpi/s 8, 0, 32;
    %jmp/0xz T_1.1, 5;
    %load/vec4 v0x7fda9a426660_0;
    %pad/s 3;
    %store/vec4 v0x7fda9a426aa0_0, 0, 3;
    %pushi/vec4 0, 0, 32;
    %store/vec4 v0x7fda9a426890_0, 0, 32;
T_1.2 ;
    %load/vec4 v0x7fda9a426890_0;
    %cmpi/s 8, 0, 32;
    %jmp/0xz T_1.3, 5;
    %vpi_func 2 36 "$random" 32, v0x7fda9a426a00_0 {0 0 0};
    %pushi/vec4 2, 0, 32;
    %mod/s;
    %pad/s 1;
    %ix/getv/s 4, v0x7fda9a426890_0;
    %store/vec4 v0x7fda9a426720_0, 4, 1;
    %vpi_func 2 37 "$random" 32, v0x7fda9a426a00_0 {0 0 0};
    %pushi/vec4 2, 0, 32;
    %mod/s;
    %pad/s 1;
    %ix/getv/s 4, v0x7fda9a426890_0;
    %store/vec4 v0x7fda9a4267c0_0, 4, 1;
    %load/vec4 v0x7fda9a426890_0;
    %addi 1, 0, 32;
    %store/vec4 v0x7fda9a426890_0, 0, 32;
    %jmp T_1.2;
T_1.3 ;
    %delay 10, 0;
    %vpi_call 2 42 "$write", " operation =  %3b  ,  ", v0x7fda9a426aa0_0 {0 0 0};
    %load/vec4 v0x7fda9a426aa0_0;
    %dup/vec4;
    %pushi/vec4 0, 0, 3;
    %cmp/u;
    %jmp/1 T_1.4, 6;
    %dup/vec4;
    %pushi/vec4 1, 0, 3;
    %cmp/u;
    %jmp/1 T_1.5, 6;
    %dup/vec4;
    %pushi/vec4 2, 0, 3;
    %cmp/u;
    %jmp/1 T_1.6, 6;
    %dup/vec4;
    %pushi/vec4 3, 0, 3;
    %cmp/u;
    %jmp/1 T_1.7, 6;
    %dup/vec4;
    %pushi/vec4 4, 0, 3;
    %cmp/u;
    %jmp/1 T_1.8, 6;
    %dup/vec4;
    %pushi/vec4 5, 0, 3;
    %cmp/u;
    %jmp/1 T_1.9, 6;
    %dup/vec4;
    %pushi/vec4 6, 0, 3;
    %cmp/u;
    %jmp/1 T_1.10, 6;
    %dup/vec4;
    %pushi/vec4 7, 0, 3;
    %cmp/u;
    %jmp/1 T_1.11, 6;
    %jmp T_1.12;
T_1.4 ;
    %vpi_call 2 44 "$write", "pass\012" {0 0 0};
    %jmp T_1.12;
T_1.5 ;
    %vpi_call 2 45 "$write", "AND\012" {0 0 0};
    %jmp T_1.12;
T_1.6 ;
    %vpi_call 2 46 "$write", "OR\012" {0 0 0};
    %jmp T_1.12;
T_1.7 ;
    %vpi_call 2 47 "$write", "NOT\012" {0 0 0};
    %jmp T_1.12;
T_1.8 ;
    %vpi_call 2 48 "$write", "addition\012" {0 0 0};
    %jmp T_1.12;
T_1.9 ;
    %vpi_call 2 49 "$write", "subtraction\012" {0 0 0};
    %jmp T_1.12;
T_1.10 ;
    %vpi_call 2 50 "$write", "increment\012" {0 0 0};
    %jmp T_1.12;
T_1.11 ;
    %vpi_call 2 51 "$write", "decrement\012" {0 0 0};
    %jmp T_1.12;
T_1.12 ;
    %pop/vec4 1;
    %vpi_call 2 53 "$write", "         A =  %4b_%4b   \042%3d\042\012", &PV<v0x7fda9a426720_0, 4, 4>, &PV<v0x7fda9a426720_0, 0, 4>, v0x7fda9a426720_0 {0 0 0};
    %vpi_call 2 55 "$write", "         B =  %4b_%4b   \042%3d\042\012", &PV<v0x7fda9a4267c0_0, 4, 4>, &PV<v0x7fda9a4267c0_0, 0, 4>, v0x7fda9a4267c0_0 {0 0 0};
    %vpi_call 2 57 "$write", "      --------------------------\012" {0 0 0};
    %vpi_call 2 58 "$write", "      outP =  %4b_%4b   \042%3d\042\012\012", &PV<v0x7fda9a426920_0, 4, 4>, &PV<v0x7fda9a426920_0, 0, 4>, v0x7fda9a426920_0 {0 0 0};
    %load/vec4 v0x7fda9a426660_0;
    %addi 1, 0, 32;
    %store/vec4 v0x7fda9a426660_0, 0, 32;
    %jmp T_1.0;
T_1.1 ;
    %delay 10, 0;
    %vpi_call 2 65 "$write", "\012\012\011\011 ~ ~ ~ TEST COMPLETE ~ ~ ~\012\012" {0 0 0};
    %vpi_call 2 66 "$finish" {0 0 0};
    %end;
    .thread T_1;
# The file index is used to find the file name in the following table.
:file_names 4;
    "N/A";
    "<interactive>";
    "alu_unsigned_tb.v";
    "./alu_unsigned.v";
