#! /usr/local/Cellar/icarus-verilog/11.0/bin/vvp
:ivl_version "11.0 (stable)";
:ivl_delay_selection "TYPICAL";
:vpi_time_precision - 9;
:vpi_module "/usr/local/Cellar/icarus-verilog/11.0/lib/ivl/system.vpi";
:vpi_module "/usr/local/Cellar/icarus-verilog/11.0/lib/ivl/vhdl_sys.vpi";
:vpi_module "/usr/local/Cellar/icarus-verilog/11.0/lib/ivl/vhdl_textio.vpi";
:vpi_module "/usr/local/Cellar/icarus-verilog/11.0/lib/ivl/v2005_math.vpi";
:vpi_module "/usr/local/Cellar/icarus-verilog/11.0/lib/ivl/va_math.vpi";
S_0x7fab3550a710 .scope module, "tb" "tb" 2 16;
 .timescale -9 -9;
v0x7fab35526690_0 .var "clock", 0 0;
v0x7fab35526730_0 .var/i "delay", 31 0;
v0x7fab355267d0_0 .var/i "idx", 31 0;
v0x7fab35526890_0 .var "reset", 0 0;
v0x7fab35526940_0 .net "roll_result", 4 0, v0x7fab355264c0_0;  1 drivers
v0x7fab35526a10_0 .var/i "seed", 31 0;
v0x7fab35526ab0_0 .var "sides", 4 0;
S_0x7fab3550a880 .scope module, "DUT" "m_dice_roll" 2 22, 2 93 0, S_0x7fab3550a710;
 .timescale -9 -9;
    .port_info 0 /INPUT 1 "clock";
    .port_info 1 /INPUT 1 "reset";
    .port_info 2 /INPUT 5 "sides";
    .port_info 3 /OUTPUT 5 "roll_result";
v0x7fab3550b3d0_0 .net "clock", 0 0, v0x7fab35526690_0;  1 drivers
v0x7fab35526420_0 .net "reset", 0 0, v0x7fab35526890_0;  1 drivers
v0x7fab355264c0_0 .var "roll_result", 4 0;
v0x7fab35526580_0 .net "sides", 4 0, v0x7fab35526ab0_0;  1 drivers
E_0x7fab35505470 .event posedge, v0x7fab3550b3d0_0;
    .scope S_0x7fab3550a880;
T_0 ;
    %pushi/vec4 1, 0, 5;
    %store/vec4 v0x7fab355264c0_0, 0, 5;
    %end;
    .thread T_0;
    .scope S_0x7fab3550a880;
T_1 ;
    %wait E_0x7fab35505470;
    %load/vec4 v0x7fab35526420_0;
    %flag_set/vec4 8;
    %jmp/0xz  T_1.0, 8;
    %pushi/vec4 1, 0, 5;
    %store/vec4 v0x7fab355264c0_0, 0, 5;
    %jmp T_1.1;
T_1.0 ;
    %load/vec4 v0x7fab355264c0_0;
    %cmpi/u 20, 0, 5;
    %flag_or 5, 4; GT is !LE
    %flag_inv 5;
    %flag_mov 8, 5;
    %jmp/0 T_1.2, 8;
    %pushi/vec4 1, 0, 5;
    %jmp/1 T_1.3, 8;
T_1.2 ; End of true expr.
    %load/vec4 v0x7fab355264c0_0;
    %addi 1, 0, 5;
    %jmp/0 T_1.3, 8;
 ; End of false expr.
    %blend;
T_1.3;
    %store/vec4 v0x7fab355264c0_0, 0, 5;
    %load/vec4 v0x7fab35526580_0;
    %dup/vec4;
    %pushi/vec4 4, 0, 5;
    %cmp/u;
    %jmp/1 T_1.4, 6;
    %dup/vec4;
    %pushi/vec4 6, 0, 5;
    %cmp/u;
    %jmp/1 T_1.5, 6;
    %dup/vec4;
    %pushi/vec4 8, 0, 5;
    %cmp/u;
    %jmp/1 T_1.6, 6;
    %dup/vec4;
    %pushi/vec4 10, 0, 5;
    %cmp/u;
    %jmp/1 T_1.7, 6;
    %dup/vec4;
    %pushi/vec4 12, 0, 5;
    %cmp/u;
    %jmp/1 T_1.8, 6;
    %dup/vec4;
    %pushi/vec4 20, 0, 5;
    %cmp/u;
    %jmp/1 T_1.9, 6;
    %pushi/vec4 1, 0, 5;
    %store/vec4 v0x7fab355264c0_0, 0, 5;
    %jmp T_1.11;
T_1.4 ;
    %load/vec4 v0x7fab355264c0_0;
    %pad/u 32;
    %pushi/vec4 4, 0, 32;
    %mod;
    %addi 1, 0, 32;
    %pad/u 5;
    %store/vec4 v0x7fab355264c0_0, 0, 5;
    %jmp T_1.11;
T_1.5 ;
    %load/vec4 v0x7fab355264c0_0;
    %pad/u 32;
    %pushi/vec4 6, 0, 32;
    %mod;
    %addi 1, 0, 32;
    %pad/u 5;
    %store/vec4 v0x7fab355264c0_0, 0, 5;
    %jmp T_1.11;
T_1.6 ;
    %load/vec4 v0x7fab355264c0_0;
    %pad/u 32;
    %pushi/vec4 8, 0, 32;
    %mod;
    %addi 1, 0, 32;
    %pad/u 5;
    %store/vec4 v0x7fab355264c0_0, 0, 5;
    %jmp T_1.11;
T_1.7 ;
    %load/vec4 v0x7fab355264c0_0;
    %pad/u 32;
    %pushi/vec4 10, 0, 32;
    %mod;
    %addi 1, 0, 32;
    %pad/u 5;
    %store/vec4 v0x7fab355264c0_0, 0, 5;
    %jmp T_1.11;
T_1.8 ;
    %load/vec4 v0x7fab355264c0_0;
    %pad/u 32;
    %pushi/vec4 12, 0, 32;
    %mod;
    %addi 1, 0, 32;
    %pad/u 5;
    %store/vec4 v0x7fab355264c0_0, 0, 5;
    %jmp T_1.11;
T_1.9 ;
    %load/vec4 v0x7fab355264c0_0;
    %pad/u 32;
    %pushi/vec4 20, 0, 32;
    %mod;
    %addi 1, 0, 32;
    %pad/u 5;
    %store/vec4 v0x7fab355264c0_0, 0, 5;
    %jmp T_1.11;
T_1.11 ;
    %pop/vec4 1;
T_1.1 ;
    %jmp T_1;
    .thread T_1;
    .scope S_0x7fab3550a710;
T_2 ;
    %delay 5, 0;
    %load/vec4 v0x7fab35526690_0;
    %inv;
    %store/vec4 v0x7fab35526690_0, 0, 1;
    %jmp T_2;
    .thread T_2;
    .scope S_0x7fab3550a710;
T_3 ;
    %pushi/vec4 0, 0, 1;
    %store/vec4 v0x7fab35526690_0, 0, 1;
    %pushi/vec4 0, 0, 1;
    %store/vec4 v0x7fab35526890_0, 0, 1;
    %pushi/vec4 676, 0, 32;
    %store/vec4 v0x7fab35526a10_0, 0, 32;
    %pushi/vec4 0, 0, 5;
    %store/vec4 v0x7fab35526ab0_0, 0, 5;
    %vpi_call 2 43 "$write", "\012testing the dice\012" {0 0 0};
    %pushi/vec4 0, 0, 32;
    %store/vec4 v0x7fab355267d0_0, 0, 32;
T_3.0 ;
    %load/vec4 v0x7fab355267d0_0;
    %cmpi/s 10, 0, 32;
    %jmp/0xz T_3.1, 5;
    %vpi_call 2 46 "$write", "\012\011--> rep{ %3d}\012\012", v0x7fab355267d0_0 {0 0 0};
    %pushi/vec4 0, 0, 5;
    %store/vec4 v0x7fab35526ab0_0, 0, 5;
    %vpi_func 2 49 "$urandom" 32, v0x7fab35526a10_0 {0 0 0};
    %pushi/vec4 111, 0, 32;
    %mod;
    %store/vec4 v0x7fab35526730_0, 0, 32;
    %load/vec4 v0x7fab35526730_0;
    %pad/s 64;
    %muli 1, 0, 64;
    %ix/vec4 4;
    %delayx 4;
    %vpi_call 2 51 "$write", "dice_unknown :   %2d\012", v0x7fab35526940_0 {0 0 0};
    %pushi/vec4 4, 0, 5;
    %store/vec4 v0x7fab35526ab0_0, 0, 5;
    %vpi_func 2 54 "$urandom" 32, v0x7fab35526a10_0 {0 0 0};
    %pushi/vec4 111, 0, 32;
    %mod;
    %store/vec4 v0x7fab35526730_0, 0, 32;
    %load/vec4 v0x7fab35526730_0;
    %pad/s 64;
    %muli 1, 0, 64;
    %ix/vec4 4;
    %delayx 4;
    %vpi_call 2 56 "$write", "dice4 :   %2d\012", v0x7fab35526940_0 {0 0 0};
    %pushi/vec4 6, 0, 5;
    %store/vec4 v0x7fab35526ab0_0, 0, 5;
    %vpi_func 2 59 "$urandom" 32, v0x7fab35526a10_0 {0 0 0};
    %pushi/vec4 111, 0, 32;
    %mod;
    %store/vec4 v0x7fab35526730_0, 0, 32;
    %load/vec4 v0x7fab35526730_0;
    %pad/s 64;
    %muli 1, 0, 64;
    %ix/vec4 4;
    %delayx 4;
    %vpi_call 2 61 "$write", "dice6 :   %2d\012", v0x7fab35526940_0 {0 0 0};
    %pushi/vec4 8, 0, 5;
    %store/vec4 v0x7fab35526ab0_0, 0, 5;
    %vpi_func 2 65 "$urandom" 32, v0x7fab35526a10_0 {0 0 0};
    %pushi/vec4 111, 0, 32;
    %mod;
    %store/vec4 v0x7fab35526730_0, 0, 32;
    %load/vec4 v0x7fab35526730_0;
    %pad/s 64;
    %muli 1, 0, 64;
    %ix/vec4 4;
    %delayx 4;
    %vpi_call 2 67 "$write", "dice8 :   %2d\012", v0x7fab35526940_0 {0 0 0};
    %pushi/vec4 10, 0, 5;
    %store/vec4 v0x7fab35526ab0_0, 0, 5;
    %vpi_func 2 70 "$urandom" 32, v0x7fab35526a10_0 {0 0 0};
    %pushi/vec4 111, 0, 32;
    %mod;
    %store/vec4 v0x7fab35526730_0, 0, 32;
    %load/vec4 v0x7fab35526730_0;
    %pad/s 64;
    %muli 1, 0, 64;
    %ix/vec4 4;
    %delayx 4;
    %vpi_call 2 72 "$write", "dice10 :  %2d\012", v0x7fab35526940_0 {0 0 0};
    %pushi/vec4 12, 0, 5;
    %store/vec4 v0x7fab35526ab0_0, 0, 5;
    %vpi_func 2 75 "$urandom" 32, v0x7fab35526a10_0 {0 0 0};
    %pushi/vec4 111, 0, 32;
    %mod;
    %store/vec4 v0x7fab35526730_0, 0, 32;
    %load/vec4 v0x7fab35526730_0;
    %pad/s 64;
    %muli 1, 0, 64;
    %ix/vec4 4;
    %delayx 4;
    %vpi_call 2 77 "$write", "dice12 :  %2d\012", v0x7fab35526940_0 {0 0 0};
    %pushi/vec4 20, 0, 5;
    %store/vec4 v0x7fab35526ab0_0, 0, 5;
    %vpi_func 2 80 "$urandom" 32, v0x7fab35526a10_0 {0 0 0};
    %pushi/vec4 111, 0, 32;
    %mod;
    %store/vec4 v0x7fab35526730_0, 0, 32;
    %load/vec4 v0x7fab35526730_0;
    %pad/s 64;
    %muli 1, 0, 64;
    %ix/vec4 4;
    %delayx 4;
    %vpi_call 2 82 "$write", "dice20 :  %2d\012", v0x7fab35526940_0 {0 0 0};
    %load/vec4 v0x7fab355267d0_0;
    %addi 1, 0, 32;
    %store/vec4 v0x7fab355267d0_0, 0, 32;
    %jmp T_3.0;
T_3.1 ;
    %vpi_call 2 85 "$write", "\012\012\011\011 ~ ~ ~ TEST COMPLETE ~ ~ ~    %4t ns\012\012", $time {0 0 0};
    %vpi_call 2 86 "$finish" {0 0 0};
    %end;
    .thread T_3;
# The file index is used to find the file name in the following table.
:file_names 3;
    "N/A";
    "<interactive>";
    "comb.sv";
