#! /usr/local/Cellar/icarus-verilog/11.0/bin/vvp
:ivl_version "11.0 (stable)";
:ivl_delay_selection "TYPICAL";
:vpi_time_precision + 0;
:vpi_module "/usr/local/Cellar/icarus-verilog/11.0/lib/ivl/system.vpi";
:vpi_module "/usr/local/Cellar/icarus-verilog/11.0/lib/ivl/vhdl_sys.vpi";
:vpi_module "/usr/local/Cellar/icarus-verilog/11.0/lib/ivl/vhdl_textio.vpi";
:vpi_module "/usr/local/Cellar/icarus-verilog/11.0/lib/ivl/v2005_math.vpi";
:vpi_module "/usr/local/Cellar/icarus-verilog/11.0/lib/ivl/va_math.vpi";
S_0x7fd396d019d0 .scope module, "tb" "tb" 2 15;
 .timescale 0 0;
v0x7fd396d24330_0 .var "exp_A", 7 0;
v0x7fd396d243f0_0 .var "exp_B", 7 0;
v0x7fd396d24490_0 .var "flt_A", 22 0;
v0x7fd396d24520_0 .var "flt_B", 22 0;
v0x7fd396d245d0_0 .var "grs_A", 2 0;
v0x7fd396d246c0_0 .var "grs_B", 2 0;
v0x7fd396d24770_0 .var "hid_A", 0 0;
v0x7fd396d24810_0 .var "hid_B", 0 0;
v0x7fd396d248b0_0 .var/real "num_A", 0 0;
v0x7fd396d249c0_0 .var "sign_A", 0 0;
v0x7fd396d24a50_0 .var "sign_B", 0 0;
S_0x7fd396d14310 .scope autotask, "getReal" "getReal" 2 91, 2 91 0, S_0x7fd396d019d0;
 .timescale 0 0;
v0x7fd396d0c8d0_0 .var "exp", 7 0;
v0x7fd396d23c30_0 .var/real "expMap", 0 0;
v0x7fd396d23cd0_0 .var/real "floatMap", 0 0;
v0x7fd396d23d60_0 .var "flt", 22 0;
v0x7fd396d23e10_0 .var "grs", 2 0;
v0x7fd396d23f00_0 .var "hid", 0 0;
v0x7fd396d23fa0_0 .var/i "idx", 31 0;
v0x7fd396d24050_0 .var/real "num", 0 0;
v0x7fd396d240f0_0 .var "sign", 0 0;
v0x7fd396d24200_0 .var/real "signMap", 0 0;
v0x7fd396d24290_0 .var/real "temp_exp", 0 0;
TD_tb.getReal ;
    %pushi/real 0, 4065; load=0.00000
    %store/real v0x7fd396d23c30_0;
    %pushi/real 0, 4065; load=0.00000
    %store/real v0x7fd396d24200_0;
    %pushi/real 0, 4065; load=0.00000
    %store/real v0x7fd396d23cd0_0;
    %load/vec4 v0x7fd396d240f0_0;
    %cmpi/e 0, 0, 1;
    %flag_mov 8, 4;
    %jmp/0 T_0.0, 8;
    %pushi/vec4 1, 0, 32;
    %jmp/1 T_0.1, 8;
T_0.0 ; End of true expr.
    %pushi/vec4 4294967295, 0, 32;
    %jmp/0 T_0.1, 8;
 ; End of false expr.
    %blend;
T_0.1;
    %cvt/rv/s;
    %store/real v0x7fd396d24200_0;
    %load/vec4 v0x7fd396d0c8d0_0;
    %pad/u 32;
    %subi 127, 0, 32;
    %cvt/rv;
    %store/real v0x7fd396d23c30_0;
    %pushi/vec4 0, 0, 32;
    %store/vec4 v0x7fd396d23fa0_0, 0, 32;
T_0.2 ;
    %load/vec4 v0x7fd396d23fa0_0;
    %cmpi/s 23, 0, 32;
    %jmp/0xz T_0.3, 5;
    %pushi/real 0, 4065; load=0.00000
    %store/real v0x7fd396d24290_0;
    %load/vec4 v0x7fd396d23d60_0;
    %load/vec4 v0x7fd396d23fa0_0;
    %part/s 1;
    %cmpi/e 1, 0, 1;
    %jmp/0xz  T_0.4, 4;
    %load/vec4 v0x7fd396d23fa0_0;
    %dup/vec4;
    %pushi/vec4 0, 0, 32;
    %cmp/u;
    %jmp/1 T_0.6, 6;
    %dup/vec4;
    %pushi/vec4 1, 0, 32;
    %cmp/u;
    %jmp/1 T_0.7, 6;
    %dup/vec4;
    %pushi/vec4 2, 0, 32;
    %cmp/u;
    %jmp/1 T_0.8, 6;
    %dup/vec4;
    %pushi/vec4 3, 0, 32;
    %cmp/u;
    %jmp/1 T_0.9, 6;
    %dup/vec4;
    %pushi/vec4 4, 0, 32;
    %cmp/u;
    %jmp/1 T_0.10, 6;
    %dup/vec4;
    %pushi/vec4 5, 0, 32;
    %cmp/u;
    %jmp/1 T_0.11, 6;
    %dup/vec4;
    %pushi/vec4 6, 0, 32;
    %cmp/u;
    %jmp/1 T_0.12, 6;
    %dup/vec4;
    %pushi/vec4 7, 0, 32;
    %cmp/u;
    %jmp/1 T_0.13, 6;
    %dup/vec4;
    %pushi/vec4 8, 0, 32;
    %cmp/u;
    %jmp/1 T_0.14, 6;
    %dup/vec4;
    %pushi/vec4 9, 0, 32;
    %cmp/u;
    %jmp/1 T_0.15, 6;
    %dup/vec4;
    %pushi/vec4 10, 0, 32;
    %cmp/u;
    %jmp/1 T_0.16, 6;
    %dup/vec4;
    %pushi/vec4 11, 0, 32;
    %cmp/u;
    %jmp/1 T_0.17, 6;
    %dup/vec4;
    %pushi/vec4 12, 0, 32;
    %cmp/u;
    %jmp/1 T_0.18, 6;
    %dup/vec4;
    %pushi/vec4 13, 0, 32;
    %cmp/u;
    %jmp/1 T_0.19, 6;
    %dup/vec4;
    %pushi/vec4 14, 0, 32;
    %cmp/u;
    %jmp/1 T_0.20, 6;
    %dup/vec4;
    %pushi/vec4 15, 0, 32;
    %cmp/u;
    %jmp/1 T_0.21, 6;
    %dup/vec4;
    %pushi/vec4 16, 0, 32;
    %cmp/u;
    %jmp/1 T_0.22, 6;
    %dup/vec4;
    %pushi/vec4 17, 0, 32;
    %cmp/u;
    %jmp/1 T_0.23, 6;
    %dup/vec4;
    %pushi/vec4 18, 0, 32;
    %cmp/u;
    %jmp/1 T_0.24, 6;
    %dup/vec4;
    %pushi/vec4 19, 0, 32;
    %cmp/u;
    %jmp/1 T_0.25, 6;
    %dup/vec4;
    %pushi/vec4 20, 0, 32;
    %cmp/u;
    %jmp/1 T_0.26, 6;
    %dup/vec4;
    %pushi/vec4 21, 0, 32;
    %cmp/u;
    %jmp/1 T_0.27, 6;
    %dup/vec4;
    %pushi/vec4 21, 0, 32;
    %cmp/u;
    %jmp/1 T_0.28, 6;
    %jmp T_0.29;
T_0.6 ;
    %pushi/real 1073741824, 4089; load=8.38861e+06
    %store/real v0x7fd396d24290_0;
    %jmp T_0.29;
T_0.7 ;
    %pushi/real 1073741824, 4088; load=4.19430e+06
    %store/real v0x7fd396d24290_0;
    %jmp T_0.29;
T_0.8 ;
    %pushi/real 1073741824, 4087; load=2.09715e+06
    %store/real v0x7fd396d24290_0;
    %jmp T_0.29;
T_0.9 ;
    %pushi/real 1073741824, 4086; load=1.04858e+06
    %store/real v0x7fd396d24290_0;
    %jmp T_0.29;
T_0.10 ;
    %pushi/real 1073741824, 4085; load=524288.
    %store/real v0x7fd396d24290_0;
    %jmp T_0.29;
T_0.11 ;
    %pushi/real 1073741824, 4084; load=262144.
    %store/real v0x7fd396d24290_0;
    %jmp T_0.29;
T_0.12 ;
    %pushi/real 1073741824, 4083; load=131072.
    %store/real v0x7fd396d24290_0;
    %jmp T_0.29;
T_0.13 ;
    %pushi/real 1073741824, 4082; load=65536.0
    %store/real v0x7fd396d24290_0;
    %jmp T_0.29;
T_0.14 ;
    %pushi/real 1073741824, 4081; load=32768.0
    %store/real v0x7fd396d24290_0;
    %jmp T_0.29;
T_0.15 ;
    %pushi/real 1073741824, 4080; load=16384.0
    %store/real v0x7fd396d24290_0;
    %jmp T_0.29;
T_0.16 ;
    %pushi/real 1073741824, 4079; load=8192.00
    %store/real v0x7fd396d24290_0;
    %jmp T_0.29;
T_0.17 ;
    %pushi/real 1073741824, 4078; load=4096.00
    %store/real v0x7fd396d24290_0;
    %jmp T_0.29;
T_0.18 ;
    %pushi/real 1073741824, 4077; load=2048.00
    %store/real v0x7fd396d24290_0;
    %jmp T_0.29;
T_0.19 ;
    %pushi/real 1073741824, 4076; load=1024.00
    %store/real v0x7fd396d24290_0;
    %jmp T_0.29;
T_0.20 ;
    %pushi/real 1073741824, 4075; load=512.000
    %store/real v0x7fd396d24290_0;
    %jmp T_0.29;
T_0.21 ;
    %pushi/real 1073741824, 4074; load=256.000
    %store/real v0x7fd396d24290_0;
    %jmp T_0.29;
T_0.22 ;
    %pushi/real 1073741824, 4073; load=128.000
    %store/real v0x7fd396d24290_0;
    %jmp T_0.29;
T_0.23 ;
    %pushi/real 1073741824, 4072; load=64.0000
    %store/real v0x7fd396d24290_0;
    %jmp T_0.29;
T_0.24 ;
    %pushi/real 1073741824, 4071; load=32.0000
    %store/real v0x7fd396d24290_0;
    %jmp T_0.29;
T_0.25 ;
    %pushi/real 1073741824, 4070; load=16.0000
    %store/real v0x7fd396d24290_0;
    %jmp T_0.29;
T_0.26 ;
    %pushi/real 1073741824, 4069; load=8.00000
    %store/real v0x7fd396d24290_0;
    %jmp T_0.29;
T_0.27 ;
    %pushi/real 1073741824, 4068; load=4.00000
    %store/real v0x7fd396d24290_0;
    %jmp T_0.29;
T_0.28 ;
    %pushi/real 1073741824, 4067; load=2.00000
    %store/real v0x7fd396d24290_0;
    %jmp T_0.29;
T_0.29 ;
    %pop/vec4 1;
    %load/real v0x7fd396d23cd0_0;
    %pushi/vec4 1, 0, 32;
    %cvt/rv/s;
    %load/real v0x7fd396d24290_0;
    %div/wr;
    %add/wr;
    %store/real v0x7fd396d23cd0_0;
T_0.4 ;
    %load/vec4 v0x7fd396d23fa0_0;
    %addi 1, 0, 32;
    %store/vec4 v0x7fd396d23fa0_0, 0, 32;
    %jmp T_0.2;
T_0.3 ;
    %load/vec4 v0x7fd396d23f00_0;
    %cmpi/e 1, 0, 1;
    %jmp/0xz  T_0.30, 4;
    %pushi/vec4 1, 0, 32;
    %cvt/rv/s;
    %load/real v0x7fd396d23cd0_0;
    %add/wr;
    %store/real v0x7fd396d23cd0_0;
T_0.30 ;
    %load/real v0x7fd396d24200_0;
    %pushi/vec4 2, 0, 32;
    %cvt/rv/s;
    %load/real v0x7fd396d23c30_0;
    %pow/wr;
    %mul/wr;
    %load/real v0x7fd396d23cd0_0;
    %mul/wr;
    %store/real v0x7fd396d24050_0;
    %vpi_call 2 152 "$write", "\012%0.11f\012", v0x7fd396d24050_0 {0 0 0};
    %end;
    .scope S_0x7fd396d019d0;
T_1 ;
    %pushi/vec4 1, 0, 1;
    %store/vec4 v0x7fd396d249c0_0, 0, 1;
    %pushi/vec4 128, 0, 8;
    %store/vec4 v0x7fd396d24330_0, 0, 8;
    %pushi/vec4 1, 0, 1;
    %store/vec4 v0x7fd396d24770_0, 0, 1;
    %pushi/vec4 6291487, 0, 23;
    %store/vec4 v0x7fd396d24490_0, 0, 23;
    %pushi/vec4 0, 0, 3;
    %store/vec4 v0x7fd396d245d0_0, 0, 3;
    %alloc S_0x7fd396d14310;
    %load/vec4 v0x7fd396d249c0_0;
    %store/vec4 v0x7fd396d240f0_0, 0, 1;
    %load/vec4 v0x7fd396d24330_0;
    %store/vec4 v0x7fd396d0c8d0_0, 0, 8;
    %load/vec4 v0x7fd396d24770_0;
    %store/vec4 v0x7fd396d23f00_0, 0, 1;
    %load/vec4 v0x7fd396d24490_0;
    %store/vec4 v0x7fd396d23d60_0, 0, 23;
    %load/vec4 v0x7fd396d245d0_0;
    %store/vec4 v0x7fd396d23e10_0, 0, 3;
    %fork TD_tb.getReal, S_0x7fd396d14310;
    %join;
    %load/real v0x7fd396d24050_0;
    %store/real v0x7fd396d248b0_0;
    %free S_0x7fd396d14310;
    %vpi_call 2 40 "$write", "\012%f\012", v0x7fd396d248b0_0 {0 0 0};
    %pushi/vec4 1, 0, 1;
    %store/vec4 v0x7fd396d24a50_0, 0, 1;
    %pushi/vec4 130, 0, 8;
    %store/vec4 v0x7fd396d243f0_0, 0, 8;
    %pushi/vec4 1, 0, 1;
    %store/vec4 v0x7fd396d24810_0, 0, 1;
    %pushi/vec4 7340057, 0, 23;
    %store/vec4 v0x7fd396d24520_0, 0, 23;
    %pushi/vec4 0, 0, 3;
    %store/vec4 v0x7fd396d246c0_0, 0, 3;
    %vpi_call 2 87 "$write", "\012\012\011\011 ~ ~ ~ TEST COMPLETE ~ ~ ~\012\012" {0 0 0};
    %vpi_call 2 88 "$finish" {0 0 0};
    %end;
    .thread T_1;
# The file index is used to find the file name in the following table.
:file_names 3;
    "N/A";
    "<interactive>";
    "float_add.sv";
