#! /usr/local/Cellar/icarus-verilog/11.0/bin/vvp
:ivl_version "11.0 (stable)";
:ivl_delay_selection "TYPICAL";
:vpi_time_precision - 9;
:vpi_module "/usr/local/Cellar/icarus-verilog/11.0/lib/ivl/system.vpi";
:vpi_module "/usr/local/Cellar/icarus-verilog/11.0/lib/ivl/vhdl_sys.vpi";
:vpi_module "/usr/local/Cellar/icarus-verilog/11.0/lib/ivl/vhdl_textio.vpi";
:vpi_module "/usr/local/Cellar/icarus-verilog/11.0/lib/ivl/v2005_math.vpi";
:vpi_module "/usr/local/Cellar/icarus-verilog/11.0/lib/ivl/va_math.vpi";
S_0x7fdf29c08190 .scope module, "tb" "tb" 2 8;
 .timescale -9 -9;
v0x7fdf29c27ec0_0 .var "clock", 0 0;
v0x7fdf29c27f60_0 .var/i "idx", 31 0;
v0x7fdf29c28000_0 .var "reset", 0 0;
v0x7fdf29c280d0_0 .var "x_in", 0 0;
v0x7fdf29c28180_0 .net "z_out", 0 0, v0x7fdf29c27de0_0;  1 drivers
S_0x7fdf29c08300 .scope module, "DUT" "fsm" 2 16, 2 63 0, S_0x7fdf29c08190;
 .timescale -9 -9;
    .port_info 0 /OUTPUT 1 "z_out";
    .port_info 1 /INPUT 1 "x_in";
    .port_info 2 /INPUT 1 "reset";
    .port_info 3 /INPUT 1 "clock";
P_0x7fdf29c17e70 .param/l "s0" 0 2 70, C4<000>;
P_0x7fdf29c17eb0 .param/l "s1" 0 2 71, C4<001>;
P_0x7fdf29c17ef0 .param/l "s2" 0 2 72, C4<010>;
P_0x7fdf29c17f30 .param/l "s3" 0 2 73, C4<011>;
P_0x7fdf29c17f70 .param/l "s4" 0 2 74, C4<100>;
P_0x7fdf29c17fb0 .param/l "s5" 0 2 75, C4<101>;
P_0x7fdf29c17ff0 .param/l "s6" 0 2 76, C4<110>;
v0x7fdf29c04720_0 .net "clock", 0 0, v0x7fdf29c27ec0_0;  1 drivers
v0x7fdf29c27af0_0 .var "n_state", 2 0;
v0x7fdf29c27ba0_0 .net "reset", 0 0, v0x7fdf29c28000_0;  1 drivers
v0x7fdf29c27c50_0 .var "state", 2 0;
v0x7fdf29c27d00_0 .net "x_in", 0 0, v0x7fdf29c280d0_0;  1 drivers
v0x7fdf29c27de0_0 .var "z_out", 0 0;
E_0x7fdf29c05600 .event edge, v0x7fdf29c27c50_0, v0x7fdf29c27d00_0;
E_0x7fdf29c16340 .event posedge, v0x7fdf29c04720_0;
    .scope S_0x7fdf29c08300;
T_0 ;
    %pushi/vec4 0, 0, 3;
    %store/vec4 v0x7fdf29c27c50_0, 0, 3;
    %pushi/vec4 0, 0, 3;
    %store/vec4 v0x7fdf29c27af0_0, 0, 3;
    %pushi/vec4 0, 0, 1;
    %store/vec4 v0x7fdf29c27de0_0, 0, 1;
    %end;
    .thread T_0;
    .scope S_0x7fdf29c08300;
T_1 ;
    %wait E_0x7fdf29c16340;
    %load/vec4 v0x7fdf29c27ba0_0;
    %cmpi/e 1, 0, 1;
    %jmp/0xz  T_1.0, 4;
    %pushi/vec4 0, 0, 3;
    %assign/vec4 v0x7fdf29c27c50_0, 0;
    %pushi/vec4 0, 0, 3;
    %assign/vec4 v0x7fdf29c27af0_0, 0;
    %pushi/vec4 0, 0, 1;
    %assign/vec4 v0x7fdf29c27de0_0, 0;
    %jmp T_1.1;
T_1.0 ;
    %load/vec4 v0x7fdf29c27af0_0;
    %assign/vec4 v0x7fdf29c27c50_0, 0;
T_1.1 ;
    %jmp T_1;
    .thread T_1;
    .scope S_0x7fdf29c08300;
T_2 ;
    %wait E_0x7fdf29c05600;
    %load/vec4 v0x7fdf29c27ba0_0;
    %cmpi/e 0, 0, 1;
    %jmp/0xz  T_2.0, 4;
    %load/vec4 v0x7fdf29c27c50_0;
    %dup/vec4;
    %pushi/vec4 0, 0, 3;
    %cmp/u;
    %jmp/1 T_2.2, 6;
    %dup/vec4;
    %pushi/vec4 1, 0, 3;
    %cmp/u;
    %jmp/1 T_2.3, 6;
    %dup/vec4;
    %pushi/vec4 2, 0, 3;
    %cmp/u;
    %jmp/1 T_2.4, 6;
    %dup/vec4;
    %pushi/vec4 3, 0, 3;
    %cmp/u;
    %jmp/1 T_2.5, 6;
    %dup/vec4;
    %pushi/vec4 4, 0, 3;
    %cmp/u;
    %jmp/1 T_2.6, 6;
    %dup/vec4;
    %pushi/vec4 5, 0, 3;
    %cmp/u;
    %jmp/1 T_2.7, 6;
    %dup/vec4;
    %pushi/vec4 6, 0, 3;
    %cmp/u;
    %jmp/1 T_2.8, 6;
    %pushi/vec4 0, 0, 1;
    %store/vec4 v0x7fdf29c27de0_0, 0, 1;
    %pushi/vec4 0, 0, 3;
    %store/vec4 v0x7fdf29c27af0_0, 0, 3;
    %jmp T_2.10;
T_2.2 ;
    %load/vec4 v0x7fdf29c27d00_0;
    %cmpi/e 0, 0, 1;
    %flag_mov 8, 4;
    %jmp/0 T_2.11, 8;
    %pushi/vec4 1, 0, 1;
    %jmp/1 T_2.12, 8;
T_2.11 ; End of true expr.
    %pushi/vec4 0, 0, 1;
    %jmp/0 T_2.12, 8;
 ; End of false expr.
    %blend;
T_2.12;
    %store/vec4 v0x7fdf29c27de0_0, 0, 1;
    %load/vec4 v0x7fdf29c27d00_0;
    %cmpi/e 0, 0, 1;
    %flag_mov 8, 4;
    %jmp/0 T_2.13, 8;
    %pushi/vec4 1, 0, 3;
    %jmp/1 T_2.14, 8;
T_2.13 ; End of true expr.
    %pushi/vec4 2, 0, 3;
    %jmp/0 T_2.14, 8;
 ; End of false expr.
    %blend;
T_2.14;
    %store/vec4 v0x7fdf29c27af0_0, 0, 3;
    %jmp T_2.10;
T_2.3 ;
    %load/vec4 v0x7fdf29c27d00_0;
    %cmpi/e 0, 0, 1;
    %flag_mov 8, 4;
    %jmp/0 T_2.15, 8;
    %pushi/vec4 1, 0, 1;
    %jmp/1 T_2.16, 8;
T_2.15 ; End of true expr.
    %pushi/vec4 0, 0, 1;
    %jmp/0 T_2.16, 8;
 ; End of false expr.
    %blend;
T_2.16;
    %store/vec4 v0x7fdf29c27de0_0, 0, 1;
    %load/vec4 v0x7fdf29c27d00_0;
    %cmpi/e 0, 0, 1;
    %flag_mov 8, 4;
    %jmp/0 T_2.17, 8;
    %pushi/vec4 3, 0, 3;
    %jmp/1 T_2.18, 8;
T_2.17 ; End of true expr.
    %pushi/vec4 4, 0, 3;
    %jmp/0 T_2.18, 8;
 ; End of false expr.
    %blend;
T_2.18;
    %store/vec4 v0x7fdf29c27af0_0, 0, 3;
    %jmp T_2.10;
T_2.4 ;
    %load/vec4 v0x7fdf29c27d00_0;
    %cmpi/e 0, 0, 1;
    %flag_mov 8, 4;
    %jmp/0 T_2.19, 8;
    %pushi/vec4 0, 0, 1;
    %jmp/1 T_2.20, 8;
T_2.19 ; End of true expr.
    %pushi/vec4 1, 0, 1;
    %jmp/0 T_2.20, 8;
 ; End of false expr.
    %blend;
T_2.20;
    %store/vec4 v0x7fdf29c27de0_0, 0, 1;
    %pushi/vec4 4, 0, 3;
    %store/vec4 v0x7fdf29c27af0_0, 0, 3;
    %jmp T_2.10;
T_2.5 ;
    %load/vec4 v0x7fdf29c27d00_0;
    %cmpi/e 0, 0, 1;
    %flag_mov 8, 4;
    %jmp/0 T_2.21, 8;
    %pushi/vec4 0, 0, 1;
    %jmp/1 T_2.22, 8;
T_2.21 ; End of true expr.
    %pushi/vec4 1, 0, 1;
    %jmp/0 T_2.22, 8;
 ; End of false expr.
    %blend;
T_2.22;
    %store/vec4 v0x7fdf29c27de0_0, 0, 1;
    %pushi/vec4 5, 0, 3;
    %store/vec4 v0x7fdf29c27af0_0, 0, 3;
    %jmp T_2.10;
T_2.6 ;
    %load/vec4 v0x7fdf29c27d00_0;
    %cmpi/e 0, 0, 1;
    %flag_mov 8, 4;
    %jmp/0 T_2.23, 8;
    %pushi/vec4 1, 0, 1;
    %jmp/1 T_2.24, 8;
T_2.23 ; End of true expr.
    %pushi/vec4 0, 0, 1;
    %jmp/0 T_2.24, 8;
 ; End of false expr.
    %blend;
T_2.24;
    %store/vec4 v0x7fdf29c27de0_0, 0, 1;
    %load/vec4 v0x7fdf29c27d00_0;
    %cmpi/e 0, 0, 1;
    %flag_mov 8, 4;
    %jmp/0 T_2.25, 8;
    %pushi/vec4 5, 0, 3;
    %jmp/1 T_2.26, 8;
T_2.25 ; End of true expr.
    %pushi/vec4 6, 0, 3;
    %jmp/0 T_2.26, 8;
 ; End of false expr.
    %blend;
T_2.26;
    %store/vec4 v0x7fdf29c27af0_0, 0, 3;
    %jmp T_2.10;
T_2.7 ;
    %load/vec4 v0x7fdf29c27d00_0;
    %cmpi/e 0, 0, 1;
    %flag_mov 8, 4;
    %jmp/0 T_2.27, 8;
    %pushi/vec4 0, 0, 1;
    %jmp/1 T_2.28, 8;
T_2.27 ; End of true expr.
    %pushi/vec4 1, 0, 1;
    %jmp/0 T_2.28, 8;
 ; End of false expr.
    %blend;
T_2.28;
    %store/vec4 v0x7fdf29c27de0_0, 0, 1;
    %pushi/vec4 0, 0, 3;
    %store/vec4 v0x7fdf29c27af0_0, 0, 3;
    %jmp T_2.10;
T_2.8 ;
    %pushi/vec4 1, 0, 1;
    %store/vec4 v0x7fdf29c27de0_0, 0, 1;
    %pushi/vec4 0, 0, 3;
    %store/vec4 v0x7fdf29c27af0_0, 0, 3;
    %jmp T_2.10;
T_2.10 ;
    %pop/vec4 1;
    %load/vec4 v0x7fdf29c27ba0_0;
    %cmpi/ne 1, 0, 1;
    %jmp/0xz  T_2.29, 4;
    %load/vec4 v0x7fdf29c27d00_0;
    %cmpi/e 0, 0, 1;
    %jmp/0xz  T_2.31, 4;
    %vpi_call 2 145 "$write", " %3b   | %3b      |   %1b\012", v0x7fdf29c27c50_0, v0x7fdf29c27af0_0, v0x7fdf29c27de0_0 {0 0 0};
    %jmp T_2.32;
T_2.31 ;
    %vpi_call 2 149 "$write", " %3b   |      %3b |        %1b\012", v0x7fdf29c27c50_0, v0x7fdf29c27af0_0, v0x7fdf29c27de0_0 {0 0 0};
T_2.32 ;
T_2.29 ;
T_2.0 ;
    %jmp T_2;
    .thread T_2, $push;
    .scope S_0x7fdf29c08190;
T_3 ;
    %delay 5, 0;
    %load/vec4 v0x7fdf29c27ec0_0;
    %inv;
    %store/vec4 v0x7fdf29c27ec0_0, 0, 1;
    %jmp T_3;
    .thread T_3;
    .scope S_0x7fdf29c08190;
T_4 ;
    %vpi_call 2 29 "$dumpfile", "wave.vcd" {0 0 0};
    %vpi_call 2 30 "$dumpvars", 32'sb00000000000000000000000000000000, S_0x7fdf29c08190 {0 0 0};
    %vpi_call 2 31 "$write", "\012 test the FSM, provided by table, exp2  ... both loops {x=0, x=1}\012\012" {0 0 0};
    %vpi_call 2 32 "$write", "          n state    output Z\012" {0 0 0};
    %vpi_call 2 33 "$write", " state | x=0  x=1 |  x=0  x=1\012" {0 0 0};
    %vpi_call 2 34 "$write", " ----------------------------------\012" {0 0 0};
    %pushi/vec4 0, 0, 1;
    %store/vec4 v0x7fdf29c280d0_0, 0, 1;
    %pushi/vec4 0, 0, 1;
    %store/vec4 v0x7fdf29c28000_0, 0, 1;
    %pushi/vec4 0, 0, 1;
    %store/vec4 v0x7fdf29c27ec0_0, 0, 1;
    %pushi/vec4 0, 0, 32;
    %store/vec4 v0x7fdf29c27f60_0, 0, 32;
T_4.0 ;
    %load/vec4 v0x7fdf29c27f60_0;
    %cmpi/s 6, 0, 32;
    %jmp/0xz T_4.1, 5;
    %delay 10, 0;
    %load/vec4 v0x7fdf29c27f60_0;
    %addi 1, 0, 32;
    %store/vec4 v0x7fdf29c27f60_0, 0, 32;
    %jmp T_4.0;
T_4.1 ;
    %pushi/vec4 1, 0, 1;
    %store/vec4 v0x7fdf29c28000_0, 0, 1;
    %delay 10, 0;
    %pushi/vec4 0, 0, 1;
    %store/vec4 v0x7fdf29c28000_0, 0, 1;
    %pushi/vec4 1, 0, 1;
    %store/vec4 v0x7fdf29c280d0_0, 0, 1;
    %vpi_call 2 47 "$write", " ----------------------------------\012" {0 0 0};
    %pushi/vec4 0, 0, 32;
    %store/vec4 v0x7fdf29c27f60_0, 0, 32;
T_4.2 ;
    %load/vec4 v0x7fdf29c27f60_0;
    %cmpi/s 6, 0, 32;
    %jmp/0xz T_4.3, 5;
    %delay 10, 0;
    %load/vec4 v0x7fdf29c27f60_0;
    %addi 1, 0, 32;
    %store/vec4 v0x7fdf29c27f60_0, 0, 32;
    %jmp T_4.2;
T_4.3 ;
    %vpi_call 2 53 "$write", "\012\012\011\011 ~ ~ ~ TEST COMPLETE ~ ~ ~\012\012" {0 0 0};
    %vpi_call 2 54 "$finish" {0 0 0};
    %end;
    .thread T_4;
# The file index is used to find the file name in the following table.
:file_names 3;
    "N/A";
    "<interactive>";
    "exp2.v";
