#! /usr/local/Cellar/icarus-verilog/11.0/bin/vvp
:ivl_version "11.0 (stable)";
:ivl_delay_selection "TYPICAL";
:vpi_time_precision - 10;
:vpi_module "/usr/local/Cellar/icarus-verilog/11.0/lib/ivl/system.vpi";
:vpi_module "/usr/local/Cellar/icarus-verilog/11.0/lib/ivl/vhdl_sys.vpi";
:vpi_module "/usr/local/Cellar/icarus-verilog/11.0/lib/ivl/vhdl_textio.vpi";
:vpi_module "/usr/local/Cellar/icarus-verilog/11.0/lib/ivl/v2005_math.vpi";
:vpi_module "/usr/local/Cellar/icarus-verilog/11.0/lib/ivl/va_math.vpi";
S_0x7fcbcdd12f70 .scope module, "tb" "tb" 2 17;
 .timescale -9 -10;
v0x7fcbcdd23e60_0 .net "SO", 0 0, v0x7fcbcdd230a0_0;  1 drivers
v0x7fcbcdd23f20_0 .net "UO", 0 0, v0x7fcbcdd232a0_0;  1 drivers
v0x7fcbcdd23fb0_0 .var/i "idx", 31 0;
v0x7fcbcdd24040_0 .var "inA", 3 0;
v0x7fcbcdd240f0_0 .var "inB", 3 0;
v0x7fcbcdd241c0_0 .net "outY", 3 0, v0x7fcbcdd22fb0_0;  1 drivers
v0x7fcbcdd24270_0 .var "selt", 2 0;
v0x7fcbcdd24320_0 .var "temp", 4 0;
S_0x7fcbcdd130e0 .scope module, "DUT" "imp_alu" 2 28, 2 433 0, S_0x7fcbcdd12f70;
 .timescale -9 -10;
    .port_info 0 /OUTPUT 4 "out_y";
    .port_info 1 /OUTPUT 1 "s_o";
    .port_info 2 /OUTPUT 1 "u_o";
    .port_info 3 /INPUT 4 "in_a";
    .port_info 4 /INPUT 4 "in_b";
    .port_info 5 /INPUT 3 "sel";
v0x7fcbcdd13310_0 .var "catch", 2 0;
v0x7fcbcdd22dc0_0 .net "in_a", 3 0, v0x7fcbcdd24040_0;  1 drivers
v0x7fcbcdd22e60_0 .net "in_b", 3 0, v0x7fcbcdd240f0_0;  1 drivers
v0x7fcbcdd22f10_0 .var "out_c3", 0 0;
v0x7fcbcdd22fb0_0 .var "out_y", 3 0;
v0x7fcbcdd230a0_0 .var "s_o", 0 0;
v0x7fcbcdd23140_0 .net "sel", 2 0, v0x7fcbcdd24270_0;  1 drivers
v0x7fcbcdd231f0_0 .var "temp", 4 0;
v0x7fcbcdd232a0_0 .var "u_o", 0 0;
E_0x7fcbcdd12d30/0 .event edge, v0x7fcbcdd23140_0, v0x7fcbcdd22dc0_0, v0x7fcbcdd22e60_0, v0x7fcbcdd231f0_0;
E_0x7fcbcdd12d30/1 .event edge, v0x7fcbcdd22f10_0;
E_0x7fcbcdd12d30 .event/or E_0x7fcbcdd12d30/0, E_0x7fcbcdd12d30/1;
S_0x7fcbcdd23430 .scope autotask, "disp_vals" "disp_vals" 2 343, 2 343 0, S_0x7fcbcdd12f70;
 .timescale -9 -10;
v0x7fcbcdd235f0_0 .var/i "intA_s", 31 0;
v0x7fcbcdd23680_0 .var/i "intA_u", 31 0;
v0x7fcbcdd23710_0 .var/i "intB_s", 31 0;
v0x7fcbcdd237b0_0 .var/i "intB_u", 31 0;
v0x7fcbcdd23860_0 .var/i "intY_s", 31 0;
v0x7fcbcdd23950_0 .var/i "intY_u", 31 0;
v0x7fcbcdd23a00_0 .var "regA", 3 0;
v0x7fcbcdd23ab0_0 .var "regB", 3 0;
v0x7fcbcdd23b60_0 .var "regY", 3 0;
v0x7fcbcdd23c70_0 .var "selector", 2 0;
v0x7fcbcdd23d20_0 .var "so", 0 0;
v0x7fcbcdd23dc0_0 .var "uo", 0 0;
TD_tb.disp_vals ;
    %load/vec4 v0x7fcbcdd23a00_0;
    %dup/vec4;
    %pushi/vec4 0, 0, 4;
    %cmp/u;
    %jmp/1 T_0.0, 6;
    %dup/vec4;
    %pushi/vec4 1, 0, 4;
    %cmp/u;
    %jmp/1 T_0.1, 6;
    %dup/vec4;
    %pushi/vec4 2, 0, 4;
    %cmp/u;
    %jmp/1 T_0.2, 6;
    %dup/vec4;
    %pushi/vec4 3, 0, 4;
    %cmp/u;
    %jmp/1 T_0.3, 6;
    %dup/vec4;
    %pushi/vec4 4, 0, 4;
    %cmp/u;
    %jmp/1 T_0.4, 6;
    %dup/vec4;
    %pushi/vec4 5, 0, 4;
    %cmp/u;
    %jmp/1 T_0.5, 6;
    %dup/vec4;
    %pushi/vec4 6, 0, 4;
    %cmp/u;
    %jmp/1 T_0.6, 6;
    %dup/vec4;
    %pushi/vec4 7, 0, 4;
    %cmp/u;
    %jmp/1 T_0.7, 6;
    %dup/vec4;
    %pushi/vec4 8, 0, 4;
    %cmp/u;
    %jmp/1 T_0.8, 6;
    %dup/vec4;
    %pushi/vec4 9, 0, 4;
    %cmp/u;
    %jmp/1 T_0.9, 6;
    %dup/vec4;
    %pushi/vec4 10, 0, 4;
    %cmp/u;
    %jmp/1 T_0.10, 6;
    %dup/vec4;
    %pushi/vec4 11, 0, 4;
    %cmp/u;
    %jmp/1 T_0.11, 6;
    %dup/vec4;
    %pushi/vec4 12, 0, 4;
    %cmp/u;
    %jmp/1 T_0.12, 6;
    %dup/vec4;
    %pushi/vec4 13, 0, 4;
    %cmp/u;
    %jmp/1 T_0.13, 6;
    %dup/vec4;
    %pushi/vec4 14, 0, 4;
    %cmp/u;
    %jmp/1 T_0.14, 6;
    %dup/vec4;
    %pushi/vec4 15, 0, 4;
    %cmp/u;
    %jmp/1 T_0.15, 6;
    %jmp T_0.16;
T_0.0 ;
    %pushi/vec4 0, 0, 32;
    %store/vec4 v0x7fcbcdd23680_0, 0, 32;
    %pushi/vec4 0, 0, 32;
    %store/vec4 v0x7fcbcdd235f0_0, 0, 32;
    %jmp T_0.16;
T_0.1 ;
    %pushi/vec4 1, 0, 32;
    %store/vec4 v0x7fcbcdd23680_0, 0, 32;
    %pushi/vec4 1, 0, 32;
    %store/vec4 v0x7fcbcdd235f0_0, 0, 32;
    %jmp T_0.16;
T_0.2 ;
    %pushi/vec4 2, 0, 32;
    %store/vec4 v0x7fcbcdd23680_0, 0, 32;
    %pushi/vec4 2, 0, 32;
    %store/vec4 v0x7fcbcdd235f0_0, 0, 32;
    %jmp T_0.16;
T_0.3 ;
    %pushi/vec4 3, 0, 32;
    %store/vec4 v0x7fcbcdd23680_0, 0, 32;
    %pushi/vec4 3, 0, 32;
    %store/vec4 v0x7fcbcdd235f0_0, 0, 32;
    %jmp T_0.16;
T_0.4 ;
    %pushi/vec4 4, 0, 32;
    %store/vec4 v0x7fcbcdd23680_0, 0, 32;
    %pushi/vec4 4, 0, 32;
    %store/vec4 v0x7fcbcdd235f0_0, 0, 32;
    %jmp T_0.16;
T_0.5 ;
    %pushi/vec4 5, 0, 32;
    %store/vec4 v0x7fcbcdd23680_0, 0, 32;
    %pushi/vec4 5, 0, 32;
    %store/vec4 v0x7fcbcdd235f0_0, 0, 32;
    %jmp T_0.16;
T_0.6 ;
    %pushi/vec4 6, 0, 32;
    %store/vec4 v0x7fcbcdd23680_0, 0, 32;
    %pushi/vec4 6, 0, 32;
    %store/vec4 v0x7fcbcdd235f0_0, 0, 32;
    %jmp T_0.16;
T_0.7 ;
    %pushi/vec4 7, 0, 32;
    %store/vec4 v0x7fcbcdd23680_0, 0, 32;
    %pushi/vec4 7, 0, 32;
    %store/vec4 v0x7fcbcdd235f0_0, 0, 32;
    %jmp T_0.16;
T_0.8 ;
    %pushi/vec4 8, 0, 32;
    %store/vec4 v0x7fcbcdd23680_0, 0, 32;
    %pushi/vec4 4294967288, 0, 32;
    %store/vec4 v0x7fcbcdd235f0_0, 0, 32;
    %jmp T_0.16;
T_0.9 ;
    %pushi/vec4 9, 0, 32;
    %store/vec4 v0x7fcbcdd23680_0, 0, 32;
    %pushi/vec4 4294967289, 0, 32;
    %store/vec4 v0x7fcbcdd235f0_0, 0, 32;
    %jmp T_0.16;
T_0.10 ;
    %pushi/vec4 10, 0, 32;
    %store/vec4 v0x7fcbcdd23680_0, 0, 32;
    %pushi/vec4 4294967290, 0, 32;
    %store/vec4 v0x7fcbcdd235f0_0, 0, 32;
    %jmp T_0.16;
T_0.11 ;
    %pushi/vec4 11, 0, 32;
    %store/vec4 v0x7fcbcdd23680_0, 0, 32;
    %pushi/vec4 4294967291, 0, 32;
    %store/vec4 v0x7fcbcdd235f0_0, 0, 32;
    %jmp T_0.16;
T_0.12 ;
    %pushi/vec4 12, 0, 32;
    %store/vec4 v0x7fcbcdd23680_0, 0, 32;
    %pushi/vec4 4294967292, 0, 32;
    %store/vec4 v0x7fcbcdd235f0_0, 0, 32;
    %jmp T_0.16;
T_0.13 ;
    %pushi/vec4 13, 0, 32;
    %store/vec4 v0x7fcbcdd23680_0, 0, 32;
    %pushi/vec4 4294967293, 0, 32;
    %store/vec4 v0x7fcbcdd235f0_0, 0, 32;
    %jmp T_0.16;
T_0.14 ;
    %pushi/vec4 14, 0, 32;
    %store/vec4 v0x7fcbcdd23680_0, 0, 32;
    %pushi/vec4 4294967294, 0, 32;
    %store/vec4 v0x7fcbcdd235f0_0, 0, 32;
    %jmp T_0.16;
T_0.15 ;
    %pushi/vec4 15, 0, 32;
    %store/vec4 v0x7fcbcdd23680_0, 0, 32;
    %pushi/vec4 4294967295, 0, 32;
    %store/vec4 v0x7fcbcdd235f0_0, 0, 32;
    %jmp T_0.16;
T_0.16 ;
    %pop/vec4 1;
    %load/vec4 v0x7fcbcdd23ab0_0;
    %dup/vec4;
    %pushi/vec4 0, 0, 4;
    %cmp/u;
    %jmp/1 T_0.17, 6;
    %dup/vec4;
    %pushi/vec4 1, 0, 4;
    %cmp/u;
    %jmp/1 T_0.18, 6;
    %dup/vec4;
    %pushi/vec4 2, 0, 4;
    %cmp/u;
    %jmp/1 T_0.19, 6;
    %dup/vec4;
    %pushi/vec4 3, 0, 4;
    %cmp/u;
    %jmp/1 T_0.20, 6;
    %dup/vec4;
    %pushi/vec4 4, 0, 4;
    %cmp/u;
    %jmp/1 T_0.21, 6;
    %dup/vec4;
    %pushi/vec4 5, 0, 4;
    %cmp/u;
    %jmp/1 T_0.22, 6;
    %dup/vec4;
    %pushi/vec4 6, 0, 4;
    %cmp/u;
    %jmp/1 T_0.23, 6;
    %dup/vec4;
    %pushi/vec4 7, 0, 4;
    %cmp/u;
    %jmp/1 T_0.24, 6;
    %dup/vec4;
    %pushi/vec4 8, 0, 4;
    %cmp/u;
    %jmp/1 T_0.25, 6;
    %dup/vec4;
    %pushi/vec4 9, 0, 4;
    %cmp/u;
    %jmp/1 T_0.26, 6;
    %dup/vec4;
    %pushi/vec4 10, 0, 4;
    %cmp/u;
    %jmp/1 T_0.27, 6;
    %dup/vec4;
    %pushi/vec4 11, 0, 4;
    %cmp/u;
    %jmp/1 T_0.28, 6;
    %dup/vec4;
    %pushi/vec4 12, 0, 4;
    %cmp/u;
    %jmp/1 T_0.29, 6;
    %dup/vec4;
    %pushi/vec4 13, 0, 4;
    %cmp/u;
    %jmp/1 T_0.30, 6;
    %dup/vec4;
    %pushi/vec4 14, 0, 4;
    %cmp/u;
    %jmp/1 T_0.31, 6;
    %dup/vec4;
    %pushi/vec4 15, 0, 4;
    %cmp/u;
    %jmp/1 T_0.32, 6;
    %jmp T_0.33;
T_0.17 ;
    %pushi/vec4 0, 0, 32;
    %store/vec4 v0x7fcbcdd237b0_0, 0, 32;
    %pushi/vec4 0, 0, 32;
    %store/vec4 v0x7fcbcdd23710_0, 0, 32;
    %jmp T_0.33;
T_0.18 ;
    %pushi/vec4 1, 0, 32;
    %store/vec4 v0x7fcbcdd237b0_0, 0, 32;
    %pushi/vec4 1, 0, 32;
    %store/vec4 v0x7fcbcdd23710_0, 0, 32;
    %jmp T_0.33;
T_0.19 ;
    %pushi/vec4 2, 0, 32;
    %store/vec4 v0x7fcbcdd237b0_0, 0, 32;
    %pushi/vec4 2, 0, 32;
    %store/vec4 v0x7fcbcdd23710_0, 0, 32;
    %jmp T_0.33;
T_0.20 ;
    %pushi/vec4 3, 0, 32;
    %store/vec4 v0x7fcbcdd237b0_0, 0, 32;
    %pushi/vec4 3, 0, 32;
    %store/vec4 v0x7fcbcdd23710_0, 0, 32;
    %jmp T_0.33;
T_0.21 ;
    %pushi/vec4 4, 0, 32;
    %store/vec4 v0x7fcbcdd237b0_0, 0, 32;
    %pushi/vec4 4, 0, 32;
    %store/vec4 v0x7fcbcdd23710_0, 0, 32;
    %jmp T_0.33;
T_0.22 ;
    %pushi/vec4 5, 0, 32;
    %store/vec4 v0x7fcbcdd237b0_0, 0, 32;
    %pushi/vec4 5, 0, 32;
    %store/vec4 v0x7fcbcdd23710_0, 0, 32;
    %jmp T_0.33;
T_0.23 ;
    %pushi/vec4 6, 0, 32;
    %store/vec4 v0x7fcbcdd237b0_0, 0, 32;
    %pushi/vec4 6, 0, 32;
    %store/vec4 v0x7fcbcdd23710_0, 0, 32;
    %jmp T_0.33;
T_0.24 ;
    %pushi/vec4 7, 0, 32;
    %store/vec4 v0x7fcbcdd237b0_0, 0, 32;
    %pushi/vec4 7, 0, 32;
    %store/vec4 v0x7fcbcdd23710_0, 0, 32;
    %jmp T_0.33;
T_0.25 ;
    %pushi/vec4 8, 0, 32;
    %store/vec4 v0x7fcbcdd237b0_0, 0, 32;
    %pushi/vec4 4294967288, 0, 32;
    %store/vec4 v0x7fcbcdd23710_0, 0, 32;
    %jmp T_0.33;
T_0.26 ;
    %pushi/vec4 9, 0, 32;
    %store/vec4 v0x7fcbcdd237b0_0, 0, 32;
    %pushi/vec4 4294967289, 0, 32;
    %store/vec4 v0x7fcbcdd23710_0, 0, 32;
    %jmp T_0.33;
T_0.27 ;
    %pushi/vec4 10, 0, 32;
    %store/vec4 v0x7fcbcdd237b0_0, 0, 32;
    %pushi/vec4 4294967290, 0, 32;
    %store/vec4 v0x7fcbcdd23710_0, 0, 32;
    %jmp T_0.33;
T_0.28 ;
    %pushi/vec4 11, 0, 32;
    %store/vec4 v0x7fcbcdd237b0_0, 0, 32;
    %pushi/vec4 4294967291, 0, 32;
    %store/vec4 v0x7fcbcdd23710_0, 0, 32;
    %jmp T_0.33;
T_0.29 ;
    %pushi/vec4 12, 0, 32;
    %store/vec4 v0x7fcbcdd237b0_0, 0, 32;
    %pushi/vec4 4294967292, 0, 32;
    %store/vec4 v0x7fcbcdd23710_0, 0, 32;
    %jmp T_0.33;
T_0.30 ;
    %pushi/vec4 13, 0, 32;
    %store/vec4 v0x7fcbcdd237b0_0, 0, 32;
    %pushi/vec4 4294967293, 0, 32;
    %store/vec4 v0x7fcbcdd23710_0, 0, 32;
    %jmp T_0.33;
T_0.31 ;
    %pushi/vec4 14, 0, 32;
    %store/vec4 v0x7fcbcdd237b0_0, 0, 32;
    %pushi/vec4 4294967294, 0, 32;
    %store/vec4 v0x7fcbcdd23710_0, 0, 32;
    %jmp T_0.33;
T_0.32 ;
    %pushi/vec4 15, 0, 32;
    %store/vec4 v0x7fcbcdd237b0_0, 0, 32;
    %pushi/vec4 4294967295, 0, 32;
    %store/vec4 v0x7fcbcdd23710_0, 0, 32;
    %jmp T_0.33;
T_0.33 ;
    %pop/vec4 1;
    %load/vec4 v0x7fcbcdd23c70_0;
    %cmpi/e 4, 0, 3;
    %jmp/0xz  T_0.34, 4;
    %load/vec4 v0x7fcbcdd23680_0;
    %load/vec4 v0x7fcbcdd237b0_0;
    %add;
    %store/vec4 v0x7fcbcdd23950_0, 0, 32;
    %load/vec4 v0x7fcbcdd235f0_0;
    %load/vec4 v0x7fcbcdd23710_0;
    %add;
    %store/vec4 v0x7fcbcdd23860_0, 0, 32;
    %vpi_call 2 401 "$write", "  ~~~~  %3d + %3d = %3d   <*>   %3d + %3d = %3d\012", v0x7fcbcdd235f0_0, v0x7fcbcdd23710_0, v0x7fcbcdd23860_0, v0x7fcbcdd23680_0, v0x7fcbcdd237b0_0, v0x7fcbcdd23950_0 {0 0 0};
T_0.34 ;
    %load/vec4 v0x7fcbcdd23c70_0;
    %cmpi/e 5, 0, 3;
    %jmp/0xz  T_0.36, 4;
    %load/vec4 v0x7fcbcdd23680_0;
    %load/vec4 v0x7fcbcdd237b0_0;
    %sub;
    %store/vec4 v0x7fcbcdd23950_0, 0, 32;
    %load/vec4 v0x7fcbcdd235f0_0;
    %load/vec4 v0x7fcbcdd23710_0;
    %sub;
    %store/vec4 v0x7fcbcdd23860_0, 0, 32;
    %vpi_call 2 407 "$write", "  ~~~~  %3d - %3d = %3d   <*>   %3d - %3d = %3d\012", v0x7fcbcdd235f0_0, v0x7fcbcdd23710_0, v0x7fcbcdd23860_0, v0x7fcbcdd23680_0, v0x7fcbcdd237b0_0, v0x7fcbcdd23950_0 {0 0 0};
T_0.36 ;
    %load/vec4 v0x7fcbcdd23c70_0;
    %cmpi/e 6, 0, 3;
    %jmp/0xz  T_0.38, 4;
    %load/vec4 v0x7fcbcdd23680_0;
    %addi 1, 0, 32;
    %store/vec4 v0x7fcbcdd23950_0, 0, 32;
    %load/vec4 v0x7fcbcdd235f0_0;
    %addi 1, 0, 32;
    %store/vec4 v0x7fcbcdd23860_0, 0, 32;
    %vpi_call 2 413 "$write", "  ~~~~  %3d + 1 = %3d   <*>   %3d + 1 = %3d\012", v0x7fcbcdd235f0_0, v0x7fcbcdd23860_0, v0x7fcbcdd23680_0, v0x7fcbcdd23950_0 {0 0 0};
T_0.38 ;
    %load/vec4 v0x7fcbcdd23c70_0;
    %cmpi/e 7, 0, 3;
    %jmp/0xz  T_0.40, 4;
    %load/vec4 v0x7fcbcdd23680_0;
    %subi 1, 0, 32;
    %store/vec4 v0x7fcbcdd23950_0, 0, 32;
    %load/vec4 v0x7fcbcdd235f0_0;
    %subi 1, 0, 32;
    %store/vec4 v0x7fcbcdd23860_0, 0, 32;
    %vpi_call 2 419 "$write", "  ~~~~  %3d - 1 = %3d   <*>   %3d - 1 = %3d\012", v0x7fcbcdd235f0_0, v0x7fcbcdd23860_0, v0x7fcbcdd23680_0, v0x7fcbcdd23950_0 {0 0 0};
T_0.40 ;
    %end;
    .scope S_0x7fcbcdd130e0;
T_1 ;
    %wait E_0x7fcbcdd12d30;
    %pushi/vec4 0, 0, 1;
    %store/vec4 v0x7fcbcdd230a0_0, 0, 1;
    %pushi/vec4 0, 0, 1;
    %store/vec4 v0x7fcbcdd232a0_0, 0, 1;
    %load/vec4 v0x7fcbcdd23140_0;
    %dup/vec4;
    %pushi/vec4 0, 0, 3;
    %cmp/u;
    %jmp/1 T_1.0, 6;
    %dup/vec4;
    %pushi/vec4 1, 0, 3;
    %cmp/u;
    %jmp/1 T_1.1, 6;
    %dup/vec4;
    %pushi/vec4 2, 0, 3;
    %cmp/u;
    %jmp/1 T_1.2, 6;
    %dup/vec4;
    %pushi/vec4 3, 0, 3;
    %cmp/u;
    %jmp/1 T_1.3, 6;
    %dup/vec4;
    %pushi/vec4 4, 0, 3;
    %cmp/u;
    %jmp/1 T_1.4, 6;
    %dup/vec4;
    %pushi/vec4 5, 0, 3;
    %cmp/u;
    %jmp/1 T_1.5, 6;
    %dup/vec4;
    %pushi/vec4 6, 0, 3;
    %cmp/u;
    %jmp/1 T_1.6, 6;
    %dup/vec4;
    %pushi/vec4 7, 0, 3;
    %cmp/u;
    %jmp/1 T_1.7, 6;
    %jmp T_1.8;
T_1.0 ;
    %load/vec4 v0x7fcbcdd22dc0_0;
    %store/vec4 v0x7fcbcdd22fb0_0, 0, 4;
    %jmp T_1.8;
T_1.1 ;
    %load/vec4 v0x7fcbcdd22dc0_0;
    %load/vec4 v0x7fcbcdd22e60_0;
    %and;
    %store/vec4 v0x7fcbcdd22fb0_0, 0, 4;
    %jmp T_1.8;
T_1.2 ;
    %load/vec4 v0x7fcbcdd22dc0_0;
    %load/vec4 v0x7fcbcdd22e60_0;
    %or;
    %store/vec4 v0x7fcbcdd22fb0_0, 0, 4;
    %jmp T_1.8;
T_1.3 ;
    %load/vec4 v0x7fcbcdd22dc0_0;
    %inv;
    %store/vec4 v0x7fcbcdd22fb0_0, 0, 4;
    %jmp T_1.8;
T_1.4 ;
    %load/vec4 v0x7fcbcdd22dc0_0;
    %pad/u 5;
    %load/vec4 v0x7fcbcdd22e60_0;
    %pad/u 5;
    %add;
    %store/vec4 v0x7fcbcdd231f0_0, 0, 5;
    %load/vec4 v0x7fcbcdd231f0_0;
    %parti/s 4, 0, 2;
    %store/vec4 v0x7fcbcdd22fb0_0, 0, 4;
    %load/vec4 v0x7fcbcdd22dc0_0;
    %parti/s 3, 0, 2;
    %pad/u 4;
    %load/vec4 v0x7fcbcdd22e60_0;
    %parti/s 3, 0, 2;
    %pad/u 4;
    %add;
    %split/vec4 3;
    %store/vec4 v0x7fcbcdd13310_0, 0, 3;
    %store/vec4 v0x7fcbcdd22f10_0, 0, 1;
    %load/vec4 v0x7fcbcdd22f10_0;
    %load/vec4 v0x7fcbcdd231f0_0;
    %parti/s 1, 4, 4;
    %xor;
    %store/vec4 v0x7fcbcdd230a0_0, 0, 1;
    %load/vec4 v0x7fcbcdd231f0_0;
    %parti/s 1, 4, 4;
    %store/vec4 v0x7fcbcdd232a0_0, 0, 1;
    %jmp T_1.8;
T_1.5 ;
    %load/vec4 v0x7fcbcdd22dc0_0;
    %pad/u 5;
    %load/vec4 v0x7fcbcdd22e60_0;
    %pad/u 5;
    %inv;
    %addi 1, 0, 5;
    %add;
    %store/vec4 v0x7fcbcdd231f0_0, 0, 5;
    %load/vec4 v0x7fcbcdd231f0_0;
    %parti/s 4, 0, 2;
    %store/vec4 v0x7fcbcdd22fb0_0, 0, 4;
    %load/vec4 v0x7fcbcdd22dc0_0;
    %parti/s 3, 0, 2;
    %pad/u 4;
    %load/vec4 v0x7fcbcdd22e60_0;
    %parti/s 3, 0, 2;
    %pad/u 4;
    %inv;
    %addi 1, 0, 4;
    %add;
    %split/vec4 3;
    %store/vec4 v0x7fcbcdd13310_0, 0, 3;
    %store/vec4 v0x7fcbcdd22f10_0, 0, 1;
    %load/vec4 v0x7fcbcdd22f10_0;
    %load/vec4 v0x7fcbcdd231f0_0;
    %parti/s 1, 4, 4;
    %xor;
    %store/vec4 v0x7fcbcdd230a0_0, 0, 1;
    %load/vec4 v0x7fcbcdd231f0_0;
    %parti/s 1, 4, 4;
    %store/vec4 v0x7fcbcdd232a0_0, 0, 1;
    %jmp T_1.8;
T_1.6 ;
    %load/vec4 v0x7fcbcdd22dc0_0;
    %pad/u 5;
    %addi 1, 0, 5;
    %store/vec4 v0x7fcbcdd231f0_0, 0, 5;
    %load/vec4 v0x7fcbcdd231f0_0;
    %parti/s 4, 0, 2;
    %store/vec4 v0x7fcbcdd22fb0_0, 0, 4;
    %load/vec4 v0x7fcbcdd22dc0_0;
    %parti/s 3, 0, 2;
    %pad/u 4;
    %addi 1, 0, 4;
    %split/vec4 3;
    %store/vec4 v0x7fcbcdd13310_0, 0, 3;
    %store/vec4 v0x7fcbcdd22f10_0, 0, 1;
    %load/vec4 v0x7fcbcdd22f10_0;
    %load/vec4 v0x7fcbcdd231f0_0;
    %parti/s 1, 4, 4;
    %xor;
    %store/vec4 v0x7fcbcdd230a0_0, 0, 1;
    %load/vec4 v0x7fcbcdd231f0_0;
    %parti/s 1, 4, 4;
    %store/vec4 v0x7fcbcdd232a0_0, 0, 1;
    %jmp T_1.8;
T_1.7 ;
    %load/vec4 v0x7fcbcdd22dc0_0;
    %pad/u 5;
    %addi 15, 0, 5;
    %store/vec4 v0x7fcbcdd231f0_0, 0, 5;
    %load/vec4 v0x7fcbcdd231f0_0;
    %parti/s 4, 0, 2;
    %store/vec4 v0x7fcbcdd22fb0_0, 0, 4;
    %load/vec4 v0x7fcbcdd22dc0_0;
    %parti/s 3, 0, 2;
    %pad/u 4;
    %addi 7, 0, 4;
    %split/vec4 3;
    %store/vec4 v0x7fcbcdd13310_0, 0, 3;
    %store/vec4 v0x7fcbcdd22f10_0, 0, 1;
    %load/vec4 v0x7fcbcdd22dc0_0;
    %cmpi/e 0, 0, 4;
    %flag_mov 8, 4;
    %jmp/0 T_1.9, 8;
    %pushi/vec4 1, 0, 1;
    %jmp/1 T_1.10, 8;
T_1.9 ; End of true expr.
    %pushi/vec4 0, 0, 1;
    %jmp/0 T_1.10, 8;
 ; End of false expr.
    %blend;
T_1.10;
    %store/vec4 v0x7fcbcdd232a0_0, 0, 1;
    %load/vec4 v0x7fcbcdd22f10_0;
    %load/vec4 v0x7fcbcdd231f0_0;
    %parti/s 1, 4, 4;
    %xor;
    %store/vec4 v0x7fcbcdd230a0_0, 0, 1;
    %jmp T_1.8;
T_1.8 ;
    %pop/vec4 1;
    %jmp T_1;
    .thread T_1, $push;
    .scope S_0x7fcbcdd12f70;
T_2 ;
    %pushi/vec4 0, 0, 5;
    %store/vec4 v0x7fcbcdd24320_0, 0, 5;
    %pushi/vec4 0, 0, 4;
    %store/vec4 v0x7fcbcdd24040_0, 0, 4;
    %pushi/vec4 0, 0, 4;
    %store/vec4 v0x7fcbcdd240f0_0, 0, 4;
    %pushi/vec4 0, 0, 3;
    %store/vec4 v0x7fcbcdd24270_0, 0, 3;
    %vpi_call 2 44 "$write", "\012test bypass  ,  select =  %b  ,  SO = 0  ,  UO = 0  ,  a[3:0] --> Y[3:0]\012\012", v0x7fcbcdd24270_0 {0 0 0};
    %vpi_call 2 45 "$write", "   a    |   b     |  Y     S_O  U_O\012" {0 0 0};
    %vpi_call 2 46 "$write", "-----------------------------------\012" {0 0 0};
    %pushi/vec4 0, 0, 32;
    %store/vec4 v0x7fcbcdd23fb0_0, 0, 32;
T_2.0 ;
    %load/vec4 v0x7fcbcdd23fb0_0;
    %cmpi/s 4, 0, 32;
    %jmp/0xz T_2.1, 5;
    %load/vec4 v0x7fcbcdd23fb0_0;
    %dup/vec4;
    %pushi/vec4 0, 0, 32;
    %cmp/u;
    %jmp/1 T_2.2, 6;
    %dup/vec4;
    %pushi/vec4 1, 0, 32;
    %cmp/u;
    %jmp/1 T_2.3, 6;
    %dup/vec4;
    %pushi/vec4 2, 0, 32;
    %cmp/u;
    %jmp/1 T_2.4, 6;
    %dup/vec4;
    %pushi/vec4 3, 0, 32;
    %cmp/u;
    %jmp/1 T_2.5, 6;
    %jmp T_2.6;
T_2.2 ;
    %pushi/vec4 3, 0, 4;
    %store/vec4 v0x7fcbcdd24040_0, 0, 4;
    %pushi/vec4 7, 0, 4;
    %store/vec4 v0x7fcbcdd240f0_0, 0, 4;
    %jmp T_2.6;
T_2.3 ;
    %pushi/vec4 1, 0, 4;
    %store/vec4 v0x7fcbcdd24040_0, 0, 4;
    %pushi/vec4 15, 0, 4;
    %store/vec4 v0x7fcbcdd240f0_0, 0, 4;
    %jmp T_2.6;
T_2.4 ;
    %pushi/vec4 9, 0, 4;
    %store/vec4 v0x7fcbcdd24040_0, 0, 4;
    %pushi/vec4 1, 0, 4;
    %store/vec4 v0x7fcbcdd240f0_0, 0, 4;
    %jmp T_2.6;
T_2.5 ;
    %pushi/vec4 0, 0, 4;
    %store/vec4 v0x7fcbcdd24040_0, 0, 4;
    %pushi/vec4 15, 0, 4;
    %store/vec4 v0x7fcbcdd240f0_0, 0, 4;
    %jmp T_2.6;
T_2.6 ;
    %pop/vec4 1;
    %delay 100, 0;
    %vpi_call 2 67 "$write", " %b   | %b    | %b    %b    %b", v0x7fcbcdd24040_0, v0x7fcbcdd240f0_0, v0x7fcbcdd241c0_0, v0x7fcbcdd23e60_0, v0x7fcbcdd23f20_0 {0 0 0};
    %load/vec4 v0x7fcbcdd24040_0;
    %load/vec4 v0x7fcbcdd241c0_0;
    %cmp/e;
    %jmp/0xz  T_2.7, 4;
    %vpi_call 2 70 "$write", "    CORRECT, a-> {pass}-> Y\012" {0 0 0};
    %jmp T_2.8;
T_2.7 ;
    %vpi_call 2 73 "$write", "    WRONG\012" {0 0 0};
T_2.8 ;
    %vpi_call 2 75 "$write", "-----------------------------------\012" {0 0 0};
    %load/vec4 v0x7fcbcdd23fb0_0;
    %addi 1, 0, 32;
    %store/vec4 v0x7fcbcdd23fb0_0, 0, 32;
    %jmp T_2.0;
T_2.1 ;
    %vpi_call 2 77 "$write", "\012\012************************************************************************************\012" {0 0 0};
    %vpi_call 2 78 "$write", "************************************************************************************\012\012" {0 0 0};
    %pushi/vec4 1, 0, 3;
    %store/vec4 v0x7fcbcdd24270_0, 0, 3;
    %vpi_call 2 83 "$write", "\012test AND  ,  select =  %b  ,  SO = 0  ,  UO = 0  ,  a[3:0] & b[3:0] --> Y[3:0]\012\012", v0x7fcbcdd24270_0 {0 0 0};
    %vpi_call 2 84 "$write", "   a    |   b     |  Y     S_O  U_O\012" {0 0 0};
    %vpi_call 2 85 "$write", "-----------------------------------\012" {0 0 0};
    %pushi/vec4 0, 0, 32;
    %store/vec4 v0x7fcbcdd23fb0_0, 0, 32;
T_2.9 ;
    %load/vec4 v0x7fcbcdd23fb0_0;
    %cmpi/s 4, 0, 32;
    %jmp/0xz T_2.10, 5;
    %load/vec4 v0x7fcbcdd23fb0_0;
    %dup/vec4;
    %pushi/vec4 0, 0, 32;
    %cmp/u;
    %jmp/1 T_2.11, 6;
    %dup/vec4;
    %pushi/vec4 1, 0, 32;
    %cmp/u;
    %jmp/1 T_2.12, 6;
    %dup/vec4;
    %pushi/vec4 2, 0, 32;
    %cmp/u;
    %jmp/1 T_2.13, 6;
    %dup/vec4;
    %pushi/vec4 3, 0, 32;
    %cmp/u;
    %jmp/1 T_2.14, 6;
    %jmp T_2.15;
T_2.11 ;
    %pushi/vec4 3, 0, 4;
    %store/vec4 v0x7fcbcdd24040_0, 0, 4;
    %pushi/vec4 7, 0, 4;
    %store/vec4 v0x7fcbcdd240f0_0, 0, 4;
    %jmp T_2.15;
T_2.12 ;
    %pushi/vec4 1, 0, 4;
    %store/vec4 v0x7fcbcdd24040_0, 0, 4;
    %pushi/vec4 15, 0, 4;
    %store/vec4 v0x7fcbcdd240f0_0, 0, 4;
    %jmp T_2.15;
T_2.13 ;
    %pushi/vec4 9, 0, 4;
    %store/vec4 v0x7fcbcdd24040_0, 0, 4;
    %pushi/vec4 1, 0, 4;
    %store/vec4 v0x7fcbcdd240f0_0, 0, 4;
    %jmp T_2.15;
T_2.14 ;
    %pushi/vec4 0, 0, 4;
    %store/vec4 v0x7fcbcdd24040_0, 0, 4;
    %pushi/vec4 15, 0, 4;
    %store/vec4 v0x7fcbcdd240f0_0, 0, 4;
    %jmp T_2.15;
T_2.15 ;
    %pop/vec4 1;
    %delay 100, 0;
    %load/vec4 v0x7fcbcdd24040_0;
    %pad/u 5;
    %load/vec4 v0x7fcbcdd240f0_0;
    %pad/u 5;
    %and;
    %store/vec4 v0x7fcbcdd24320_0, 0, 5;
    %vpi_call 2 107 "$write", " %b   | %b    | %b    %b    %b", v0x7fcbcdd24040_0, v0x7fcbcdd240f0_0, v0x7fcbcdd241c0_0, v0x7fcbcdd23e60_0, v0x7fcbcdd23f20_0 {0 0 0};
    %load/vec4 v0x7fcbcdd24320_0;
    %load/vec4 v0x7fcbcdd241c0_0;
    %pad/u 5;
    %cmp/e;
    %jmp/0xz  T_2.16, 4;
    %vpi_call 2 110 "$write", "    CORRECT, a & b -> Y\012" {0 0 0};
    %jmp T_2.17;
T_2.16 ;
    %vpi_call 2 113 "$write", "    WRONG\012" {0 0 0};
T_2.17 ;
    %vpi_call 2 115 "$write", "-----------------------------------\012" {0 0 0};
    %load/vec4 v0x7fcbcdd23fb0_0;
    %addi 1, 0, 32;
    %store/vec4 v0x7fcbcdd23fb0_0, 0, 32;
    %jmp T_2.9;
T_2.10 ;
    %vpi_call 2 117 "$write", "\012\012************************************************************************************\012" {0 0 0};
    %vpi_call 2 118 "$write", "************************************************************************************\012\012" {0 0 0};
    %pushi/vec4 2, 0, 3;
    %store/vec4 v0x7fcbcdd24270_0, 0, 3;
    %vpi_call 2 123 "$write", "\012test OR  ,  select =  %b  ,  SO = 0  ,  UO = 0  ,  a[3:0] | b[3:0] --> Y[3:0]\012\012", v0x7fcbcdd24270_0 {0 0 0};
    %vpi_call 2 124 "$write", "   a    |   b     |  Y     S_O  U_O\012" {0 0 0};
    %vpi_call 2 125 "$write", "-----------------------------------\012" {0 0 0};
    %pushi/vec4 0, 0, 32;
    %store/vec4 v0x7fcbcdd23fb0_0, 0, 32;
T_2.18 ;
    %load/vec4 v0x7fcbcdd23fb0_0;
    %cmpi/s 4, 0, 32;
    %jmp/0xz T_2.19, 5;
    %load/vec4 v0x7fcbcdd23fb0_0;
    %dup/vec4;
    %pushi/vec4 0, 0, 32;
    %cmp/u;
    %jmp/1 T_2.20, 6;
    %dup/vec4;
    %pushi/vec4 1, 0, 32;
    %cmp/u;
    %jmp/1 T_2.21, 6;
    %dup/vec4;
    %pushi/vec4 2, 0, 32;
    %cmp/u;
    %jmp/1 T_2.22, 6;
    %dup/vec4;
    %pushi/vec4 3, 0, 32;
    %cmp/u;
    %jmp/1 T_2.23, 6;
    %jmp T_2.24;
T_2.20 ;
    %pushi/vec4 3, 0, 4;
    %store/vec4 v0x7fcbcdd24040_0, 0, 4;
    %pushi/vec4 7, 0, 4;
    %store/vec4 v0x7fcbcdd240f0_0, 0, 4;
    %jmp T_2.24;
T_2.21 ;
    %pushi/vec4 1, 0, 4;
    %store/vec4 v0x7fcbcdd24040_0, 0, 4;
    %pushi/vec4 15, 0, 4;
    %store/vec4 v0x7fcbcdd240f0_0, 0, 4;
    %jmp T_2.24;
T_2.22 ;
    %pushi/vec4 9, 0, 4;
    %store/vec4 v0x7fcbcdd24040_0, 0, 4;
    %pushi/vec4 1, 0, 4;
    %store/vec4 v0x7fcbcdd240f0_0, 0, 4;
    %jmp T_2.24;
T_2.23 ;
    %pushi/vec4 0, 0, 4;
    %store/vec4 v0x7fcbcdd24040_0, 0, 4;
    %pushi/vec4 15, 0, 4;
    %store/vec4 v0x7fcbcdd240f0_0, 0, 4;
    %jmp T_2.24;
T_2.24 ;
    %pop/vec4 1;
    %load/vec4 v0x7fcbcdd24040_0;
    %pad/u 5;
    %load/vec4 v0x7fcbcdd240f0_0;
    %pad/u 5;
    %or;
    %store/vec4 v0x7fcbcdd24320_0, 0, 5;
    %delay 100, 0;
    %vpi_call 2 147 "$write", " %b   | %b    | %b    %b    %b", v0x7fcbcdd24040_0, v0x7fcbcdd240f0_0, v0x7fcbcdd241c0_0, v0x7fcbcdd23e60_0, v0x7fcbcdd23f20_0 {0 0 0};
    %load/vec4 v0x7fcbcdd24320_0;
    %load/vec4 v0x7fcbcdd241c0_0;
    %pad/u 5;
    %cmp/e;
    %jmp/0xz  T_2.25, 4;
    %vpi_call 2 150 "$write", "    CORRECT, a | b -> Y\012" {0 0 0};
    %jmp T_2.26;
T_2.25 ;
    %vpi_call 2 153 "$write", "    WRONG\012" {0 0 0};
T_2.26 ;
    %vpi_call 2 155 "$write", "-----------------------------------\012" {0 0 0};
    %load/vec4 v0x7fcbcdd23fb0_0;
    %addi 1, 0, 32;
    %store/vec4 v0x7fcbcdd23fb0_0, 0, 32;
    %jmp T_2.18;
T_2.19 ;
    %vpi_call 2 157 "$write", "\012\012************************************************************************************\012" {0 0 0};
    %vpi_call 2 158 "$write", "************************************************************************************\012\012" {0 0 0};
    %pushi/vec4 3, 0, 3;
    %store/vec4 v0x7fcbcdd24270_0, 0, 3;
    %vpi_call 2 163 "$write", "\012test NOT  ,  select =  %b  ,  SO = 0  ,  UO = 0  ,  ~a[3:0] --> Y[3:0]\012\012", v0x7fcbcdd24270_0 {0 0 0};
    %vpi_call 2 164 "$write", "   a    |   b     |  Y     S_O  U_O\012" {0 0 0};
    %vpi_call 2 165 "$write", "-----------------------------------\012" {0 0 0};
    %pushi/vec4 0, 0, 32;
    %store/vec4 v0x7fcbcdd23fb0_0, 0, 32;
T_2.27 ;
    %load/vec4 v0x7fcbcdd23fb0_0;
    %cmpi/s 4, 0, 32;
    %jmp/0xz T_2.28, 5;
    %load/vec4 v0x7fcbcdd23fb0_0;
    %dup/vec4;
    %pushi/vec4 0, 0, 32;
    %cmp/u;
    %jmp/1 T_2.29, 6;
    %dup/vec4;
    %pushi/vec4 1, 0, 32;
    %cmp/u;
    %jmp/1 T_2.30, 6;
    %dup/vec4;
    %pushi/vec4 2, 0, 32;
    %cmp/u;
    %jmp/1 T_2.31, 6;
    %dup/vec4;
    %pushi/vec4 3, 0, 32;
    %cmp/u;
    %jmp/1 T_2.32, 6;
    %jmp T_2.33;
T_2.29 ;
    %pushi/vec4 3, 0, 4;
    %store/vec4 v0x7fcbcdd24040_0, 0, 4;
    %pushi/vec4 7, 0, 4;
    %store/vec4 v0x7fcbcdd240f0_0, 0, 4;
    %jmp T_2.33;
T_2.30 ;
    %pushi/vec4 1, 0, 4;
    %store/vec4 v0x7fcbcdd24040_0, 0, 4;
    %pushi/vec4 15, 0, 4;
    %store/vec4 v0x7fcbcdd240f0_0, 0, 4;
    %jmp T_2.33;
T_2.31 ;
    %pushi/vec4 9, 0, 4;
    %store/vec4 v0x7fcbcdd24040_0, 0, 4;
    %pushi/vec4 1, 0, 4;
    %store/vec4 v0x7fcbcdd240f0_0, 0, 4;
    %jmp T_2.33;
T_2.32 ;
    %pushi/vec4 0, 0, 4;
    %store/vec4 v0x7fcbcdd24040_0, 0, 4;
    %pushi/vec4 15, 0, 4;
    %store/vec4 v0x7fcbcdd240f0_0, 0, 4;
    %jmp T_2.33;
T_2.33 ;
    %pop/vec4 1;
    %load/vec4 v0x7fcbcdd24040_0;
    %inv;
    %ix/load 4, 0, 0;
    %flag_set/imm 4, 0;
    %store/vec4 v0x7fcbcdd24320_0, 4, 4;
    %delay 100, 0;
    %vpi_call 2 187 "$write", " %b   | %b    | %b    %b    %b", v0x7fcbcdd24040_0, v0x7fcbcdd240f0_0, v0x7fcbcdd241c0_0, v0x7fcbcdd23e60_0, v0x7fcbcdd23f20_0 {0 0 0};
    %load/vec4 v0x7fcbcdd24320_0;
    %parti/s 4, 0, 2;
    %load/vec4 v0x7fcbcdd241c0_0;
    %cmp/e;
    %jmp/0xz  T_2.34, 4;
    %vpi_call 2 190 "$write", "    CORRECT, ~a -> Y\012" {0 0 0};
    %jmp T_2.35;
T_2.34 ;
    %vpi_call 2 193 "$write", "    WRONG\012" {0 0 0};
T_2.35 ;
    %vpi_call 2 195 "$write", "-----------------------------------\012" {0 0 0};
    %load/vec4 v0x7fcbcdd23fb0_0;
    %addi 1, 0, 32;
    %store/vec4 v0x7fcbcdd23fb0_0, 0, 32;
    %jmp T_2.27;
T_2.28 ;
    %vpi_call 2 197 "$write", "\012\012************************************************************************************\012" {0 0 0};
    %vpi_call 2 198 "$write", "************************************************************************************\012\012" {0 0 0};
    %pushi/vec4 4, 0, 3;
    %store/vec4 v0x7fcbcdd24270_0, 0, 3;
    %vpi_call 2 203 "$write", "\012test add  ,  select =  %b  ,  a[3:0] + b[3:0] --> Y[3:0]\012\012", v0x7fcbcdd24270_0 {0 0 0};
    %vpi_call 2 204 "$write", "   a    |   b     |  Y     S_O  U_O             signed              unsigned\012" {0 0 0};
    %vpi_call 2 205 "$write", "------------------------------------------------------------------------------------\012" {0 0 0};
    %pushi/vec4 0, 0, 32;
    %store/vec4 v0x7fcbcdd23fb0_0, 0, 32;
T_2.36 ;
    %load/vec4 v0x7fcbcdd23fb0_0;
    %cmpi/s 4, 0, 32;
    %jmp/0xz T_2.37, 5;
    %load/vec4 v0x7fcbcdd23fb0_0;
    %dup/vec4;
    %pushi/vec4 0, 0, 32;
    %cmp/u;
    %jmp/1 T_2.38, 6;
    %dup/vec4;
    %pushi/vec4 1, 0, 32;
    %cmp/u;
    %jmp/1 T_2.39, 6;
    %dup/vec4;
    %pushi/vec4 2, 0, 32;
    %cmp/u;
    %jmp/1 T_2.40, 6;
    %dup/vec4;
    %pushi/vec4 3, 0, 32;
    %cmp/u;
    %jmp/1 T_2.41, 6;
    %jmp T_2.42;
T_2.38 ;
    %pushi/vec4 3, 0, 4;
    %store/vec4 v0x7fcbcdd24040_0, 0, 4;
    %pushi/vec4 7, 0, 4;
    %store/vec4 v0x7fcbcdd240f0_0, 0, 4;
    %jmp T_2.42;
T_2.39 ;
    %pushi/vec4 1, 0, 4;
    %store/vec4 v0x7fcbcdd24040_0, 0, 4;
    %pushi/vec4 15, 0, 4;
    %store/vec4 v0x7fcbcdd240f0_0, 0, 4;
    %jmp T_2.42;
T_2.40 ;
    %pushi/vec4 9, 0, 4;
    %store/vec4 v0x7fcbcdd24040_0, 0, 4;
    %pushi/vec4 1, 0, 4;
    %store/vec4 v0x7fcbcdd240f0_0, 0, 4;
    %jmp T_2.42;
T_2.41 ;
    %pushi/vec4 0, 0, 4;
    %store/vec4 v0x7fcbcdd24040_0, 0, 4;
    %pushi/vec4 15, 0, 4;
    %store/vec4 v0x7fcbcdd240f0_0, 0, 4;
    %jmp T_2.42;
T_2.42 ;
    %pop/vec4 1;
    %delay 100, 0;
    %vpi_call 2 226 "$write", " %b   | %b    | %b    %b    %b", v0x7fcbcdd24040_0, v0x7fcbcdd240f0_0, v0x7fcbcdd241c0_0, v0x7fcbcdd23e60_0, v0x7fcbcdd23f20_0 {0 0 0};
    %alloc S_0x7fcbcdd23430;
    %load/vec4 v0x7fcbcdd24040_0;
    %store/vec4 v0x7fcbcdd23a00_0, 0, 4;
    %load/vec4 v0x7fcbcdd240f0_0;
    %store/vec4 v0x7fcbcdd23ab0_0, 0, 4;
    %load/vec4 v0x7fcbcdd241c0_0;
    %store/vec4 v0x7fcbcdd23b60_0, 0, 4;
    %load/vec4 v0x7fcbcdd23e60_0;
    %store/vec4 v0x7fcbcdd23d20_0, 0, 1;
    %load/vec4 v0x7fcbcdd23f20_0;
    %store/vec4 v0x7fcbcdd23dc0_0, 0, 1;
    %load/vec4 v0x7fcbcdd24270_0;
    %store/vec4 v0x7fcbcdd23c70_0, 0, 3;
    %fork TD_tb.disp_vals, S_0x7fcbcdd23430;
    %join;
    %free S_0x7fcbcdd23430;
    %vpi_call 2 229 "$write", "-----------------------------------\012" {0 0 0};
    %load/vec4 v0x7fcbcdd23fb0_0;
    %addi 1, 0, 32;
    %store/vec4 v0x7fcbcdd23fb0_0, 0, 32;
    %jmp T_2.36;
T_2.37 ;
    %vpi_call 2 231 "$write", "\012\012************************************************************************************\012" {0 0 0};
    %vpi_call 2 232 "$write", "************************************************************************************\012\012" {0 0 0};
    %pushi/vec4 5, 0, 3;
    %store/vec4 v0x7fcbcdd24270_0, 0, 3;
    %vpi_call 2 237 "$write", "\012test subtract  ,  select =  %b  ,  a[3:0] - b[3:0] --> Y[3:0]\012\012", v0x7fcbcdd24270_0 {0 0 0};
    %vpi_call 2 238 "$write", "   a    |   b     |  Y     S_O  U_O             signed              unsigned\012" {0 0 0};
    %vpi_call 2 239 "$write", "------------------------------------------------------------------------------------\012" {0 0 0};
    %pushi/vec4 0, 0, 32;
    %store/vec4 v0x7fcbcdd23fb0_0, 0, 32;
T_2.43 ;
    %load/vec4 v0x7fcbcdd23fb0_0;
    %cmpi/s 4, 0, 32;
    %jmp/0xz T_2.44, 5;
    %load/vec4 v0x7fcbcdd23fb0_0;
    %dup/vec4;
    %pushi/vec4 0, 0, 32;
    %cmp/u;
    %jmp/1 T_2.45, 6;
    %dup/vec4;
    %pushi/vec4 1, 0, 32;
    %cmp/u;
    %jmp/1 T_2.46, 6;
    %dup/vec4;
    %pushi/vec4 2, 0, 32;
    %cmp/u;
    %jmp/1 T_2.47, 6;
    %dup/vec4;
    %pushi/vec4 3, 0, 32;
    %cmp/u;
    %jmp/1 T_2.48, 6;
    %jmp T_2.49;
T_2.45 ;
    %pushi/vec4 3, 0, 4;
    %store/vec4 v0x7fcbcdd24040_0, 0, 4;
    %pushi/vec4 7, 0, 4;
    %store/vec4 v0x7fcbcdd240f0_0, 0, 4;
    %jmp T_2.49;
T_2.46 ;
    %pushi/vec4 1, 0, 4;
    %store/vec4 v0x7fcbcdd24040_0, 0, 4;
    %pushi/vec4 15, 0, 4;
    %store/vec4 v0x7fcbcdd240f0_0, 0, 4;
    %jmp T_2.49;
T_2.47 ;
    %pushi/vec4 9, 0, 4;
    %store/vec4 v0x7fcbcdd24040_0, 0, 4;
    %pushi/vec4 1, 0, 4;
    %store/vec4 v0x7fcbcdd240f0_0, 0, 4;
    %jmp T_2.49;
T_2.48 ;
    %pushi/vec4 0, 0, 4;
    %store/vec4 v0x7fcbcdd24040_0, 0, 4;
    %pushi/vec4 15, 0, 4;
    %store/vec4 v0x7fcbcdd240f0_0, 0, 4;
    %jmp T_2.49;
T_2.49 ;
    %pop/vec4 1;
    %delay 100, 0;
    %vpi_call 2 260 "$write", " %b   | %b    | %b    %b    %b", v0x7fcbcdd24040_0, v0x7fcbcdd240f0_0, v0x7fcbcdd241c0_0, v0x7fcbcdd23e60_0, v0x7fcbcdd23f20_0 {0 0 0};
    %alloc S_0x7fcbcdd23430;
    %load/vec4 v0x7fcbcdd24040_0;
    %store/vec4 v0x7fcbcdd23a00_0, 0, 4;
    %load/vec4 v0x7fcbcdd240f0_0;
    %store/vec4 v0x7fcbcdd23ab0_0, 0, 4;
    %load/vec4 v0x7fcbcdd241c0_0;
    %store/vec4 v0x7fcbcdd23b60_0, 0, 4;
    %load/vec4 v0x7fcbcdd23e60_0;
    %store/vec4 v0x7fcbcdd23d20_0, 0, 1;
    %load/vec4 v0x7fcbcdd23f20_0;
    %store/vec4 v0x7fcbcdd23dc0_0, 0, 1;
    %load/vec4 v0x7fcbcdd24270_0;
    %store/vec4 v0x7fcbcdd23c70_0, 0, 3;
    %fork TD_tb.disp_vals, S_0x7fcbcdd23430;
    %join;
    %free S_0x7fcbcdd23430;
    %vpi_call 2 263 "$write", "-----------------------------------\012" {0 0 0};
    %load/vec4 v0x7fcbcdd23fb0_0;
    %addi 1, 0, 32;
    %store/vec4 v0x7fcbcdd23fb0_0, 0, 32;
    %jmp T_2.43;
T_2.44 ;
    %vpi_call 2 265 "$write", "\012\012************************************************************************************\012" {0 0 0};
    %vpi_call 2 266 "$write", "************************************************************************************\012\012" {0 0 0};
    %pushi/vec4 6, 0, 3;
    %store/vec4 v0x7fcbcdd24270_0, 0, 3;
    %vpi_call 2 271 "$write", "\012test increment  ,  select =  %b  ,  a[3:0] + 1 --> Y[3:0]\012\012", v0x7fcbcdd24270_0 {0 0 0};
    %vpi_call 2 272 "$write", "   a    |   b     |  Y     S_O  U_O             signed              unsigned\012" {0 0 0};
    %vpi_call 2 273 "$write", "------------------------------------------------------------------------------------\012" {0 0 0};
    %pushi/vec4 0, 0, 32;
    %store/vec4 v0x7fcbcdd23fb0_0, 0, 32;
T_2.50 ;
    %load/vec4 v0x7fcbcdd23fb0_0;
    %cmpi/s 4, 0, 32;
    %jmp/0xz T_2.51, 5;
    %load/vec4 v0x7fcbcdd23fb0_0;
    %dup/vec4;
    %pushi/vec4 0, 0, 32;
    %cmp/u;
    %jmp/1 T_2.52, 6;
    %dup/vec4;
    %pushi/vec4 1, 0, 32;
    %cmp/u;
    %jmp/1 T_2.53, 6;
    %dup/vec4;
    %pushi/vec4 2, 0, 32;
    %cmp/u;
    %jmp/1 T_2.54, 6;
    %dup/vec4;
    %pushi/vec4 3, 0, 32;
    %cmp/u;
    %jmp/1 T_2.55, 6;
    %jmp T_2.56;
T_2.52 ;
    %pushi/vec4 3, 0, 4;
    %store/vec4 v0x7fcbcdd24040_0, 0, 4;
    %pushi/vec4 7, 0, 4;
    %store/vec4 v0x7fcbcdd240f0_0, 0, 4;
    %jmp T_2.56;
T_2.53 ;
    %pushi/vec4 1, 0, 4;
    %store/vec4 v0x7fcbcdd24040_0, 0, 4;
    %pushi/vec4 15, 0, 4;
    %store/vec4 v0x7fcbcdd240f0_0, 0, 4;
    %jmp T_2.56;
T_2.54 ;
    %pushi/vec4 9, 0, 4;
    %store/vec4 v0x7fcbcdd24040_0, 0, 4;
    %pushi/vec4 1, 0, 4;
    %store/vec4 v0x7fcbcdd240f0_0, 0, 4;
    %jmp T_2.56;
T_2.55 ;
    %pushi/vec4 0, 0, 4;
    %store/vec4 v0x7fcbcdd24040_0, 0, 4;
    %pushi/vec4 15, 0, 4;
    %store/vec4 v0x7fcbcdd240f0_0, 0, 4;
    %jmp T_2.56;
T_2.56 ;
    %pop/vec4 1;
    %delay 100, 0;
    %vpi_call 2 294 "$write", " %b   | %b    | %b    %b    %b", v0x7fcbcdd24040_0, v0x7fcbcdd240f0_0, v0x7fcbcdd241c0_0, v0x7fcbcdd23e60_0, v0x7fcbcdd23f20_0 {0 0 0};
    %alloc S_0x7fcbcdd23430;
    %load/vec4 v0x7fcbcdd24040_0;
    %store/vec4 v0x7fcbcdd23a00_0, 0, 4;
    %load/vec4 v0x7fcbcdd240f0_0;
    %store/vec4 v0x7fcbcdd23ab0_0, 0, 4;
    %load/vec4 v0x7fcbcdd241c0_0;
    %store/vec4 v0x7fcbcdd23b60_0, 0, 4;
    %load/vec4 v0x7fcbcdd23e60_0;
    %store/vec4 v0x7fcbcdd23d20_0, 0, 1;
    %load/vec4 v0x7fcbcdd23f20_0;
    %store/vec4 v0x7fcbcdd23dc0_0, 0, 1;
    %load/vec4 v0x7fcbcdd24270_0;
    %store/vec4 v0x7fcbcdd23c70_0, 0, 3;
    %fork TD_tb.disp_vals, S_0x7fcbcdd23430;
    %join;
    %free S_0x7fcbcdd23430;
    %vpi_call 2 297 "$write", "-----------------------------------\012" {0 0 0};
    %load/vec4 v0x7fcbcdd23fb0_0;
    %addi 1, 0, 32;
    %store/vec4 v0x7fcbcdd23fb0_0, 0, 32;
    %jmp T_2.50;
T_2.51 ;
    %vpi_call 2 299 "$write", "\012\012************************************************************************************\012" {0 0 0};
    %vpi_call 2 300 "$write", "************************************************************************************\012\012" {0 0 0};
    %pushi/vec4 7, 0, 3;
    %store/vec4 v0x7fcbcdd24270_0, 0, 3;
    %vpi_call 2 305 "$write", "\012test decrement  ,  select =  %b  ,  a[3:0] - 1 --> Y[3:0]\012\012", v0x7fcbcdd24270_0 {0 0 0};
    %vpi_call 2 306 "$write", "   a    |   b     |  Y     S_O  U_O             signed              unsigned\012" {0 0 0};
    %vpi_call 2 307 "$write", "------------------------------------------------------------------------------------\012" {0 0 0};
    %pushi/vec4 0, 0, 32;
    %store/vec4 v0x7fcbcdd23fb0_0, 0, 32;
T_2.57 ;
    %load/vec4 v0x7fcbcdd23fb0_0;
    %cmpi/s 4, 0, 32;
    %jmp/0xz T_2.58, 5;
    %load/vec4 v0x7fcbcdd23fb0_0;
    %dup/vec4;
    %pushi/vec4 0, 0, 32;
    %cmp/u;
    %jmp/1 T_2.59, 6;
    %dup/vec4;
    %pushi/vec4 1, 0, 32;
    %cmp/u;
    %jmp/1 T_2.60, 6;
    %dup/vec4;
    %pushi/vec4 2, 0, 32;
    %cmp/u;
    %jmp/1 T_2.61, 6;
    %dup/vec4;
    %pushi/vec4 3, 0, 32;
    %cmp/u;
    %jmp/1 T_2.62, 6;
    %jmp T_2.63;
T_2.59 ;
    %pushi/vec4 3, 0, 4;
    %store/vec4 v0x7fcbcdd24040_0, 0, 4;
    %pushi/vec4 7, 0, 4;
    %store/vec4 v0x7fcbcdd240f0_0, 0, 4;
    %jmp T_2.63;
T_2.60 ;
    %pushi/vec4 1, 0, 4;
    %store/vec4 v0x7fcbcdd24040_0, 0, 4;
    %pushi/vec4 15, 0, 4;
    %store/vec4 v0x7fcbcdd240f0_0, 0, 4;
    %jmp T_2.63;
T_2.61 ;
    %pushi/vec4 9, 0, 4;
    %store/vec4 v0x7fcbcdd24040_0, 0, 4;
    %pushi/vec4 1, 0, 4;
    %store/vec4 v0x7fcbcdd240f0_0, 0, 4;
    %jmp T_2.63;
T_2.62 ;
    %pushi/vec4 0, 0, 4;
    %store/vec4 v0x7fcbcdd24040_0, 0, 4;
    %pushi/vec4 15, 0, 4;
    %store/vec4 v0x7fcbcdd240f0_0, 0, 4;
    %jmp T_2.63;
T_2.63 ;
    %pop/vec4 1;
    %delay 100, 0;
    %vpi_call 2 328 "$write", " %b   | %b    | %b    %b    %b", v0x7fcbcdd24040_0, v0x7fcbcdd240f0_0, v0x7fcbcdd241c0_0, v0x7fcbcdd23e60_0, v0x7fcbcdd23f20_0 {0 0 0};
    %alloc S_0x7fcbcdd23430;
    %load/vec4 v0x7fcbcdd24040_0;
    %store/vec4 v0x7fcbcdd23a00_0, 0, 4;
    %load/vec4 v0x7fcbcdd240f0_0;
    %store/vec4 v0x7fcbcdd23ab0_0, 0, 4;
    %load/vec4 v0x7fcbcdd241c0_0;
    %store/vec4 v0x7fcbcdd23b60_0, 0, 4;
    %load/vec4 v0x7fcbcdd23e60_0;
    %store/vec4 v0x7fcbcdd23d20_0, 0, 1;
    %load/vec4 v0x7fcbcdd23f20_0;
    %store/vec4 v0x7fcbcdd23dc0_0, 0, 1;
    %load/vec4 v0x7fcbcdd24270_0;
    %store/vec4 v0x7fcbcdd23c70_0, 0, 3;
    %fork TD_tb.disp_vals, S_0x7fcbcdd23430;
    %join;
    %free S_0x7fcbcdd23430;
    %vpi_call 2 331 "$write", "-----------------------------------\012" {0 0 0};
    %load/vec4 v0x7fcbcdd23fb0_0;
    %addi 1, 0, 32;
    %store/vec4 v0x7fcbcdd23fb0_0, 0, 32;
    %jmp T_2.57;
T_2.58 ;
    %vpi_call 2 333 "$write", "\012\012************************************************************************************\012" {0 0 0};
    %vpi_call 2 334 "$write", "************************************************************************************\012\012" {0 0 0};
    %delay 100, 0;
    %vpi_call 2 338 "$write", "\012\012\011\011 ~ ~ ~ TEST COMPLETE ~ ~ ~\012\012" {0 0 0};
    %vpi_call 2 339 "$finish" {0 0 0};
    %end;
    .thread T_2;
# The file index is used to find the file name in the following table.
:file_names 3;
    "N/A";
    "<interactive>";
    "aluu.v";
