#! /usr/local/Cellar/icarus-verilog/11.0/bin/vvp
:ivl_version "11.0 (stable)";
:ivl_delay_selection "TYPICAL";
:vpi_time_precision - 10;
:vpi_module "/usr/local/Cellar/icarus-verilog/11.0/lib/ivl/system.vpi";
:vpi_module "/usr/local/Cellar/icarus-verilog/11.0/lib/ivl/vhdl_sys.vpi";
:vpi_module "/usr/local/Cellar/icarus-verilog/11.0/lib/ivl/vhdl_textio.vpi";
:vpi_module "/usr/local/Cellar/icarus-verilog/11.0/lib/ivl/v2005_math.vpi";
:vpi_module "/usr/local/Cellar/icarus-verilog/11.0/lib/ivl/va_math.vpi";
S_0x7ff66f427e60 .scope module, "tb" "tb" 2 17;
 .timescale -9 -10;
v0x7ff66f45eb40_0 .net "SO", 0 0, v0x7ff66f45dd80_0;  1 drivers
v0x7ff66f45ec00_0 .net "UO", 0 0, v0x7ff66f45df80_0;  1 drivers
v0x7ff66f45ec90_0 .var/i "idxA", 31 0;
v0x7ff66f45ed20_0 .var/i "idxB", 31 0;
v0x7ff66f45edc0_0 .var "inA", 3 0;
v0x7ff66f45eea0_0 .var "inB", 3 0;
v0x7ff66f45ef50_0 .net "outY", 3 0, v0x7ff66f45dc90_0;  1 drivers
v0x7ff66f45f000_0 .var "selt", 2 0;
v0x7ff66f45f0b0_0 .var "temp", 4 0;
S_0x7ff66f427fd0 .scope module, "DUT" "imp_alu" 2 29, 2 320 0, S_0x7ff66f427e60;
 .timescale -9 -10;
    .port_info 0 /OUTPUT 4 "out_y";
    .port_info 1 /OUTPUT 1 "s_o";
    .port_info 2 /OUTPUT 1 "u_o";
    .port_info 3 /INPUT 4 "in_a";
    .port_info 4 /INPUT 4 "in_b";
    .port_info 5 /INPUT 3 "sel";
v0x7ff66f404970_0 .var "catch", 2 0;
v0x7ff66f45daa0_0 .net "in_a", 3 0, v0x7ff66f45edc0_0;  1 drivers
v0x7ff66f45db40_0 .net "in_b", 3 0, v0x7ff66f45eea0_0;  1 drivers
v0x7ff66f45dbf0_0 .var "out_c3", 0 0;
v0x7ff66f45dc90_0 .var "out_y", 3 0;
v0x7ff66f45dd80_0 .var "s_o", 0 0;
v0x7ff66f45de20_0 .net "sel", 2 0, v0x7ff66f45f000_0;  1 drivers
v0x7ff66f45ded0_0 .var "temp", 4 0;
v0x7ff66f45df80_0 .var "u_o", 0 0;
E_0x7ff66f4293a0/0 .event edge, v0x7ff66f45de20_0, v0x7ff66f45daa0_0, v0x7ff66f45db40_0, v0x7ff66f45ded0_0;
E_0x7ff66f4293a0/1 .event edge, v0x7ff66f45dbf0_0;
E_0x7ff66f4293a0 .event/or E_0x7ff66f4293a0/0, E_0x7ff66f4293a0/1;
S_0x7ff66f45e110 .scope autotask, "disp_vals" "disp_vals" 2 230, 2 230 0, S_0x7ff66f427e60;
 .timescale -9 -10;
v0x7ff66f45e2d0_0 .var/i "intA_s", 31 0;
v0x7ff66f45e360_0 .var/i "intA_u", 31 0;
v0x7ff66f45e3f0_0 .var/i "intB_s", 31 0;
v0x7ff66f45e490_0 .var/i "intB_u", 31 0;
v0x7ff66f45e540_0 .var/i "intY_s", 31 0;
v0x7ff66f45e630_0 .var/i "intY_u", 31 0;
v0x7ff66f45e6e0_0 .var "regA", 3 0;
v0x7ff66f45e790_0 .var "regB", 3 0;
v0x7ff66f45e840_0 .var "regY", 3 0;
v0x7ff66f45e950_0 .var "selector", 2 0;
v0x7ff66f45ea00_0 .var "so", 0 0;
v0x7ff66f45eaa0_0 .var "uo", 0 0;
TD_tb.disp_vals ;
    %load/vec4 v0x7ff66f45e6e0_0;
    %dup/vec4;
    %pushi/vec4 0, 0, 4;
    %cmp/u;
    %jmp/1 T_0.0, 6;
    %dup/vec4;
    %pushi/vec4 1, 0, 4;
    %cmp/u;
    %jmp/1 T_0.1, 6;
    %dup/vec4;
    %pushi/vec4 2, 0, 4;
    %cmp/u;
    %jmp/1 T_0.2, 6;
    %dup/vec4;
    %pushi/vec4 3, 0, 4;
    %cmp/u;
    %jmp/1 T_0.3, 6;
    %dup/vec4;
    %pushi/vec4 4, 0, 4;
    %cmp/u;
    %jmp/1 T_0.4, 6;
    %dup/vec4;
    %pushi/vec4 5, 0, 4;
    %cmp/u;
    %jmp/1 T_0.5, 6;
    %dup/vec4;
    %pushi/vec4 6, 0, 4;
    %cmp/u;
    %jmp/1 T_0.6, 6;
    %dup/vec4;
    %pushi/vec4 7, 0, 4;
    %cmp/u;
    %jmp/1 T_0.7, 6;
    %dup/vec4;
    %pushi/vec4 8, 0, 4;
    %cmp/u;
    %jmp/1 T_0.8, 6;
    %dup/vec4;
    %pushi/vec4 9, 0, 4;
    %cmp/u;
    %jmp/1 T_0.9, 6;
    %dup/vec4;
    %pushi/vec4 10, 0, 4;
    %cmp/u;
    %jmp/1 T_0.10, 6;
    %dup/vec4;
    %pushi/vec4 11, 0, 4;
    %cmp/u;
    %jmp/1 T_0.11, 6;
    %dup/vec4;
    %pushi/vec4 12, 0, 4;
    %cmp/u;
    %jmp/1 T_0.12, 6;
    %dup/vec4;
    %pushi/vec4 13, 0, 4;
    %cmp/u;
    %jmp/1 T_0.13, 6;
    %dup/vec4;
    %pushi/vec4 14, 0, 4;
    %cmp/u;
    %jmp/1 T_0.14, 6;
    %dup/vec4;
    %pushi/vec4 15, 0, 4;
    %cmp/u;
    %jmp/1 T_0.15, 6;
    %jmp T_0.16;
T_0.0 ;
    %pushi/vec4 0, 0, 32;
    %store/vec4 v0x7ff66f45e360_0, 0, 32;
    %pushi/vec4 0, 0, 32;
    %store/vec4 v0x7ff66f45e2d0_0, 0, 32;
    %jmp T_0.16;
T_0.1 ;
    %pushi/vec4 1, 0, 32;
    %store/vec4 v0x7ff66f45e360_0, 0, 32;
    %pushi/vec4 1, 0, 32;
    %store/vec4 v0x7ff66f45e2d0_0, 0, 32;
    %jmp T_0.16;
T_0.2 ;
    %pushi/vec4 2, 0, 32;
    %store/vec4 v0x7ff66f45e360_0, 0, 32;
    %pushi/vec4 2, 0, 32;
    %store/vec4 v0x7ff66f45e2d0_0, 0, 32;
    %jmp T_0.16;
T_0.3 ;
    %pushi/vec4 3, 0, 32;
    %store/vec4 v0x7ff66f45e360_0, 0, 32;
    %pushi/vec4 3, 0, 32;
    %store/vec4 v0x7ff66f45e2d0_0, 0, 32;
    %jmp T_0.16;
T_0.4 ;
    %pushi/vec4 4, 0, 32;
    %store/vec4 v0x7ff66f45e360_0, 0, 32;
    %pushi/vec4 4, 0, 32;
    %store/vec4 v0x7ff66f45e2d0_0, 0, 32;
    %jmp T_0.16;
T_0.5 ;
    %pushi/vec4 5, 0, 32;
    %store/vec4 v0x7ff66f45e360_0, 0, 32;
    %pushi/vec4 5, 0, 32;
    %store/vec4 v0x7ff66f45e2d0_0, 0, 32;
    %jmp T_0.16;
T_0.6 ;
    %pushi/vec4 6, 0, 32;
    %store/vec4 v0x7ff66f45e360_0, 0, 32;
    %pushi/vec4 6, 0, 32;
    %store/vec4 v0x7ff66f45e2d0_0, 0, 32;
    %jmp T_0.16;
T_0.7 ;
    %pushi/vec4 7, 0, 32;
    %store/vec4 v0x7ff66f45e360_0, 0, 32;
    %pushi/vec4 7, 0, 32;
    %store/vec4 v0x7ff66f45e2d0_0, 0, 32;
    %jmp T_0.16;
T_0.8 ;
    %pushi/vec4 8, 0, 32;
    %store/vec4 v0x7ff66f45e360_0, 0, 32;
    %pushi/vec4 4294967288, 0, 32;
    %store/vec4 v0x7ff66f45e2d0_0, 0, 32;
    %jmp T_0.16;
T_0.9 ;
    %pushi/vec4 9, 0, 32;
    %store/vec4 v0x7ff66f45e360_0, 0, 32;
    %pushi/vec4 4294967289, 0, 32;
    %store/vec4 v0x7ff66f45e2d0_0, 0, 32;
    %jmp T_0.16;
T_0.10 ;
    %pushi/vec4 10, 0, 32;
    %store/vec4 v0x7ff66f45e360_0, 0, 32;
    %pushi/vec4 4294967290, 0, 32;
    %store/vec4 v0x7ff66f45e2d0_0, 0, 32;
    %jmp T_0.16;
T_0.11 ;
    %pushi/vec4 11, 0, 32;
    %store/vec4 v0x7ff66f45e360_0, 0, 32;
    %pushi/vec4 4294967291, 0, 32;
    %store/vec4 v0x7ff66f45e2d0_0, 0, 32;
    %jmp T_0.16;
T_0.12 ;
    %pushi/vec4 12, 0, 32;
    %store/vec4 v0x7ff66f45e360_0, 0, 32;
    %pushi/vec4 4294967292, 0, 32;
    %store/vec4 v0x7ff66f45e2d0_0, 0, 32;
    %jmp T_0.16;
T_0.13 ;
    %pushi/vec4 13, 0, 32;
    %store/vec4 v0x7ff66f45e360_0, 0, 32;
    %pushi/vec4 4294967293, 0, 32;
    %store/vec4 v0x7ff66f45e2d0_0, 0, 32;
    %jmp T_0.16;
T_0.14 ;
    %pushi/vec4 14, 0, 32;
    %store/vec4 v0x7ff66f45e360_0, 0, 32;
    %pushi/vec4 4294967294, 0, 32;
    %store/vec4 v0x7ff66f45e2d0_0, 0, 32;
    %jmp T_0.16;
T_0.15 ;
    %pushi/vec4 15, 0, 32;
    %store/vec4 v0x7ff66f45e360_0, 0, 32;
    %pushi/vec4 4294967295, 0, 32;
    %store/vec4 v0x7ff66f45e2d0_0, 0, 32;
    %jmp T_0.16;
T_0.16 ;
    %pop/vec4 1;
    %load/vec4 v0x7ff66f45e790_0;
    %dup/vec4;
    %pushi/vec4 0, 0, 4;
    %cmp/u;
    %jmp/1 T_0.17, 6;
    %dup/vec4;
    %pushi/vec4 1, 0, 4;
    %cmp/u;
    %jmp/1 T_0.18, 6;
    %dup/vec4;
    %pushi/vec4 2, 0, 4;
    %cmp/u;
    %jmp/1 T_0.19, 6;
    %dup/vec4;
    %pushi/vec4 3, 0, 4;
    %cmp/u;
    %jmp/1 T_0.20, 6;
    %dup/vec4;
    %pushi/vec4 4, 0, 4;
    %cmp/u;
    %jmp/1 T_0.21, 6;
    %dup/vec4;
    %pushi/vec4 5, 0, 4;
    %cmp/u;
    %jmp/1 T_0.22, 6;
    %dup/vec4;
    %pushi/vec4 6, 0, 4;
    %cmp/u;
    %jmp/1 T_0.23, 6;
    %dup/vec4;
    %pushi/vec4 7, 0, 4;
    %cmp/u;
    %jmp/1 T_0.24, 6;
    %dup/vec4;
    %pushi/vec4 8, 0, 4;
    %cmp/u;
    %jmp/1 T_0.25, 6;
    %dup/vec4;
    %pushi/vec4 9, 0, 4;
    %cmp/u;
    %jmp/1 T_0.26, 6;
    %dup/vec4;
    %pushi/vec4 10, 0, 4;
    %cmp/u;
    %jmp/1 T_0.27, 6;
    %dup/vec4;
    %pushi/vec4 11, 0, 4;
    %cmp/u;
    %jmp/1 T_0.28, 6;
    %dup/vec4;
    %pushi/vec4 12, 0, 4;
    %cmp/u;
    %jmp/1 T_0.29, 6;
    %dup/vec4;
    %pushi/vec4 13, 0, 4;
    %cmp/u;
    %jmp/1 T_0.30, 6;
    %dup/vec4;
    %pushi/vec4 14, 0, 4;
    %cmp/u;
    %jmp/1 T_0.31, 6;
    %dup/vec4;
    %pushi/vec4 15, 0, 4;
    %cmp/u;
    %jmp/1 T_0.32, 6;
    %jmp T_0.33;
T_0.17 ;
    %pushi/vec4 0, 0, 32;
    %store/vec4 v0x7ff66f45e490_0, 0, 32;
    %pushi/vec4 0, 0, 32;
    %store/vec4 v0x7ff66f45e3f0_0, 0, 32;
    %jmp T_0.33;
T_0.18 ;
    %pushi/vec4 1, 0, 32;
    %store/vec4 v0x7ff66f45e490_0, 0, 32;
    %pushi/vec4 1, 0, 32;
    %store/vec4 v0x7ff66f45e3f0_0, 0, 32;
    %jmp T_0.33;
T_0.19 ;
    %pushi/vec4 2, 0, 32;
    %store/vec4 v0x7ff66f45e490_0, 0, 32;
    %pushi/vec4 2, 0, 32;
    %store/vec4 v0x7ff66f45e3f0_0, 0, 32;
    %jmp T_0.33;
T_0.20 ;
    %pushi/vec4 3, 0, 32;
    %store/vec4 v0x7ff66f45e490_0, 0, 32;
    %pushi/vec4 3, 0, 32;
    %store/vec4 v0x7ff66f45e3f0_0, 0, 32;
    %jmp T_0.33;
T_0.21 ;
    %pushi/vec4 4, 0, 32;
    %store/vec4 v0x7ff66f45e490_0, 0, 32;
    %pushi/vec4 4, 0, 32;
    %store/vec4 v0x7ff66f45e3f0_0, 0, 32;
    %jmp T_0.33;
T_0.22 ;
    %pushi/vec4 5, 0, 32;
    %store/vec4 v0x7ff66f45e490_0, 0, 32;
    %pushi/vec4 5, 0, 32;
    %store/vec4 v0x7ff66f45e3f0_0, 0, 32;
    %jmp T_0.33;
T_0.23 ;
    %pushi/vec4 6, 0, 32;
    %store/vec4 v0x7ff66f45e490_0, 0, 32;
    %pushi/vec4 6, 0, 32;
    %store/vec4 v0x7ff66f45e3f0_0, 0, 32;
    %jmp T_0.33;
T_0.24 ;
    %pushi/vec4 7, 0, 32;
    %store/vec4 v0x7ff66f45e490_0, 0, 32;
    %pushi/vec4 7, 0, 32;
    %store/vec4 v0x7ff66f45e3f0_0, 0, 32;
    %jmp T_0.33;
T_0.25 ;
    %pushi/vec4 8, 0, 32;
    %store/vec4 v0x7ff66f45e490_0, 0, 32;
    %pushi/vec4 4294967288, 0, 32;
    %store/vec4 v0x7ff66f45e3f0_0, 0, 32;
    %jmp T_0.33;
T_0.26 ;
    %pushi/vec4 9, 0, 32;
    %store/vec4 v0x7ff66f45e490_0, 0, 32;
    %pushi/vec4 4294967289, 0, 32;
    %store/vec4 v0x7ff66f45e3f0_0, 0, 32;
    %jmp T_0.33;
T_0.27 ;
    %pushi/vec4 10, 0, 32;
    %store/vec4 v0x7ff66f45e490_0, 0, 32;
    %pushi/vec4 4294967290, 0, 32;
    %store/vec4 v0x7ff66f45e3f0_0, 0, 32;
    %jmp T_0.33;
T_0.28 ;
    %pushi/vec4 11, 0, 32;
    %store/vec4 v0x7ff66f45e490_0, 0, 32;
    %pushi/vec4 4294967291, 0, 32;
    %store/vec4 v0x7ff66f45e3f0_0, 0, 32;
    %jmp T_0.33;
T_0.29 ;
    %pushi/vec4 12, 0, 32;
    %store/vec4 v0x7ff66f45e490_0, 0, 32;
    %pushi/vec4 4294967292, 0, 32;
    %store/vec4 v0x7ff66f45e3f0_0, 0, 32;
    %jmp T_0.33;
T_0.30 ;
    %pushi/vec4 13, 0, 32;
    %store/vec4 v0x7ff66f45e490_0, 0, 32;
    %pushi/vec4 4294967293, 0, 32;
    %store/vec4 v0x7ff66f45e3f0_0, 0, 32;
    %jmp T_0.33;
T_0.31 ;
    %pushi/vec4 14, 0, 32;
    %store/vec4 v0x7ff66f45e490_0, 0, 32;
    %pushi/vec4 4294967294, 0, 32;
    %store/vec4 v0x7ff66f45e3f0_0, 0, 32;
    %jmp T_0.33;
T_0.32 ;
    %pushi/vec4 15, 0, 32;
    %store/vec4 v0x7ff66f45e490_0, 0, 32;
    %pushi/vec4 4294967295, 0, 32;
    %store/vec4 v0x7ff66f45e3f0_0, 0, 32;
    %jmp T_0.33;
T_0.33 ;
    %pop/vec4 1;
    %load/vec4 v0x7ff66f45e950_0;
    %cmpi/e 4, 0, 3;
    %jmp/0xz  T_0.34, 4;
    %load/vec4 v0x7ff66f45e360_0;
    %load/vec4 v0x7ff66f45e490_0;
    %add;
    %store/vec4 v0x7ff66f45e630_0, 0, 32;
    %load/vec4 v0x7ff66f45e2d0_0;
    %load/vec4 v0x7ff66f45e3f0_0;
    %add;
    %store/vec4 v0x7ff66f45e540_0, 0, 32;
    %vpi_call 2 288 "$write", "  ~~~~  %3d + %3d = %3d   <*>   %3d + %3d = %3d\012", v0x7ff66f45e2d0_0, v0x7ff66f45e3f0_0, v0x7ff66f45e540_0, v0x7ff66f45e360_0, v0x7ff66f45e490_0, v0x7ff66f45e630_0 {0 0 0};
T_0.34 ;
    %load/vec4 v0x7ff66f45e950_0;
    %cmpi/e 5, 0, 3;
    %jmp/0xz  T_0.36, 4;
    %load/vec4 v0x7ff66f45e360_0;
    %load/vec4 v0x7ff66f45e490_0;
    %sub;
    %store/vec4 v0x7ff66f45e630_0, 0, 32;
    %load/vec4 v0x7ff66f45e2d0_0;
    %load/vec4 v0x7ff66f45e3f0_0;
    %sub;
    %store/vec4 v0x7ff66f45e540_0, 0, 32;
    %vpi_call 2 294 "$write", "  ~~~~  %3d - %3d = %3d   <*>   %3d - %3d = %3d\012", v0x7ff66f45e2d0_0, v0x7ff66f45e3f0_0, v0x7ff66f45e540_0, v0x7ff66f45e360_0, v0x7ff66f45e490_0, v0x7ff66f45e630_0 {0 0 0};
T_0.36 ;
    %load/vec4 v0x7ff66f45e950_0;
    %cmpi/e 6, 0, 3;
    %jmp/0xz  T_0.38, 4;
    %load/vec4 v0x7ff66f45e360_0;
    %addi 1, 0, 32;
    %store/vec4 v0x7ff66f45e630_0, 0, 32;
    %load/vec4 v0x7ff66f45e2d0_0;
    %addi 1, 0, 32;
    %store/vec4 v0x7ff66f45e540_0, 0, 32;
    %vpi_call 2 300 "$write", "  ~~~~  %3d + 1 = %3d   <*>   %3d + 1 = %3d\012", v0x7ff66f45e2d0_0, v0x7ff66f45e540_0, v0x7ff66f45e360_0, v0x7ff66f45e630_0 {0 0 0};
T_0.38 ;
    %load/vec4 v0x7ff66f45e950_0;
    %cmpi/e 7, 0, 3;
    %jmp/0xz  T_0.40, 4;
    %load/vec4 v0x7ff66f45e360_0;
    %subi 1, 0, 32;
    %store/vec4 v0x7ff66f45e630_0, 0, 32;
    %load/vec4 v0x7ff66f45e2d0_0;
    %subi 1, 0, 32;
    %store/vec4 v0x7ff66f45e540_0, 0, 32;
    %vpi_call 2 306 "$write", "  ~~~~  %3d - 1 = %3d   <*>   %3d - 1 = %3d\012", v0x7ff66f45e2d0_0, v0x7ff66f45e540_0, v0x7ff66f45e360_0, v0x7ff66f45e630_0 {0 0 0};
T_0.40 ;
    %end;
    .scope S_0x7ff66f427fd0;
T_1 ;
    %wait E_0x7ff66f4293a0;
    %pushi/vec4 0, 0, 1;
    %store/vec4 v0x7ff66f45dd80_0, 0, 1;
    %pushi/vec4 0, 0, 1;
    %store/vec4 v0x7ff66f45df80_0, 0, 1;
    %load/vec4 v0x7ff66f45de20_0;
    %dup/vec4;
    %pushi/vec4 0, 0, 3;
    %cmp/u;
    %jmp/1 T_1.0, 6;
    %dup/vec4;
    %pushi/vec4 1, 0, 3;
    %cmp/u;
    %jmp/1 T_1.1, 6;
    %dup/vec4;
    %pushi/vec4 2, 0, 3;
    %cmp/u;
    %jmp/1 T_1.2, 6;
    %dup/vec4;
    %pushi/vec4 3, 0, 3;
    %cmp/u;
    %jmp/1 T_1.3, 6;
    %dup/vec4;
    %pushi/vec4 4, 0, 3;
    %cmp/u;
    %jmp/1 T_1.4, 6;
    %dup/vec4;
    %pushi/vec4 5, 0, 3;
    %cmp/u;
    %jmp/1 T_1.5, 6;
    %dup/vec4;
    %pushi/vec4 6, 0, 3;
    %cmp/u;
    %jmp/1 T_1.6, 6;
    %dup/vec4;
    %pushi/vec4 7, 0, 3;
    %cmp/u;
    %jmp/1 T_1.7, 6;
    %jmp T_1.8;
T_1.0 ;
    %load/vec4 v0x7ff66f45daa0_0;
    %store/vec4 v0x7ff66f45dc90_0, 0, 4;
    %jmp T_1.8;
T_1.1 ;
    %load/vec4 v0x7ff66f45daa0_0;
    %load/vec4 v0x7ff66f45db40_0;
    %and;
    %store/vec4 v0x7ff66f45dc90_0, 0, 4;
    %jmp T_1.8;
T_1.2 ;
    %load/vec4 v0x7ff66f45daa0_0;
    %load/vec4 v0x7ff66f45db40_0;
    %or;
    %store/vec4 v0x7ff66f45dc90_0, 0, 4;
    %jmp T_1.8;
T_1.3 ;
    %load/vec4 v0x7ff66f45daa0_0;
    %inv;
    %store/vec4 v0x7ff66f45dc90_0, 0, 4;
    %jmp T_1.8;
T_1.4 ;
    %load/vec4 v0x7ff66f45daa0_0;
    %pad/u 5;
    %load/vec4 v0x7ff66f45db40_0;
    %pad/u 5;
    %add;
    %store/vec4 v0x7ff66f45ded0_0, 0, 5;
    %load/vec4 v0x7ff66f45ded0_0;
    %parti/s 4, 0, 2;
    %store/vec4 v0x7ff66f45dc90_0, 0, 4;
    %load/vec4 v0x7ff66f45daa0_0;
    %parti/s 3, 0, 2;
    %pad/u 4;
    %load/vec4 v0x7ff66f45db40_0;
    %parti/s 3, 0, 2;
    %pad/u 4;
    %add;
    %split/vec4 3;
    %store/vec4 v0x7ff66f404970_0, 0, 3;
    %store/vec4 v0x7ff66f45dbf0_0, 0, 1;
    %load/vec4 v0x7ff66f45dbf0_0;
    %load/vec4 v0x7ff66f45ded0_0;
    %parti/s 1, 4, 4;
    %xor;
    %store/vec4 v0x7ff66f45dd80_0, 0, 1;
    %load/vec4 v0x7ff66f45ded0_0;
    %parti/s 1, 4, 4;
    %store/vec4 v0x7ff66f45df80_0, 0, 1;
    %jmp T_1.8;
T_1.5 ;
    %load/vec4 v0x7ff66f45daa0_0;
    %pad/u 5;
    %load/vec4 v0x7ff66f45db40_0;
    %pad/u 5;
    %inv;
    %addi 1, 0, 5;
    %add;
    %store/vec4 v0x7ff66f45ded0_0, 0, 5;
    %load/vec4 v0x7ff66f45ded0_0;
    %parti/s 4, 0, 2;
    %store/vec4 v0x7ff66f45dc90_0, 0, 4;
    %load/vec4 v0x7ff66f45daa0_0;
    %parti/s 3, 0, 2;
    %pad/u 4;
    %load/vec4 v0x7ff66f45db40_0;
    %parti/s 3, 0, 2;
    %pad/u 4;
    %inv;
    %addi 1, 0, 4;
    %add;
    %split/vec4 3;
    %store/vec4 v0x7ff66f404970_0, 0, 3;
    %store/vec4 v0x7ff66f45dbf0_0, 0, 1;
    %load/vec4 v0x7ff66f45dbf0_0;
    %load/vec4 v0x7ff66f45ded0_0;
    %parti/s 1, 4, 4;
    %xor;
    %store/vec4 v0x7ff66f45dd80_0, 0, 1;
    %load/vec4 v0x7ff66f45ded0_0;
    %parti/s 1, 4, 4;
    %store/vec4 v0x7ff66f45df80_0, 0, 1;
    %jmp T_1.8;
T_1.6 ;
    %load/vec4 v0x7ff66f45daa0_0;
    %pad/u 5;
    %addi 1, 0, 5;
    %store/vec4 v0x7ff66f45ded0_0, 0, 5;
    %load/vec4 v0x7ff66f45ded0_0;
    %parti/s 4, 0, 2;
    %store/vec4 v0x7ff66f45dc90_0, 0, 4;
    %load/vec4 v0x7ff66f45daa0_0;
    %parti/s 3, 0, 2;
    %pad/u 4;
    %addi 1, 0, 4;
    %split/vec4 3;
    %store/vec4 v0x7ff66f404970_0, 0, 3;
    %store/vec4 v0x7ff66f45dbf0_0, 0, 1;
    %load/vec4 v0x7ff66f45dbf0_0;
    %load/vec4 v0x7ff66f45ded0_0;
    %parti/s 1, 4, 4;
    %xor;
    %store/vec4 v0x7ff66f45dd80_0, 0, 1;
    %load/vec4 v0x7ff66f45ded0_0;
    %parti/s 1, 4, 4;
    %store/vec4 v0x7ff66f45df80_0, 0, 1;
    %jmp T_1.8;
T_1.7 ;
    %load/vec4 v0x7ff66f45daa0_0;
    %pad/u 5;
    %addi 15, 0, 5;
    %store/vec4 v0x7ff66f45ded0_0, 0, 5;
    %load/vec4 v0x7ff66f45ded0_0;
    %parti/s 4, 0, 2;
    %store/vec4 v0x7ff66f45dc90_0, 0, 4;
    %load/vec4 v0x7ff66f45daa0_0;
    %parti/s 3, 0, 2;
    %pad/u 4;
    %addi 7, 0, 4;
    %split/vec4 3;
    %store/vec4 v0x7ff66f404970_0, 0, 3;
    %store/vec4 v0x7ff66f45dbf0_0, 0, 1;
    %load/vec4 v0x7ff66f45dbf0_0;
    %load/vec4 v0x7ff66f45ded0_0;
    %parti/s 1, 4, 4;
    %xor;
    %store/vec4 v0x7ff66f45dd80_0, 0, 1;
    %pushi/vec4 0, 0, 1;
    %store/vec4 v0x7ff66f45df80_0, 0, 1;
    %jmp T_1.8;
T_1.8 ;
    %pop/vec4 1;
    %jmp T_1;
    .thread T_1, $push;
    .scope S_0x7ff66f427e60;
T_2 ;
    %pushi/vec4 0, 0, 5;
    %store/vec4 v0x7ff66f45f0b0_0, 0, 5;
    %pushi/vec4 0, 0, 3;
    %store/vec4 v0x7ff66f45f000_0, 0, 3;
    %vpi_call 2 43 "$write", "\012test bypass  ,  select =  %b  ,  SO = 0  ,  UO = 0  ,  a[3:0] --> Y[3:0]\012\012", v0x7ff66f45f000_0 {0 0 0};
    %vpi_call 2 44 "$write", "   a    |   b     |  Y     S_O  U_O\012" {0 0 0};
    %vpi_call 2 45 "$write", "-----------------------------------\012" {0 0 0};
    %pushi/vec4 0, 0, 32;
    %store/vec4 v0x7ff66f45ec90_0, 0, 32;
T_2.0 ;
    %load/vec4 v0x7ff66f45ec90_0;
    %cmpi/s 16, 0, 32;
    %jmp/0xz T_2.1, 5;
    %load/vec4 v0x7ff66f45ec90_0;
    %pad/s 4;
    %store/vec4 v0x7ff66f45edc0_0, 0, 4;
    %pushi/vec4 0, 0, 32;
    %store/vec4 v0x7ff66f45ed20_0, 0, 32;
T_2.2 ;
    %load/vec4 v0x7ff66f45ed20_0;
    %cmpi/s 16, 0, 32;
    %jmp/0xz T_2.3, 5;
    %load/vec4 v0x7ff66f45ed20_0;
    %pad/s 4;
    %store/vec4 v0x7ff66f45eea0_0, 0, 4;
    %delay 100, 0;
    %vpi_call 2 51 "$write", " %b   | %b    | %b    %b    %b", v0x7ff66f45edc0_0, v0x7ff66f45eea0_0, v0x7ff66f45ef50_0, v0x7ff66f45eb40_0, v0x7ff66f45ec00_0 {0 0 0};
    %load/vec4 v0x7ff66f45edc0_0;
    %load/vec4 v0x7ff66f45ef50_0;
    %cmp/e;
    %jmp/0xz  T_2.4, 4;
    %vpi_call 2 54 "$write", "    CORRECT, a-> {pass}-> Y\012" {0 0 0};
    %jmp T_2.5;
T_2.4 ;
    %vpi_call 2 57 "$write", "    WRONG\012" {0 0 0};
T_2.5 ;
    %load/vec4 v0x7ff66f45ed20_0;
    %addi 1, 0, 32;
    %store/vec4 v0x7ff66f45ed20_0, 0, 32;
    %jmp T_2.2;
T_2.3 ;
    %vpi_call 2 60 "$write", "-----------------------------------\012" {0 0 0};
    %load/vec4 v0x7ff66f45ec90_0;
    %addi 1, 0, 32;
    %store/vec4 v0x7ff66f45ec90_0, 0, 32;
    %jmp T_2.0;
T_2.1 ;
    %vpi_call 2 62 "$write", "\012\012************************************************************************************\012" {0 0 0};
    %vpi_call 2 63 "$write", "************************************************************************************\012\012" {0 0 0};
    %pushi/vec4 1, 0, 3;
    %store/vec4 v0x7ff66f45f000_0, 0, 3;
    %vpi_call 2 68 "$write", "\012test AND  ,  select =  %b  ,  SO = 0  ,  UO = 0  ,  a[3:0] & b[3:0] --> Y[3:0]\012\012", v0x7ff66f45f000_0 {0 0 0};
    %vpi_call 2 69 "$write", "   a    |   b     |  Y     S_O  U_O\012" {0 0 0};
    %vpi_call 2 70 "$write", "-----------------------------------\012" {0 0 0};
    %pushi/vec4 0, 0, 32;
    %store/vec4 v0x7ff66f45ec90_0, 0, 32;
T_2.6 ;
    %load/vec4 v0x7ff66f45ec90_0;
    %cmpi/s 16, 0, 32;
    %jmp/0xz T_2.7, 5;
    %load/vec4 v0x7ff66f45ec90_0;
    %pad/s 4;
    %store/vec4 v0x7ff66f45edc0_0, 0, 4;
    %pushi/vec4 0, 0, 32;
    %store/vec4 v0x7ff66f45ed20_0, 0, 32;
T_2.8 ;
    %load/vec4 v0x7ff66f45ed20_0;
    %cmpi/s 16, 0, 32;
    %jmp/0xz T_2.9, 5;
    %load/vec4 v0x7ff66f45ed20_0;
    %pad/s 4;
    %store/vec4 v0x7ff66f45eea0_0, 0, 4;
    %load/vec4 v0x7ff66f45edc0_0;
    %pad/u 5;
    %load/vec4 v0x7ff66f45eea0_0;
    %pad/u 5;
    %and;
    %store/vec4 v0x7ff66f45f0b0_0, 0, 5;
    %delay 100, 0;
    %vpi_call 2 77 "$write", " %b   | %b    | %b    %b    %b", v0x7ff66f45edc0_0, v0x7ff66f45eea0_0, v0x7ff66f45ef50_0, v0x7ff66f45eb40_0, v0x7ff66f45ec00_0 {0 0 0};
    %load/vec4 v0x7ff66f45f0b0_0;
    %load/vec4 v0x7ff66f45ef50_0;
    %pad/u 5;
    %cmp/e;
    %jmp/0xz  T_2.10, 4;
    %vpi_call 2 80 "$write", "    CORRECT, a & b -> Y\012" {0 0 0};
    %jmp T_2.11;
T_2.10 ;
    %vpi_call 2 83 "$write", "    WRONG\012" {0 0 0};
T_2.11 ;
    %load/vec4 v0x7ff66f45ed20_0;
    %addi 1, 0, 32;
    %store/vec4 v0x7ff66f45ed20_0, 0, 32;
    %jmp T_2.8;
T_2.9 ;
    %vpi_call 2 86 "$write", "-----------------------------------\012" {0 0 0};
    %load/vec4 v0x7ff66f45ec90_0;
    %addi 1, 0, 32;
    %store/vec4 v0x7ff66f45ec90_0, 0, 32;
    %jmp T_2.6;
T_2.7 ;
    %vpi_call 2 88 "$write", "\012\012************************************************************************************\012" {0 0 0};
    %vpi_call 2 89 "$write", "************************************************************************************\012\012" {0 0 0};
    %pushi/vec4 2, 0, 3;
    %store/vec4 v0x7ff66f45f000_0, 0, 3;
    %vpi_call 2 94 "$write", "\012test OR  ,  select =  %b  ,  SO = 0  ,  UO = 0  ,  a[3:0] | b[3:0] --> Y[3:0]\012\012", v0x7ff66f45f000_0 {0 0 0};
    %vpi_call 2 95 "$write", "   a    |   b     |  Y     S_O  U_O\012" {0 0 0};
    %vpi_call 2 96 "$write", "-----------------------------------\012" {0 0 0};
    %pushi/vec4 0, 0, 32;
    %store/vec4 v0x7ff66f45ec90_0, 0, 32;
T_2.12 ;
    %load/vec4 v0x7ff66f45ec90_0;
    %cmpi/s 16, 0, 32;
    %jmp/0xz T_2.13, 5;
    %load/vec4 v0x7ff66f45ec90_0;
    %pad/s 4;
    %store/vec4 v0x7ff66f45edc0_0, 0, 4;
    %pushi/vec4 0, 0, 32;
    %store/vec4 v0x7ff66f45ed20_0, 0, 32;
T_2.14 ;
    %load/vec4 v0x7ff66f45ed20_0;
    %cmpi/s 16, 0, 32;
    %jmp/0xz T_2.15, 5;
    %load/vec4 v0x7ff66f45ed20_0;
    %pad/s 4;
    %store/vec4 v0x7ff66f45eea0_0, 0, 4;
    %load/vec4 v0x7ff66f45edc0_0;
    %pad/u 5;
    %load/vec4 v0x7ff66f45eea0_0;
    %pad/u 5;
    %or;
    %store/vec4 v0x7ff66f45f0b0_0, 0, 5;
    %delay 100, 0;
    %vpi_call 2 103 "$write", " %b   | %b    | %b    %b    %b", v0x7ff66f45edc0_0, v0x7ff66f45eea0_0, v0x7ff66f45ef50_0, v0x7ff66f45eb40_0, v0x7ff66f45ec00_0 {0 0 0};
    %load/vec4 v0x7ff66f45f0b0_0;
    %load/vec4 v0x7ff66f45ef50_0;
    %pad/u 5;
    %cmp/e;
    %jmp/0xz  T_2.16, 4;
    %vpi_call 2 106 "$write", "    CORRECT, a | b -> Y\012" {0 0 0};
    %jmp T_2.17;
T_2.16 ;
    %vpi_call 2 109 "$write", "    WRONG\012" {0 0 0};
T_2.17 ;
    %load/vec4 v0x7ff66f45ed20_0;
    %addi 1, 0, 32;
    %store/vec4 v0x7ff66f45ed20_0, 0, 32;
    %jmp T_2.14;
T_2.15 ;
    %vpi_call 2 112 "$write", "-----------------------------------\012" {0 0 0};
    %load/vec4 v0x7ff66f45ec90_0;
    %addi 1, 0, 32;
    %store/vec4 v0x7ff66f45ec90_0, 0, 32;
    %jmp T_2.12;
T_2.13 ;
    %vpi_call 2 114 "$write", "\012\012************************************************************************************\012" {0 0 0};
    %vpi_call 2 115 "$write", "************************************************************************************\012\012" {0 0 0};
    %pushi/vec4 3, 0, 3;
    %store/vec4 v0x7ff66f45f000_0, 0, 3;
    %vpi_call 2 120 "$write", "\012test NOT  ,  select =  %b  ,  SO = 0  ,  UO = 0  ,  ~a[3:0] --> Y[3:0]\012\012", v0x7ff66f45f000_0 {0 0 0};
    %vpi_call 2 121 "$write", "   a    |   b     |  Y     S_O  U_O\012" {0 0 0};
    %vpi_call 2 122 "$write", "-----------------------------------\012" {0 0 0};
    %pushi/vec4 0, 0, 32;
    %store/vec4 v0x7ff66f45ec90_0, 0, 32;
T_2.18 ;
    %load/vec4 v0x7ff66f45ec90_0;
    %cmpi/s 16, 0, 32;
    %jmp/0xz T_2.19, 5;
    %load/vec4 v0x7ff66f45ec90_0;
    %pad/s 4;
    %store/vec4 v0x7ff66f45edc0_0, 0, 4;
    %pushi/vec4 0, 0, 32;
    %store/vec4 v0x7ff66f45ed20_0, 0, 32;
T_2.20 ;
    %load/vec4 v0x7ff66f45ed20_0;
    %cmpi/s 16, 0, 32;
    %jmp/0xz T_2.21, 5;
    %load/vec4 v0x7ff66f45ed20_0;
    %pad/s 4;
    %store/vec4 v0x7ff66f45eea0_0, 0, 4;
    %load/vec4 v0x7ff66f45edc0_0;
    %inv;
    %ix/load 4, 0, 0;
    %flag_set/imm 4, 0;
    %store/vec4 v0x7ff66f45f0b0_0, 4, 4;
    %delay 100, 0;
    %vpi_call 2 129 "$write", " %b   | %b    | %b    %b    %b", v0x7ff66f45edc0_0, v0x7ff66f45eea0_0, v0x7ff66f45ef50_0, v0x7ff66f45eb40_0, v0x7ff66f45ec00_0 {0 0 0};
    %load/vec4 v0x7ff66f45f0b0_0;
    %parti/s 4, 0, 2;
    %load/vec4 v0x7ff66f45ef50_0;
    %cmp/e;
    %jmp/0xz  T_2.22, 4;
    %vpi_call 2 132 "$write", "    CORRECT, ~a -> Y\012" {0 0 0};
    %jmp T_2.23;
T_2.22 ;
    %vpi_call 2 135 "$write", "    WRONG\012" {0 0 0};
T_2.23 ;
    %load/vec4 v0x7ff66f45ed20_0;
    %addi 1, 0, 32;
    %store/vec4 v0x7ff66f45ed20_0, 0, 32;
    %jmp T_2.20;
T_2.21 ;
    %vpi_call 2 138 "$write", "-----------------------------------\012" {0 0 0};
    %load/vec4 v0x7ff66f45ec90_0;
    %addi 1, 0, 32;
    %store/vec4 v0x7ff66f45ec90_0, 0, 32;
    %jmp T_2.18;
T_2.19 ;
    %vpi_call 2 140 "$write", "\012\012************************************************************************************\012" {0 0 0};
    %vpi_call 2 141 "$write", "************************************************************************************\012\012" {0 0 0};
    %pushi/vec4 4, 0, 3;
    %store/vec4 v0x7ff66f45f000_0, 0, 3;
    %vpi_call 2 146 "$write", "\012test add  ,  select =  %b  ,  a[3:0] + b[3:0] --> Y[3:0]\012\012", v0x7ff66f45f000_0 {0 0 0};
    %vpi_call 2 147 "$write", "   a    |   b     |  Y     S_O  U_O\012" {0 0 0};
    %vpi_call 2 148 "$write", "-----------------------------------\012" {0 0 0};
    %pushi/vec4 0, 0, 32;
    %store/vec4 v0x7ff66f45ec90_0, 0, 32;
T_2.24 ;
    %load/vec4 v0x7ff66f45ec90_0;
    %cmpi/s 16, 0, 32;
    %jmp/0xz T_2.25, 5;
    %load/vec4 v0x7ff66f45ec90_0;
    %pad/s 4;
    %store/vec4 v0x7ff66f45edc0_0, 0, 4;
    %pushi/vec4 0, 0, 32;
    %store/vec4 v0x7ff66f45ed20_0, 0, 32;
T_2.26 ;
    %load/vec4 v0x7ff66f45ed20_0;
    %cmpi/s 16, 0, 32;
    %jmp/0xz T_2.27, 5;
    %load/vec4 v0x7ff66f45ed20_0;
    %pad/s 4;
    %store/vec4 v0x7ff66f45eea0_0, 0, 4;
    %delay 100, 0;
    %vpi_call 2 154 "$write", " %b   | %b    | %b    %b    %b", v0x7ff66f45edc0_0, v0x7ff66f45eea0_0, v0x7ff66f45ef50_0, v0x7ff66f45eb40_0, v0x7ff66f45ec00_0 {0 0 0};
    %alloc S_0x7ff66f45e110;
    %load/vec4 v0x7ff66f45edc0_0;
    %store/vec4 v0x7ff66f45e6e0_0, 0, 4;
    %load/vec4 v0x7ff66f45eea0_0;
    %store/vec4 v0x7ff66f45e790_0, 0, 4;
    %load/vec4 v0x7ff66f45ef50_0;
    %store/vec4 v0x7ff66f45e840_0, 0, 4;
    %load/vec4 v0x7ff66f45eb40_0;
    %store/vec4 v0x7ff66f45ea00_0, 0, 1;
    %load/vec4 v0x7ff66f45ec00_0;
    %store/vec4 v0x7ff66f45eaa0_0, 0, 1;
    %load/vec4 v0x7ff66f45f000_0;
    %store/vec4 v0x7ff66f45e950_0, 0, 3;
    %fork TD_tb.disp_vals, S_0x7ff66f45e110;
    %join;
    %free S_0x7ff66f45e110;
    %load/vec4 v0x7ff66f45ed20_0;
    %addi 1, 0, 32;
    %store/vec4 v0x7ff66f45ed20_0, 0, 32;
    %jmp T_2.26;
T_2.27 ;
    %vpi_call 2 158 "$write", "-----------------------------------\012" {0 0 0};
    %load/vec4 v0x7ff66f45ec90_0;
    %addi 1, 0, 32;
    %store/vec4 v0x7ff66f45ec90_0, 0, 32;
    %jmp T_2.24;
T_2.25 ;
    %vpi_call 2 160 "$write", "\012\012************************************************************************************\012" {0 0 0};
    %vpi_call 2 161 "$write", "************************************************************************************\012\012" {0 0 0};
    %pushi/vec4 5, 0, 3;
    %store/vec4 v0x7ff66f45f000_0, 0, 3;
    %vpi_call 2 166 "$write", "\012test subtract  ,  select =  %b  ,  a[3:0] - b[3:0] --> Y[3:0]\012\012", v0x7ff66f45f000_0 {0 0 0};
    %vpi_call 2 167 "$write", "   a    |   b     |  Y     S_O  U_O\012" {0 0 0};
    %vpi_call 2 168 "$write", "-----------------------------------\012" {0 0 0};
    %pushi/vec4 0, 0, 32;
    %store/vec4 v0x7ff66f45ec90_0, 0, 32;
T_2.28 ;
    %load/vec4 v0x7ff66f45ec90_0;
    %cmpi/s 16, 0, 32;
    %jmp/0xz T_2.29, 5;
    %load/vec4 v0x7ff66f45ec90_0;
    %pad/s 4;
    %store/vec4 v0x7ff66f45edc0_0, 0, 4;
    %pushi/vec4 0, 0, 32;
    %store/vec4 v0x7ff66f45ed20_0, 0, 32;
T_2.30 ;
    %load/vec4 v0x7ff66f45ed20_0;
    %cmpi/s 16, 0, 32;
    %jmp/0xz T_2.31, 5;
    %load/vec4 v0x7ff66f45ed20_0;
    %pad/s 4;
    %store/vec4 v0x7ff66f45eea0_0, 0, 4;
    %delay 100, 0;
    %vpi_call 2 174 "$write", " %b   | %b    | %b    %b    %b", v0x7ff66f45edc0_0, v0x7ff66f45eea0_0, v0x7ff66f45ef50_0, v0x7ff66f45eb40_0, v0x7ff66f45ec00_0 {0 0 0};
    %alloc S_0x7ff66f45e110;
    %load/vec4 v0x7ff66f45edc0_0;
    %store/vec4 v0x7ff66f45e6e0_0, 0, 4;
    %load/vec4 v0x7ff66f45eea0_0;
    %store/vec4 v0x7ff66f45e790_0, 0, 4;
    %load/vec4 v0x7ff66f45ef50_0;
    %store/vec4 v0x7ff66f45e840_0, 0, 4;
    %load/vec4 v0x7ff66f45eb40_0;
    %store/vec4 v0x7ff66f45ea00_0, 0, 1;
    %load/vec4 v0x7ff66f45ec00_0;
    %store/vec4 v0x7ff66f45eaa0_0, 0, 1;
    %load/vec4 v0x7ff66f45f000_0;
    %store/vec4 v0x7ff66f45e950_0, 0, 3;
    %fork TD_tb.disp_vals, S_0x7ff66f45e110;
    %join;
    %free S_0x7ff66f45e110;
    %load/vec4 v0x7ff66f45ed20_0;
    %addi 1, 0, 32;
    %store/vec4 v0x7ff66f45ed20_0, 0, 32;
    %jmp T_2.30;
T_2.31 ;
    %vpi_call 2 178 "$write", "-----------------------------------\012" {0 0 0};
    %load/vec4 v0x7ff66f45ec90_0;
    %addi 1, 0, 32;
    %store/vec4 v0x7ff66f45ec90_0, 0, 32;
    %jmp T_2.28;
T_2.29 ;
    %vpi_call 2 180 "$write", "\012\012************************************************************************************\012" {0 0 0};
    %vpi_call 2 181 "$write", "************************************************************************************\012\012" {0 0 0};
    %pushi/vec4 6, 0, 3;
    %store/vec4 v0x7ff66f45f000_0, 0, 3;
    %vpi_call 2 186 "$write", "\012test increment  ,  select =  %b  ,  a[3:0] + 1 --> Y[3:0]\012\012", v0x7ff66f45f000_0 {0 0 0};
    %vpi_call 2 187 "$write", "   a    |   b     |  Y     S_O  U_O\012" {0 0 0};
    %vpi_call 2 188 "$write", "-----------------------------------\012" {0 0 0};
    %pushi/vec4 0, 0, 32;
    %store/vec4 v0x7ff66f45ec90_0, 0, 32;
T_2.32 ;
    %load/vec4 v0x7ff66f45ec90_0;
    %cmpi/s 16, 0, 32;
    %jmp/0xz T_2.33, 5;
    %load/vec4 v0x7ff66f45ec90_0;
    %pad/s 4;
    %store/vec4 v0x7ff66f45edc0_0, 0, 4;
    %pushi/vec4 0, 0, 32;
    %store/vec4 v0x7ff66f45ed20_0, 0, 32;
T_2.34 ;
    %load/vec4 v0x7ff66f45ed20_0;
    %cmpi/s 16, 0, 32;
    %jmp/0xz T_2.35, 5;
    %load/vec4 v0x7ff66f45ed20_0;
    %pad/s 4;
    %store/vec4 v0x7ff66f45eea0_0, 0, 4;
    %delay 100, 0;
    %vpi_call 2 194 "$write", " %b   | %b    | %b    %b    %b", v0x7ff66f45edc0_0, v0x7ff66f45eea0_0, v0x7ff66f45ef50_0, v0x7ff66f45eb40_0, v0x7ff66f45ec00_0 {0 0 0};
    %alloc S_0x7ff66f45e110;
    %load/vec4 v0x7ff66f45edc0_0;
    %store/vec4 v0x7ff66f45e6e0_0, 0, 4;
    %load/vec4 v0x7ff66f45eea0_0;
    %store/vec4 v0x7ff66f45e790_0, 0, 4;
    %load/vec4 v0x7ff66f45ef50_0;
    %store/vec4 v0x7ff66f45e840_0, 0, 4;
    %load/vec4 v0x7ff66f45eb40_0;
    %store/vec4 v0x7ff66f45ea00_0, 0, 1;
    %load/vec4 v0x7ff66f45ec00_0;
    %store/vec4 v0x7ff66f45eaa0_0, 0, 1;
    %load/vec4 v0x7ff66f45f000_0;
    %store/vec4 v0x7ff66f45e950_0, 0, 3;
    %fork TD_tb.disp_vals, S_0x7ff66f45e110;
    %join;
    %free S_0x7ff66f45e110;
    %load/vec4 v0x7ff66f45ed20_0;
    %addi 1, 0, 32;
    %store/vec4 v0x7ff66f45ed20_0, 0, 32;
    %jmp T_2.34;
T_2.35 ;
    %vpi_call 2 198 "$write", "-----------------------------------\012" {0 0 0};
    %load/vec4 v0x7ff66f45ec90_0;
    %addi 1, 0, 32;
    %store/vec4 v0x7ff66f45ec90_0, 0, 32;
    %jmp T_2.32;
T_2.33 ;
    %vpi_call 2 200 "$write", "\012\012************************************************************************************\012" {0 0 0};
    %vpi_call 2 201 "$write", "************************************************************************************\012\012" {0 0 0};
    %pushi/vec4 7, 0, 3;
    %store/vec4 v0x7ff66f45f000_0, 0, 3;
    %vpi_call 2 206 "$write", "\012test decrement  ,  select =  %b  ,  a[3:0] - 1 --> Y[3:0]\012\012", v0x7ff66f45f000_0 {0 0 0};
    %vpi_call 2 207 "$write", "   a    |   b     |  Y     S_O  U_O\012" {0 0 0};
    %vpi_call 2 208 "$write", "-----------------------------------\012" {0 0 0};
    %pushi/vec4 0, 0, 32;
    %store/vec4 v0x7ff66f45ec90_0, 0, 32;
T_2.36 ;
    %load/vec4 v0x7ff66f45ec90_0;
    %cmpi/s 16, 0, 32;
    %jmp/0xz T_2.37, 5;
    %load/vec4 v0x7ff66f45ec90_0;
    %pad/s 4;
    %store/vec4 v0x7ff66f45edc0_0, 0, 4;
    %pushi/vec4 0, 0, 32;
    %store/vec4 v0x7ff66f45ed20_0, 0, 32;
T_2.38 ;
    %load/vec4 v0x7ff66f45ed20_0;
    %cmpi/s 16, 0, 32;
    %jmp/0xz T_2.39, 5;
    %load/vec4 v0x7ff66f45ed20_0;
    %pad/s 4;
    %store/vec4 v0x7ff66f45eea0_0, 0, 4;
    %delay 100, 0;
    %vpi_call 2 214 "$write", " %b   | %b    | %b    %b    %b", v0x7ff66f45edc0_0, v0x7ff66f45eea0_0, v0x7ff66f45ef50_0, v0x7ff66f45eb40_0, v0x7ff66f45ec00_0 {0 0 0};
    %alloc S_0x7ff66f45e110;
    %load/vec4 v0x7ff66f45edc0_0;
    %store/vec4 v0x7ff66f45e6e0_0, 0, 4;
    %load/vec4 v0x7ff66f45eea0_0;
    %store/vec4 v0x7ff66f45e790_0, 0, 4;
    %load/vec4 v0x7ff66f45ef50_0;
    %store/vec4 v0x7ff66f45e840_0, 0, 4;
    %load/vec4 v0x7ff66f45eb40_0;
    %store/vec4 v0x7ff66f45ea00_0, 0, 1;
    %load/vec4 v0x7ff66f45ec00_0;
    %store/vec4 v0x7ff66f45eaa0_0, 0, 1;
    %load/vec4 v0x7ff66f45f000_0;
    %store/vec4 v0x7ff66f45e950_0, 0, 3;
    %fork TD_tb.disp_vals, S_0x7ff66f45e110;
    %join;
    %free S_0x7ff66f45e110;
    %load/vec4 v0x7ff66f45ed20_0;
    %addi 1, 0, 32;
    %store/vec4 v0x7ff66f45ed20_0, 0, 32;
    %jmp T_2.38;
T_2.39 ;
    %vpi_call 2 218 "$write", "-----------------------------------\012" {0 0 0};
    %load/vec4 v0x7ff66f45ec90_0;
    %addi 1, 0, 32;
    %store/vec4 v0x7ff66f45ec90_0, 0, 32;
    %jmp T_2.36;
T_2.37 ;
    %vpi_call 2 220 "$write", "\012\012************************************************************************************\012" {0 0 0};
    %vpi_call 2 221 "$write", "************************************************************************************\012\012" {0 0 0};
    %delay 100, 0;
    %vpi_call 2 225 "$write", "\012\012\011\011 ~ ~ ~ TEST COMPLETE ~ ~ ~\012\012" {0 0 0};
    %vpi_call 2 226 "$finish" {0 0 0};
    %end;
    .thread T_2;
# The file index is used to find the file name in the following table.
:file_names 3;
    "N/A";
    "<interactive>";
    "alu_behave.v";
