#! /usr/local/Cellar/icarus-verilog/11.0/bin/vvp
:ivl_version "11.0 (stable)";
:ivl_delay_selection "TYPICAL";
:vpi_time_precision - 9;
:vpi_module "/usr/local/Cellar/icarus-verilog/11.0/lib/ivl/system.vpi";
:vpi_module "/usr/local/Cellar/icarus-verilog/11.0/lib/ivl/vhdl_sys.vpi";
:vpi_module "/usr/local/Cellar/icarus-verilog/11.0/lib/ivl/vhdl_textio.vpi";
:vpi_module "/usr/local/Cellar/icarus-verilog/11.0/lib/ivl/v2005_math.vpi";
:vpi_module "/usr/local/Cellar/icarus-verilog/11.0/lib/ivl/va_math.vpi";
S_0x7f9043617b40 .scope module, "tb" "tb" 2 20;
 .timescale -9 -9;
v0x7f9043626f20_0 .var "binary_number", 7 0;
v0x7f9043627010_0 .net "disp_hundreds", 6 0, v0x7f9043625ca0_0;  1 drivers
v0x7f90436270f0_0 .net "disp_ones", 6 0, v0x7f9043625290_0;  1 drivers
v0x7f90436271c0_0 .net "disp_tens", 6 0, v0x7f9043625790_0;  1 drivers
v0x7f9043627290_0 .var/i "idx", 31 0;
S_0x7f9043617cb0 .scope module, "DUT" "seg7_dig3" 2 29, 2 177 0, S_0x7f9043617b40;
 .timescale -9 -9;
    .port_info 0 /OUTPUT 7 "disp_hundreds";
    .port_info 1 /OUTPUT 7 "disp_tens";
    .port_info 2 /OUTPUT 7 "disp_ones";
    .port_info 3 /INPUT 8 "binary_number";
v0x7f9043626410_0 .net "binary_number", 7 0, v0x7f9043626f20_0;  1 drivers
v0x7f90436264c0_0 .net "disp_hundreds", 6 0, v0x7f9043625ca0_0;  alias, 1 drivers
v0x7f9043626570_0 .net "disp_ones", 6 0, v0x7f9043625290_0;  alias, 1 drivers
v0x7f9043626640_0 .net "disp_tens", 6 0, v0x7f9043625790_0;  alias, 1 drivers
v0x7f90436266f0_0 .net "hundreds", 3 0, v0x7f90436260c0_0;  1 drivers
v0x7f9043626800_0 .net "ones", 3 0, v0x7f9043626230_0;  1 drivers
v0x7f90436268d0_0 .net "tens", 3 0, v0x7f90436262f0_0;  1 drivers
S_0x7f9043617e80 .scope module, "dig1" "seg7_dig" 2 205, 2 214 0, S_0x7f9043617cb0;
 .timescale -9 -9;
    .port_info 0 /INPUT 4 "cntl_4bit";
    .port_info 1 /OUTPUT 7 "disp_4bit";
P_0x7f9043618040 .param/l "OFF" 0 2 220, C4<1>;
P_0x7f9043618080 .param/l "ON" 0 2 219, C4<0>;
v0x7f9043618120_0 .net "cntl_4bit", 3 0, v0x7f9043626230_0;  alias, 1 drivers
v0x7f9043625290_0 .var "disp_4bit", 6 0;
E_0x7f90436180f0 .event edge, v0x7f9043618120_0;
S_0x7f9043625370 .scope module, "dig2" "seg7_dig" 2 200, 2 214 0, S_0x7f9043617cb0;
 .timescale -9 -9;
    .port_info 0 /INPUT 4 "cntl_4bit";
    .port_info 1 /OUTPUT 7 "disp_4bit";
P_0x7f9043625530 .param/l "OFF" 0 2 220, C4<1>;
P_0x7f9043625570 .param/l "ON" 0 2 219, C4<0>;
v0x7f90436256d0_0 .net "cntl_4bit", 3 0, v0x7f90436262f0_0;  alias, 1 drivers
v0x7f9043625790_0 .var "disp_4bit", 6 0;
E_0x7f9043625680 .event edge, v0x7f90436256d0_0;
S_0x7f9043625870 .scope module, "dig3" "seg7_dig" 2 195, 2 214 0, S_0x7f9043617cb0;
 .timescale -9 -9;
    .port_info 0 /INPUT 4 "cntl_4bit";
    .port_info 1 /OUTPUT 7 "disp_4bit";
P_0x7f9043625a50 .param/l "OFF" 0 2 220, C4<1>;
P_0x7f9043625a90 .param/l "ON" 0 2 219, C4<0>;
v0x7f9043625be0_0 .net "cntl_4bit", 3 0, v0x7f90436260c0_0;  alias, 1 drivers
v0x7f9043625ca0_0 .var "disp_4bit", 6 0;
E_0x7f9043625b90 .event edge, v0x7f9043625be0_0;
S_0x7f9043625d80 .scope module, "getDigs" "my_bcd" 2 188, 2 267 0, S_0x7f9043617cb0;
 .timescale -9 -9;
    .port_info 0 /OUTPUT 4 "hundreds";
    .port_info 1 /OUTPUT 4 "tens";
    .port_info 2 /OUTPUT 4 "ones";
    .port_info 3 /INPUT 8 "bin_in";
v0x7f9043626000_0 .net "bin_in", 7 0, v0x7f9043626f20_0;  alias, 1 drivers
v0x7f90436260c0_0 .var "hundreds", 3 0;
v0x7f9043626180_0 .var/i "idx", 31 0;
v0x7f9043626230_0 .var "ones", 3 0;
v0x7f90436262f0_0 .var "tens", 3 0;
E_0x7f9043625fc0 .event edge, v0x7f9043626000_0;
S_0x7f90436269a0 .scope task, "disp_out" "disp_out" 2 91, 2 91 0, S_0x7f9043617b40;
 .timescale -9 -9;
v0x7f9043626b60_0 .var "seg_out", 6 0;
TD_tb.disp_out ;
    %vpi_call 2 94 "$write", "\012" {0 0 0};
    %load/vec4 v0x7f9043626b60_0;
    %dup/vec4;
    %pushi/vec4 64, 0, 7;
    %cmp/u;
    %jmp/1 T_0.0, 6;
    %dup/vec4;
    %pushi/vec4 121, 0, 7;
    %cmp/u;
    %jmp/1 T_0.1, 6;
    %dup/vec4;
    %pushi/vec4 36, 0, 7;
    %cmp/u;
    %jmp/1 T_0.2, 6;
    %dup/vec4;
    %pushi/vec4 48, 0, 7;
    %cmp/u;
    %jmp/1 T_0.3, 6;
    %dup/vec4;
    %pushi/vec4 25, 0, 7;
    %cmp/u;
    %jmp/1 T_0.4, 6;
    %dup/vec4;
    %pushi/vec4 18, 0, 7;
    %cmp/u;
    %jmp/1 T_0.5, 6;
    %dup/vec4;
    %pushi/vec4 2, 0, 7;
    %cmp/u;
    %jmp/1 T_0.6, 6;
    %dup/vec4;
    %pushi/vec4 120, 0, 7;
    %cmp/u;
    %jmp/1 T_0.7, 6;
    %dup/vec4;
    %pushi/vec4 0, 0, 7;
    %cmp/u;
    %jmp/1 T_0.8, 6;
    %dup/vec4;
    %pushi/vec4 24, 0, 7;
    %cmp/u;
    %jmp/1 T_0.9, 6;
    %vpi_call 2 167 "$write", "NO OUTPUT" {0 0 0};
    %jmp T_0.11;
T_0.0 ;
    %vpi_call 2 98 "$write", "\011 --\012" {0 0 0};
    %vpi_call 2 99 "$write", "\011|  |\012" {0 0 0};
    %vpi_call 2 100 "$write", "\011|  |\012" {0 0 0};
    %vpi_call 2 101 "$write", "\011 --\012" {0 0 0};
    %jmp T_0.11;
T_0.1 ;
    %vpi_call 2 105 "$write", "\011  |\012" {0 0 0};
    %vpi_call 2 106 "$write", "\011  |\012" {0 0 0};
    %jmp T_0.11;
T_0.2 ;
    %vpi_call 2 110 "$write", "\011 --\012" {0 0 0};
    %vpi_call 2 111 "$write", "\011   |\012" {0 0 0};
    %vpi_call 2 112 "$write", "\011 --\012" {0 0 0};
    %vpi_call 2 113 "$write", "\011|\012" {0 0 0};
    %vpi_call 2 114 "$write", "\011 --\012" {0 0 0};
    %jmp T_0.11;
T_0.3 ;
    %vpi_call 2 118 "$write", "\011--\012" {0 0 0};
    %vpi_call 2 119 "$write", "\011  |\012" {0 0 0};
    %vpi_call 2 120 "$write", "\011--\012" {0 0 0};
    %vpi_call 2 121 "$write", "\011  |\012" {0 0 0};
    %vpi_call 2 122 "$write", "\011--\012" {0 0 0};
    %jmp T_0.11;
T_0.4 ;
    %vpi_call 2 126 "$write", "\011|  |\012" {0 0 0};
    %vpi_call 2 127 "$write", "\011 --\012" {0 0 0};
    %vpi_call 2 128 "$write", "\011   |\012" {0 0 0};
    %jmp T_0.11;
T_0.5 ;
    %vpi_call 2 132 "$write", "\011 --\012" {0 0 0};
    %vpi_call 2 133 "$write", "\011|\012" {0 0 0};
    %vpi_call 2 134 "$write", "\011 --\012" {0 0 0};
    %vpi_call 2 135 "$write", "\011   |\012" {0 0 0};
    %vpi_call 2 136 "$write", "\011 --\012" {0 0 0};
    %jmp T_0.11;
T_0.6 ;
    %vpi_call 2 140 "$write", "\011 --\012" {0 0 0};
    %vpi_call 2 141 "$write", "\011|\012" {0 0 0};
    %vpi_call 2 142 "$write", "\011 --\012" {0 0 0};
    %vpi_call 2 143 "$write", "\011|  |\012" {0 0 0};
    %vpi_call 2 144 "$write", "\011 --\012" {0 0 0};
    %jmp T_0.11;
T_0.7 ;
    %vpi_call 2 148 "$write", "\011 --\012" {0 0 0};
    %vpi_call 2 149 "$write", "\011   |\012" {0 0 0};
    %vpi_call 2 150 "$write", "\011   |\012" {0 0 0};
    %jmp T_0.11;
T_0.8 ;
    %vpi_call 2 154 "$write", "\011 --\012" {0 0 0};
    %vpi_call 2 155 "$write", "\011|  |\012" {0 0 0};
    %vpi_call 2 156 "$write", "\011 --\012" {0 0 0};
    %vpi_call 2 157 "$write", "\011|  |\012" {0 0 0};
    %vpi_call 2 158 "$write", "\011 --\012" {0 0 0};
    %jmp T_0.11;
T_0.9 ;
    %vpi_call 2 162 "$write", "\011 --\012" {0 0 0};
    %vpi_call 2 163 "$write", "\011|  |\012" {0 0 0};
    %vpi_call 2 164 "$write", "\011 --\012" {0 0 0};
    %vpi_call 2 165 "$write", "\011   |\012" {0 0 0};
    %jmp T_0.11;
T_0.11 ;
    %pop/vec4 1;
    %vpi_call 2 170 "$write", "\012" {0 0 0};
    %end;
S_0x7f9043626bf0 .scope autotask, "retDig" "retDig" 2 53, 2 53 0, S_0x7f9043617b40;
 .timescale -9 -9;
v0x7f9043626dd0_0 .var "last", 0 0;
v0x7f9043626e70_0 .var "regIn", 6 0;
TD_tb.retDig ;
    %load/vec4 v0x7f9043626dd0_0;
    %cmpi/e 1, 0, 1;
    %jmp/0xz  T_1.12, 4;
    %load/vec4 v0x7f9043626e70_0;
    %dup/vec4;
    %pushi/vec4 64, 0, 7;
    %cmp/u;
    %jmp/1 T_1.14, 6;
    %dup/vec4;
    %pushi/vec4 121, 0, 7;
    %cmp/u;
    %jmp/1 T_1.15, 6;
    %dup/vec4;
    %pushi/vec4 36, 0, 7;
    %cmp/u;
    %jmp/1 T_1.16, 6;
    %dup/vec4;
    %pushi/vec4 48, 0, 7;
    %cmp/u;
    %jmp/1 T_1.17, 6;
    %dup/vec4;
    %pushi/vec4 25, 0, 7;
    %cmp/u;
    %jmp/1 T_1.18, 6;
    %dup/vec4;
    %pushi/vec4 18, 0, 7;
    %cmp/u;
    %jmp/1 T_1.19, 6;
    %dup/vec4;
    %pushi/vec4 2, 0, 7;
    %cmp/u;
    %jmp/1 T_1.20, 6;
    %dup/vec4;
    %pushi/vec4 120, 0, 7;
    %cmp/u;
    %jmp/1 T_1.21, 6;
    %dup/vec4;
    %pushi/vec4 0, 0, 7;
    %cmp/u;
    %jmp/1 T_1.22, 6;
    %dup/vec4;
    %pushi/vec4 24, 0, 7;
    %cmp/u;
    %jmp/1 T_1.23, 6;
    %vpi_call 2 69 "$write", " ERROR\012\012" {0 0 0};
    %jmp T_1.25;
T_1.14 ;
    %vpi_call 2 59 "$write", "0\012\012" {0 0 0};
    %jmp T_1.25;
T_1.15 ;
    %vpi_call 2 60 "$write", "1\012\012" {0 0 0};
    %jmp T_1.25;
T_1.16 ;
    %vpi_call 2 61 "$write", "2\012\012" {0 0 0};
    %jmp T_1.25;
T_1.17 ;
    %vpi_call 2 62 "$write", "3\012\012" {0 0 0};
    %jmp T_1.25;
T_1.18 ;
    %vpi_call 2 63 "$write", "4\012\012" {0 0 0};
    %jmp T_1.25;
T_1.19 ;
    %vpi_call 2 64 "$write", "5\012\012" {0 0 0};
    %jmp T_1.25;
T_1.20 ;
    %vpi_call 2 65 "$write", "6\012\012" {0 0 0};
    %jmp T_1.25;
T_1.21 ;
    %vpi_call 2 66 "$write", "7\012\012" {0 0 0};
    %jmp T_1.25;
T_1.22 ;
    %vpi_call 2 67 "$write", "8\012\012" {0 0 0};
    %jmp T_1.25;
T_1.23 ;
    %vpi_call 2 68 "$write", "9\012\012" {0 0 0};
    %jmp T_1.25;
T_1.25 ;
    %pop/vec4 1;
    %jmp T_1.13;
T_1.12 ;
    %load/vec4 v0x7f9043626e70_0;
    %dup/vec4;
    %pushi/vec4 64, 0, 7;
    %cmp/u;
    %jmp/1 T_1.26, 6;
    %dup/vec4;
    %pushi/vec4 121, 0, 7;
    %cmp/u;
    %jmp/1 T_1.27, 6;
    %dup/vec4;
    %pushi/vec4 36, 0, 7;
    %cmp/u;
    %jmp/1 T_1.28, 6;
    %dup/vec4;
    %pushi/vec4 48, 0, 7;
    %cmp/u;
    %jmp/1 T_1.29, 6;
    %dup/vec4;
    %pushi/vec4 25, 0, 7;
    %cmp/u;
    %jmp/1 T_1.30, 6;
    %dup/vec4;
    %pushi/vec4 18, 0, 7;
    %cmp/u;
    %jmp/1 T_1.31, 6;
    %dup/vec4;
    %pushi/vec4 2, 0, 7;
    %cmp/u;
    %jmp/1 T_1.32, 6;
    %dup/vec4;
    %pushi/vec4 120, 0, 7;
    %cmp/u;
    %jmp/1 T_1.33, 6;
    %dup/vec4;
    %pushi/vec4 0, 0, 7;
    %cmp/u;
    %jmp/1 T_1.34, 6;
    %dup/vec4;
    %pushi/vec4 24, 0, 7;
    %cmp/u;
    %jmp/1 T_1.35, 6;
    %vpi_call 2 84 "$write", "  ERROR " {0 0 0};
    %jmp T_1.37;
T_1.26 ;
    %vpi_call 2 74 "$write", "0" {0 0 0};
    %jmp T_1.37;
T_1.27 ;
    %vpi_call 2 75 "$write", "1" {0 0 0};
    %jmp T_1.37;
T_1.28 ;
    %vpi_call 2 76 "$write", "2" {0 0 0};
    %jmp T_1.37;
T_1.29 ;
    %vpi_call 2 77 "$write", "3" {0 0 0};
    %jmp T_1.37;
T_1.30 ;
    %vpi_call 2 78 "$write", "4" {0 0 0};
    %jmp T_1.37;
T_1.31 ;
    %vpi_call 2 79 "$write", "5" {0 0 0};
    %jmp T_1.37;
T_1.32 ;
    %vpi_call 2 80 "$write", "6" {0 0 0};
    %jmp T_1.37;
T_1.33 ;
    %vpi_call 2 81 "$write", "7" {0 0 0};
    %jmp T_1.37;
T_1.34 ;
    %vpi_call 2 82 "$write", "8" {0 0 0};
    %jmp T_1.37;
T_1.35 ;
    %vpi_call 2 83 "$write", "9" {0 0 0};
    %jmp T_1.37;
T_1.37 ;
    %pop/vec4 1;
T_1.13 ;
    %end;
    .scope S_0x7f9043625d80;
T_2 ;
    %wait E_0x7f9043625fc0;
    %pushi/vec4 0, 0, 4;
    %store/vec4 v0x7f90436260c0_0, 0, 4;
    %pushi/vec4 0, 0, 4;
    %store/vec4 v0x7f90436262f0_0, 0, 4;
    %pushi/vec4 0, 0, 4;
    %store/vec4 v0x7f9043626230_0, 0, 4;
    %load/vec4 v0x7f9043626000_0;
    %cmpi/ne 0, 0, 8;
    %jmp/0xz  T_2.0, 4;
    %pushi/vec4 7, 0, 32;
    %store/vec4 v0x7f9043626180_0, 0, 32;
T_2.2 ;
    %load/vec4 v0x7f9043626180_0;
    %cmpi/s 0, 0, 32;
    %flag_inv 5; GE is !LT
    %jmp/0xz T_2.3, 5;
    %load/vec4 v0x7f90436260c0_0;
    %cmpi/u 5, 0, 4;
    %flag_inv 5; GE is !LT
    %jmp/0xz  T_2.4, 5;
    %load/vec4 v0x7f90436260c0_0;
    %addi 3, 0, 4;
    %store/vec4 v0x7f90436260c0_0, 0, 4;
T_2.4 ;
    %load/vec4 v0x7f90436262f0_0;
    %cmpi/u 5, 0, 4;
    %flag_inv 5; GE is !LT
    %jmp/0xz  T_2.6, 5;
    %load/vec4 v0x7f90436262f0_0;
    %addi 3, 0, 4;
    %store/vec4 v0x7f90436262f0_0, 0, 4;
T_2.6 ;
    %load/vec4 v0x7f9043626230_0;
    %cmpi/u 5, 0, 4;
    %flag_inv 5; GE is !LT
    %jmp/0xz  T_2.8, 5;
    %load/vec4 v0x7f9043626230_0;
    %addi 3, 0, 4;
    %store/vec4 v0x7f9043626230_0, 0, 4;
T_2.8 ;
    %load/vec4 v0x7f90436260c0_0;
    %ix/load 4, 1, 0;
    %flag_set/imm 4, 0;
    %shiftl 4;
    %store/vec4 v0x7f90436260c0_0, 0, 4;
    %load/vec4 v0x7f90436262f0_0;
    %parti/s 1, 3, 3;
    %ix/load 4, 0, 0;
    %flag_set/imm 4, 0;
    %store/vec4 v0x7f90436260c0_0, 4, 1;
    %load/vec4 v0x7f90436262f0_0;
    %ix/load 4, 1, 0;
    %flag_set/imm 4, 0;
    %shiftl 4;
    %store/vec4 v0x7f90436262f0_0, 0, 4;
    %load/vec4 v0x7f9043626230_0;
    %parti/s 1, 3, 3;
    %ix/load 4, 0, 0;
    %flag_set/imm 4, 0;
    %store/vec4 v0x7f90436262f0_0, 4, 1;
    %load/vec4 v0x7f9043626230_0;
    %ix/load 4, 1, 0;
    %flag_set/imm 4, 0;
    %shiftl 4;
    %store/vec4 v0x7f9043626230_0, 0, 4;
    %load/vec4 v0x7f9043626000_0;
    %load/vec4 v0x7f9043626180_0;
    %part/s 1;
    %ix/load 4, 0, 0;
    %flag_set/imm 4, 0;
    %store/vec4 v0x7f9043626230_0, 4, 1;
    %load/vec4 v0x7f9043626180_0;
    %subi 1, 0, 32;
    %store/vec4 v0x7f9043626180_0, 0, 32;
    %jmp T_2.2;
T_2.3 ;
T_2.0 ;
    %jmp T_2;
    .thread T_2, $push;
    .scope S_0x7f9043625870;
T_3 ;
    %wait E_0x7f9043625b90;
    %pushi/vec4 127, 0, 7;
    %store/vec4 v0x7f9043625ca0_0, 0, 7;
    %load/vec4 v0x7f9043625be0_0;
    %dup/vec4;
    %pushi/vec4 0, 0, 4;
    %cmp/u;
    %jmp/1 T_3.0, 6;
    %dup/vec4;
    %pushi/vec4 1, 0, 4;
    %cmp/u;
    %jmp/1 T_3.1, 6;
    %dup/vec4;
    %pushi/vec4 2, 0, 4;
    %cmp/u;
    %jmp/1 T_3.2, 6;
    %dup/vec4;
    %pushi/vec4 3, 0, 4;
    %cmp/u;
    %jmp/1 T_3.3, 6;
    %dup/vec4;
    %pushi/vec4 4, 0, 4;
    %cmp/u;
    %jmp/1 T_3.4, 6;
    %dup/vec4;
    %pushi/vec4 5, 0, 4;
    %cmp/u;
    %jmp/1 T_3.5, 6;
    %dup/vec4;
    %pushi/vec4 6, 0, 4;
    %cmp/u;
    %jmp/1 T_3.6, 6;
    %dup/vec4;
    %pushi/vec4 7, 0, 4;
    %cmp/u;
    %jmp/1 T_3.7, 6;
    %dup/vec4;
    %pushi/vec4 8, 0, 4;
    %cmp/u;
    %jmp/1 T_3.8, 6;
    %dup/vec4;
    %pushi/vec4 9, 0, 4;
    %cmp/u;
    %jmp/1 T_3.9, 6;
    %jmp T_3.10;
T_3.0 ;
    %pushi/vec4 0, 0, 6;
    %ix/load 4, 0, 0;
    %flag_set/imm 4, 0;
    %store/vec4 v0x7f9043625ca0_0, 4, 6;
    %jmp T_3.10;
T_3.1 ;
    %pushi/vec4 0, 0, 2;
    %ix/load 4, 1, 0;
    %flag_set/imm 4, 0;
    %store/vec4 v0x7f9043625ca0_0, 4, 2;
    %jmp T_3.10;
T_3.2 ;
    %pushi/vec4 0, 0, 2;
    %ix/load 4, 0, 0;
    %flag_set/imm 4, 0;
    %store/vec4 v0x7f9043625ca0_0, 4, 2;
    %pushi/vec4 0, 0, 1;
    %ix/load 4, 6, 0;
    %flag_set/imm 4, 0;
    %store/vec4 v0x7f9043625ca0_0, 4, 1;
    %pushi/vec4 0, 0, 2;
    %ix/load 4, 3, 0;
    %flag_set/imm 4, 0;
    %store/vec4 v0x7f9043625ca0_0, 4, 2;
    %jmp T_3.10;
T_3.3 ;
    %pushi/vec4 0, 0, 4;
    %ix/load 4, 0, 0;
    %flag_set/imm 4, 0;
    %store/vec4 v0x7f9043625ca0_0, 4, 4;
    %pushi/vec4 0, 0, 1;
    %ix/load 4, 6, 0;
    %flag_set/imm 4, 0;
    %store/vec4 v0x7f9043625ca0_0, 4, 1;
    %jmp T_3.10;
T_3.4 ;
    %pushi/vec4 0, 0, 2;
    %ix/load 4, 1, 0;
    %flag_set/imm 4, 0;
    %store/vec4 v0x7f9043625ca0_0, 4, 2;
    %pushi/vec4 0, 0, 2;
    %ix/load 4, 5, 0;
    %flag_set/imm 4, 0;
    %store/vec4 v0x7f9043625ca0_0, 4, 2;
    %jmp T_3.10;
T_3.5 ;
    %pushi/vec4 0, 0, 1;
    %ix/load 4, 0, 0;
    %flag_set/imm 4, 0;
    %store/vec4 v0x7f9043625ca0_0, 4, 1;
    %pushi/vec4 0, 0, 2;
    %ix/load 4, 2, 0;
    %flag_set/imm 4, 0;
    %store/vec4 v0x7f9043625ca0_0, 4, 2;
    %pushi/vec4 0, 0, 2;
    %ix/load 4, 5, 0;
    %flag_set/imm 4, 0;
    %store/vec4 v0x7f9043625ca0_0, 4, 2;
    %jmp T_3.10;
T_3.6 ;
    %pushi/vec4 0, 0, 1;
    %ix/load 4, 0, 0;
    %flag_set/imm 4, 0;
    %store/vec4 v0x7f9043625ca0_0, 4, 1;
    %pushi/vec4 0, 0, 5;
    %ix/load 4, 2, 0;
    %flag_set/imm 4, 0;
    %store/vec4 v0x7f9043625ca0_0, 4, 5;
    %jmp T_3.10;
T_3.7 ;
    %pushi/vec4 0, 0, 3;
    %ix/load 4, 0, 0;
    %flag_set/imm 4, 0;
    %store/vec4 v0x7f9043625ca0_0, 4, 3;
    %jmp T_3.10;
T_3.8 ;
    %pushi/vec4 0, 0, 7;
    %store/vec4 v0x7f9043625ca0_0, 0, 7;
    %jmp T_3.10;
T_3.9 ;
    %pushi/vec4 0, 0, 7;
    %store/vec4 v0x7f9043625ca0_0, 0, 7;
    %pushi/vec4 3, 0, 2;
    %ix/load 4, 3, 0;
    %flag_set/imm 4, 0;
    %store/vec4 v0x7f9043625ca0_0, 4, 2;
    %jmp T_3.10;
T_3.10 ;
    %pop/vec4 1;
    %jmp T_3;
    .thread T_3, $push;
    .scope S_0x7f9043625370;
T_4 ;
    %wait E_0x7f9043625680;
    %pushi/vec4 127, 0, 7;
    %store/vec4 v0x7f9043625790_0, 0, 7;
    %load/vec4 v0x7f90436256d0_0;
    %dup/vec4;
    %pushi/vec4 0, 0, 4;
    %cmp/u;
    %jmp/1 T_4.0, 6;
    %dup/vec4;
    %pushi/vec4 1, 0, 4;
    %cmp/u;
    %jmp/1 T_4.1, 6;
    %dup/vec4;
    %pushi/vec4 2, 0, 4;
    %cmp/u;
    %jmp/1 T_4.2, 6;
    %dup/vec4;
    %pushi/vec4 3, 0, 4;
    %cmp/u;
    %jmp/1 T_4.3, 6;
    %dup/vec4;
    %pushi/vec4 4, 0, 4;
    %cmp/u;
    %jmp/1 T_4.4, 6;
    %dup/vec4;
    %pushi/vec4 5, 0, 4;
    %cmp/u;
    %jmp/1 T_4.5, 6;
    %dup/vec4;
    %pushi/vec4 6, 0, 4;
    %cmp/u;
    %jmp/1 T_4.6, 6;
    %dup/vec4;
    %pushi/vec4 7, 0, 4;
    %cmp/u;
    %jmp/1 T_4.7, 6;
    %dup/vec4;
    %pushi/vec4 8, 0, 4;
    %cmp/u;
    %jmp/1 T_4.8, 6;
    %dup/vec4;
    %pushi/vec4 9, 0, 4;
    %cmp/u;
    %jmp/1 T_4.9, 6;
    %jmp T_4.10;
T_4.0 ;
    %pushi/vec4 0, 0, 6;
    %ix/load 4, 0, 0;
    %flag_set/imm 4, 0;
    %store/vec4 v0x7f9043625790_0, 4, 6;
    %jmp T_4.10;
T_4.1 ;
    %pushi/vec4 0, 0, 2;
    %ix/load 4, 1, 0;
    %flag_set/imm 4, 0;
    %store/vec4 v0x7f9043625790_0, 4, 2;
    %jmp T_4.10;
T_4.2 ;
    %pushi/vec4 0, 0, 2;
    %ix/load 4, 0, 0;
    %flag_set/imm 4, 0;
    %store/vec4 v0x7f9043625790_0, 4, 2;
    %pushi/vec4 0, 0, 1;
    %ix/load 4, 6, 0;
    %flag_set/imm 4, 0;
    %store/vec4 v0x7f9043625790_0, 4, 1;
    %pushi/vec4 0, 0, 2;
    %ix/load 4, 3, 0;
    %flag_set/imm 4, 0;
    %store/vec4 v0x7f9043625790_0, 4, 2;
    %jmp T_4.10;
T_4.3 ;
    %pushi/vec4 0, 0, 4;
    %ix/load 4, 0, 0;
    %flag_set/imm 4, 0;
    %store/vec4 v0x7f9043625790_0, 4, 4;
    %pushi/vec4 0, 0, 1;
    %ix/load 4, 6, 0;
    %flag_set/imm 4, 0;
    %store/vec4 v0x7f9043625790_0, 4, 1;
    %jmp T_4.10;
T_4.4 ;
    %pushi/vec4 0, 0, 2;
    %ix/load 4, 1, 0;
    %flag_set/imm 4, 0;
    %store/vec4 v0x7f9043625790_0, 4, 2;
    %pushi/vec4 0, 0, 2;
    %ix/load 4, 5, 0;
    %flag_set/imm 4, 0;
    %store/vec4 v0x7f9043625790_0, 4, 2;
    %jmp T_4.10;
T_4.5 ;
    %pushi/vec4 0, 0, 1;
    %ix/load 4, 0, 0;
    %flag_set/imm 4, 0;
    %store/vec4 v0x7f9043625790_0, 4, 1;
    %pushi/vec4 0, 0, 2;
    %ix/load 4, 2, 0;
    %flag_set/imm 4, 0;
    %store/vec4 v0x7f9043625790_0, 4, 2;
    %pushi/vec4 0, 0, 2;
    %ix/load 4, 5, 0;
    %flag_set/imm 4, 0;
    %store/vec4 v0x7f9043625790_0, 4, 2;
    %jmp T_4.10;
T_4.6 ;
    %pushi/vec4 0, 0, 1;
    %ix/load 4, 0, 0;
    %flag_set/imm 4, 0;
    %store/vec4 v0x7f9043625790_0, 4, 1;
    %pushi/vec4 0, 0, 5;
    %ix/load 4, 2, 0;
    %flag_set/imm 4, 0;
    %store/vec4 v0x7f9043625790_0, 4, 5;
    %jmp T_4.10;
T_4.7 ;
    %pushi/vec4 0, 0, 3;
    %ix/load 4, 0, 0;
    %flag_set/imm 4, 0;
    %store/vec4 v0x7f9043625790_0, 4, 3;
    %jmp T_4.10;
T_4.8 ;
    %pushi/vec4 0, 0, 7;
    %store/vec4 v0x7f9043625790_0, 0, 7;
    %jmp T_4.10;
T_4.9 ;
    %pushi/vec4 0, 0, 7;
    %store/vec4 v0x7f9043625790_0, 0, 7;
    %pushi/vec4 3, 0, 2;
    %ix/load 4, 3, 0;
    %flag_set/imm 4, 0;
    %store/vec4 v0x7f9043625790_0, 4, 2;
    %jmp T_4.10;
T_4.10 ;
    %pop/vec4 1;
    %jmp T_4;
    .thread T_4, $push;
    .scope S_0x7f9043617e80;
T_5 ;
    %wait E_0x7f90436180f0;
    %pushi/vec4 127, 0, 7;
    %store/vec4 v0x7f9043625290_0, 0, 7;
    %load/vec4 v0x7f9043618120_0;
    %dup/vec4;
    %pushi/vec4 0, 0, 4;
    %cmp/u;
    %jmp/1 T_5.0, 6;
    %dup/vec4;
    %pushi/vec4 1, 0, 4;
    %cmp/u;
    %jmp/1 T_5.1, 6;
    %dup/vec4;
    %pushi/vec4 2, 0, 4;
    %cmp/u;
    %jmp/1 T_5.2, 6;
    %dup/vec4;
    %pushi/vec4 3, 0, 4;
    %cmp/u;
    %jmp/1 T_5.3, 6;
    %dup/vec4;
    %pushi/vec4 4, 0, 4;
    %cmp/u;
    %jmp/1 T_5.4, 6;
    %dup/vec4;
    %pushi/vec4 5, 0, 4;
    %cmp/u;
    %jmp/1 T_5.5, 6;
    %dup/vec4;
    %pushi/vec4 6, 0, 4;
    %cmp/u;
    %jmp/1 T_5.6, 6;
    %dup/vec4;
    %pushi/vec4 7, 0, 4;
    %cmp/u;
    %jmp/1 T_5.7, 6;
    %dup/vec4;
    %pushi/vec4 8, 0, 4;
    %cmp/u;
    %jmp/1 T_5.8, 6;
    %dup/vec4;
    %pushi/vec4 9, 0, 4;
    %cmp/u;
    %jmp/1 T_5.9, 6;
    %jmp T_5.10;
T_5.0 ;
    %pushi/vec4 0, 0, 6;
    %ix/load 4, 0, 0;
    %flag_set/imm 4, 0;
    %store/vec4 v0x7f9043625290_0, 4, 6;
    %jmp T_5.10;
T_5.1 ;
    %pushi/vec4 0, 0, 2;
    %ix/load 4, 1, 0;
    %flag_set/imm 4, 0;
    %store/vec4 v0x7f9043625290_0, 4, 2;
    %jmp T_5.10;
T_5.2 ;
    %pushi/vec4 0, 0, 2;
    %ix/load 4, 0, 0;
    %flag_set/imm 4, 0;
    %store/vec4 v0x7f9043625290_0, 4, 2;
    %pushi/vec4 0, 0, 1;
    %ix/load 4, 6, 0;
    %flag_set/imm 4, 0;
    %store/vec4 v0x7f9043625290_0, 4, 1;
    %pushi/vec4 0, 0, 2;
    %ix/load 4, 3, 0;
    %flag_set/imm 4, 0;
    %store/vec4 v0x7f9043625290_0, 4, 2;
    %jmp T_5.10;
T_5.3 ;
    %pushi/vec4 0, 0, 4;
    %ix/load 4, 0, 0;
    %flag_set/imm 4, 0;
    %store/vec4 v0x7f9043625290_0, 4, 4;
    %pushi/vec4 0, 0, 1;
    %ix/load 4, 6, 0;
    %flag_set/imm 4, 0;
    %store/vec4 v0x7f9043625290_0, 4, 1;
    %jmp T_5.10;
T_5.4 ;
    %pushi/vec4 0, 0, 2;
    %ix/load 4, 1, 0;
    %flag_set/imm 4, 0;
    %store/vec4 v0x7f9043625290_0, 4, 2;
    %pushi/vec4 0, 0, 2;
    %ix/load 4, 5, 0;
    %flag_set/imm 4, 0;
    %store/vec4 v0x7f9043625290_0, 4, 2;
    %jmp T_5.10;
T_5.5 ;
    %pushi/vec4 0, 0, 1;
    %ix/load 4, 0, 0;
    %flag_set/imm 4, 0;
    %store/vec4 v0x7f9043625290_0, 4, 1;
    %pushi/vec4 0, 0, 2;
    %ix/load 4, 2, 0;
    %flag_set/imm 4, 0;
    %store/vec4 v0x7f9043625290_0, 4, 2;
    %pushi/vec4 0, 0, 2;
    %ix/load 4, 5, 0;
    %flag_set/imm 4, 0;
    %store/vec4 v0x7f9043625290_0, 4, 2;
    %jmp T_5.10;
T_5.6 ;
    %pushi/vec4 0, 0, 1;
    %ix/load 4, 0, 0;
    %flag_set/imm 4, 0;
    %store/vec4 v0x7f9043625290_0, 4, 1;
    %pushi/vec4 0, 0, 5;
    %ix/load 4, 2, 0;
    %flag_set/imm 4, 0;
    %store/vec4 v0x7f9043625290_0, 4, 5;
    %jmp T_5.10;
T_5.7 ;
    %pushi/vec4 0, 0, 3;
    %ix/load 4, 0, 0;
    %flag_set/imm 4, 0;
    %store/vec4 v0x7f9043625290_0, 4, 3;
    %jmp T_5.10;
T_5.8 ;
    %pushi/vec4 0, 0, 7;
    %store/vec4 v0x7f9043625290_0, 0, 7;
    %jmp T_5.10;
T_5.9 ;
    %pushi/vec4 0, 0, 7;
    %store/vec4 v0x7f9043625290_0, 0, 7;
    %pushi/vec4 3, 0, 2;
    %ix/load 4, 3, 0;
    %flag_set/imm 4, 0;
    %store/vec4 v0x7f9043625290_0, 4, 2;
    %jmp T_5.10;
T_5.10 ;
    %pop/vec4 1;
    %jmp T_5;
    .thread T_5, $push;
    .scope S_0x7f9043617b40;
T_6 ;
    %vpi_call 2 37 "$write", "\012 test the 3-digit 7-segment displays\012\012" {0 0 0};
    %pushi/vec4 0, 0, 32;
    %store/vec4 v0x7f9043627290_0, 0, 32;
T_6.0 ;
    %load/vec4 v0x7f9043627290_0;
    %cmpi/s 255, 0, 32;
    %jmp/0xz T_6.1, 5;
    %load/vec4 v0x7f9043627290_0;
    %pad/s 8;
    %store/vec4 v0x7f9043626f20_0, 0, 8;
    %delay 5, 0;
    %vpi_call 2 42 "$write", " selected:  %4b_%4b  { %3d } -->\012\012\011\011", &PV<v0x7f9043626f20_0, 4, 4>, &PV<v0x7f9043626f20_0, 0, 4>, v0x7f9043626f20_0 {0 0 0};
    %alloc S_0x7f9043626bf0;
    %load/vec4 v0x7f9043627010_0;
    %store/vec4 v0x7f9043626e70_0, 0, 7;
    %pushi/vec4 0, 0, 1;
    %store/vec4 v0x7f9043626dd0_0, 0, 1;
    %fork TD_tb.retDig, S_0x7f9043626bf0;
    %join;
    %free S_0x7f9043626bf0;
    %alloc S_0x7f9043626bf0;
    %load/vec4 v0x7f90436271c0_0;
    %store/vec4 v0x7f9043626e70_0, 0, 7;
    %pushi/vec4 0, 0, 1;
    %store/vec4 v0x7f9043626dd0_0, 0, 1;
    %fork TD_tb.retDig, S_0x7f9043626bf0;
    %join;
    %free S_0x7f9043626bf0;
    %alloc S_0x7f9043626bf0;
    %load/vec4 v0x7f90436270f0_0;
    %store/vec4 v0x7f9043626e70_0, 0, 7;
    %pushi/vec4 1, 0, 1;
    %store/vec4 v0x7f9043626dd0_0, 0, 1;
    %fork TD_tb.retDig, S_0x7f9043626bf0;
    %join;
    %free S_0x7f9043626bf0;
    %load/vec4 v0x7f9043627290_0;
    %addi 1, 0, 32;
    %store/vec4 v0x7f9043627290_0, 0, 32;
    %jmp T_6.0;
T_6.1 ;
    %delay 5, 0;
    %vpi_call 2 49 "$write", "\012\012\011\011 ~ ~ ~ TEST COMPLETE ~ ~ ~\012\012" {0 0 0};
    %vpi_call 2 50 "$finish" {0 0 0};
    %end;
    .thread T_6;
# The file index is used to find the file name in the following table.
:file_names 3;
    "N/A";
    "<interactive>";
    "seg7_dig3.v";
