#! /usr/local/Cellar/icarus-verilog/11.0/bin/vvp
:ivl_version "11.0 (stable)";
:ivl_delay_selection "TYPICAL";
:vpi_time_precision - 9;
:vpi_module "/usr/local/Cellar/icarus-verilog/11.0/lib/ivl/system.vpi";
:vpi_module "/usr/local/Cellar/icarus-verilog/11.0/lib/ivl/vhdl_sys.vpi";
:vpi_module "/usr/local/Cellar/icarus-verilog/11.0/lib/ivl/vhdl_textio.vpi";
:vpi_module "/usr/local/Cellar/icarus-verilog/11.0/lib/ivl/v2005_math.vpi";
:vpi_module "/usr/local/Cellar/icarus-verilog/11.0/lib/ivl/va_math.vpi";
S_0x7fe839f03d70 .scope module, "tb" "tb" 2 16;
 .timescale -9 -9;
v0x7fe839d06c70_0 .var/real "check", 0 0;
v0x7fe839d16090_0 .var "clock", 0 0;
v0x7fe839d16120_0 .net "done", 0 0, L_0x7fe839d14b90;  1 drivers
v0x7fe839d161b0_0 .var/i "idx", 31 0;
v0x7fe839d13dc0_0 .var "n_input", 7 0;
v0x7fe839d13e50_0 .var "past", 63 0;
v0x7fe839d13ee0_0 .var "reset", 0 0;
v0x7fe839d13f70_0 .net "result", 7 0, v0x7fe83b304430_0;  1 drivers
v0x7fe839d14000_0 .var "split", 63 0;
v0x7fe839d10b00_0 .var "start", 0 0;
S_0x7fe839f0ae30 .scope module, "GDP" "general_data_path" 2 29, 2 95 0, S_0x7fe839f03d70;
 .timescale -9 -9;
    .port_info 0 /OUTPUT 8 "result";
    .port_info 1 /OUTPUT 1 "done";
    .port_info 2 /INPUT 8 "n_input";
    .port_info 3 /INPUT 1 "start";
    .port_info 4 /INPUT 1 "reset";
    .port_info 5 /INPUT 1 "clock";
L_0x7fe839d14b90 .functor BUFZ 1, L_0x7fe839d27230, C4<0>, C4<0>, C4<0>;
v0x7fe839d257f0_0 .net "ALU", 2 0, L_0x7fe839d26bd0;  1 drivers
v0x7fe839d00d60_0 .net "IE", 0 0, L_0x7fe839c10bf0;  1 drivers
v0x7fe839d009d0_0 .net "OE", 0 0, L_0x7fe839d27230;  1 drivers
v0x7fe839d14dd0_0 .net "RAA", 1 0, L_0x7fe839d260e0;  1 drivers
v0x7fe839d12270_0 .net "RAE", 0 0, L_0x7fe839d0f400;  1 drivers
v0x7fe839d090f0_0 .net "RBA", 1 0, L_0x7fe839d26550;  1 drivers
v0x7fe839d0f650_0 .net "RBE", 0 0, L_0x7fe839d26360;  1 drivers
v0x7fe839d21d00_0 .net "SH", 1 0, L_0x7fe839d270d0;  1 drivers
v0x7fe839d21d90_0 .net "WA", 1 0, L_0x7fe839d0d8b0;  1 drivers
v0x7fe839d250c0_0 .net "WE", 0 0, L_0x7fe839d11cd0;  1 drivers
v0x7fe839d25150_0 .net "clock", 0 0, v0x7fe839d16090_0;  1 drivers
v0x7fe839d23a50_0 .net "done", 0 0, L_0x7fe839d14b90;  alias, 1 drivers
v0x7fe839d23ae0_0 .net "n_input", 7 0, v0x7fe839d13dc0_0;  1 drivers
v0x7fe839d06a30_0 .net "n_is_0", 0 0, L_0x7fe839d273f0;  1 drivers
v0x7fe839d06ac0_0 .net "reset", 0 0, v0x7fe839d13ee0_0;  1 drivers
v0x7fe839d06b50_0 .net "result", 7 0, v0x7fe83b304430_0;  alias, 1 drivers
v0x7fe839d06be0_0 .net "start", 0 0, v0x7fe839d10b00_0;  1 drivers
S_0x7fe839f0afa0 .scope module, "CU" "control_unit" 2 117, 2 154 0, S_0x7fe839f0ae30;
 .timescale -9 -9;
    .port_info 0 /OUTPUT 1 "IE";
    .port_info 1 /OUTPUT 1 "WE";
    .port_info 2 /OUTPUT 2 "WA";
    .port_info 3 /OUTPUT 1 "RAE";
    .port_info 4 /OUTPUT 2 "RAA";
    .port_info 5 /OUTPUT 1 "RBE";
    .port_info 6 /OUTPUT 2 "RBA";
    .port_info 7 /OUTPUT 3 "ALU";
    .port_info 8 /OUTPUT 2 "SH";
    .port_info 9 /OUTPUT 1 "OE";
    .port_info 10 /INPUT 1 "n_is_0";
    .port_info 11 /INPUT 1 "start";
    .port_info 12 /INPUT 1 "reset";
    .port_info 13 /INPUT 1 "clock";
P_0x7fe839f0a8e0 .param/l "s0" 0 2 174, C4<000>;
P_0x7fe839f0a920 .param/l "s1" 0 2 175, C4<001>;
P_0x7fe839f0a960 .param/l "s2" 0 2 176, C4<010>;
P_0x7fe839f0a9a0 .param/l "s3" 0 2 177, C4<011>;
P_0x7fe839f0a9e0 .param/l "s4" 0 2 178, C4<100>;
L_0x7fe839d11730 .functor OR 1, L_0x7fe839d10b90, L_0x7fe839d10c30, C4<0>, C4<0>;
L_0x7fe839d12390 .functor OR 1, L_0x7fe839d11730, L_0x7fe839d10cd0, C4<0>, C4<0>;
L_0x7fe839d11cd0 .functor OR 1, L_0x7fe839d12390, L_0x7fe839d0d810, C4<0>, C4<0>;
L_0x7fe839d0da90 .functor OR 1, L_0x7fe839d0d950, L_0x7fe839d0d9f0, C4<0>, C4<0>;
L_0x7fe839d11f10 .functor OR 1, L_0x7fe839d0c460, L_0x7fe839d0c600, C4<0>, C4<0>;
L_0x7fe839d12030 .functor OR 1, L_0x7fe839d11f10, L_0x7fe839d0c6a0, C4<0>, C4<0>;
L_0x7fe839d0f400 .functor OR 1, L_0x7fe839d12030, L_0x7fe839d26040, C4<0>, C4<0>;
L_0x7fe839d26360 .functor OR 1, L_0x7fe839d26220, L_0x7fe839d262c0, C4<0>, C4<0>;
L_0x7fe839d10d70 .functor OR 1, L_0x7fe839d26690, L_0x7fe839d26930, C4<0>, C4<0>;
L_0x7fe839d26b20 .functor OR 1, L_0x7fe839d10d70, L_0x7fe839d269d0, C4<0>, C4<0>;
L_0x7fe839d27020 .functor OR 1, L_0x7fe839d26e30, L_0x7fe839d26a70, C4<0>, C4<0>;
v0x7fe839f0b480_0 .net "ALU", 2 0, L_0x7fe839d26bd0;  alias, 1 drivers
v0x7fe839f1afd0_0 .net "IE", 0 0, L_0x7fe839c10bf0;  alias, 1 drivers
v0x7fe839f1b070_0 .net "OE", 0 0, L_0x7fe839d27230;  alias, 1 drivers
v0x7fe839f1b120_0 .net "RAA", 1 0, L_0x7fe839d260e0;  alias, 1 drivers
v0x7fe839f1b1d0_0 .net "RAE", 0 0, L_0x7fe839d0f400;  alias, 1 drivers
v0x7fe839f1b2b0_0 .net "RBA", 1 0, L_0x7fe839d26550;  alias, 1 drivers
v0x7fe839f1b360_0 .net "RBE", 0 0, L_0x7fe839d26360;  alias, 1 drivers
v0x7fe839f1b400_0 .net "SH", 1 0, L_0x7fe839d270d0;  alias, 1 drivers
v0x7fe839f1b4b0_0 .net "WA", 1 0, L_0x7fe839d0d8b0;  alias, 1 drivers
v0x7fe839f1b5c0_0 .net "WE", 0 0, L_0x7fe839d11cd0;  alias, 1 drivers
L_0x103542008 .functor BUFT 1, C4<001>, C4<0>, C4<0>, C4<0>;
v0x7fe839f1b660_0 .net/2u *"_ivl_0", 2 0, L_0x103542008;  1 drivers
v0x7fe839f1b710_0 .net *"_ivl_10", 0 0, L_0x7fe839d10c30;  1 drivers
v0x7fe839f1b7b0_0 .net *"_ivl_101", 0 0, L_0x7fe839d26690;  1 drivers
L_0x103542560 .functor BUFT 1, C4<010>, C4<0>, C4<0>, C4<0>;
v0x7fe839f1b850_0 .net/2u *"_ivl_103", 2 0, L_0x103542560;  1 drivers
v0x7fe839f1b900_0 .net *"_ivl_105", 0 0, L_0x7fe839d26930;  1 drivers
v0x7fe839f1b9a0_0 .net *"_ivl_108", 0 0, L_0x7fe839d10d70;  1 drivers
L_0x1035425a8 .functor BUFT 1, C4<011>, C4<0>, C4<0>, C4<0>;
v0x7fe839f1ba40_0 .net/2u *"_ivl_109", 2 0, L_0x1035425a8;  1 drivers
v0x7fe839f1bbd0_0 .net *"_ivl_111", 0 0, L_0x7fe839d269d0;  1 drivers
v0x7fe839f1bc60_0 .net *"_ivl_114", 0 0, L_0x7fe839d26b20;  1 drivers
L_0x1035425f0 .functor BUFT 1, C4<011>, C4<0>, C4<0>, C4<0>;
v0x7fe839f1bcf0_0 .net/2u *"_ivl_117", 2 0, L_0x1035425f0;  1 drivers
v0x7fe839f1bda0_0 .net *"_ivl_119", 0 0, L_0x7fe839d0c500;  1 drivers
L_0x103542638 .functor BUFT 1, C4<000>, C4<0>, C4<0>, C4<0>;
v0x7fe839f1be40_0 .net/2u *"_ivl_124", 2 0, L_0x103542638;  1 drivers
v0x7fe839f1bef0_0 .net *"_ivl_126", 0 0, L_0x7fe839d26e30;  1 drivers
L_0x103542680 .functor BUFT 1, C4<011>, C4<0>, C4<0>, C4<0>;
v0x7fe839f1bf90_0 .net/2u *"_ivl_128", 2 0, L_0x103542680;  1 drivers
v0x7fe839f1c040_0 .net *"_ivl_13", 0 0, L_0x7fe839d11730;  1 drivers
v0x7fe839f1c0e0_0 .net *"_ivl_130", 0 0, L_0x7fe839d26a70;  1 drivers
v0x7fe839f1c180_0 .net *"_ivl_133", 0 0, L_0x7fe839d27020;  1 drivers
L_0x1035426c8 .functor BUFT 1, C4<0>, C4<0>, C4<0>, C4<0>;
v0x7fe839f1c220_0 .net/2u *"_ivl_136", 0 0, L_0x1035426c8;  1 drivers
L_0x1035420e0 .functor BUFT 1, C4<010>, C4<0>, C4<0>, C4<0>;
v0x7fe839f1c2d0_0 .net/2u *"_ivl_14", 2 0, L_0x1035420e0;  1 drivers
L_0x103542710 .functor BUFT 1, C4<0>, C4<0>, C4<0>, C4<0>;
v0x7fe839f1c380_0 .net/2u *"_ivl_141", 0 0, L_0x103542710;  1 drivers
L_0x103542758 .functor BUFT 1, C4<100>, C4<0>, C4<0>, C4<0>;
v0x7fe839f1c430_0 .net/2u *"_ivl_143", 2 0, L_0x103542758;  1 drivers
v0x7fe839f1c4e0_0 .net *"_ivl_16", 0 0, L_0x7fe839d10cd0;  1 drivers
v0x7fe839f1c580_0 .net *"_ivl_19", 0 0, L_0x7fe839d12390;  1 drivers
L_0x103542128 .functor BUFT 1, C4<011>, C4<0>, C4<0>, C4<0>;
v0x7fe839f1bae0_0 .net/2u *"_ivl_20", 2 0, L_0x103542128;  1 drivers
v0x7fe839f1c810_0 .net *"_ivl_22", 0 0, L_0x7fe839d0d810;  1 drivers
L_0x103542170 .functor BUFT 1, C4<0>, C4<0>, C4<0>, C4<0>;
v0x7fe839f1c8a0_0 .net/2u *"_ivl_28", 0 0, L_0x103542170;  1 drivers
L_0x1035421b8 .functor BUFT 1, C4<001>, C4<0>, C4<0>, C4<0>;
v0x7fe839f1c930_0 .net/2u *"_ivl_33", 2 0, L_0x1035421b8;  1 drivers
v0x7fe839f1c9d0_0 .net *"_ivl_35", 0 0, L_0x7fe839d0d950;  1 drivers
L_0x103542200 .functor BUFT 1, C4<011>, C4<0>, C4<0>, C4<0>;
v0x7fe839f1ca70_0 .net/2u *"_ivl_37", 2 0, L_0x103542200;  1 drivers
v0x7fe839f1cb20_0 .net *"_ivl_39", 0 0, L_0x7fe839d0d9f0;  1 drivers
L_0x103542050 .functor BUFT 1, C4<000>, C4<0>, C4<0>, C4<0>;
v0x7fe839f1cbc0_0 .net/2u *"_ivl_4", 2 0, L_0x103542050;  1 drivers
v0x7fe839f1cc70_0 .net *"_ivl_42", 0 0, L_0x7fe839d0da90;  1 drivers
L_0x103542248 .functor BUFT 1, C4<000>, C4<0>, C4<0>, C4<0>;
v0x7fe839f1cd10_0 .net/2u *"_ivl_43", 2 0, L_0x103542248;  1 drivers
v0x7fe839f1cdc0_0 .net *"_ivl_45", 0 0, L_0x7fe839d0c460;  1 drivers
L_0x103542290 .functor BUFT 1, C4<010>, C4<0>, C4<0>, C4<0>;
v0x7fe839f1ce60_0 .net/2u *"_ivl_47", 2 0, L_0x103542290;  1 drivers
v0x7fe839f1cf10_0 .net *"_ivl_49", 0 0, L_0x7fe839d0c600;  1 drivers
v0x7fe839f1cfb0_0 .net *"_ivl_52", 0 0, L_0x7fe839d11f10;  1 drivers
L_0x1035422d8 .functor BUFT 1, C4<011>, C4<0>, C4<0>, C4<0>;
v0x7fe839f1d050_0 .net/2u *"_ivl_53", 2 0, L_0x1035422d8;  1 drivers
v0x7fe839f1d100_0 .net *"_ivl_55", 0 0, L_0x7fe839d0c6a0;  1 drivers
v0x7fe839f1d1a0_0 .net *"_ivl_58", 0 0, L_0x7fe839d12030;  1 drivers
L_0x103542320 .functor BUFT 1, C4<100>, C4<0>, C4<0>, C4<0>;
v0x7fe83b300010_0 .net/2u *"_ivl_59", 2 0, L_0x103542320;  1 drivers
v0x7fe83b3000c0_0 .net *"_ivl_6", 0 0, L_0x7fe839d10b90;  1 drivers
v0x7fe83b300160_0 .net *"_ivl_61", 0 0, L_0x7fe839d26040;  1 drivers
L_0x103542368 .functor BUFT 1, C4<0>, C4<0>, C4<0>, C4<0>;
v0x7fe83b300200_0 .net/2u *"_ivl_67", 0 0, L_0x103542368;  1 drivers
L_0x1035423b0 .functor BUFT 1, C4<011>, C4<0>, C4<0>, C4<0>;
v0x7fe83b3002b0_0 .net/2u *"_ivl_72", 2 0, L_0x1035423b0;  1 drivers
v0x7fe83b300360_0 .net *"_ivl_74", 0 0, L_0x7fe839d26180;  1 drivers
L_0x1035423f8 .functor BUFT 1, C4<000>, C4<0>, C4<0>, C4<0>;
v0x7fe83b300400_0 .net/2u *"_ivl_76", 2 0, L_0x1035423f8;  1 drivers
v0x7fe83b3004b0_0 .net *"_ivl_78", 0 0, L_0x7fe839d26220;  1 drivers
L_0x103542098 .functor BUFT 1, C4<001>, C4<0>, C4<0>, C4<0>;
v0x7fe83b300550_0 .net/2u *"_ivl_8", 2 0, L_0x103542098;  1 drivers
L_0x103542440 .functor BUFT 1, C4<010>, C4<0>, C4<0>, C4<0>;
v0x7fe83b300600_0 .net/2u *"_ivl_80", 2 0, L_0x103542440;  1 drivers
v0x7fe83b3006b0_0 .net *"_ivl_82", 0 0, L_0x7fe839d262c0;  1 drivers
L_0x103542488 .functor BUFT 1, C4<0>, C4<0>, C4<0>, C4<0>;
v0x7fe83b300750_0 .net/2u *"_ivl_88", 0 0, L_0x103542488;  1 drivers
L_0x1035424d0 .functor BUFT 1, C4<010>, C4<0>, C4<0>, C4<0>;
v0x7fe83b300800_0 .net/2u *"_ivl_93", 2 0, L_0x1035424d0;  1 drivers
v0x7fe83b3008b0_0 .net *"_ivl_95", 0 0, L_0x7fe839d265f0;  1 drivers
L_0x103542518 .functor BUFT 1, C4<000>, C4<0>, C4<0>, C4<0>;
v0x7fe83b300950_0 .net/2u *"_ivl_99", 2 0, L_0x103542518;  1 drivers
v0x7fe83b300a00_0 .net "clock", 0 0, v0x7fe839d16090_0;  alias, 1 drivers
v0x7fe83b300aa0_0 .net "n_is_0", 0 0, L_0x7fe839d273f0;  alias, 1 drivers
v0x7fe83b300b40_0 .var "n_state", 2 0;
v0x7fe83b300bf0_0 .net "reset", 0 0, v0x7fe839d13ee0_0;  alias, 1 drivers
v0x7fe83b300c90_0 .net "start", 0 0, v0x7fe839d10b00_0;  alias, 1 drivers
v0x7fe83b300d30_0 .var "state", 2 0;
E_0x7fe839f0b410 .event edge, v0x7fe83b300d30_0, v0x7fe83b300c90_0, v0x7fe83b300aa0_0, v0x7fe83b300bf0_0;
E_0x7fe839f0b440 .event posedge, v0x7fe83b300a00_0;
L_0x7fe839c10bf0 .cmp/eq 3, v0x7fe83b300d30_0, L_0x103542008;
L_0x7fe839d10b90 .cmp/eq 3, v0x7fe83b300d30_0, L_0x103542050;
L_0x7fe839d10c30 .cmp/eq 3, v0x7fe83b300d30_0, L_0x103542098;
L_0x7fe839d10cd0 .cmp/eq 3, v0x7fe83b300d30_0, L_0x1035420e0;
L_0x7fe839d0d810 .cmp/eq 3, v0x7fe83b300d30_0, L_0x103542128;
L_0x7fe839d0d8b0 .concat8 [ 1 1 0 0], L_0x7fe839d0da90, L_0x103542170;
L_0x7fe839d0d950 .cmp/eq 3, v0x7fe83b300d30_0, L_0x1035421b8;
L_0x7fe839d0d9f0 .cmp/eq 3, v0x7fe83b300d30_0, L_0x103542200;
L_0x7fe839d0c460 .cmp/eq 3, v0x7fe83b300d30_0, L_0x103542248;
L_0x7fe839d0c600 .cmp/eq 3, v0x7fe83b300d30_0, L_0x103542290;
L_0x7fe839d0c6a0 .cmp/eq 3, v0x7fe83b300d30_0, L_0x1035422d8;
L_0x7fe839d26040 .cmp/eq 3, v0x7fe83b300d30_0, L_0x103542320;
L_0x7fe839d260e0 .concat8 [ 1 1 0 0], L_0x7fe839d26180, L_0x103542368;
L_0x7fe839d26180 .cmp/eq 3, v0x7fe83b300d30_0, L_0x1035423b0;
L_0x7fe839d26220 .cmp/eq 3, v0x7fe83b300d30_0, L_0x1035423f8;
L_0x7fe839d262c0 .cmp/eq 3, v0x7fe83b300d30_0, L_0x103542440;
L_0x7fe839d26550 .concat8 [ 1 1 0 0], L_0x7fe839d265f0, L_0x103542488;
L_0x7fe839d265f0 .cmp/eq 3, v0x7fe83b300d30_0, L_0x1035424d0;
L_0x7fe839d26690 .cmp/eq 3, v0x7fe83b300d30_0, L_0x103542518;
L_0x7fe839d26930 .cmp/eq 3, v0x7fe83b300d30_0, L_0x103542560;
L_0x7fe839d269d0 .cmp/eq 3, v0x7fe83b300d30_0, L_0x1035425a8;
L_0x7fe839d0c500 .cmp/eq 3, v0x7fe83b300d30_0, L_0x1035425f0;
L_0x7fe839d26bd0 .concat8 [ 1 1 1 0], L_0x7fe839d27020, L_0x7fe839d0c500, L_0x7fe839d26b20;
L_0x7fe839d26e30 .cmp/eq 3, v0x7fe83b300d30_0, L_0x103542638;
L_0x7fe839d26a70 .cmp/eq 3, v0x7fe83b300d30_0, L_0x103542680;
L_0x7fe839d270d0 .concat8 [ 1 1 0 0], L_0x103542710, L_0x1035426c8;
L_0x7fe839d27230 .cmp/eq 3, v0x7fe83b300d30_0, L_0x103542758;
S_0x7fe83b300f30 .scope module, "DP" "data_path" 2 134, 2 244 0, S_0x7fe839f0ae30;
 .timescale -9 -9;
    .port_info 0 /OUTPUT 1 "n_is_0";
    .port_info 1 /OUTPUT 8 "result";
    .port_info 2 /INPUT 8 "n_input";
    .port_info 3 /INPUT 1 "IE";
    .port_info 4 /INPUT 1 "WE";
    .port_info 5 /INPUT 2 "WA";
    .port_info 6 /INPUT 1 "RAE";
    .port_info 7 /INPUT 2 "RAA";
    .port_info 8 /INPUT 1 "RBE";
    .port_info 9 /INPUT 2 "RBA";
    .port_info 10 /INPUT 3 "ALU";
    .port_info 11 /INPUT 2 "SH";
    .port_info 12 /INPUT 1 "OE";
    .port_info 13 /INPUT 1 "clock";
P_0x7fe83b301100 .param/l "BLANK" 0 2 261, C4<00000000>;
v0x7fe83b304520_0 .net "ALU", 2 0, L_0x7fe839d26bd0;  alias, 1 drivers
v0x7fe83b304610_0 .net "IE", 0 0, L_0x7fe839c10bf0;  alias, 1 drivers
v0x7fe83b3046e0_0 .net "OE", 0 0, L_0x7fe839d27230;  alias, 1 drivers
v0x7fe83b3047b0_0 .net "RAA", 1 0, L_0x7fe839d260e0;  alias, 1 drivers
v0x7fe83b304880_0 .net "RAE", 0 0, L_0x7fe839d0f400;  alias, 1 drivers
v0x7fe83b304990_0 .net "RBA", 1 0, L_0x7fe839d26550;  alias, 1 drivers
v0x7fe83b304a60_0 .net "RBE", 0 0, L_0x7fe839d26360;  alias, 1 drivers
v0x7fe83b304b30_0 .net "SH", 1 0, L_0x7fe839d270d0;  alias, 1 drivers
v0x7fe83b304c00_0 .net "WA", 1 0, L_0x7fe839d0d8b0;  alias, 1 drivers
v0x7fe83b304d10_0 .net "WE", 0 0, L_0x7fe839d11cd0;  alias, 1 drivers
L_0x1035427a0 .functor BUFT 1, C4<00000000>, C4<0>, C4<0>, C4<0>;
v0x7fe83b304de0_0 .net/2u *"_ivl_0", 7 0, L_0x1035427a0;  1 drivers
v0x7fe83b304e70_0 .net "clock", 0 0, v0x7fe839d16090_0;  alias, 1 drivers
v0x7fe83b304f00_0 .net "from_alu", 7 0, v0x7fe83b3037f0_0;  1 drivers
v0x7fe83b304fd0_0 .net "from_mux", 7 0, v0x7fe83b3017c0_0;  1 drivers
v0x7fe83b305060_0 .net "from_shifter", 7 0, v0x7fe83b303f10_0;  1 drivers
v0x7fe83b3050f0_0 .net "n_input", 7 0, v0x7fe839d13dc0_0;  alias, 1 drivers
v0x7fe83b305180_0 .net "n_is_0", 0 0, L_0x7fe839d273f0;  alias, 1 drivers
v0x7fe83b305310_0 .net "result", 7 0, v0x7fe83b304430_0;  alias, 1 drivers
v0x7fe83b3053a0_0 .net "rf_port_A", 7 0, L_0x7fe839d276d0;  1 drivers
v0x7fe83b305430_0 .net "rf_port_B", 7 0, L_0x7fe839d26450;  1 drivers
v0x7fe83b3054c0_0 .var "to_register_file", 7 0;
E_0x7fe83b301370 .event edge, v0x7fe83b3017c0_0;
L_0x7fe839d273f0 .cmp/eq 8, v0x7fe83b3017c0_0, L_0x1035427a0;
S_0x7fe83b3013c0 .scope module, "comp1" "c1_mux" 2 290, 2 370 0, S_0x7fe83b300f30;
 .timescale -9 -9;
    .port_info 0 /OUTPUT 8 "from_mux";
    .port_info 1 /INPUT 8 "new_data";
    .port_info 2 /INPUT 8 "feedback";
    .port_info 3 /INPUT 1 "IE";
v0x7fe83b301650_0 .net "IE", 0 0, L_0x7fe839c10bf0;  alias, 1 drivers
v0x7fe83b301710_0 .net "feedback", 7 0, v0x7fe83b303f10_0;  alias, 1 drivers
v0x7fe83b3017c0_0 .var "from_mux", 7 0;
v0x7fe83b301880_0 .net "new_data", 7 0, v0x7fe839d13dc0_0;  alias, 1 drivers
E_0x7fe83b3015f0 .event edge, v0x7fe839f1afd0_0, v0x7fe83b301880_0, v0x7fe83b301710_0;
S_0x7fe83b301990 .scope module, "comp2" "c2_register_file" 2 297, 2 384 0, S_0x7fe83b300f30;
 .timescale -9 -9;
    .port_info 0 /OUTPUT 8 "port_A";
    .port_info 1 /OUTPUT 8 "port_B";
    .port_info 2 /INPUT 8 "from_mux";
    .port_info 3 /INPUT 1 "WE";
    .port_info 4 /INPUT 2 "WA";
    .port_info 5 /INPUT 1 "RAE";
    .port_info 6 /INPUT 2 "RAA";
    .port_info 7 /INPUT 1 "RBE";
    .port_info 8 /INPUT 2 "RBA";
    .port_info 9 /INPUT 1 "clock";
P_0x7fe83b301b60 .param/l "BLANK" 0 2 397, C4<00000000>;
L_0x1035427e8 .functor BUFT 1, C4<1>, C4<0>, C4<0>, C4<0>;
L_0x7fe839d26f50 .functor XNOR 1, L_0x7fe839d0f400, L_0x1035427e8, C4<0>, C4<0>;
L_0x1035428c0 .functor BUFT 1, C4<1>, C4<0>, C4<0>, C4<0>;
L_0x7fe839d27830 .functor XNOR 1, L_0x7fe839d26360, L_0x1035428c0, C4<0>, C4<0>;
v0x7fe83b301d20_0 .net "RAA", 1 0, L_0x7fe839d260e0;  alias, 1 drivers
v0x7fe83b301dd0_0 .net "RAE", 0 0, L_0x7fe839d0f400;  alias, 1 drivers
v0x7fe83b301e90_0 .net "RBA", 1 0, L_0x7fe839d26550;  alias, 1 drivers
v0x7fe83b301f60_0 .net "RBE", 0 0, L_0x7fe839d26360;  alias, 1 drivers
v0x7fe83b302010_0 .net "WA", 1 0, L_0x7fe839d0d8b0;  alias, 1 drivers
v0x7fe83b3020e0_0 .net "WE", 0 0, L_0x7fe839d11cd0;  alias, 1 drivers
v0x7fe83b302190_0 .net/2u *"_ivl_0", 0 0, L_0x1035427e8;  1 drivers
L_0x103542878 .functor BUFT 1, C4<00000000>, C4<0>, C4<0>, C4<0>;
v0x7fe83b302240_0 .net/2u *"_ivl_10", 7 0, L_0x103542878;  1 drivers
v0x7fe83b3022f0_0 .net/2u *"_ivl_14", 0 0, L_0x1035428c0;  1 drivers
v0x7fe83b302420_0 .net *"_ivl_16", 0 0, L_0x7fe839d27830;  1 drivers
v0x7fe83b3024c0_0 .net *"_ivl_18", 7 0, L_0x7fe839d278e0;  1 drivers
v0x7fe83b302570_0 .net *"_ivl_2", 0 0, L_0x7fe839d26f50;  1 drivers
v0x7fe83b302610_0 .net *"_ivl_20", 3 0, L_0x7fe839d27980;  1 drivers
L_0x103542908 .functor BUFT 1, C4<00>, C4<0>, C4<0>, C4<0>;
v0x7fe83b3026c0_0 .net *"_ivl_23", 1 0, L_0x103542908;  1 drivers
L_0x103542950 .functor BUFT 1, C4<00000000>, C4<0>, C4<0>, C4<0>;
v0x7fe83b302770_0 .net/2u *"_ivl_24", 7 0, L_0x103542950;  1 drivers
v0x7fe83b302820_0 .net *"_ivl_4", 7 0, L_0x7fe839d27510;  1 drivers
v0x7fe83b3028d0_0 .net *"_ivl_6", 3 0, L_0x7fe839d275b0;  1 drivers
L_0x103542830 .functor BUFT 1, C4<00>, C4<0>, C4<0>, C4<0>;
v0x7fe83b302a60_0 .net *"_ivl_9", 1 0, L_0x103542830;  1 drivers
v0x7fe83b302af0_0 .net "clock", 0 0, v0x7fe839d16090_0;  alias, 1 drivers
v0x7fe83b302ba0_0 .net "from_mux", 7 0, v0x7fe83b3054c0_0;  1 drivers
v0x7fe83b302c30 .array "internal", 0 3, 7 0;
v0x7fe83b302cc0_0 .net "port_A", 7 0, L_0x7fe839d276d0;  alias, 1 drivers
v0x7fe83b302d50_0 .net "port_B", 7 0, L_0x7fe839d26450;  alias, 1 drivers
L_0x7fe839d27510 .array/port v0x7fe83b302c30, L_0x7fe839d275b0;
L_0x7fe839d275b0 .concat [ 2 2 0 0], L_0x7fe839d260e0, L_0x103542830;
L_0x7fe839d276d0 .functor MUXZ 8, L_0x103542878, L_0x7fe839d27510, L_0x7fe839d26f50, C4<>;
L_0x7fe839d278e0 .array/port v0x7fe83b302c30, L_0x7fe839d27980;
L_0x7fe839d27980 .concat [ 2 2 0 0], L_0x7fe839d26550, L_0x103542908;
L_0x7fe839d26450 .functor MUXZ 8, L_0x103542950, L_0x7fe839d278e0, L_0x7fe839d27830, C4<>;
S_0x7fe83b302eb0 .scope module, "comp3" "c3_alu" 2 310, 2 414 0, S_0x7fe83b300f30;
 .timescale -9 -9;
    .port_info 0 /OUTPUT 8 "from_alu";
    .port_info 1 /INPUT 8 "A_bus";
    .port_info 2 /INPUT 8 "B_bus";
    .port_info 3 /INPUT 3 "ALU";
P_0x7fe83b303040 .param/l "A_add_B" 0 2 425, C4<100>;
P_0x7fe83b303080 .param/l "A_and_B" 0 2 422, C4<001>;
P_0x7fe83b3030c0 .param/l "A_or_B" 0 2 423, C4<010>;
P_0x7fe83b303100 .param/l "A_sub_B" 0 2 426, C4<101>;
P_0x7fe83b303140 .param/l "dec_A" 0 2 428, C4<111>;
P_0x7fe83b303180 .param/l "inc_A" 0 2 427, C4<110>;
P_0x7fe83b3031c0 .param/l "not_A" 0 2 424, C4<011>;
P_0x7fe83b303200 .param/l "pass_A" 0 2 421, C4<000>;
v0x7fe83b303590_0 .net "ALU", 2 0, L_0x7fe839d26bd0;  alias, 1 drivers
v0x7fe83b303660_0 .net "A_bus", 7 0, L_0x7fe839d276d0;  alias, 1 drivers
v0x7fe83b303720_0 .net "B_bus", 7 0, L_0x7fe839d26450;  alias, 1 drivers
v0x7fe83b3037f0_0 .var "from_alu", 7 0;
E_0x7fe83b303540 .event edge, v0x7fe839f0b480_0, v0x7fe83b302cc0_0, v0x7fe83b302d50_0;
S_0x7fe83b3038e0 .scope module, "comp4" "c4_shifter" 2 317, 2 446 0, S_0x7fe83b300f30;
 .timescale -9 -9;
    .port_info 0 /OUTPUT 8 "from_shifter";
    .port_info 1 /INPUT 8 "from_alu";
    .port_info 2 /INPUT 2 "SH";
P_0x7fe83b303aa0 .param/l "LEFT" 0 2 453, C4<01>;
P_0x7fe83b303ae0 .param/l "PASS" 0 2 452, C4<00>;
P_0x7fe83b303b20 .param/l "RIGHT" 0 2 454, C4<10>;
P_0x7fe83b303b60 .param/l "ROTATE" 0 2 455, C4<11>;
v0x7fe83b303d80_0 .net "SH", 1 0, L_0x7fe839d270d0;  alias, 1 drivers
v0x7fe83b303e50_0 .net "from_alu", 7 0, v0x7fe83b3037f0_0;  alias, 1 drivers
v0x7fe83b303f10_0 .var "from_shifter", 7 0;
E_0x7fe83b303d40 .event edge, v0x7fe839f1b400_0, v0x7fe83b3037f0_0;
S_0x7fe83b304010 .scope module, "comp5" "c5_triBuff" 2 324, 2 469 0, S_0x7fe83b300f30;
 .timescale -9 -9;
    .port_info 0 /OUTPUT 8 "result";
    .port_info 1 /INPUT 8 "from_shifter";
    .port_info 2 /INPUT 1 "OE";
v0x7fe83b304290_0 .net "OE", 0 0, L_0x7fe839d27230;  alias, 1 drivers
v0x7fe83b304350_0 .net "from_shifter", 7 0, v0x7fe83b303f10_0;  alias, 1 drivers
v0x7fe83b304430_0 .var "result", 7 0;
E_0x7fe83b304260 .event edge, v0x7fe839f1b070_0, v0x7fe83b301710_0;
    .scope S_0x7fe839f0afa0;
T_0 ;
    %pushi/vec4 0, 0, 3;
    %store/vec4 v0x7fe83b300d30_0, 0, 3;
    %end;
    .thread T_0;
    .scope S_0x7fe839f0afa0;
T_1 ;
    %wait E_0x7fe839f0b440;
    %load/vec4 v0x7fe83b300bf0_0;
    %cmpi/e 1, 0, 1;
    %jmp/0xz  T_1.0, 4;
    %pushi/vec4 0, 0, 3;
    %store/vec4 v0x7fe83b300b40_0, 0, 3;
T_1.0 ;
    %load/vec4 v0x7fe83b300b40_0;
    %assign/vec4 v0x7fe83b300d30_0, 0;
    %jmp T_1;
    .thread T_1;
    .scope S_0x7fe839f0afa0;
T_2 ;
    %wait E_0x7fe839f0b410;
    %load/vec4 v0x7fe83b300d30_0;
    %dup/vec4;
    %pushi/vec4 0, 0, 3;
    %cmp/u;
    %jmp/1 T_2.0, 6;
    %dup/vec4;
    %pushi/vec4 1, 0, 3;
    %cmp/u;
    %jmp/1 T_2.1, 6;
    %dup/vec4;
    %pushi/vec4 2, 0, 3;
    %cmp/u;
    %jmp/1 T_2.2, 6;
    %dup/vec4;
    %pushi/vec4 3, 0, 3;
    %cmp/u;
    %jmp/1 T_2.3, 6;
    %dup/vec4;
    %pushi/vec4 4, 0, 3;
    %cmp/u;
    %jmp/1 T_2.4, 6;
    %pushi/vec4 0, 0, 3;
    %store/vec4 v0x7fe83b300b40_0, 0, 3;
    %jmp T_2.6;
T_2.0 ;
    %load/vec4 v0x7fe83b300c90_0;
    %flag_set/vec4 8;
    %jmp/0 T_2.7, 8;
    %pushi/vec4 1, 0, 3;
    %jmp/1 T_2.8, 8;
T_2.7 ; End of true expr.
    %pushi/vec4 0, 0, 3;
    %jmp/0 T_2.8, 8;
 ; End of false expr.
    %blend;
T_2.8;
    %store/vec4 v0x7fe83b300b40_0, 0, 3;
    %jmp T_2.6;
T_2.1 ;
    %load/vec4 v0x7fe83b300aa0_0;
    %flag_set/vec4 8;
    %jmp/0 T_2.9, 8;
    %pushi/vec4 4, 0, 3;
    %jmp/1 T_2.10, 8;
T_2.9 ; End of true expr.
    %pushi/vec4 2, 0, 3;
    %jmp/0 T_2.10, 8;
 ; End of false expr.
    %blend;
T_2.10;
    %store/vec4 v0x7fe83b300b40_0, 0, 3;
    %jmp T_2.6;
T_2.2 ;
    %pushi/vec4 3, 0, 3;
    %store/vec4 v0x7fe83b300b40_0, 0, 3;
    %jmp T_2.6;
T_2.3 ;
    %load/vec4 v0x7fe83b300aa0_0;
    %flag_set/vec4 8;
    %jmp/0 T_2.11, 8;
    %pushi/vec4 4, 0, 3;
    %jmp/1 T_2.12, 8;
T_2.11 ; End of true expr.
    %pushi/vec4 2, 0, 3;
    %jmp/0 T_2.12, 8;
 ; End of false expr.
    %blend;
T_2.12;
    %store/vec4 v0x7fe83b300b40_0, 0, 3;
    %jmp T_2.6;
T_2.4 ;
    %load/vec4 v0x7fe83b300bf0_0;
    %flag_set/vec4 8;
    %jmp/0 T_2.13, 8;
    %pushi/vec4 0, 0, 3;
    %jmp/1 T_2.14, 8;
T_2.13 ; End of true expr.
    %pushi/vec4 4, 0, 3;
    %jmp/0 T_2.14, 8;
 ; End of false expr.
    %blend;
T_2.14;
    %store/vec4 v0x7fe83b300b40_0, 0, 3;
    %jmp T_2.6;
T_2.6 ;
    %pop/vec4 1;
    %jmp T_2;
    .thread T_2, $push;
    .scope S_0x7fe83b3013c0;
T_3 ;
    %wait E_0x7fe83b3015f0;
    %load/vec4 v0x7fe83b301650_0;
    %cmpi/e 1, 0, 1;
    %flag_mov 8, 4;
    %jmp/0 T_3.0, 8;
    %load/vec4 v0x7fe83b301880_0;
    %jmp/1 T_3.1, 8;
T_3.0 ; End of true expr.
    %load/vec4 v0x7fe83b301710_0;
    %jmp/0 T_3.1, 8;
 ; End of false expr.
    %blend;
T_3.1;
    %store/vec4 v0x7fe83b3017c0_0, 0, 8;
    %jmp T_3;
    .thread T_3, $push;
    .scope S_0x7fe83b301990;
T_4 ;
    %wait E_0x7fe839f0b440;
    %load/vec4 v0x7fe83b3020e0_0;
    %cmpi/e 1, 0, 1;
    %jmp/0xz  T_4.0, 4;
    %load/vec4 v0x7fe83b302ba0_0;
    %load/vec4 v0x7fe83b302010_0;
    %pad/u 4;
    %ix/vec4 3;
    %ix/load 4, 0, 0; Constant delay
    %assign/vec4/a/d v0x7fe83b302c30, 0, 4;
T_4.0 ;
    %jmp T_4;
    .thread T_4;
    .scope S_0x7fe83b302eb0;
T_5 ;
    %wait E_0x7fe83b303540;
    %load/vec4 v0x7fe83b303590_0;
    %dup/vec4;
    %pushi/vec4 0, 0, 3;
    %cmp/u;
    %jmp/1 T_5.0, 6;
    %dup/vec4;
    %pushi/vec4 1, 0, 3;
    %cmp/u;
    %jmp/1 T_5.1, 6;
    %dup/vec4;
    %pushi/vec4 2, 0, 3;
    %cmp/u;
    %jmp/1 T_5.2, 6;
    %dup/vec4;
    %pushi/vec4 3, 0, 3;
    %cmp/u;
    %jmp/1 T_5.3, 6;
    %dup/vec4;
    %pushi/vec4 4, 0, 3;
    %cmp/u;
    %jmp/1 T_5.4, 6;
    %dup/vec4;
    %pushi/vec4 5, 0, 3;
    %cmp/u;
    %jmp/1 T_5.5, 6;
    %dup/vec4;
    %pushi/vec4 6, 0, 3;
    %cmp/u;
    %jmp/1 T_5.6, 6;
    %dup/vec4;
    %pushi/vec4 7, 0, 3;
    %cmp/u;
    %jmp/1 T_5.7, 6;
    %jmp T_5.8;
T_5.0 ;
    %load/vec4 v0x7fe83b303660_0;
    %store/vec4 v0x7fe83b3037f0_0, 0, 8;
    %jmp T_5.8;
T_5.1 ;
    %load/vec4 v0x7fe83b303660_0;
    %load/vec4 v0x7fe83b303720_0;
    %and;
    %store/vec4 v0x7fe83b3037f0_0, 0, 8;
    %jmp T_5.8;
T_5.2 ;
    %load/vec4 v0x7fe83b303660_0;
    %load/vec4 v0x7fe83b303720_0;
    %or;
    %store/vec4 v0x7fe83b3037f0_0, 0, 8;
    %jmp T_5.8;
T_5.3 ;
    %load/vec4 v0x7fe83b303660_0;
    %inv;
    %store/vec4 v0x7fe83b3037f0_0, 0, 8;
    %jmp T_5.8;
T_5.4 ;
    %load/vec4 v0x7fe83b303660_0;
    %load/vec4 v0x7fe83b303720_0;
    %add;
    %store/vec4 v0x7fe83b3037f0_0, 0, 8;
    %jmp T_5.8;
T_5.5 ;
    %load/vec4 v0x7fe83b303660_0;
    %load/vec4 v0x7fe83b303720_0;
    %sub;
    %store/vec4 v0x7fe83b3037f0_0, 0, 8;
    %jmp T_5.8;
T_5.6 ;
    %load/vec4 v0x7fe83b303660_0;
    %addi 1, 0, 8;
    %store/vec4 v0x7fe83b3037f0_0, 0, 8;
    %jmp T_5.8;
T_5.7 ;
    %load/vec4 v0x7fe83b303660_0;
    %subi 1, 0, 8;
    %store/vec4 v0x7fe83b3037f0_0, 0, 8;
    %jmp T_5.8;
T_5.8 ;
    %pop/vec4 1;
    %jmp T_5;
    .thread T_5, $push;
    .scope S_0x7fe83b3038e0;
T_6 ;
    %wait E_0x7fe83b303d40;
    %load/vec4 v0x7fe83b303d80_0;
    %dup/vec4;
    %pushi/vec4 0, 0, 2;
    %cmp/u;
    %jmp/1 T_6.0, 6;
    %dup/vec4;
    %pushi/vec4 1, 0, 2;
    %cmp/u;
    %jmp/1 T_6.1, 6;
    %dup/vec4;
    %pushi/vec4 2, 0, 2;
    %cmp/u;
    %jmp/1 T_6.2, 6;
    %dup/vec4;
    %pushi/vec4 3, 0, 2;
    %cmp/u;
    %jmp/1 T_6.3, 6;
    %jmp T_6.4;
T_6.0 ;
    %load/vec4 v0x7fe83b303e50_0;
    %store/vec4 v0x7fe83b303f10_0, 0, 8;
    %jmp T_6.4;
T_6.1 ;
    %load/vec4 v0x7fe83b303e50_0;
    %ix/load 4, 1, 0;
    %flag_set/imm 4, 0;
    %shiftl 4;
    %store/vec4 v0x7fe83b303f10_0, 0, 8;
    %jmp T_6.4;
T_6.2 ;
    %load/vec4 v0x7fe83b303e50_0;
    %ix/load 4, 1, 0;
    %flag_set/imm 4, 0;
    %shiftr 4;
    %store/vec4 v0x7fe83b303f10_0, 0, 8;
    %jmp T_6.4;
T_6.3 ;
    %load/vec4 v0x7fe83b303e50_0;
    %parti/s 7, 0, 2;
    %load/vec4 v0x7fe83b303e50_0;
    %parti/s 1, 7, 4;
    %concat/vec4; draw_concat_vec4
    %store/vec4 v0x7fe83b303f10_0, 0, 8;
    %jmp T_6.4;
T_6.4 ;
    %pop/vec4 1;
    %jmp T_6;
    .thread T_6, $push;
    .scope S_0x7fe83b304010;
T_7 ;
    %wait E_0x7fe83b304260;
    %load/vec4 v0x7fe83b304290_0;
    %cmpi/e 1, 0, 1;
    %flag_mov 8, 4;
    %jmp/0 T_7.0, 8;
    %load/vec4 v0x7fe83b304350_0;
    %jmp/1 T_7.1, 8;
T_7.0 ; End of true expr.
    %pushi/vec4 0, 255, 8;
    %jmp/0 T_7.1, 8;
 ; End of false expr.
    %blend;
T_7.1;
    %store/vec4 v0x7fe83b304430_0, 0, 8;
    %jmp T_7;
    .thread T_7, $push;
    .scope S_0x7fe83b300f30;
T_8 ;
    %pushi/vec4 0, 0, 8;
    %store/vec4 v0x7fe83b3054c0_0, 0, 8;
    %end;
    .thread T_8;
    .scope S_0x7fe83b300f30;
T_9 ;
    %wait E_0x7fe83b301370;
    %load/vec4 v0x7fe83b304fd0_0;
    %store/vec4 v0x7fe83b3054c0_0, 0, 8;
    %jmp T_9;
    .thread T_9, $push;
    .scope S_0x7fe839f03d70;
T_10 ;
    %delay 5, 0;
    %load/vec4 v0x7fe839d16090_0;
    %inv;
    %store/vec4 v0x7fe839d16090_0, 0, 1;
    %jmp T_10;
    .thread T_10;
    .scope S_0x7fe839f03d70;
T_11 ;
    %vpi_call 2 45 "$dumpfile", "wave.vcd" {0 0 0};
    %vpi_call 2 46 "$dumpvars", 32'sb00000000000000000000000000000000, S_0x7fe839f03d70 {0 0 0};
    %vpi_call 2 48 "$write", "\012 testing the summing algorithm  ,  N [ %3d : %3d ]  on %1d ns cycles\012\012", 32'sb00000000000000000000000000000000, 32'sb00000000000000000000000000010110, 32'sb00000000000000000000000000001010 {0 0 0};
    %vpi_call 2 50 "$write", "    input  \042N\042      |        sum of N       |  expected        time ns   split\012" {0 0 0};
    %vpi_call 2 51 "$write", " --------------------------------------------------------\012" {0 0 0};
    %pushi/vec4 0, 0, 64;
    %store/vec4 v0x7fe839d13e50_0, 0, 64;
    %pushi/vec4 0, 0, 64;
    %store/vec4 v0x7fe839d14000_0, 0, 64;
    %pushi/vec4 1, 0, 1;
    %store/vec4 v0x7fe839d10b00_0, 0, 1;
    %pushi/vec4 0, 0, 1;
    %store/vec4 v0x7fe839d13ee0_0, 0, 1;
    %pushi/vec4 0, 0, 1;
    %store/vec4 v0x7fe839d16090_0, 0, 1;
    %pushi/vec4 0, 0, 32;
    %store/vec4 v0x7fe839d161b0_0, 0, 32;
T_11.0 ;
    %load/vec4 v0x7fe839d161b0_0;
    %cmpi/s 22, 0, 32;
    %flag_or 5, 4;
    %jmp/0xz T_11.1, 5;
    %vpi_func 2 60 "$time" 64 {0 0 0};
    %store/vec4 v0x7fe839d13e50_0, 0, 64;
    %pushi/vec4 0, 0, 1;
    %store/vec4 v0x7fe839d13ee0_0, 0, 1;
    %load/vec4 v0x7fe839d161b0_0;
    %pad/s 8;
    %store/vec4 v0x7fe839d13dc0_0, 0, 8;
    %load/vec4 v0x7fe839d161b0_0;
    %load/vec4 v0x7fe839d161b0_0;
    %addi 1, 0, 32;
    %mul;
    %pushi/vec4 2, 0, 32;
    %div/s;
    %cvt/rv/s;
    %store/real v0x7fe839d06c70_0;
T_11.2 ;
    %load/vec4 v0x7fe839d16120_0;
    %cmpi/ne 1, 0, 1;
    %jmp/0xz T_11.3, 4;
    %delay 10, 0;
    %jmp T_11.2;
T_11.3 ;
    %vpi_func 2 69 "$time" 64 {0 0 0};
    %load/vec4 v0x7fe839d13e50_0;
    %sub;
    %store/vec4 v0x7fe839d14000_0, 0, 64;
    %vpi_call 2 72 "$write", "  {%3d}  %4b_%4b  |  %4b_%4b  -->  %3d  |      %3d", v0x7fe839d13dc0_0, &PV<v0x7fe839d13dc0_0, 4, 4>, &PV<v0x7fe839d13dc0_0, 0, 4>, &PV<v0x7fe839d13f70_0, 4, 4>, &PV<v0x7fe839d13f70_0, 0, 4>, v0x7fe839d13f70_0, v0x7fe839d06c70_0 {0 0 0};
    %load/vec4 v0x7fe839d13f70_0;
    %cvt/rv;
    %load/real v0x7fe839d06c70_0;
    %cmp/wr;
    %flag_get/vec4 4;
    %flag_set/vec4 8;
    %jmp/0xz  T_11.4, 8;
    %vpi_call 2 76 "$write", "  |     %6t    %4t        CORRECT  \012", $time, v0x7fe839d14000_0 {0 0 0};
    %jmp T_11.5;
T_11.4 ;
    %vpi_call 2 79 "$write", "  !!!* WRONG *!!!\012" {0 0 0};
T_11.5 ;
    %pushi/vec4 1, 0, 1;
    %store/vec4 v0x7fe839d13ee0_0, 0, 1;
    %delay 10, 0;
    %load/vec4 v0x7fe839d161b0_0;
    %addi 1, 0, 32;
    %store/vec4 v0x7fe839d161b0_0, 0, 32;
    %jmp T_11.0;
T_11.1 ;
    %delay 3, 0;
    %vpi_call 2 88 "$write", "\012\012\011\011 ~ ~ ~ TEST COMPLETE ~ ~ ~  %7t  ns\012\012", $time {0 0 0};
    %vpi_call 2 89 "$finish" {0 0 0};
    %end;
    .thread T_11;
# The file index is used to find the file name in the following table.
:file_names 3;
    "N/A";
    "<interactive>";
    "summing.v";
