#! /usr/local/Cellar/icarus-verilog/11.0/bin/vvp
:ivl_version "11.0 (stable)";
:ivl_delay_selection "TYPICAL";
:vpi_time_precision - 9;
:vpi_module "/usr/local/Cellar/icarus-verilog/11.0/lib/ivl/system.vpi";
:vpi_module "/usr/local/Cellar/icarus-verilog/11.0/lib/ivl/vhdl_sys.vpi";
:vpi_module "/usr/local/Cellar/icarus-verilog/11.0/lib/ivl/vhdl_textio.vpi";
:vpi_module "/usr/local/Cellar/icarus-verilog/11.0/lib/ivl/v2005_math.vpi";
:vpi_module "/usr/local/Cellar/icarus-verilog/11.0/lib/ivl/va_math.vpi";
S_0x7f9539418ec0 .scope module, "cntlU_tb" "cntlU_tb" 2 9;
 .timescale -9 -9;
v0x7f95394352a0_0 .net "alu", 2 0, L_0x7f9539438010;  1 drivers
v0x7f9539435330_0 .var "clk", 0 0;
v0x7f95394353c0_0 .net "ie", 0 0, L_0x7f9539435c20;  1 drivers
v0x7f9539435450_0 .var "nEqZero", 0 0;
v0x7f95394354e0_0 .net "oe", 0 0, L_0x7f9539438670;  1 drivers
v0x7f95394355b0_0 .net "raa", 1 0, L_0x7f9539436d50;  1 drivers
v0x7f9539435640_0 .net "rae", 0 0, L_0x7f9539436bd0;  1 drivers
v0x7f95394356f0_0 .net "rba", 1 0, L_0x7f95394373d0;  1 drivers
v0x7f95394357a0_0 .net "rbe", 0 0, L_0x7f95394372a0;  1 drivers
v0x7f95394358d0_0 .var "restart", 0 0;
v0x7f9539435960_0 .net "shf", 1 0, L_0x7f9539438590;  1 drivers
v0x7f95394359f0_0 .var "start", 0 0;
v0x7f9539435aa0_0 .net "wa", 1 0, L_0x7f9539435f10;  1 drivers
v0x7f9539435b50_0 .net "we", 0 0, L_0x7f9539435e20;  1 drivers
S_0x7f953940da60 .scope module, "DUT" "cntlU" 2 25, 3 8 0, S_0x7f9539418ec0;
 .timescale -9 -9;
    .port_info 0 /OUTPUT 1 "IE";
    .port_info 1 /OUTPUT 1 "WE";
    .port_info 2 /OUTPUT 2 "WA";
    .port_info 3 /OUTPUT 1 "RAE";
    .port_info 4 /OUTPUT 2 "RAA";
    .port_info 5 /OUTPUT 1 "RBE";
    .port_info 6 /OUTPUT 2 "RBA";
    .port_info 7 /OUTPUT 3 "ALU";
    .port_info 8 /OUTPUT 2 "SH";
    .port_info 9 /OUTPUT 1 "OE";
    .port_info 10 /INPUT 1 "clk";
    .port_info 11 /INPUT 1 "start";
    .port_info 12 /INPUT 1 "restart";
    .port_info 13 /INPUT 1 "nEqZero";
P_0x7f95394156b0 .param/l "S0" 0 3 28, C4<000>;
P_0x7f95394156f0 .param/l "S1" 0 3 29, C4<001>;
P_0x7f9539415730 .param/l "S2" 0 3 30, C4<010>;
P_0x7f9539415770 .param/l "S3" 0 3 31, C4<011>;
P_0x7f95394157b0 .param/l "S4" 0 3 32, C4<100>;
L_0x7f9539435e20 .functor NOT 1, L_0x7f9539435d40, C4<0>, C4<0>, C4<0>;
L_0x7f95394360d0 .functor NOT 1, L_0x7f9539436030, C4<0>, C4<0>, C4<0>;
L_0x7f95394362f0 .functor AND 1, L_0x7f95394360d0, L_0x7f95394361a0, C4<1>, C4<1>;
L_0x7f9539436480 .functor NOT 1, L_0x7f95394363e0, C4<0>, C4<0>, C4<0>;
L_0x7f9539436610 .functor AND 1, L_0x7f9539436480, L_0x7f9539436530, C4<1>, C4<1>;
L_0x7f95394367e0 .functor NOT 1, L_0x7f9539436740, C4<0>, C4<0>, C4<0>;
L_0x7f9539436240 .functor NOT 1, L_0x7f9539436890, C4<0>, C4<0>, C4<0>;
L_0x7f9539436ac0 .functor AND 1, L_0x7f95394367e0, L_0x7f9539436240, C4<1>, C4<1>;
L_0x7f9539436bd0 .functor OR 1, L_0x7f9539436610, L_0x7f9539436ac0, C4<0>, C4<0>;
L_0x7f9539437050 .functor NOT 1, L_0x7f9539436fb0, C4<0>, C4<0>, C4<0>;
L_0x7f95394371d0 .functor NOT 1, L_0x7f95394370c0, C4<0>, C4<0>, C4<0>;
L_0x7f95394372a0 .functor AND 1, L_0x7f9539437050, L_0x7f95394371d0, C4<1>, C4<1>;
L_0x7f9539437160 .functor NOT 1, L_0x7f9539437690, C4<0>, C4<0>, C4<0>;
L_0x7f9539437910 .functor NOT 1, L_0x7f95394377e0, C4<0>, C4<0>, C4<0>;
L_0x7f9539437610 .functor AND 1, L_0x7f9539437160, L_0x7f9539437910, C4<1>, C4<1>;
L_0x7f9539437770 .functor NOT 1, L_0x7f9539437a80, C4<0>, C4<0>, C4<0>;
L_0x7f9539437e00 .functor AND 1, L_0x7f9539437770, L_0x7f9539437b60, C4<1>, C4<1>;
L_0x7f9539437f00 .functor OR 1, L_0x7f9539437610, L_0x7f9539437e00, C4<0>, C4<0>;
L_0x7f9539438440 .functor OR 1, L_0x7f9539436930, L_0x7f95394382e0, C4<0>, C4<0>;
v0x7f9539407620_0 .net "ALU", 2 0, L_0x7f9539438010;  alias, 1 drivers
v0x7f9539432640_0 .net "IE", 0 0, L_0x7f9539435c20;  alias, 1 drivers
v0x7f95394326e0_0 .net "OE", 0 0, L_0x7f9539438670;  alias, 1 drivers
v0x7f9539432790_0 .net "RAA", 1 0, L_0x7f9539436d50;  alias, 1 drivers
v0x7f9539432840_0 .net "RAE", 0 0, L_0x7f9539436bd0;  alias, 1 drivers
v0x7f9539432920_0 .net "RBA", 1 0, L_0x7f95394373d0;  alias, 1 drivers
v0x7f95394329d0_0 .net "RBE", 0 0, L_0x7f95394372a0;  alias, 1 drivers
v0x7f9539432a70_0 .net "SH", 1 0, L_0x7f9539438590;  alias, 1 drivers
v0x7f9539432b20_0 .net "WA", 1 0, L_0x7f9539435f10;  alias, 1 drivers
v0x7f9539432c30_0 .net "WE", 0 0, L_0x7f9539435e20;  alias, 1 drivers
L_0x104d8f008 .functor BUFT 1, C4<001>, C4<0>, C4<0>, C4<0>;
v0x7f9539432cd0_0 .net/2u *"_ivl_0", 2 0, L_0x104d8f008;  1 drivers
L_0x104d8f050 .functor BUFT 1, C4<0>, C4<0>, C4<0>, C4<0>;
v0x7f9539432d80_0 .net/2u *"_ivl_10", 0 0, L_0x104d8f050;  1 drivers
v0x7f9539432e30_0 .net *"_ivl_101", 0 0, L_0x7f9539437f70;  1 drivers
L_0x104d8f200 .functor BUFT 1, C4<000>, C4<0>, C4<0>, C4<0>;
v0x7f9539432ed0_0 .net/2u *"_ivl_106", 2 0, L_0x104d8f200;  1 drivers
v0x7f9539432f80_0 .net *"_ivl_108", 0 0, L_0x7f9539436930;  1 drivers
L_0x104d8f248 .functor BUFT 1, C4<011>, C4<0>, C4<0>, C4<0>;
v0x7f9539433020_0 .net/2u *"_ivl_110", 2 0, L_0x104d8f248;  1 drivers
v0x7f95394330d0_0 .net *"_ivl_112", 0 0, L_0x7f95394382e0;  1 drivers
v0x7f9539433260_0 .net *"_ivl_115", 0 0, L_0x7f9539438440;  1 drivers
L_0x104d8f290 .functor BUFT 1, C4<0>, C4<0>, C4<0>, C4<0>;
v0x7f95394332f0_0 .net/2s *"_ivl_118", 0 0, L_0x104d8f290;  1 drivers
L_0x104d8f2d8 .functor BUFT 1, C4<0>, C4<0>, C4<0>, C4<0>;
v0x7f9539433380_0 .net/2s *"_ivl_123", 0 0, L_0x104d8f2d8;  1 drivers
L_0x104d8f320 .functor BUFT 1, C4<100>, C4<0>, C4<0>, C4<0>;
v0x7f9539433430_0 .net/2u *"_ivl_125", 2 0, L_0x104d8f320;  1 drivers
v0x7f95394334e0_0 .net *"_ivl_16", 0 0, L_0x7f9539436030;  1 drivers
v0x7f9539433590_0 .net *"_ivl_17", 0 0, L_0x7f95394360d0;  1 drivers
v0x7f9539433640_0 .net *"_ivl_20", 0 0, L_0x7f95394361a0;  1 drivers
v0x7f95394336f0_0 .net *"_ivl_22", 0 0, L_0x7f95394362f0;  1 drivers
v0x7f9539433790_0 .net *"_ivl_24", 0 0, L_0x7f95394363e0;  1 drivers
v0x7f9539433840_0 .net *"_ivl_25", 0 0, L_0x7f9539436480;  1 drivers
v0x7f95394338f0_0 .net *"_ivl_28", 0 0, L_0x7f9539436530;  1 drivers
v0x7f95394339a0_0 .net *"_ivl_30", 0 0, L_0x7f9539436610;  1 drivers
v0x7f9539433a40_0 .net *"_ivl_32", 0 0, L_0x7f9539436740;  1 drivers
v0x7f9539433af0_0 .net *"_ivl_33", 0 0, L_0x7f95394367e0;  1 drivers
v0x7f9539433ba0_0 .net *"_ivl_36", 0 0, L_0x7f9539436890;  1 drivers
v0x7f9539433c50_0 .net *"_ivl_37", 0 0, L_0x7f9539436240;  1 drivers
v0x7f9539433180_0 .net *"_ivl_40", 0 0, L_0x7f9539436ac0;  1 drivers
L_0x104d8f098 .functor BUFT 1, C4<0>, C4<0>, C4<0>, C4<0>;
v0x7f9539433ee0_0 .net/2u *"_ivl_45", 0 0, L_0x104d8f098;  1 drivers
v0x7f9539433f70_0 .net *"_ivl_5", 0 0, L_0x7f9539435d40;  1 drivers
L_0x104d8f0e0 .functor BUFT 1, C4<011>, C4<0>, C4<0>, C4<0>;
v0x7f9539434000_0 .net/2u *"_ivl_50", 2 0, L_0x104d8f0e0;  1 drivers
v0x7f95394340b0_0 .net *"_ivl_52", 0 0, L_0x7f9539436e30;  1 drivers
v0x7f9539434150_0 .net *"_ivl_55", 0 0, L_0x7f9539436fb0;  1 drivers
v0x7f9539434200_0 .net *"_ivl_56", 0 0, L_0x7f9539437050;  1 drivers
v0x7f95394342b0_0 .net *"_ivl_59", 0 0, L_0x7f95394370c0;  1 drivers
v0x7f9539434360_0 .net *"_ivl_60", 0 0, L_0x7f95394371d0;  1 drivers
L_0x104d8f128 .functor BUFT 1, C4<0>, C4<0>, C4<0>, C4<0>;
v0x7f9539434410_0 .net/2u *"_ivl_66", 0 0, L_0x104d8f128;  1 drivers
L_0x104d8f170 .functor BUFT 1, C4<010>, C4<0>, C4<0>, C4<0>;
v0x7f95394344c0_0 .net/2u *"_ivl_71", 2 0, L_0x104d8f170;  1 drivers
v0x7f9539434570_0 .net *"_ivl_73", 0 0, L_0x7f95394374f0;  1 drivers
v0x7f9539434610_0 .net *"_ivl_78", 0 0, L_0x7f9539437690;  1 drivers
v0x7f95394346c0_0 .net *"_ivl_79", 0 0, L_0x7f9539437160;  1 drivers
v0x7f9539434770_0 .net *"_ivl_82", 0 0, L_0x7f95394377e0;  1 drivers
v0x7f9539434820_0 .net *"_ivl_83", 0 0, L_0x7f9539437910;  1 drivers
v0x7f95394348d0_0 .net *"_ivl_86", 0 0, L_0x7f9539437610;  1 drivers
v0x7f9539434970_0 .net *"_ivl_88", 0 0, L_0x7f9539437a80;  1 drivers
v0x7f9539434a20_0 .net *"_ivl_89", 0 0, L_0x7f9539437770;  1 drivers
v0x7f9539434ad0_0 .net *"_ivl_92", 0 0, L_0x7f9539437b60;  1 drivers
v0x7f9539434b80_0 .net *"_ivl_94", 0 0, L_0x7f9539437e00;  1 drivers
v0x7f9539434c20_0 .net *"_ivl_96", 0 0, L_0x7f9539437f00;  1 drivers
L_0x104d8f1b8 .functor BUFT 1, C4<011>, C4<0>, C4<0>, C4<0>;
v0x7f9539434cc0_0 .net/2u *"_ivl_99", 2 0, L_0x104d8f1b8;  1 drivers
v0x7f9539434d70_0 .net "clk", 0 0, v0x7f9539435330_0;  1 drivers
v0x7f9539434e10_0 .net "nEqZero", 0 0, v0x7f9539435450_0;  1 drivers
v0x7f9539434eb0_0 .var "next_state", 2 0;
v0x7f9539434f60_0 .net "restart", 0 0, v0x7f95394358d0_0;  1 drivers
v0x7f9539435000_0 .net "start", 0 0, v0x7f95394359f0_0;  1 drivers
v0x7f95394350a0_0 .var "state", 2 0;
E_0x7f95394158e0/0 .event edge, v0x7f95394350a0_0, v0x7f9539432640_0, v0x7f9539432c30_0, v0x7f9539432b20_0;
E_0x7f95394158e0/1 .event edge, v0x7f9539432840_0, v0x7f9539432790_0, v0x7f95394329d0_0, v0x7f9539432920_0;
E_0x7f95394158e0/2 .event edge, v0x7f9539407620_0, v0x7f9539432a70_0, v0x7f95394326e0_0, v0x7f9539434eb0_0;
E_0x7f95394158e0/3 .event edge, v0x7f9539435000_0, v0x7f9539434f60_0, v0x7f9539434e10_0;
E_0x7f95394158e0 .event/or E_0x7f95394158e0/0, E_0x7f95394158e0/1, E_0x7f95394158e0/2, E_0x7f95394158e0/3;
E_0x7f9539415180 .event edge, v0x7f95394350a0_0, v0x7f9539435000_0, v0x7f9539434e10_0;
E_0x7f9539420620 .event posedge, v0x7f9539434d70_0;
L_0x7f9539435c20 .cmp/eq 3, v0x7f95394350a0_0, L_0x104d8f008;
L_0x7f9539435d40 .part v0x7f95394350a0_0, 2, 1;
L_0x7f9539435f10 .concat8 [ 1 1 0 0], L_0x7f95394362f0, L_0x104d8f050;
L_0x7f9539436030 .part v0x7f95394350a0_0, 2, 1;
L_0x7f95394361a0 .part v0x7f95394350a0_0, 0, 1;
L_0x7f95394363e0 .part v0x7f95394350a0_0, 2, 1;
L_0x7f9539436530 .part v0x7f95394350a0_0, 1, 1;
L_0x7f9539436740 .part v0x7f95394350a0_0, 1, 1;
L_0x7f9539436890 .part v0x7f95394350a0_0, 0, 1;
L_0x7f9539436d50 .concat8 [ 1 1 0 0], L_0x7f9539436e30, L_0x104d8f098;
L_0x7f9539436e30 .cmp/eq 3, v0x7f95394350a0_0, L_0x104d8f0e0;
L_0x7f9539436fb0 .part v0x7f95394350a0_0, 2, 1;
L_0x7f95394370c0 .part v0x7f95394350a0_0, 0, 1;
L_0x7f95394373d0 .concat8 [ 1 1 0 0], L_0x7f95394374f0, L_0x104d8f128;
L_0x7f95394374f0 .cmp/eq 3, v0x7f95394350a0_0, L_0x104d8f170;
L_0x7f9539437690 .part v0x7f95394350a0_0, 2, 1;
L_0x7f95394377e0 .part v0x7f95394350a0_0, 0, 1;
L_0x7f9539437a80 .part v0x7f95394350a0_0, 2, 1;
L_0x7f9539437b60 .part v0x7f95394350a0_0, 1, 1;
L_0x7f9539437f70 .cmp/eq 3, v0x7f95394350a0_0, L_0x104d8f1b8;
L_0x7f9539438010 .concat8 [ 1 1 1 0], L_0x7f9539438440, L_0x7f9539437f70, L_0x7f9539437f00;
L_0x7f9539436930 .cmp/eq 3, v0x7f95394350a0_0, L_0x104d8f200;
L_0x7f95394382e0 .cmp/eq 3, v0x7f95394350a0_0, L_0x104d8f248;
L_0x7f9539438590 .concat8 [ 1 1 0 0], L_0x104d8f2d8, L_0x104d8f290;
L_0x7f9539438670 .cmp/eq 3, v0x7f95394350a0_0, L_0x104d8f320;
    .scope S_0x7f953940da60;
T_0 ;
    %pushi/vec4 0, 0, 3;
    %store/vec4 v0x7f95394350a0_0, 0, 3;
    %end;
    .thread T_0;
    .scope S_0x7f953940da60;
T_1 ;
    %wait E_0x7f9539420620;
    %load/vec4 v0x7f9539434eb0_0;
    %assign/vec4 v0x7f95394350a0_0, 0;
    %jmp T_1;
    .thread T_1;
    .scope S_0x7f953940da60;
T_2 ;
    %wait E_0x7f9539415180;
    %load/vec4 v0x7f95394350a0_0;
    %dup/vec4;
    %pushi/vec4 0, 0, 3;
    %cmp/u;
    %jmp/1 T_2.0, 6;
    %dup/vec4;
    %pushi/vec4 1, 0, 3;
    %cmp/u;
    %jmp/1 T_2.1, 6;
    %dup/vec4;
    %pushi/vec4 2, 0, 3;
    %cmp/u;
    %jmp/1 T_2.2, 6;
    %dup/vec4;
    %pushi/vec4 3, 0, 3;
    %cmp/u;
    %jmp/1 T_2.3, 6;
    %dup/vec4;
    %pushi/vec4 4, 0, 3;
    %cmp/u;
    %jmp/1 T_2.4, 6;
    %pushi/vec4 0, 0, 3;
    %store/vec4 v0x7f9539434eb0_0, 0, 3;
    %jmp T_2.6;
T_2.0 ;
    %load/vec4 v0x7f9539435000_0;
    %cmpi/e 1, 0, 1;
    %flag_mov 8, 4;
    %jmp/0 T_2.7, 8;
    %pushi/vec4 1, 0, 3;
    %jmp/1 T_2.8, 8;
T_2.7 ; End of true expr.
    %pushi/vec4 0, 0, 3;
    %jmp/0 T_2.8, 8;
 ; End of false expr.
    %blend;
T_2.8;
    %store/vec4 v0x7f9539434eb0_0, 0, 3;
    %jmp T_2.6;
T_2.1 ;
    %load/vec4 v0x7f9539434e10_0;
    %cmpi/e 1, 0, 1;
    %flag_mov 8, 4;
    %jmp/0 T_2.9, 8;
    %pushi/vec4 4, 0, 3;
    %jmp/1 T_2.10, 8;
T_2.9 ; End of true expr.
    %pushi/vec4 2, 0, 3;
    %jmp/0 T_2.10, 8;
 ; End of false expr.
    %blend;
T_2.10;
    %store/vec4 v0x7f9539434eb0_0, 0, 3;
    %jmp T_2.6;
T_2.2 ;
    %pushi/vec4 3, 0, 3;
    %store/vec4 v0x7f9539434eb0_0, 0, 3;
    %jmp T_2.6;
T_2.3 ;
    %load/vec4 v0x7f9539434e10_0;
    %cmpi/e 1, 0, 1;
    %flag_mov 8, 4;
    %jmp/0 T_2.11, 8;
    %pushi/vec4 4, 0, 3;
    %jmp/1 T_2.12, 8;
T_2.11 ; End of true expr.
    %pushi/vec4 2, 0, 3;
    %jmp/0 T_2.12, 8;
 ; End of false expr.
    %blend;
T_2.12;
    %store/vec4 v0x7f9539434eb0_0, 0, 3;
    %jmp T_2.6;
T_2.4 ;
    %load/vec4 v0x7f9539434e10_0;
    %cmpi/e 1, 0, 1;
    %flag_mov 8, 4;
    %jmp/0 T_2.13, 8;
    %pushi/vec4 0, 0, 3;
    %jmp/1 T_2.14, 8;
T_2.13 ; End of true expr.
    %pushi/vec4 4, 0, 3;
    %jmp/0 T_2.14, 8;
 ; End of false expr.
    %blend;
T_2.14;
    %store/vec4 v0x7f9539434eb0_0, 0, 3;
    %jmp T_2.6;
T_2.6 ;
    %pop/vec4 1;
    %jmp T_2;
    .thread T_2, $push;
    .scope S_0x7f953940da60;
T_3 ;
    %wait E_0x7f95394158e0;
    %vpi_call 3 73 "$write", " \012state || IE | WE | WA | RAE | RAA | RBE | RBA | ALU | SH | OE || next || st | rst | n==0  %4t\012", $time {0 0 0};
    %vpi_call 3 75 "$write", "-----------------------------------------------------------------------------------------\012" {0 0 0};
    %vpi_call 3 76 "$write", " %3b  || %1b  | %1b  | %2b | %1b   | %2b  | %1b   | %2b  | %3b | %2b | %1b  || %3b  ||  %1b | %1b   |  %1b\012\012", v0x7f95394350a0_0, v0x7f9539432640_0, v0x7f9539432c30_0, v0x7f9539432b20_0, v0x7f9539432840_0, v0x7f9539432790_0, v0x7f95394329d0_0, v0x7f9539432920_0, v0x7f9539407620_0, v0x7f9539432a70_0, v0x7f95394326e0_0, v0x7f9539434eb0_0, v0x7f9539435000_0, v0x7f9539434f60_0, v0x7f9539434e10_0 {0 0 0};
    %jmp T_3;
    .thread T_3, $push;
    .scope S_0x7f9539418ec0;
T_4 ;
    %delay 5, 0;
    %load/vec4 v0x7f9539435330_0;
    %inv;
    %store/vec4 v0x7f9539435330_0, 0, 1;
    %jmp T_4;
    .thread T_4;
    .scope S_0x7f9539418ec0;
T_5 ;
    %pushi/vec4 0, 0, 1;
    %store/vec4 v0x7f9539435330_0, 0, 1;
    %pushi/vec4 1, 0, 1;
    %store/vec4 v0x7f95394359f0_0, 0, 1;
    %pushi/vec4 1, 0, 1;
    %store/vec4 v0x7f95394358d0_0, 0, 1;
    %pushi/vec4 1, 0, 1;
    %store/vec4 v0x7f9539435450_0, 0, 1;
    %delay 20, 0;
    %vpi_call 2 53 "$finish" {0 0 0};
    %end;
    .thread T_5;
# The file index is used to find the file name in the following table.
:file_names 4;
    "N/A";
    "<interactive>";
    "cntlU_tb.v";
    "./controlUnit.v";
